[2026-03-01T08:07:48.112+0000] {processor.py:161} INFO - Started process (PID=77) to work on /home/airflow/.local/lib/python3.8/site-packages/airflow/example_dags/example_params_ui_tutorial.py
[2026-03-01T08:07:48.113+0000] {processor.py:830} INFO - Processing file /home/airflow/.local/lib/python3.8/site-packages/airflow/example_dags/example_params_ui_tutorial.py for tasks to queue
[2026-03-01T08:07:48.115+0000] {logging_mixin.py:188} INFO - [2026-03-01T08:07:48.115+0000] {dagbag.py:538} INFO - Filling up the DagBag from /home/airflow/.local/lib/python3.8/site-packages/airflow/example_dags/example_params_ui_tutorial.py
[2026-03-01T08:07:48.127+0000] {processor.py:840} INFO - DAG(s) 'example_params_ui_tutorial' retrieved from /home/airflow/.local/lib/python3.8/site-packages/airflow/example_dags/example_params_ui_tutorial.py
[2026-03-01T08:07:48.229+0000] {logging_mixin.py:188} INFO - [2026-03-01T08:07:48.228+0000] {override.py:1769} INFO - Created Permission View: can edit on DAG:example_params_ui_tutorial
[2026-03-01T08:07:48.238+0000] {logging_mixin.py:188} INFO - [2026-03-01T08:07:48.237+0000] {override.py:1769} INFO - Created Permission View: can delete on DAG:example_params_ui_tutorial
[2026-03-01T08:07:48.243+0000] {logging_mixin.py:188} INFO - [2026-03-01T08:07:48.242+0000] {override.py:1769} INFO - Created Permission View: can read on DAG:example_params_ui_tutorial
[2026-03-01T08:07:48.244+0000] {logging_mixin.py:188} INFO - [2026-03-01T08:07:48.243+0000] {dag.py:3036} INFO - Sync 1 DAGs
[2026-03-01T08:07:48.253+0000] {logging_mixin.py:188} INFO - [2026-03-01T08:07:48.253+0000] {dag.py:3058} INFO - Creating ORM DAG for example_params_ui_tutorial
[2026-03-01T08:07:48.254+0000] {logging_mixin.py:188} INFO - [2026-03-01T08:07:48.254+0000] {dag.py:3823} INFO - Setting next_dagrun for example_params_ui_tutorial to None, run_after=None
[2026-03-01T08:07:48.270+0000] {processor.py:183} INFO - Processing /home/airflow/.local/lib/python3.8/site-packages/airflow/example_dags/example_params_ui_tutorial.py took 0.161 seconds
[2026-03-01T08:08:18.367+0000] {processor.py:161} INFO - Started process (PID=133) to work on /home/airflow/.local/lib/python3.8/site-packages/airflow/example_dags/example_params_ui_tutorial.py
[2026-03-01T08:08:18.369+0000] {processor.py:830} INFO - Processing file /home/airflow/.local/lib/python3.8/site-packages/airflow/example_dags/example_params_ui_tutorial.py for tasks to queue
[2026-03-01T08:08:18.371+0000] {logging_mixin.py:188} INFO - [2026-03-01T08:08:18.370+0000] {dagbag.py:538} INFO - Filling up the DagBag from /home/airflow/.local/lib/python3.8/site-packages/airflow/example_dags/example_params_ui_tutorial.py
[2026-03-01T08:08:18.383+0000] {processor.py:840} INFO - DAG(s) 'example_params_ui_tutorial' retrieved from /home/airflow/.local/lib/python3.8/site-packages/airflow/example_dags/example_params_ui_tutorial.py
[2026-03-01T08:08:18.420+0000] {logging_mixin.py:188} INFO - [2026-03-01T08:08:18.420+0000] {dag.py:3036} INFO - Sync 1 DAGs
[2026-03-01T08:08:18.427+0000] {logging_mixin.py:188} INFO - [2026-03-01T08:08:18.427+0000] {dag.py:3823} INFO - Setting next_dagrun for example_params_ui_tutorial to None, run_after=None
[2026-03-01T08:08:18.440+0000] {processor.py:183} INFO - Processing /home/airflow/.local/lib/python3.8/site-packages/airflow/example_dags/example_params_ui_tutorial.py took 0.076 seconds
[2026-03-01T08:08:48.925+0000] {processor.py:161} INFO - Started process (PID=188) to work on /home/airflow/.local/lib/python3.8/site-packages/airflow/example_dags/example_params_ui_tutorial.py
[2026-03-01T08:08:48.926+0000] {processor.py:830} INFO - Processing file /home/airflow/.local/lib/python3.8/site-packages/airflow/example_dags/example_params_ui_tutorial.py for tasks to queue
[2026-03-01T08:08:48.929+0000] {logging_mixin.py:188} INFO - [2026-03-01T08:08:48.929+0000] {dagbag.py:538} INFO - Filling up the DagBag from /home/airflow/.local/lib/python3.8/site-packages/airflow/example_dags/example_params_ui_tutorial.py
[2026-03-01T08:08:48.938+0000] {processor.py:840} INFO - DAG(s) 'example_params_ui_tutorial' retrieved from /home/airflow/.local/lib/python3.8/site-packages/airflow/example_dags/example_params_ui_tutorial.py
[2026-03-01T08:08:48.972+0000] {logging_mixin.py:188} INFO - [2026-03-01T08:08:48.972+0000] {dag.py:3036} INFO - Sync 1 DAGs
[2026-03-01T08:08:48.982+0000] {logging_mixin.py:188} INFO - [2026-03-01T08:08:48.981+0000] {dag.py:3823} INFO - Setting next_dagrun for example_params_ui_tutorial to None, run_after=None
[2026-03-01T08:08:48.999+0000] {processor.py:183} INFO - Processing /home/airflow/.local/lib/python3.8/site-packages/airflow/example_dags/example_params_ui_tutorial.py took 0.076 seconds
[2026-03-01T08:09:19.264+0000] {processor.py:161} INFO - Started process (PID=243) to work on /home/airflow/.local/lib/python3.8/site-packages/airflow/example_dags/example_params_ui_tutorial.py
[2026-03-01T08:09:19.265+0000] {processor.py:830} INFO - Processing file /home/airflow/.local/lib/python3.8/site-packages/airflow/example_dags/example_params_ui_tutorial.py for tasks to queue
[2026-03-01T08:09:19.267+0000] {logging_mixin.py:188} INFO - [2026-03-01T08:09:19.267+0000] {dagbag.py:538} INFO - Filling up the DagBag from /home/airflow/.local/lib/python3.8/site-packages/airflow/example_dags/example_params_ui_tutorial.py
[2026-03-01T08:09:19.275+0000] {processor.py:840} INFO - DAG(s) 'example_params_ui_tutorial' retrieved from /home/airflow/.local/lib/python3.8/site-packages/airflow/example_dags/example_params_ui_tutorial.py
[2026-03-01T08:09:19.311+0000] {logging_mixin.py:188} INFO - [2026-03-01T08:09:19.311+0000] {dag.py:3036} INFO - Sync 1 DAGs
[2026-03-01T08:09:19.320+0000] {logging_mixin.py:188} INFO - [2026-03-01T08:09:19.320+0000] {dag.py:3823} INFO - Setting next_dagrun for example_params_ui_tutorial to None, run_after=None
[2026-03-01T08:09:19.334+0000] {processor.py:183} INFO - Processing /home/airflow/.local/lib/python3.8/site-packages/airflow/example_dags/example_params_ui_tutorial.py took 0.073 seconds
[2026-03-01T08:09:49.726+0000] {processor.py:161} INFO - Started process (PID=304) to work on /home/airflow/.local/lib/python3.8/site-packages/airflow/example_dags/example_params_ui_tutorial.py
[2026-03-01T08:09:49.727+0000] {processor.py:830} INFO - Processing file /home/airflow/.local/lib/python3.8/site-packages/airflow/example_dags/example_params_ui_tutorial.py for tasks to queue
[2026-03-01T08:09:49.729+0000] {logging_mixin.py:188} INFO - [2026-03-01T08:09:49.729+0000] {dagbag.py:538} INFO - Filling up the DagBag from /home/airflow/.local/lib/python3.8/site-packages/airflow/example_dags/example_params_ui_tutorial.py
[2026-03-01T08:09:49.736+0000] {processor.py:840} INFO - DAG(s) 'example_params_ui_tutorial' retrieved from /home/airflow/.local/lib/python3.8/site-packages/airflow/example_dags/example_params_ui_tutorial.py
[2026-03-01T08:09:49.771+0000] {logging_mixin.py:188} INFO - [2026-03-01T08:09:49.771+0000] {dag.py:3036} INFO - Sync 1 DAGs
[2026-03-01T08:09:49.781+0000] {logging_mixin.py:188} INFO - [2026-03-01T08:09:49.780+0000] {dag.py:3823} INFO - Setting next_dagrun for example_params_ui_tutorial to None, run_after=None
[2026-03-01T08:09:49.796+0000] {processor.py:183} INFO - Processing /home/airflow/.local/lib/python3.8/site-packages/airflow/example_dags/example_params_ui_tutorial.py took 0.074 seconds
[2026-03-01T08:10:20.186+0000] {processor.py:161} INFO - Started process (PID=359) to work on /home/airflow/.local/lib/python3.8/site-packages/airflow/example_dags/example_params_ui_tutorial.py
[2026-03-01T08:10:20.187+0000] {processor.py:830} INFO - Processing file /home/airflow/.local/lib/python3.8/site-packages/airflow/example_dags/example_params_ui_tutorial.py for tasks to queue
[2026-03-01T08:10:20.189+0000] {logging_mixin.py:188} INFO - [2026-03-01T08:10:20.188+0000] {dagbag.py:538} INFO - Filling up the DagBag from /home/airflow/.local/lib/python3.8/site-packages/airflow/example_dags/example_params_ui_tutorial.py
[2026-03-01T08:10:20.197+0000] {processor.py:840} INFO - DAG(s) 'example_params_ui_tutorial' retrieved from /home/airflow/.local/lib/python3.8/site-packages/airflow/example_dags/example_params_ui_tutorial.py
[2026-03-01T08:10:20.228+0000] {logging_mixin.py:188} INFO - [2026-03-01T08:10:20.228+0000] {dag.py:3036} INFO - Sync 1 DAGs
[2026-03-01T08:10:20.237+0000] {logging_mixin.py:188} INFO - [2026-03-01T08:10:20.237+0000] {dag.py:3823} INFO - Setting next_dagrun for example_params_ui_tutorial to None, run_after=None
[2026-03-01T08:10:20.250+0000] {processor.py:183} INFO - Processing /home/airflow/.local/lib/python3.8/site-packages/airflow/example_dags/example_params_ui_tutorial.py took 0.066 seconds
[2026-03-01T08:10:50.782+0000] {processor.py:161} INFO - Started process (PID=414) to work on /home/airflow/.local/lib/python3.8/site-packages/airflow/example_dags/example_params_ui_tutorial.py
[2026-03-01T08:10:50.783+0000] {processor.py:830} INFO - Processing file /home/airflow/.local/lib/python3.8/site-packages/airflow/example_dags/example_params_ui_tutorial.py for tasks to queue
[2026-03-01T08:10:50.785+0000] {logging_mixin.py:188} INFO - [2026-03-01T08:10:50.785+0000] {dagbag.py:538} INFO - Filling up the DagBag from /home/airflow/.local/lib/python3.8/site-packages/airflow/example_dags/example_params_ui_tutorial.py
[2026-03-01T08:10:50.793+0000] {processor.py:840} INFO - DAG(s) 'example_params_ui_tutorial' retrieved from /home/airflow/.local/lib/python3.8/site-packages/airflow/example_dags/example_params_ui_tutorial.py
[2026-03-01T08:10:50.828+0000] {logging_mixin.py:188} INFO - [2026-03-01T08:10:50.827+0000] {dag.py:3036} INFO - Sync 1 DAGs
[2026-03-01T08:10:50.837+0000] {logging_mixin.py:188} INFO - [2026-03-01T08:10:50.836+0000] {dag.py:3823} INFO - Setting next_dagrun for example_params_ui_tutorial to None, run_after=None
[2026-03-01T08:10:50.851+0000] {processor.py:183} INFO - Processing /home/airflow/.local/lib/python3.8/site-packages/airflow/example_dags/example_params_ui_tutorial.py took 0.072 seconds
[2026-03-01T08:11:21.256+0000] {processor.py:161} INFO - Started process (PID=475) to work on /home/airflow/.local/lib/python3.8/site-packages/airflow/example_dags/example_params_ui_tutorial.py
[2026-03-01T08:11:21.257+0000] {processor.py:830} INFO - Processing file /home/airflow/.local/lib/python3.8/site-packages/airflow/example_dags/example_params_ui_tutorial.py for tasks to queue
[2026-03-01T08:11:21.259+0000] {logging_mixin.py:188} INFO - [2026-03-01T08:11:21.258+0000] {dagbag.py:538} INFO - Filling up the DagBag from /home/airflow/.local/lib/python3.8/site-packages/airflow/example_dags/example_params_ui_tutorial.py
[2026-03-01T08:11:21.267+0000] {processor.py:840} INFO - DAG(s) 'example_params_ui_tutorial' retrieved from /home/airflow/.local/lib/python3.8/site-packages/airflow/example_dags/example_params_ui_tutorial.py
[2026-03-01T08:11:21.299+0000] {logging_mixin.py:188} INFO - [2026-03-01T08:11:21.298+0000] {dag.py:3036} INFO - Sync 1 DAGs
[2026-03-01T08:11:21.306+0000] {logging_mixin.py:188} INFO - [2026-03-01T08:11:21.306+0000] {dag.py:3823} INFO - Setting next_dagrun for example_params_ui_tutorial to None, run_after=None
[2026-03-01T08:11:21.318+0000] {processor.py:183} INFO - Processing /home/airflow/.local/lib/python3.8/site-packages/airflow/example_dags/example_params_ui_tutorial.py took 0.065 seconds
[2026-03-01T08:11:51.440+0000] {processor.py:161} INFO - Started process (PID=530) to work on /home/airflow/.local/lib/python3.8/site-packages/airflow/example_dags/example_params_ui_tutorial.py
[2026-03-01T08:11:51.442+0000] {processor.py:830} INFO - Processing file /home/airflow/.local/lib/python3.8/site-packages/airflow/example_dags/example_params_ui_tutorial.py for tasks to queue
[2026-03-01T08:11:51.443+0000] {logging_mixin.py:188} INFO - [2026-03-01T08:11:51.443+0000] {dagbag.py:538} INFO - Filling up the DagBag from /home/airflow/.local/lib/python3.8/site-packages/airflow/example_dags/example_params_ui_tutorial.py
[2026-03-01T08:11:51.452+0000] {processor.py:840} INFO - DAG(s) 'example_params_ui_tutorial' retrieved from /home/airflow/.local/lib/python3.8/site-packages/airflow/example_dags/example_params_ui_tutorial.py
[2026-03-01T08:11:51.485+0000] {logging_mixin.py:188} INFO - [2026-03-01T08:11:51.485+0000] {dag.py:3036} INFO - Sync 1 DAGs
[2026-03-01T08:11:51.493+0000] {logging_mixin.py:188} INFO - [2026-03-01T08:11:51.493+0000] {dag.py:3823} INFO - Setting next_dagrun for example_params_ui_tutorial to None, run_after=None
[2026-03-01T08:11:51.507+0000] {processor.py:183} INFO - Processing /home/airflow/.local/lib/python3.8/site-packages/airflow/example_dags/example_params_ui_tutorial.py took 0.069 seconds
[2026-03-01T08:12:22.455+0000] {processor.py:161} INFO - Started process (PID=614) to work on /home/airflow/.local/lib/python3.8/site-packages/airflow/example_dags/example_params_ui_tutorial.py
[2026-03-01T08:12:22.456+0000] {processor.py:830} INFO - Processing file /home/airflow/.local/lib/python3.8/site-packages/airflow/example_dags/example_params_ui_tutorial.py for tasks to queue
[2026-03-01T08:12:22.458+0000] {logging_mixin.py:188} INFO - [2026-03-01T08:12:22.458+0000] {dagbag.py:538} INFO - Filling up the DagBag from /home/airflow/.local/lib/python3.8/site-packages/airflow/example_dags/example_params_ui_tutorial.py
[2026-03-01T08:12:22.468+0000] {processor.py:840} INFO - DAG(s) 'example_params_ui_tutorial' retrieved from /home/airflow/.local/lib/python3.8/site-packages/airflow/example_dags/example_params_ui_tutorial.py
[2026-03-01T08:12:22.501+0000] {logging_mixin.py:188} INFO - [2026-03-01T08:12:22.500+0000] {dag.py:3036} INFO - Sync 1 DAGs
[2026-03-01T08:12:22.508+0000] {logging_mixin.py:188} INFO - [2026-03-01T08:12:22.508+0000] {dag.py:3823} INFO - Setting next_dagrun for example_params_ui_tutorial to None, run_after=None
[2026-03-01T08:12:22.521+0000] {processor.py:183} INFO - Processing /home/airflow/.local/lib/python3.8/site-packages/airflow/example_dags/example_params_ui_tutorial.py took 0.068 seconds
[2026-03-01T08:12:52.849+0000] {processor.py:161} INFO - Started process (PID=668) to work on /home/airflow/.local/lib/python3.8/site-packages/airflow/example_dags/example_params_ui_tutorial.py
[2026-03-01T08:12:52.850+0000] {processor.py:830} INFO - Processing file /home/airflow/.local/lib/python3.8/site-packages/airflow/example_dags/example_params_ui_tutorial.py for tasks to queue
[2026-03-01T08:12:52.852+0000] {logging_mixin.py:188} INFO - [2026-03-01T08:12:52.851+0000] {dagbag.py:538} INFO - Filling up the DagBag from /home/airflow/.local/lib/python3.8/site-packages/airflow/example_dags/example_params_ui_tutorial.py
[2026-03-01T08:12:52.861+0000] {processor.py:840} INFO - DAG(s) 'example_params_ui_tutorial' retrieved from /home/airflow/.local/lib/python3.8/site-packages/airflow/example_dags/example_params_ui_tutorial.py
[2026-03-01T08:12:52.891+0000] {logging_mixin.py:188} INFO - [2026-03-01T08:12:52.891+0000] {dag.py:3036} INFO - Sync 1 DAGs
[2026-03-01T08:12:52.899+0000] {logging_mixin.py:188} INFO - [2026-03-01T08:12:52.899+0000] {dag.py:3823} INFO - Setting next_dagrun for example_params_ui_tutorial to None, run_after=None
[2026-03-01T08:12:52.910+0000] {processor.py:183} INFO - Processing /home/airflow/.local/lib/python3.8/site-packages/airflow/example_dags/example_params_ui_tutorial.py took 0.063 seconds
[2026-03-01T08:13:23.027+0000] {processor.py:161} INFO - Started process (PID=723) to work on /home/airflow/.local/lib/python3.8/site-packages/airflow/example_dags/example_params_ui_tutorial.py
[2026-03-01T08:13:23.027+0000] {processor.py:830} INFO - Processing file /home/airflow/.local/lib/python3.8/site-packages/airflow/example_dags/example_params_ui_tutorial.py for tasks to queue
[2026-03-01T08:13:23.029+0000] {logging_mixin.py:188} INFO - [2026-03-01T08:13:23.028+0000] {dagbag.py:538} INFO - Filling up the DagBag from /home/airflow/.local/lib/python3.8/site-packages/airflow/example_dags/example_params_ui_tutorial.py
[2026-03-01T08:13:23.037+0000] {processor.py:840} INFO - DAG(s) 'example_params_ui_tutorial' retrieved from /home/airflow/.local/lib/python3.8/site-packages/airflow/example_dags/example_params_ui_tutorial.py
[2026-03-01T08:13:23.068+0000] {logging_mixin.py:188} INFO - [2026-03-01T08:13:23.068+0000] {dag.py:3036} INFO - Sync 1 DAGs
[2026-03-01T08:13:23.075+0000] {logging_mixin.py:188} INFO - [2026-03-01T08:13:23.075+0000] {dag.py:3823} INFO - Setting next_dagrun for example_params_ui_tutorial to None, run_after=None
[2026-03-01T08:13:23.086+0000] {processor.py:183} INFO - Processing /home/airflow/.local/lib/python3.8/site-packages/airflow/example_dags/example_params_ui_tutorial.py took 0.061 seconds
[2026-03-01T08:13:53.320+0000] {processor.py:161} INFO - Started process (PID=801) to work on /home/airflow/.local/lib/python3.8/site-packages/airflow/example_dags/example_params_ui_tutorial.py
[2026-03-01T08:13:53.321+0000] {processor.py:830} INFO - Processing file /home/airflow/.local/lib/python3.8/site-packages/airflow/example_dags/example_params_ui_tutorial.py for tasks to queue
[2026-03-01T08:13:53.323+0000] {logging_mixin.py:188} INFO - [2026-03-01T08:13:53.323+0000] {dagbag.py:538} INFO - Filling up the DagBag from /home/airflow/.local/lib/python3.8/site-packages/airflow/example_dags/example_params_ui_tutorial.py
[2026-03-01T08:13:53.331+0000] {processor.py:840} INFO - DAG(s) 'example_params_ui_tutorial' retrieved from /home/airflow/.local/lib/python3.8/site-packages/airflow/example_dags/example_params_ui_tutorial.py
[2026-03-01T08:13:53.365+0000] {logging_mixin.py:188} INFO - [2026-03-01T08:13:53.365+0000] {dag.py:3036} INFO - Sync 1 DAGs
[2026-03-01T08:13:53.374+0000] {logging_mixin.py:188} INFO - [2026-03-01T08:13:53.374+0000] {dag.py:3823} INFO - Setting next_dagrun for example_params_ui_tutorial to None, run_after=None
[2026-03-01T08:13:53.389+0000] {processor.py:183} INFO - Processing /home/airflow/.local/lib/python3.8/site-packages/airflow/example_dags/example_params_ui_tutorial.py took 0.072 seconds
[2026-03-01T08:14:23.583+0000] {processor.py:161} INFO - Started process (PID=878) to work on /home/airflow/.local/lib/python3.8/site-packages/airflow/example_dags/example_params_ui_tutorial.py
[2026-03-01T08:14:23.585+0000] {processor.py:830} INFO - Processing file /home/airflow/.local/lib/python3.8/site-packages/airflow/example_dags/example_params_ui_tutorial.py for tasks to queue
[2026-03-01T08:14:23.586+0000] {logging_mixin.py:188} INFO - [2026-03-01T08:14:23.586+0000] {dagbag.py:538} INFO - Filling up the DagBag from /home/airflow/.local/lib/python3.8/site-packages/airflow/example_dags/example_params_ui_tutorial.py
[2026-03-01T08:14:23.597+0000] {processor.py:840} INFO - DAG(s) 'example_params_ui_tutorial' retrieved from /home/airflow/.local/lib/python3.8/site-packages/airflow/example_dags/example_params_ui_tutorial.py
[2026-03-01T08:14:23.608+0000] {logging_mixin.py:188} INFO - [2026-03-01T08:14:23.608+0000] {dag.py:3036} INFO - Sync 1 DAGs
[2026-03-01T08:14:23.617+0000] {logging_mixin.py:188} INFO - [2026-03-01T08:14:23.617+0000] {dag.py:3823} INFO - Setting next_dagrun for example_params_ui_tutorial to None, run_after=None
[2026-03-01T08:14:23.639+0000] {processor.py:183} INFO - Processing /home/airflow/.local/lib/python3.8/site-packages/airflow/example_dags/example_params_ui_tutorial.py took 0.058 seconds
[2026-03-01T08:14:54.229+0000] {processor.py:161} INFO - Started process (PID=933) to work on /home/airflow/.local/lib/python3.8/site-packages/airflow/example_dags/example_params_ui_tutorial.py
[2026-03-01T08:14:54.230+0000] {processor.py:830} INFO - Processing file /home/airflow/.local/lib/python3.8/site-packages/airflow/example_dags/example_params_ui_tutorial.py for tasks to queue
[2026-03-01T08:14:54.233+0000] {logging_mixin.py:188} INFO - [2026-03-01T08:14:54.233+0000] {dagbag.py:538} INFO - Filling up the DagBag from /home/airflow/.local/lib/python3.8/site-packages/airflow/example_dags/example_params_ui_tutorial.py
[2026-03-01T08:14:54.243+0000] {processor.py:840} INFO - DAG(s) 'example_params_ui_tutorial' retrieved from /home/airflow/.local/lib/python3.8/site-packages/airflow/example_dags/example_params_ui_tutorial.py
[2026-03-01T08:14:54.317+0000] {logging_mixin.py:188} INFO - [2026-03-01T08:14:54.316+0000] {dag.py:3036} INFO - Sync 1 DAGs
[2026-03-01T08:14:54.322+0000] {logging_mixin.py:188} INFO - [2026-03-01T08:14:54.322+0000] {dag.py:3823} INFO - Setting next_dagrun for example_params_ui_tutorial to None, run_after=None
[2026-03-01T08:14:54.336+0000] {processor.py:183} INFO - Processing /home/airflow/.local/lib/python3.8/site-packages/airflow/example_dags/example_params_ui_tutorial.py took 0.109 seconds
[2026-03-01T08:15:24.812+0000] {processor.py:161} INFO - Started process (PID=988) to work on /home/airflow/.local/lib/python3.8/site-packages/airflow/example_dags/example_params_ui_tutorial.py
[2026-03-01T08:15:24.813+0000] {processor.py:830} INFO - Processing file /home/airflow/.local/lib/python3.8/site-packages/airflow/example_dags/example_params_ui_tutorial.py for tasks to queue
[2026-03-01T08:15:24.815+0000] {logging_mixin.py:188} INFO - [2026-03-01T08:15:24.814+0000] {dagbag.py:538} INFO - Filling up the DagBag from /home/airflow/.local/lib/python3.8/site-packages/airflow/example_dags/example_params_ui_tutorial.py
[2026-03-01T08:15:24.822+0000] {processor.py:840} INFO - DAG(s) 'example_params_ui_tutorial' retrieved from /home/airflow/.local/lib/python3.8/site-packages/airflow/example_dags/example_params_ui_tutorial.py
[2026-03-01T08:15:24.854+0000] {logging_mixin.py:188} INFO - [2026-03-01T08:15:24.854+0000] {dag.py:3036} INFO - Sync 1 DAGs
[2026-03-01T08:15:24.861+0000] {logging_mixin.py:188} INFO - [2026-03-01T08:15:24.861+0000] {dag.py:3823} INFO - Setting next_dagrun for example_params_ui_tutorial to None, run_after=None
[2026-03-01T08:15:24.874+0000] {processor.py:183} INFO - Processing /home/airflow/.local/lib/python3.8/site-packages/airflow/example_dags/example_params_ui_tutorial.py took 0.064 seconds
[2026-03-01T08:15:55.112+0000] {processor.py:161} INFO - Started process (PID=1043) to work on /home/airflow/.local/lib/python3.8/site-packages/airflow/example_dags/example_params_ui_tutorial.py
[2026-03-01T08:15:55.113+0000] {processor.py:830} INFO - Processing file /home/airflow/.local/lib/python3.8/site-packages/airflow/example_dags/example_params_ui_tutorial.py for tasks to queue
[2026-03-01T08:15:55.115+0000] {logging_mixin.py:188} INFO - [2026-03-01T08:15:55.114+0000] {dagbag.py:538} INFO - Filling up the DagBag from /home/airflow/.local/lib/python3.8/site-packages/airflow/example_dags/example_params_ui_tutorial.py
[2026-03-01T08:15:55.123+0000] {processor.py:840} INFO - DAG(s) 'example_params_ui_tutorial' retrieved from /home/airflow/.local/lib/python3.8/site-packages/airflow/example_dags/example_params_ui_tutorial.py
[2026-03-01T08:15:55.157+0000] {logging_mixin.py:188} INFO - [2026-03-01T08:15:55.156+0000] {dag.py:3036} INFO - Sync 1 DAGs
[2026-03-01T08:15:55.164+0000] {logging_mixin.py:188} INFO - [2026-03-01T08:15:55.164+0000] {dag.py:3823} INFO - Setting next_dagrun for example_params_ui_tutorial to None, run_after=None
[2026-03-01T08:15:55.179+0000] {processor.py:183} INFO - Processing /home/airflow/.local/lib/python3.8/site-packages/airflow/example_dags/example_params_ui_tutorial.py took 0.070 seconds
[2026-03-01T08:16:25.463+0000] {processor.py:161} INFO - Started process (PID=1121) to work on /home/airflow/.local/lib/python3.8/site-packages/airflow/example_dags/example_params_ui_tutorial.py
[2026-03-01T08:16:25.465+0000] {processor.py:830} INFO - Processing file /home/airflow/.local/lib/python3.8/site-packages/airflow/example_dags/example_params_ui_tutorial.py for tasks to queue
[2026-03-01T08:16:25.466+0000] {logging_mixin.py:188} INFO - [2026-03-01T08:16:25.466+0000] {dagbag.py:538} INFO - Filling up the DagBag from /home/airflow/.local/lib/python3.8/site-packages/airflow/example_dags/example_params_ui_tutorial.py
[2026-03-01T08:16:25.475+0000] {processor.py:840} INFO - DAG(s) 'example_params_ui_tutorial' retrieved from /home/airflow/.local/lib/python3.8/site-packages/airflow/example_dags/example_params_ui_tutorial.py
[2026-03-01T08:16:25.512+0000] {logging_mixin.py:188} INFO - [2026-03-01T08:16:25.512+0000] {dag.py:3036} INFO - Sync 1 DAGs
[2026-03-01T08:16:25.523+0000] {logging_mixin.py:188} INFO - [2026-03-01T08:16:25.523+0000] {dag.py:3823} INFO - Setting next_dagrun for example_params_ui_tutorial to None, run_after=None
[2026-03-01T08:16:25.545+0000] {processor.py:183} INFO - Processing /home/airflow/.local/lib/python3.8/site-packages/airflow/example_dags/example_params_ui_tutorial.py took 0.084 seconds
[2026-03-01T08:16:55.744+0000] {processor.py:161} INFO - Started process (PID=1182) to work on /home/airflow/.local/lib/python3.8/site-packages/airflow/example_dags/example_params_ui_tutorial.py
[2026-03-01T08:16:55.746+0000] {processor.py:830} INFO - Processing file /home/airflow/.local/lib/python3.8/site-packages/airflow/example_dags/example_params_ui_tutorial.py for tasks to queue
[2026-03-01T08:16:55.747+0000] {logging_mixin.py:188} INFO - [2026-03-01T08:16:55.747+0000] {dagbag.py:538} INFO - Filling up the DagBag from /home/airflow/.local/lib/python3.8/site-packages/airflow/example_dags/example_params_ui_tutorial.py
[2026-03-01T08:16:55.756+0000] {processor.py:840} INFO - DAG(s) 'example_params_ui_tutorial' retrieved from /home/airflow/.local/lib/python3.8/site-packages/airflow/example_dags/example_params_ui_tutorial.py
[2026-03-01T08:16:55.788+0000] {logging_mixin.py:188} INFO - [2026-03-01T08:16:55.788+0000] {dag.py:3036} INFO - Sync 1 DAGs
[2026-03-01T08:16:55.797+0000] {logging_mixin.py:188} INFO - [2026-03-01T08:16:55.796+0000] {dag.py:3823} INFO - Setting next_dagrun for example_params_ui_tutorial to None, run_after=None
[2026-03-01T08:16:55.810+0000] {processor.py:183} INFO - Processing /home/airflow/.local/lib/python3.8/site-packages/airflow/example_dags/example_params_ui_tutorial.py took 0.068 seconds
[2026-03-01T08:17:26.061+0000] {processor.py:161} INFO - Started process (PID=1260) to work on /home/airflow/.local/lib/python3.8/site-packages/airflow/example_dags/example_params_ui_tutorial.py
[2026-03-01T08:17:26.062+0000] {processor.py:830} INFO - Processing file /home/airflow/.local/lib/python3.8/site-packages/airflow/example_dags/example_params_ui_tutorial.py for tasks to queue
[2026-03-01T08:17:26.064+0000] {logging_mixin.py:188} INFO - [2026-03-01T08:17:26.064+0000] {dagbag.py:538} INFO - Filling up the DagBag from /home/airflow/.local/lib/python3.8/site-packages/airflow/example_dags/example_params_ui_tutorial.py
[2026-03-01T08:17:26.072+0000] {processor.py:840} INFO - DAG(s) 'example_params_ui_tutorial' retrieved from /home/airflow/.local/lib/python3.8/site-packages/airflow/example_dags/example_params_ui_tutorial.py
[2026-03-01T08:17:26.105+0000] {logging_mixin.py:188} INFO - [2026-03-01T08:17:26.105+0000] {dag.py:3036} INFO - Sync 1 DAGs
[2026-03-01T08:17:26.113+0000] {logging_mixin.py:188} INFO - [2026-03-01T08:17:26.112+0000] {dag.py:3823} INFO - Setting next_dagrun for example_params_ui_tutorial to None, run_after=None
[2026-03-01T08:17:26.125+0000] {processor.py:183} INFO - Processing /home/airflow/.local/lib/python3.8/site-packages/airflow/example_dags/example_params_ui_tutorial.py took 0.066 seconds
[2026-03-01T08:17:56.332+0000] {processor.py:161} INFO - Started process (PID=1316) to work on /home/airflow/.local/lib/python3.8/site-packages/airflow/example_dags/example_params_ui_tutorial.py
[2026-03-01T08:17:56.333+0000] {processor.py:830} INFO - Processing file /home/airflow/.local/lib/python3.8/site-packages/airflow/example_dags/example_params_ui_tutorial.py for tasks to queue
[2026-03-01T08:17:56.334+0000] {logging_mixin.py:188} INFO - [2026-03-01T08:17:56.334+0000] {dagbag.py:538} INFO - Filling up the DagBag from /home/airflow/.local/lib/python3.8/site-packages/airflow/example_dags/example_params_ui_tutorial.py
[2026-03-01T08:17:56.342+0000] {processor.py:840} INFO - DAG(s) 'example_params_ui_tutorial' retrieved from /home/airflow/.local/lib/python3.8/site-packages/airflow/example_dags/example_params_ui_tutorial.py
[2026-03-01T08:17:56.372+0000] {logging_mixin.py:188} INFO - [2026-03-01T08:17:56.372+0000] {dag.py:3036} INFO - Sync 1 DAGs
[2026-03-01T08:17:56.380+0000] {logging_mixin.py:188} INFO - [2026-03-01T08:17:56.379+0000] {dag.py:3823} INFO - Setting next_dagrun for example_params_ui_tutorial to None, run_after=None
[2026-03-01T08:17:56.393+0000] {processor.py:183} INFO - Processing /home/airflow/.local/lib/python3.8/site-packages/airflow/example_dags/example_params_ui_tutorial.py took 0.063 seconds
[2026-03-01T08:18:26.873+0000] {processor.py:161} INFO - Started process (PID=1372) to work on /home/airflow/.local/lib/python3.8/site-packages/airflow/example_dags/example_params_ui_tutorial.py
[2026-03-01T08:18:26.875+0000] {processor.py:830} INFO - Processing file /home/airflow/.local/lib/python3.8/site-packages/airflow/example_dags/example_params_ui_tutorial.py for tasks to queue
[2026-03-01T08:18:26.877+0000] {logging_mixin.py:188} INFO - [2026-03-01T08:18:26.877+0000] {dagbag.py:538} INFO - Filling up the DagBag from /home/airflow/.local/lib/python3.8/site-packages/airflow/example_dags/example_params_ui_tutorial.py
[2026-03-01T08:18:26.885+0000] {processor.py:840} INFO - DAG(s) 'example_params_ui_tutorial' retrieved from /home/airflow/.local/lib/python3.8/site-packages/airflow/example_dags/example_params_ui_tutorial.py
[2026-03-01T08:18:26.917+0000] {logging_mixin.py:188} INFO - [2026-03-01T08:18:26.917+0000] {dag.py:3036} INFO - Sync 1 DAGs
[2026-03-01T08:18:26.924+0000] {logging_mixin.py:188} INFO - [2026-03-01T08:18:26.924+0000] {dag.py:3823} INFO - Setting next_dagrun for example_params_ui_tutorial to None, run_after=None
[2026-03-01T08:18:26.938+0000] {processor.py:183} INFO - Processing /home/airflow/.local/lib/python3.8/site-packages/airflow/example_dags/example_params_ui_tutorial.py took 0.067 seconds
[2026-03-01T08:18:57.217+0000] {processor.py:161} INFO - Started process (PID=1428) to work on /home/airflow/.local/lib/python3.8/site-packages/airflow/example_dags/example_params_ui_tutorial.py
[2026-03-01T08:18:57.217+0000] {processor.py:830} INFO - Processing file /home/airflow/.local/lib/python3.8/site-packages/airflow/example_dags/example_params_ui_tutorial.py for tasks to queue
[2026-03-01T08:18:57.219+0000] {logging_mixin.py:188} INFO - [2026-03-01T08:18:57.219+0000] {dagbag.py:538} INFO - Filling up the DagBag from /home/airflow/.local/lib/python3.8/site-packages/airflow/example_dags/example_params_ui_tutorial.py
[2026-03-01T08:18:57.227+0000] {processor.py:840} INFO - DAG(s) 'example_params_ui_tutorial' retrieved from /home/airflow/.local/lib/python3.8/site-packages/airflow/example_dags/example_params_ui_tutorial.py
[2026-03-01T08:18:57.257+0000] {logging_mixin.py:188} INFO - [2026-03-01T08:18:57.257+0000] {dag.py:3036} INFO - Sync 1 DAGs
[2026-03-01T08:18:57.267+0000] {logging_mixin.py:188} INFO - [2026-03-01T08:18:57.267+0000] {dag.py:3823} INFO - Setting next_dagrun for example_params_ui_tutorial to None, run_after=None
[2026-03-01T08:18:57.279+0000] {processor.py:183} INFO - Processing /home/airflow/.local/lib/python3.8/site-packages/airflow/example_dags/example_params_ui_tutorial.py took 0.065 seconds
[2026-03-01T08:19:27.415+0000] {processor.py:161} INFO - Started process (PID=1484) to work on /home/airflow/.local/lib/python3.8/site-packages/airflow/example_dags/example_params_ui_tutorial.py
[2026-03-01T08:19:27.416+0000] {processor.py:830} INFO - Processing file /home/airflow/.local/lib/python3.8/site-packages/airflow/example_dags/example_params_ui_tutorial.py for tasks to queue
[2026-03-01T08:19:27.417+0000] {logging_mixin.py:188} INFO - [2026-03-01T08:19:27.417+0000] {dagbag.py:538} INFO - Filling up the DagBag from /home/airflow/.local/lib/python3.8/site-packages/airflow/example_dags/example_params_ui_tutorial.py
[2026-03-01T08:19:27.426+0000] {processor.py:840} INFO - DAG(s) 'example_params_ui_tutorial' retrieved from /home/airflow/.local/lib/python3.8/site-packages/airflow/example_dags/example_params_ui_tutorial.py
[2026-03-01T08:19:27.457+0000] {logging_mixin.py:188} INFO - [2026-03-01T08:19:27.456+0000] {dag.py:3036} INFO - Sync 1 DAGs
[2026-03-01T08:19:27.464+0000] {logging_mixin.py:188} INFO - [2026-03-01T08:19:27.464+0000] {dag.py:3823} INFO - Setting next_dagrun for example_params_ui_tutorial to None, run_after=None
[2026-03-01T08:19:27.477+0000] {processor.py:183} INFO - Processing /home/airflow/.local/lib/python3.8/site-packages/airflow/example_dags/example_params_ui_tutorial.py took 0.064 seconds
[2026-03-01T08:19:57.585+0000] {processor.py:161} INFO - Started process (PID=1540) to work on /home/airflow/.local/lib/python3.8/site-packages/airflow/example_dags/example_params_ui_tutorial.py
[2026-03-01T08:19:57.586+0000] {processor.py:830} INFO - Processing file /home/airflow/.local/lib/python3.8/site-packages/airflow/example_dags/example_params_ui_tutorial.py for tasks to queue
[2026-03-01T08:19:57.588+0000] {logging_mixin.py:188} INFO - [2026-03-01T08:19:57.588+0000] {dagbag.py:538} INFO - Filling up the DagBag from /home/airflow/.local/lib/python3.8/site-packages/airflow/example_dags/example_params_ui_tutorial.py
[2026-03-01T08:19:57.596+0000] {processor.py:840} INFO - DAG(s) 'example_params_ui_tutorial' retrieved from /home/airflow/.local/lib/python3.8/site-packages/airflow/example_dags/example_params_ui_tutorial.py
[2026-03-01T08:19:57.628+0000] {logging_mixin.py:188} INFO - [2026-03-01T08:19:57.628+0000] {dag.py:3036} INFO - Sync 1 DAGs
[2026-03-01T08:19:57.636+0000] {logging_mixin.py:188} INFO - [2026-03-01T08:19:57.636+0000] {dag.py:3823} INFO - Setting next_dagrun for example_params_ui_tutorial to None, run_after=None
[2026-03-01T08:19:57.648+0000] {processor.py:183} INFO - Processing /home/airflow/.local/lib/python3.8/site-packages/airflow/example_dags/example_params_ui_tutorial.py took 0.065 seconds
[2026-03-01T08:20:27.936+0000] {processor.py:161} INFO - Started process (PID=1596) to work on /home/airflow/.local/lib/python3.8/site-packages/airflow/example_dags/example_params_ui_tutorial.py
[2026-03-01T08:20:27.937+0000] {processor.py:830} INFO - Processing file /home/airflow/.local/lib/python3.8/site-packages/airflow/example_dags/example_params_ui_tutorial.py for tasks to queue
[2026-03-01T08:20:27.939+0000] {logging_mixin.py:188} INFO - [2026-03-01T08:20:27.939+0000] {dagbag.py:538} INFO - Filling up the DagBag from /home/airflow/.local/lib/python3.8/site-packages/airflow/example_dags/example_params_ui_tutorial.py
[2026-03-01T08:20:27.947+0000] {processor.py:840} INFO - DAG(s) 'example_params_ui_tutorial' retrieved from /home/airflow/.local/lib/python3.8/site-packages/airflow/example_dags/example_params_ui_tutorial.py
[2026-03-01T08:20:27.977+0000] {logging_mixin.py:188} INFO - [2026-03-01T08:20:27.977+0000] {dag.py:3036} INFO - Sync 1 DAGs
[2026-03-01T08:20:27.986+0000] {logging_mixin.py:188} INFO - [2026-03-01T08:20:27.985+0000] {dag.py:3823} INFO - Setting next_dagrun for example_params_ui_tutorial to None, run_after=None
[2026-03-01T08:20:27.998+0000] {processor.py:183} INFO - Processing /home/airflow/.local/lib/python3.8/site-packages/airflow/example_dags/example_params_ui_tutorial.py took 0.065 seconds
[2026-03-01T08:20:58.943+0000] {processor.py:161} INFO - Started process (PID=1652) to work on /home/airflow/.local/lib/python3.8/site-packages/airflow/example_dags/example_params_ui_tutorial.py
[2026-03-01T08:20:58.944+0000] {processor.py:830} INFO - Processing file /home/airflow/.local/lib/python3.8/site-packages/airflow/example_dags/example_params_ui_tutorial.py for tasks to queue
[2026-03-01T08:20:58.946+0000] {logging_mixin.py:188} INFO - [2026-03-01T08:20:58.946+0000] {dagbag.py:538} INFO - Filling up the DagBag from /home/airflow/.local/lib/python3.8/site-packages/airflow/example_dags/example_params_ui_tutorial.py
[2026-03-01T08:20:58.954+0000] {processor.py:840} INFO - DAG(s) 'example_params_ui_tutorial' retrieved from /home/airflow/.local/lib/python3.8/site-packages/airflow/example_dags/example_params_ui_tutorial.py
[2026-03-01T08:20:58.988+0000] {logging_mixin.py:188} INFO - [2026-03-01T08:20:58.988+0000] {dag.py:3036} INFO - Sync 1 DAGs
[2026-03-01T08:20:58.996+0000] {logging_mixin.py:188} INFO - [2026-03-01T08:20:58.996+0000] {dag.py:3823} INFO - Setting next_dagrun for example_params_ui_tutorial to None, run_after=None
[2026-03-01T08:20:59.009+0000] {processor.py:183} INFO - Processing /home/airflow/.local/lib/python3.8/site-packages/airflow/example_dags/example_params_ui_tutorial.py took 0.068 seconds
[2026-03-01T08:21:29.192+0000] {processor.py:161} INFO - Started process (PID=1708) to work on /home/airflow/.local/lib/python3.8/site-packages/airflow/example_dags/example_params_ui_tutorial.py
[2026-03-01T08:21:29.193+0000] {processor.py:830} INFO - Processing file /home/airflow/.local/lib/python3.8/site-packages/airflow/example_dags/example_params_ui_tutorial.py for tasks to queue
[2026-03-01T08:21:29.195+0000] {logging_mixin.py:188} INFO - [2026-03-01T08:21:29.195+0000] {dagbag.py:538} INFO - Filling up the DagBag from /home/airflow/.local/lib/python3.8/site-packages/airflow/example_dags/example_params_ui_tutorial.py
[2026-03-01T08:21:29.202+0000] {processor.py:840} INFO - DAG(s) 'example_params_ui_tutorial' retrieved from /home/airflow/.local/lib/python3.8/site-packages/airflow/example_dags/example_params_ui_tutorial.py
[2026-03-01T08:21:29.234+0000] {logging_mixin.py:188} INFO - [2026-03-01T08:21:29.234+0000] {dag.py:3036} INFO - Sync 1 DAGs
[2026-03-01T08:21:29.241+0000] {logging_mixin.py:188} INFO - [2026-03-01T08:21:29.241+0000] {dag.py:3823} INFO - Setting next_dagrun for example_params_ui_tutorial to None, run_after=None
[2026-03-01T08:21:29.252+0000] {processor.py:183} INFO - Processing /home/airflow/.local/lib/python3.8/site-packages/airflow/example_dags/example_params_ui_tutorial.py took 0.062 seconds
[2026-03-01T08:21:59.622+0000] {processor.py:161} INFO - Started process (PID=1764) to work on /home/airflow/.local/lib/python3.8/site-packages/airflow/example_dags/example_params_ui_tutorial.py
[2026-03-01T08:21:59.624+0000] {processor.py:830} INFO - Processing file /home/airflow/.local/lib/python3.8/site-packages/airflow/example_dags/example_params_ui_tutorial.py for tasks to queue
[2026-03-01T08:21:59.627+0000] {logging_mixin.py:188} INFO - [2026-03-01T08:21:59.627+0000] {dagbag.py:538} INFO - Filling up the DagBag from /home/airflow/.local/lib/python3.8/site-packages/airflow/example_dags/example_params_ui_tutorial.py
[2026-03-01T08:21:59.636+0000] {processor.py:840} INFO - DAG(s) 'example_params_ui_tutorial' retrieved from /home/airflow/.local/lib/python3.8/site-packages/airflow/example_dags/example_params_ui_tutorial.py
[2026-03-01T08:21:59.669+0000] {logging_mixin.py:188} INFO - [2026-03-01T08:21:59.669+0000] {dag.py:3036} INFO - Sync 1 DAGs
[2026-03-01T08:21:59.678+0000] {logging_mixin.py:188} INFO - [2026-03-01T08:21:59.677+0000] {dag.py:3823} INFO - Setting next_dagrun for example_params_ui_tutorial to None, run_after=None
[2026-03-01T08:21:59.690+0000] {processor.py:183} INFO - Processing /home/airflow/.local/lib/python3.8/site-packages/airflow/example_dags/example_params_ui_tutorial.py took 0.071 seconds
[2026-03-01T08:22:29.936+0000] {processor.py:161} INFO - Started process (PID=1820) to work on /home/airflow/.local/lib/python3.8/site-packages/airflow/example_dags/example_params_ui_tutorial.py
[2026-03-01T08:22:29.937+0000] {processor.py:830} INFO - Processing file /home/airflow/.local/lib/python3.8/site-packages/airflow/example_dags/example_params_ui_tutorial.py for tasks to queue
[2026-03-01T08:22:29.939+0000] {logging_mixin.py:188} INFO - [2026-03-01T08:22:29.939+0000] {dagbag.py:538} INFO - Filling up the DagBag from /home/airflow/.local/lib/python3.8/site-packages/airflow/example_dags/example_params_ui_tutorial.py
[2026-03-01T08:22:29.947+0000] {processor.py:840} INFO - DAG(s) 'example_params_ui_tutorial' retrieved from /home/airflow/.local/lib/python3.8/site-packages/airflow/example_dags/example_params_ui_tutorial.py
[2026-03-01T08:22:29.979+0000] {logging_mixin.py:188} INFO - [2026-03-01T08:22:29.978+0000] {dag.py:3036} INFO - Sync 1 DAGs
[2026-03-01T08:22:29.988+0000] {logging_mixin.py:188} INFO - [2026-03-01T08:22:29.988+0000] {dag.py:3823} INFO - Setting next_dagrun for example_params_ui_tutorial to None, run_after=None
[2026-03-01T08:22:30.008+0000] {processor.py:183} INFO - Processing /home/airflow/.local/lib/python3.8/site-packages/airflow/example_dags/example_params_ui_tutorial.py took 0.075 seconds
[2026-03-01T08:23:00.390+0000] {processor.py:161} INFO - Started process (PID=1876) to work on /home/airflow/.local/lib/python3.8/site-packages/airflow/example_dags/example_params_ui_tutorial.py
[2026-03-01T08:23:00.391+0000] {processor.py:830} INFO - Processing file /home/airflow/.local/lib/python3.8/site-packages/airflow/example_dags/example_params_ui_tutorial.py for tasks to queue
[2026-03-01T08:23:00.393+0000] {logging_mixin.py:188} INFO - [2026-03-01T08:23:00.392+0000] {dagbag.py:538} INFO - Filling up the DagBag from /home/airflow/.local/lib/python3.8/site-packages/airflow/example_dags/example_params_ui_tutorial.py
[2026-03-01T08:23:00.401+0000] {processor.py:840} INFO - DAG(s) 'example_params_ui_tutorial' retrieved from /home/airflow/.local/lib/python3.8/site-packages/airflow/example_dags/example_params_ui_tutorial.py
[2026-03-01T08:23:00.434+0000] {logging_mixin.py:188} INFO - [2026-03-01T08:23:00.434+0000] {dag.py:3036} INFO - Sync 1 DAGs
[2026-03-01T08:23:00.442+0000] {logging_mixin.py:188} INFO - [2026-03-01T08:23:00.442+0000] {dag.py:3823} INFO - Setting next_dagrun for example_params_ui_tutorial to None, run_after=None
[2026-03-01T08:23:00.454+0000] {processor.py:183} INFO - Processing /home/airflow/.local/lib/python3.8/site-packages/airflow/example_dags/example_params_ui_tutorial.py took 0.066 seconds
[2026-03-01T08:23:30.654+0000] {processor.py:161} INFO - Started process (PID=1932) to work on /home/airflow/.local/lib/python3.8/site-packages/airflow/example_dags/example_params_ui_tutorial.py
[2026-03-01T08:23:30.655+0000] {processor.py:830} INFO - Processing file /home/airflow/.local/lib/python3.8/site-packages/airflow/example_dags/example_params_ui_tutorial.py for tasks to queue
[2026-03-01T08:23:30.657+0000] {logging_mixin.py:188} INFO - [2026-03-01T08:23:30.656+0000] {dagbag.py:538} INFO - Filling up the DagBag from /home/airflow/.local/lib/python3.8/site-packages/airflow/example_dags/example_params_ui_tutorial.py
[2026-03-01T08:23:30.665+0000] {processor.py:840} INFO - DAG(s) 'example_params_ui_tutorial' retrieved from /home/airflow/.local/lib/python3.8/site-packages/airflow/example_dags/example_params_ui_tutorial.py
[2026-03-01T08:23:30.698+0000] {logging_mixin.py:188} INFO - [2026-03-01T08:23:30.698+0000] {dag.py:3036} INFO - Sync 1 DAGs
[2026-03-01T08:23:30.706+0000] {logging_mixin.py:188} INFO - [2026-03-01T08:23:30.706+0000] {dag.py:3823} INFO - Setting next_dagrun for example_params_ui_tutorial to None, run_after=None
[2026-03-01T08:23:30.721+0000] {processor.py:183} INFO - Processing /home/airflow/.local/lib/python3.8/site-packages/airflow/example_dags/example_params_ui_tutorial.py took 0.070 seconds
[2026-03-01T08:24:00.902+0000] {processor.py:161} INFO - Started process (PID=1988) to work on /home/airflow/.local/lib/python3.8/site-packages/airflow/example_dags/example_params_ui_tutorial.py
[2026-03-01T08:24:00.904+0000] {processor.py:830} INFO - Processing file /home/airflow/.local/lib/python3.8/site-packages/airflow/example_dags/example_params_ui_tutorial.py for tasks to queue
[2026-03-01T08:24:00.905+0000] {logging_mixin.py:188} INFO - [2026-03-01T08:24:00.905+0000] {dagbag.py:538} INFO - Filling up the DagBag from /home/airflow/.local/lib/python3.8/site-packages/airflow/example_dags/example_params_ui_tutorial.py
[2026-03-01T08:24:00.913+0000] {processor.py:840} INFO - DAG(s) 'example_params_ui_tutorial' retrieved from /home/airflow/.local/lib/python3.8/site-packages/airflow/example_dags/example_params_ui_tutorial.py
[2026-03-01T08:24:00.954+0000] {logging_mixin.py:188} INFO - [2026-03-01T08:24:00.954+0000] {dag.py:3036} INFO - Sync 1 DAGs
[2026-03-01T08:24:00.963+0000] {logging_mixin.py:188} INFO - [2026-03-01T08:24:00.963+0000] {dag.py:3823} INFO - Setting next_dagrun for example_params_ui_tutorial to None, run_after=None
[2026-03-01T08:24:00.977+0000] {processor.py:183} INFO - Processing /home/airflow/.local/lib/python3.8/site-packages/airflow/example_dags/example_params_ui_tutorial.py took 0.077 seconds
[2026-03-01T08:24:31.178+0000] {processor.py:161} INFO - Started process (PID=2044) to work on /home/airflow/.local/lib/python3.8/site-packages/airflow/example_dags/example_params_ui_tutorial.py
[2026-03-01T08:24:31.179+0000] {processor.py:830} INFO - Processing file /home/airflow/.local/lib/python3.8/site-packages/airflow/example_dags/example_params_ui_tutorial.py for tasks to queue
[2026-03-01T08:24:31.181+0000] {logging_mixin.py:188} INFO - [2026-03-01T08:24:31.181+0000] {dagbag.py:538} INFO - Filling up the DagBag from /home/airflow/.local/lib/python3.8/site-packages/airflow/example_dags/example_params_ui_tutorial.py
[2026-03-01T08:24:31.189+0000] {processor.py:840} INFO - DAG(s) 'example_params_ui_tutorial' retrieved from /home/airflow/.local/lib/python3.8/site-packages/airflow/example_dags/example_params_ui_tutorial.py
[2026-03-01T08:24:31.225+0000] {logging_mixin.py:188} INFO - [2026-03-01T08:24:31.225+0000] {dag.py:3036} INFO - Sync 1 DAGs
[2026-03-01T08:24:31.233+0000] {logging_mixin.py:188} INFO - [2026-03-01T08:24:31.233+0000] {dag.py:3823} INFO - Setting next_dagrun for example_params_ui_tutorial to None, run_after=None
[2026-03-01T08:24:31.247+0000] {processor.py:183} INFO - Processing /home/airflow/.local/lib/python3.8/site-packages/airflow/example_dags/example_params_ui_tutorial.py took 0.071 seconds
[2026-03-01T08:25:01.389+0000] {processor.py:161} INFO - Started process (PID=2104) to work on /home/airflow/.local/lib/python3.8/site-packages/airflow/example_dags/example_params_ui_tutorial.py
[2026-03-01T08:25:01.390+0000] {processor.py:830} INFO - Processing file /home/airflow/.local/lib/python3.8/site-packages/airflow/example_dags/example_params_ui_tutorial.py for tasks to queue
[2026-03-01T08:25:01.393+0000] {logging_mixin.py:188} INFO - [2026-03-01T08:25:01.392+0000] {dagbag.py:538} INFO - Filling up the DagBag from /home/airflow/.local/lib/python3.8/site-packages/airflow/example_dags/example_params_ui_tutorial.py
[2026-03-01T08:25:01.401+0000] {processor.py:840} INFO - DAG(s) 'example_params_ui_tutorial' retrieved from /home/airflow/.local/lib/python3.8/site-packages/airflow/example_dags/example_params_ui_tutorial.py
[2026-03-01T08:25:01.434+0000] {logging_mixin.py:188} INFO - [2026-03-01T08:25:01.434+0000] {dag.py:3036} INFO - Sync 1 DAGs
[2026-03-01T08:25:01.443+0000] {logging_mixin.py:188} INFO - [2026-03-01T08:25:01.443+0000] {dag.py:3823} INFO - Setting next_dagrun for example_params_ui_tutorial to None, run_after=None
[2026-03-01T08:25:01.458+0000] {processor.py:183} INFO - Processing /home/airflow/.local/lib/python3.8/site-packages/airflow/example_dags/example_params_ui_tutorial.py took 0.072 seconds
[2026-03-01T08:25:31.775+0000] {processor.py:161} INFO - Started process (PID=2160) to work on /home/airflow/.local/lib/python3.8/site-packages/airflow/example_dags/example_params_ui_tutorial.py
[2026-03-01T08:25:31.776+0000] {processor.py:830} INFO - Processing file /home/airflow/.local/lib/python3.8/site-packages/airflow/example_dags/example_params_ui_tutorial.py for tasks to queue
[2026-03-01T08:25:31.778+0000] {logging_mixin.py:188} INFO - [2026-03-01T08:25:31.778+0000] {dagbag.py:538} INFO - Filling up the DagBag from /home/airflow/.local/lib/python3.8/site-packages/airflow/example_dags/example_params_ui_tutorial.py
[2026-03-01T08:25:31.785+0000] {processor.py:840} INFO - DAG(s) 'example_params_ui_tutorial' retrieved from /home/airflow/.local/lib/python3.8/site-packages/airflow/example_dags/example_params_ui_tutorial.py
[2026-03-01T08:25:31.815+0000] {logging_mixin.py:188} INFO - [2026-03-01T08:25:31.815+0000] {dag.py:3036} INFO - Sync 1 DAGs
[2026-03-01T08:25:31.822+0000] {logging_mixin.py:188} INFO - [2026-03-01T08:25:31.822+0000] {dag.py:3823} INFO - Setting next_dagrun for example_params_ui_tutorial to None, run_after=None
[2026-03-01T08:25:31.834+0000] {processor.py:183} INFO - Processing /home/airflow/.local/lib/python3.8/site-packages/airflow/example_dags/example_params_ui_tutorial.py took 0.061 seconds
[2026-03-01T08:26:01.907+0000] {processor.py:161} INFO - Started process (PID=2216) to work on /home/airflow/.local/lib/python3.8/site-packages/airflow/example_dags/example_params_ui_tutorial.py
[2026-03-01T08:26:01.908+0000] {processor.py:830} INFO - Processing file /home/airflow/.local/lib/python3.8/site-packages/airflow/example_dags/example_params_ui_tutorial.py for tasks to queue
[2026-03-01T08:26:01.910+0000] {logging_mixin.py:188} INFO - [2026-03-01T08:26:01.909+0000] {dagbag.py:538} INFO - Filling up the DagBag from /home/airflow/.local/lib/python3.8/site-packages/airflow/example_dags/example_params_ui_tutorial.py
[2026-03-01T08:26:01.917+0000] {processor.py:840} INFO - DAG(s) 'example_params_ui_tutorial' retrieved from /home/airflow/.local/lib/python3.8/site-packages/airflow/example_dags/example_params_ui_tutorial.py
[2026-03-01T08:26:01.947+0000] {logging_mixin.py:188} INFO - [2026-03-01T08:26:01.947+0000] {dag.py:3036} INFO - Sync 1 DAGs
[2026-03-01T08:26:01.954+0000] {logging_mixin.py:188} INFO - [2026-03-01T08:26:01.954+0000] {dag.py:3823} INFO - Setting next_dagrun for example_params_ui_tutorial to None, run_after=None
[2026-03-01T08:26:01.966+0000] {processor.py:183} INFO - Processing /home/airflow/.local/lib/python3.8/site-packages/airflow/example_dags/example_params_ui_tutorial.py took 0.060 seconds
[2026-03-01T08:26:32.316+0000] {processor.py:161} INFO - Started process (PID=2272) to work on /home/airflow/.local/lib/python3.8/site-packages/airflow/example_dags/example_params_ui_tutorial.py
[2026-03-01T08:26:32.317+0000] {processor.py:830} INFO - Processing file /home/airflow/.local/lib/python3.8/site-packages/airflow/example_dags/example_params_ui_tutorial.py for tasks to queue
[2026-03-01T08:26:32.319+0000] {logging_mixin.py:188} INFO - [2026-03-01T08:26:32.318+0000] {dagbag.py:538} INFO - Filling up the DagBag from /home/airflow/.local/lib/python3.8/site-packages/airflow/example_dags/example_params_ui_tutorial.py
[2026-03-01T08:26:32.326+0000] {processor.py:840} INFO - DAG(s) 'example_params_ui_tutorial' retrieved from /home/airflow/.local/lib/python3.8/site-packages/airflow/example_dags/example_params_ui_tutorial.py
[2026-03-01T08:26:32.357+0000] {logging_mixin.py:188} INFO - [2026-03-01T08:26:32.357+0000] {dag.py:3036} INFO - Sync 1 DAGs
[2026-03-01T08:26:32.365+0000] {logging_mixin.py:188} INFO - [2026-03-01T08:26:32.365+0000] {dag.py:3823} INFO - Setting next_dagrun for example_params_ui_tutorial to None, run_after=None
[2026-03-01T08:26:32.379+0000] {processor.py:183} INFO - Processing /home/airflow/.local/lib/python3.8/site-packages/airflow/example_dags/example_params_ui_tutorial.py took 0.066 seconds
[2026-03-01T08:27:02.718+0000] {processor.py:161} INFO - Started process (PID=2328) to work on /home/airflow/.local/lib/python3.8/site-packages/airflow/example_dags/example_params_ui_tutorial.py
[2026-03-01T08:27:02.719+0000] {processor.py:830} INFO - Processing file /home/airflow/.local/lib/python3.8/site-packages/airflow/example_dags/example_params_ui_tutorial.py for tasks to queue
[2026-03-01T08:27:02.720+0000] {logging_mixin.py:188} INFO - [2026-03-01T08:27:02.720+0000] {dagbag.py:538} INFO - Filling up the DagBag from /home/airflow/.local/lib/python3.8/site-packages/airflow/example_dags/example_params_ui_tutorial.py
[2026-03-01T08:27:02.728+0000] {processor.py:840} INFO - DAG(s) 'example_params_ui_tutorial' retrieved from /home/airflow/.local/lib/python3.8/site-packages/airflow/example_dags/example_params_ui_tutorial.py
[2026-03-01T08:27:02.759+0000] {logging_mixin.py:188} INFO - [2026-03-01T08:27:02.759+0000] {dag.py:3036} INFO - Sync 1 DAGs
[2026-03-01T08:27:02.767+0000] {logging_mixin.py:188} INFO - [2026-03-01T08:27:02.767+0000] {dag.py:3823} INFO - Setting next_dagrun for example_params_ui_tutorial to None, run_after=None
[2026-03-01T08:27:02.779+0000] {processor.py:183} INFO - Processing /home/airflow/.local/lib/python3.8/site-packages/airflow/example_dags/example_params_ui_tutorial.py took 0.064 seconds
[2026-03-01T08:27:32.920+0000] {processor.py:161} INFO - Started process (PID=2383) to work on /home/airflow/.local/lib/python3.8/site-packages/airflow/example_dags/example_params_ui_tutorial.py
[2026-03-01T08:27:32.921+0000] {processor.py:830} INFO - Processing file /home/airflow/.local/lib/python3.8/site-packages/airflow/example_dags/example_params_ui_tutorial.py for tasks to queue
[2026-03-01T08:27:32.922+0000] {logging_mixin.py:188} INFO - [2026-03-01T08:27:32.922+0000] {dagbag.py:538} INFO - Filling up the DagBag from /home/airflow/.local/lib/python3.8/site-packages/airflow/example_dags/example_params_ui_tutorial.py
[2026-03-01T08:27:32.931+0000] {processor.py:840} INFO - DAG(s) 'example_params_ui_tutorial' retrieved from /home/airflow/.local/lib/python3.8/site-packages/airflow/example_dags/example_params_ui_tutorial.py
[2026-03-01T08:27:32.961+0000] {logging_mixin.py:188} INFO - [2026-03-01T08:27:32.961+0000] {dag.py:3036} INFO - Sync 1 DAGs
[2026-03-01T08:27:32.969+0000] {logging_mixin.py:188} INFO - [2026-03-01T08:27:32.969+0000] {dag.py:3823} INFO - Setting next_dagrun for example_params_ui_tutorial to None, run_after=None
[2026-03-01T08:27:32.984+0000] {processor.py:183} INFO - Processing /home/airflow/.local/lib/python3.8/site-packages/airflow/example_dags/example_params_ui_tutorial.py took 0.066 seconds
[2026-03-01T08:28:03.137+0000] {processor.py:161} INFO - Started process (PID=2438) to work on /home/airflow/.local/lib/python3.8/site-packages/airflow/example_dags/example_params_ui_tutorial.py
[2026-03-01T08:28:03.138+0000] {processor.py:830} INFO - Processing file /home/airflow/.local/lib/python3.8/site-packages/airflow/example_dags/example_params_ui_tutorial.py for tasks to queue
[2026-03-01T08:28:03.140+0000] {logging_mixin.py:188} INFO - [2026-03-01T08:28:03.140+0000] {dagbag.py:538} INFO - Filling up the DagBag from /home/airflow/.local/lib/python3.8/site-packages/airflow/example_dags/example_params_ui_tutorial.py
[2026-03-01T08:28:03.148+0000] {processor.py:840} INFO - DAG(s) 'example_params_ui_tutorial' retrieved from /home/airflow/.local/lib/python3.8/site-packages/airflow/example_dags/example_params_ui_tutorial.py
[2026-03-01T08:28:03.180+0000] {logging_mixin.py:188} INFO - [2026-03-01T08:28:03.180+0000] {dag.py:3036} INFO - Sync 1 DAGs
[2026-03-01T08:28:03.187+0000] {logging_mixin.py:188} INFO - [2026-03-01T08:28:03.187+0000] {dag.py:3823} INFO - Setting next_dagrun for example_params_ui_tutorial to None, run_after=None
[2026-03-01T08:28:03.200+0000] {processor.py:183} INFO - Processing /home/airflow/.local/lib/python3.8/site-packages/airflow/example_dags/example_params_ui_tutorial.py took 0.065 seconds
[2026-03-01T08:28:33.315+0000] {processor.py:161} INFO - Started process (PID=2493) to work on /home/airflow/.local/lib/python3.8/site-packages/airflow/example_dags/example_params_ui_tutorial.py
[2026-03-01T08:28:33.316+0000] {processor.py:830} INFO - Processing file /home/airflow/.local/lib/python3.8/site-packages/airflow/example_dags/example_params_ui_tutorial.py for tasks to queue
[2026-03-01T08:28:33.317+0000] {logging_mixin.py:188} INFO - [2026-03-01T08:28:33.317+0000] {dagbag.py:538} INFO - Filling up the DagBag from /home/airflow/.local/lib/python3.8/site-packages/airflow/example_dags/example_params_ui_tutorial.py
[2026-03-01T08:28:33.325+0000] {processor.py:840} INFO - DAG(s) 'example_params_ui_tutorial' retrieved from /home/airflow/.local/lib/python3.8/site-packages/airflow/example_dags/example_params_ui_tutorial.py
[2026-03-01T08:28:33.359+0000] {logging_mixin.py:188} INFO - [2026-03-01T08:28:33.358+0000] {dag.py:3036} INFO - Sync 1 DAGs
[2026-03-01T08:28:33.366+0000] {logging_mixin.py:188} INFO - [2026-03-01T08:28:33.366+0000] {dag.py:3823} INFO - Setting next_dagrun for example_params_ui_tutorial to None, run_after=None
[2026-03-01T08:28:33.378+0000] {processor.py:183} INFO - Processing /home/airflow/.local/lib/python3.8/site-packages/airflow/example_dags/example_params_ui_tutorial.py took 0.066 seconds
[2026-03-01T08:29:03.669+0000] {processor.py:161} INFO - Started process (PID=2549) to work on /home/airflow/.local/lib/python3.8/site-packages/airflow/example_dags/example_params_ui_tutorial.py
[2026-03-01T08:29:03.669+0000] {processor.py:830} INFO - Processing file /home/airflow/.local/lib/python3.8/site-packages/airflow/example_dags/example_params_ui_tutorial.py for tasks to queue
[2026-03-01T08:29:03.671+0000] {logging_mixin.py:188} INFO - [2026-03-01T08:29:03.671+0000] {dagbag.py:538} INFO - Filling up the DagBag from /home/airflow/.local/lib/python3.8/site-packages/airflow/example_dags/example_params_ui_tutorial.py
[2026-03-01T08:29:03.679+0000] {processor.py:840} INFO - DAG(s) 'example_params_ui_tutorial' retrieved from /home/airflow/.local/lib/python3.8/site-packages/airflow/example_dags/example_params_ui_tutorial.py
[2026-03-01T08:29:03.710+0000] {logging_mixin.py:188} INFO - [2026-03-01T08:29:03.710+0000] {dag.py:3036} INFO - Sync 1 DAGs
[2026-03-01T08:29:03.718+0000] {logging_mixin.py:188} INFO - [2026-03-01T08:29:03.717+0000] {dag.py:3823} INFO - Setting next_dagrun for example_params_ui_tutorial to None, run_after=None
[2026-03-01T08:29:03.730+0000] {processor.py:183} INFO - Processing /home/airflow/.local/lib/python3.8/site-packages/airflow/example_dags/example_params_ui_tutorial.py took 0.064 seconds
[2026-03-01T08:29:34.178+0000] {processor.py:161} INFO - Started process (PID=2605) to work on /home/airflow/.local/lib/python3.8/site-packages/airflow/example_dags/example_params_ui_tutorial.py
[2026-03-01T08:29:34.179+0000] {processor.py:830} INFO - Processing file /home/airflow/.local/lib/python3.8/site-packages/airflow/example_dags/example_params_ui_tutorial.py for tasks to queue
[2026-03-01T08:29:34.181+0000] {logging_mixin.py:188} INFO - [2026-03-01T08:29:34.180+0000] {dagbag.py:538} INFO - Filling up the DagBag from /home/airflow/.local/lib/python3.8/site-packages/airflow/example_dags/example_params_ui_tutorial.py
[2026-03-01T08:29:34.189+0000] {processor.py:840} INFO - DAG(s) 'example_params_ui_tutorial' retrieved from /home/airflow/.local/lib/python3.8/site-packages/airflow/example_dags/example_params_ui_tutorial.py
[2026-03-01T08:29:34.225+0000] {logging_mixin.py:188} INFO - [2026-03-01T08:29:34.225+0000] {dag.py:3036} INFO - Sync 1 DAGs
[2026-03-01T08:29:34.233+0000] {logging_mixin.py:188} INFO - [2026-03-01T08:29:34.233+0000] {dag.py:3823} INFO - Setting next_dagrun for example_params_ui_tutorial to None, run_after=None
[2026-03-01T08:29:34.246+0000] {processor.py:183} INFO - Processing /home/airflow/.local/lib/python3.8/site-packages/airflow/example_dags/example_params_ui_tutorial.py took 0.071 seconds
[2026-03-01T08:30:04.932+0000] {processor.py:161} INFO - Started process (PID=2661) to work on /home/airflow/.local/lib/python3.8/site-packages/airflow/example_dags/example_params_ui_tutorial.py
[2026-03-01T08:30:04.933+0000] {processor.py:830} INFO - Processing file /home/airflow/.local/lib/python3.8/site-packages/airflow/example_dags/example_params_ui_tutorial.py for tasks to queue
[2026-03-01T08:30:04.935+0000] {logging_mixin.py:188} INFO - [2026-03-01T08:30:04.934+0000] {dagbag.py:538} INFO - Filling up the DagBag from /home/airflow/.local/lib/python3.8/site-packages/airflow/example_dags/example_params_ui_tutorial.py
[2026-03-01T08:30:04.942+0000] {processor.py:840} INFO - DAG(s) 'example_params_ui_tutorial' retrieved from /home/airflow/.local/lib/python3.8/site-packages/airflow/example_dags/example_params_ui_tutorial.py
[2026-03-01T08:30:04.974+0000] {logging_mixin.py:188} INFO - [2026-03-01T08:30:04.974+0000] {dag.py:3036} INFO - Sync 1 DAGs
[2026-03-01T08:30:04.982+0000] {logging_mixin.py:188} INFO - [2026-03-01T08:30:04.982+0000] {dag.py:3823} INFO - Setting next_dagrun for example_params_ui_tutorial to None, run_after=None
[2026-03-01T08:30:04.994+0000] {processor.py:183} INFO - Processing /home/airflow/.local/lib/python3.8/site-packages/airflow/example_dags/example_params_ui_tutorial.py took 0.065 seconds
