[2026-03-01T08:07:49.309+0000] {processor.py:161} INFO - Started process (PID=95) to work on /home/airflow/.local/lib/python3.8/site-packages/airflow/example_dags/example_sensors.py
[2026-03-01T08:07:49.310+0000] {processor.py:830} INFO - Processing file /home/airflow/.local/lib/python3.8/site-packages/airflow/example_dags/example_sensors.py for tasks to queue
[2026-03-01T08:07:49.312+0000] {logging_mixin.py:188} INFO - [2026-03-01T08:07:49.312+0000] {dagbag.py:538} INFO - Filling up the DagBag from /home/airflow/.local/lib/python3.8/site-packages/airflow/example_dags/example_sensors.py
[2026-03-01T08:07:49.323+0000] {processor.py:840} INFO - DAG(s) 'example_sensors' retrieved from /home/airflow/.local/lib/python3.8/site-packages/airflow/example_dags/example_sensors.py
[2026-03-01T08:07:49.421+0000] {logging_mixin.py:188} INFO - [2026-03-01T08:07:49.421+0000] {override.py:1769} INFO - Created Permission View: can edit on DAG:example_sensors
[2026-03-01T08:07:49.432+0000] {logging_mixin.py:188} INFO - [2026-03-01T08:07:49.432+0000] {override.py:1769} INFO - Created Permission View: can delete on DAG:example_sensors
[2026-03-01T08:07:49.440+0000] {logging_mixin.py:188} INFO - [2026-03-01T08:07:49.440+0000] {override.py:1769} INFO - Created Permission View: can read on DAG:example_sensors
[2026-03-01T08:07:49.441+0000] {logging_mixin.py:188} INFO - [2026-03-01T08:07:49.441+0000] {dag.py:3036} INFO - Sync 1 DAGs
[2026-03-01T08:07:49.452+0000] {logging_mixin.py:188} INFO - [2026-03-01T08:07:49.452+0000] {dag.py:3058} INFO - Creating ORM DAG for example_sensors
[2026-03-01T08:07:49.453+0000] {logging_mixin.py:188} INFO - [2026-03-01T08:07:49.453+0000] {dag.py:3823} INFO - Setting next_dagrun for example_sensors to None, run_after=None
[2026-03-01T08:07:49.474+0000] {processor.py:183} INFO - Processing /home/airflow/.local/lib/python3.8/site-packages/airflow/example_dags/example_sensors.py took 0.169 seconds
[2026-03-01T08:08:19.934+0000] {processor.py:161} INFO - Started process (PID=150) to work on /home/airflow/.local/lib/python3.8/site-packages/airflow/example_dags/example_sensors.py
[2026-03-01T08:08:19.937+0000] {processor.py:830} INFO - Processing file /home/airflow/.local/lib/python3.8/site-packages/airflow/example_dags/example_sensors.py for tasks to queue
[2026-03-01T08:08:19.938+0000] {logging_mixin.py:188} INFO - [2026-03-01T08:08:19.938+0000] {dagbag.py:538} INFO - Filling up the DagBag from /home/airflow/.local/lib/python3.8/site-packages/airflow/example_dags/example_sensors.py
[2026-03-01T08:08:19.945+0000] {processor.py:840} INFO - DAG(s) 'example_sensors' retrieved from /home/airflow/.local/lib/python3.8/site-packages/airflow/example_dags/example_sensors.py
[2026-03-01T08:08:19.967+0000] {logging_mixin.py:188} INFO - [2026-03-01T08:08:19.967+0000] {dag.py:3036} INFO - Sync 1 DAGs
[2026-03-01T08:08:19.975+0000] {logging_mixin.py:188} INFO - [2026-03-01T08:08:19.975+0000] {dag.py:3823} INFO - Setting next_dagrun for example_sensors to None, run_after=None
[2026-03-01T08:08:19.990+0000] {processor.py:183} INFO - Processing /home/airflow/.local/lib/python3.8/site-packages/airflow/example_dags/example_sensors.py took 0.059 seconds
[2026-03-01T08:08:50.536+0000] {processor.py:161} INFO - Started process (PID=205) to work on /home/airflow/.local/lib/python3.8/site-packages/airflow/example_dags/example_sensors.py
[2026-03-01T08:08:50.537+0000] {processor.py:830} INFO - Processing file /home/airflow/.local/lib/python3.8/site-packages/airflow/example_dags/example_sensors.py for tasks to queue
[2026-03-01T08:08:50.539+0000] {logging_mixin.py:188} INFO - [2026-03-01T08:08:50.539+0000] {dagbag.py:538} INFO - Filling up the DagBag from /home/airflow/.local/lib/python3.8/site-packages/airflow/example_dags/example_sensors.py
[2026-03-01T08:08:50.545+0000] {processor.py:840} INFO - DAG(s) 'example_sensors' retrieved from /home/airflow/.local/lib/python3.8/site-packages/airflow/example_dags/example_sensors.py
[2026-03-01T08:08:50.562+0000] {logging_mixin.py:188} INFO - [2026-03-01T08:08:50.561+0000] {dag.py:3036} INFO - Sync 1 DAGs
[2026-03-01T08:08:50.569+0000] {logging_mixin.py:188} INFO - [2026-03-01T08:08:50.569+0000] {dag.py:3823} INFO - Setting next_dagrun for example_sensors to None, run_after=None
[2026-03-01T08:08:50.584+0000] {processor.py:183} INFO - Processing /home/airflow/.local/lib/python3.8/site-packages/airflow/example_dags/example_sensors.py took 0.050 seconds
[2026-03-01T08:09:20.809+0000] {processor.py:161} INFO - Started process (PID=260) to work on /home/airflow/.local/lib/python3.8/site-packages/airflow/example_dags/example_sensors.py
[2026-03-01T08:09:20.810+0000] {processor.py:830} INFO - Processing file /home/airflow/.local/lib/python3.8/site-packages/airflow/example_dags/example_sensors.py for tasks to queue
[2026-03-01T08:09:20.812+0000] {logging_mixin.py:188} INFO - [2026-03-01T08:09:20.812+0000] {dagbag.py:538} INFO - Filling up the DagBag from /home/airflow/.local/lib/python3.8/site-packages/airflow/example_dags/example_sensors.py
[2026-03-01T08:09:20.818+0000] {processor.py:840} INFO - DAG(s) 'example_sensors' retrieved from /home/airflow/.local/lib/python3.8/site-packages/airflow/example_dags/example_sensors.py
[2026-03-01T08:09:20.837+0000] {logging_mixin.py:188} INFO - [2026-03-01T08:09:20.837+0000] {dag.py:3036} INFO - Sync 1 DAGs
[2026-03-01T08:09:20.845+0000] {logging_mixin.py:188} INFO - [2026-03-01T08:09:20.845+0000] {dag.py:3823} INFO - Setting next_dagrun for example_sensors to None, run_after=None
[2026-03-01T08:09:20.858+0000] {processor.py:183} INFO - Processing /home/airflow/.local/lib/python3.8/site-packages/airflow/example_dags/example_sensors.py took 0.052 seconds
[2026-03-01T08:09:51.284+0000] {processor.py:161} INFO - Started process (PID=315) to work on /home/airflow/.local/lib/python3.8/site-packages/airflow/example_dags/example_sensors.py
[2026-03-01T08:09:51.285+0000] {processor.py:830} INFO - Processing file /home/airflow/.local/lib/python3.8/site-packages/airflow/example_dags/example_sensors.py for tasks to queue
[2026-03-01T08:09:51.287+0000] {logging_mixin.py:188} INFO - [2026-03-01T08:09:51.287+0000] {dagbag.py:538} INFO - Filling up the DagBag from /home/airflow/.local/lib/python3.8/site-packages/airflow/example_dags/example_sensors.py
[2026-03-01T08:09:51.297+0000] {processor.py:840} INFO - DAG(s) 'example_sensors' retrieved from /home/airflow/.local/lib/python3.8/site-packages/airflow/example_dags/example_sensors.py
[2026-03-01T08:09:51.315+0000] {logging_mixin.py:188} INFO - [2026-03-01T08:09:51.315+0000] {dag.py:3036} INFO - Sync 1 DAGs
[2026-03-01T08:09:51.323+0000] {logging_mixin.py:188} INFO - [2026-03-01T08:09:51.323+0000] {dag.py:3823} INFO - Setting next_dagrun for example_sensors to None, run_after=None
[2026-03-01T08:09:51.337+0000] {processor.py:183} INFO - Processing /home/airflow/.local/lib/python3.8/site-packages/airflow/example_dags/example_sensors.py took 0.055 seconds
[2026-03-01T08:10:21.744+0000] {processor.py:161} INFO - Started process (PID=370) to work on /home/airflow/.local/lib/python3.8/site-packages/airflow/example_dags/example_sensors.py
[2026-03-01T08:10:21.745+0000] {processor.py:830} INFO - Processing file /home/airflow/.local/lib/python3.8/site-packages/airflow/example_dags/example_sensors.py for tasks to queue
[2026-03-01T08:10:21.747+0000] {logging_mixin.py:188} INFO - [2026-03-01T08:10:21.747+0000] {dagbag.py:538} INFO - Filling up the DagBag from /home/airflow/.local/lib/python3.8/site-packages/airflow/example_dags/example_sensors.py
[2026-03-01T08:10:21.754+0000] {processor.py:840} INFO - DAG(s) 'example_sensors' retrieved from /home/airflow/.local/lib/python3.8/site-packages/airflow/example_dags/example_sensors.py
[2026-03-01T08:10:21.774+0000] {logging_mixin.py:188} INFO - [2026-03-01T08:10:21.773+0000] {dag.py:3036} INFO - Sync 1 DAGs
[2026-03-01T08:10:21.781+0000] {logging_mixin.py:188} INFO - [2026-03-01T08:10:21.781+0000] {dag.py:3823} INFO - Setting next_dagrun for example_sensors to None, run_after=None
[2026-03-01T08:10:21.804+0000] {processor.py:183} INFO - Processing /home/airflow/.local/lib/python3.8/site-packages/airflow/example_dags/example_sensors.py took 0.063 seconds
[2026-03-01T08:10:52.392+0000] {processor.py:161} INFO - Started process (PID=425) to work on /home/airflow/.local/lib/python3.8/site-packages/airflow/example_dags/example_sensors.py
[2026-03-01T08:10:52.394+0000] {processor.py:830} INFO - Processing file /home/airflow/.local/lib/python3.8/site-packages/airflow/example_dags/example_sensors.py for tasks to queue
[2026-03-01T08:10:52.396+0000] {logging_mixin.py:188} INFO - [2026-03-01T08:10:52.396+0000] {dagbag.py:538} INFO - Filling up the DagBag from /home/airflow/.local/lib/python3.8/site-packages/airflow/example_dags/example_sensors.py
[2026-03-01T08:10:52.402+0000] {processor.py:840} INFO - DAG(s) 'example_sensors' retrieved from /home/airflow/.local/lib/python3.8/site-packages/airflow/example_dags/example_sensors.py
[2026-03-01T08:10:52.420+0000] {logging_mixin.py:188} INFO - [2026-03-01T08:10:52.420+0000] {dag.py:3036} INFO - Sync 1 DAGs
[2026-03-01T08:10:52.427+0000] {logging_mixin.py:188} INFO - [2026-03-01T08:10:52.427+0000] {dag.py:3823} INFO - Setting next_dagrun for example_sensors to None, run_after=None
[2026-03-01T08:10:52.441+0000] {processor.py:183} INFO - Processing /home/airflow/.local/lib/python3.8/site-packages/airflow/example_dags/example_sensors.py took 0.052 seconds
[2026-03-01T08:11:22.825+0000] {processor.py:161} INFO - Started process (PID=486) to work on /home/airflow/.local/lib/python3.8/site-packages/airflow/example_dags/example_sensors.py
[2026-03-01T08:11:22.826+0000] {processor.py:830} INFO - Processing file /home/airflow/.local/lib/python3.8/site-packages/airflow/example_dags/example_sensors.py for tasks to queue
[2026-03-01T08:11:22.827+0000] {logging_mixin.py:188} INFO - [2026-03-01T08:11:22.827+0000] {dagbag.py:538} INFO - Filling up the DagBag from /home/airflow/.local/lib/python3.8/site-packages/airflow/example_dags/example_sensors.py
[2026-03-01T08:11:22.833+0000] {processor.py:840} INFO - DAG(s) 'example_sensors' retrieved from /home/airflow/.local/lib/python3.8/site-packages/airflow/example_dags/example_sensors.py
[2026-03-01T08:11:22.850+0000] {logging_mixin.py:188} INFO - [2026-03-01T08:11:22.850+0000] {dag.py:3036} INFO - Sync 1 DAGs
[2026-03-01T08:11:22.857+0000] {logging_mixin.py:188} INFO - [2026-03-01T08:11:22.857+0000] {dag.py:3823} INFO - Setting next_dagrun for example_sensors to None, run_after=None
[2026-03-01T08:11:22.870+0000] {processor.py:183} INFO - Processing /home/airflow/.local/lib/python3.8/site-packages/airflow/example_dags/example_sensors.py took 0.047 seconds
[2026-03-01T08:11:52.987+0000] {processor.py:161} INFO - Started process (PID=547) to work on /home/airflow/.local/lib/python3.8/site-packages/airflow/example_dags/example_sensors.py
[2026-03-01T08:11:52.988+0000] {processor.py:830} INFO - Processing file /home/airflow/.local/lib/python3.8/site-packages/airflow/example_dags/example_sensors.py for tasks to queue
[2026-03-01T08:11:52.989+0000] {logging_mixin.py:188} INFO - [2026-03-01T08:11:52.989+0000] {dagbag.py:538} INFO - Filling up the DagBag from /home/airflow/.local/lib/python3.8/site-packages/airflow/example_dags/example_sensors.py
[2026-03-01T08:11:52.995+0000] {processor.py:840} INFO - DAG(s) 'example_sensors' retrieved from /home/airflow/.local/lib/python3.8/site-packages/airflow/example_dags/example_sensors.py
[2026-03-01T08:11:53.010+0000] {logging_mixin.py:188} INFO - [2026-03-01T08:11:53.010+0000] {dag.py:3036} INFO - Sync 1 DAGs
[2026-03-01T08:11:53.018+0000] {logging_mixin.py:188} INFO - [2026-03-01T08:11:53.018+0000] {dag.py:3823} INFO - Setting next_dagrun for example_sensors to None, run_after=None
[2026-03-01T08:11:53.030+0000] {processor.py:183} INFO - Processing /home/airflow/.local/lib/python3.8/site-packages/airflow/example_dags/example_sensors.py took 0.045 seconds
[2026-03-01T08:12:24.056+0000] {processor.py:161} INFO - Started process (PID=625) to work on /home/airflow/.local/lib/python3.8/site-packages/airflow/example_dags/example_sensors.py
[2026-03-01T08:12:24.057+0000] {processor.py:830} INFO - Processing file /home/airflow/.local/lib/python3.8/site-packages/airflow/example_dags/example_sensors.py for tasks to queue
[2026-03-01T08:12:24.059+0000] {logging_mixin.py:188} INFO - [2026-03-01T08:12:24.059+0000] {dagbag.py:538} INFO - Filling up the DagBag from /home/airflow/.local/lib/python3.8/site-packages/airflow/example_dags/example_sensors.py
[2026-03-01T08:12:24.065+0000] {processor.py:840} INFO - DAG(s) 'example_sensors' retrieved from /home/airflow/.local/lib/python3.8/site-packages/airflow/example_dags/example_sensors.py
[2026-03-01T08:12:24.080+0000] {logging_mixin.py:188} INFO - [2026-03-01T08:12:24.080+0000] {dag.py:3036} INFO - Sync 1 DAGs
[2026-03-01T08:12:24.087+0000] {logging_mixin.py:188} INFO - [2026-03-01T08:12:24.086+0000] {dag.py:3823} INFO - Setting next_dagrun for example_sensors to None, run_after=None
[2026-03-01T08:12:24.097+0000] {processor.py:183} INFO - Processing /home/airflow/.local/lib/python3.8/site-packages/airflow/example_dags/example_sensors.py took 0.043 seconds
[2026-03-01T08:12:54.377+0000] {processor.py:161} INFO - Started process (PID=679) to work on /home/airflow/.local/lib/python3.8/site-packages/airflow/example_dags/example_sensors.py
[2026-03-01T08:12:54.378+0000] {processor.py:830} INFO - Processing file /home/airflow/.local/lib/python3.8/site-packages/airflow/example_dags/example_sensors.py for tasks to queue
[2026-03-01T08:12:54.380+0000] {logging_mixin.py:188} INFO - [2026-03-01T08:12:54.380+0000] {dagbag.py:538} INFO - Filling up the DagBag from /home/airflow/.local/lib/python3.8/site-packages/airflow/example_dags/example_sensors.py
[2026-03-01T08:12:54.386+0000] {processor.py:840} INFO - DAG(s) 'example_sensors' retrieved from /home/airflow/.local/lib/python3.8/site-packages/airflow/example_dags/example_sensors.py
[2026-03-01T08:12:54.403+0000] {logging_mixin.py:188} INFO - [2026-03-01T08:12:54.403+0000] {dag.py:3036} INFO - Sync 1 DAGs
[2026-03-01T08:12:54.411+0000] {logging_mixin.py:188} INFO - [2026-03-01T08:12:54.411+0000] {dag.py:3823} INFO - Setting next_dagrun for example_sensors to None, run_after=None
[2026-03-01T08:12:54.426+0000] {processor.py:183} INFO - Processing /home/airflow/.local/lib/python3.8/site-packages/airflow/example_dags/example_sensors.py took 0.051 seconds
[2026-03-01T08:13:24.507+0000] {processor.py:161} INFO - Started process (PID=734) to work on /home/airflow/.local/lib/python3.8/site-packages/airflow/example_dags/example_sensors.py
[2026-03-01T08:13:24.508+0000] {processor.py:830} INFO - Processing file /home/airflow/.local/lib/python3.8/site-packages/airflow/example_dags/example_sensors.py for tasks to queue
[2026-03-01T08:13:24.510+0000] {logging_mixin.py:188} INFO - [2026-03-01T08:13:24.510+0000] {dagbag.py:538} INFO - Filling up the DagBag from /home/airflow/.local/lib/python3.8/site-packages/airflow/example_dags/example_sensors.py
[2026-03-01T08:13:24.517+0000] {processor.py:840} INFO - DAG(s) 'example_sensors' retrieved from /home/airflow/.local/lib/python3.8/site-packages/airflow/example_dags/example_sensors.py
[2026-03-01T08:13:24.533+0000] {logging_mixin.py:188} INFO - [2026-03-01T08:13:24.532+0000] {dag.py:3036} INFO - Sync 1 DAGs
[2026-03-01T08:13:24.540+0000] {logging_mixin.py:188} INFO - [2026-03-01T08:13:24.540+0000] {dag.py:3823} INFO - Setting next_dagrun for example_sensors to None, run_after=None
[2026-03-01T08:13:24.553+0000] {processor.py:183} INFO - Processing /home/airflow/.local/lib/python3.8/site-packages/airflow/example_dags/example_sensors.py took 0.048 seconds
[2026-03-01T08:13:54.928+0000] {processor.py:161} INFO - Started process (PID=812) to work on /home/airflow/.local/lib/python3.8/site-packages/airflow/example_dags/example_sensors.py
[2026-03-01T08:13:54.929+0000] {processor.py:830} INFO - Processing file /home/airflow/.local/lib/python3.8/site-packages/airflow/example_dags/example_sensors.py for tasks to queue
[2026-03-01T08:13:54.931+0000] {logging_mixin.py:188} INFO - [2026-03-01T08:13:54.931+0000] {dagbag.py:538} INFO - Filling up the DagBag from /home/airflow/.local/lib/python3.8/site-packages/airflow/example_dags/example_sensors.py
[2026-03-01T08:13:54.938+0000] {processor.py:840} INFO - DAG(s) 'example_sensors' retrieved from /home/airflow/.local/lib/python3.8/site-packages/airflow/example_dags/example_sensors.py
[2026-03-01T08:13:54.954+0000] {logging_mixin.py:188} INFO - [2026-03-01T08:13:54.954+0000] {dag.py:3036} INFO - Sync 1 DAGs
[2026-03-01T08:13:54.962+0000] {logging_mixin.py:188} INFO - [2026-03-01T08:13:54.962+0000] {dag.py:3823} INFO - Setting next_dagrun for example_sensors to None, run_after=None
[2026-03-01T08:13:54.975+0000] {processor.py:183} INFO - Processing /home/airflow/.local/lib/python3.8/site-packages/airflow/example_dags/example_sensors.py took 0.049 seconds
[2026-03-01T08:14:25.102+0000] {processor.py:161} INFO - Started process (PID=889) to work on /home/airflow/.local/lib/python3.8/site-packages/airflow/example_dags/example_sensors.py
[2026-03-01T08:14:25.103+0000] {processor.py:830} INFO - Processing file /home/airflow/.local/lib/python3.8/site-packages/airflow/example_dags/example_sensors.py for tasks to queue
[2026-03-01T08:14:25.104+0000] {logging_mixin.py:188} INFO - [2026-03-01T08:14:25.104+0000] {dagbag.py:538} INFO - Filling up the DagBag from /home/airflow/.local/lib/python3.8/site-packages/airflow/example_dags/example_sensors.py
[2026-03-01T08:14:25.110+0000] {processor.py:840} INFO - DAG(s) 'example_sensors' retrieved from /home/airflow/.local/lib/python3.8/site-packages/airflow/example_dags/example_sensors.py
[2026-03-01T08:14:25.119+0000] {logging_mixin.py:188} INFO - [2026-03-01T08:14:25.118+0000] {dag.py:3036} INFO - Sync 1 DAGs
[2026-03-01T08:14:25.126+0000] {logging_mixin.py:188} INFO - [2026-03-01T08:14:25.126+0000] {dag.py:3823} INFO - Setting next_dagrun for example_sensors to None, run_after=None
[2026-03-01T08:14:25.151+0000] {processor.py:183} INFO - Processing /home/airflow/.local/lib/python3.8/site-packages/airflow/example_dags/example_sensors.py took 0.051 seconds
[2026-03-01T08:14:55.878+0000] {processor.py:161} INFO - Started process (PID=944) to work on /home/airflow/.local/lib/python3.8/site-packages/airflow/example_dags/example_sensors.py
[2026-03-01T08:14:55.879+0000] {processor.py:830} INFO - Processing file /home/airflow/.local/lib/python3.8/site-packages/airflow/example_dags/example_sensors.py for tasks to queue
[2026-03-01T08:14:55.881+0000] {logging_mixin.py:188} INFO - [2026-03-01T08:14:55.880+0000] {dagbag.py:538} INFO - Filling up the DagBag from /home/airflow/.local/lib/python3.8/site-packages/airflow/example_dags/example_sensors.py
[2026-03-01T08:14:55.887+0000] {processor.py:840} INFO - DAG(s) 'example_sensors' retrieved from /home/airflow/.local/lib/python3.8/site-packages/airflow/example_dags/example_sensors.py
[2026-03-01T08:14:55.943+0000] {logging_mixin.py:188} INFO - [2026-03-01T08:14:55.943+0000] {dag.py:3036} INFO - Sync 1 DAGs
[2026-03-01T08:14:55.950+0000] {logging_mixin.py:188} INFO - [2026-03-01T08:14:55.950+0000] {dag.py:3823} INFO - Setting next_dagrun for example_sensors to None, run_after=None
[2026-03-01T08:14:55.965+0000] {processor.py:183} INFO - Processing /home/airflow/.local/lib/python3.8/site-packages/airflow/example_dags/example_sensors.py took 0.089 seconds
[2026-03-01T08:15:26.327+0000] {processor.py:161} INFO - Started process (PID=999) to work on /home/airflow/.local/lib/python3.8/site-packages/airflow/example_dags/example_sensors.py
[2026-03-01T08:15:26.328+0000] {processor.py:830} INFO - Processing file /home/airflow/.local/lib/python3.8/site-packages/airflow/example_dags/example_sensors.py for tasks to queue
[2026-03-01T08:15:26.329+0000] {logging_mixin.py:188} INFO - [2026-03-01T08:15:26.329+0000] {dagbag.py:538} INFO - Filling up the DagBag from /home/airflow/.local/lib/python3.8/site-packages/airflow/example_dags/example_sensors.py
[2026-03-01T08:15:26.334+0000] {processor.py:840} INFO - DAG(s) 'example_sensors' retrieved from /home/airflow/.local/lib/python3.8/site-packages/airflow/example_dags/example_sensors.py
[2026-03-01T08:15:26.350+0000] {logging_mixin.py:188} INFO - [2026-03-01T08:15:26.350+0000] {dag.py:3036} INFO - Sync 1 DAGs
[2026-03-01T08:15:26.357+0000] {logging_mixin.py:188} INFO - [2026-03-01T08:15:26.357+0000] {dag.py:3823} INFO - Setting next_dagrun for example_sensors to None, run_after=None
[2026-03-01T08:15:26.370+0000] {processor.py:183} INFO - Processing /home/airflow/.local/lib/python3.8/site-packages/airflow/example_dags/example_sensors.py took 0.046 seconds
[2026-03-01T08:15:56.637+0000] {processor.py:161} INFO - Started process (PID=1061) to work on /home/airflow/.local/lib/python3.8/site-packages/airflow/example_dags/example_sensors.py
[2026-03-01T08:15:56.638+0000] {processor.py:830} INFO - Processing file /home/airflow/.local/lib/python3.8/site-packages/airflow/example_dags/example_sensors.py for tasks to queue
[2026-03-01T08:15:56.640+0000] {logging_mixin.py:188} INFO - [2026-03-01T08:15:56.640+0000] {dagbag.py:538} INFO - Filling up the DagBag from /home/airflow/.local/lib/python3.8/site-packages/airflow/example_dags/example_sensors.py
[2026-03-01T08:15:56.646+0000] {processor.py:840} INFO - DAG(s) 'example_sensors' retrieved from /home/airflow/.local/lib/python3.8/site-packages/airflow/example_dags/example_sensors.py
[2026-03-01T08:15:56.662+0000] {logging_mixin.py:188} INFO - [2026-03-01T08:15:56.662+0000] {dag.py:3036} INFO - Sync 1 DAGs
[2026-03-01T08:15:56.672+0000] {logging_mixin.py:188} INFO - [2026-03-01T08:15:56.672+0000] {dag.py:3823} INFO - Setting next_dagrun for example_sensors to None, run_after=None
[2026-03-01T08:15:56.692+0000] {processor.py:183} INFO - Processing /home/airflow/.local/lib/python3.8/site-packages/airflow/example_dags/example_sensors.py took 0.057 seconds
[2026-03-01T08:16:27.036+0000] {processor.py:161} INFO - Started process (PID=1132) to work on /home/airflow/.local/lib/python3.8/site-packages/airflow/example_dags/example_sensors.py
[2026-03-01T08:16:27.037+0000] {processor.py:830} INFO - Processing file /home/airflow/.local/lib/python3.8/site-packages/airflow/example_dags/example_sensors.py for tasks to queue
[2026-03-01T08:16:27.039+0000] {logging_mixin.py:188} INFO - [2026-03-01T08:16:27.039+0000] {dagbag.py:538} INFO - Filling up the DagBag from /home/airflow/.local/lib/python3.8/site-packages/airflow/example_dags/example_sensors.py
[2026-03-01T08:16:27.045+0000] {processor.py:840} INFO - DAG(s) 'example_sensors' retrieved from /home/airflow/.local/lib/python3.8/site-packages/airflow/example_dags/example_sensors.py
[2026-03-01T08:16:27.065+0000] {logging_mixin.py:188} INFO - [2026-03-01T08:16:27.065+0000] {dag.py:3036} INFO - Sync 1 DAGs
[2026-03-01T08:16:27.073+0000] {logging_mixin.py:188} INFO - [2026-03-01T08:16:27.073+0000] {dag.py:3823} INFO - Setting next_dagrun for example_sensors to None, run_after=None
[2026-03-01T08:16:27.087+0000] {processor.py:183} INFO - Processing /home/airflow/.local/lib/python3.8/site-packages/airflow/example_dags/example_sensors.py took 0.054 seconds
[2026-03-01T08:16:57.383+0000] {processor.py:161} INFO - Started process (PID=1193) to work on /home/airflow/.local/lib/python3.8/site-packages/airflow/example_dags/example_sensors.py
[2026-03-01T08:16:57.384+0000] {processor.py:830} INFO - Processing file /home/airflow/.local/lib/python3.8/site-packages/airflow/example_dags/example_sensors.py for tasks to queue
[2026-03-01T08:16:57.387+0000] {logging_mixin.py:188} INFO - [2026-03-01T08:16:57.387+0000] {dagbag.py:538} INFO - Filling up the DagBag from /home/airflow/.local/lib/python3.8/site-packages/airflow/example_dags/example_sensors.py
[2026-03-01T08:16:57.393+0000] {processor.py:840} INFO - DAG(s) 'example_sensors' retrieved from /home/airflow/.local/lib/python3.8/site-packages/airflow/example_dags/example_sensors.py
[2026-03-01T08:16:57.413+0000] {logging_mixin.py:188} INFO - [2026-03-01T08:16:57.412+0000] {dag.py:3036} INFO - Sync 1 DAGs
[2026-03-01T08:16:57.422+0000] {logging_mixin.py:188} INFO - [2026-03-01T08:16:57.422+0000] {dag.py:3823} INFO - Setting next_dagrun for example_sensors to None, run_after=None
[2026-03-01T08:16:57.434+0000] {processor.py:183} INFO - Processing /home/airflow/.local/lib/python3.8/site-packages/airflow/example_dags/example_sensors.py took 0.054 seconds
[2026-03-01T08:17:27.617+0000] {processor.py:161} INFO - Started process (PID=1271) to work on /home/airflow/.local/lib/python3.8/site-packages/airflow/example_dags/example_sensors.py
[2026-03-01T08:17:27.618+0000] {processor.py:830} INFO - Processing file /home/airflow/.local/lib/python3.8/site-packages/airflow/example_dags/example_sensors.py for tasks to queue
[2026-03-01T08:17:27.620+0000] {logging_mixin.py:188} INFO - [2026-03-01T08:17:27.620+0000] {dagbag.py:538} INFO - Filling up the DagBag from /home/airflow/.local/lib/python3.8/site-packages/airflow/example_dags/example_sensors.py
[2026-03-01T08:17:27.625+0000] {processor.py:840} INFO - DAG(s) 'example_sensors' retrieved from /home/airflow/.local/lib/python3.8/site-packages/airflow/example_dags/example_sensors.py
[2026-03-01T08:17:27.641+0000] {logging_mixin.py:188} INFO - [2026-03-01T08:17:27.641+0000] {dag.py:3036} INFO - Sync 1 DAGs
[2026-03-01T08:17:27.649+0000] {logging_mixin.py:188} INFO - [2026-03-01T08:17:27.648+0000] {dag.py:3823} INFO - Setting next_dagrun for example_sensors to None, run_after=None
[2026-03-01T08:17:27.660+0000] {processor.py:183} INFO - Processing /home/airflow/.local/lib/python3.8/site-packages/airflow/example_dags/example_sensors.py took 0.046 seconds
[2026-03-01T08:17:57.843+0000] {processor.py:161} INFO - Started process (PID=1327) to work on /home/airflow/.local/lib/python3.8/site-packages/airflow/example_dags/example_sensors.py
[2026-03-01T08:17:57.844+0000] {processor.py:830} INFO - Processing file /home/airflow/.local/lib/python3.8/site-packages/airflow/example_dags/example_sensors.py for tasks to queue
[2026-03-01T08:17:57.846+0000] {logging_mixin.py:188} INFO - [2026-03-01T08:17:57.846+0000] {dagbag.py:538} INFO - Filling up the DagBag from /home/airflow/.local/lib/python3.8/site-packages/airflow/example_dags/example_sensors.py
[2026-03-01T08:17:57.852+0000] {processor.py:840} INFO - DAG(s) 'example_sensors' retrieved from /home/airflow/.local/lib/python3.8/site-packages/airflow/example_dags/example_sensors.py
[2026-03-01T08:17:57.869+0000] {logging_mixin.py:188} INFO - [2026-03-01T08:17:57.869+0000] {dag.py:3036} INFO - Sync 1 DAGs
[2026-03-01T08:17:57.877+0000] {logging_mixin.py:188} INFO - [2026-03-01T08:17:57.876+0000] {dag.py:3823} INFO - Setting next_dagrun for example_sensors to None, run_after=None
[2026-03-01T08:17:57.890+0000] {processor.py:183} INFO - Processing /home/airflow/.local/lib/python3.8/site-packages/airflow/example_dags/example_sensors.py took 0.050 seconds
[2026-03-01T08:18:28.436+0000] {processor.py:161} INFO - Started process (PID=1383) to work on /home/airflow/.local/lib/python3.8/site-packages/airflow/example_dags/example_sensors.py
[2026-03-01T08:18:28.437+0000] {processor.py:830} INFO - Processing file /home/airflow/.local/lib/python3.8/site-packages/airflow/example_dags/example_sensors.py for tasks to queue
[2026-03-01T08:18:28.439+0000] {logging_mixin.py:188} INFO - [2026-03-01T08:18:28.439+0000] {dagbag.py:538} INFO - Filling up the DagBag from /home/airflow/.local/lib/python3.8/site-packages/airflow/example_dags/example_sensors.py
[2026-03-01T08:18:28.448+0000] {processor.py:840} INFO - DAG(s) 'example_sensors' retrieved from /home/airflow/.local/lib/python3.8/site-packages/airflow/example_dags/example_sensors.py
[2026-03-01T08:18:28.470+0000] {logging_mixin.py:188} INFO - [2026-03-01T08:18:28.470+0000] {dag.py:3036} INFO - Sync 1 DAGs
[2026-03-01T08:18:28.478+0000] {logging_mixin.py:188} INFO - [2026-03-01T08:18:28.478+0000] {dag.py:3823} INFO - Setting next_dagrun for example_sensors to None, run_after=None
[2026-03-01T08:18:28.499+0000] {processor.py:183} INFO - Processing /home/airflow/.local/lib/python3.8/site-packages/airflow/example_dags/example_sensors.py took 0.065 seconds
[2026-03-01T08:18:58.652+0000] {processor.py:161} INFO - Started process (PID=1439) to work on /home/airflow/.local/lib/python3.8/site-packages/airflow/example_dags/example_sensors.py
[2026-03-01T08:18:58.653+0000] {processor.py:830} INFO - Processing file /home/airflow/.local/lib/python3.8/site-packages/airflow/example_dags/example_sensors.py for tasks to queue
[2026-03-01T08:18:58.654+0000] {logging_mixin.py:188} INFO - [2026-03-01T08:18:58.654+0000] {dagbag.py:538} INFO - Filling up the DagBag from /home/airflow/.local/lib/python3.8/site-packages/airflow/example_dags/example_sensors.py
[2026-03-01T08:18:58.660+0000] {processor.py:840} INFO - DAG(s) 'example_sensors' retrieved from /home/airflow/.local/lib/python3.8/site-packages/airflow/example_dags/example_sensors.py
[2026-03-01T08:18:58.678+0000] {logging_mixin.py:188} INFO - [2026-03-01T08:18:58.678+0000] {dag.py:3036} INFO - Sync 1 DAGs
[2026-03-01T08:18:58.686+0000] {logging_mixin.py:188} INFO - [2026-03-01T08:18:58.685+0000] {dag.py:3823} INFO - Setting next_dagrun for example_sensors to None, run_after=None
[2026-03-01T08:18:58.701+0000] {processor.py:183} INFO - Processing /home/airflow/.local/lib/python3.8/site-packages/airflow/example_dags/example_sensors.py took 0.052 seconds
[2026-03-01T08:19:28.964+0000] {processor.py:161} INFO - Started process (PID=1495) to work on /home/airflow/.local/lib/python3.8/site-packages/airflow/example_dags/example_sensors.py
[2026-03-01T08:19:28.965+0000] {processor.py:830} INFO - Processing file /home/airflow/.local/lib/python3.8/site-packages/airflow/example_dags/example_sensors.py for tasks to queue
[2026-03-01T08:19:28.967+0000] {logging_mixin.py:188} INFO - [2026-03-01T08:19:28.967+0000] {dagbag.py:538} INFO - Filling up the DagBag from /home/airflow/.local/lib/python3.8/site-packages/airflow/example_dags/example_sensors.py
[2026-03-01T08:19:28.974+0000] {processor.py:840} INFO - DAG(s) 'example_sensors' retrieved from /home/airflow/.local/lib/python3.8/site-packages/airflow/example_dags/example_sensors.py
[2026-03-01T08:19:28.993+0000] {logging_mixin.py:188} INFO - [2026-03-01T08:19:28.992+0000] {dag.py:3036} INFO - Sync 1 DAGs
[2026-03-01T08:19:29.001+0000] {logging_mixin.py:188} INFO - [2026-03-01T08:19:29.001+0000] {dag.py:3823} INFO - Setting next_dagrun for example_sensors to None, run_after=None
[2026-03-01T08:19:29.016+0000] {processor.py:183} INFO - Processing /home/airflow/.local/lib/python3.8/site-packages/airflow/example_dags/example_sensors.py took 0.055 seconds
[2026-03-01T08:19:59.202+0000] {processor.py:161} INFO - Started process (PID=1551) to work on /home/airflow/.local/lib/python3.8/site-packages/airflow/example_dags/example_sensors.py
[2026-03-01T08:19:59.203+0000] {processor.py:830} INFO - Processing file /home/airflow/.local/lib/python3.8/site-packages/airflow/example_dags/example_sensors.py for tasks to queue
[2026-03-01T08:19:59.205+0000] {logging_mixin.py:188} INFO - [2026-03-01T08:19:59.205+0000] {dagbag.py:538} INFO - Filling up the DagBag from /home/airflow/.local/lib/python3.8/site-packages/airflow/example_dags/example_sensors.py
[2026-03-01T08:19:59.211+0000] {processor.py:840} INFO - DAG(s) 'example_sensors' retrieved from /home/airflow/.local/lib/python3.8/site-packages/airflow/example_dags/example_sensors.py
[2026-03-01T08:19:59.229+0000] {logging_mixin.py:188} INFO - [2026-03-01T08:19:59.228+0000] {dag.py:3036} INFO - Sync 1 DAGs
[2026-03-01T08:19:59.237+0000] {logging_mixin.py:188} INFO - [2026-03-01T08:19:59.236+0000] {dag.py:3823} INFO - Setting next_dagrun for example_sensors to None, run_after=None
[2026-03-01T08:19:59.251+0000] {processor.py:183} INFO - Processing /home/airflow/.local/lib/python3.8/site-packages/airflow/example_dags/example_sensors.py took 0.051 seconds
[2026-03-01T08:20:29.532+0000] {processor.py:161} INFO - Started process (PID=1607) to work on /home/airflow/.local/lib/python3.8/site-packages/airflow/example_dags/example_sensors.py
[2026-03-01T08:20:29.533+0000] {processor.py:830} INFO - Processing file /home/airflow/.local/lib/python3.8/site-packages/airflow/example_dags/example_sensors.py for tasks to queue
[2026-03-01T08:20:29.535+0000] {logging_mixin.py:188} INFO - [2026-03-01T08:20:29.535+0000] {dagbag.py:538} INFO - Filling up the DagBag from /home/airflow/.local/lib/python3.8/site-packages/airflow/example_dags/example_sensors.py
[2026-03-01T08:20:29.541+0000] {processor.py:840} INFO - DAG(s) 'example_sensors' retrieved from /home/airflow/.local/lib/python3.8/site-packages/airflow/example_dags/example_sensors.py
[2026-03-01T08:20:29.560+0000] {logging_mixin.py:188} INFO - [2026-03-01T08:20:29.559+0000] {dag.py:3036} INFO - Sync 1 DAGs
[2026-03-01T08:20:29.568+0000] {logging_mixin.py:188} INFO - [2026-03-01T08:20:29.567+0000] {dag.py:3823} INFO - Setting next_dagrun for example_sensors to None, run_after=None
[2026-03-01T08:20:29.581+0000] {processor.py:183} INFO - Processing /home/airflow/.local/lib/python3.8/site-packages/airflow/example_dags/example_sensors.py took 0.051 seconds
[2026-03-01T08:21:00.460+0000] {processor.py:161} INFO - Started process (PID=1663) to work on /home/airflow/.local/lib/python3.8/site-packages/airflow/example_dags/example_sensors.py
[2026-03-01T08:21:00.461+0000] {processor.py:830} INFO - Processing file /home/airflow/.local/lib/python3.8/site-packages/airflow/example_dags/example_sensors.py for tasks to queue
[2026-03-01T08:21:00.463+0000] {logging_mixin.py:188} INFO - [2026-03-01T08:21:00.463+0000] {dagbag.py:538} INFO - Filling up the DagBag from /home/airflow/.local/lib/python3.8/site-packages/airflow/example_dags/example_sensors.py
[2026-03-01T08:21:00.469+0000] {processor.py:840} INFO - DAG(s) 'example_sensors' retrieved from /home/airflow/.local/lib/python3.8/site-packages/airflow/example_dags/example_sensors.py
[2026-03-01T08:21:00.485+0000] {logging_mixin.py:188} INFO - [2026-03-01T08:21:00.484+0000] {dag.py:3036} INFO - Sync 1 DAGs
[2026-03-01T08:21:00.495+0000] {logging_mixin.py:188} INFO - [2026-03-01T08:21:00.495+0000] {dag.py:3823} INFO - Setting next_dagrun for example_sensors to None, run_after=None
[2026-03-01T08:21:00.507+0000] {processor.py:183} INFO - Processing /home/airflow/.local/lib/python3.8/site-packages/airflow/example_dags/example_sensors.py took 0.049 seconds
[2026-03-01T08:21:30.850+0000] {processor.py:161} INFO - Started process (PID=1719) to work on /home/airflow/.local/lib/python3.8/site-packages/airflow/example_dags/example_sensors.py
[2026-03-01T08:21:30.851+0000] {processor.py:830} INFO - Processing file /home/airflow/.local/lib/python3.8/site-packages/airflow/example_dags/example_sensors.py for tasks to queue
[2026-03-01T08:21:30.853+0000] {logging_mixin.py:188} INFO - [2026-03-01T08:21:30.853+0000] {dagbag.py:538} INFO - Filling up the DagBag from /home/airflow/.local/lib/python3.8/site-packages/airflow/example_dags/example_sensors.py
[2026-03-01T08:21:30.859+0000] {processor.py:840} INFO - DAG(s) 'example_sensors' retrieved from /home/airflow/.local/lib/python3.8/site-packages/airflow/example_dags/example_sensors.py
[2026-03-01T08:21:30.883+0000] {logging_mixin.py:188} INFO - [2026-03-01T08:21:30.883+0000] {dag.py:3036} INFO - Sync 1 DAGs
[2026-03-01T08:21:30.893+0000] {logging_mixin.py:188} INFO - [2026-03-01T08:21:30.893+0000] {dag.py:3823} INFO - Setting next_dagrun for example_sensors to None, run_after=None
[2026-03-01T08:21:30.907+0000] {processor.py:183} INFO - Processing /home/airflow/.local/lib/python3.8/site-packages/airflow/example_dags/example_sensors.py took 0.059 seconds
[2026-03-01T08:22:01.164+0000] {processor.py:161} INFO - Started process (PID=1775) to work on /home/airflow/.local/lib/python3.8/site-packages/airflow/example_dags/example_sensors.py
[2026-03-01T08:22:01.165+0000] {processor.py:830} INFO - Processing file /home/airflow/.local/lib/python3.8/site-packages/airflow/example_dags/example_sensors.py for tasks to queue
[2026-03-01T08:22:01.167+0000] {logging_mixin.py:188} INFO - [2026-03-01T08:22:01.166+0000] {dagbag.py:538} INFO - Filling up the DagBag from /home/airflow/.local/lib/python3.8/site-packages/airflow/example_dags/example_sensors.py
[2026-03-01T08:22:01.172+0000] {processor.py:840} INFO - DAG(s) 'example_sensors' retrieved from /home/airflow/.local/lib/python3.8/site-packages/airflow/example_dags/example_sensors.py
[2026-03-01T08:22:01.190+0000] {logging_mixin.py:188} INFO - [2026-03-01T08:22:01.190+0000] {dag.py:3036} INFO - Sync 1 DAGs
[2026-03-01T08:22:01.201+0000] {logging_mixin.py:188} INFO - [2026-03-01T08:22:01.200+0000] {dag.py:3823} INFO - Setting next_dagrun for example_sensors to None, run_after=None
[2026-03-01T08:22:01.214+0000] {processor.py:183} INFO - Processing /home/airflow/.local/lib/python3.8/site-packages/airflow/example_dags/example_sensors.py took 0.052 seconds
[2026-03-01T08:22:31.512+0000] {processor.py:161} INFO - Started process (PID=1831) to work on /home/airflow/.local/lib/python3.8/site-packages/airflow/example_dags/example_sensors.py
[2026-03-01T08:22:31.514+0000] {processor.py:830} INFO - Processing file /home/airflow/.local/lib/python3.8/site-packages/airflow/example_dags/example_sensors.py for tasks to queue
[2026-03-01T08:22:31.516+0000] {logging_mixin.py:188} INFO - [2026-03-01T08:22:31.516+0000] {dagbag.py:538} INFO - Filling up the DagBag from /home/airflow/.local/lib/python3.8/site-packages/airflow/example_dags/example_sensors.py
[2026-03-01T08:22:31.522+0000] {processor.py:840} INFO - DAG(s) 'example_sensors' retrieved from /home/airflow/.local/lib/python3.8/site-packages/airflow/example_dags/example_sensors.py
[2026-03-01T08:22:31.541+0000] {logging_mixin.py:188} INFO - [2026-03-01T08:22:31.541+0000] {dag.py:3036} INFO - Sync 1 DAGs
[2026-03-01T08:22:31.549+0000] {logging_mixin.py:188} INFO - [2026-03-01T08:22:31.549+0000] {dag.py:3823} INFO - Setting next_dagrun for example_sensors to None, run_after=None
[2026-03-01T08:22:31.563+0000] {processor.py:183} INFO - Processing /home/airflow/.local/lib/python3.8/site-packages/airflow/example_dags/example_sensors.py took 0.053 seconds
[2026-03-01T08:23:01.885+0000] {processor.py:161} INFO - Started process (PID=1887) to work on /home/airflow/.local/lib/python3.8/site-packages/airflow/example_dags/example_sensors.py
[2026-03-01T08:23:01.886+0000] {processor.py:830} INFO - Processing file /home/airflow/.local/lib/python3.8/site-packages/airflow/example_dags/example_sensors.py for tasks to queue
[2026-03-01T08:23:01.887+0000] {logging_mixin.py:188} INFO - [2026-03-01T08:23:01.887+0000] {dagbag.py:538} INFO - Filling up the DagBag from /home/airflow/.local/lib/python3.8/site-packages/airflow/example_dags/example_sensors.py
[2026-03-01T08:23:01.893+0000] {processor.py:840} INFO - DAG(s) 'example_sensors' retrieved from /home/airflow/.local/lib/python3.8/site-packages/airflow/example_dags/example_sensors.py
[2026-03-01T08:23:01.909+0000] {logging_mixin.py:188} INFO - [2026-03-01T08:23:01.909+0000] {dag.py:3036} INFO - Sync 1 DAGs
[2026-03-01T08:23:01.917+0000] {logging_mixin.py:188} INFO - [2026-03-01T08:23:01.917+0000] {dag.py:3823} INFO - Setting next_dagrun for example_sensors to None, run_after=None
[2026-03-01T08:23:01.931+0000] {processor.py:183} INFO - Processing /home/airflow/.local/lib/python3.8/site-packages/airflow/example_dags/example_sensors.py took 0.049 seconds
[2026-03-01T08:23:32.211+0000] {processor.py:161} INFO - Started process (PID=1942) to work on /home/airflow/.local/lib/python3.8/site-packages/airflow/example_dags/example_sensors.py
[2026-03-01T08:23:32.212+0000] {processor.py:830} INFO - Processing file /home/airflow/.local/lib/python3.8/site-packages/airflow/example_dags/example_sensors.py for tasks to queue
[2026-03-01T08:23:32.214+0000] {logging_mixin.py:188} INFO - [2026-03-01T08:23:32.213+0000] {dagbag.py:538} INFO - Filling up the DagBag from /home/airflow/.local/lib/python3.8/site-packages/airflow/example_dags/example_sensors.py
[2026-03-01T08:23:32.220+0000] {processor.py:840} INFO - DAG(s) 'example_sensors' retrieved from /home/airflow/.local/lib/python3.8/site-packages/airflow/example_dags/example_sensors.py
[2026-03-01T08:23:32.238+0000] {logging_mixin.py:188} INFO - [2026-03-01T08:23:32.238+0000] {dag.py:3036} INFO - Sync 1 DAGs
[2026-03-01T08:23:32.247+0000] {logging_mixin.py:188} INFO - [2026-03-01T08:23:32.247+0000] {dag.py:3823} INFO - Setting next_dagrun for example_sensors to None, run_after=None
[2026-03-01T08:23:32.260+0000] {processor.py:183} INFO - Processing /home/airflow/.local/lib/python3.8/site-packages/airflow/example_dags/example_sensors.py took 0.053 seconds
[2026-03-01T08:24:02.453+0000] {processor.py:161} INFO - Started process (PID=1998) to work on /home/airflow/.local/lib/python3.8/site-packages/airflow/example_dags/example_sensors.py
[2026-03-01T08:24:02.456+0000] {processor.py:830} INFO - Processing file /home/airflow/.local/lib/python3.8/site-packages/airflow/example_dags/example_sensors.py for tasks to queue
[2026-03-01T08:24:02.458+0000] {logging_mixin.py:188} INFO - [2026-03-01T08:24:02.458+0000] {dagbag.py:538} INFO - Filling up the DagBag from /home/airflow/.local/lib/python3.8/site-packages/airflow/example_dags/example_sensors.py
[2026-03-01T08:24:02.465+0000] {processor.py:840} INFO - DAG(s) 'example_sensors' retrieved from /home/airflow/.local/lib/python3.8/site-packages/airflow/example_dags/example_sensors.py
[2026-03-01T08:24:02.484+0000] {logging_mixin.py:188} INFO - [2026-03-01T08:24:02.484+0000] {dag.py:3036} INFO - Sync 1 DAGs
[2026-03-01T08:24:02.491+0000] {logging_mixin.py:188} INFO - [2026-03-01T08:24:02.491+0000] {dag.py:3823} INFO - Setting next_dagrun for example_sensors to None, run_after=None
[2026-03-01T08:24:02.503+0000] {processor.py:183} INFO - Processing /home/airflow/.local/lib/python3.8/site-packages/airflow/example_dags/example_sensors.py took 0.052 seconds
[2026-03-01T08:24:32.643+0000] {processor.py:161} INFO - Started process (PID=2054) to work on /home/airflow/.local/lib/python3.8/site-packages/airflow/example_dags/example_sensors.py
[2026-03-01T08:24:32.644+0000] {processor.py:830} INFO - Processing file /home/airflow/.local/lib/python3.8/site-packages/airflow/example_dags/example_sensors.py for tasks to queue
[2026-03-01T08:24:32.645+0000] {logging_mixin.py:188} INFO - [2026-03-01T08:24:32.645+0000] {dagbag.py:538} INFO - Filling up the DagBag from /home/airflow/.local/lib/python3.8/site-packages/airflow/example_dags/example_sensors.py
[2026-03-01T08:24:32.652+0000] {processor.py:840} INFO - DAG(s) 'example_sensors' retrieved from /home/airflow/.local/lib/python3.8/site-packages/airflow/example_dags/example_sensors.py
[2026-03-01T08:24:32.671+0000] {logging_mixin.py:188} INFO - [2026-03-01T08:24:32.671+0000] {dag.py:3036} INFO - Sync 1 DAGs
[2026-03-01T08:24:32.680+0000] {logging_mixin.py:188} INFO - [2026-03-01T08:24:32.680+0000] {dag.py:3823} INFO - Setting next_dagrun for example_sensors to None, run_after=None
[2026-03-01T08:24:32.697+0000] {processor.py:183} INFO - Processing /home/airflow/.local/lib/python3.8/site-packages/airflow/example_dags/example_sensors.py took 0.057 seconds
[2026-03-01T08:25:02.953+0000] {processor.py:161} INFO - Started process (PID=2114) to work on /home/airflow/.local/lib/python3.8/site-packages/airflow/example_dags/example_sensors.py
[2026-03-01T08:25:02.954+0000] {processor.py:830} INFO - Processing file /home/airflow/.local/lib/python3.8/site-packages/airflow/example_dags/example_sensors.py for tasks to queue
[2026-03-01T08:25:02.956+0000] {logging_mixin.py:188} INFO - [2026-03-01T08:25:02.956+0000] {dagbag.py:538} INFO - Filling up the DagBag from /home/airflow/.local/lib/python3.8/site-packages/airflow/example_dags/example_sensors.py
[2026-03-01T08:25:02.964+0000] {processor.py:840} INFO - DAG(s) 'example_sensors' retrieved from /home/airflow/.local/lib/python3.8/site-packages/airflow/example_dags/example_sensors.py
[2026-03-01T08:25:02.982+0000] {logging_mixin.py:188} INFO - [2026-03-01T08:25:02.982+0000] {dag.py:3036} INFO - Sync 1 DAGs
[2026-03-01T08:25:02.990+0000] {logging_mixin.py:188} INFO - [2026-03-01T08:25:02.990+0000] {dag.py:3823} INFO - Setting next_dagrun for example_sensors to None, run_after=None
[2026-03-01T08:25:03.004+0000] {processor.py:183} INFO - Processing /home/airflow/.local/lib/python3.8/site-packages/airflow/example_dags/example_sensors.py took 0.054 seconds
[2026-03-01T08:25:33.226+0000] {processor.py:161} INFO - Started process (PID=2170) to work on /home/airflow/.local/lib/python3.8/site-packages/airflow/example_dags/example_sensors.py
[2026-03-01T08:25:33.228+0000] {processor.py:830} INFO - Processing file /home/airflow/.local/lib/python3.8/site-packages/airflow/example_dags/example_sensors.py for tasks to queue
[2026-03-01T08:25:33.230+0000] {logging_mixin.py:188} INFO - [2026-03-01T08:25:33.230+0000] {dagbag.py:538} INFO - Filling up the DagBag from /home/airflow/.local/lib/python3.8/site-packages/airflow/example_dags/example_sensors.py
[2026-03-01T08:25:33.236+0000] {processor.py:840} INFO - DAG(s) 'example_sensors' retrieved from /home/airflow/.local/lib/python3.8/site-packages/airflow/example_dags/example_sensors.py
[2026-03-01T08:25:33.255+0000] {logging_mixin.py:188} INFO - [2026-03-01T08:25:33.255+0000] {dag.py:3036} INFO - Sync 1 DAGs
[2026-03-01T08:25:33.265+0000] {logging_mixin.py:188} INFO - [2026-03-01T08:25:33.265+0000] {dag.py:3823} INFO - Setting next_dagrun for example_sensors to None, run_after=None
[2026-03-01T08:25:33.279+0000] {processor.py:183} INFO - Processing /home/airflow/.local/lib/python3.8/site-packages/airflow/example_dags/example_sensors.py took 0.056 seconds
[2026-03-01T08:26:03.411+0000] {processor.py:161} INFO - Started process (PID=2226) to work on /home/airflow/.local/lib/python3.8/site-packages/airflow/example_dags/example_sensors.py
[2026-03-01T08:26:03.412+0000] {processor.py:830} INFO - Processing file /home/airflow/.local/lib/python3.8/site-packages/airflow/example_dags/example_sensors.py for tasks to queue
[2026-03-01T08:26:03.414+0000] {logging_mixin.py:188} INFO - [2026-03-01T08:26:03.413+0000] {dagbag.py:538} INFO - Filling up the DagBag from /home/airflow/.local/lib/python3.8/site-packages/airflow/example_dags/example_sensors.py
[2026-03-01T08:26:03.419+0000] {processor.py:840} INFO - DAG(s) 'example_sensors' retrieved from /home/airflow/.local/lib/python3.8/site-packages/airflow/example_dags/example_sensors.py
[2026-03-01T08:26:03.437+0000] {logging_mixin.py:188} INFO - [2026-03-01T08:26:03.437+0000] {dag.py:3036} INFO - Sync 1 DAGs
[2026-03-01T08:26:03.444+0000] {logging_mixin.py:188} INFO - [2026-03-01T08:26:03.444+0000] {dag.py:3823} INFO - Setting next_dagrun for example_sensors to None, run_after=None
[2026-03-01T08:26:03.457+0000] {processor.py:183} INFO - Processing /home/airflow/.local/lib/python3.8/site-packages/airflow/example_dags/example_sensors.py took 0.048 seconds
[2026-03-01T08:26:33.749+0000] {processor.py:161} INFO - Started process (PID=2282) to work on /home/airflow/.local/lib/python3.8/site-packages/airflow/example_dags/example_sensors.py
[2026-03-01T08:26:33.750+0000] {processor.py:830} INFO - Processing file /home/airflow/.local/lib/python3.8/site-packages/airflow/example_dags/example_sensors.py for tasks to queue
[2026-03-01T08:26:33.752+0000] {logging_mixin.py:188} INFO - [2026-03-01T08:26:33.752+0000] {dagbag.py:538} INFO - Filling up the DagBag from /home/airflow/.local/lib/python3.8/site-packages/airflow/example_dags/example_sensors.py
[2026-03-01T08:26:33.758+0000] {processor.py:840} INFO - DAG(s) 'example_sensors' retrieved from /home/airflow/.local/lib/python3.8/site-packages/airflow/example_dags/example_sensors.py
[2026-03-01T08:26:33.774+0000] {logging_mixin.py:188} INFO - [2026-03-01T08:26:33.774+0000] {dag.py:3036} INFO - Sync 1 DAGs
[2026-03-01T08:26:33.782+0000] {logging_mixin.py:188} INFO - [2026-03-01T08:26:33.782+0000] {dag.py:3823} INFO - Setting next_dagrun for example_sensors to None, run_after=None
[2026-03-01T08:26:33.796+0000] {processor.py:183} INFO - Processing /home/airflow/.local/lib/python3.8/site-packages/airflow/example_dags/example_sensors.py took 0.050 seconds
[2026-03-01T08:27:04.186+0000] {processor.py:161} INFO - Started process (PID=2338) to work on /home/airflow/.local/lib/python3.8/site-packages/airflow/example_dags/example_sensors.py
[2026-03-01T08:27:04.187+0000] {processor.py:830} INFO - Processing file /home/airflow/.local/lib/python3.8/site-packages/airflow/example_dags/example_sensors.py for tasks to queue
[2026-03-01T08:27:04.188+0000] {logging_mixin.py:188} INFO - [2026-03-01T08:27:04.188+0000] {dagbag.py:538} INFO - Filling up the DagBag from /home/airflow/.local/lib/python3.8/site-packages/airflow/example_dags/example_sensors.py
[2026-03-01T08:27:04.193+0000] {processor.py:840} INFO - DAG(s) 'example_sensors' retrieved from /home/airflow/.local/lib/python3.8/site-packages/airflow/example_dags/example_sensors.py
[2026-03-01T08:27:04.209+0000] {logging_mixin.py:188} INFO - [2026-03-01T08:27:04.208+0000] {dag.py:3036} INFO - Sync 1 DAGs
[2026-03-01T08:27:04.218+0000] {logging_mixin.py:188} INFO - [2026-03-01T08:27:04.218+0000] {dag.py:3823} INFO - Setting next_dagrun for example_sensors to None, run_after=None
[2026-03-01T08:27:04.231+0000] {processor.py:183} INFO - Processing /home/airflow/.local/lib/python3.8/site-packages/airflow/example_dags/example_sensors.py took 0.047 seconds
[2026-03-01T08:27:34.436+0000] {processor.py:161} INFO - Started process (PID=2393) to work on /home/airflow/.local/lib/python3.8/site-packages/airflow/example_dags/example_sensors.py
[2026-03-01T08:27:34.437+0000] {processor.py:830} INFO - Processing file /home/airflow/.local/lib/python3.8/site-packages/airflow/example_dags/example_sensors.py for tasks to queue
[2026-03-01T08:27:34.438+0000] {logging_mixin.py:188} INFO - [2026-03-01T08:27:34.438+0000] {dagbag.py:538} INFO - Filling up the DagBag from /home/airflow/.local/lib/python3.8/site-packages/airflow/example_dags/example_sensors.py
[2026-03-01T08:27:34.444+0000] {processor.py:840} INFO - DAG(s) 'example_sensors' retrieved from /home/airflow/.local/lib/python3.8/site-packages/airflow/example_dags/example_sensors.py
[2026-03-01T08:27:34.461+0000] {logging_mixin.py:188} INFO - [2026-03-01T08:27:34.461+0000] {dag.py:3036} INFO - Sync 1 DAGs
[2026-03-01T08:27:34.468+0000] {logging_mixin.py:188} INFO - [2026-03-01T08:27:34.468+0000] {dag.py:3823} INFO - Setting next_dagrun for example_sensors to None, run_after=None
[2026-03-01T08:27:34.483+0000] {processor.py:183} INFO - Processing /home/airflow/.local/lib/python3.8/site-packages/airflow/example_dags/example_sensors.py took 0.050 seconds
[2026-03-01T08:28:04.628+0000] {processor.py:161} INFO - Started process (PID=2448) to work on /home/airflow/.local/lib/python3.8/site-packages/airflow/example_dags/example_sensors.py
[2026-03-01T08:28:04.629+0000] {processor.py:830} INFO - Processing file /home/airflow/.local/lib/python3.8/site-packages/airflow/example_dags/example_sensors.py for tasks to queue
[2026-03-01T08:28:04.630+0000] {logging_mixin.py:188} INFO - [2026-03-01T08:28:04.630+0000] {dagbag.py:538} INFO - Filling up the DagBag from /home/airflow/.local/lib/python3.8/site-packages/airflow/example_dags/example_sensors.py
[2026-03-01T08:28:04.636+0000] {processor.py:840} INFO - DAG(s) 'example_sensors' retrieved from /home/airflow/.local/lib/python3.8/site-packages/airflow/example_dags/example_sensors.py
[2026-03-01T08:28:04.654+0000] {logging_mixin.py:188} INFO - [2026-03-01T08:28:04.654+0000] {dag.py:3036} INFO - Sync 1 DAGs
[2026-03-01T08:28:04.662+0000] {logging_mixin.py:188} INFO - [2026-03-01T08:28:04.662+0000] {dag.py:3823} INFO - Setting next_dagrun for example_sensors to None, run_after=None
[2026-03-01T08:28:04.677+0000] {processor.py:183} INFO - Processing /home/airflow/.local/lib/python3.8/site-packages/airflow/example_dags/example_sensors.py took 0.052 seconds
[2026-03-01T08:28:34.858+0000] {processor.py:161} INFO - Started process (PID=2503) to work on /home/airflow/.local/lib/python3.8/site-packages/airflow/example_dags/example_sensors.py
[2026-03-01T08:28:34.859+0000] {processor.py:830} INFO - Processing file /home/airflow/.local/lib/python3.8/site-packages/airflow/example_dags/example_sensors.py for tasks to queue
[2026-03-01T08:28:34.861+0000] {logging_mixin.py:188} INFO - [2026-03-01T08:28:34.861+0000] {dagbag.py:538} INFO - Filling up the DagBag from /home/airflow/.local/lib/python3.8/site-packages/airflow/example_dags/example_sensors.py
[2026-03-01T08:28:34.867+0000] {processor.py:840} INFO - DAG(s) 'example_sensors' retrieved from /home/airflow/.local/lib/python3.8/site-packages/airflow/example_dags/example_sensors.py
[2026-03-01T08:28:34.884+0000] {logging_mixin.py:188} INFO - [2026-03-01T08:28:34.884+0000] {dag.py:3036} INFO - Sync 1 DAGs
[2026-03-01T08:28:34.892+0000] {logging_mixin.py:188} INFO - [2026-03-01T08:28:34.892+0000] {dag.py:3823} INFO - Setting next_dagrun for example_sensors to None, run_after=None
[2026-03-01T08:28:34.904+0000] {processor.py:183} INFO - Processing /home/airflow/.local/lib/python3.8/site-packages/airflow/example_dags/example_sensors.py took 0.048 seconds
[2026-03-01T08:29:05.273+0000] {processor.py:161} INFO - Started process (PID=2559) to work on /home/airflow/.local/lib/python3.8/site-packages/airflow/example_dags/example_sensors.py
[2026-03-01T08:29:05.275+0000] {processor.py:830} INFO - Processing file /home/airflow/.local/lib/python3.8/site-packages/airflow/example_dags/example_sensors.py for tasks to queue
[2026-03-01T08:29:05.276+0000] {logging_mixin.py:188} INFO - [2026-03-01T08:29:05.276+0000] {dagbag.py:538} INFO - Filling up the DagBag from /home/airflow/.local/lib/python3.8/site-packages/airflow/example_dags/example_sensors.py
[2026-03-01T08:29:05.282+0000] {processor.py:840} INFO - DAG(s) 'example_sensors' retrieved from /home/airflow/.local/lib/python3.8/site-packages/airflow/example_dags/example_sensors.py
[2026-03-01T08:29:05.299+0000] {logging_mixin.py:188} INFO - [2026-03-01T08:29:05.299+0000] {dag.py:3036} INFO - Sync 1 DAGs
[2026-03-01T08:29:05.308+0000] {logging_mixin.py:188} INFO - [2026-03-01T08:29:05.307+0000] {dag.py:3823} INFO - Setting next_dagrun for example_sensors to None, run_after=None
[2026-03-01T08:29:05.322+0000] {processor.py:183} INFO - Processing /home/airflow/.local/lib/python3.8/site-packages/airflow/example_dags/example_sensors.py took 0.051 seconds
[2026-03-01T08:29:35.723+0000] {processor.py:161} INFO - Started process (PID=2615) to work on /home/airflow/.local/lib/python3.8/site-packages/airflow/example_dags/example_sensors.py
[2026-03-01T08:29:35.724+0000] {processor.py:830} INFO - Processing file /home/airflow/.local/lib/python3.8/site-packages/airflow/example_dags/example_sensors.py for tasks to queue
[2026-03-01T08:29:35.725+0000] {logging_mixin.py:188} INFO - [2026-03-01T08:29:35.725+0000] {dagbag.py:538} INFO - Filling up the DagBag from /home/airflow/.local/lib/python3.8/site-packages/airflow/example_dags/example_sensors.py
[2026-03-01T08:29:35.731+0000] {processor.py:840} INFO - DAG(s) 'example_sensors' retrieved from /home/airflow/.local/lib/python3.8/site-packages/airflow/example_dags/example_sensors.py
[2026-03-01T08:29:35.748+0000] {logging_mixin.py:188} INFO - [2026-03-01T08:29:35.748+0000] {dag.py:3036} INFO - Sync 1 DAGs
[2026-03-01T08:29:35.756+0000] {logging_mixin.py:188} INFO - [2026-03-01T08:29:35.756+0000] {dag.py:3823} INFO - Setting next_dagrun for example_sensors to None, run_after=None
[2026-03-01T08:29:35.768+0000] {processor.py:183} INFO - Processing /home/airflow/.local/lib/python3.8/site-packages/airflow/example_dags/example_sensors.py took 0.047 seconds
[2026-03-01T08:30:06.351+0000] {processor.py:161} INFO - Started process (PID=2671) to work on /home/airflow/.local/lib/python3.8/site-packages/airflow/example_dags/example_sensors.py
[2026-03-01T08:30:06.352+0000] {processor.py:830} INFO - Processing file /home/airflow/.local/lib/python3.8/site-packages/airflow/example_dags/example_sensors.py for tasks to queue
[2026-03-01T08:30:06.353+0000] {logging_mixin.py:188} INFO - [2026-03-01T08:30:06.353+0000] {dagbag.py:538} INFO - Filling up the DagBag from /home/airflow/.local/lib/python3.8/site-packages/airflow/example_dags/example_sensors.py
[2026-03-01T08:30:06.359+0000] {processor.py:840} INFO - DAG(s) 'example_sensors' retrieved from /home/airflow/.local/lib/python3.8/site-packages/airflow/example_dags/example_sensors.py
[2026-03-01T08:30:06.375+0000] {logging_mixin.py:188} INFO - [2026-03-01T08:30:06.375+0000] {dag.py:3036} INFO - Sync 1 DAGs
[2026-03-01T08:30:06.383+0000] {logging_mixin.py:188} INFO - [2026-03-01T08:30:06.383+0000] {dag.py:3823} INFO - Setting next_dagrun for example_sensors to None, run_after=None
[2026-03-01T08:30:06.396+0000] {processor.py:183} INFO - Processing /home/airflow/.local/lib/python3.8/site-packages/airflow/example_dags/example_sensors.py took 0.048 seconds
