[2026-03-01T08:07:47.632+0000] {processor.py:161} INFO - Started process (PID=72) to work on /home/airflow/.local/lib/python3.8/site-packages/airflow/example_dags/example_setup_teardown.py
[2026-03-01T08:07:47.634+0000] {processor.py:830} INFO - Processing file /home/airflow/.local/lib/python3.8/site-packages/airflow/example_dags/example_setup_teardown.py for tasks to queue
[2026-03-01T08:07:47.636+0000] {logging_mixin.py:188} INFO - [2026-03-01T08:07:47.636+0000] {dagbag.py:538} INFO - Filling up the DagBag from /home/airflow/.local/lib/python3.8/site-packages/airflow/example_dags/example_setup_teardown.py
[2026-03-01T08:07:47.646+0000] {processor.py:840} INFO - DAG(s) 'example_setup_teardown' retrieved from /home/airflow/.local/lib/python3.8/site-packages/airflow/example_dags/example_setup_teardown.py
[2026-03-01T08:07:47.727+0000] {logging_mixin.py:188} INFO - [2026-03-01T08:07:47.727+0000] {override.py:1769} INFO - Created Permission View: can edit on DAG:example_setup_teardown
[2026-03-01T08:07:47.737+0000] {logging_mixin.py:188} INFO - [2026-03-01T08:07:47.737+0000] {override.py:1769} INFO - Created Permission View: can delete on DAG:example_setup_teardown
[2026-03-01T08:07:47.744+0000] {logging_mixin.py:188} INFO - [2026-03-01T08:07:47.744+0000] {override.py:1769} INFO - Created Permission View: can read on DAG:example_setup_teardown
[2026-03-01T08:07:47.745+0000] {logging_mixin.py:188} INFO - [2026-03-01T08:07:47.744+0000] {dag.py:3036} INFO - Sync 1 DAGs
[2026-03-01T08:07:47.755+0000] {logging_mixin.py:188} INFO - [2026-03-01T08:07:47.755+0000] {dag.py:3058} INFO - Creating ORM DAG for example_setup_teardown
[2026-03-01T08:07:47.763+0000] {logging_mixin.py:188} INFO - [2026-03-01T08:07:47.763+0000] {dag.py:3823} INFO - Setting next_dagrun for example_setup_teardown to 2026-02-28 00:00:00+00:00, run_after=2026-03-01 00:00:00+00:00
[2026-03-01T08:07:47.778+0000] {processor.py:183} INFO - Processing /home/airflow/.local/lib/python3.8/site-packages/airflow/example_dags/example_setup_teardown.py took 0.150 seconds
[2026-03-01T08:08:18.176+0000] {processor.py:161} INFO - Started process (PID=128) to work on /home/airflow/.local/lib/python3.8/site-packages/airflow/example_dags/example_setup_teardown.py
[2026-03-01T08:08:18.177+0000] {processor.py:830} INFO - Processing file /home/airflow/.local/lib/python3.8/site-packages/airflow/example_dags/example_setup_teardown.py for tasks to queue
[2026-03-01T08:08:18.178+0000] {logging_mixin.py:188} INFO - [2026-03-01T08:08:18.178+0000] {dagbag.py:538} INFO - Filling up the DagBag from /home/airflow/.local/lib/python3.8/site-packages/airflow/example_dags/example_setup_teardown.py
[2026-03-01T08:08:18.183+0000] {processor.py:840} INFO - DAG(s) 'example_setup_teardown' retrieved from /home/airflow/.local/lib/python3.8/site-packages/airflow/example_dags/example_setup_teardown.py
[2026-03-01T08:08:18.198+0000] {logging_mixin.py:188} INFO - [2026-03-01T08:08:18.198+0000] {dag.py:3036} INFO - Sync 1 DAGs
[2026-03-01T08:08:18.211+0000] {logging_mixin.py:188} INFO - [2026-03-01T08:08:18.211+0000] {dag.py:3823} INFO - Setting next_dagrun for example_setup_teardown to 2026-02-28 00:00:00+00:00, run_after=2026-03-01 00:00:00+00:00
[2026-03-01T08:08:18.223+0000] {processor.py:183} INFO - Processing /home/airflow/.local/lib/python3.8/site-packages/airflow/example_dags/example_setup_teardown.py took 0.050 seconds
[2026-03-01T08:08:48.697+0000] {processor.py:161} INFO - Started process (PID=183) to work on /home/airflow/.local/lib/python3.8/site-packages/airflow/example_dags/example_setup_teardown.py
[2026-03-01T08:08:48.698+0000] {processor.py:830} INFO - Processing file /home/airflow/.local/lib/python3.8/site-packages/airflow/example_dags/example_setup_teardown.py for tasks to queue
[2026-03-01T08:08:48.700+0000] {logging_mixin.py:188} INFO - [2026-03-01T08:08:48.700+0000] {dagbag.py:538} INFO - Filling up the DagBag from /home/airflow/.local/lib/python3.8/site-packages/airflow/example_dags/example_setup_teardown.py
[2026-03-01T08:08:48.705+0000] {processor.py:840} INFO - DAG(s) 'example_setup_teardown' retrieved from /home/airflow/.local/lib/python3.8/site-packages/airflow/example_dags/example_setup_teardown.py
[2026-03-01T08:08:48.719+0000] {logging_mixin.py:188} INFO - [2026-03-01T08:08:48.719+0000] {dag.py:3036} INFO - Sync 1 DAGs
[2026-03-01T08:08:48.732+0000] {logging_mixin.py:188} INFO - [2026-03-01T08:08:48.732+0000] {dag.py:3823} INFO - Setting next_dagrun for example_setup_teardown to 2026-02-28 00:00:00+00:00, run_after=2026-03-01 00:00:00+00:00
[2026-03-01T08:08:48.744+0000] {processor.py:183} INFO - Processing /home/airflow/.local/lib/python3.8/site-packages/airflow/example_dags/example_setup_teardown.py took 0.050 seconds
[2026-03-01T08:09:19.039+0000] {processor.py:161} INFO - Started process (PID=238) to work on /home/airflow/.local/lib/python3.8/site-packages/airflow/example_dags/example_setup_teardown.py
[2026-03-01T08:09:19.042+0000] {processor.py:830} INFO - Processing file /home/airflow/.local/lib/python3.8/site-packages/airflow/example_dags/example_setup_teardown.py for tasks to queue
[2026-03-01T08:09:19.045+0000] {logging_mixin.py:188} INFO - [2026-03-01T08:09:19.045+0000] {dagbag.py:538} INFO - Filling up the DagBag from /home/airflow/.local/lib/python3.8/site-packages/airflow/example_dags/example_setup_teardown.py
[2026-03-01T08:09:19.051+0000] {processor.py:840} INFO - DAG(s) 'example_setup_teardown' retrieved from /home/airflow/.local/lib/python3.8/site-packages/airflow/example_dags/example_setup_teardown.py
[2026-03-01T08:09:19.072+0000] {logging_mixin.py:188} INFO - [2026-03-01T08:09:19.072+0000] {dag.py:3036} INFO - Sync 1 DAGs
[2026-03-01T08:09:19.095+0000] {logging_mixin.py:188} INFO - [2026-03-01T08:09:19.094+0000] {dag.py:3823} INFO - Setting next_dagrun for example_setup_teardown to 2026-02-28 00:00:00+00:00, run_after=2026-03-01 00:00:00+00:00
[2026-03-01T08:09:19.116+0000] {processor.py:183} INFO - Processing /home/airflow/.local/lib/python3.8/site-packages/airflow/example_dags/example_setup_teardown.py took 0.081 seconds
[2026-03-01T08:09:49.403+0000] {processor.py:161} INFO - Started process (PID=293) to work on /home/airflow/.local/lib/python3.8/site-packages/airflow/example_dags/example_setup_teardown.py
[2026-03-01T08:09:49.409+0000] {processor.py:830} INFO - Processing file /home/airflow/.local/lib/python3.8/site-packages/airflow/example_dags/example_setup_teardown.py for tasks to queue
[2026-03-01T08:09:49.417+0000] {logging_mixin.py:188} INFO - [2026-03-01T08:09:49.417+0000] {dagbag.py:538} INFO - Filling up the DagBag from /home/airflow/.local/lib/python3.8/site-packages/airflow/example_dags/example_setup_teardown.py
[2026-03-01T08:09:49.425+0000] {processor.py:840} INFO - DAG(s) 'example_setup_teardown' retrieved from /home/airflow/.local/lib/python3.8/site-packages/airflow/example_dags/example_setup_teardown.py
[2026-03-01T08:09:49.447+0000] {logging_mixin.py:188} INFO - [2026-03-01T08:09:49.447+0000] {dag.py:3036} INFO - Sync 1 DAGs
[2026-03-01T08:09:49.461+0000] {logging_mixin.py:188} INFO - [2026-03-01T08:09:49.461+0000] {dag.py:3823} INFO - Setting next_dagrun for example_setup_teardown to 2026-02-28 00:00:00+00:00, run_after=2026-03-01 00:00:00+00:00
[2026-03-01T08:09:49.478+0000] {processor.py:183} INFO - Processing /home/airflow/.local/lib/python3.8/site-packages/airflow/example_dags/example_setup_teardown.py took 0.078 seconds
[2026-03-01T08:10:20.002+0000] {processor.py:161} INFO - Started process (PID=354) to work on /home/airflow/.local/lib/python3.8/site-packages/airflow/example_dags/example_setup_teardown.py
[2026-03-01T08:10:20.003+0000] {processor.py:830} INFO - Processing file /home/airflow/.local/lib/python3.8/site-packages/airflow/example_dags/example_setup_teardown.py for tasks to queue
[2026-03-01T08:10:20.005+0000] {logging_mixin.py:188} INFO - [2026-03-01T08:10:20.005+0000] {dagbag.py:538} INFO - Filling up the DagBag from /home/airflow/.local/lib/python3.8/site-packages/airflow/example_dags/example_setup_teardown.py
[2026-03-01T08:10:20.010+0000] {processor.py:840} INFO - DAG(s) 'example_setup_teardown' retrieved from /home/airflow/.local/lib/python3.8/site-packages/airflow/example_dags/example_setup_teardown.py
[2026-03-01T08:10:20.025+0000] {logging_mixin.py:188} INFO - [2026-03-01T08:10:20.025+0000] {dag.py:3036} INFO - Sync 1 DAGs
[2026-03-01T08:10:20.038+0000] {logging_mixin.py:188} INFO - [2026-03-01T08:10:20.038+0000] {dag.py:3823} INFO - Setting next_dagrun for example_setup_teardown to 2026-02-28 00:00:00+00:00, run_after=2026-03-01 00:00:00+00:00
[2026-03-01T08:10:20.051+0000] {processor.py:183} INFO - Processing /home/airflow/.local/lib/python3.8/site-packages/airflow/example_dags/example_setup_teardown.py took 0.052 seconds
[2026-03-01T08:10:50.588+0000] {processor.py:161} INFO - Started process (PID=409) to work on /home/airflow/.local/lib/python3.8/site-packages/airflow/example_dags/example_setup_teardown.py
[2026-03-01T08:10:50.589+0000] {processor.py:830} INFO - Processing file /home/airflow/.local/lib/python3.8/site-packages/airflow/example_dags/example_setup_teardown.py for tasks to queue
[2026-03-01T08:10:50.591+0000] {logging_mixin.py:188} INFO - [2026-03-01T08:10:50.590+0000] {dagbag.py:538} INFO - Filling up the DagBag from /home/airflow/.local/lib/python3.8/site-packages/airflow/example_dags/example_setup_teardown.py
[2026-03-01T08:10:50.596+0000] {processor.py:840} INFO - DAG(s) 'example_setup_teardown' retrieved from /home/airflow/.local/lib/python3.8/site-packages/airflow/example_dags/example_setup_teardown.py
[2026-03-01T08:10:50.613+0000] {logging_mixin.py:188} INFO - [2026-03-01T08:10:50.612+0000] {dag.py:3036} INFO - Sync 1 DAGs
[2026-03-01T08:10:50.628+0000] {logging_mixin.py:188} INFO - [2026-03-01T08:10:50.628+0000] {dag.py:3823} INFO - Setting next_dagrun for example_setup_teardown to 2026-02-28 00:00:00+00:00, run_after=2026-03-01 00:00:00+00:00
[2026-03-01T08:10:50.641+0000] {processor.py:183} INFO - Processing /home/airflow/.local/lib/python3.8/site-packages/airflow/example_dags/example_setup_teardown.py took 0.056 seconds
[2026-03-01T08:11:21.081+0000] {processor.py:161} INFO - Started process (PID=470) to work on /home/airflow/.local/lib/python3.8/site-packages/airflow/example_dags/example_setup_teardown.py
[2026-03-01T08:11:21.082+0000] {processor.py:830} INFO - Processing file /home/airflow/.local/lib/python3.8/site-packages/airflow/example_dags/example_setup_teardown.py for tasks to queue
[2026-03-01T08:11:21.085+0000] {logging_mixin.py:188} INFO - [2026-03-01T08:11:21.084+0000] {dagbag.py:538} INFO - Filling up the DagBag from /home/airflow/.local/lib/python3.8/site-packages/airflow/example_dags/example_setup_teardown.py
[2026-03-01T08:11:21.090+0000] {processor.py:840} INFO - DAG(s) 'example_setup_teardown' retrieved from /home/airflow/.local/lib/python3.8/site-packages/airflow/example_dags/example_setup_teardown.py
[2026-03-01T08:11:21.105+0000] {logging_mixin.py:188} INFO - [2026-03-01T08:11:21.105+0000] {dag.py:3036} INFO - Sync 1 DAGs
[2026-03-01T08:11:21.117+0000] {logging_mixin.py:188} INFO - [2026-03-01T08:11:21.117+0000] {dag.py:3823} INFO - Setting next_dagrun for example_setup_teardown to 2026-02-28 00:00:00+00:00, run_after=2026-03-01 00:00:00+00:00
[2026-03-01T08:11:21.130+0000] {processor.py:183} INFO - Processing /home/airflow/.local/lib/python3.8/site-packages/airflow/example_dags/example_setup_teardown.py took 0.052 seconds
[2026-03-01T08:11:51.236+0000] {processor.py:161} INFO - Started process (PID=525) to work on /home/airflow/.local/lib/python3.8/site-packages/airflow/example_dags/example_setup_teardown.py
[2026-03-01T08:11:51.237+0000] {processor.py:830} INFO - Processing file /home/airflow/.local/lib/python3.8/site-packages/airflow/example_dags/example_setup_teardown.py for tasks to queue
[2026-03-01T08:11:51.238+0000] {logging_mixin.py:188} INFO - [2026-03-01T08:11:51.238+0000] {dagbag.py:538} INFO - Filling up the DagBag from /home/airflow/.local/lib/python3.8/site-packages/airflow/example_dags/example_setup_teardown.py
[2026-03-01T08:11:51.243+0000] {processor.py:840} INFO - DAG(s) 'example_setup_teardown' retrieved from /home/airflow/.local/lib/python3.8/site-packages/airflow/example_dags/example_setup_teardown.py
[2026-03-01T08:11:51.257+0000] {logging_mixin.py:188} INFO - [2026-03-01T08:11:51.257+0000] {dag.py:3036} INFO - Sync 1 DAGs
[2026-03-01T08:11:51.273+0000] {logging_mixin.py:188} INFO - [2026-03-01T08:11:51.273+0000] {dag.py:3823} INFO - Setting next_dagrun for example_setup_teardown to 2026-02-28 00:00:00+00:00, run_after=2026-03-01 00:00:00+00:00
[2026-03-01T08:11:51.286+0000] {processor.py:183} INFO - Processing /home/airflow/.local/lib/python3.8/site-packages/airflow/example_dags/example_setup_teardown.py took 0.052 seconds
[2026-03-01T08:12:22.255+0000] {processor.py:161} INFO - Started process (PID=609) to work on /home/airflow/.local/lib/python3.8/site-packages/airflow/example_dags/example_setup_teardown.py
[2026-03-01T08:12:22.256+0000] {processor.py:830} INFO - Processing file /home/airflow/.local/lib/python3.8/site-packages/airflow/example_dags/example_setup_teardown.py for tasks to queue
[2026-03-01T08:12:22.258+0000] {logging_mixin.py:188} INFO - [2026-03-01T08:12:22.257+0000] {dagbag.py:538} INFO - Filling up the DagBag from /home/airflow/.local/lib/python3.8/site-packages/airflow/example_dags/example_setup_teardown.py
[2026-03-01T08:12:22.264+0000] {processor.py:840} INFO - DAG(s) 'example_setup_teardown' retrieved from /home/airflow/.local/lib/python3.8/site-packages/airflow/example_dags/example_setup_teardown.py
[2026-03-01T08:12:22.280+0000] {logging_mixin.py:188} INFO - [2026-03-01T08:12:22.279+0000] {dag.py:3036} INFO - Sync 1 DAGs
[2026-03-01T08:12:22.293+0000] {logging_mixin.py:188} INFO - [2026-03-01T08:12:22.293+0000] {dag.py:3823} INFO - Setting next_dagrun for example_setup_teardown to 2026-02-28 00:00:00+00:00, run_after=2026-03-01 00:00:00+00:00
[2026-03-01T08:12:22.305+0000] {processor.py:183} INFO - Processing /home/airflow/.local/lib/python3.8/site-packages/airflow/example_dags/example_setup_teardown.py took 0.052 seconds
[2026-03-01T08:12:52.634+0000] {processor.py:161} INFO - Started process (PID=663) to work on /home/airflow/.local/lib/python3.8/site-packages/airflow/example_dags/example_setup_teardown.py
[2026-03-01T08:12:52.636+0000] {processor.py:830} INFO - Processing file /home/airflow/.local/lib/python3.8/site-packages/airflow/example_dags/example_setup_teardown.py for tasks to queue
[2026-03-01T08:12:52.637+0000] {logging_mixin.py:188} INFO - [2026-03-01T08:12:52.637+0000] {dagbag.py:538} INFO - Filling up the DagBag from /home/airflow/.local/lib/python3.8/site-packages/airflow/example_dags/example_setup_teardown.py
[2026-03-01T08:12:52.642+0000] {processor.py:840} INFO - DAG(s) 'example_setup_teardown' retrieved from /home/airflow/.local/lib/python3.8/site-packages/airflow/example_dags/example_setup_teardown.py
[2026-03-01T08:12:52.656+0000] {logging_mixin.py:188} INFO - [2026-03-01T08:12:52.655+0000] {dag.py:3036} INFO - Sync 1 DAGs
[2026-03-01T08:12:52.670+0000] {logging_mixin.py:188} INFO - [2026-03-01T08:12:52.669+0000] {dag.py:3823} INFO - Setting next_dagrun for example_setup_teardown to 2026-02-28 00:00:00+00:00, run_after=2026-03-01 00:00:00+00:00
[2026-03-01T08:12:52.682+0000] {processor.py:183} INFO - Processing /home/airflow/.local/lib/python3.8/site-packages/airflow/example_dags/example_setup_teardown.py took 0.050 seconds
[2026-03-01T08:13:22.816+0000] {processor.py:161} INFO - Started process (PID=718) to work on /home/airflow/.local/lib/python3.8/site-packages/airflow/example_dags/example_setup_teardown.py
[2026-03-01T08:13:22.816+0000] {processor.py:830} INFO - Processing file /home/airflow/.local/lib/python3.8/site-packages/airflow/example_dags/example_setup_teardown.py for tasks to queue
[2026-03-01T08:13:22.818+0000] {logging_mixin.py:188} INFO - [2026-03-01T08:13:22.818+0000] {dagbag.py:538} INFO - Filling up the DagBag from /home/airflow/.local/lib/python3.8/site-packages/airflow/example_dags/example_setup_teardown.py
[2026-03-01T08:13:22.822+0000] {processor.py:840} INFO - DAG(s) 'example_setup_teardown' retrieved from /home/airflow/.local/lib/python3.8/site-packages/airflow/example_dags/example_setup_teardown.py
[2026-03-01T08:13:22.836+0000] {logging_mixin.py:188} INFO - [2026-03-01T08:13:22.836+0000] {dag.py:3036} INFO - Sync 1 DAGs
[2026-03-01T08:13:22.850+0000] {logging_mixin.py:188} INFO - [2026-03-01T08:13:22.850+0000] {dag.py:3823} INFO - Setting next_dagrun for example_setup_teardown to 2026-02-28 00:00:00+00:00, run_after=2026-03-01 00:00:00+00:00
[2026-03-01T08:13:22.861+0000] {processor.py:183} INFO - Processing /home/airflow/.local/lib/python3.8/site-packages/airflow/example_dags/example_setup_teardown.py took 0.048 seconds
[2026-03-01T08:13:53.136+0000] {processor.py:161} INFO - Started process (PID=796) to work on /home/airflow/.local/lib/python3.8/site-packages/airflow/example_dags/example_setup_teardown.py
[2026-03-01T08:13:53.137+0000] {processor.py:830} INFO - Processing file /home/airflow/.local/lib/python3.8/site-packages/airflow/example_dags/example_setup_teardown.py for tasks to queue
[2026-03-01T08:13:53.140+0000] {logging_mixin.py:188} INFO - [2026-03-01T08:13:53.139+0000] {dagbag.py:538} INFO - Filling up the DagBag from /home/airflow/.local/lib/python3.8/site-packages/airflow/example_dags/example_setup_teardown.py
[2026-03-01T08:13:53.144+0000] {processor.py:840} INFO - DAG(s) 'example_setup_teardown' retrieved from /home/airflow/.local/lib/python3.8/site-packages/airflow/example_dags/example_setup_teardown.py
[2026-03-01T08:13:53.158+0000] {logging_mixin.py:188} INFO - [2026-03-01T08:13:53.158+0000] {dag.py:3036} INFO - Sync 1 DAGs
[2026-03-01T08:13:53.171+0000] {logging_mixin.py:188} INFO - [2026-03-01T08:13:53.170+0000] {dag.py:3823} INFO - Setting next_dagrun for example_setup_teardown to 2026-02-28 00:00:00+00:00, run_after=2026-03-01 00:00:00+00:00
[2026-03-01T08:13:53.182+0000] {processor.py:183} INFO - Processing /home/airflow/.local/lib/python3.8/site-packages/airflow/example_dags/example_setup_teardown.py took 0.049 seconds
[2026-03-01T08:14:23.379+0000] {processor.py:161} INFO - Started process (PID=873) to work on /home/airflow/.local/lib/python3.8/site-packages/airflow/example_dags/example_setup_teardown.py
[2026-03-01T08:14:23.381+0000] {processor.py:830} INFO - Processing file /home/airflow/.local/lib/python3.8/site-packages/airflow/example_dags/example_setup_teardown.py for tasks to queue
[2026-03-01T08:14:23.383+0000] {logging_mixin.py:188} INFO - [2026-03-01T08:14:23.383+0000] {dagbag.py:538} INFO - Filling up the DagBag from /home/airflow/.local/lib/python3.8/site-packages/airflow/example_dags/example_setup_teardown.py
[2026-03-01T08:14:23.387+0000] {processor.py:840} INFO - DAG(s) 'example_setup_teardown' retrieved from /home/airflow/.local/lib/python3.8/site-packages/airflow/example_dags/example_setup_teardown.py
[2026-03-01T08:14:23.395+0000] {logging_mixin.py:188} INFO - [2026-03-01T08:14:23.395+0000] {dag.py:3036} INFO - Sync 1 DAGs
[2026-03-01T08:14:23.409+0000] {logging_mixin.py:188} INFO - [2026-03-01T08:14:23.409+0000] {dag.py:3823} INFO - Setting next_dagrun for example_setup_teardown to 2026-02-28 00:00:00+00:00, run_after=2026-03-01 00:00:00+00:00
[2026-03-01T08:14:23.422+0000] {processor.py:183} INFO - Processing /home/airflow/.local/lib/python3.8/site-packages/airflow/example_dags/example_setup_teardown.py took 0.045 seconds
[2026-03-01T08:14:53.963+0000] {processor.py:161} INFO - Started process (PID=928) to work on /home/airflow/.local/lib/python3.8/site-packages/airflow/example_dags/example_setup_teardown.py
[2026-03-01T08:14:53.964+0000] {processor.py:830} INFO - Processing file /home/airflow/.local/lib/python3.8/site-packages/airflow/example_dags/example_setup_teardown.py for tasks to queue
[2026-03-01T08:14:53.966+0000] {logging_mixin.py:188} INFO - [2026-03-01T08:14:53.966+0000] {dagbag.py:538} INFO - Filling up the DagBag from /home/airflow/.local/lib/python3.8/site-packages/airflow/example_dags/example_setup_teardown.py
[2026-03-01T08:14:53.970+0000] {processor.py:840} INFO - DAG(s) 'example_setup_teardown' retrieved from /home/airflow/.local/lib/python3.8/site-packages/airflow/example_dags/example_setup_teardown.py
[2026-03-01T08:14:54.027+0000] {logging_mixin.py:188} INFO - [2026-03-01T08:14:54.027+0000] {dag.py:3036} INFO - Sync 1 DAGs
[2026-03-01T08:14:54.039+0000] {logging_mixin.py:188} INFO - [2026-03-01T08:14:54.039+0000] {dag.py:3823} INFO - Setting next_dagrun for example_setup_teardown to 2026-02-28 00:00:00+00:00, run_after=2026-03-01 00:00:00+00:00
[2026-03-01T08:14:54.051+0000] {processor.py:183} INFO - Processing /home/airflow/.local/lib/python3.8/site-packages/airflow/example_dags/example_setup_teardown.py took 0.090 seconds
[2026-03-01T08:15:24.646+0000] {processor.py:161} INFO - Started process (PID=983) to work on /home/airflow/.local/lib/python3.8/site-packages/airflow/example_dags/example_setup_teardown.py
[2026-03-01T08:15:24.647+0000] {processor.py:830} INFO - Processing file /home/airflow/.local/lib/python3.8/site-packages/airflow/example_dags/example_setup_teardown.py for tasks to queue
[2026-03-01T08:15:24.649+0000] {logging_mixin.py:188} INFO - [2026-03-01T08:15:24.649+0000] {dagbag.py:538} INFO - Filling up the DagBag from /home/airflow/.local/lib/python3.8/site-packages/airflow/example_dags/example_setup_teardown.py
[2026-03-01T08:15:24.654+0000] {processor.py:840} INFO - DAG(s) 'example_setup_teardown' retrieved from /home/airflow/.local/lib/python3.8/site-packages/airflow/example_dags/example_setup_teardown.py
[2026-03-01T08:15:24.667+0000] {logging_mixin.py:188} INFO - [2026-03-01T08:15:24.667+0000] {dag.py:3036} INFO - Sync 1 DAGs
[2026-03-01T08:15:24.681+0000] {logging_mixin.py:188} INFO - [2026-03-01T08:15:24.681+0000] {dag.py:3823} INFO - Setting next_dagrun for example_setup_teardown to 2026-02-28 00:00:00+00:00, run_after=2026-03-01 00:00:00+00:00
[2026-03-01T08:15:24.692+0000] {processor.py:183} INFO - Processing /home/airflow/.local/lib/python3.8/site-packages/airflow/example_dags/example_setup_teardown.py took 0.049 seconds
[2026-03-01T08:15:54.866+0000] {processor.py:161} INFO - Started process (PID=1038) to work on /home/airflow/.local/lib/python3.8/site-packages/airflow/example_dags/example_setup_teardown.py
[2026-03-01T08:15:54.867+0000] {processor.py:830} INFO - Processing file /home/airflow/.local/lib/python3.8/site-packages/airflow/example_dags/example_setup_teardown.py for tasks to queue
[2026-03-01T08:15:54.869+0000] {logging_mixin.py:188} INFO - [2026-03-01T08:15:54.868+0000] {dagbag.py:538} INFO - Filling up the DagBag from /home/airflow/.local/lib/python3.8/site-packages/airflow/example_dags/example_setup_teardown.py
[2026-03-01T08:15:54.873+0000] {processor.py:840} INFO - DAG(s) 'example_setup_teardown' retrieved from /home/airflow/.local/lib/python3.8/site-packages/airflow/example_dags/example_setup_teardown.py
[2026-03-01T08:15:54.887+0000] {logging_mixin.py:188} INFO - [2026-03-01T08:15:54.887+0000] {dag.py:3036} INFO - Sync 1 DAGs
[2026-03-01T08:15:54.901+0000] {logging_mixin.py:188} INFO - [2026-03-01T08:15:54.900+0000] {dag.py:3823} INFO - Setting next_dagrun for example_setup_teardown to 2026-02-28 00:00:00+00:00, run_after=2026-03-01 00:00:00+00:00
[2026-03-01T08:15:54.913+0000] {processor.py:183} INFO - Processing /home/airflow/.local/lib/python3.8/site-packages/airflow/example_dags/example_setup_teardown.py took 0.049 seconds
[2026-03-01T08:16:25.216+0000] {processor.py:161} INFO - Started process (PID=1116) to work on /home/airflow/.local/lib/python3.8/site-packages/airflow/example_dags/example_setup_teardown.py
[2026-03-01T08:16:25.217+0000] {processor.py:830} INFO - Processing file /home/airflow/.local/lib/python3.8/site-packages/airflow/example_dags/example_setup_teardown.py for tasks to queue
[2026-03-01T08:16:25.219+0000] {logging_mixin.py:188} INFO - [2026-03-01T08:16:25.219+0000] {dagbag.py:538} INFO - Filling up the DagBag from /home/airflow/.local/lib/python3.8/site-packages/airflow/example_dags/example_setup_teardown.py
[2026-03-01T08:16:25.224+0000] {processor.py:840} INFO - DAG(s) 'example_setup_teardown' retrieved from /home/airflow/.local/lib/python3.8/site-packages/airflow/example_dags/example_setup_teardown.py
[2026-03-01T08:16:25.242+0000] {logging_mixin.py:188} INFO - [2026-03-01T08:16:25.241+0000] {dag.py:3036} INFO - Sync 1 DAGs
[2026-03-01T08:16:25.256+0000] {logging_mixin.py:188} INFO - [2026-03-01T08:16:25.256+0000] {dag.py:3823} INFO - Setting next_dagrun for example_setup_teardown to 2026-02-28 00:00:00+00:00, run_after=2026-03-01 00:00:00+00:00
[2026-03-01T08:16:25.269+0000] {processor.py:183} INFO - Processing /home/airflow/.local/lib/python3.8/site-packages/airflow/example_dags/example_setup_teardown.py took 0.055 seconds
[2026-03-01T08:16:55.570+0000] {processor.py:161} INFO - Started process (PID=1177) to work on /home/airflow/.local/lib/python3.8/site-packages/airflow/example_dags/example_setup_teardown.py
[2026-03-01T08:16:55.571+0000] {processor.py:830} INFO - Processing file /home/airflow/.local/lib/python3.8/site-packages/airflow/example_dags/example_setup_teardown.py for tasks to queue
[2026-03-01T08:16:55.573+0000] {logging_mixin.py:188} INFO - [2026-03-01T08:16:55.573+0000] {dagbag.py:538} INFO - Filling up the DagBag from /home/airflow/.local/lib/python3.8/site-packages/airflow/example_dags/example_setup_teardown.py
[2026-03-01T08:16:55.578+0000] {processor.py:840} INFO - DAG(s) 'example_setup_teardown' retrieved from /home/airflow/.local/lib/python3.8/site-packages/airflow/example_dags/example_setup_teardown.py
[2026-03-01T08:16:55.594+0000] {logging_mixin.py:188} INFO - [2026-03-01T08:16:55.594+0000] {dag.py:3036} INFO - Sync 1 DAGs
[2026-03-01T08:16:55.608+0000] {logging_mixin.py:188} INFO - [2026-03-01T08:16:55.608+0000] {dag.py:3823} INFO - Setting next_dagrun for example_setup_teardown to 2026-02-28 00:00:00+00:00, run_after=2026-03-01 00:00:00+00:00
[2026-03-01T08:16:55.622+0000] {processor.py:183} INFO - Processing /home/airflow/.local/lib/python3.8/site-packages/airflow/example_dags/example_setup_teardown.py took 0.055 seconds
[2026-03-01T08:17:25.819+0000] {processor.py:161} INFO - Started process (PID=1255) to work on /home/airflow/.local/lib/python3.8/site-packages/airflow/example_dags/example_setup_teardown.py
[2026-03-01T08:17:25.820+0000] {processor.py:830} INFO - Processing file /home/airflow/.local/lib/python3.8/site-packages/airflow/example_dags/example_setup_teardown.py for tasks to queue
[2026-03-01T08:17:25.822+0000] {logging_mixin.py:188} INFO - [2026-03-01T08:17:25.822+0000] {dagbag.py:538} INFO - Filling up the DagBag from /home/airflow/.local/lib/python3.8/site-packages/airflow/example_dags/example_setup_teardown.py
[2026-03-01T08:17:25.826+0000] {processor.py:840} INFO - DAG(s) 'example_setup_teardown' retrieved from /home/airflow/.local/lib/python3.8/site-packages/airflow/example_dags/example_setup_teardown.py
[2026-03-01T08:17:25.841+0000] {logging_mixin.py:188} INFO - [2026-03-01T08:17:25.841+0000] {dag.py:3036} INFO - Sync 1 DAGs
[2026-03-01T08:17:25.855+0000] {logging_mixin.py:188} INFO - [2026-03-01T08:17:25.855+0000] {dag.py:3823} INFO - Setting next_dagrun for example_setup_teardown to 2026-02-28 00:00:00+00:00, run_after=2026-03-01 00:00:00+00:00
[2026-03-01T08:17:25.868+0000] {processor.py:183} INFO - Processing /home/airflow/.local/lib/python3.8/site-packages/airflow/example_dags/example_setup_teardown.py took 0.051 seconds
[2026-03-01T08:17:56.051+0000] {processor.py:161} INFO - Started process (PID=1310) to work on /home/airflow/.local/lib/python3.8/site-packages/airflow/example_dags/example_setup_teardown.py
[2026-03-01T08:17:56.052+0000] {processor.py:830} INFO - Processing file /home/airflow/.local/lib/python3.8/site-packages/airflow/example_dags/example_setup_teardown.py for tasks to queue
[2026-03-01T08:17:56.054+0000] {logging_mixin.py:188} INFO - [2026-03-01T08:17:56.054+0000] {dagbag.py:538} INFO - Filling up the DagBag from /home/airflow/.local/lib/python3.8/site-packages/airflow/example_dags/example_setup_teardown.py
[2026-03-01T08:17:56.060+0000] {processor.py:840} INFO - DAG(s) 'example_setup_teardown' retrieved from /home/airflow/.local/lib/python3.8/site-packages/airflow/example_dags/example_setup_teardown.py
[2026-03-01T08:17:56.077+0000] {logging_mixin.py:188} INFO - [2026-03-01T08:17:56.076+0000] {dag.py:3036} INFO - Sync 1 DAGs
[2026-03-01T08:17:56.090+0000] {logging_mixin.py:188} INFO - [2026-03-01T08:17:56.090+0000] {dag.py:3823} INFO - Setting next_dagrun for example_setup_teardown to 2026-02-28 00:00:00+00:00, run_after=2026-03-01 00:00:00+00:00
[2026-03-01T08:17:56.106+0000] {processor.py:183} INFO - Processing /home/airflow/.local/lib/python3.8/site-packages/airflow/example_dags/example_setup_teardown.py took 0.057 seconds
[2026-03-01T08:18:26.506+0000] {processor.py:161} INFO - Started process (PID=1366) to work on /home/airflow/.local/lib/python3.8/site-packages/airflow/example_dags/example_setup_teardown.py
[2026-03-01T08:18:26.507+0000] {processor.py:830} INFO - Processing file /home/airflow/.local/lib/python3.8/site-packages/airflow/example_dags/example_setup_teardown.py for tasks to queue
[2026-03-01T08:18:26.509+0000] {logging_mixin.py:188} INFO - [2026-03-01T08:18:26.509+0000] {dagbag.py:538} INFO - Filling up the DagBag from /home/airflow/.local/lib/python3.8/site-packages/airflow/example_dags/example_setup_teardown.py
[2026-03-01T08:18:26.514+0000] {processor.py:840} INFO - DAG(s) 'example_setup_teardown' retrieved from /home/airflow/.local/lib/python3.8/site-packages/airflow/example_dags/example_setup_teardown.py
[2026-03-01T08:18:26.531+0000] {logging_mixin.py:188} INFO - [2026-03-01T08:18:26.531+0000] {dag.py:3036} INFO - Sync 1 DAGs
[2026-03-01T08:18:26.545+0000] {logging_mixin.py:188} INFO - [2026-03-01T08:18:26.545+0000] {dag.py:3823} INFO - Setting next_dagrun for example_setup_teardown to 2026-02-28 00:00:00+00:00, run_after=2026-03-01 00:00:00+00:00
[2026-03-01T08:18:26.568+0000] {processor.py:183} INFO - Processing /home/airflow/.local/lib/python3.8/site-packages/airflow/example_dags/example_setup_teardown.py took 0.065 seconds
[2026-03-01T08:18:56.830+0000] {processor.py:161} INFO - Started process (PID=1422) to work on /home/airflow/.local/lib/python3.8/site-packages/airflow/example_dags/example_setup_teardown.py
[2026-03-01T08:18:56.831+0000] {processor.py:830} INFO - Processing file /home/airflow/.local/lib/python3.8/site-packages/airflow/example_dags/example_setup_teardown.py for tasks to queue
[2026-03-01T08:18:56.832+0000] {logging_mixin.py:188} INFO - [2026-03-01T08:18:56.832+0000] {dagbag.py:538} INFO - Filling up the DagBag from /home/airflow/.local/lib/python3.8/site-packages/airflow/example_dags/example_setup_teardown.py
[2026-03-01T08:18:56.837+0000] {processor.py:840} INFO - DAG(s) 'example_setup_teardown' retrieved from /home/airflow/.local/lib/python3.8/site-packages/airflow/example_dags/example_setup_teardown.py
[2026-03-01T08:18:56.851+0000] {logging_mixin.py:188} INFO - [2026-03-01T08:18:56.851+0000] {dag.py:3036} INFO - Sync 1 DAGs
[2026-03-01T08:18:56.866+0000] {logging_mixin.py:188} INFO - [2026-03-01T08:18:56.866+0000] {dag.py:3823} INFO - Setting next_dagrun for example_setup_teardown to 2026-02-28 00:00:00+00:00, run_after=2026-03-01 00:00:00+00:00
[2026-03-01T08:18:56.877+0000] {processor.py:183} INFO - Processing /home/airflow/.local/lib/python3.8/site-packages/airflow/example_dags/example_setup_teardown.py took 0.049 seconds
[2026-03-01T08:19:27.090+0000] {processor.py:161} INFO - Started process (PID=1477) to work on /home/airflow/.local/lib/python3.8/site-packages/airflow/example_dags/example_setup_teardown.py
[2026-03-01T08:19:27.092+0000] {processor.py:830} INFO - Processing file /home/airflow/.local/lib/python3.8/site-packages/airflow/example_dags/example_setup_teardown.py for tasks to queue
[2026-03-01T08:19:27.095+0000] {logging_mixin.py:188} INFO - [2026-03-01T08:19:27.094+0000] {dagbag.py:538} INFO - Filling up the DagBag from /home/airflow/.local/lib/python3.8/site-packages/airflow/example_dags/example_setup_teardown.py
[2026-03-01T08:19:27.100+0000] {processor.py:840} INFO - DAG(s) 'example_setup_teardown' retrieved from /home/airflow/.local/lib/python3.8/site-packages/airflow/example_dags/example_setup_teardown.py
[2026-03-01T08:19:27.116+0000] {logging_mixin.py:188} INFO - [2026-03-01T08:19:27.115+0000] {dag.py:3036} INFO - Sync 1 DAGs
[2026-03-01T08:19:27.129+0000] {logging_mixin.py:188} INFO - [2026-03-01T08:19:27.129+0000] {dag.py:3823} INFO - Setting next_dagrun for example_setup_teardown to 2026-02-28 00:00:00+00:00, run_after=2026-03-01 00:00:00+00:00
[2026-03-01T08:19:27.142+0000] {processor.py:183} INFO - Processing /home/airflow/.local/lib/python3.8/site-packages/airflow/example_dags/example_setup_teardown.py took 0.055 seconds
[2026-03-01T08:19:57.399+0000] {processor.py:161} INFO - Started process (PID=1535) to work on /home/airflow/.local/lib/python3.8/site-packages/airflow/example_dags/example_setup_teardown.py
[2026-03-01T08:19:57.400+0000] {processor.py:830} INFO - Processing file /home/airflow/.local/lib/python3.8/site-packages/airflow/example_dags/example_setup_teardown.py for tasks to queue
[2026-03-01T08:19:57.402+0000] {logging_mixin.py:188} INFO - [2026-03-01T08:19:57.402+0000] {dagbag.py:538} INFO - Filling up the DagBag from /home/airflow/.local/lib/python3.8/site-packages/airflow/example_dags/example_setup_teardown.py
[2026-03-01T08:19:57.407+0000] {processor.py:840} INFO - DAG(s) 'example_setup_teardown' retrieved from /home/airflow/.local/lib/python3.8/site-packages/airflow/example_dags/example_setup_teardown.py
[2026-03-01T08:19:57.422+0000] {logging_mixin.py:188} INFO - [2026-03-01T08:19:57.421+0000] {dag.py:3036} INFO - Sync 1 DAGs
[2026-03-01T08:19:57.435+0000] {logging_mixin.py:188} INFO - [2026-03-01T08:19:57.435+0000] {dag.py:3823} INFO - Setting next_dagrun for example_setup_teardown to 2026-02-28 00:00:00+00:00, run_after=2026-03-01 00:00:00+00:00
[2026-03-01T08:19:57.446+0000] {processor.py:183} INFO - Processing /home/airflow/.local/lib/python3.8/site-packages/airflow/example_dags/example_setup_teardown.py took 0.049 seconds
[2026-03-01T08:20:27.754+0000] {processor.py:161} INFO - Started process (PID=1591) to work on /home/airflow/.local/lib/python3.8/site-packages/airflow/example_dags/example_setup_teardown.py
[2026-03-01T08:20:27.755+0000] {processor.py:830} INFO - Processing file /home/airflow/.local/lib/python3.8/site-packages/airflow/example_dags/example_setup_teardown.py for tasks to queue
[2026-03-01T08:20:27.757+0000] {logging_mixin.py:188} INFO - [2026-03-01T08:20:27.757+0000] {dagbag.py:538} INFO - Filling up the DagBag from /home/airflow/.local/lib/python3.8/site-packages/airflow/example_dags/example_setup_teardown.py
[2026-03-01T08:20:27.762+0000] {processor.py:840} INFO - DAG(s) 'example_setup_teardown' retrieved from /home/airflow/.local/lib/python3.8/site-packages/airflow/example_dags/example_setup_teardown.py
[2026-03-01T08:20:27.776+0000] {logging_mixin.py:188} INFO - [2026-03-01T08:20:27.776+0000] {dag.py:3036} INFO - Sync 1 DAGs
[2026-03-01T08:20:27.790+0000] {logging_mixin.py:188} INFO - [2026-03-01T08:20:27.790+0000] {dag.py:3823} INFO - Setting next_dagrun for example_setup_teardown to 2026-02-28 00:00:00+00:00, run_after=2026-03-01 00:00:00+00:00
[2026-03-01T08:20:27.802+0000] {processor.py:183} INFO - Processing /home/airflow/.local/lib/python3.8/site-packages/airflow/example_dags/example_setup_teardown.py took 0.050 seconds
[2026-03-01T08:20:58.757+0000] {processor.py:161} INFO - Started process (PID=1647) to work on /home/airflow/.local/lib/python3.8/site-packages/airflow/example_dags/example_setup_teardown.py
[2026-03-01T08:20:58.758+0000] {processor.py:830} INFO - Processing file /home/airflow/.local/lib/python3.8/site-packages/airflow/example_dags/example_setup_teardown.py for tasks to queue
[2026-03-01T08:20:58.760+0000] {logging_mixin.py:188} INFO - [2026-03-01T08:20:58.759+0000] {dagbag.py:538} INFO - Filling up the DagBag from /home/airflow/.local/lib/python3.8/site-packages/airflow/example_dags/example_setup_teardown.py
[2026-03-01T08:20:58.765+0000] {processor.py:840} INFO - DAG(s) 'example_setup_teardown' retrieved from /home/airflow/.local/lib/python3.8/site-packages/airflow/example_dags/example_setup_teardown.py
[2026-03-01T08:20:58.783+0000] {logging_mixin.py:188} INFO - [2026-03-01T08:20:58.783+0000] {dag.py:3036} INFO - Sync 1 DAGs
[2026-03-01T08:20:58.800+0000] {logging_mixin.py:188} INFO - [2026-03-01T08:20:58.800+0000] {dag.py:3823} INFO - Setting next_dagrun for example_setup_teardown to 2026-02-28 00:00:00+00:00, run_after=2026-03-01 00:00:00+00:00
[2026-03-01T08:20:58.814+0000] {processor.py:183} INFO - Processing /home/airflow/.local/lib/python3.8/site-packages/airflow/example_dags/example_setup_teardown.py took 0.060 seconds
[2026-03-01T08:21:29.001+0000] {processor.py:161} INFO - Started process (PID=1703) to work on /home/airflow/.local/lib/python3.8/site-packages/airflow/example_dags/example_setup_teardown.py
[2026-03-01T08:21:29.002+0000] {processor.py:830} INFO - Processing file /home/airflow/.local/lib/python3.8/site-packages/airflow/example_dags/example_setup_teardown.py for tasks to queue
[2026-03-01T08:21:29.003+0000] {logging_mixin.py:188} INFO - [2026-03-01T08:21:29.003+0000] {dagbag.py:538} INFO - Filling up the DagBag from /home/airflow/.local/lib/python3.8/site-packages/airflow/example_dags/example_setup_teardown.py
[2026-03-01T08:21:29.009+0000] {processor.py:840} INFO - DAG(s) 'example_setup_teardown' retrieved from /home/airflow/.local/lib/python3.8/site-packages/airflow/example_dags/example_setup_teardown.py
[2026-03-01T08:21:29.023+0000] {logging_mixin.py:188} INFO - [2026-03-01T08:21:29.023+0000] {dag.py:3036} INFO - Sync 1 DAGs
[2026-03-01T08:21:29.037+0000] {logging_mixin.py:188} INFO - [2026-03-01T08:21:29.037+0000] {dag.py:3823} INFO - Setting next_dagrun for example_setup_teardown to 2026-02-28 00:00:00+00:00, run_after=2026-03-01 00:00:00+00:00
[2026-03-01T08:21:29.051+0000] {processor.py:183} INFO - Processing /home/airflow/.local/lib/python3.8/site-packages/airflow/example_dags/example_setup_teardown.py took 0.053 seconds
[2026-03-01T08:21:59.399+0000] {processor.py:161} INFO - Started process (PID=1759) to work on /home/airflow/.local/lib/python3.8/site-packages/airflow/example_dags/example_setup_teardown.py
[2026-03-01T08:21:59.400+0000] {processor.py:830} INFO - Processing file /home/airflow/.local/lib/python3.8/site-packages/airflow/example_dags/example_setup_teardown.py for tasks to queue
[2026-03-01T08:21:59.401+0000] {logging_mixin.py:188} INFO - [2026-03-01T08:21:59.401+0000] {dagbag.py:538} INFO - Filling up the DagBag from /home/airflow/.local/lib/python3.8/site-packages/airflow/example_dags/example_setup_teardown.py
[2026-03-01T08:21:59.408+0000] {processor.py:840} INFO - DAG(s) 'example_setup_teardown' retrieved from /home/airflow/.local/lib/python3.8/site-packages/airflow/example_dags/example_setup_teardown.py
[2026-03-01T08:21:59.423+0000] {logging_mixin.py:188} INFO - [2026-03-01T08:21:59.422+0000] {dag.py:3036} INFO - Sync 1 DAGs
[2026-03-01T08:21:59.438+0000] {logging_mixin.py:188} INFO - [2026-03-01T08:21:59.438+0000] {dag.py:3823} INFO - Setting next_dagrun for example_setup_teardown to 2026-02-28 00:00:00+00:00, run_after=2026-03-01 00:00:00+00:00
[2026-03-01T08:21:59.453+0000] {processor.py:183} INFO - Processing /home/airflow/.local/lib/python3.8/site-packages/airflow/example_dags/example_setup_teardown.py took 0.057 seconds
[2026-03-01T08:22:29.720+0000] {processor.py:161} INFO - Started process (PID=1815) to work on /home/airflow/.local/lib/python3.8/site-packages/airflow/example_dags/example_setup_teardown.py
[2026-03-01T08:22:29.722+0000] {processor.py:830} INFO - Processing file /home/airflow/.local/lib/python3.8/site-packages/airflow/example_dags/example_setup_teardown.py for tasks to queue
[2026-03-01T08:22:29.723+0000] {logging_mixin.py:188} INFO - [2026-03-01T08:22:29.723+0000] {dagbag.py:538} INFO - Filling up the DagBag from /home/airflow/.local/lib/python3.8/site-packages/airflow/example_dags/example_setup_teardown.py
[2026-03-01T08:22:29.728+0000] {processor.py:840} INFO - DAG(s) 'example_setup_teardown' retrieved from /home/airflow/.local/lib/python3.8/site-packages/airflow/example_dags/example_setup_teardown.py
[2026-03-01T08:22:29.745+0000] {logging_mixin.py:188} INFO - [2026-03-01T08:22:29.745+0000] {dag.py:3036} INFO - Sync 1 DAGs
[2026-03-01T08:22:29.758+0000] {logging_mixin.py:188} INFO - [2026-03-01T08:22:29.758+0000] {dag.py:3823} INFO - Setting next_dagrun for example_setup_teardown to 2026-02-28 00:00:00+00:00, run_after=2026-03-01 00:00:00+00:00
[2026-03-01T08:22:29.773+0000] {processor.py:183} INFO - Processing /home/airflow/.local/lib/python3.8/site-packages/airflow/example_dags/example_setup_teardown.py took 0.056 seconds
[2026-03-01T08:23:00.152+0000] {processor.py:161} INFO - Started process (PID=1871) to work on /home/airflow/.local/lib/python3.8/site-packages/airflow/example_dags/example_setup_teardown.py
[2026-03-01T08:23:00.154+0000] {processor.py:830} INFO - Processing file /home/airflow/.local/lib/python3.8/site-packages/airflow/example_dags/example_setup_teardown.py for tasks to queue
[2026-03-01T08:23:00.156+0000] {logging_mixin.py:188} INFO - [2026-03-01T08:23:00.155+0000] {dagbag.py:538} INFO - Filling up the DagBag from /home/airflow/.local/lib/python3.8/site-packages/airflow/example_dags/example_setup_teardown.py
[2026-03-01T08:23:00.161+0000] {processor.py:840} INFO - DAG(s) 'example_setup_teardown' retrieved from /home/airflow/.local/lib/python3.8/site-packages/airflow/example_dags/example_setup_teardown.py
[2026-03-01T08:23:00.178+0000] {logging_mixin.py:188} INFO - [2026-03-01T08:23:00.178+0000] {dag.py:3036} INFO - Sync 1 DAGs
[2026-03-01T08:23:00.193+0000] {logging_mixin.py:188} INFO - [2026-03-01T08:23:00.193+0000] {dag.py:3823} INFO - Setting next_dagrun for example_setup_teardown to 2026-02-28 00:00:00+00:00, run_after=2026-03-01 00:00:00+00:00
[2026-03-01T08:23:00.208+0000] {processor.py:183} INFO - Processing /home/airflow/.local/lib/python3.8/site-packages/airflow/example_dags/example_setup_teardown.py took 0.060 seconds
[2026-03-01T08:23:30.317+0000] {processor.py:161} INFO - Started process (PID=1927) to work on /home/airflow/.local/lib/python3.8/site-packages/airflow/example_dags/example_setup_teardown.py
[2026-03-01T08:23:30.319+0000] {processor.py:830} INFO - Processing file /home/airflow/.local/lib/python3.8/site-packages/airflow/example_dags/example_setup_teardown.py for tasks to queue
[2026-03-01T08:23:30.320+0000] {logging_mixin.py:188} INFO - [2026-03-01T08:23:30.320+0000] {dagbag.py:538} INFO - Filling up the DagBag from /home/airflow/.local/lib/python3.8/site-packages/airflow/example_dags/example_setup_teardown.py
[2026-03-01T08:23:30.327+0000] {processor.py:840} INFO - DAG(s) 'example_setup_teardown' retrieved from /home/airflow/.local/lib/python3.8/site-packages/airflow/example_dags/example_setup_teardown.py
[2026-03-01T08:23:30.346+0000] {logging_mixin.py:188} INFO - [2026-03-01T08:23:30.346+0000] {dag.py:3036} INFO - Sync 1 DAGs
[2026-03-01T08:23:30.362+0000] {logging_mixin.py:188} INFO - [2026-03-01T08:23:30.362+0000] {dag.py:3823} INFO - Setting next_dagrun for example_setup_teardown to 2026-02-28 00:00:00+00:00, run_after=2026-03-01 00:00:00+00:00
[2026-03-01T08:23:30.377+0000] {processor.py:183} INFO - Processing /home/airflow/.local/lib/python3.8/site-packages/airflow/example_dags/example_setup_teardown.py took 0.063 seconds
[2026-03-01T08:24:00.710+0000] {processor.py:161} INFO - Started process (PID=1983) to work on /home/airflow/.local/lib/python3.8/site-packages/airflow/example_dags/example_setup_teardown.py
[2026-03-01T08:24:00.711+0000] {processor.py:830} INFO - Processing file /home/airflow/.local/lib/python3.8/site-packages/airflow/example_dags/example_setup_teardown.py for tasks to queue
[2026-03-01T08:24:00.714+0000] {logging_mixin.py:188} INFO - [2026-03-01T08:24:00.713+0000] {dagbag.py:538} INFO - Filling up the DagBag from /home/airflow/.local/lib/python3.8/site-packages/airflow/example_dags/example_setup_teardown.py
[2026-03-01T08:24:00.719+0000] {processor.py:840} INFO - DAG(s) 'example_setup_teardown' retrieved from /home/airflow/.local/lib/python3.8/site-packages/airflow/example_dags/example_setup_teardown.py
[2026-03-01T08:24:00.738+0000] {logging_mixin.py:188} INFO - [2026-03-01T08:24:00.737+0000] {dag.py:3036} INFO - Sync 1 DAGs
[2026-03-01T08:24:00.753+0000] {logging_mixin.py:188} INFO - [2026-03-01T08:24:00.753+0000] {dag.py:3823} INFO - Setting next_dagrun for example_setup_teardown to 2026-02-28 00:00:00+00:00, run_after=2026-03-01 00:00:00+00:00
[2026-03-01T08:24:00.770+0000] {processor.py:183} INFO - Processing /home/airflow/.local/lib/python3.8/site-packages/airflow/example_dags/example_setup_teardown.py took 0.063 seconds
[2026-03-01T08:24:30.961+0000] {processor.py:161} INFO - Started process (PID=2039) to work on /home/airflow/.local/lib/python3.8/site-packages/airflow/example_dags/example_setup_teardown.py
[2026-03-01T08:24:30.962+0000] {processor.py:830} INFO - Processing file /home/airflow/.local/lib/python3.8/site-packages/airflow/example_dags/example_setup_teardown.py for tasks to queue
[2026-03-01T08:24:30.964+0000] {logging_mixin.py:188} INFO - [2026-03-01T08:24:30.964+0000] {dagbag.py:538} INFO - Filling up the DagBag from /home/airflow/.local/lib/python3.8/site-packages/airflow/example_dags/example_setup_teardown.py
[2026-03-01T08:24:30.970+0000] {processor.py:840} INFO - DAG(s) 'example_setup_teardown' retrieved from /home/airflow/.local/lib/python3.8/site-packages/airflow/example_dags/example_setup_teardown.py
[2026-03-01T08:24:30.986+0000] {logging_mixin.py:188} INFO - [2026-03-01T08:24:30.986+0000] {dag.py:3036} INFO - Sync 1 DAGs
[2026-03-01T08:24:31.000+0000] {logging_mixin.py:188} INFO - [2026-03-01T08:24:31.000+0000] {dag.py:3823} INFO - Setting next_dagrun for example_setup_teardown to 2026-02-28 00:00:00+00:00, run_after=2026-03-01 00:00:00+00:00
[2026-03-01T08:24:31.014+0000] {processor.py:183} INFO - Processing /home/airflow/.local/lib/python3.8/site-packages/airflow/example_dags/example_setup_teardown.py took 0.056 seconds
[2026-03-01T08:25:01.111+0000] {processor.py:161} INFO - Started process (PID=2099) to work on /home/airflow/.local/lib/python3.8/site-packages/airflow/example_dags/example_setup_teardown.py
[2026-03-01T08:25:01.113+0000] {processor.py:830} INFO - Processing file /home/airflow/.local/lib/python3.8/site-packages/airflow/example_dags/example_setup_teardown.py for tasks to queue
[2026-03-01T08:25:01.114+0000] {logging_mixin.py:188} INFO - [2026-03-01T08:25:01.114+0000] {dagbag.py:538} INFO - Filling up the DagBag from /home/airflow/.local/lib/python3.8/site-packages/airflow/example_dags/example_setup_teardown.py
[2026-03-01T08:25:01.119+0000] {processor.py:840} INFO - DAG(s) 'example_setup_teardown' retrieved from /home/airflow/.local/lib/python3.8/site-packages/airflow/example_dags/example_setup_teardown.py
[2026-03-01T08:25:01.133+0000] {logging_mixin.py:188} INFO - [2026-03-01T08:25:01.133+0000] {dag.py:3036} INFO - Sync 1 DAGs
[2026-03-01T08:25:01.147+0000] {logging_mixin.py:188} INFO - [2026-03-01T08:25:01.147+0000] {dag.py:3823} INFO - Setting next_dagrun for example_setup_teardown to 2026-02-28 00:00:00+00:00, run_after=2026-03-01 00:00:00+00:00
[2026-03-01T08:25:01.161+0000] {processor.py:183} INFO - Processing /home/airflow/.local/lib/python3.8/site-packages/airflow/example_dags/example_setup_teardown.py took 0.052 seconds
[2026-03-01T08:25:31.478+0000] {processor.py:161} INFO - Started process (PID=2155) to work on /home/airflow/.local/lib/python3.8/site-packages/airflow/example_dags/example_setup_teardown.py
[2026-03-01T08:25:31.480+0000] {processor.py:830} INFO - Processing file /home/airflow/.local/lib/python3.8/site-packages/airflow/example_dags/example_setup_teardown.py for tasks to queue
[2026-03-01T08:25:31.481+0000] {logging_mixin.py:188} INFO - [2026-03-01T08:25:31.481+0000] {dagbag.py:538} INFO - Filling up the DagBag from /home/airflow/.local/lib/python3.8/site-packages/airflow/example_dags/example_setup_teardown.py
[2026-03-01T08:25:31.486+0000] {processor.py:840} INFO - DAG(s) 'example_setup_teardown' retrieved from /home/airflow/.local/lib/python3.8/site-packages/airflow/example_dags/example_setup_teardown.py
[2026-03-01T08:25:31.501+0000] {logging_mixin.py:188} INFO - [2026-03-01T08:25:31.501+0000] {dag.py:3036} INFO - Sync 1 DAGs
[2026-03-01T08:25:31.514+0000] {logging_mixin.py:188} INFO - [2026-03-01T08:25:31.514+0000] {dag.py:3823} INFO - Setting next_dagrun for example_setup_teardown to 2026-02-28 00:00:00+00:00, run_after=2026-03-01 00:00:00+00:00
[2026-03-01T08:25:31.526+0000] {processor.py:183} INFO - Processing /home/airflow/.local/lib/python3.8/site-packages/airflow/example_dags/example_setup_teardown.py took 0.050 seconds
[2026-03-01T08:26:01.669+0000] {processor.py:161} INFO - Started process (PID=2211) to work on /home/airflow/.local/lib/python3.8/site-packages/airflow/example_dags/example_setup_teardown.py
[2026-03-01T08:26:01.670+0000] {processor.py:830} INFO - Processing file /home/airflow/.local/lib/python3.8/site-packages/airflow/example_dags/example_setup_teardown.py for tasks to queue
[2026-03-01T08:26:01.671+0000] {logging_mixin.py:188} INFO - [2026-03-01T08:26:01.671+0000] {dagbag.py:538} INFO - Filling up the DagBag from /home/airflow/.local/lib/python3.8/site-packages/airflow/example_dags/example_setup_teardown.py
[2026-03-01T08:26:01.676+0000] {processor.py:840} INFO - DAG(s) 'example_setup_teardown' retrieved from /home/airflow/.local/lib/python3.8/site-packages/airflow/example_dags/example_setup_teardown.py
[2026-03-01T08:26:01.691+0000] {logging_mixin.py:188} INFO - [2026-03-01T08:26:01.691+0000] {dag.py:3036} INFO - Sync 1 DAGs
[2026-03-01T08:26:01.705+0000] {logging_mixin.py:188} INFO - [2026-03-01T08:26:01.705+0000] {dag.py:3823} INFO - Setting next_dagrun for example_setup_teardown to 2026-02-28 00:00:00+00:00, run_after=2026-03-01 00:00:00+00:00
[2026-03-01T08:26:01.719+0000] {processor.py:183} INFO - Processing /home/airflow/.local/lib/python3.8/site-packages/airflow/example_dags/example_setup_teardown.py took 0.052 seconds
[2026-03-01T08:26:32.136+0000] {processor.py:161} INFO - Started process (PID=2267) to work on /home/airflow/.local/lib/python3.8/site-packages/airflow/example_dags/example_setup_teardown.py
[2026-03-01T08:26:32.137+0000] {processor.py:830} INFO - Processing file /home/airflow/.local/lib/python3.8/site-packages/airflow/example_dags/example_setup_teardown.py for tasks to queue
[2026-03-01T08:26:32.139+0000] {logging_mixin.py:188} INFO - [2026-03-01T08:26:32.139+0000] {dagbag.py:538} INFO - Filling up the DagBag from /home/airflow/.local/lib/python3.8/site-packages/airflow/example_dags/example_setup_teardown.py
[2026-03-01T08:26:32.144+0000] {processor.py:840} INFO - DAG(s) 'example_setup_teardown' retrieved from /home/airflow/.local/lib/python3.8/site-packages/airflow/example_dags/example_setup_teardown.py
[2026-03-01T08:26:32.158+0000] {logging_mixin.py:188} INFO - [2026-03-01T08:26:32.158+0000] {dag.py:3036} INFO - Sync 1 DAGs
[2026-03-01T08:26:32.171+0000] {logging_mixin.py:188} INFO - [2026-03-01T08:26:32.171+0000] {dag.py:3823} INFO - Setting next_dagrun for example_setup_teardown to 2026-02-28 00:00:00+00:00, run_after=2026-03-01 00:00:00+00:00
[2026-03-01T08:26:32.184+0000] {processor.py:183} INFO - Processing /home/airflow/.local/lib/python3.8/site-packages/airflow/example_dags/example_setup_teardown.py took 0.050 seconds
[2026-03-01T08:27:02.435+0000] {processor.py:161} INFO - Started process (PID=2323) to work on /home/airflow/.local/lib/python3.8/site-packages/airflow/example_dags/example_setup_teardown.py
[2026-03-01T08:27:02.438+0000] {processor.py:830} INFO - Processing file /home/airflow/.local/lib/python3.8/site-packages/airflow/example_dags/example_setup_teardown.py for tasks to queue
[2026-03-01T08:27:02.440+0000] {logging_mixin.py:188} INFO - [2026-03-01T08:27:02.439+0000] {dagbag.py:538} INFO - Filling up the DagBag from /home/airflow/.local/lib/python3.8/site-packages/airflow/example_dags/example_setup_teardown.py
[2026-03-01T08:27:02.444+0000] {processor.py:840} INFO - DAG(s) 'example_setup_teardown' retrieved from /home/airflow/.local/lib/python3.8/site-packages/airflow/example_dags/example_setup_teardown.py
[2026-03-01T08:27:02.459+0000] {logging_mixin.py:188} INFO - [2026-03-01T08:27:02.459+0000] {dag.py:3036} INFO - Sync 1 DAGs
[2026-03-01T08:27:02.472+0000] {logging_mixin.py:188} INFO - [2026-03-01T08:27:02.472+0000] {dag.py:3823} INFO - Setting next_dagrun for example_setup_teardown to 2026-02-28 00:00:00+00:00, run_after=2026-03-01 00:00:00+00:00
[2026-03-01T08:27:02.487+0000] {processor.py:183} INFO - Processing /home/airflow/.local/lib/python3.8/site-packages/airflow/example_dags/example_setup_teardown.py took 0.055 seconds
[2026-03-01T08:27:32.624+0000] {processor.py:161} INFO - Started process (PID=2378) to work on /home/airflow/.local/lib/python3.8/site-packages/airflow/example_dags/example_setup_teardown.py
[2026-03-01T08:27:32.625+0000] {processor.py:830} INFO - Processing file /home/airflow/.local/lib/python3.8/site-packages/airflow/example_dags/example_setup_teardown.py for tasks to queue
[2026-03-01T08:27:32.627+0000] {logging_mixin.py:188} INFO - [2026-03-01T08:27:32.627+0000] {dagbag.py:538} INFO - Filling up the DagBag from /home/airflow/.local/lib/python3.8/site-packages/airflow/example_dags/example_setup_teardown.py
[2026-03-01T08:27:32.632+0000] {processor.py:840} INFO - DAG(s) 'example_setup_teardown' retrieved from /home/airflow/.local/lib/python3.8/site-packages/airflow/example_dags/example_setup_teardown.py
[2026-03-01T08:27:32.650+0000] {logging_mixin.py:188} INFO - [2026-03-01T08:27:32.649+0000] {dag.py:3036} INFO - Sync 1 DAGs
[2026-03-01T08:27:32.664+0000] {logging_mixin.py:188} INFO - [2026-03-01T08:27:32.664+0000] {dag.py:3823} INFO - Setting next_dagrun for example_setup_teardown to 2026-02-28 00:00:00+00:00, run_after=2026-03-01 00:00:00+00:00
[2026-03-01T08:27:32.679+0000] {processor.py:183} INFO - Processing /home/airflow/.local/lib/python3.8/site-packages/airflow/example_dags/example_setup_teardown.py took 0.058 seconds
[2026-03-01T08:28:02.972+0000] {processor.py:161} INFO - Started process (PID=2433) to work on /home/airflow/.local/lib/python3.8/site-packages/airflow/example_dags/example_setup_teardown.py
[2026-03-01T08:28:02.973+0000] {processor.py:830} INFO - Processing file /home/airflow/.local/lib/python3.8/site-packages/airflow/example_dags/example_setup_teardown.py for tasks to queue
[2026-03-01T08:28:02.974+0000] {logging_mixin.py:188} INFO - [2026-03-01T08:28:02.974+0000] {dagbag.py:538} INFO - Filling up the DagBag from /home/airflow/.local/lib/python3.8/site-packages/airflow/example_dags/example_setup_teardown.py
[2026-03-01T08:28:02.980+0000] {processor.py:840} INFO - DAG(s) 'example_setup_teardown' retrieved from /home/airflow/.local/lib/python3.8/site-packages/airflow/example_dags/example_setup_teardown.py
[2026-03-01T08:28:02.993+0000] {logging_mixin.py:188} INFO - [2026-03-01T08:28:02.993+0000] {dag.py:3036} INFO - Sync 1 DAGs
[2026-03-01T08:28:03.006+0000] {logging_mixin.py:188} INFO - [2026-03-01T08:28:03.006+0000] {dag.py:3823} INFO - Setting next_dagrun for example_setup_teardown to 2026-02-28 00:00:00+00:00, run_after=2026-03-01 00:00:00+00:00
[2026-03-01T08:28:03.018+0000] {processor.py:183} INFO - Processing /home/airflow/.local/lib/python3.8/site-packages/airflow/example_dags/example_setup_teardown.py took 0.049 seconds
[2026-03-01T08:28:33.148+0000] {processor.py:161} INFO - Started process (PID=2488) to work on /home/airflow/.local/lib/python3.8/site-packages/airflow/example_dags/example_setup_teardown.py
[2026-03-01T08:28:33.149+0000] {processor.py:830} INFO - Processing file /home/airflow/.local/lib/python3.8/site-packages/airflow/example_dags/example_setup_teardown.py for tasks to queue
[2026-03-01T08:28:33.150+0000] {logging_mixin.py:188} INFO - [2026-03-01T08:28:33.150+0000] {dagbag.py:538} INFO - Filling up the DagBag from /home/airflow/.local/lib/python3.8/site-packages/airflow/example_dags/example_setup_teardown.py
[2026-03-01T08:28:33.155+0000] {processor.py:840} INFO - DAG(s) 'example_setup_teardown' retrieved from /home/airflow/.local/lib/python3.8/site-packages/airflow/example_dags/example_setup_teardown.py
[2026-03-01T08:28:33.170+0000] {logging_mixin.py:188} INFO - [2026-03-01T08:28:33.169+0000] {dag.py:3036} INFO - Sync 1 DAGs
[2026-03-01T08:28:33.182+0000] {logging_mixin.py:188} INFO - [2026-03-01T08:28:33.182+0000] {dag.py:3823} INFO - Setting next_dagrun for example_setup_teardown to 2026-02-28 00:00:00+00:00, run_after=2026-03-01 00:00:00+00:00
[2026-03-01T08:28:33.192+0000] {processor.py:183} INFO - Processing /home/airflow/.local/lib/python3.8/site-packages/airflow/example_dags/example_setup_teardown.py took 0.047 seconds
[2026-03-01T08:29:03.507+0000] {processor.py:161} INFO - Started process (PID=2544) to work on /home/airflow/.local/lib/python3.8/site-packages/airflow/example_dags/example_setup_teardown.py
[2026-03-01T08:29:03.508+0000] {processor.py:830} INFO - Processing file /home/airflow/.local/lib/python3.8/site-packages/airflow/example_dags/example_setup_teardown.py for tasks to queue
[2026-03-01T08:29:03.510+0000] {logging_mixin.py:188} INFO - [2026-03-01T08:29:03.509+0000] {dagbag.py:538} INFO - Filling up the DagBag from /home/airflow/.local/lib/python3.8/site-packages/airflow/example_dags/example_setup_teardown.py
[2026-03-01T08:29:03.514+0000] {processor.py:840} INFO - DAG(s) 'example_setup_teardown' retrieved from /home/airflow/.local/lib/python3.8/site-packages/airflow/example_dags/example_setup_teardown.py
[2026-03-01T08:29:03.528+0000] {logging_mixin.py:188} INFO - [2026-03-01T08:29:03.528+0000] {dag.py:3036} INFO - Sync 1 DAGs
[2026-03-01T08:29:03.542+0000] {logging_mixin.py:188} INFO - [2026-03-01T08:29:03.542+0000] {dag.py:3823} INFO - Setting next_dagrun for example_setup_teardown to 2026-02-28 00:00:00+00:00, run_after=2026-03-01 00:00:00+00:00
[2026-03-01T08:29:03.553+0000] {processor.py:183} INFO - Processing /home/airflow/.local/lib/python3.8/site-packages/airflow/example_dags/example_setup_teardown.py took 0.048 seconds
[2026-03-01T08:29:33.994+0000] {processor.py:161} INFO - Started process (PID=2600) to work on /home/airflow/.local/lib/python3.8/site-packages/airflow/example_dags/example_setup_teardown.py
[2026-03-01T08:29:33.995+0000] {processor.py:830} INFO - Processing file /home/airflow/.local/lib/python3.8/site-packages/airflow/example_dags/example_setup_teardown.py for tasks to queue
[2026-03-01T08:29:33.997+0000] {logging_mixin.py:188} INFO - [2026-03-01T08:29:33.997+0000] {dagbag.py:538} INFO - Filling up the DagBag from /home/airflow/.local/lib/python3.8/site-packages/airflow/example_dags/example_setup_teardown.py
[2026-03-01T08:29:34.003+0000] {processor.py:840} INFO - DAG(s) 'example_setup_teardown' retrieved from /home/airflow/.local/lib/python3.8/site-packages/airflow/example_dags/example_setup_teardown.py
[2026-03-01T08:29:34.016+0000] {logging_mixin.py:188} INFO - [2026-03-01T08:29:34.016+0000] {dag.py:3036} INFO - Sync 1 DAGs
[2026-03-01T08:29:34.029+0000] {logging_mixin.py:188} INFO - [2026-03-01T08:29:34.029+0000] {dag.py:3823} INFO - Setting next_dagrun for example_setup_teardown to 2026-02-28 00:00:00+00:00, run_after=2026-03-01 00:00:00+00:00
[2026-03-01T08:29:34.040+0000] {processor.py:183} INFO - Processing /home/airflow/.local/lib/python3.8/site-packages/airflow/example_dags/example_setup_teardown.py took 0.048 seconds
[2026-03-01T08:30:04.673+0000] {processor.py:161} INFO - Started process (PID=2656) to work on /home/airflow/.local/lib/python3.8/site-packages/airflow/example_dags/example_setup_teardown.py
[2026-03-01T08:30:04.674+0000] {processor.py:830} INFO - Processing file /home/airflow/.local/lib/python3.8/site-packages/airflow/example_dags/example_setup_teardown.py for tasks to queue
[2026-03-01T08:30:04.676+0000] {logging_mixin.py:188} INFO - [2026-03-01T08:30:04.676+0000] {dagbag.py:538} INFO - Filling up the DagBag from /home/airflow/.local/lib/python3.8/site-packages/airflow/example_dags/example_setup_teardown.py
[2026-03-01T08:30:04.681+0000] {processor.py:840} INFO - DAG(s) 'example_setup_teardown' retrieved from /home/airflow/.local/lib/python3.8/site-packages/airflow/example_dags/example_setup_teardown.py
[2026-03-01T08:30:04.700+0000] {logging_mixin.py:188} INFO - [2026-03-01T08:30:04.700+0000] {dag.py:3036} INFO - Sync 1 DAGs
[2026-03-01T08:30:04.716+0000] {logging_mixin.py:188} INFO - [2026-03-01T08:30:04.716+0000] {dag.py:3823} INFO - Setting next_dagrun for example_setup_teardown to 2026-02-28 00:00:00+00:00, run_after=2026-03-01 00:00:00+00:00
[2026-03-01T08:30:04.730+0000] {processor.py:183} INFO - Processing /home/airflow/.local/lib/python3.8/site-packages/airflow/example_dags/example_setup_teardown.py took 0.059 seconds
[2026-03-01T08:30:35.022+0000] {processor.py:161} INFO - Started process (PID=2712) to work on /home/airflow/.local/lib/python3.8/site-packages/airflow/example_dags/example_setup_teardown.py
[2026-03-01T08:30:35.024+0000] {processor.py:830} INFO - Processing file /home/airflow/.local/lib/python3.8/site-packages/airflow/example_dags/example_setup_teardown.py for tasks to queue
[2026-03-01T08:30:35.027+0000] {logging_mixin.py:188} INFO - [2026-03-01T08:30:35.026+0000] {dagbag.py:538} INFO - Filling up the DagBag from /home/airflow/.local/lib/python3.8/site-packages/airflow/example_dags/example_setup_teardown.py
[2026-03-01T08:30:35.033+0000] {processor.py:840} INFO - DAG(s) 'example_setup_teardown' retrieved from /home/airflow/.local/lib/python3.8/site-packages/airflow/example_dags/example_setup_teardown.py
[2026-03-01T08:30:35.049+0000] {logging_mixin.py:188} INFO - [2026-03-01T08:30:35.049+0000] {dag.py:3036} INFO - Sync 1 DAGs
[2026-03-01T08:30:35.065+0000] {logging_mixin.py:188} INFO - [2026-03-01T08:30:35.065+0000] {dag.py:3823} INFO - Setting next_dagrun for example_setup_teardown to 2026-02-28 00:00:00+00:00, run_after=2026-03-01 00:00:00+00:00
[2026-03-01T08:30:35.087+0000] {processor.py:183} INFO - Processing /home/airflow/.local/lib/python3.8/site-packages/airflow/example_dags/example_setup_teardown.py took 0.067 seconds
