[2026-03-01T08:07:50.176+0000] {processor.py:161} INFO - Started process (PID=103) to work on /home/airflow/.local/lib/python3.8/site-packages/airflow/example_dags/example_bash_operator.py
[2026-03-01T08:07:50.177+0000] {processor.py:830} INFO - Processing file /home/airflow/.local/lib/python3.8/site-packages/airflow/example_dags/example_bash_operator.py for tasks to queue
[2026-03-01T08:07:50.180+0000] {logging_mixin.py:188} INFO - [2026-03-01T08:07:50.179+0000] {dagbag.py:538} INFO - Filling up the DagBag from /home/airflow/.local/lib/python3.8/site-packages/airflow/example_dags/example_bash_operator.py
[2026-03-01T08:07:50.193+0000] {processor.py:840} INFO - DAG(s) 'example_bash_operator' retrieved from /home/airflow/.local/lib/python3.8/site-packages/airflow/example_dags/example_bash_operator.py
[2026-03-01T08:07:50.288+0000] {logging_mixin.py:188} INFO - [2026-03-01T08:07:50.287+0000] {override.py:1769} INFO - Created Permission View: can edit on DAG:example_bash_operator
[2026-03-01T08:07:50.299+0000] {logging_mixin.py:188} INFO - [2026-03-01T08:07:50.299+0000] {override.py:1769} INFO - Created Permission View: can delete on DAG:example_bash_operator
[2026-03-01T08:07:50.307+0000] {logging_mixin.py:188} INFO - [2026-03-01T08:07:50.306+0000] {override.py:1769} INFO - Created Permission View: can read on DAG:example_bash_operator
[2026-03-01T08:07:50.308+0000] {logging_mixin.py:188} INFO - [2026-03-01T08:07:50.308+0000] {dag.py:3036} INFO - Sync 1 DAGs
[2026-03-01T08:07:50.318+0000] {logging_mixin.py:188} INFO - [2026-03-01T08:07:50.317+0000] {dag.py:3058} INFO - Creating ORM DAG for example_bash_operator
[2026-03-01T08:07:50.328+0000] {logging_mixin.py:188} INFO - [2026-03-01T08:07:50.328+0000] {dag.py:3823} INFO - Setting next_dagrun for example_bash_operator to 2026-02-28 00:00:00+00:00, run_after=2026-03-01 00:00:00+00:00
[2026-03-01T08:07:50.346+0000] {processor.py:183} INFO - Processing /home/airflow/.local/lib/python3.8/site-packages/airflow/example_dags/example_bash_operator.py took 0.174 seconds
[2026-03-01T08:08:20.402+0000] {processor.py:161} INFO - Started process (PID=158) to work on /home/airflow/.local/lib/python3.8/site-packages/airflow/example_dags/example_bash_operator.py
[2026-03-01T08:08:20.403+0000] {processor.py:830} INFO - Processing file /home/airflow/.local/lib/python3.8/site-packages/airflow/example_dags/example_bash_operator.py for tasks to queue
[2026-03-01T08:08:20.404+0000] {logging_mixin.py:188} INFO - [2026-03-01T08:08:20.404+0000] {dagbag.py:538} INFO - Filling up the DagBag from /home/airflow/.local/lib/python3.8/site-packages/airflow/example_dags/example_bash_operator.py
[2026-03-01T08:08:20.412+0000] {processor.py:840} INFO - DAG(s) 'example_bash_operator' retrieved from /home/airflow/.local/lib/python3.8/site-packages/airflow/example_dags/example_bash_operator.py
[2026-03-01T08:08:20.436+0000] {logging_mixin.py:188} INFO - [2026-03-01T08:08:20.436+0000] {dag.py:3036} INFO - Sync 1 DAGs
[2026-03-01T08:08:20.454+0000] {logging_mixin.py:188} INFO - [2026-03-01T08:08:20.454+0000] {dag.py:3823} INFO - Setting next_dagrun for example_bash_operator to 2026-02-28 00:00:00+00:00, run_after=2026-03-01 00:00:00+00:00
[2026-03-01T08:08:20.467+0000] {processor.py:183} INFO - Processing /home/airflow/.local/lib/python3.8/site-packages/airflow/example_dags/example_bash_operator.py took 0.068 seconds
[2026-03-01T08:08:50.937+0000] {processor.py:161} INFO - Started process (PID=213) to work on /home/airflow/.local/lib/python3.8/site-packages/airflow/example_dags/example_bash_operator.py
[2026-03-01T08:08:50.938+0000] {processor.py:830} INFO - Processing file /home/airflow/.local/lib/python3.8/site-packages/airflow/example_dags/example_bash_operator.py for tasks to queue
[2026-03-01T08:08:50.940+0000] {logging_mixin.py:188} INFO - [2026-03-01T08:08:50.940+0000] {dagbag.py:538} INFO - Filling up the DagBag from /home/airflow/.local/lib/python3.8/site-packages/airflow/example_dags/example_bash_operator.py
[2026-03-01T08:08:50.948+0000] {processor.py:840} INFO - DAG(s) 'example_bash_operator' retrieved from /home/airflow/.local/lib/python3.8/site-packages/airflow/example_dags/example_bash_operator.py
[2026-03-01T08:08:50.966+0000] {logging_mixin.py:188} INFO - [2026-03-01T08:08:50.966+0000] {dag.py:3036} INFO - Sync 1 DAGs
[2026-03-01T08:08:50.981+0000] {logging_mixin.py:188} INFO - [2026-03-01T08:08:50.981+0000] {dag.py:3823} INFO - Setting next_dagrun for example_bash_operator to 2026-02-28 00:00:00+00:00, run_after=2026-03-01 00:00:00+00:00
[2026-03-01T08:08:50.995+0000] {processor.py:183} INFO - Processing /home/airflow/.local/lib/python3.8/site-packages/airflow/example_dags/example_bash_operator.py took 0.060 seconds
[2026-03-01T08:09:21.228+0000] {processor.py:161} INFO - Started process (PID=268) to work on /home/airflow/.local/lib/python3.8/site-packages/airflow/example_dags/example_bash_operator.py
[2026-03-01T08:09:21.229+0000] {processor.py:830} INFO - Processing file /home/airflow/.local/lib/python3.8/site-packages/airflow/example_dags/example_bash_operator.py for tasks to queue
[2026-03-01T08:09:21.231+0000] {logging_mixin.py:188} INFO - [2026-03-01T08:09:21.230+0000] {dagbag.py:538} INFO - Filling up the DagBag from /home/airflow/.local/lib/python3.8/site-packages/airflow/example_dags/example_bash_operator.py
[2026-03-01T08:09:21.239+0000] {processor.py:840} INFO - DAG(s) 'example_bash_operator' retrieved from /home/airflow/.local/lib/python3.8/site-packages/airflow/example_dags/example_bash_operator.py
[2026-03-01T08:09:21.257+0000] {logging_mixin.py:188} INFO - [2026-03-01T08:09:21.257+0000] {dag.py:3036} INFO - Sync 1 DAGs
[2026-03-01T08:09:21.271+0000] {logging_mixin.py:188} INFO - [2026-03-01T08:09:21.271+0000] {dag.py:3823} INFO - Setting next_dagrun for example_bash_operator to 2026-02-28 00:00:00+00:00, run_after=2026-03-01 00:00:00+00:00
[2026-03-01T08:09:21.285+0000] {processor.py:183} INFO - Processing /home/airflow/.local/lib/python3.8/site-packages/airflow/example_dags/example_bash_operator.py took 0.060 seconds
[2026-03-01T08:09:51.761+0000] {processor.py:161} INFO - Started process (PID=323) to work on /home/airflow/.local/lib/python3.8/site-packages/airflow/example_dags/example_bash_operator.py
[2026-03-01T08:09:51.763+0000] {processor.py:830} INFO - Processing file /home/airflow/.local/lib/python3.8/site-packages/airflow/example_dags/example_bash_operator.py for tasks to queue
[2026-03-01T08:09:51.765+0000] {logging_mixin.py:188} INFO - [2026-03-01T08:09:51.765+0000] {dagbag.py:538} INFO - Filling up the DagBag from /home/airflow/.local/lib/python3.8/site-packages/airflow/example_dags/example_bash_operator.py
[2026-03-01T08:09:51.774+0000] {processor.py:840} INFO - DAG(s) 'example_bash_operator' retrieved from /home/airflow/.local/lib/python3.8/site-packages/airflow/example_dags/example_bash_operator.py
[2026-03-01T08:09:51.791+0000] {logging_mixin.py:188} INFO - [2026-03-01T08:09:51.791+0000] {dag.py:3036} INFO - Sync 1 DAGs
[2026-03-01T08:09:51.805+0000] {logging_mixin.py:188} INFO - [2026-03-01T08:09:51.805+0000] {dag.py:3823} INFO - Setting next_dagrun for example_bash_operator to 2026-02-28 00:00:00+00:00, run_after=2026-03-01 00:00:00+00:00
[2026-03-01T08:09:51.818+0000] {processor.py:183} INFO - Processing /home/airflow/.local/lib/python3.8/site-packages/airflow/example_dags/example_bash_operator.py took 0.059 seconds
[2026-03-01T08:10:22.217+0000] {processor.py:161} INFO - Started process (PID=378) to work on /home/airflow/.local/lib/python3.8/site-packages/airflow/example_dags/example_bash_operator.py
[2026-03-01T08:10:22.219+0000] {processor.py:830} INFO - Processing file /home/airflow/.local/lib/python3.8/site-packages/airflow/example_dags/example_bash_operator.py for tasks to queue
[2026-03-01T08:10:22.221+0000] {logging_mixin.py:188} INFO - [2026-03-01T08:10:22.221+0000] {dagbag.py:538} INFO - Filling up the DagBag from /home/airflow/.local/lib/python3.8/site-packages/airflow/example_dags/example_bash_operator.py
[2026-03-01T08:10:22.229+0000] {processor.py:840} INFO - DAG(s) 'example_bash_operator' retrieved from /home/airflow/.local/lib/python3.8/site-packages/airflow/example_dags/example_bash_operator.py
[2026-03-01T08:10:22.247+0000] {logging_mixin.py:188} INFO - [2026-03-01T08:10:22.246+0000] {dag.py:3036} INFO - Sync 1 DAGs
[2026-03-01T08:10:22.260+0000] {logging_mixin.py:188} INFO - [2026-03-01T08:10:22.260+0000] {dag.py:3823} INFO - Setting next_dagrun for example_bash_operator to 2026-02-28 00:00:00+00:00, run_after=2026-03-01 00:00:00+00:00
[2026-03-01T08:10:22.276+0000] {processor.py:183} INFO - Processing /home/airflow/.local/lib/python3.8/site-packages/airflow/example_dags/example_bash_operator.py took 0.061 seconds
[2026-03-01T08:10:52.776+0000] {processor.py:161} INFO - Started process (PID=433) to work on /home/airflow/.local/lib/python3.8/site-packages/airflow/example_dags/example_bash_operator.py
[2026-03-01T08:10:52.778+0000] {processor.py:830} INFO - Processing file /home/airflow/.local/lib/python3.8/site-packages/airflow/example_dags/example_bash_operator.py for tasks to queue
[2026-03-01T08:10:52.780+0000] {logging_mixin.py:188} INFO - [2026-03-01T08:10:52.779+0000] {dagbag.py:538} INFO - Filling up the DagBag from /home/airflow/.local/lib/python3.8/site-packages/airflow/example_dags/example_bash_operator.py
[2026-03-01T08:10:52.788+0000] {processor.py:840} INFO - DAG(s) 'example_bash_operator' retrieved from /home/airflow/.local/lib/python3.8/site-packages/airflow/example_dags/example_bash_operator.py
[2026-03-01T08:10:52.807+0000] {logging_mixin.py:188} INFO - [2026-03-01T08:10:52.806+0000] {dag.py:3036} INFO - Sync 1 DAGs
[2026-03-01T08:10:52.820+0000] {logging_mixin.py:188} INFO - [2026-03-01T08:10:52.820+0000] {dag.py:3823} INFO - Setting next_dagrun for example_bash_operator to 2026-02-28 00:00:00+00:00, run_after=2026-03-01 00:00:00+00:00
[2026-03-01T08:10:52.833+0000] {processor.py:183} INFO - Processing /home/airflow/.local/lib/python3.8/site-packages/airflow/example_dags/example_bash_operator.py took 0.059 seconds
[2026-03-01T08:11:23.182+0000] {processor.py:161} INFO - Started process (PID=494) to work on /home/airflow/.local/lib/python3.8/site-packages/airflow/example_dags/example_bash_operator.py
[2026-03-01T08:11:23.183+0000] {processor.py:830} INFO - Processing file /home/airflow/.local/lib/python3.8/site-packages/airflow/example_dags/example_bash_operator.py for tasks to queue
[2026-03-01T08:11:23.185+0000] {logging_mixin.py:188} INFO - [2026-03-01T08:11:23.184+0000] {dagbag.py:538} INFO - Filling up the DagBag from /home/airflow/.local/lib/python3.8/site-packages/airflow/example_dags/example_bash_operator.py
[2026-03-01T08:11:23.193+0000] {processor.py:840} INFO - DAG(s) 'example_bash_operator' retrieved from /home/airflow/.local/lib/python3.8/site-packages/airflow/example_dags/example_bash_operator.py
[2026-03-01T08:11:23.211+0000] {logging_mixin.py:188} INFO - [2026-03-01T08:11:23.211+0000] {dag.py:3036} INFO - Sync 1 DAGs
[2026-03-01T08:11:23.225+0000] {logging_mixin.py:188} INFO - [2026-03-01T08:11:23.225+0000] {dag.py:3823} INFO - Setting next_dagrun for example_bash_operator to 2026-02-28 00:00:00+00:00, run_after=2026-03-01 00:00:00+00:00
[2026-03-01T08:11:23.236+0000] {processor.py:183} INFO - Processing /home/airflow/.local/lib/python3.8/site-packages/airflow/example_dags/example_bash_operator.py took 0.056 seconds
[2026-03-01T08:11:53.292+0000] {processor.py:161} INFO - Started process (PID=555) to work on /home/airflow/.local/lib/python3.8/site-packages/airflow/example_dags/example_bash_operator.py
[2026-03-01T08:11:53.294+0000] {processor.py:830} INFO - Processing file /home/airflow/.local/lib/python3.8/site-packages/airflow/example_dags/example_bash_operator.py for tasks to queue
[2026-03-01T08:11:53.297+0000] {logging_mixin.py:188} INFO - [2026-03-01T08:11:53.297+0000] {dagbag.py:538} INFO - Filling up the DagBag from /home/airflow/.local/lib/python3.8/site-packages/airflow/example_dags/example_bash_operator.py
[2026-03-01T08:11:53.305+0000] {processor.py:840} INFO - DAG(s) 'example_bash_operator' retrieved from /home/airflow/.local/lib/python3.8/site-packages/airflow/example_dags/example_bash_operator.py
[2026-03-01T08:11:53.323+0000] {logging_mixin.py:188} INFO - [2026-03-01T08:11:53.323+0000] {dag.py:3036} INFO - Sync 1 DAGs
[2026-03-01T08:11:53.337+0000] {logging_mixin.py:188} INFO - [2026-03-01T08:11:53.337+0000] {dag.py:3823} INFO - Setting next_dagrun for example_bash_operator to 2026-02-28 00:00:00+00:00, run_after=2026-03-01 00:00:00+00:00
[2026-03-01T08:11:53.348+0000] {processor.py:183} INFO - Processing /home/airflow/.local/lib/python3.8/site-packages/airflow/example_dags/example_bash_operator.py took 0.059 seconds
[2026-03-01T08:12:24.420+0000] {processor.py:161} INFO - Started process (PID=633) to work on /home/airflow/.local/lib/python3.8/site-packages/airflow/example_dags/example_bash_operator.py
[2026-03-01T08:12:24.422+0000] {processor.py:830} INFO - Processing file /home/airflow/.local/lib/python3.8/site-packages/airflow/example_dags/example_bash_operator.py for tasks to queue
[2026-03-01T08:12:24.423+0000] {logging_mixin.py:188} INFO - [2026-03-01T08:12:24.423+0000] {dagbag.py:538} INFO - Filling up the DagBag from /home/airflow/.local/lib/python3.8/site-packages/airflow/example_dags/example_bash_operator.py
[2026-03-01T08:12:24.430+0000] {processor.py:840} INFO - DAG(s) 'example_bash_operator' retrieved from /home/airflow/.local/lib/python3.8/site-packages/airflow/example_dags/example_bash_operator.py
[2026-03-01T08:12:24.447+0000] {logging_mixin.py:188} INFO - [2026-03-01T08:12:24.446+0000] {dag.py:3036} INFO - Sync 1 DAGs
[2026-03-01T08:12:24.459+0000] {logging_mixin.py:188} INFO - [2026-03-01T08:12:24.459+0000] {dag.py:3823} INFO - Setting next_dagrun for example_bash_operator to 2026-02-28 00:00:00+00:00, run_after=2026-03-01 00:00:00+00:00
[2026-03-01T08:12:24.471+0000] {processor.py:183} INFO - Processing /home/airflow/.local/lib/python3.8/site-packages/airflow/example_dags/example_bash_operator.py took 0.053 seconds
[2026-03-01T08:12:54.763+0000] {processor.py:161} INFO - Started process (PID=687) to work on /home/airflow/.local/lib/python3.8/site-packages/airflow/example_dags/example_bash_operator.py
[2026-03-01T08:12:54.764+0000] {processor.py:830} INFO - Processing file /home/airflow/.local/lib/python3.8/site-packages/airflow/example_dags/example_bash_operator.py for tasks to queue
[2026-03-01T08:12:54.766+0000] {logging_mixin.py:188} INFO - [2026-03-01T08:12:54.766+0000] {dagbag.py:538} INFO - Filling up the DagBag from /home/airflow/.local/lib/python3.8/site-packages/airflow/example_dags/example_bash_operator.py
[2026-03-01T08:12:54.773+0000] {processor.py:840} INFO - DAG(s) 'example_bash_operator' retrieved from /home/airflow/.local/lib/python3.8/site-packages/airflow/example_dags/example_bash_operator.py
[2026-03-01T08:12:54.791+0000] {logging_mixin.py:188} INFO - [2026-03-01T08:12:54.791+0000] {dag.py:3036} INFO - Sync 1 DAGs
[2026-03-01T08:12:54.804+0000] {logging_mixin.py:188} INFO - [2026-03-01T08:12:54.804+0000] {dag.py:3823} INFO - Setting next_dagrun for example_bash_operator to 2026-02-28 00:00:00+00:00, run_after=2026-03-01 00:00:00+00:00
[2026-03-01T08:12:54.817+0000] {processor.py:183} INFO - Processing /home/airflow/.local/lib/python3.8/site-packages/airflow/example_dags/example_bash_operator.py took 0.056 seconds
[2026-03-01T08:13:24.932+0000] {processor.py:161} INFO - Started process (PID=742) to work on /home/airflow/.local/lib/python3.8/site-packages/airflow/example_dags/example_bash_operator.py
[2026-03-01T08:13:24.933+0000] {processor.py:830} INFO - Processing file /home/airflow/.local/lib/python3.8/site-packages/airflow/example_dags/example_bash_operator.py for tasks to queue
[2026-03-01T08:13:24.935+0000] {logging_mixin.py:188} INFO - [2026-03-01T08:13:24.935+0000] {dagbag.py:538} INFO - Filling up the DagBag from /home/airflow/.local/lib/python3.8/site-packages/airflow/example_dags/example_bash_operator.py
[2026-03-01T08:13:24.943+0000] {processor.py:840} INFO - DAG(s) 'example_bash_operator' retrieved from /home/airflow/.local/lib/python3.8/site-packages/airflow/example_dags/example_bash_operator.py
[2026-03-01T08:13:24.962+0000] {logging_mixin.py:188} INFO - [2026-03-01T08:13:24.962+0000] {dag.py:3036} INFO - Sync 1 DAGs
[2026-03-01T08:13:24.978+0000] {logging_mixin.py:188} INFO - [2026-03-01T08:13:24.978+0000] {dag.py:3823} INFO - Setting next_dagrun for example_bash_operator to 2026-02-28 00:00:00+00:00, run_after=2026-03-01 00:00:00+00:00
[2026-03-01T08:13:24.990+0000] {processor.py:183} INFO - Processing /home/airflow/.local/lib/python3.8/site-packages/airflow/example_dags/example_bash_operator.py took 0.061 seconds
[2026-03-01T08:13:55.290+0000] {processor.py:161} INFO - Started process (PID=820) to work on /home/airflow/.local/lib/python3.8/site-packages/airflow/example_dags/example_bash_operator.py
[2026-03-01T08:13:55.291+0000] {processor.py:830} INFO - Processing file /home/airflow/.local/lib/python3.8/site-packages/airflow/example_dags/example_bash_operator.py for tasks to queue
[2026-03-01T08:13:55.293+0000] {logging_mixin.py:188} INFO - [2026-03-01T08:13:55.292+0000] {dagbag.py:538} INFO - Filling up the DagBag from /home/airflow/.local/lib/python3.8/site-packages/airflow/example_dags/example_bash_operator.py
[2026-03-01T08:13:55.300+0000] {processor.py:840} INFO - DAG(s) 'example_bash_operator' retrieved from /home/airflow/.local/lib/python3.8/site-packages/airflow/example_dags/example_bash_operator.py
[2026-03-01T08:13:55.317+0000] {logging_mixin.py:188} INFO - [2026-03-01T08:13:55.317+0000] {dag.py:3036} INFO - Sync 1 DAGs
[2026-03-01T08:13:55.332+0000] {logging_mixin.py:188} INFO - [2026-03-01T08:13:55.332+0000] {dag.py:3823} INFO - Setting next_dagrun for example_bash_operator to 2026-02-28 00:00:00+00:00, run_after=2026-03-01 00:00:00+00:00
[2026-03-01T08:13:55.351+0000] {processor.py:183} INFO - Processing /home/airflow/.local/lib/python3.8/site-packages/airflow/example_dags/example_bash_operator.py took 0.063 seconds
[2026-03-01T08:14:25.516+0000] {processor.py:161} INFO - Started process (PID=897) to work on /home/airflow/.local/lib/python3.8/site-packages/airflow/example_dags/example_bash_operator.py
[2026-03-01T08:14:25.517+0000] {processor.py:830} INFO - Processing file /home/airflow/.local/lib/python3.8/site-packages/airflow/example_dags/example_bash_operator.py for tasks to queue
[2026-03-01T08:14:25.519+0000] {logging_mixin.py:188} INFO - [2026-03-01T08:14:25.518+0000] {dagbag.py:538} INFO - Filling up the DagBag from /home/airflow/.local/lib/python3.8/site-packages/airflow/example_dags/example_bash_operator.py
[2026-03-01T08:14:25.526+0000] {processor.py:840} INFO - DAG(s) 'example_bash_operator' retrieved from /home/airflow/.local/lib/python3.8/site-packages/airflow/example_dags/example_bash_operator.py
[2026-03-01T08:14:25.535+0000] {logging_mixin.py:188} INFO - [2026-03-01T08:14:25.534+0000] {dag.py:3036} INFO - Sync 1 DAGs
[2026-03-01T08:14:25.550+0000] {logging_mixin.py:188} INFO - [2026-03-01T08:14:25.549+0000] {dag.py:3823} INFO - Setting next_dagrun for example_bash_operator to 2026-02-28 00:00:00+00:00, run_after=2026-03-01 00:00:00+00:00
[2026-03-01T08:14:25.563+0000] {processor.py:183} INFO - Processing /home/airflow/.local/lib/python3.8/site-packages/airflow/example_dags/example_bash_operator.py took 0.050 seconds
[2026-03-01T08:14:56.331+0000] {processor.py:161} INFO - Started process (PID=952) to work on /home/airflow/.local/lib/python3.8/site-packages/airflow/example_dags/example_bash_operator.py
[2026-03-01T08:14:56.333+0000] {processor.py:830} INFO - Processing file /home/airflow/.local/lib/python3.8/site-packages/airflow/example_dags/example_bash_operator.py for tasks to queue
[2026-03-01T08:14:56.334+0000] {logging_mixin.py:188} INFO - [2026-03-01T08:14:56.334+0000] {dagbag.py:538} INFO - Filling up the DagBag from /home/airflow/.local/lib/python3.8/site-packages/airflow/example_dags/example_bash_operator.py
[2026-03-01T08:14:56.342+0000] {processor.py:840} INFO - DAG(s) 'example_bash_operator' retrieved from /home/airflow/.local/lib/python3.8/site-packages/airflow/example_dags/example_bash_operator.py
[2026-03-01T08:14:56.402+0000] {logging_mixin.py:188} INFO - [2026-03-01T08:14:56.402+0000] {dag.py:3036} INFO - Sync 1 DAGs
[2026-03-01T08:14:56.415+0000] {logging_mixin.py:188} INFO - [2026-03-01T08:14:56.415+0000] {dag.py:3823} INFO - Setting next_dagrun for example_bash_operator to 2026-02-28 00:00:00+00:00, run_after=2026-03-01 00:00:00+00:00
[2026-03-01T08:14:56.428+0000] {processor.py:183} INFO - Processing /home/airflow/.local/lib/python3.8/site-packages/airflow/example_dags/example_bash_operator.py took 0.099 seconds
[2026-03-01T08:15:26.769+0000] {processor.py:161} INFO - Started process (PID=1007) to work on /home/airflow/.local/lib/python3.8/site-packages/airflow/example_dags/example_bash_operator.py
[2026-03-01T08:15:26.771+0000] {processor.py:830} INFO - Processing file /home/airflow/.local/lib/python3.8/site-packages/airflow/example_dags/example_bash_operator.py for tasks to queue
[2026-03-01T08:15:26.773+0000] {logging_mixin.py:188} INFO - [2026-03-01T08:15:26.772+0000] {dagbag.py:538} INFO - Filling up the DagBag from /home/airflow/.local/lib/python3.8/site-packages/airflow/example_dags/example_bash_operator.py
[2026-03-01T08:15:26.780+0000] {processor.py:840} INFO - DAG(s) 'example_bash_operator' retrieved from /home/airflow/.local/lib/python3.8/site-packages/airflow/example_dags/example_bash_operator.py
[2026-03-01T08:15:26.797+0000] {logging_mixin.py:188} INFO - [2026-03-01T08:15:26.796+0000] {dag.py:3036} INFO - Sync 1 DAGs
[2026-03-01T08:15:26.809+0000] {logging_mixin.py:188} INFO - [2026-03-01T08:15:26.809+0000] {dag.py:3823} INFO - Setting next_dagrun for example_bash_operator to 2026-02-28 00:00:00+00:00, run_after=2026-03-01 00:00:00+00:00
[2026-03-01T08:15:26.819+0000] {processor.py:183} INFO - Processing /home/airflow/.local/lib/python3.8/site-packages/airflow/example_dags/example_bash_operator.py took 0.052 seconds
[2026-03-01T08:15:57.171+0000] {processor.py:161} INFO - Started process (PID=1084) to work on /home/airflow/.local/lib/python3.8/site-packages/airflow/example_dags/example_bash_operator.py
[2026-03-01T08:15:57.172+0000] {processor.py:830} INFO - Processing file /home/airflow/.local/lib/python3.8/site-packages/airflow/example_dags/example_bash_operator.py for tasks to queue
[2026-03-01T08:15:57.175+0000] {logging_mixin.py:188} INFO - [2026-03-01T08:15:57.174+0000] {dagbag.py:538} INFO - Filling up the DagBag from /home/airflow/.local/lib/python3.8/site-packages/airflow/example_dags/example_bash_operator.py
[2026-03-01T08:15:57.182+0000] {processor.py:840} INFO - DAG(s) 'example_bash_operator' retrieved from /home/airflow/.local/lib/python3.8/site-packages/airflow/example_dags/example_bash_operator.py
[2026-03-01T08:15:57.202+0000] {logging_mixin.py:188} INFO - [2026-03-01T08:15:57.202+0000] {dag.py:3036} INFO - Sync 1 DAGs
[2026-03-01T08:15:57.216+0000] {logging_mixin.py:188} INFO - [2026-03-01T08:15:57.215+0000] {dag.py:3823} INFO - Setting next_dagrun for example_bash_operator to 2026-02-28 00:00:00+00:00, run_after=2026-03-01 00:00:00+00:00
[2026-03-01T08:15:57.234+0000] {processor.py:183} INFO - Processing /home/airflow/.local/lib/python3.8/site-packages/airflow/example_dags/example_bash_operator.py took 0.066 seconds
[2026-03-01T08:16:27.450+0000] {processor.py:161} INFO - Started process (PID=1140) to work on /home/airflow/.local/lib/python3.8/site-packages/airflow/example_dags/example_bash_operator.py
[2026-03-01T08:16:27.452+0000] {processor.py:830} INFO - Processing file /home/airflow/.local/lib/python3.8/site-packages/airflow/example_dags/example_bash_operator.py for tasks to queue
[2026-03-01T08:16:27.453+0000] {logging_mixin.py:188} INFO - [2026-03-01T08:16:27.453+0000] {dagbag.py:538} INFO - Filling up the DagBag from /home/airflow/.local/lib/python3.8/site-packages/airflow/example_dags/example_bash_operator.py
[2026-03-01T08:16:27.461+0000] {processor.py:840} INFO - DAG(s) 'example_bash_operator' retrieved from /home/airflow/.local/lib/python3.8/site-packages/airflow/example_dags/example_bash_operator.py
[2026-03-01T08:16:27.478+0000] {logging_mixin.py:188} INFO - [2026-03-01T08:16:27.478+0000] {dag.py:3036} INFO - Sync 1 DAGs
[2026-03-01T08:16:27.493+0000] {logging_mixin.py:188} INFO - [2026-03-01T08:16:27.493+0000] {dag.py:3823} INFO - Setting next_dagrun for example_bash_operator to 2026-02-28 00:00:00+00:00, run_after=2026-03-01 00:00:00+00:00
[2026-03-01T08:16:27.505+0000] {processor.py:183} INFO - Processing /home/airflow/.local/lib/python3.8/site-packages/airflow/example_dags/example_bash_operator.py took 0.058 seconds
[2026-03-01T08:16:57.880+0000] {processor.py:161} INFO - Started process (PID=1201) to work on /home/airflow/.local/lib/python3.8/site-packages/airflow/example_dags/example_bash_operator.py
[2026-03-01T08:16:57.881+0000] {processor.py:830} INFO - Processing file /home/airflow/.local/lib/python3.8/site-packages/airflow/example_dags/example_bash_operator.py for tasks to queue
[2026-03-01T08:16:57.882+0000] {logging_mixin.py:188} INFO - [2026-03-01T08:16:57.882+0000] {dagbag.py:538} INFO - Filling up the DagBag from /home/airflow/.local/lib/python3.8/site-packages/airflow/example_dags/example_bash_operator.py
[2026-03-01T08:16:57.890+0000] {processor.py:840} INFO - DAG(s) 'example_bash_operator' retrieved from /home/airflow/.local/lib/python3.8/site-packages/airflow/example_dags/example_bash_operator.py
[2026-03-01T08:16:57.908+0000] {logging_mixin.py:188} INFO - [2026-03-01T08:16:57.908+0000] {dag.py:3036} INFO - Sync 1 DAGs
[2026-03-01T08:16:57.922+0000] {logging_mixin.py:188} INFO - [2026-03-01T08:16:57.922+0000] {dag.py:3823} INFO - Setting next_dagrun for example_bash_operator to 2026-02-28 00:00:00+00:00, run_after=2026-03-01 00:00:00+00:00
[2026-03-01T08:16:57.936+0000] {processor.py:183} INFO - Processing /home/airflow/.local/lib/python3.8/site-packages/airflow/example_dags/example_bash_operator.py took 0.058 seconds
[2026-03-01T08:17:28.035+0000] {processor.py:161} INFO - Started process (PID=1279) to work on /home/airflow/.local/lib/python3.8/site-packages/airflow/example_dags/example_bash_operator.py
[2026-03-01T08:17:28.036+0000] {processor.py:830} INFO - Processing file /home/airflow/.local/lib/python3.8/site-packages/airflow/example_dags/example_bash_operator.py for tasks to queue
[2026-03-01T08:17:28.038+0000] {logging_mixin.py:188} INFO - [2026-03-01T08:17:28.038+0000] {dagbag.py:538} INFO - Filling up the DagBag from /home/airflow/.local/lib/python3.8/site-packages/airflow/example_dags/example_bash_operator.py
[2026-03-01T08:17:28.046+0000] {processor.py:840} INFO - DAG(s) 'example_bash_operator' retrieved from /home/airflow/.local/lib/python3.8/site-packages/airflow/example_dags/example_bash_operator.py
[2026-03-01T08:17:28.064+0000] {logging_mixin.py:188} INFO - [2026-03-01T08:17:28.064+0000] {dag.py:3036} INFO - Sync 1 DAGs
[2026-03-01T08:17:28.079+0000] {logging_mixin.py:188} INFO - [2026-03-01T08:17:28.078+0000] {dag.py:3823} INFO - Setting next_dagrun for example_bash_operator to 2026-02-28 00:00:00+00:00, run_after=2026-03-01 00:00:00+00:00
[2026-03-01T08:17:28.093+0000] {processor.py:183} INFO - Processing /home/airflow/.local/lib/python3.8/site-packages/airflow/example_dags/example_bash_operator.py took 0.061 seconds
[2026-03-01T08:17:58.167+0000] {processor.py:161} INFO - Started process (PID=1335) to work on /home/airflow/.local/lib/python3.8/site-packages/airflow/example_dags/example_bash_operator.py
[2026-03-01T08:17:58.168+0000] {processor.py:830} INFO - Processing file /home/airflow/.local/lib/python3.8/site-packages/airflow/example_dags/example_bash_operator.py for tasks to queue
[2026-03-01T08:17:58.169+0000] {logging_mixin.py:188} INFO - [2026-03-01T08:17:58.169+0000] {dagbag.py:538} INFO - Filling up the DagBag from /home/airflow/.local/lib/python3.8/site-packages/airflow/example_dags/example_bash_operator.py
[2026-03-01T08:17:58.177+0000] {processor.py:840} INFO - DAG(s) 'example_bash_operator' retrieved from /home/airflow/.local/lib/python3.8/site-packages/airflow/example_dags/example_bash_operator.py
[2026-03-01T08:17:58.195+0000] {logging_mixin.py:188} INFO - [2026-03-01T08:17:58.195+0000] {dag.py:3036} INFO - Sync 1 DAGs
[2026-03-01T08:17:58.208+0000] {logging_mixin.py:188} INFO - [2026-03-01T08:17:58.208+0000] {dag.py:3823} INFO - Setting next_dagrun for example_bash_operator to 2026-02-28 00:00:00+00:00, run_after=2026-03-01 00:00:00+00:00
[2026-03-01T08:17:58.220+0000] {processor.py:183} INFO - Processing /home/airflow/.local/lib/python3.8/site-packages/airflow/example_dags/example_bash_operator.py took 0.056 seconds
[2026-03-01T08:18:28.859+0000] {processor.py:161} INFO - Started process (PID=1391) to work on /home/airflow/.local/lib/python3.8/site-packages/airflow/example_dags/example_bash_operator.py
[2026-03-01T08:18:28.860+0000] {processor.py:830} INFO - Processing file /home/airflow/.local/lib/python3.8/site-packages/airflow/example_dags/example_bash_operator.py for tasks to queue
[2026-03-01T08:18:28.862+0000] {logging_mixin.py:188} INFO - [2026-03-01T08:18:28.862+0000] {dagbag.py:538} INFO - Filling up the DagBag from /home/airflow/.local/lib/python3.8/site-packages/airflow/example_dags/example_bash_operator.py
[2026-03-01T08:18:28.870+0000] {processor.py:840} INFO - DAG(s) 'example_bash_operator' retrieved from /home/airflow/.local/lib/python3.8/site-packages/airflow/example_dags/example_bash_operator.py
[2026-03-01T08:18:28.887+0000] {logging_mixin.py:188} INFO - [2026-03-01T08:18:28.887+0000] {dag.py:3036} INFO - Sync 1 DAGs
[2026-03-01T08:18:28.901+0000] {logging_mixin.py:188} INFO - [2026-03-01T08:18:28.900+0000] {dag.py:3823} INFO - Setting next_dagrun for example_bash_operator to 2026-02-28 00:00:00+00:00, run_after=2026-03-01 00:00:00+00:00
[2026-03-01T08:18:28.912+0000] {processor.py:183} INFO - Processing /home/airflow/.local/lib/python3.8/site-packages/airflow/example_dags/example_bash_operator.py took 0.056 seconds
[2026-03-01T08:18:58.995+0000] {processor.py:161} INFO - Started process (PID=1447) to work on /home/airflow/.local/lib/python3.8/site-packages/airflow/example_dags/example_bash_operator.py
[2026-03-01T08:18:58.996+0000] {processor.py:830} INFO - Processing file /home/airflow/.local/lib/python3.8/site-packages/airflow/example_dags/example_bash_operator.py for tasks to queue
[2026-03-01T08:18:58.997+0000] {logging_mixin.py:188} INFO - [2026-03-01T08:18:58.997+0000] {dagbag.py:538} INFO - Filling up the DagBag from /home/airflow/.local/lib/python3.8/site-packages/airflow/example_dags/example_bash_operator.py
[2026-03-01T08:18:59.005+0000] {processor.py:840} INFO - DAG(s) 'example_bash_operator' retrieved from /home/airflow/.local/lib/python3.8/site-packages/airflow/example_dags/example_bash_operator.py
[2026-03-01T08:18:59.021+0000] {logging_mixin.py:188} INFO - [2026-03-01T08:18:59.021+0000] {dag.py:3036} INFO - Sync 1 DAGs
[2026-03-01T08:18:59.036+0000] {logging_mixin.py:188} INFO - [2026-03-01T08:18:59.036+0000] {dag.py:3823} INFO - Setting next_dagrun for example_bash_operator to 2026-02-28 00:00:00+00:00, run_after=2026-03-01 00:00:00+00:00
[2026-03-01T08:18:59.048+0000] {processor.py:183} INFO - Processing /home/airflow/.local/lib/python3.8/site-packages/airflow/example_dags/example_bash_operator.py took 0.055 seconds
[2026-03-01T08:19:29.301+0000] {processor.py:161} INFO - Started process (PID=1503) to work on /home/airflow/.local/lib/python3.8/site-packages/airflow/example_dags/example_bash_operator.py
[2026-03-01T08:19:29.302+0000] {processor.py:830} INFO - Processing file /home/airflow/.local/lib/python3.8/site-packages/airflow/example_dags/example_bash_operator.py for tasks to queue
[2026-03-01T08:19:29.304+0000] {logging_mixin.py:188} INFO - [2026-03-01T08:19:29.304+0000] {dagbag.py:538} INFO - Filling up the DagBag from /home/airflow/.local/lib/python3.8/site-packages/airflow/example_dags/example_bash_operator.py
[2026-03-01T08:19:29.314+0000] {processor.py:840} INFO - DAG(s) 'example_bash_operator' retrieved from /home/airflow/.local/lib/python3.8/site-packages/airflow/example_dags/example_bash_operator.py
[2026-03-01T08:19:29.336+0000] {logging_mixin.py:188} INFO - [2026-03-01T08:19:29.335+0000] {dag.py:3036} INFO - Sync 1 DAGs
[2026-03-01T08:19:29.356+0000] {logging_mixin.py:188} INFO - [2026-03-01T08:19:29.356+0000] {dag.py:3823} INFO - Setting next_dagrun for example_bash_operator to 2026-02-28 00:00:00+00:00, run_after=2026-03-01 00:00:00+00:00
[2026-03-01T08:19:29.374+0000] {processor.py:183} INFO - Processing /home/airflow/.local/lib/python3.8/site-packages/airflow/example_dags/example_bash_operator.py took 0.076 seconds
[2026-03-01T08:19:59.625+0000] {processor.py:161} INFO - Started process (PID=1559) to work on /home/airflow/.local/lib/python3.8/site-packages/airflow/example_dags/example_bash_operator.py
[2026-03-01T08:19:59.626+0000] {processor.py:830} INFO - Processing file /home/airflow/.local/lib/python3.8/site-packages/airflow/example_dags/example_bash_operator.py for tasks to queue
[2026-03-01T08:19:59.628+0000] {logging_mixin.py:188} INFO - [2026-03-01T08:19:59.628+0000] {dagbag.py:538} INFO - Filling up the DagBag from /home/airflow/.local/lib/python3.8/site-packages/airflow/example_dags/example_bash_operator.py
[2026-03-01T08:19:59.635+0000] {processor.py:840} INFO - DAG(s) 'example_bash_operator' retrieved from /home/airflow/.local/lib/python3.8/site-packages/airflow/example_dags/example_bash_operator.py
[2026-03-01T08:19:59.652+0000] {logging_mixin.py:188} INFO - [2026-03-01T08:19:59.652+0000] {dag.py:3036} INFO - Sync 1 DAGs
[2026-03-01T08:19:59.665+0000] {logging_mixin.py:188} INFO - [2026-03-01T08:19:59.665+0000] {dag.py:3823} INFO - Setting next_dagrun for example_bash_operator to 2026-02-28 00:00:00+00:00, run_after=2026-03-01 00:00:00+00:00
[2026-03-01T08:19:59.682+0000] {processor.py:183} INFO - Processing /home/airflow/.local/lib/python3.8/site-packages/airflow/example_dags/example_bash_operator.py took 0.059 seconds
[2026-03-01T08:20:29.853+0000] {processor.py:161} INFO - Started process (PID=1615) to work on /home/airflow/.local/lib/python3.8/site-packages/airflow/example_dags/example_bash_operator.py
[2026-03-01T08:20:29.854+0000] {processor.py:830} INFO - Processing file /home/airflow/.local/lib/python3.8/site-packages/airflow/example_dags/example_bash_operator.py for tasks to queue
[2026-03-01T08:20:29.856+0000] {logging_mixin.py:188} INFO - [2026-03-01T08:20:29.856+0000] {dagbag.py:538} INFO - Filling up the DagBag from /home/airflow/.local/lib/python3.8/site-packages/airflow/example_dags/example_bash_operator.py
[2026-03-01T08:20:29.864+0000] {processor.py:840} INFO - DAG(s) 'example_bash_operator' retrieved from /home/airflow/.local/lib/python3.8/site-packages/airflow/example_dags/example_bash_operator.py
[2026-03-01T08:20:29.882+0000] {logging_mixin.py:188} INFO - [2026-03-01T08:20:29.882+0000] {dag.py:3036} INFO - Sync 1 DAGs
[2026-03-01T08:20:29.897+0000] {logging_mixin.py:188} INFO - [2026-03-01T08:20:29.896+0000] {dag.py:3823} INFO - Setting next_dagrun for example_bash_operator to 2026-02-28 00:00:00+00:00, run_after=2026-03-01 00:00:00+00:00
[2026-03-01T08:20:29.911+0000] {processor.py:183} INFO - Processing /home/airflow/.local/lib/python3.8/site-packages/airflow/example_dags/example_bash_operator.py took 0.060 seconds
[2026-03-01T08:21:00.758+0000] {processor.py:161} INFO - Started process (PID=1671) to work on /home/airflow/.local/lib/python3.8/site-packages/airflow/example_dags/example_bash_operator.py
[2026-03-01T08:21:00.760+0000] {processor.py:830} INFO - Processing file /home/airflow/.local/lib/python3.8/site-packages/airflow/example_dags/example_bash_operator.py for tasks to queue
[2026-03-01T08:21:00.761+0000] {logging_mixin.py:188} INFO - [2026-03-01T08:21:00.761+0000] {dagbag.py:538} INFO - Filling up the DagBag from /home/airflow/.local/lib/python3.8/site-packages/airflow/example_dags/example_bash_operator.py
[2026-03-01T08:21:00.769+0000] {processor.py:840} INFO - DAG(s) 'example_bash_operator' retrieved from /home/airflow/.local/lib/python3.8/site-packages/airflow/example_dags/example_bash_operator.py
[2026-03-01T08:21:00.788+0000] {logging_mixin.py:188} INFO - [2026-03-01T08:21:00.788+0000] {dag.py:3036} INFO - Sync 1 DAGs
[2026-03-01T08:21:00.801+0000] {logging_mixin.py:188} INFO - [2026-03-01T08:21:00.801+0000] {dag.py:3823} INFO - Setting next_dagrun for example_bash_operator to 2026-02-28 00:00:00+00:00, run_after=2026-03-01 00:00:00+00:00
[2026-03-01T08:21:00.818+0000] {processor.py:183} INFO - Processing /home/airflow/.local/lib/python3.8/site-packages/airflow/example_dags/example_bash_operator.py took 0.062 seconds
[2026-03-01T08:21:31.165+0000] {processor.py:161} INFO - Started process (PID=1727) to work on /home/airflow/.local/lib/python3.8/site-packages/airflow/example_dags/example_bash_operator.py
[2026-03-01T08:21:31.166+0000] {processor.py:830} INFO - Processing file /home/airflow/.local/lib/python3.8/site-packages/airflow/example_dags/example_bash_operator.py for tasks to queue
[2026-03-01T08:21:31.168+0000] {logging_mixin.py:188} INFO - [2026-03-01T08:21:31.168+0000] {dagbag.py:538} INFO - Filling up the DagBag from /home/airflow/.local/lib/python3.8/site-packages/airflow/example_dags/example_bash_operator.py
[2026-03-01T08:21:31.175+0000] {processor.py:840} INFO - DAG(s) 'example_bash_operator' retrieved from /home/airflow/.local/lib/python3.8/site-packages/airflow/example_dags/example_bash_operator.py
[2026-03-01T08:21:31.193+0000] {logging_mixin.py:188} INFO - [2026-03-01T08:21:31.193+0000] {dag.py:3036} INFO - Sync 1 DAGs
[2026-03-01T08:21:31.206+0000] {logging_mixin.py:188} INFO - [2026-03-01T08:21:31.206+0000] {dag.py:3823} INFO - Setting next_dagrun for example_bash_operator to 2026-02-28 00:00:00+00:00, run_after=2026-03-01 00:00:00+00:00
[2026-03-01T08:21:31.218+0000] {processor.py:183} INFO - Processing /home/airflow/.local/lib/python3.8/site-packages/airflow/example_dags/example_bash_operator.py took 0.055 seconds
[2026-03-01T08:22:01.490+0000] {processor.py:161} INFO - Started process (PID=1783) to work on /home/airflow/.local/lib/python3.8/site-packages/airflow/example_dags/example_bash_operator.py
[2026-03-01T08:22:01.492+0000] {processor.py:830} INFO - Processing file /home/airflow/.local/lib/python3.8/site-packages/airflow/example_dags/example_bash_operator.py for tasks to queue
[2026-03-01T08:22:01.494+0000] {logging_mixin.py:188} INFO - [2026-03-01T08:22:01.493+0000] {dagbag.py:538} INFO - Filling up the DagBag from /home/airflow/.local/lib/python3.8/site-packages/airflow/example_dags/example_bash_operator.py
[2026-03-01T08:22:01.502+0000] {processor.py:840} INFO - DAG(s) 'example_bash_operator' retrieved from /home/airflow/.local/lib/python3.8/site-packages/airflow/example_dags/example_bash_operator.py
[2026-03-01T08:22:01.521+0000] {logging_mixin.py:188} INFO - [2026-03-01T08:22:01.521+0000] {dag.py:3036} INFO - Sync 1 DAGs
[2026-03-01T08:22:01.535+0000] {logging_mixin.py:188} INFO - [2026-03-01T08:22:01.535+0000] {dag.py:3823} INFO - Setting next_dagrun for example_bash_operator to 2026-02-28 00:00:00+00:00, run_after=2026-03-01 00:00:00+00:00
[2026-03-01T08:22:01.548+0000] {processor.py:183} INFO - Processing /home/airflow/.local/lib/python3.8/site-packages/airflow/example_dags/example_bash_operator.py took 0.061 seconds
[2026-03-01T08:22:31.830+0000] {processor.py:161} INFO - Started process (PID=1839) to work on /home/airflow/.local/lib/python3.8/site-packages/airflow/example_dags/example_bash_operator.py
[2026-03-01T08:22:31.831+0000] {processor.py:830} INFO - Processing file /home/airflow/.local/lib/python3.8/site-packages/airflow/example_dags/example_bash_operator.py for tasks to queue
[2026-03-01T08:22:31.832+0000] {logging_mixin.py:188} INFO - [2026-03-01T08:22:31.832+0000] {dagbag.py:538} INFO - Filling up the DagBag from /home/airflow/.local/lib/python3.8/site-packages/airflow/example_dags/example_bash_operator.py
[2026-03-01T08:22:31.840+0000] {processor.py:840} INFO - DAG(s) 'example_bash_operator' retrieved from /home/airflow/.local/lib/python3.8/site-packages/airflow/example_dags/example_bash_operator.py
[2026-03-01T08:22:31.858+0000] {logging_mixin.py:188} INFO - [2026-03-01T08:22:31.858+0000] {dag.py:3036} INFO - Sync 1 DAGs
[2026-03-01T08:22:31.874+0000] {logging_mixin.py:188} INFO - [2026-03-01T08:22:31.874+0000] {dag.py:3823} INFO - Setting next_dagrun for example_bash_operator to 2026-02-28 00:00:00+00:00, run_after=2026-03-01 00:00:00+00:00
[2026-03-01T08:22:31.887+0000] {processor.py:183} INFO - Processing /home/airflow/.local/lib/python3.8/site-packages/airflow/example_dags/example_bash_operator.py took 0.059 seconds
[2026-03-01T08:23:02.372+0000] {processor.py:161} INFO - Started process (PID=1895) to work on /home/airflow/.local/lib/python3.8/site-packages/airflow/example_dags/example_bash_operator.py
[2026-03-01T08:23:02.373+0000] {processor.py:830} INFO - Processing file /home/airflow/.local/lib/python3.8/site-packages/airflow/example_dags/example_bash_operator.py for tasks to queue
[2026-03-01T08:23:02.374+0000] {logging_mixin.py:188} INFO - [2026-03-01T08:23:02.374+0000] {dagbag.py:538} INFO - Filling up the DagBag from /home/airflow/.local/lib/python3.8/site-packages/airflow/example_dags/example_bash_operator.py
[2026-03-01T08:23:02.381+0000] {processor.py:840} INFO - DAG(s) 'example_bash_operator' retrieved from /home/airflow/.local/lib/python3.8/site-packages/airflow/example_dags/example_bash_operator.py
[2026-03-01T08:23:02.398+0000] {logging_mixin.py:188} INFO - [2026-03-01T08:23:02.398+0000] {dag.py:3036} INFO - Sync 1 DAGs
[2026-03-01T08:23:02.412+0000] {logging_mixin.py:188} INFO - [2026-03-01T08:23:02.412+0000] {dag.py:3823} INFO - Setting next_dagrun for example_bash_operator to 2026-02-28 00:00:00+00:00, run_after=2026-03-01 00:00:00+00:00
[2026-03-01T08:23:02.425+0000] {processor.py:183} INFO - Processing /home/airflow/.local/lib/python3.8/site-packages/airflow/example_dags/example_bash_operator.py took 0.056 seconds
[2026-03-01T08:23:32.657+0000] {processor.py:161} INFO - Started process (PID=1951) to work on /home/airflow/.local/lib/python3.8/site-packages/airflow/example_dags/example_bash_operator.py
[2026-03-01T08:23:32.658+0000] {processor.py:830} INFO - Processing file /home/airflow/.local/lib/python3.8/site-packages/airflow/example_dags/example_bash_operator.py for tasks to queue
[2026-03-01T08:23:32.660+0000] {logging_mixin.py:188} INFO - [2026-03-01T08:23:32.660+0000] {dagbag.py:538} INFO - Filling up the DagBag from /home/airflow/.local/lib/python3.8/site-packages/airflow/example_dags/example_bash_operator.py
[2026-03-01T08:23:32.668+0000] {processor.py:840} INFO - DAG(s) 'example_bash_operator' retrieved from /home/airflow/.local/lib/python3.8/site-packages/airflow/example_dags/example_bash_operator.py
[2026-03-01T08:23:32.685+0000] {logging_mixin.py:188} INFO - [2026-03-01T08:23:32.685+0000] {dag.py:3036} INFO - Sync 1 DAGs
[2026-03-01T08:23:32.699+0000] {logging_mixin.py:188} INFO - [2026-03-01T08:23:32.699+0000] {dag.py:3823} INFO - Setting next_dagrun for example_bash_operator to 2026-02-28 00:00:00+00:00, run_after=2026-03-01 00:00:00+00:00
[2026-03-01T08:23:32.710+0000] {processor.py:183} INFO - Processing /home/airflow/.local/lib/python3.8/site-packages/airflow/example_dags/example_bash_operator.py took 0.056 seconds
[2026-03-01T08:24:02.846+0000] {processor.py:161} INFO - Started process (PID=2007) to work on /home/airflow/.local/lib/python3.8/site-packages/airflow/example_dags/example_bash_operator.py
[2026-03-01T08:24:02.847+0000] {processor.py:830} INFO - Processing file /home/airflow/.local/lib/python3.8/site-packages/airflow/example_dags/example_bash_operator.py for tasks to queue
[2026-03-01T08:24:02.848+0000] {logging_mixin.py:188} INFO - [2026-03-01T08:24:02.848+0000] {dagbag.py:538} INFO - Filling up the DagBag from /home/airflow/.local/lib/python3.8/site-packages/airflow/example_dags/example_bash_operator.py
[2026-03-01T08:24:02.856+0000] {processor.py:840} INFO - DAG(s) 'example_bash_operator' retrieved from /home/airflow/.local/lib/python3.8/site-packages/airflow/example_dags/example_bash_operator.py
[2026-03-01T08:24:02.874+0000] {logging_mixin.py:188} INFO - [2026-03-01T08:24:02.874+0000] {dag.py:3036} INFO - Sync 1 DAGs
[2026-03-01T08:24:02.887+0000] {logging_mixin.py:188} INFO - [2026-03-01T08:24:02.887+0000] {dag.py:3823} INFO - Setting next_dagrun for example_bash_operator to 2026-02-28 00:00:00+00:00, run_after=2026-03-01 00:00:00+00:00
[2026-03-01T08:24:02.898+0000] {processor.py:183} INFO - Processing /home/airflow/.local/lib/python3.8/site-packages/airflow/example_dags/example_bash_operator.py took 0.055 seconds
[2026-03-01T08:24:33.166+0000] {processor.py:161} INFO - Started process (PID=2063) to work on /home/airflow/.local/lib/python3.8/site-packages/airflow/example_dags/example_bash_operator.py
[2026-03-01T08:24:33.167+0000] {processor.py:830} INFO - Processing file /home/airflow/.local/lib/python3.8/site-packages/airflow/example_dags/example_bash_operator.py for tasks to queue
[2026-03-01T08:24:33.169+0000] {logging_mixin.py:188} INFO - [2026-03-01T08:24:33.169+0000] {dagbag.py:538} INFO - Filling up the DagBag from /home/airflow/.local/lib/python3.8/site-packages/airflow/example_dags/example_bash_operator.py
[2026-03-01T08:24:33.178+0000] {processor.py:840} INFO - DAG(s) 'example_bash_operator' retrieved from /home/airflow/.local/lib/python3.8/site-packages/airflow/example_dags/example_bash_operator.py
[2026-03-01T08:24:33.197+0000] {logging_mixin.py:188} INFO - [2026-03-01T08:24:33.197+0000] {dag.py:3036} INFO - Sync 1 DAGs
[2026-03-01T08:24:33.211+0000] {logging_mixin.py:188} INFO - [2026-03-01T08:24:33.211+0000] {dag.py:3823} INFO - Setting next_dagrun for example_bash_operator to 2026-02-28 00:00:00+00:00, run_after=2026-03-01 00:00:00+00:00
[2026-03-01T08:24:33.224+0000] {processor.py:183} INFO - Processing /home/airflow/.local/lib/python3.8/site-packages/airflow/example_dags/example_bash_operator.py took 0.060 seconds
[2026-03-01T08:25:03.427+0000] {processor.py:161} INFO - Started process (PID=2123) to work on /home/airflow/.local/lib/python3.8/site-packages/airflow/example_dags/example_bash_operator.py
[2026-03-01T08:25:03.429+0000] {processor.py:830} INFO - Processing file /home/airflow/.local/lib/python3.8/site-packages/airflow/example_dags/example_bash_operator.py for tasks to queue
[2026-03-01T08:25:03.430+0000] {logging_mixin.py:188} INFO - [2026-03-01T08:25:03.430+0000] {dagbag.py:538} INFO - Filling up the DagBag from /home/airflow/.local/lib/python3.8/site-packages/airflow/example_dags/example_bash_operator.py
[2026-03-01T08:25:03.437+0000] {processor.py:840} INFO - DAG(s) 'example_bash_operator' retrieved from /home/airflow/.local/lib/python3.8/site-packages/airflow/example_dags/example_bash_operator.py
[2026-03-01T08:25:03.456+0000] {logging_mixin.py:188} INFO - [2026-03-01T08:25:03.456+0000] {dag.py:3036} INFO - Sync 1 DAGs
[2026-03-01T08:25:03.471+0000] {logging_mixin.py:188} INFO - [2026-03-01T08:25:03.471+0000] {dag.py:3823} INFO - Setting next_dagrun for example_bash_operator to 2026-02-28 00:00:00+00:00, run_after=2026-03-01 00:00:00+00:00
[2026-03-01T08:25:03.486+0000] {processor.py:183} INFO - Processing /home/airflow/.local/lib/python3.8/site-packages/airflow/example_dags/example_bash_operator.py took 0.061 seconds
[2026-03-01T08:25:33.702+0000] {processor.py:161} INFO - Started process (PID=2179) to work on /home/airflow/.local/lib/python3.8/site-packages/airflow/example_dags/example_bash_operator.py
[2026-03-01T08:25:33.703+0000] {processor.py:830} INFO - Processing file /home/airflow/.local/lib/python3.8/site-packages/airflow/example_dags/example_bash_operator.py for tasks to queue
[2026-03-01T08:25:33.705+0000] {logging_mixin.py:188} INFO - [2026-03-01T08:25:33.705+0000] {dagbag.py:538} INFO - Filling up the DagBag from /home/airflow/.local/lib/python3.8/site-packages/airflow/example_dags/example_bash_operator.py
[2026-03-01T08:25:33.713+0000] {processor.py:840} INFO - DAG(s) 'example_bash_operator' retrieved from /home/airflow/.local/lib/python3.8/site-packages/airflow/example_dags/example_bash_operator.py
[2026-03-01T08:25:33.733+0000] {logging_mixin.py:188} INFO - [2026-03-01T08:25:33.733+0000] {dag.py:3036} INFO - Sync 1 DAGs
[2026-03-01T08:25:33.747+0000] {logging_mixin.py:188} INFO - [2026-03-01T08:25:33.747+0000] {dag.py:3823} INFO - Setting next_dagrun for example_bash_operator to 2026-02-28 00:00:00+00:00, run_after=2026-03-01 00:00:00+00:00
[2026-03-01T08:25:33.762+0000] {processor.py:183} INFO - Processing /home/airflow/.local/lib/python3.8/site-packages/airflow/example_dags/example_bash_operator.py took 0.062 seconds
[2026-03-01T08:26:04.118+0000] {processor.py:161} INFO - Started process (PID=2235) to work on /home/airflow/.local/lib/python3.8/site-packages/airflow/example_dags/example_bash_operator.py
[2026-03-01T08:26:04.119+0000] {processor.py:830} INFO - Processing file /home/airflow/.local/lib/python3.8/site-packages/airflow/example_dags/example_bash_operator.py for tasks to queue
[2026-03-01T08:26:04.121+0000] {logging_mixin.py:188} INFO - [2026-03-01T08:26:04.121+0000] {dagbag.py:538} INFO - Filling up the DagBag from /home/airflow/.local/lib/python3.8/site-packages/airflow/example_dags/example_bash_operator.py
[2026-03-01T08:26:04.128+0000] {processor.py:840} INFO - DAG(s) 'example_bash_operator' retrieved from /home/airflow/.local/lib/python3.8/site-packages/airflow/example_dags/example_bash_operator.py
[2026-03-01T08:26:04.146+0000] {logging_mixin.py:188} INFO - [2026-03-01T08:26:04.146+0000] {dag.py:3036} INFO - Sync 1 DAGs
[2026-03-01T08:26:04.161+0000] {logging_mixin.py:188} INFO - [2026-03-01T08:26:04.161+0000] {dag.py:3823} INFO - Setting next_dagrun for example_bash_operator to 2026-02-28 00:00:00+00:00, run_after=2026-03-01 00:00:00+00:00
[2026-03-01T08:26:04.174+0000] {processor.py:183} INFO - Processing /home/airflow/.local/lib/python3.8/site-packages/airflow/example_dags/example_bash_operator.py took 0.059 seconds
[2026-03-01T08:26:35.106+0000] {processor.py:161} INFO - Started process (PID=2291) to work on /home/airflow/.local/lib/python3.8/site-packages/airflow/example_dags/example_bash_operator.py
[2026-03-01T08:26:35.107+0000] {processor.py:830} INFO - Processing file /home/airflow/.local/lib/python3.8/site-packages/airflow/example_dags/example_bash_operator.py for tasks to queue
[2026-03-01T08:26:35.109+0000] {logging_mixin.py:188} INFO - [2026-03-01T08:26:35.109+0000] {dagbag.py:538} INFO - Filling up the DagBag from /home/airflow/.local/lib/python3.8/site-packages/airflow/example_dags/example_bash_operator.py
[2026-03-01T08:26:35.118+0000] {processor.py:840} INFO - DAG(s) 'example_bash_operator' retrieved from /home/airflow/.local/lib/python3.8/site-packages/airflow/example_dags/example_bash_operator.py
[2026-03-01T08:26:35.139+0000] {logging_mixin.py:188} INFO - [2026-03-01T08:26:35.138+0000] {dag.py:3036} INFO - Sync 1 DAGs
[2026-03-01T08:26:35.154+0000] {logging_mixin.py:188} INFO - [2026-03-01T08:26:35.154+0000] {dag.py:3823} INFO - Setting next_dagrun for example_bash_operator to 2026-02-28 00:00:00+00:00, run_after=2026-03-01 00:00:00+00:00
[2026-03-01T08:26:35.168+0000] {processor.py:183} INFO - Processing /home/airflow/.local/lib/python3.8/site-packages/airflow/example_dags/example_bash_operator.py took 0.064 seconds
[2026-03-01T08:27:05.568+0000] {processor.py:161} INFO - Started process (PID=2347) to work on /home/airflow/.local/lib/python3.8/site-packages/airflow/example_dags/example_bash_operator.py
[2026-03-01T08:27:05.569+0000] {processor.py:830} INFO - Processing file /home/airflow/.local/lib/python3.8/site-packages/airflow/example_dags/example_bash_operator.py for tasks to queue
[2026-03-01T08:27:05.571+0000] {logging_mixin.py:188} INFO - [2026-03-01T08:27:05.570+0000] {dagbag.py:538} INFO - Filling up the DagBag from /home/airflow/.local/lib/python3.8/site-packages/airflow/example_dags/example_bash_operator.py
[2026-03-01T08:27:05.578+0000] {processor.py:840} INFO - DAG(s) 'example_bash_operator' retrieved from /home/airflow/.local/lib/python3.8/site-packages/airflow/example_dags/example_bash_operator.py
[2026-03-01T08:27:05.598+0000] {logging_mixin.py:188} INFO - [2026-03-01T08:27:05.598+0000] {dag.py:3036} INFO - Sync 1 DAGs
[2026-03-01T08:27:05.613+0000] {logging_mixin.py:188} INFO - [2026-03-01T08:27:05.612+0000] {dag.py:3823} INFO - Setting next_dagrun for example_bash_operator to 2026-02-28 00:00:00+00:00, run_after=2026-03-01 00:00:00+00:00
[2026-03-01T08:27:05.626+0000] {processor.py:183} INFO - Processing /home/airflow/.local/lib/python3.8/site-packages/airflow/example_dags/example_bash_operator.py took 0.061 seconds
[2026-03-01T08:27:35.877+0000] {processor.py:161} INFO - Started process (PID=2402) to work on /home/airflow/.local/lib/python3.8/site-packages/airflow/example_dags/example_bash_operator.py
[2026-03-01T08:27:35.878+0000] {processor.py:830} INFO - Processing file /home/airflow/.local/lib/python3.8/site-packages/airflow/example_dags/example_bash_operator.py for tasks to queue
[2026-03-01T08:27:35.880+0000] {logging_mixin.py:188} INFO - [2026-03-01T08:27:35.879+0000] {dagbag.py:538} INFO - Filling up the DagBag from /home/airflow/.local/lib/python3.8/site-packages/airflow/example_dags/example_bash_operator.py
[2026-03-01T08:27:35.887+0000] {processor.py:840} INFO - DAG(s) 'example_bash_operator' retrieved from /home/airflow/.local/lib/python3.8/site-packages/airflow/example_dags/example_bash_operator.py
[2026-03-01T08:27:35.908+0000] {logging_mixin.py:188} INFO - [2026-03-01T08:27:35.907+0000] {dag.py:3036} INFO - Sync 1 DAGs
[2026-03-01T08:27:35.923+0000] {logging_mixin.py:188} INFO - [2026-03-01T08:27:35.923+0000] {dag.py:3823} INFO - Setting next_dagrun for example_bash_operator to 2026-02-28 00:00:00+00:00, run_after=2026-03-01 00:00:00+00:00
[2026-03-01T08:27:35.936+0000] {processor.py:183} INFO - Processing /home/airflow/.local/lib/python3.8/site-packages/airflow/example_dags/example_bash_operator.py took 0.061 seconds
[2026-03-01T08:28:06.006+0000] {processor.py:161} INFO - Started process (PID=2456) to work on /home/airflow/.local/lib/python3.8/site-packages/airflow/example_dags/example_bash_operator.py
[2026-03-01T08:28:06.007+0000] {processor.py:830} INFO - Processing file /home/airflow/.local/lib/python3.8/site-packages/airflow/example_dags/example_bash_operator.py for tasks to queue
[2026-03-01T08:28:06.009+0000] {logging_mixin.py:188} INFO - [2026-03-01T08:28:06.009+0000] {dagbag.py:538} INFO - Filling up the DagBag from /home/airflow/.local/lib/python3.8/site-packages/airflow/example_dags/example_bash_operator.py
[2026-03-01T08:28:06.016+0000] {processor.py:840} INFO - DAG(s) 'example_bash_operator' retrieved from /home/airflow/.local/lib/python3.8/site-packages/airflow/example_dags/example_bash_operator.py
[2026-03-01T08:28:06.033+0000] {logging_mixin.py:188} INFO - [2026-03-01T08:28:06.033+0000] {dag.py:3036} INFO - Sync 1 DAGs
[2026-03-01T08:28:06.047+0000] {logging_mixin.py:188} INFO - [2026-03-01T08:28:06.047+0000] {dag.py:3823} INFO - Setting next_dagrun for example_bash_operator to 2026-02-28 00:00:00+00:00, run_after=2026-03-01 00:00:00+00:00
[2026-03-01T08:28:06.062+0000] {processor.py:183} INFO - Processing /home/airflow/.local/lib/python3.8/site-packages/airflow/example_dags/example_bash_operator.py took 0.059 seconds
[2026-03-01T08:28:36.162+0000] {processor.py:161} INFO - Started process (PID=2511) to work on /home/airflow/.local/lib/python3.8/site-packages/airflow/example_dags/example_bash_operator.py
[2026-03-01T08:28:36.163+0000] {processor.py:830} INFO - Processing file /home/airflow/.local/lib/python3.8/site-packages/airflow/example_dags/example_bash_operator.py for tasks to queue
[2026-03-01T08:28:36.165+0000] {logging_mixin.py:188} INFO - [2026-03-01T08:28:36.164+0000] {dagbag.py:538} INFO - Filling up the DagBag from /home/airflow/.local/lib/python3.8/site-packages/airflow/example_dags/example_bash_operator.py
[2026-03-01T08:28:36.172+0000] {processor.py:840} INFO - DAG(s) 'example_bash_operator' retrieved from /home/airflow/.local/lib/python3.8/site-packages/airflow/example_dags/example_bash_operator.py
[2026-03-01T08:28:36.191+0000] {logging_mixin.py:188} INFO - [2026-03-01T08:28:36.190+0000] {dag.py:3036} INFO - Sync 1 DAGs
[2026-03-01T08:28:36.205+0000] {logging_mixin.py:188} INFO - [2026-03-01T08:28:36.204+0000] {dag.py:3823} INFO - Setting next_dagrun for example_bash_operator to 2026-02-28 00:00:00+00:00, run_after=2026-03-01 00:00:00+00:00
[2026-03-01T08:28:36.216+0000] {processor.py:183} INFO - Processing /home/airflow/.local/lib/python3.8/site-packages/airflow/example_dags/example_bash_operator.py took 0.056 seconds
[2026-03-01T08:29:06.610+0000] {processor.py:161} INFO - Started process (PID=2567) to work on /home/airflow/.local/lib/python3.8/site-packages/airflow/example_dags/example_bash_operator.py
[2026-03-01T08:29:06.612+0000] {processor.py:830} INFO - Processing file /home/airflow/.local/lib/python3.8/site-packages/airflow/example_dags/example_bash_operator.py for tasks to queue
[2026-03-01T08:29:06.614+0000] {logging_mixin.py:188} INFO - [2026-03-01T08:29:06.614+0000] {dagbag.py:538} INFO - Filling up the DagBag from /home/airflow/.local/lib/python3.8/site-packages/airflow/example_dags/example_bash_operator.py
[2026-03-01T08:29:06.623+0000] {processor.py:840} INFO - DAG(s) 'example_bash_operator' retrieved from /home/airflow/.local/lib/python3.8/site-packages/airflow/example_dags/example_bash_operator.py
[2026-03-01T08:29:06.641+0000] {logging_mixin.py:188} INFO - [2026-03-01T08:29:06.641+0000] {dag.py:3036} INFO - Sync 1 DAGs
[2026-03-01T08:29:06.657+0000] {logging_mixin.py:188} INFO - [2026-03-01T08:29:06.657+0000] {dag.py:3823} INFO - Setting next_dagrun for example_bash_operator to 2026-02-28 00:00:00+00:00, run_after=2026-03-01 00:00:00+00:00
[2026-03-01T08:29:06.669+0000] {processor.py:183} INFO - Processing /home/airflow/.local/lib/python3.8/site-packages/airflow/example_dags/example_bash_operator.py took 0.061 seconds
[2026-03-01T08:29:36.970+0000] {processor.py:161} INFO - Started process (PID=2623) to work on /home/airflow/.local/lib/python3.8/site-packages/airflow/example_dags/example_bash_operator.py
[2026-03-01T08:29:36.971+0000] {processor.py:830} INFO - Processing file /home/airflow/.local/lib/python3.8/site-packages/airflow/example_dags/example_bash_operator.py for tasks to queue
[2026-03-01T08:29:36.972+0000] {logging_mixin.py:188} INFO - [2026-03-01T08:29:36.972+0000] {dagbag.py:538} INFO - Filling up the DagBag from /home/airflow/.local/lib/python3.8/site-packages/airflow/example_dags/example_bash_operator.py
[2026-03-01T08:29:36.980+0000] {processor.py:840} INFO - DAG(s) 'example_bash_operator' retrieved from /home/airflow/.local/lib/python3.8/site-packages/airflow/example_dags/example_bash_operator.py
[2026-03-01T08:29:36.998+0000] {logging_mixin.py:188} INFO - [2026-03-01T08:29:36.998+0000] {dag.py:3036} INFO - Sync 1 DAGs
[2026-03-01T08:29:37.012+0000] {logging_mixin.py:188} INFO - [2026-03-01T08:29:37.011+0000] {dag.py:3823} INFO - Setting next_dagrun for example_bash_operator to 2026-02-28 00:00:00+00:00, run_after=2026-03-01 00:00:00+00:00
[2026-03-01T08:29:37.025+0000] {processor.py:183} INFO - Processing /home/airflow/.local/lib/python3.8/site-packages/airflow/example_dags/example_bash_operator.py took 0.058 seconds
[2026-03-01T08:30:07.723+0000] {processor.py:161} INFO - Started process (PID=2680) to work on /home/airflow/.local/lib/python3.8/site-packages/airflow/example_dags/example_bash_operator.py
[2026-03-01T08:30:07.724+0000] {processor.py:830} INFO - Processing file /home/airflow/.local/lib/python3.8/site-packages/airflow/example_dags/example_bash_operator.py for tasks to queue
[2026-03-01T08:30:07.726+0000] {logging_mixin.py:188} INFO - [2026-03-01T08:30:07.725+0000] {dagbag.py:538} INFO - Filling up the DagBag from /home/airflow/.local/lib/python3.8/site-packages/airflow/example_dags/example_bash_operator.py
[2026-03-01T08:30:07.736+0000] {processor.py:840} INFO - DAG(s) 'example_bash_operator' retrieved from /home/airflow/.local/lib/python3.8/site-packages/airflow/example_dags/example_bash_operator.py
[2026-03-01T08:30:07.757+0000] {logging_mixin.py:188} INFO - [2026-03-01T08:30:07.757+0000] {dag.py:3036} INFO - Sync 1 DAGs
[2026-03-01T08:30:07.773+0000] {logging_mixin.py:188} INFO - [2026-03-01T08:30:07.772+0000] {dag.py:3823} INFO - Setting next_dagrun for example_bash_operator to 2026-02-28 00:00:00+00:00, run_after=2026-03-01 00:00:00+00:00
[2026-03-01T08:30:07.790+0000] {processor.py:183} INFO - Processing /home/airflow/.local/lib/python3.8/site-packages/airflow/example_dags/example_bash_operator.py took 0.069 seconds
