[2026-03-01T08:07:49.812+0000] {processor.py:161} INFO - Started process (PID=100) to work on /home/airflow/.local/lib/python3.8/site-packages/airflow/example_dags/example_short_circuit_decorator.py
[2026-03-01T08:07:49.813+0000] {processor.py:830} INFO - Processing file /home/airflow/.local/lib/python3.8/site-packages/airflow/example_dags/example_short_circuit_decorator.py for tasks to queue
[2026-03-01T08:07:49.816+0000] {logging_mixin.py:188} INFO - [2026-03-01T08:07:49.815+0000] {dagbag.py:538} INFO - Filling up the DagBag from /home/airflow/.local/lib/python3.8/site-packages/airflow/example_dags/example_short_circuit_decorator.py
[2026-03-01T08:07:49.827+0000] {processor.py:840} INFO - DAG(s) 'example_short_circuit_decorator' retrieved from /home/airflow/.local/lib/python3.8/site-packages/airflow/example_dags/example_short_circuit_decorator.py
[2026-03-01T08:07:49.914+0000] {logging_mixin.py:188} INFO - [2026-03-01T08:07:49.914+0000] {override.py:1769} INFO - Created Permission View: can edit on DAG:example_short_circuit_decorator
[2026-03-01T08:07:49.924+0000] {logging_mixin.py:188} INFO - [2026-03-01T08:07:49.923+0000] {override.py:1769} INFO - Created Permission View: can delete on DAG:example_short_circuit_decorator
[2026-03-01T08:07:49.930+0000] {logging_mixin.py:188} INFO - [2026-03-01T08:07:49.930+0000] {override.py:1769} INFO - Created Permission View: can read on DAG:example_short_circuit_decorator
[2026-03-01T08:07:49.931+0000] {logging_mixin.py:188} INFO - [2026-03-01T08:07:49.931+0000] {dag.py:3036} INFO - Sync 1 DAGs
[2026-03-01T08:07:49.943+0000] {logging_mixin.py:188} INFO - [2026-03-01T08:07:49.943+0000] {dag.py:3058} INFO - Creating ORM DAG for example_short_circuit_decorator
[2026-03-01T08:07:49.954+0000] {logging_mixin.py:188} INFO - [2026-03-01T08:07:49.954+0000] {dag.py:3823} INFO - Setting next_dagrun for example_short_circuit_decorator to 2026-02-28 00:00:00+00:00, run_after=2026-03-01 00:00:00+00:00
[2026-03-01T08:07:49.970+0000] {processor.py:183} INFO - Processing /home/airflow/.local/lib/python3.8/site-packages/airflow/example_dags/example_short_circuit_decorator.py took 0.163 seconds
[2026-03-01T08:08:20.243+0000] {processor.py:161} INFO - Started process (PID=155) to work on /home/airflow/.local/lib/python3.8/site-packages/airflow/example_dags/example_short_circuit_decorator.py
[2026-03-01T08:08:20.244+0000] {processor.py:830} INFO - Processing file /home/airflow/.local/lib/python3.8/site-packages/airflow/example_dags/example_short_circuit_decorator.py for tasks to queue
[2026-03-01T08:08:20.246+0000] {logging_mixin.py:188} INFO - [2026-03-01T08:08:20.245+0000] {dagbag.py:538} INFO - Filling up the DagBag from /home/airflow/.local/lib/python3.8/site-packages/airflow/example_dags/example_short_circuit_decorator.py
[2026-03-01T08:08:20.251+0000] {processor.py:840} INFO - DAG(s) 'example_short_circuit_decorator' retrieved from /home/airflow/.local/lib/python3.8/site-packages/airflow/example_dags/example_short_circuit_decorator.py
[2026-03-01T08:08:20.266+0000] {logging_mixin.py:188} INFO - [2026-03-01T08:08:20.266+0000] {dag.py:3036} INFO - Sync 1 DAGs
[2026-03-01T08:08:20.280+0000] {logging_mixin.py:188} INFO - [2026-03-01T08:08:20.280+0000] {dag.py:3823} INFO - Setting next_dagrun for example_short_circuit_decorator to 2026-02-28 00:00:00+00:00, run_after=2026-03-01 00:00:00+00:00
[2026-03-01T08:08:20.292+0000] {processor.py:183} INFO - Processing /home/airflow/.local/lib/python3.8/site-packages/airflow/example_dags/example_short_circuit_decorator.py took 0.051 seconds
[2026-03-01T08:08:50.763+0000] {processor.py:161} INFO - Started process (PID=210) to work on /home/airflow/.local/lib/python3.8/site-packages/airflow/example_dags/example_short_circuit_decorator.py
[2026-03-01T08:08:50.764+0000] {processor.py:830} INFO - Processing file /home/airflow/.local/lib/python3.8/site-packages/airflow/example_dags/example_short_circuit_decorator.py for tasks to queue
[2026-03-01T08:08:50.766+0000] {logging_mixin.py:188} INFO - [2026-03-01T08:08:50.766+0000] {dagbag.py:538} INFO - Filling up the DagBag from /home/airflow/.local/lib/python3.8/site-packages/airflow/example_dags/example_short_circuit_decorator.py
[2026-03-01T08:08:50.772+0000] {processor.py:840} INFO - DAG(s) 'example_short_circuit_decorator' retrieved from /home/airflow/.local/lib/python3.8/site-packages/airflow/example_dags/example_short_circuit_decorator.py
[2026-03-01T08:08:50.787+0000] {logging_mixin.py:188} INFO - [2026-03-01T08:08:50.786+0000] {dag.py:3036} INFO - Sync 1 DAGs
[2026-03-01T08:08:50.800+0000] {logging_mixin.py:188} INFO - [2026-03-01T08:08:50.800+0000] {dag.py:3823} INFO - Setting next_dagrun for example_short_circuit_decorator to 2026-02-28 00:00:00+00:00, run_after=2026-03-01 00:00:00+00:00
[2026-03-01T08:08:50.813+0000] {processor.py:183} INFO - Processing /home/airflow/.local/lib/python3.8/site-packages/airflow/example_dags/example_short_circuit_decorator.py took 0.051 seconds
[2026-03-01T08:09:21.062+0000] {processor.py:161} INFO - Started process (PID=265) to work on /home/airflow/.local/lib/python3.8/site-packages/airflow/example_dags/example_short_circuit_decorator.py
[2026-03-01T08:09:21.064+0000] {processor.py:830} INFO - Processing file /home/airflow/.local/lib/python3.8/site-packages/airflow/example_dags/example_short_circuit_decorator.py for tasks to queue
[2026-03-01T08:09:21.065+0000] {logging_mixin.py:188} INFO - [2026-03-01T08:09:21.065+0000] {dagbag.py:538} INFO - Filling up the DagBag from /home/airflow/.local/lib/python3.8/site-packages/airflow/example_dags/example_short_circuit_decorator.py
[2026-03-01T08:09:21.072+0000] {processor.py:840} INFO - DAG(s) 'example_short_circuit_decorator' retrieved from /home/airflow/.local/lib/python3.8/site-packages/airflow/example_dags/example_short_circuit_decorator.py
[2026-03-01T08:09:21.088+0000] {logging_mixin.py:188} INFO - [2026-03-01T08:09:21.088+0000] {dag.py:3036} INFO - Sync 1 DAGs
[2026-03-01T08:09:21.101+0000] {logging_mixin.py:188} INFO - [2026-03-01T08:09:21.101+0000] {dag.py:3823} INFO - Setting next_dagrun for example_short_circuit_decorator to 2026-02-28 00:00:00+00:00, run_after=2026-03-01 00:00:00+00:00
[2026-03-01T08:09:21.114+0000] {processor.py:183} INFO - Processing /home/airflow/.local/lib/python3.8/site-packages/airflow/example_dags/example_short_circuit_decorator.py took 0.054 seconds
[2026-03-01T08:09:51.540+0000] {processor.py:161} INFO - Started process (PID=320) to work on /home/airflow/.local/lib/python3.8/site-packages/airflow/example_dags/example_short_circuit_decorator.py
[2026-03-01T08:09:51.541+0000] {processor.py:830} INFO - Processing file /home/airflow/.local/lib/python3.8/site-packages/airflow/example_dags/example_short_circuit_decorator.py for tasks to queue
[2026-03-01T08:09:51.543+0000] {logging_mixin.py:188} INFO - [2026-03-01T08:09:51.542+0000] {dagbag.py:538} INFO - Filling up the DagBag from /home/airflow/.local/lib/python3.8/site-packages/airflow/example_dags/example_short_circuit_decorator.py
[2026-03-01T08:09:51.549+0000] {processor.py:840} INFO - DAG(s) 'example_short_circuit_decorator' retrieved from /home/airflow/.local/lib/python3.8/site-packages/airflow/example_dags/example_short_circuit_decorator.py
[2026-03-01T08:09:51.565+0000] {logging_mixin.py:188} INFO - [2026-03-01T08:09:51.564+0000] {dag.py:3036} INFO - Sync 1 DAGs
[2026-03-01T08:09:51.578+0000] {logging_mixin.py:188} INFO - [2026-03-01T08:09:51.578+0000] {dag.py:3823} INFO - Setting next_dagrun for example_short_circuit_decorator to 2026-02-28 00:00:00+00:00, run_after=2026-03-01 00:00:00+00:00
[2026-03-01T08:09:51.595+0000] {processor.py:183} INFO - Processing /home/airflow/.local/lib/python3.8/site-packages/airflow/example_dags/example_short_circuit_decorator.py took 0.057 seconds
[2026-03-01T08:10:22.020+0000] {processor.py:161} INFO - Started process (PID=375) to work on /home/airflow/.local/lib/python3.8/site-packages/airflow/example_dags/example_short_circuit_decorator.py
[2026-03-01T08:10:22.022+0000] {processor.py:830} INFO - Processing file /home/airflow/.local/lib/python3.8/site-packages/airflow/example_dags/example_short_circuit_decorator.py for tasks to queue
[2026-03-01T08:10:22.023+0000] {logging_mixin.py:188} INFO - [2026-03-01T08:10:22.023+0000] {dagbag.py:538} INFO - Filling up the DagBag from /home/airflow/.local/lib/python3.8/site-packages/airflow/example_dags/example_short_circuit_decorator.py
[2026-03-01T08:10:22.030+0000] {processor.py:840} INFO - DAG(s) 'example_short_circuit_decorator' retrieved from /home/airflow/.local/lib/python3.8/site-packages/airflow/example_dags/example_short_circuit_decorator.py
[2026-03-01T08:10:22.047+0000] {logging_mixin.py:188} INFO - [2026-03-01T08:10:22.047+0000] {dag.py:3036} INFO - Sync 1 DAGs
[2026-03-01T08:10:22.065+0000] {logging_mixin.py:188} INFO - [2026-03-01T08:10:22.065+0000] {dag.py:3823} INFO - Setting next_dagrun for example_short_circuit_decorator to 2026-02-28 00:00:00+00:00, run_after=2026-03-01 00:00:00+00:00
[2026-03-01T08:10:22.084+0000] {processor.py:183} INFO - Processing /home/airflow/.local/lib/python3.8/site-packages/airflow/example_dags/example_short_circuit_decorator.py took 0.066 seconds
[2026-03-01T08:10:52.695+0000] {processor.py:161} INFO - Started process (PID=430) to work on /home/airflow/.local/lib/python3.8/site-packages/airflow/example_dags/example_short_circuit_decorator.py
[2026-03-01T08:10:52.695+0000] {processor.py:830} INFO - Processing file /home/airflow/.local/lib/python3.8/site-packages/airflow/example_dags/example_short_circuit_decorator.py for tasks to queue
[2026-03-01T08:10:52.697+0000] {logging_mixin.py:188} INFO - [2026-03-01T08:10:52.697+0000] {dagbag.py:538} INFO - Filling up the DagBag from /home/airflow/.local/lib/python3.8/site-packages/airflow/example_dags/example_short_circuit_decorator.py
[2026-03-01T08:10:52.703+0000] {processor.py:840} INFO - DAG(s) 'example_short_circuit_decorator' retrieved from /home/airflow/.local/lib/python3.8/site-packages/airflow/example_dags/example_short_circuit_decorator.py
[2026-03-01T08:10:52.718+0000] {logging_mixin.py:188} INFO - [2026-03-01T08:10:52.717+0000] {dag.py:3036} INFO - Sync 1 DAGs
[2026-03-01T08:10:52.732+0000] {logging_mixin.py:188} INFO - [2026-03-01T08:10:52.732+0000] {dag.py:3823} INFO - Setting next_dagrun for example_short_circuit_decorator to 2026-02-28 00:00:00+00:00, run_after=2026-03-01 00:00:00+00:00
[2026-03-01T08:10:52.746+0000] {processor.py:183} INFO - Processing /home/airflow/.local/lib/python3.8/site-packages/airflow/example_dags/example_short_circuit_decorator.py took 0.053 seconds
[2026-03-01T08:11:23.033+0000] {processor.py:161} INFO - Started process (PID=491) to work on /home/airflow/.local/lib/python3.8/site-packages/airflow/example_dags/example_short_circuit_decorator.py
[2026-03-01T08:11:23.034+0000] {processor.py:830} INFO - Processing file /home/airflow/.local/lib/python3.8/site-packages/airflow/example_dags/example_short_circuit_decorator.py for tasks to queue
[2026-03-01T08:11:23.035+0000] {logging_mixin.py:188} INFO - [2026-03-01T08:11:23.035+0000] {dagbag.py:538} INFO - Filling up the DagBag from /home/airflow/.local/lib/python3.8/site-packages/airflow/example_dags/example_short_circuit_decorator.py
[2026-03-01T08:11:23.042+0000] {processor.py:840} INFO - DAG(s) 'example_short_circuit_decorator' retrieved from /home/airflow/.local/lib/python3.8/site-packages/airflow/example_dags/example_short_circuit_decorator.py
[2026-03-01T08:11:23.057+0000] {logging_mixin.py:188} INFO - [2026-03-01T08:11:23.056+0000] {dag.py:3036} INFO - Sync 1 DAGs
[2026-03-01T08:11:23.069+0000] {logging_mixin.py:188} INFO - [2026-03-01T08:11:23.069+0000] {dag.py:3823} INFO - Setting next_dagrun for example_short_circuit_decorator to 2026-02-28 00:00:00+00:00, run_after=2026-03-01 00:00:00+00:00
[2026-03-01T08:11:23.080+0000] {processor.py:183} INFO - Processing /home/airflow/.local/lib/python3.8/site-packages/airflow/example_dags/example_short_circuit_decorator.py took 0.050 seconds
[2026-03-01T08:11:53.142+0000] {processor.py:161} INFO - Started process (PID=552) to work on /home/airflow/.local/lib/python3.8/site-packages/airflow/example_dags/example_short_circuit_decorator.py
[2026-03-01T08:11:53.143+0000] {processor.py:830} INFO - Processing file /home/airflow/.local/lib/python3.8/site-packages/airflow/example_dags/example_short_circuit_decorator.py for tasks to queue
[2026-03-01T08:11:53.145+0000] {logging_mixin.py:188} INFO - [2026-03-01T08:11:53.145+0000] {dagbag.py:538} INFO - Filling up the DagBag from /home/airflow/.local/lib/python3.8/site-packages/airflow/example_dags/example_short_circuit_decorator.py
[2026-03-01T08:11:53.151+0000] {processor.py:840} INFO - DAG(s) 'example_short_circuit_decorator' retrieved from /home/airflow/.local/lib/python3.8/site-packages/airflow/example_dags/example_short_circuit_decorator.py
[2026-03-01T08:11:53.166+0000] {logging_mixin.py:188} INFO - [2026-03-01T08:11:53.166+0000] {dag.py:3036} INFO - Sync 1 DAGs
[2026-03-01T08:11:53.180+0000] {logging_mixin.py:188} INFO - [2026-03-01T08:11:53.180+0000] {dag.py:3823} INFO - Setting next_dagrun for example_short_circuit_decorator to 2026-02-28 00:00:00+00:00, run_after=2026-03-01 00:00:00+00:00
[2026-03-01T08:11:53.191+0000] {processor.py:183} INFO - Processing /home/airflow/.local/lib/python3.8/site-packages/airflow/example_dags/example_short_circuit_decorator.py took 0.052 seconds
[2026-03-01T08:12:24.260+0000] {processor.py:161} INFO - Started process (PID=630) to work on /home/airflow/.local/lib/python3.8/site-packages/airflow/example_dags/example_short_circuit_decorator.py
[2026-03-01T08:12:24.261+0000] {processor.py:830} INFO - Processing file /home/airflow/.local/lib/python3.8/site-packages/airflow/example_dags/example_short_circuit_decorator.py for tasks to queue
[2026-03-01T08:12:24.263+0000] {logging_mixin.py:188} INFO - [2026-03-01T08:12:24.262+0000] {dagbag.py:538} INFO - Filling up the DagBag from /home/airflow/.local/lib/python3.8/site-packages/airflow/example_dags/example_short_circuit_decorator.py
[2026-03-01T08:12:24.269+0000] {processor.py:840} INFO - DAG(s) 'example_short_circuit_decorator' retrieved from /home/airflow/.local/lib/python3.8/site-packages/airflow/example_dags/example_short_circuit_decorator.py
[2026-03-01T08:12:24.283+0000] {logging_mixin.py:188} INFO - [2026-03-01T08:12:24.283+0000] {dag.py:3036} INFO - Sync 1 DAGs
[2026-03-01T08:12:24.295+0000] {logging_mixin.py:188} INFO - [2026-03-01T08:12:24.295+0000] {dag.py:3823} INFO - Setting next_dagrun for example_short_circuit_decorator to 2026-02-28 00:00:00+00:00, run_after=2026-03-01 00:00:00+00:00
[2026-03-01T08:12:24.311+0000] {processor.py:183} INFO - Processing /home/airflow/.local/lib/python3.8/site-packages/airflow/example_dags/example_short_circuit_decorator.py took 0.053 seconds
[2026-03-01T08:12:54.600+0000] {processor.py:161} INFO - Started process (PID=684) to work on /home/airflow/.local/lib/python3.8/site-packages/airflow/example_dags/example_short_circuit_decorator.py
[2026-03-01T08:12:54.601+0000] {processor.py:830} INFO - Processing file /home/airflow/.local/lib/python3.8/site-packages/airflow/example_dags/example_short_circuit_decorator.py for tasks to queue
[2026-03-01T08:12:54.603+0000] {logging_mixin.py:188} INFO - [2026-03-01T08:12:54.603+0000] {dagbag.py:538} INFO - Filling up the DagBag from /home/airflow/.local/lib/python3.8/site-packages/airflow/example_dags/example_short_circuit_decorator.py
[2026-03-01T08:12:54.609+0000] {processor.py:840} INFO - DAG(s) 'example_short_circuit_decorator' retrieved from /home/airflow/.local/lib/python3.8/site-packages/airflow/example_dags/example_short_circuit_decorator.py
[2026-03-01T08:12:54.622+0000] {logging_mixin.py:188} INFO - [2026-03-01T08:12:54.622+0000] {dag.py:3036} INFO - Sync 1 DAGs
[2026-03-01T08:12:54.636+0000] {logging_mixin.py:188} INFO - [2026-03-01T08:12:54.636+0000] {dag.py:3823} INFO - Setting next_dagrun for example_short_circuit_decorator to 2026-02-28 00:00:00+00:00, run_after=2026-03-01 00:00:00+00:00
[2026-03-01T08:12:54.649+0000] {processor.py:183} INFO - Processing /home/airflow/.local/lib/python3.8/site-packages/airflow/example_dags/example_short_circuit_decorator.py took 0.051 seconds
[2026-03-01T08:13:24.775+0000] {processor.py:161} INFO - Started process (PID=739) to work on /home/airflow/.local/lib/python3.8/site-packages/airflow/example_dags/example_short_circuit_decorator.py
[2026-03-01T08:13:24.776+0000] {processor.py:830} INFO - Processing file /home/airflow/.local/lib/python3.8/site-packages/airflow/example_dags/example_short_circuit_decorator.py for tasks to queue
[2026-03-01T08:13:24.777+0000] {logging_mixin.py:188} INFO - [2026-03-01T08:13:24.777+0000] {dagbag.py:538} INFO - Filling up the DagBag from /home/airflow/.local/lib/python3.8/site-packages/airflow/example_dags/example_short_circuit_decorator.py
[2026-03-01T08:13:24.783+0000] {processor.py:840} INFO - DAG(s) 'example_short_circuit_decorator' retrieved from /home/airflow/.local/lib/python3.8/site-packages/airflow/example_dags/example_short_circuit_decorator.py
[2026-03-01T08:13:24.798+0000] {logging_mixin.py:188} INFO - [2026-03-01T08:13:24.798+0000] {dag.py:3036} INFO - Sync 1 DAGs
[2026-03-01T08:13:24.811+0000] {logging_mixin.py:188} INFO - [2026-03-01T08:13:24.811+0000] {dag.py:3823} INFO - Setting next_dagrun for example_short_circuit_decorator to 2026-02-28 00:00:00+00:00, run_after=2026-03-01 00:00:00+00:00
[2026-03-01T08:13:24.822+0000] {processor.py:183} INFO - Processing /home/airflow/.local/lib/python3.8/site-packages/airflow/example_dags/example_short_circuit_decorator.py took 0.050 seconds
[2026-03-01T08:13:55.142+0000] {processor.py:161} INFO - Started process (PID=817) to work on /home/airflow/.local/lib/python3.8/site-packages/airflow/example_dags/example_short_circuit_decorator.py
[2026-03-01T08:13:55.142+0000] {processor.py:830} INFO - Processing file /home/airflow/.local/lib/python3.8/site-packages/airflow/example_dags/example_short_circuit_decorator.py for tasks to queue
[2026-03-01T08:13:55.144+0000] {logging_mixin.py:188} INFO - [2026-03-01T08:13:55.144+0000] {dagbag.py:538} INFO - Filling up the DagBag from /home/airflow/.local/lib/python3.8/site-packages/airflow/example_dags/example_short_circuit_decorator.py
[2026-03-01T08:13:55.150+0000] {processor.py:840} INFO - DAG(s) 'example_short_circuit_decorator' retrieved from /home/airflow/.local/lib/python3.8/site-packages/airflow/example_dags/example_short_circuit_decorator.py
[2026-03-01T08:13:55.164+0000] {logging_mixin.py:188} INFO - [2026-03-01T08:13:55.164+0000] {dag.py:3036} INFO - Sync 1 DAGs
[2026-03-01T08:13:55.177+0000] {logging_mixin.py:188} INFO - [2026-03-01T08:13:55.177+0000] {dag.py:3823} INFO - Setting next_dagrun for example_short_circuit_decorator to 2026-02-28 00:00:00+00:00, run_after=2026-03-01 00:00:00+00:00
[2026-03-01T08:13:55.192+0000] {processor.py:183} INFO - Processing /home/airflow/.local/lib/python3.8/site-packages/airflow/example_dags/example_short_circuit_decorator.py took 0.053 seconds
[2026-03-01T08:14:25.305+0000] {processor.py:161} INFO - Started process (PID=894) to work on /home/airflow/.local/lib/python3.8/site-packages/airflow/example_dags/example_short_circuit_decorator.py
[2026-03-01T08:14:25.306+0000] {processor.py:830} INFO - Processing file /home/airflow/.local/lib/python3.8/site-packages/airflow/example_dags/example_short_circuit_decorator.py for tasks to queue
[2026-03-01T08:14:25.307+0000] {logging_mixin.py:188} INFO - [2026-03-01T08:14:25.307+0000] {dagbag.py:538} INFO - Filling up the DagBag from /home/airflow/.local/lib/python3.8/site-packages/airflow/example_dags/example_short_circuit_decorator.py
[2026-03-01T08:14:25.313+0000] {processor.py:840} INFO - DAG(s) 'example_short_circuit_decorator' retrieved from /home/airflow/.local/lib/python3.8/site-packages/airflow/example_dags/example_short_circuit_decorator.py
[2026-03-01T08:14:25.321+0000] {logging_mixin.py:188} INFO - [2026-03-01T08:14:25.321+0000] {dag.py:3036} INFO - Sync 1 DAGs
[2026-03-01T08:14:25.335+0000] {logging_mixin.py:188} INFO - [2026-03-01T08:14:25.335+0000] {dag.py:3823} INFO - Setting next_dagrun for example_short_circuit_decorator to 2026-02-28 00:00:00+00:00, run_after=2026-03-01 00:00:00+00:00
[2026-03-01T08:14:25.346+0000] {processor.py:183} INFO - Processing /home/airflow/.local/lib/python3.8/site-packages/airflow/example_dags/example_short_circuit_decorator.py took 0.043 seconds
[2026-03-01T08:14:56.200+0000] {processor.py:161} INFO - Started process (PID=949) to work on /home/airflow/.local/lib/python3.8/site-packages/airflow/example_dags/example_short_circuit_decorator.py
[2026-03-01T08:14:56.200+0000] {processor.py:830} INFO - Processing file /home/airflow/.local/lib/python3.8/site-packages/airflow/example_dags/example_short_circuit_decorator.py for tasks to queue
[2026-03-01T08:14:56.202+0000] {logging_mixin.py:188} INFO - [2026-03-01T08:14:56.202+0000] {dagbag.py:538} INFO - Filling up the DagBag from /home/airflow/.local/lib/python3.8/site-packages/airflow/example_dags/example_short_circuit_decorator.py
[2026-03-01T08:14:56.207+0000] {processor.py:840} INFO - DAG(s) 'example_short_circuit_decorator' retrieved from /home/airflow/.local/lib/python3.8/site-packages/airflow/example_dags/example_short_circuit_decorator.py
[2026-03-01T08:14:56.265+0000] {logging_mixin.py:188} INFO - [2026-03-01T08:14:56.265+0000] {dag.py:3036} INFO - Sync 1 DAGs
[2026-03-01T08:14:56.277+0000] {logging_mixin.py:188} INFO - [2026-03-01T08:14:56.277+0000] {dag.py:3823} INFO - Setting next_dagrun for example_short_circuit_decorator to 2026-02-28 00:00:00+00:00, run_after=2026-03-01 00:00:00+00:00
[2026-03-01T08:14:56.293+0000] {processor.py:183} INFO - Processing /home/airflow/.local/lib/python3.8/site-packages/airflow/example_dags/example_short_circuit_decorator.py took 0.095 seconds
[2026-03-01T08:15:26.552+0000] {processor.py:161} INFO - Started process (PID=1004) to work on /home/airflow/.local/lib/python3.8/site-packages/airflow/example_dags/example_short_circuit_decorator.py
[2026-03-01T08:15:26.553+0000] {processor.py:830} INFO - Processing file /home/airflow/.local/lib/python3.8/site-packages/airflow/example_dags/example_short_circuit_decorator.py for tasks to queue
[2026-03-01T08:15:26.555+0000] {logging_mixin.py:188} INFO - [2026-03-01T08:15:26.554+0000] {dagbag.py:538} INFO - Filling up the DagBag from /home/airflow/.local/lib/python3.8/site-packages/airflow/example_dags/example_short_circuit_decorator.py
[2026-03-01T08:15:26.561+0000] {processor.py:840} INFO - DAG(s) 'example_short_circuit_decorator' retrieved from /home/airflow/.local/lib/python3.8/site-packages/airflow/example_dags/example_short_circuit_decorator.py
[2026-03-01T08:15:26.575+0000] {logging_mixin.py:188} INFO - [2026-03-01T08:15:26.575+0000] {dag.py:3036} INFO - Sync 1 DAGs
[2026-03-01T08:15:26.589+0000] {logging_mixin.py:188} INFO - [2026-03-01T08:15:26.589+0000] {dag.py:3823} INFO - Setting next_dagrun for example_short_circuit_decorator to 2026-02-28 00:00:00+00:00, run_after=2026-03-01 00:00:00+00:00
[2026-03-01T08:15:26.601+0000] {processor.py:183} INFO - Processing /home/airflow/.local/lib/python3.8/site-packages/airflow/example_dags/example_short_circuit_decorator.py took 0.052 seconds
[2026-03-01T08:15:56.963+0000] {processor.py:161} INFO - Started process (PID=1066) to work on /home/airflow/.local/lib/python3.8/site-packages/airflow/example_dags/example_short_circuit_decorator.py
[2026-03-01T08:15:56.964+0000] {processor.py:830} INFO - Processing file /home/airflow/.local/lib/python3.8/site-packages/airflow/example_dags/example_short_circuit_decorator.py for tasks to queue
[2026-03-01T08:15:56.966+0000] {logging_mixin.py:188} INFO - [2026-03-01T08:15:56.966+0000] {dagbag.py:538} INFO - Filling up the DagBag from /home/airflow/.local/lib/python3.8/site-packages/airflow/example_dags/example_short_circuit_decorator.py
[2026-03-01T08:15:56.972+0000] {processor.py:840} INFO - DAG(s) 'example_short_circuit_decorator' retrieved from /home/airflow/.local/lib/python3.8/site-packages/airflow/example_dags/example_short_circuit_decorator.py
[2026-03-01T08:15:56.987+0000] {logging_mixin.py:188} INFO - [2026-03-01T08:15:56.987+0000] {dag.py:3036} INFO - Sync 1 DAGs
[2026-03-01T08:15:57.001+0000] {logging_mixin.py:188} INFO - [2026-03-01T08:15:57.001+0000] {dag.py:3823} INFO - Setting next_dagrun for example_short_circuit_decorator to 2026-02-28 00:00:00+00:00, run_after=2026-03-01 00:00:00+00:00
[2026-03-01T08:15:57.021+0000] {processor.py:183} INFO - Processing /home/airflow/.local/lib/python3.8/site-packages/airflow/example_dags/example_short_circuit_decorator.py took 0.060 seconds
[2026-03-01T08:16:27.280+0000] {processor.py:161} INFO - Started process (PID=1137) to work on /home/airflow/.local/lib/python3.8/site-packages/airflow/example_dags/example_short_circuit_decorator.py
[2026-03-01T08:16:27.282+0000] {processor.py:830} INFO - Processing file /home/airflow/.local/lib/python3.8/site-packages/airflow/example_dags/example_short_circuit_decorator.py for tasks to queue
[2026-03-01T08:16:27.283+0000] {logging_mixin.py:188} INFO - [2026-03-01T08:16:27.283+0000] {dagbag.py:538} INFO - Filling up the DagBag from /home/airflow/.local/lib/python3.8/site-packages/airflow/example_dags/example_short_circuit_decorator.py
[2026-03-01T08:16:27.291+0000] {processor.py:840} INFO - DAG(s) 'example_short_circuit_decorator' retrieved from /home/airflow/.local/lib/python3.8/site-packages/airflow/example_dags/example_short_circuit_decorator.py
[2026-03-01T08:16:27.307+0000] {logging_mixin.py:188} INFO - [2026-03-01T08:16:27.307+0000] {dag.py:3036} INFO - Sync 1 DAGs
[2026-03-01T08:16:27.320+0000] {logging_mixin.py:188} INFO - [2026-03-01T08:16:27.320+0000] {dag.py:3823} INFO - Setting next_dagrun for example_short_circuit_decorator to 2026-02-28 00:00:00+00:00, run_after=2026-03-01 00:00:00+00:00
[2026-03-01T08:16:27.333+0000] {processor.py:183} INFO - Processing /home/airflow/.local/lib/python3.8/site-packages/airflow/example_dags/example_short_circuit_decorator.py took 0.055 seconds
[2026-03-01T08:16:57.620+0000] {processor.py:161} INFO - Started process (PID=1198) to work on /home/airflow/.local/lib/python3.8/site-packages/airflow/example_dags/example_short_circuit_decorator.py
[2026-03-01T08:16:57.621+0000] {processor.py:830} INFO - Processing file /home/airflow/.local/lib/python3.8/site-packages/airflow/example_dags/example_short_circuit_decorator.py for tasks to queue
[2026-03-01T08:16:57.623+0000] {logging_mixin.py:188} INFO - [2026-03-01T08:16:57.623+0000] {dagbag.py:538} INFO - Filling up the DagBag from /home/airflow/.local/lib/python3.8/site-packages/airflow/example_dags/example_short_circuit_decorator.py
[2026-03-01T08:16:57.629+0000] {processor.py:840} INFO - DAG(s) 'example_short_circuit_decorator' retrieved from /home/airflow/.local/lib/python3.8/site-packages/airflow/example_dags/example_short_circuit_decorator.py
[2026-03-01T08:16:57.644+0000] {logging_mixin.py:188} INFO - [2026-03-01T08:16:57.644+0000] {dag.py:3036} INFO - Sync 1 DAGs
[2026-03-01T08:16:57.657+0000] {logging_mixin.py:188} INFO - [2026-03-01T08:16:57.657+0000] {dag.py:3823} INFO - Setting next_dagrun for example_short_circuit_decorator to 2026-02-28 00:00:00+00:00, run_after=2026-03-01 00:00:00+00:00
[2026-03-01T08:16:57.668+0000] {processor.py:183} INFO - Processing /home/airflow/.local/lib/python3.8/site-packages/airflow/example_dags/example_short_circuit_decorator.py took 0.051 seconds
[2026-03-01T08:17:27.773+0000] {processor.py:161} INFO - Started process (PID=1276) to work on /home/airflow/.local/lib/python3.8/site-packages/airflow/example_dags/example_short_circuit_decorator.py
[2026-03-01T08:17:27.776+0000] {processor.py:830} INFO - Processing file /home/airflow/.local/lib/python3.8/site-packages/airflow/example_dags/example_short_circuit_decorator.py for tasks to queue
[2026-03-01T08:17:27.778+0000] {logging_mixin.py:188} INFO - [2026-03-01T08:17:27.778+0000] {dagbag.py:538} INFO - Filling up the DagBag from /home/airflow/.local/lib/python3.8/site-packages/airflow/example_dags/example_short_circuit_decorator.py
[2026-03-01T08:17:27.784+0000] {processor.py:840} INFO - DAG(s) 'example_short_circuit_decorator' retrieved from /home/airflow/.local/lib/python3.8/site-packages/airflow/example_dags/example_short_circuit_decorator.py
[2026-03-01T08:17:27.800+0000] {logging_mixin.py:188} INFO - [2026-03-01T08:17:27.799+0000] {dag.py:3036} INFO - Sync 1 DAGs
[2026-03-01T08:17:27.813+0000] {logging_mixin.py:188} INFO - [2026-03-01T08:17:27.813+0000] {dag.py:3823} INFO - Setting next_dagrun for example_short_circuit_decorator to 2026-02-28 00:00:00+00:00, run_after=2026-03-01 00:00:00+00:00
[2026-03-01T08:17:27.827+0000] {processor.py:183} INFO - Processing /home/airflow/.local/lib/python3.8/site-packages/airflow/example_dags/example_short_circuit_decorator.py took 0.056 seconds
[2026-03-01T08:17:58.047+0000] {processor.py:161} INFO - Started process (PID=1332) to work on /home/airflow/.local/lib/python3.8/site-packages/airflow/example_dags/example_short_circuit_decorator.py
[2026-03-01T08:17:58.048+0000] {processor.py:830} INFO - Processing file /home/airflow/.local/lib/python3.8/site-packages/airflow/example_dags/example_short_circuit_decorator.py for tasks to queue
[2026-03-01T08:17:58.050+0000] {logging_mixin.py:188} INFO - [2026-03-01T08:17:58.050+0000] {dagbag.py:538} INFO - Filling up the DagBag from /home/airflow/.local/lib/python3.8/site-packages/airflow/example_dags/example_short_circuit_decorator.py
[2026-03-01T08:17:58.056+0000] {processor.py:840} INFO - DAG(s) 'example_short_circuit_decorator' retrieved from /home/airflow/.local/lib/python3.8/site-packages/airflow/example_dags/example_short_circuit_decorator.py
[2026-03-01T08:17:58.071+0000] {logging_mixin.py:188} INFO - [2026-03-01T08:17:58.071+0000] {dag.py:3036} INFO - Sync 1 DAGs
[2026-03-01T08:17:58.084+0000] {logging_mixin.py:188} INFO - [2026-03-01T08:17:58.084+0000] {dag.py:3823} INFO - Setting next_dagrun for example_short_circuit_decorator to 2026-02-28 00:00:00+00:00, run_after=2026-03-01 00:00:00+00:00
[2026-03-01T08:17:58.097+0000] {processor.py:183} INFO - Processing /home/airflow/.local/lib/python3.8/site-packages/airflow/example_dags/example_short_circuit_decorator.py took 0.052 seconds
[2026-03-01T08:18:28.685+0000] {processor.py:161} INFO - Started process (PID=1388) to work on /home/airflow/.local/lib/python3.8/site-packages/airflow/example_dags/example_short_circuit_decorator.py
[2026-03-01T08:18:28.686+0000] {processor.py:830} INFO - Processing file /home/airflow/.local/lib/python3.8/site-packages/airflow/example_dags/example_short_circuit_decorator.py for tasks to queue
[2026-03-01T08:18:28.688+0000] {logging_mixin.py:188} INFO - [2026-03-01T08:18:28.688+0000] {dagbag.py:538} INFO - Filling up the DagBag from /home/airflow/.local/lib/python3.8/site-packages/airflow/example_dags/example_short_circuit_decorator.py
[2026-03-01T08:18:28.695+0000] {processor.py:840} INFO - DAG(s) 'example_short_circuit_decorator' retrieved from /home/airflow/.local/lib/python3.8/site-packages/airflow/example_dags/example_short_circuit_decorator.py
[2026-03-01T08:18:28.712+0000] {logging_mixin.py:188} INFO - [2026-03-01T08:18:28.712+0000] {dag.py:3036} INFO - Sync 1 DAGs
[2026-03-01T08:18:28.727+0000] {logging_mixin.py:188} INFO - [2026-03-01T08:18:28.727+0000] {dag.py:3823} INFO - Setting next_dagrun for example_short_circuit_decorator to 2026-02-28 00:00:00+00:00, run_after=2026-03-01 00:00:00+00:00
[2026-03-01T08:18:28.740+0000] {processor.py:183} INFO - Processing /home/airflow/.local/lib/python3.8/site-packages/airflow/example_dags/example_short_circuit_decorator.py took 0.057 seconds
[2026-03-01T08:18:58.844+0000] {processor.py:161} INFO - Started process (PID=1444) to work on /home/airflow/.local/lib/python3.8/site-packages/airflow/example_dags/example_short_circuit_decorator.py
[2026-03-01T08:18:58.845+0000] {processor.py:830} INFO - Processing file /home/airflow/.local/lib/python3.8/site-packages/airflow/example_dags/example_short_circuit_decorator.py for tasks to queue
[2026-03-01T08:18:58.847+0000] {logging_mixin.py:188} INFO - [2026-03-01T08:18:58.847+0000] {dagbag.py:538} INFO - Filling up the DagBag from /home/airflow/.local/lib/python3.8/site-packages/airflow/example_dags/example_short_circuit_decorator.py
[2026-03-01T08:18:58.852+0000] {processor.py:840} INFO - DAG(s) 'example_short_circuit_decorator' retrieved from /home/airflow/.local/lib/python3.8/site-packages/airflow/example_dags/example_short_circuit_decorator.py
[2026-03-01T08:18:58.868+0000] {logging_mixin.py:188} INFO - [2026-03-01T08:18:58.867+0000] {dag.py:3036} INFO - Sync 1 DAGs
[2026-03-01T08:18:58.881+0000] {logging_mixin.py:188} INFO - [2026-03-01T08:18:58.881+0000] {dag.py:3823} INFO - Setting next_dagrun for example_short_circuit_decorator to 2026-02-28 00:00:00+00:00, run_after=2026-03-01 00:00:00+00:00
[2026-03-01T08:18:58.894+0000] {processor.py:183} INFO - Processing /home/airflow/.local/lib/python3.8/site-packages/airflow/example_dags/example_short_circuit_decorator.py took 0.052 seconds
[2026-03-01T08:19:29.190+0000] {processor.py:161} INFO - Started process (PID=1500) to work on /home/airflow/.local/lib/python3.8/site-packages/airflow/example_dags/example_short_circuit_decorator.py
[2026-03-01T08:19:29.191+0000] {processor.py:830} INFO - Processing file /home/airflow/.local/lib/python3.8/site-packages/airflow/example_dags/example_short_circuit_decorator.py for tasks to queue
[2026-03-01T08:19:29.193+0000] {logging_mixin.py:188} INFO - [2026-03-01T08:19:29.193+0000] {dagbag.py:538} INFO - Filling up the DagBag from /home/airflow/.local/lib/python3.8/site-packages/airflow/example_dags/example_short_circuit_decorator.py
[2026-03-01T08:19:29.199+0000] {processor.py:840} INFO - DAG(s) 'example_short_circuit_decorator' retrieved from /home/airflow/.local/lib/python3.8/site-packages/airflow/example_dags/example_short_circuit_decorator.py
[2026-03-01T08:19:29.215+0000] {logging_mixin.py:188} INFO - [2026-03-01T08:19:29.215+0000] {dag.py:3036} INFO - Sync 1 DAGs
[2026-03-01T08:19:29.229+0000] {logging_mixin.py:188} INFO - [2026-03-01T08:19:29.229+0000] {dag.py:3823} INFO - Setting next_dagrun for example_short_circuit_decorator to 2026-02-28 00:00:00+00:00, run_after=2026-03-01 00:00:00+00:00
[2026-03-01T08:19:29.244+0000] {processor.py:183} INFO - Processing /home/airflow/.local/lib/python3.8/site-packages/airflow/example_dags/example_short_circuit_decorator.py took 0.056 seconds
[2026-03-01T08:19:59.454+0000] {processor.py:161} INFO - Started process (PID=1556) to work on /home/airflow/.local/lib/python3.8/site-packages/airflow/example_dags/example_short_circuit_decorator.py
[2026-03-01T08:19:59.455+0000] {processor.py:830} INFO - Processing file /home/airflow/.local/lib/python3.8/site-packages/airflow/example_dags/example_short_circuit_decorator.py for tasks to queue
[2026-03-01T08:19:59.457+0000] {logging_mixin.py:188} INFO - [2026-03-01T08:19:59.457+0000] {dagbag.py:538} INFO - Filling up the DagBag from /home/airflow/.local/lib/python3.8/site-packages/airflow/example_dags/example_short_circuit_decorator.py
[2026-03-01T08:19:59.464+0000] {processor.py:840} INFO - DAG(s) 'example_short_circuit_decorator' retrieved from /home/airflow/.local/lib/python3.8/site-packages/airflow/example_dags/example_short_circuit_decorator.py
[2026-03-01T08:19:59.481+0000] {logging_mixin.py:188} INFO - [2026-03-01T08:19:59.480+0000] {dag.py:3036} INFO - Sync 1 DAGs
[2026-03-01T08:19:59.497+0000] {logging_mixin.py:188} INFO - [2026-03-01T08:19:59.496+0000] {dag.py:3823} INFO - Setting next_dagrun for example_short_circuit_decorator to 2026-02-28 00:00:00+00:00, run_after=2026-03-01 00:00:00+00:00
[2026-03-01T08:19:59.511+0000] {processor.py:183} INFO - Processing /home/airflow/.local/lib/python3.8/site-packages/airflow/example_dags/example_short_circuit_decorator.py took 0.060 seconds
[2026-03-01T08:20:29.699+0000] {processor.py:161} INFO - Started process (PID=1612) to work on /home/airflow/.local/lib/python3.8/site-packages/airflow/example_dags/example_short_circuit_decorator.py
[2026-03-01T08:20:29.700+0000] {processor.py:830} INFO - Processing file /home/airflow/.local/lib/python3.8/site-packages/airflow/example_dags/example_short_circuit_decorator.py for tasks to queue
[2026-03-01T08:20:29.702+0000] {logging_mixin.py:188} INFO - [2026-03-01T08:20:29.701+0000] {dagbag.py:538} INFO - Filling up the DagBag from /home/airflow/.local/lib/python3.8/site-packages/airflow/example_dags/example_short_circuit_decorator.py
[2026-03-01T08:20:29.708+0000] {processor.py:840} INFO - DAG(s) 'example_short_circuit_decorator' retrieved from /home/airflow/.local/lib/python3.8/site-packages/airflow/example_dags/example_short_circuit_decorator.py
[2026-03-01T08:20:29.724+0000] {logging_mixin.py:188} INFO - [2026-03-01T08:20:29.723+0000] {dag.py:3036} INFO - Sync 1 DAGs
[2026-03-01T08:20:29.738+0000] {logging_mixin.py:188} INFO - [2026-03-01T08:20:29.738+0000] {dag.py:3823} INFO - Setting next_dagrun for example_short_circuit_decorator to 2026-02-28 00:00:00+00:00, run_after=2026-03-01 00:00:00+00:00
[2026-03-01T08:20:29.751+0000] {processor.py:183} INFO - Processing /home/airflow/.local/lib/python3.8/site-packages/airflow/example_dags/example_short_circuit_decorator.py took 0.055 seconds
[2026-03-01T08:21:00.628+0000] {processor.py:161} INFO - Started process (PID=1668) to work on /home/airflow/.local/lib/python3.8/site-packages/airflow/example_dags/example_short_circuit_decorator.py
[2026-03-01T08:21:00.629+0000] {processor.py:830} INFO - Processing file /home/airflow/.local/lib/python3.8/site-packages/airflow/example_dags/example_short_circuit_decorator.py for tasks to queue
[2026-03-01T08:21:00.631+0000] {logging_mixin.py:188} INFO - [2026-03-01T08:21:00.631+0000] {dagbag.py:538} INFO - Filling up the DagBag from /home/airflow/.local/lib/python3.8/site-packages/airflow/example_dags/example_short_circuit_decorator.py
[2026-03-01T08:21:00.637+0000] {processor.py:840} INFO - DAG(s) 'example_short_circuit_decorator' retrieved from /home/airflow/.local/lib/python3.8/site-packages/airflow/example_dags/example_short_circuit_decorator.py
[2026-03-01T08:21:00.652+0000] {logging_mixin.py:188} INFO - [2026-03-01T08:21:00.652+0000] {dag.py:3036} INFO - Sync 1 DAGs
[2026-03-01T08:21:00.666+0000] {logging_mixin.py:188} INFO - [2026-03-01T08:21:00.666+0000] {dag.py:3823} INFO - Setting next_dagrun for example_short_circuit_decorator to 2026-02-28 00:00:00+00:00, run_after=2026-03-01 00:00:00+00:00
[2026-03-01T08:21:00.679+0000] {processor.py:183} INFO - Processing /home/airflow/.local/lib/python3.8/site-packages/airflow/example_dags/example_short_circuit_decorator.py took 0.054 seconds
[2026-03-01T08:21:31.029+0000] {processor.py:161} INFO - Started process (PID=1724) to work on /home/airflow/.local/lib/python3.8/site-packages/airflow/example_dags/example_short_circuit_decorator.py
[2026-03-01T08:21:31.030+0000] {processor.py:830} INFO - Processing file /home/airflow/.local/lib/python3.8/site-packages/airflow/example_dags/example_short_circuit_decorator.py for tasks to queue
[2026-03-01T08:21:31.032+0000] {logging_mixin.py:188} INFO - [2026-03-01T08:21:31.032+0000] {dagbag.py:538} INFO - Filling up the DagBag from /home/airflow/.local/lib/python3.8/site-packages/airflow/example_dags/example_short_circuit_decorator.py
[2026-03-01T08:21:31.038+0000] {processor.py:840} INFO - DAG(s) 'example_short_circuit_decorator' retrieved from /home/airflow/.local/lib/python3.8/site-packages/airflow/example_dags/example_short_circuit_decorator.py
[2026-03-01T08:21:31.054+0000] {logging_mixin.py:188} INFO - [2026-03-01T08:21:31.054+0000] {dag.py:3036} INFO - Sync 1 DAGs
[2026-03-01T08:21:31.069+0000] {logging_mixin.py:188} INFO - [2026-03-01T08:21:31.068+0000] {dag.py:3823} INFO - Setting next_dagrun for example_short_circuit_decorator to 2026-02-28 00:00:00+00:00, run_after=2026-03-01 00:00:00+00:00
[2026-03-01T08:21:31.079+0000] {processor.py:183} INFO - Processing /home/airflow/.local/lib/python3.8/site-packages/airflow/example_dags/example_short_circuit_decorator.py took 0.053 seconds
[2026-03-01T08:22:01.372+0000] {processor.py:161} INFO - Started process (PID=1780) to work on /home/airflow/.local/lib/python3.8/site-packages/airflow/example_dags/example_short_circuit_decorator.py
[2026-03-01T08:22:01.373+0000] {processor.py:830} INFO - Processing file /home/airflow/.local/lib/python3.8/site-packages/airflow/example_dags/example_short_circuit_decorator.py for tasks to queue
[2026-03-01T08:22:01.375+0000] {logging_mixin.py:188} INFO - [2026-03-01T08:22:01.375+0000] {dagbag.py:538} INFO - Filling up the DagBag from /home/airflow/.local/lib/python3.8/site-packages/airflow/example_dags/example_short_circuit_decorator.py
[2026-03-01T08:22:01.382+0000] {processor.py:840} INFO - DAG(s) 'example_short_circuit_decorator' retrieved from /home/airflow/.local/lib/python3.8/site-packages/airflow/example_dags/example_short_circuit_decorator.py
[2026-03-01T08:22:01.397+0000] {logging_mixin.py:188} INFO - [2026-03-01T08:22:01.397+0000] {dag.py:3036} INFO - Sync 1 DAGs
[2026-03-01T08:22:01.411+0000] {logging_mixin.py:188} INFO - [2026-03-01T08:22:01.411+0000] {dag.py:3823} INFO - Setting next_dagrun for example_short_circuit_decorator to 2026-02-28 00:00:00+00:00, run_after=2026-03-01 00:00:00+00:00
[2026-03-01T08:22:01.424+0000] {processor.py:183} INFO - Processing /home/airflow/.local/lib/python3.8/site-packages/airflow/example_dags/example_short_circuit_decorator.py took 0.055 seconds
[2026-03-01T08:22:31.720+0000] {processor.py:161} INFO - Started process (PID=1836) to work on /home/airflow/.local/lib/python3.8/site-packages/airflow/example_dags/example_short_circuit_decorator.py
[2026-03-01T08:22:31.721+0000] {processor.py:830} INFO - Processing file /home/airflow/.local/lib/python3.8/site-packages/airflow/example_dags/example_short_circuit_decorator.py for tasks to queue
[2026-03-01T08:22:31.722+0000] {logging_mixin.py:188} INFO - [2026-03-01T08:22:31.722+0000] {dagbag.py:538} INFO - Filling up the DagBag from /home/airflow/.local/lib/python3.8/site-packages/airflow/example_dags/example_short_circuit_decorator.py
[2026-03-01T08:22:31.728+0000] {processor.py:840} INFO - DAG(s) 'example_short_circuit_decorator' retrieved from /home/airflow/.local/lib/python3.8/site-packages/airflow/example_dags/example_short_circuit_decorator.py
[2026-03-01T08:22:31.743+0000] {logging_mixin.py:188} INFO - [2026-03-01T08:22:31.743+0000] {dag.py:3036} INFO - Sync 1 DAGs
[2026-03-01T08:22:31.756+0000] {logging_mixin.py:188} INFO - [2026-03-01T08:22:31.756+0000] {dag.py:3823} INFO - Setting next_dagrun for example_short_circuit_decorator to 2026-02-28 00:00:00+00:00, run_after=2026-03-01 00:00:00+00:00
[2026-03-01T08:22:31.767+0000] {processor.py:183} INFO - Processing /home/airflow/.local/lib/python3.8/site-packages/airflow/example_dags/example_short_circuit_decorator.py took 0.049 seconds
[2026-03-01T08:23:02.230+0000] {processor.py:161} INFO - Started process (PID=1892) to work on /home/airflow/.local/lib/python3.8/site-packages/airflow/example_dags/example_short_circuit_decorator.py
[2026-03-01T08:23:02.231+0000] {processor.py:830} INFO - Processing file /home/airflow/.local/lib/python3.8/site-packages/airflow/example_dags/example_short_circuit_decorator.py for tasks to queue
[2026-03-01T08:23:02.232+0000] {logging_mixin.py:188} INFO - [2026-03-01T08:23:02.232+0000] {dagbag.py:538} INFO - Filling up the DagBag from /home/airflow/.local/lib/python3.8/site-packages/airflow/example_dags/example_short_circuit_decorator.py
[2026-03-01T08:23:02.238+0000] {processor.py:840} INFO - DAG(s) 'example_short_circuit_decorator' retrieved from /home/airflow/.local/lib/python3.8/site-packages/airflow/example_dags/example_short_circuit_decorator.py
[2026-03-01T08:23:02.253+0000] {logging_mixin.py:188} INFO - [2026-03-01T08:23:02.253+0000] {dag.py:3036} INFO - Sync 1 DAGs
[2026-03-01T08:23:02.265+0000] {logging_mixin.py:188} INFO - [2026-03-01T08:23:02.265+0000] {dag.py:3823} INFO - Setting next_dagrun for example_short_circuit_decorator to 2026-02-28 00:00:00+00:00, run_after=2026-03-01 00:00:00+00:00
[2026-03-01T08:23:02.278+0000] {processor.py:183} INFO - Processing /home/airflow/.local/lib/python3.8/site-packages/airflow/example_dags/example_short_circuit_decorator.py took 0.051 seconds
[2026-03-01T08:23:32.570+0000] {processor.py:161} INFO - Started process (PID=1948) to work on /home/airflow/.local/lib/python3.8/site-packages/airflow/example_dags/example_short_circuit_decorator.py
[2026-03-01T08:23:32.571+0000] {processor.py:830} INFO - Processing file /home/airflow/.local/lib/python3.8/site-packages/airflow/example_dags/example_short_circuit_decorator.py for tasks to queue
[2026-03-01T08:23:32.572+0000] {logging_mixin.py:188} INFO - [2026-03-01T08:23:32.572+0000] {dagbag.py:538} INFO - Filling up the DagBag from /home/airflow/.local/lib/python3.8/site-packages/airflow/example_dags/example_short_circuit_decorator.py
[2026-03-01T08:23:32.578+0000] {processor.py:840} INFO - DAG(s) 'example_short_circuit_decorator' retrieved from /home/airflow/.local/lib/python3.8/site-packages/airflow/example_dags/example_short_circuit_decorator.py
[2026-03-01T08:23:32.592+0000] {logging_mixin.py:188} INFO - [2026-03-01T08:23:32.591+0000] {dag.py:3036} INFO - Sync 1 DAGs
[2026-03-01T08:23:32.604+0000] {logging_mixin.py:188} INFO - [2026-03-01T08:23:32.604+0000] {dag.py:3823} INFO - Setting next_dagrun for example_short_circuit_decorator to 2026-02-28 00:00:00+00:00, run_after=2026-03-01 00:00:00+00:00
[2026-03-01T08:23:32.615+0000] {processor.py:183} INFO - Processing /home/airflow/.local/lib/python3.8/site-packages/airflow/example_dags/example_short_circuit_decorator.py took 0.047 seconds
[2026-03-01T08:24:02.711+0000] {processor.py:161} INFO - Started process (PID=2004) to work on /home/airflow/.local/lib/python3.8/site-packages/airflow/example_dags/example_short_circuit_decorator.py
[2026-03-01T08:24:02.712+0000] {processor.py:830} INFO - Processing file /home/airflow/.local/lib/python3.8/site-packages/airflow/example_dags/example_short_circuit_decorator.py for tasks to queue
[2026-03-01T08:24:02.714+0000] {logging_mixin.py:188} INFO - [2026-03-01T08:24:02.713+0000] {dagbag.py:538} INFO - Filling up the DagBag from /home/airflow/.local/lib/python3.8/site-packages/airflow/example_dags/example_short_circuit_decorator.py
[2026-03-01T08:24:02.720+0000] {processor.py:840} INFO - DAG(s) 'example_short_circuit_decorator' retrieved from /home/airflow/.local/lib/python3.8/site-packages/airflow/example_dags/example_short_circuit_decorator.py
[2026-03-01T08:24:02.734+0000] {logging_mixin.py:188} INFO - [2026-03-01T08:24:02.734+0000] {dag.py:3036} INFO - Sync 1 DAGs
[2026-03-01T08:24:02.747+0000] {logging_mixin.py:188} INFO - [2026-03-01T08:24:02.747+0000] {dag.py:3823} INFO - Setting next_dagrun for example_short_circuit_decorator to 2026-02-28 00:00:00+00:00, run_after=2026-03-01 00:00:00+00:00
[2026-03-01T08:24:02.759+0000] {processor.py:183} INFO - Processing /home/airflow/.local/lib/python3.8/site-packages/airflow/example_dags/example_short_circuit_decorator.py took 0.051 seconds
[2026-03-01T08:24:33.033+0000] {processor.py:161} INFO - Started process (PID=2060) to work on /home/airflow/.local/lib/python3.8/site-packages/airflow/example_dags/example_short_circuit_decorator.py
[2026-03-01T08:24:33.035+0000] {processor.py:830} INFO - Processing file /home/airflow/.local/lib/python3.8/site-packages/airflow/example_dags/example_short_circuit_decorator.py for tasks to queue
[2026-03-01T08:24:33.037+0000] {logging_mixin.py:188} INFO - [2026-03-01T08:24:33.036+0000] {dagbag.py:538} INFO - Filling up the DagBag from /home/airflow/.local/lib/python3.8/site-packages/airflow/example_dags/example_short_circuit_decorator.py
[2026-03-01T08:24:33.043+0000] {processor.py:840} INFO - DAG(s) 'example_short_circuit_decorator' retrieved from /home/airflow/.local/lib/python3.8/site-packages/airflow/example_dags/example_short_circuit_decorator.py
[2026-03-01T08:24:33.060+0000] {logging_mixin.py:188} INFO - [2026-03-01T08:24:33.059+0000] {dag.py:3036} INFO - Sync 1 DAGs
[2026-03-01T08:24:33.075+0000] {logging_mixin.py:188} INFO - [2026-03-01T08:24:33.075+0000] {dag.py:3823} INFO - Setting next_dagrun for example_short_circuit_decorator to 2026-02-28 00:00:00+00:00, run_after=2026-03-01 00:00:00+00:00
[2026-03-01T08:24:33.089+0000] {processor.py:183} INFO - Processing /home/airflow/.local/lib/python3.8/site-packages/airflow/example_dags/example_short_circuit_decorator.py took 0.058 seconds
[2026-03-01T08:25:03.267+0000] {processor.py:161} INFO - Started process (PID=2120) to work on /home/airflow/.local/lib/python3.8/site-packages/airflow/example_dags/example_short_circuit_decorator.py
[2026-03-01T08:25:03.268+0000] {processor.py:830} INFO - Processing file /home/airflow/.local/lib/python3.8/site-packages/airflow/example_dags/example_short_circuit_decorator.py for tasks to queue
[2026-03-01T08:25:03.269+0000] {logging_mixin.py:188} INFO - [2026-03-01T08:25:03.269+0000] {dagbag.py:538} INFO - Filling up the DagBag from /home/airflow/.local/lib/python3.8/site-packages/airflow/example_dags/example_short_circuit_decorator.py
[2026-03-01T08:25:03.276+0000] {processor.py:840} INFO - DAG(s) 'example_short_circuit_decorator' retrieved from /home/airflow/.local/lib/python3.8/site-packages/airflow/example_dags/example_short_circuit_decorator.py
[2026-03-01T08:25:03.292+0000] {logging_mixin.py:188} INFO - [2026-03-01T08:25:03.292+0000] {dag.py:3036} INFO - Sync 1 DAGs
[2026-03-01T08:25:03.305+0000] {logging_mixin.py:188} INFO - [2026-03-01T08:25:03.305+0000] {dag.py:3823} INFO - Setting next_dagrun for example_short_circuit_decorator to 2026-02-28 00:00:00+00:00, run_after=2026-03-01 00:00:00+00:00
[2026-03-01T08:25:03.319+0000] {processor.py:183} INFO - Processing /home/airflow/.local/lib/python3.8/site-packages/airflow/example_dags/example_short_circuit_decorator.py took 0.054 seconds
[2026-03-01T08:25:33.455+0000] {processor.py:161} INFO - Started process (PID=2176) to work on /home/airflow/.local/lib/python3.8/site-packages/airflow/example_dags/example_short_circuit_decorator.py
[2026-03-01T08:25:33.456+0000] {processor.py:830} INFO - Processing file /home/airflow/.local/lib/python3.8/site-packages/airflow/example_dags/example_short_circuit_decorator.py for tasks to queue
[2026-03-01T08:25:33.458+0000] {logging_mixin.py:188} INFO - [2026-03-01T08:25:33.457+0000] {dagbag.py:538} INFO - Filling up the DagBag from /home/airflow/.local/lib/python3.8/site-packages/airflow/example_dags/example_short_circuit_decorator.py
[2026-03-01T08:25:33.464+0000] {processor.py:840} INFO - DAG(s) 'example_short_circuit_decorator' retrieved from /home/airflow/.local/lib/python3.8/site-packages/airflow/example_dags/example_short_circuit_decorator.py
[2026-03-01T08:25:33.480+0000] {logging_mixin.py:188} INFO - [2026-03-01T08:25:33.480+0000] {dag.py:3036} INFO - Sync 1 DAGs
[2026-03-01T08:25:33.494+0000] {logging_mixin.py:188} INFO - [2026-03-01T08:25:33.494+0000] {dag.py:3823} INFO - Setting next_dagrun for example_short_circuit_decorator to 2026-02-28 00:00:00+00:00, run_after=2026-03-01 00:00:00+00:00
[2026-03-01T08:25:33.509+0000] {processor.py:183} INFO - Processing /home/airflow/.local/lib/python3.8/site-packages/airflow/example_dags/example_short_circuit_decorator.py took 0.056 seconds
[2026-03-01T08:26:03.759+0000] {processor.py:161} INFO - Started process (PID=2231) to work on /home/airflow/.local/lib/python3.8/site-packages/airflow/example_dags/example_short_circuit_decorator.py
[2026-03-01T08:26:03.760+0000] {processor.py:830} INFO - Processing file /home/airflow/.local/lib/python3.8/site-packages/airflow/example_dags/example_short_circuit_decorator.py for tasks to queue
[2026-03-01T08:26:03.763+0000] {logging_mixin.py:188} INFO - [2026-03-01T08:26:03.762+0000] {dagbag.py:538} INFO - Filling up the DagBag from /home/airflow/.local/lib/python3.8/site-packages/airflow/example_dags/example_short_circuit_decorator.py
[2026-03-01T08:26:03.769+0000] {processor.py:840} INFO - DAG(s) 'example_short_circuit_decorator' retrieved from /home/airflow/.local/lib/python3.8/site-packages/airflow/example_dags/example_short_circuit_decorator.py
[2026-03-01T08:26:03.787+0000] {logging_mixin.py:188} INFO - [2026-03-01T08:26:03.787+0000] {dag.py:3036} INFO - Sync 1 DAGs
[2026-03-01T08:26:03.800+0000] {logging_mixin.py:188} INFO - [2026-03-01T08:26:03.800+0000] {dag.py:3823} INFO - Setting next_dagrun for example_short_circuit_decorator to 2026-02-28 00:00:00+00:00, run_after=2026-03-01 00:00:00+00:00
[2026-03-01T08:26:03.814+0000] {processor.py:183} INFO - Processing /home/airflow/.local/lib/python3.8/site-packages/airflow/example_dags/example_short_circuit_decorator.py took 0.058 seconds
[2026-03-01T08:26:33.952+0000] {processor.py:161} INFO - Started process (PID=2287) to work on /home/airflow/.local/lib/python3.8/site-packages/airflow/example_dags/example_short_circuit_decorator.py
[2026-03-01T08:26:33.953+0000] {processor.py:830} INFO - Processing file /home/airflow/.local/lib/python3.8/site-packages/airflow/example_dags/example_short_circuit_decorator.py for tasks to queue
[2026-03-01T08:26:33.956+0000] {logging_mixin.py:188} INFO - [2026-03-01T08:26:33.955+0000] {dagbag.py:538} INFO - Filling up the DagBag from /home/airflow/.local/lib/python3.8/site-packages/airflow/example_dags/example_short_circuit_decorator.py
[2026-03-01T08:26:33.961+0000] {processor.py:840} INFO - DAG(s) 'example_short_circuit_decorator' retrieved from /home/airflow/.local/lib/python3.8/site-packages/airflow/example_dags/example_short_circuit_decorator.py
[2026-03-01T08:26:33.976+0000] {logging_mixin.py:188} INFO - [2026-03-01T08:26:33.976+0000] {dag.py:3036} INFO - Sync 1 DAGs
[2026-03-01T08:26:33.989+0000] {logging_mixin.py:188} INFO - [2026-03-01T08:26:33.989+0000] {dag.py:3823} INFO - Setting next_dagrun for example_short_circuit_decorator to 2026-02-28 00:00:00+00:00, run_after=2026-03-01 00:00:00+00:00
[2026-03-01T08:26:34.001+0000] {processor.py:183} INFO - Processing /home/airflow/.local/lib/python3.8/site-packages/airflow/example_dags/example_short_circuit_decorator.py took 0.052 seconds
[2026-03-01T08:27:04.416+0000] {processor.py:161} INFO - Started process (PID=2343) to work on /home/airflow/.local/lib/python3.8/site-packages/airflow/example_dags/example_short_circuit_decorator.py
[2026-03-01T08:27:04.417+0000] {processor.py:830} INFO - Processing file /home/airflow/.local/lib/python3.8/site-packages/airflow/example_dags/example_short_circuit_decorator.py for tasks to queue
[2026-03-01T08:27:04.418+0000] {logging_mixin.py:188} INFO - [2026-03-01T08:27:04.418+0000] {dagbag.py:538} INFO - Filling up the DagBag from /home/airflow/.local/lib/python3.8/site-packages/airflow/example_dags/example_short_circuit_decorator.py
[2026-03-01T08:27:04.424+0000] {processor.py:840} INFO - DAG(s) 'example_short_circuit_decorator' retrieved from /home/airflow/.local/lib/python3.8/site-packages/airflow/example_dags/example_short_circuit_decorator.py
[2026-03-01T08:27:04.439+0000] {logging_mixin.py:188} INFO - [2026-03-01T08:27:04.439+0000] {dag.py:3036} INFO - Sync 1 DAGs
[2026-03-01T08:27:04.451+0000] {logging_mixin.py:188} INFO - [2026-03-01T08:27:04.451+0000] {dag.py:3823} INFO - Setting next_dagrun for example_short_circuit_decorator to 2026-02-28 00:00:00+00:00, run_after=2026-03-01 00:00:00+00:00
[2026-03-01T08:27:04.464+0000] {processor.py:183} INFO - Processing /home/airflow/.local/lib/python3.8/site-packages/airflow/example_dags/example_short_circuit_decorator.py took 0.051 seconds
[2026-03-01T08:27:34.720+0000] {processor.py:161} INFO - Started process (PID=2398) to work on /home/airflow/.local/lib/python3.8/site-packages/airflow/example_dags/example_short_circuit_decorator.py
[2026-03-01T08:27:34.721+0000] {processor.py:830} INFO - Processing file /home/airflow/.local/lib/python3.8/site-packages/airflow/example_dags/example_short_circuit_decorator.py for tasks to queue
[2026-03-01T08:27:34.723+0000] {logging_mixin.py:188} INFO - [2026-03-01T08:27:34.722+0000] {dagbag.py:538} INFO - Filling up the DagBag from /home/airflow/.local/lib/python3.8/site-packages/airflow/example_dags/example_short_circuit_decorator.py
[2026-03-01T08:27:34.729+0000] {processor.py:840} INFO - DAG(s) 'example_short_circuit_decorator' retrieved from /home/airflow/.local/lib/python3.8/site-packages/airflow/example_dags/example_short_circuit_decorator.py
[2026-03-01T08:27:34.742+0000] {logging_mixin.py:188} INFO - [2026-03-01T08:27:34.742+0000] {dag.py:3036} INFO - Sync 1 DAGs
[2026-03-01T08:27:34.754+0000] {logging_mixin.py:188} INFO - [2026-03-01T08:27:34.754+0000] {dag.py:3823} INFO - Setting next_dagrun for example_short_circuit_decorator to 2026-02-28 00:00:00+00:00, run_after=2026-03-01 00:00:00+00:00
[2026-03-01T08:27:34.766+0000] {processor.py:183} INFO - Processing /home/airflow/.local/lib/python3.8/site-packages/airflow/example_dags/example_short_circuit_decorator.py took 0.048 seconds
[2026-03-01T08:28:04.924+0000] {processor.py:161} INFO - Started process (PID=2453) to work on /home/airflow/.local/lib/python3.8/site-packages/airflow/example_dags/example_short_circuit_decorator.py
[2026-03-01T08:28:04.925+0000] {processor.py:830} INFO - Processing file /home/airflow/.local/lib/python3.8/site-packages/airflow/example_dags/example_short_circuit_decorator.py for tasks to queue
[2026-03-01T08:28:04.927+0000] {logging_mixin.py:188} INFO - [2026-03-01T08:28:04.926+0000] {dagbag.py:538} INFO - Filling up the DagBag from /home/airflow/.local/lib/python3.8/site-packages/airflow/example_dags/example_short_circuit_decorator.py
[2026-03-01T08:28:04.932+0000] {processor.py:840} INFO - DAG(s) 'example_short_circuit_decorator' retrieved from /home/airflow/.local/lib/python3.8/site-packages/airflow/example_dags/example_short_circuit_decorator.py
[2026-03-01T08:28:04.947+0000] {logging_mixin.py:188} INFO - [2026-03-01T08:28:04.947+0000] {dag.py:3036} INFO - Sync 1 DAGs
[2026-03-01T08:28:04.960+0000] {logging_mixin.py:188} INFO - [2026-03-01T08:28:04.960+0000] {dag.py:3823} INFO - Setting next_dagrun for example_short_circuit_decorator to 2026-02-28 00:00:00+00:00, run_after=2026-03-01 00:00:00+00:00
[2026-03-01T08:28:04.971+0000] {processor.py:183} INFO - Processing /home/airflow/.local/lib/python3.8/site-packages/airflow/example_dags/example_short_circuit_decorator.py took 0.050 seconds
[2026-03-01T08:28:35.085+0000] {processor.py:161} INFO - Started process (PID=2508) to work on /home/airflow/.local/lib/python3.8/site-packages/airflow/example_dags/example_short_circuit_decorator.py
[2026-03-01T08:28:35.086+0000] {processor.py:830} INFO - Processing file /home/airflow/.local/lib/python3.8/site-packages/airflow/example_dags/example_short_circuit_decorator.py for tasks to queue
[2026-03-01T08:28:35.088+0000] {logging_mixin.py:188} INFO - [2026-03-01T08:28:35.088+0000] {dagbag.py:538} INFO - Filling up the DagBag from /home/airflow/.local/lib/python3.8/site-packages/airflow/example_dags/example_short_circuit_decorator.py
[2026-03-01T08:28:35.094+0000] {processor.py:840} INFO - DAG(s) 'example_short_circuit_decorator' retrieved from /home/airflow/.local/lib/python3.8/site-packages/airflow/example_dags/example_short_circuit_decorator.py
[2026-03-01T08:28:35.108+0000] {logging_mixin.py:188} INFO - [2026-03-01T08:28:35.108+0000] {dag.py:3036} INFO - Sync 1 DAGs
[2026-03-01T08:28:35.121+0000] {logging_mixin.py:188} INFO - [2026-03-01T08:28:35.120+0000] {dag.py:3823} INFO - Setting next_dagrun for example_short_circuit_decorator to 2026-02-28 00:00:00+00:00, run_after=2026-03-01 00:00:00+00:00
[2026-03-01T08:28:35.132+0000] {processor.py:183} INFO - Processing /home/airflow/.local/lib/python3.8/site-packages/airflow/example_dags/example_short_circuit_decorator.py took 0.049 seconds
[2026-03-01T08:29:05.516+0000] {processor.py:161} INFO - Started process (PID=2564) to work on /home/airflow/.local/lib/python3.8/site-packages/airflow/example_dags/example_short_circuit_decorator.py
[2026-03-01T08:29:05.518+0000] {processor.py:830} INFO - Processing file /home/airflow/.local/lib/python3.8/site-packages/airflow/example_dags/example_short_circuit_decorator.py for tasks to queue
[2026-03-01T08:29:05.520+0000] {logging_mixin.py:188} INFO - [2026-03-01T08:29:05.520+0000] {dagbag.py:538} INFO - Filling up the DagBag from /home/airflow/.local/lib/python3.8/site-packages/airflow/example_dags/example_short_circuit_decorator.py
[2026-03-01T08:29:05.526+0000] {processor.py:840} INFO - DAG(s) 'example_short_circuit_decorator' retrieved from /home/airflow/.local/lib/python3.8/site-packages/airflow/example_dags/example_short_circuit_decorator.py
[2026-03-01T08:29:05.542+0000] {logging_mixin.py:188} INFO - [2026-03-01T08:29:05.542+0000] {dag.py:3036} INFO - Sync 1 DAGs
[2026-03-01T08:29:05.556+0000] {logging_mixin.py:188} INFO - [2026-03-01T08:29:05.556+0000] {dag.py:3823} INFO - Setting next_dagrun for example_short_circuit_decorator to 2026-02-28 00:00:00+00:00, run_after=2026-03-01 00:00:00+00:00
[2026-03-01T08:29:05.569+0000] {processor.py:183} INFO - Processing /home/airflow/.local/lib/python3.8/site-packages/airflow/example_dags/example_short_circuit_decorator.py took 0.056 seconds
[2026-03-01T08:29:35.874+0000] {processor.py:161} INFO - Started process (PID=2620) to work on /home/airflow/.local/lib/python3.8/site-packages/airflow/example_dags/example_short_circuit_decorator.py
[2026-03-01T08:29:35.875+0000] {processor.py:830} INFO - Processing file /home/airflow/.local/lib/python3.8/site-packages/airflow/example_dags/example_short_circuit_decorator.py for tasks to queue
[2026-03-01T08:29:35.877+0000] {logging_mixin.py:188} INFO - [2026-03-01T08:29:35.877+0000] {dagbag.py:538} INFO - Filling up the DagBag from /home/airflow/.local/lib/python3.8/site-packages/airflow/example_dags/example_short_circuit_decorator.py
[2026-03-01T08:29:35.883+0000] {processor.py:840} INFO - DAG(s) 'example_short_circuit_decorator' retrieved from /home/airflow/.local/lib/python3.8/site-packages/airflow/example_dags/example_short_circuit_decorator.py
[2026-03-01T08:29:35.899+0000] {logging_mixin.py:188} INFO - [2026-03-01T08:29:35.899+0000] {dag.py:3036} INFO - Sync 1 DAGs
[2026-03-01T08:29:35.912+0000] {logging_mixin.py:188} INFO - [2026-03-01T08:29:35.912+0000] {dag.py:3823} INFO - Setting next_dagrun for example_short_circuit_decorator to 2026-02-28 00:00:00+00:00, run_after=2026-03-01 00:00:00+00:00
[2026-03-01T08:29:35.926+0000] {processor.py:183} INFO - Processing /home/airflow/.local/lib/python3.8/site-packages/airflow/example_dags/example_short_circuit_decorator.py took 0.054 seconds
[2026-03-01T08:30:06.570+0000] {processor.py:161} INFO - Started process (PID=2676) to work on /home/airflow/.local/lib/python3.8/site-packages/airflow/example_dags/example_short_circuit_decorator.py
[2026-03-01T08:30:06.571+0000] {processor.py:830} INFO - Processing file /home/airflow/.local/lib/python3.8/site-packages/airflow/example_dags/example_short_circuit_decorator.py for tasks to queue
[2026-03-01T08:30:06.573+0000] {logging_mixin.py:188} INFO - [2026-03-01T08:30:06.573+0000] {dagbag.py:538} INFO - Filling up the DagBag from /home/airflow/.local/lib/python3.8/site-packages/airflow/example_dags/example_short_circuit_decorator.py
[2026-03-01T08:30:06.579+0000] {processor.py:840} INFO - DAG(s) 'example_short_circuit_decorator' retrieved from /home/airflow/.local/lib/python3.8/site-packages/airflow/example_dags/example_short_circuit_decorator.py
[2026-03-01T08:30:06.592+0000] {logging_mixin.py:188} INFO - [2026-03-01T08:30:06.592+0000] {dag.py:3036} INFO - Sync 1 DAGs
[2026-03-01T08:30:06.605+0000] {logging_mixin.py:188} INFO - [2026-03-01T08:30:06.605+0000] {dag.py:3823} INFO - Setting next_dagrun for example_short_circuit_decorator to 2026-02-28 00:00:00+00:00, run_after=2026-03-01 00:00:00+00:00
[2026-03-01T08:30:06.617+0000] {processor.py:183} INFO - Processing /home/airflow/.local/lib/python3.8/site-packages/airflow/example_dags/example_short_circuit_decorator.py took 0.049 seconds
