[2026-03-01T08:07:48.739+0000] {processor.py:161} INFO - Started process (PID=83) to work on /home/airflow/.local/lib/python3.8/site-packages/airflow/example_dags/example_branch_operator.py
[2026-03-01T08:07:48.740+0000] {processor.py:830} INFO - Processing file /home/airflow/.local/lib/python3.8/site-packages/airflow/example_dags/example_branch_operator.py for tasks to queue
[2026-03-01T08:07:48.743+0000] {logging_mixin.py:188} INFO - [2026-03-01T08:07:48.742+0000] {dagbag.py:538} INFO - Filling up the DagBag from /home/airflow/.local/lib/python3.8/site-packages/airflow/example_dags/example_branch_operator.py
[2026-03-01T08:07:48.759+0000] {processor.py:840} INFO - DAG(s) 'example_branch_operator' retrieved from /home/airflow/.local/lib/python3.8/site-packages/airflow/example_dags/example_branch_operator.py
[2026-03-01T08:07:48.844+0000] {logging_mixin.py:188} INFO - [2026-03-01T08:07:48.844+0000] {override.py:1769} INFO - Created Permission View: can edit on DAG:example_branch_operator
[2026-03-01T08:07:48.870+0000] {logging_mixin.py:188} INFO - [2026-03-01T08:07:48.869+0000] {override.py:1769} INFO - Created Permission View: can delete on DAG:example_branch_operator
[2026-03-01T08:07:48.889+0000] {logging_mixin.py:188} INFO - [2026-03-01T08:07:48.889+0000] {override.py:1769} INFO - Created Permission View: can read on DAG:example_branch_operator
[2026-03-01T08:07:48.891+0000] {logging_mixin.py:188} INFO - [2026-03-01T08:07:48.890+0000] {dag.py:3036} INFO - Sync 1 DAGs
[2026-03-01T08:07:48.904+0000] {logging_mixin.py:188} INFO - [2026-03-01T08:07:48.904+0000] {dag.py:3058} INFO - Creating ORM DAG for example_branch_operator
[2026-03-01T08:07:48.915+0000] {logging_mixin.py:188} INFO - [2026-03-01T08:07:48.915+0000] {dag.py:3823} INFO - Setting next_dagrun for example_branch_operator to 2026-02-28 00:00:00+00:00, run_after=2026-03-01 00:00:00+00:00
[2026-03-01T08:07:48.939+0000] {processor.py:183} INFO - Processing /home/airflow/.local/lib/python3.8/site-packages/airflow/example_dags/example_branch_operator.py took 0.203 seconds
[2026-03-01T08:08:19.636+0000] {processor.py:161} INFO - Started process (PID=145) to work on /home/airflow/.local/lib/python3.8/site-packages/airflow/example_dags/example_branch_operator.py
[2026-03-01T08:08:19.637+0000] {processor.py:830} INFO - Processing file /home/airflow/.local/lib/python3.8/site-packages/airflow/example_dags/example_branch_operator.py for tasks to queue
[2026-03-01T08:08:19.639+0000] {logging_mixin.py:188} INFO - [2026-03-01T08:08:19.638+0000] {dagbag.py:538} INFO - Filling up the DagBag from /home/airflow/.local/lib/python3.8/site-packages/airflow/example_dags/example_branch_operator.py
[2026-03-01T08:08:19.652+0000] {processor.py:840} INFO - DAG(s) 'example_branch_operator' retrieved from /home/airflow/.local/lib/python3.8/site-packages/airflow/example_dags/example_branch_operator.py
[2026-03-01T08:08:19.674+0000] {logging_mixin.py:188} INFO - [2026-03-01T08:08:19.673+0000] {dag.py:3036} INFO - Sync 1 DAGs
[2026-03-01T08:08:19.690+0000] {logging_mixin.py:188} INFO - [2026-03-01T08:08:19.690+0000] {dag.py:3823} INFO - Setting next_dagrun for example_branch_operator to 2026-02-28 00:00:00+00:00, run_after=2026-03-01 00:00:00+00:00
[2026-03-01T08:08:19.704+0000] {processor.py:183} INFO - Processing /home/airflow/.local/lib/python3.8/site-packages/airflow/example_dags/example_branch_operator.py took 0.071 seconds
[2026-03-01T08:08:50.219+0000] {processor.py:161} INFO - Started process (PID=200) to work on /home/airflow/.local/lib/python3.8/site-packages/airflow/example_dags/example_branch_operator.py
[2026-03-01T08:08:50.220+0000] {processor.py:830} INFO - Processing file /home/airflow/.local/lib/python3.8/site-packages/airflow/example_dags/example_branch_operator.py for tasks to queue
[2026-03-01T08:08:50.222+0000] {logging_mixin.py:188} INFO - [2026-03-01T08:08:50.222+0000] {dagbag.py:538} INFO - Filling up the DagBag from /home/airflow/.local/lib/python3.8/site-packages/airflow/example_dags/example_branch_operator.py
[2026-03-01T08:08:50.244+0000] {processor.py:840} INFO - DAG(s) 'example_branch_operator' retrieved from /home/airflow/.local/lib/python3.8/site-packages/airflow/example_dags/example_branch_operator.py
[2026-03-01T08:08:50.275+0000] {logging_mixin.py:188} INFO - [2026-03-01T08:08:50.275+0000] {dag.py:3036} INFO - Sync 1 DAGs
[2026-03-01T08:08:50.300+0000] {logging_mixin.py:188} INFO - [2026-03-01T08:08:50.300+0000] {dag.py:3823} INFO - Setting next_dagrun for example_branch_operator to 2026-02-28 00:00:00+00:00, run_after=2026-03-01 00:00:00+00:00
[2026-03-01T08:08:50.320+0000] {processor.py:183} INFO - Processing /home/airflow/.local/lib/python3.8/site-packages/airflow/example_dags/example_branch_operator.py took 0.104 seconds
[2026-03-01T08:09:20.542+0000] {processor.py:161} INFO - Started process (PID=255) to work on /home/airflow/.local/lib/python3.8/site-packages/airflow/example_dags/example_branch_operator.py
[2026-03-01T08:09:20.543+0000] {processor.py:830} INFO - Processing file /home/airflow/.local/lib/python3.8/site-packages/airflow/example_dags/example_branch_operator.py for tasks to queue
[2026-03-01T08:09:20.545+0000] {logging_mixin.py:188} INFO - [2026-03-01T08:09:20.544+0000] {dagbag.py:538} INFO - Filling up the DagBag from /home/airflow/.local/lib/python3.8/site-packages/airflow/example_dags/example_branch_operator.py
[2026-03-01T08:09:20.555+0000] {processor.py:840} INFO - DAG(s) 'example_branch_operator' retrieved from /home/airflow/.local/lib/python3.8/site-packages/airflow/example_dags/example_branch_operator.py
[2026-03-01T08:09:20.572+0000] {logging_mixin.py:188} INFO - [2026-03-01T08:09:20.572+0000] {dag.py:3036} INFO - Sync 1 DAGs
[2026-03-01T08:09:20.586+0000] {logging_mixin.py:188} INFO - [2026-03-01T08:09:20.586+0000] {dag.py:3823} INFO - Setting next_dagrun for example_branch_operator to 2026-02-28 00:00:00+00:00, run_after=2026-03-01 00:00:00+00:00
[2026-03-01T08:09:20.599+0000] {processor.py:183} INFO - Processing /home/airflow/.local/lib/python3.8/site-packages/airflow/example_dags/example_branch_operator.py took 0.060 seconds
[2026-03-01T08:09:51.000+0000] {processor.py:161} INFO - Started process (PID=310) to work on /home/airflow/.local/lib/python3.8/site-packages/airflow/example_dags/example_branch_operator.py
[2026-03-01T08:09:51.001+0000] {processor.py:830} INFO - Processing file /home/airflow/.local/lib/python3.8/site-packages/airflow/example_dags/example_branch_operator.py for tasks to queue
[2026-03-01T08:09:51.003+0000] {logging_mixin.py:188} INFO - [2026-03-01T08:09:51.003+0000] {dagbag.py:538} INFO - Filling up the DagBag from /home/airflow/.local/lib/python3.8/site-packages/airflow/example_dags/example_branch_operator.py
[2026-03-01T08:09:51.020+0000] {processor.py:840} INFO - DAG(s) 'example_branch_operator' retrieved from /home/airflow/.local/lib/python3.8/site-packages/airflow/example_dags/example_branch_operator.py
[2026-03-01T08:09:51.041+0000] {logging_mixin.py:188} INFO - [2026-03-01T08:09:51.041+0000] {dag.py:3036} INFO - Sync 1 DAGs
[2026-03-01T08:09:51.056+0000] {logging_mixin.py:188} INFO - [2026-03-01T08:09:51.056+0000] {dag.py:3823} INFO - Setting next_dagrun for example_branch_operator to 2026-02-28 00:00:00+00:00, run_after=2026-03-01 00:00:00+00:00
[2026-03-01T08:09:51.071+0000] {processor.py:183} INFO - Processing /home/airflow/.local/lib/python3.8/site-packages/airflow/example_dags/example_branch_operator.py took 0.073 seconds
[2026-03-01T08:10:21.457+0000] {processor.py:161} INFO - Started process (PID=365) to work on /home/airflow/.local/lib/python3.8/site-packages/airflow/example_dags/example_branch_operator.py
[2026-03-01T08:10:21.460+0000] {processor.py:830} INFO - Processing file /home/airflow/.local/lib/python3.8/site-packages/airflow/example_dags/example_branch_operator.py for tasks to queue
[2026-03-01T08:10:21.462+0000] {logging_mixin.py:188} INFO - [2026-03-01T08:10:21.462+0000] {dagbag.py:538} INFO - Filling up the DagBag from /home/airflow/.local/lib/python3.8/site-packages/airflow/example_dags/example_branch_operator.py
[2026-03-01T08:10:21.474+0000] {processor.py:840} INFO - DAG(s) 'example_branch_operator' retrieved from /home/airflow/.local/lib/python3.8/site-packages/airflow/example_dags/example_branch_operator.py
[2026-03-01T08:10:21.493+0000] {logging_mixin.py:188} INFO - [2026-03-01T08:10:21.492+0000] {dag.py:3036} INFO - Sync 1 DAGs
[2026-03-01T08:10:21.510+0000] {logging_mixin.py:188} INFO - [2026-03-01T08:10:21.510+0000] {dag.py:3823} INFO - Setting next_dagrun for example_branch_operator to 2026-02-28 00:00:00+00:00, run_after=2026-03-01 00:00:00+00:00
[2026-03-01T08:10:21.526+0000] {processor.py:183} INFO - Processing /home/airflow/.local/lib/python3.8/site-packages/airflow/example_dags/example_branch_operator.py took 0.071 seconds
[2026-03-01T08:10:52.132+0000] {processor.py:161} INFO - Started process (PID=420) to work on /home/airflow/.local/lib/python3.8/site-packages/airflow/example_dags/example_branch_operator.py
[2026-03-01T08:10:52.133+0000] {processor.py:830} INFO - Processing file /home/airflow/.local/lib/python3.8/site-packages/airflow/example_dags/example_branch_operator.py for tasks to queue
[2026-03-01T08:10:52.135+0000] {logging_mixin.py:188} INFO - [2026-03-01T08:10:52.135+0000] {dagbag.py:538} INFO - Filling up the DagBag from /home/airflow/.local/lib/python3.8/site-packages/airflow/example_dags/example_branch_operator.py
[2026-03-01T08:10:52.145+0000] {processor.py:840} INFO - DAG(s) 'example_branch_operator' retrieved from /home/airflow/.local/lib/python3.8/site-packages/airflow/example_dags/example_branch_operator.py
[2026-03-01T08:10:52.162+0000] {logging_mixin.py:188} INFO - [2026-03-01T08:10:52.162+0000] {dag.py:3036} INFO - Sync 1 DAGs
[2026-03-01T08:10:52.176+0000] {logging_mixin.py:188} INFO - [2026-03-01T08:10:52.176+0000] {dag.py:3823} INFO - Setting next_dagrun for example_branch_operator to 2026-02-28 00:00:00+00:00, run_after=2026-03-01 00:00:00+00:00
[2026-03-01T08:10:52.189+0000] {processor.py:183} INFO - Processing /home/airflow/.local/lib/python3.8/site-packages/airflow/example_dags/example_branch_operator.py took 0.060 seconds
[2026-03-01T08:11:22.595+0000] {processor.py:161} INFO - Started process (PID=481) to work on /home/airflow/.local/lib/python3.8/site-packages/airflow/example_dags/example_branch_operator.py
[2026-03-01T08:11:22.597+0000] {processor.py:830} INFO - Processing file /home/airflow/.local/lib/python3.8/site-packages/airflow/example_dags/example_branch_operator.py for tasks to queue
[2026-03-01T08:11:22.601+0000] {logging_mixin.py:188} INFO - [2026-03-01T08:11:22.601+0000] {dagbag.py:538} INFO - Filling up the DagBag from /home/airflow/.local/lib/python3.8/site-packages/airflow/example_dags/example_branch_operator.py
[2026-03-01T08:11:22.616+0000] {processor.py:840} INFO - DAG(s) 'example_branch_operator' retrieved from /home/airflow/.local/lib/python3.8/site-packages/airflow/example_dags/example_branch_operator.py
[2026-03-01T08:11:22.636+0000] {logging_mixin.py:188} INFO - [2026-03-01T08:11:22.636+0000] {dag.py:3036} INFO - Sync 1 DAGs
[2026-03-01T08:11:22.651+0000] {logging_mixin.py:188} INFO - [2026-03-01T08:11:22.651+0000] {dag.py:3823} INFO - Setting next_dagrun for example_branch_operator to 2026-02-28 00:00:00+00:00, run_after=2026-03-01 00:00:00+00:00
[2026-03-01T08:11:22.665+0000] {processor.py:183} INFO - Processing /home/airflow/.local/lib/python3.8/site-packages/airflow/example_dags/example_branch_operator.py took 0.072 seconds
[2026-03-01T08:11:52.745+0000] {processor.py:161} INFO - Started process (PID=542) to work on /home/airflow/.local/lib/python3.8/site-packages/airflow/example_dags/example_branch_operator.py
[2026-03-01T08:11:52.746+0000] {processor.py:830} INFO - Processing file /home/airflow/.local/lib/python3.8/site-packages/airflow/example_dags/example_branch_operator.py for tasks to queue
[2026-03-01T08:11:52.748+0000] {logging_mixin.py:188} INFO - [2026-03-01T08:11:52.748+0000] {dagbag.py:538} INFO - Filling up the DagBag from /home/airflow/.local/lib/python3.8/site-packages/airflow/example_dags/example_branch_operator.py
[2026-03-01T08:11:52.758+0000] {processor.py:840} INFO - DAG(s) 'example_branch_operator' retrieved from /home/airflow/.local/lib/python3.8/site-packages/airflow/example_dags/example_branch_operator.py
[2026-03-01T08:11:52.776+0000] {logging_mixin.py:188} INFO - [2026-03-01T08:11:52.776+0000] {dag.py:3036} INFO - Sync 1 DAGs
[2026-03-01T08:11:52.790+0000] {logging_mixin.py:188} INFO - [2026-03-01T08:11:52.790+0000] {dag.py:3823} INFO - Setting next_dagrun for example_branch_operator to 2026-02-28 00:00:00+00:00, run_after=2026-03-01 00:00:00+00:00
[2026-03-01T08:11:52.803+0000] {processor.py:183} INFO - Processing /home/airflow/.local/lib/python3.8/site-packages/airflow/example_dags/example_branch_operator.py took 0.061 seconds
[2026-03-01T08:12:23.827+0000] {processor.py:161} INFO - Started process (PID=620) to work on /home/airflow/.local/lib/python3.8/site-packages/airflow/example_dags/example_branch_operator.py
[2026-03-01T08:12:23.828+0000] {processor.py:830} INFO - Processing file /home/airflow/.local/lib/python3.8/site-packages/airflow/example_dags/example_branch_operator.py for tasks to queue
[2026-03-01T08:12:23.829+0000] {logging_mixin.py:188} INFO - [2026-03-01T08:12:23.829+0000] {dagbag.py:538} INFO - Filling up the DagBag from /home/airflow/.local/lib/python3.8/site-packages/airflow/example_dags/example_branch_operator.py
[2026-03-01T08:12:23.841+0000] {processor.py:840} INFO - DAG(s) 'example_branch_operator' retrieved from /home/airflow/.local/lib/python3.8/site-packages/airflow/example_dags/example_branch_operator.py
[2026-03-01T08:12:23.856+0000] {logging_mixin.py:188} INFO - [2026-03-01T08:12:23.856+0000] {dag.py:3036} INFO - Sync 1 DAGs
[2026-03-01T08:12:23.869+0000] {logging_mixin.py:188} INFO - [2026-03-01T08:12:23.869+0000] {dag.py:3823} INFO - Setting next_dagrun for example_branch_operator to 2026-02-28 00:00:00+00:00, run_after=2026-03-01 00:00:00+00:00
[2026-03-01T08:12:23.881+0000] {processor.py:183} INFO - Processing /home/airflow/.local/lib/python3.8/site-packages/airflow/example_dags/example_branch_operator.py took 0.057 seconds
[2026-03-01T08:12:54.132+0000] {processor.py:161} INFO - Started process (PID=674) to work on /home/airflow/.local/lib/python3.8/site-packages/airflow/example_dags/example_branch_operator.py
[2026-03-01T08:12:54.133+0000] {processor.py:830} INFO - Processing file /home/airflow/.local/lib/python3.8/site-packages/airflow/example_dags/example_branch_operator.py for tasks to queue
[2026-03-01T08:12:54.135+0000] {logging_mixin.py:188} INFO - [2026-03-01T08:12:54.135+0000] {dagbag.py:538} INFO - Filling up the DagBag from /home/airflow/.local/lib/python3.8/site-packages/airflow/example_dags/example_branch_operator.py
[2026-03-01T08:12:54.146+0000] {processor.py:840} INFO - DAG(s) 'example_branch_operator' retrieved from /home/airflow/.local/lib/python3.8/site-packages/airflow/example_dags/example_branch_operator.py
[2026-03-01T08:12:54.162+0000] {logging_mixin.py:188} INFO - [2026-03-01T08:12:54.162+0000] {dag.py:3036} INFO - Sync 1 DAGs
[2026-03-01T08:12:54.176+0000] {logging_mixin.py:188} INFO - [2026-03-01T08:12:54.175+0000] {dag.py:3823} INFO - Setting next_dagrun for example_branch_operator to 2026-02-28 00:00:00+00:00, run_after=2026-03-01 00:00:00+00:00
[2026-03-01T08:12:54.188+0000] {processor.py:183} INFO - Processing /home/airflow/.local/lib/python3.8/site-packages/airflow/example_dags/example_branch_operator.py took 0.058 seconds
[2026-03-01T08:13:24.289+0000] {processor.py:161} INFO - Started process (PID=729) to work on /home/airflow/.local/lib/python3.8/site-packages/airflow/example_dags/example_branch_operator.py
[2026-03-01T08:13:24.290+0000] {processor.py:830} INFO - Processing file /home/airflow/.local/lib/python3.8/site-packages/airflow/example_dags/example_branch_operator.py for tasks to queue
[2026-03-01T08:13:24.291+0000] {logging_mixin.py:188} INFO - [2026-03-01T08:13:24.291+0000] {dagbag.py:538} INFO - Filling up the DagBag from /home/airflow/.local/lib/python3.8/site-packages/airflow/example_dags/example_branch_operator.py
[2026-03-01T08:13:24.301+0000] {processor.py:840} INFO - DAG(s) 'example_branch_operator' retrieved from /home/airflow/.local/lib/python3.8/site-packages/airflow/example_dags/example_branch_operator.py
[2026-03-01T08:13:24.318+0000] {logging_mixin.py:188} INFO - [2026-03-01T08:13:24.318+0000] {dag.py:3036} INFO - Sync 1 DAGs
[2026-03-01T08:13:24.331+0000] {logging_mixin.py:188} INFO - [2026-03-01T08:13:24.331+0000] {dag.py:3823} INFO - Setting next_dagrun for example_branch_operator to 2026-02-28 00:00:00+00:00, run_after=2026-03-01 00:00:00+00:00
[2026-03-01T08:13:24.344+0000] {processor.py:183} INFO - Processing /home/airflow/.local/lib/python3.8/site-packages/airflow/example_dags/example_branch_operator.py took 0.057 seconds
[2026-03-01T08:13:54.684+0000] {processor.py:161} INFO - Started process (PID=807) to work on /home/airflow/.local/lib/python3.8/site-packages/airflow/example_dags/example_branch_operator.py
[2026-03-01T08:13:54.685+0000] {processor.py:830} INFO - Processing file /home/airflow/.local/lib/python3.8/site-packages/airflow/example_dags/example_branch_operator.py for tasks to queue
[2026-03-01T08:13:54.686+0000] {logging_mixin.py:188} INFO - [2026-03-01T08:13:54.686+0000] {dagbag.py:538} INFO - Filling up the DagBag from /home/airflow/.local/lib/python3.8/site-packages/airflow/example_dags/example_branch_operator.py
[2026-03-01T08:13:54.696+0000] {processor.py:840} INFO - DAG(s) 'example_branch_operator' retrieved from /home/airflow/.local/lib/python3.8/site-packages/airflow/example_dags/example_branch_operator.py
[2026-03-01T08:13:54.712+0000] {logging_mixin.py:188} INFO - [2026-03-01T08:13:54.712+0000] {dag.py:3036} INFO - Sync 1 DAGs
[2026-03-01T08:13:54.727+0000] {logging_mixin.py:188} INFO - [2026-03-01T08:13:54.727+0000] {dag.py:3823} INFO - Setting next_dagrun for example_branch_operator to 2026-02-28 00:00:00+00:00, run_after=2026-03-01 00:00:00+00:00
[2026-03-01T08:13:54.740+0000] {processor.py:183} INFO - Processing /home/airflow/.local/lib/python3.8/site-packages/airflow/example_dags/example_branch_operator.py took 0.059 seconds
[2026-03-01T08:14:24.876+0000] {processor.py:161} INFO - Started process (PID=884) to work on /home/airflow/.local/lib/python3.8/site-packages/airflow/example_dags/example_branch_operator.py
[2026-03-01T08:14:24.877+0000] {processor.py:830} INFO - Processing file /home/airflow/.local/lib/python3.8/site-packages/airflow/example_dags/example_branch_operator.py for tasks to queue
[2026-03-01T08:14:24.879+0000] {logging_mixin.py:188} INFO - [2026-03-01T08:14:24.878+0000] {dagbag.py:538} INFO - Filling up the DagBag from /home/airflow/.local/lib/python3.8/site-packages/airflow/example_dags/example_branch_operator.py
[2026-03-01T08:14:24.889+0000] {processor.py:840} INFO - DAG(s) 'example_branch_operator' retrieved from /home/airflow/.local/lib/python3.8/site-packages/airflow/example_dags/example_branch_operator.py
[2026-03-01T08:14:24.897+0000] {logging_mixin.py:188} INFO - [2026-03-01T08:14:24.897+0000] {dag.py:3036} INFO - Sync 1 DAGs
[2026-03-01T08:14:24.914+0000] {logging_mixin.py:188} INFO - [2026-03-01T08:14:24.913+0000] {dag.py:3823} INFO - Setting next_dagrun for example_branch_operator to 2026-02-28 00:00:00+00:00, run_after=2026-03-01 00:00:00+00:00
[2026-03-01T08:14:24.926+0000] {processor.py:183} INFO - Processing /home/airflow/.local/lib/python3.8/site-packages/airflow/example_dags/example_branch_operator.py took 0.052 seconds
[2026-03-01T08:14:55.602+0000] {processor.py:161} INFO - Started process (PID=939) to work on /home/airflow/.local/lib/python3.8/site-packages/airflow/example_dags/example_branch_operator.py
[2026-03-01T08:14:55.603+0000] {processor.py:830} INFO - Processing file /home/airflow/.local/lib/python3.8/site-packages/airflow/example_dags/example_branch_operator.py for tasks to queue
[2026-03-01T08:14:55.605+0000] {logging_mixin.py:188} INFO - [2026-03-01T08:14:55.604+0000] {dagbag.py:538} INFO - Filling up the DagBag from /home/airflow/.local/lib/python3.8/site-packages/airflow/example_dags/example_branch_operator.py
[2026-03-01T08:14:55.619+0000] {processor.py:840} INFO - DAG(s) 'example_branch_operator' retrieved from /home/airflow/.local/lib/python3.8/site-packages/airflow/example_dags/example_branch_operator.py
[2026-03-01T08:14:55.678+0000] {logging_mixin.py:188} INFO - [2026-03-01T08:14:55.678+0000] {dag.py:3036} INFO - Sync 1 DAGs
[2026-03-01T08:14:55.692+0000] {logging_mixin.py:188} INFO - [2026-03-01T08:14:55.691+0000] {dag.py:3823} INFO - Setting next_dagrun for example_branch_operator to 2026-02-28 00:00:00+00:00, run_after=2026-03-01 00:00:00+00:00
[2026-03-01T08:14:55.717+0000] {processor.py:183} INFO - Processing /home/airflow/.local/lib/python3.8/site-packages/airflow/example_dags/example_branch_operator.py took 0.117 seconds
[2026-03-01T08:15:26.084+0000] {processor.py:161} INFO - Started process (PID=994) to work on /home/airflow/.local/lib/python3.8/site-packages/airflow/example_dags/example_branch_operator.py
[2026-03-01T08:15:26.088+0000] {processor.py:830} INFO - Processing file /home/airflow/.local/lib/python3.8/site-packages/airflow/example_dags/example_branch_operator.py for tasks to queue
[2026-03-01T08:15:26.090+0000] {logging_mixin.py:188} INFO - [2026-03-01T08:15:26.089+0000] {dagbag.py:538} INFO - Filling up the DagBag from /home/airflow/.local/lib/python3.8/site-packages/airflow/example_dags/example_branch_operator.py
[2026-03-01T08:15:26.100+0000] {processor.py:840} INFO - DAG(s) 'example_branch_operator' retrieved from /home/airflow/.local/lib/python3.8/site-packages/airflow/example_dags/example_branch_operator.py
[2026-03-01T08:15:26.119+0000] {logging_mixin.py:188} INFO - [2026-03-01T08:15:26.119+0000] {dag.py:3036} INFO - Sync 1 DAGs
[2026-03-01T08:15:26.134+0000] {logging_mixin.py:188} INFO - [2026-03-01T08:15:26.134+0000] {dag.py:3823} INFO - Setting next_dagrun for example_branch_operator to 2026-02-28 00:00:00+00:00, run_after=2026-03-01 00:00:00+00:00
[2026-03-01T08:15:26.146+0000] {processor.py:183} INFO - Processing /home/airflow/.local/lib/python3.8/site-packages/airflow/example_dags/example_branch_operator.py took 0.064 seconds
[2026-03-01T08:15:56.365+0000] {processor.py:161} INFO - Started process (PID=1056) to work on /home/airflow/.local/lib/python3.8/site-packages/airflow/example_dags/example_branch_operator.py
[2026-03-01T08:15:56.366+0000] {processor.py:830} INFO - Processing file /home/airflow/.local/lib/python3.8/site-packages/airflow/example_dags/example_branch_operator.py for tasks to queue
[2026-03-01T08:15:56.368+0000] {logging_mixin.py:188} INFO - [2026-03-01T08:15:56.368+0000] {dagbag.py:538} INFO - Filling up the DagBag from /home/airflow/.local/lib/python3.8/site-packages/airflow/example_dags/example_branch_operator.py
[2026-03-01T08:15:56.379+0000] {processor.py:840} INFO - DAG(s) 'example_branch_operator' retrieved from /home/airflow/.local/lib/python3.8/site-packages/airflow/example_dags/example_branch_operator.py
[2026-03-01T08:15:56.398+0000] {logging_mixin.py:188} INFO - [2026-03-01T08:15:56.398+0000] {dag.py:3036} INFO - Sync 1 DAGs
[2026-03-01T08:15:56.414+0000] {logging_mixin.py:188} INFO - [2026-03-01T08:15:56.413+0000] {dag.py:3823} INFO - Setting next_dagrun for example_branch_operator to 2026-02-28 00:00:00+00:00, run_after=2026-03-01 00:00:00+00:00
[2026-03-01T08:15:56.430+0000] {processor.py:183} INFO - Processing /home/airflow/.local/lib/python3.8/site-packages/airflow/example_dags/example_branch_operator.py took 0.067 seconds
[2026-03-01T08:16:26.753+0000] {processor.py:161} INFO - Started process (PID=1127) to work on /home/airflow/.local/lib/python3.8/site-packages/airflow/example_dags/example_branch_operator.py
[2026-03-01T08:16:26.754+0000] {processor.py:830} INFO - Processing file /home/airflow/.local/lib/python3.8/site-packages/airflow/example_dags/example_branch_operator.py for tasks to queue
[2026-03-01T08:16:26.756+0000] {logging_mixin.py:188} INFO - [2026-03-01T08:16:26.756+0000] {dagbag.py:538} INFO - Filling up the DagBag from /home/airflow/.local/lib/python3.8/site-packages/airflow/example_dags/example_branch_operator.py
[2026-03-01T08:16:26.768+0000] {processor.py:840} INFO - DAG(s) 'example_branch_operator' retrieved from /home/airflow/.local/lib/python3.8/site-packages/airflow/example_dags/example_branch_operator.py
[2026-03-01T08:16:26.787+0000] {logging_mixin.py:188} INFO - [2026-03-01T08:16:26.786+0000] {dag.py:3036} INFO - Sync 1 DAGs
[2026-03-01T08:16:26.800+0000] {logging_mixin.py:188} INFO - [2026-03-01T08:16:26.800+0000] {dag.py:3823} INFO - Setting next_dagrun for example_branch_operator to 2026-02-28 00:00:00+00:00, run_after=2026-03-01 00:00:00+00:00
[2026-03-01T08:16:26.819+0000] {processor.py:183} INFO - Processing /home/airflow/.local/lib/python3.8/site-packages/airflow/example_dags/example_branch_operator.py took 0.068 seconds
[2026-03-01T08:16:57.020+0000] {processor.py:161} INFO - Started process (PID=1188) to work on /home/airflow/.local/lib/python3.8/site-packages/airflow/example_dags/example_branch_operator.py
[2026-03-01T08:16:57.021+0000] {processor.py:830} INFO - Processing file /home/airflow/.local/lib/python3.8/site-packages/airflow/example_dags/example_branch_operator.py for tasks to queue
[2026-03-01T08:16:57.023+0000] {logging_mixin.py:188} INFO - [2026-03-01T08:16:57.023+0000] {dagbag.py:538} INFO - Filling up the DagBag from /home/airflow/.local/lib/python3.8/site-packages/airflow/example_dags/example_branch_operator.py
[2026-03-01T08:16:57.033+0000] {processor.py:840} INFO - DAG(s) 'example_branch_operator' retrieved from /home/airflow/.local/lib/python3.8/site-packages/airflow/example_dags/example_branch_operator.py
[2026-03-01T08:16:57.051+0000] {logging_mixin.py:188} INFO - [2026-03-01T08:16:57.051+0000] {dag.py:3036} INFO - Sync 1 DAGs
[2026-03-01T08:16:57.064+0000] {logging_mixin.py:188} INFO - [2026-03-01T08:16:57.064+0000] {dag.py:3823} INFO - Setting next_dagrun for example_branch_operator to 2026-02-28 00:00:00+00:00, run_after=2026-03-01 00:00:00+00:00
[2026-03-01T08:16:57.079+0000] {processor.py:183} INFO - Processing /home/airflow/.local/lib/python3.8/site-packages/airflow/example_dags/example_branch_operator.py took 0.061 seconds
[2026-03-01T08:17:27.262+0000] {processor.py:161} INFO - Started process (PID=1266) to work on /home/airflow/.local/lib/python3.8/site-packages/airflow/example_dags/example_branch_operator.py
[2026-03-01T08:17:27.263+0000] {processor.py:830} INFO - Processing file /home/airflow/.local/lib/python3.8/site-packages/airflow/example_dags/example_branch_operator.py for tasks to queue
[2026-03-01T08:17:27.265+0000] {logging_mixin.py:188} INFO - [2026-03-01T08:17:27.265+0000] {dagbag.py:538} INFO - Filling up the DagBag from /home/airflow/.local/lib/python3.8/site-packages/airflow/example_dags/example_branch_operator.py
[2026-03-01T08:17:27.276+0000] {processor.py:840} INFO - DAG(s) 'example_branch_operator' retrieved from /home/airflow/.local/lib/python3.8/site-packages/airflow/example_dags/example_branch_operator.py
[2026-03-01T08:17:27.296+0000] {logging_mixin.py:188} INFO - [2026-03-01T08:17:27.296+0000] {dag.py:3036} INFO - Sync 1 DAGs
[2026-03-01T08:17:27.312+0000] {logging_mixin.py:188} INFO - [2026-03-01T08:17:27.312+0000] {dag.py:3823} INFO - Setting next_dagrun for example_branch_operator to 2026-02-28 00:00:00+00:00, run_after=2026-03-01 00:00:00+00:00
[2026-03-01T08:17:27.329+0000] {processor.py:183} INFO - Processing /home/airflow/.local/lib/python3.8/site-packages/airflow/example_dags/example_branch_operator.py took 0.069 seconds
[2026-03-01T08:17:57.507+0000] {processor.py:161} INFO - Started process (PID=1321) to work on /home/airflow/.local/lib/python3.8/site-packages/airflow/example_dags/example_branch_operator.py
[2026-03-01T08:17:57.508+0000] {processor.py:830} INFO - Processing file /home/airflow/.local/lib/python3.8/site-packages/airflow/example_dags/example_branch_operator.py for tasks to queue
[2026-03-01T08:17:57.510+0000] {logging_mixin.py:188} INFO - [2026-03-01T08:17:57.510+0000] {dagbag.py:538} INFO - Filling up the DagBag from /home/airflow/.local/lib/python3.8/site-packages/airflow/example_dags/example_branch_operator.py
[2026-03-01T08:17:57.520+0000] {processor.py:840} INFO - DAG(s) 'example_branch_operator' retrieved from /home/airflow/.local/lib/python3.8/site-packages/airflow/example_dags/example_branch_operator.py
[2026-03-01T08:17:57.537+0000] {logging_mixin.py:188} INFO - [2026-03-01T08:17:57.537+0000] {dag.py:3036} INFO - Sync 1 DAGs
[2026-03-01T08:17:57.552+0000] {logging_mixin.py:188} INFO - [2026-03-01T08:17:57.551+0000] {dag.py:3823} INFO - Setting next_dagrun for example_branch_operator to 2026-02-28 00:00:00+00:00, run_after=2026-03-01 00:00:00+00:00
[2026-03-01T08:17:57.566+0000] {processor.py:183} INFO - Processing /home/airflow/.local/lib/python3.8/site-packages/airflow/example_dags/example_branch_operator.py took 0.061 seconds
[2026-03-01T08:18:28.138+0000] {processor.py:161} INFO - Started process (PID=1378) to work on /home/airflow/.local/lib/python3.8/site-packages/airflow/example_dags/example_branch_operator.py
[2026-03-01T08:18:28.139+0000] {processor.py:830} INFO - Processing file /home/airflow/.local/lib/python3.8/site-packages/airflow/example_dags/example_branch_operator.py for tasks to queue
[2026-03-01T08:18:28.141+0000] {logging_mixin.py:188} INFO - [2026-03-01T08:18:28.141+0000] {dagbag.py:538} INFO - Filling up the DagBag from /home/airflow/.local/lib/python3.8/site-packages/airflow/example_dags/example_branch_operator.py
[2026-03-01T08:18:28.152+0000] {processor.py:840} INFO - DAG(s) 'example_branch_operator' retrieved from /home/airflow/.local/lib/python3.8/site-packages/airflow/example_dags/example_branch_operator.py
[2026-03-01T08:18:28.176+0000] {logging_mixin.py:188} INFO - [2026-03-01T08:18:28.176+0000] {dag.py:3036} INFO - Sync 1 DAGs
[2026-03-01T08:18:28.194+0000] {logging_mixin.py:188} INFO - [2026-03-01T08:18:28.193+0000] {dag.py:3823} INFO - Setting next_dagrun for example_branch_operator to 2026-02-28 00:00:00+00:00, run_after=2026-03-01 00:00:00+00:00
[2026-03-01T08:18:28.214+0000] {processor.py:183} INFO - Processing /home/airflow/.local/lib/python3.8/site-packages/airflow/example_dags/example_branch_operator.py took 0.078 seconds
[2026-03-01T08:18:58.459+0000] {processor.py:161} INFO - Started process (PID=1434) to work on /home/airflow/.local/lib/python3.8/site-packages/airflow/example_dags/example_branch_operator.py
[2026-03-01T08:18:58.460+0000] {processor.py:830} INFO - Processing file /home/airflow/.local/lib/python3.8/site-packages/airflow/example_dags/example_branch_operator.py for tasks to queue
[2026-03-01T08:18:58.462+0000] {logging_mixin.py:188} INFO - [2026-03-01T08:18:58.461+0000] {dagbag.py:538} INFO - Filling up the DagBag from /home/airflow/.local/lib/python3.8/site-packages/airflow/example_dags/example_branch_operator.py
[2026-03-01T08:18:58.473+0000] {processor.py:840} INFO - DAG(s) 'example_branch_operator' retrieved from /home/airflow/.local/lib/python3.8/site-packages/airflow/example_dags/example_branch_operator.py
[2026-03-01T08:18:58.491+0000] {logging_mixin.py:188} INFO - [2026-03-01T08:18:58.491+0000] {dag.py:3036} INFO - Sync 1 DAGs
[2026-03-01T08:18:58.505+0000] {logging_mixin.py:188} INFO - [2026-03-01T08:18:58.505+0000] {dag.py:3823} INFO - Setting next_dagrun for example_branch_operator to 2026-02-28 00:00:00+00:00, run_after=2026-03-01 00:00:00+00:00
[2026-03-01T08:18:58.518+0000] {processor.py:183} INFO - Processing /home/airflow/.local/lib/python3.8/site-packages/airflow/example_dags/example_branch_operator.py took 0.061 seconds
[2026-03-01T08:19:28.681+0000] {processor.py:161} INFO - Started process (PID=1490) to work on /home/airflow/.local/lib/python3.8/site-packages/airflow/example_dags/example_branch_operator.py
[2026-03-01T08:19:28.683+0000] {processor.py:830} INFO - Processing file /home/airflow/.local/lib/python3.8/site-packages/airflow/example_dags/example_branch_operator.py for tasks to queue
[2026-03-01T08:19:28.684+0000] {logging_mixin.py:188} INFO - [2026-03-01T08:19:28.684+0000] {dagbag.py:538} INFO - Filling up the DagBag from /home/airflow/.local/lib/python3.8/site-packages/airflow/example_dags/example_branch_operator.py
[2026-03-01T08:19:28.695+0000] {processor.py:840} INFO - DAG(s) 'example_branch_operator' retrieved from /home/airflow/.local/lib/python3.8/site-packages/airflow/example_dags/example_branch_operator.py
[2026-03-01T08:19:28.717+0000] {logging_mixin.py:188} INFO - [2026-03-01T08:19:28.716+0000] {dag.py:3036} INFO - Sync 1 DAGs
[2026-03-01T08:19:28.734+0000] {logging_mixin.py:188} INFO - [2026-03-01T08:19:28.734+0000] {dag.py:3823} INFO - Setting next_dagrun for example_branch_operator to 2026-02-28 00:00:00+00:00, run_after=2026-03-01 00:00:00+00:00
[2026-03-01T08:19:28.748+0000] {processor.py:183} INFO - Processing /home/airflow/.local/lib/python3.8/site-packages/airflow/example_dags/example_branch_operator.py took 0.070 seconds
[2026-03-01T08:19:58.876+0000] {processor.py:161} INFO - Started process (PID=1546) to work on /home/airflow/.local/lib/python3.8/site-packages/airflow/example_dags/example_branch_operator.py
[2026-03-01T08:19:58.877+0000] {processor.py:830} INFO - Processing file /home/airflow/.local/lib/python3.8/site-packages/airflow/example_dags/example_branch_operator.py for tasks to queue
[2026-03-01T08:19:58.879+0000] {logging_mixin.py:188} INFO - [2026-03-01T08:19:58.878+0000] {dagbag.py:538} INFO - Filling up the DagBag from /home/airflow/.local/lib/python3.8/site-packages/airflow/example_dags/example_branch_operator.py
[2026-03-01T08:19:58.890+0000] {processor.py:840} INFO - DAG(s) 'example_branch_operator' retrieved from /home/airflow/.local/lib/python3.8/site-packages/airflow/example_dags/example_branch_operator.py
[2026-03-01T08:19:58.909+0000] {logging_mixin.py:188} INFO - [2026-03-01T08:19:58.908+0000] {dag.py:3036} INFO - Sync 1 DAGs
[2026-03-01T08:19:58.923+0000] {logging_mixin.py:188} INFO - [2026-03-01T08:19:58.922+0000] {dag.py:3823} INFO - Setting next_dagrun for example_branch_operator to 2026-02-28 00:00:00+00:00, run_after=2026-03-01 00:00:00+00:00
[2026-03-01T08:19:58.936+0000] {processor.py:183} INFO - Processing /home/airflow/.local/lib/python3.8/site-packages/airflow/example_dags/example_branch_operator.py took 0.062 seconds
[2026-03-01T08:20:29.198+0000] {processor.py:161} INFO - Started process (PID=1602) to work on /home/airflow/.local/lib/python3.8/site-packages/airflow/example_dags/example_branch_operator.py
[2026-03-01T08:20:29.199+0000] {processor.py:830} INFO - Processing file /home/airflow/.local/lib/python3.8/site-packages/airflow/example_dags/example_branch_operator.py for tasks to queue
[2026-03-01T08:20:29.201+0000] {logging_mixin.py:188} INFO - [2026-03-01T08:20:29.201+0000] {dagbag.py:538} INFO - Filling up the DagBag from /home/airflow/.local/lib/python3.8/site-packages/airflow/example_dags/example_branch_operator.py
[2026-03-01T08:20:29.212+0000] {processor.py:840} INFO - DAG(s) 'example_branch_operator' retrieved from /home/airflow/.local/lib/python3.8/site-packages/airflow/example_dags/example_branch_operator.py
[2026-03-01T08:20:29.232+0000] {logging_mixin.py:188} INFO - [2026-03-01T08:20:29.231+0000] {dag.py:3036} INFO - Sync 1 DAGs
[2026-03-01T08:20:29.247+0000] {logging_mixin.py:188} INFO - [2026-03-01T08:20:29.247+0000] {dag.py:3823} INFO - Setting next_dagrun for example_branch_operator to 2026-02-28 00:00:00+00:00, run_after=2026-03-01 00:00:00+00:00
[2026-03-01T08:20:29.261+0000] {processor.py:183} INFO - Processing /home/airflow/.local/lib/python3.8/site-packages/airflow/example_dags/example_branch_operator.py took 0.066 seconds
[2026-03-01T08:21:00.194+0000] {processor.py:161} INFO - Started process (PID=1658) to work on /home/airflow/.local/lib/python3.8/site-packages/airflow/example_dags/example_branch_operator.py
[2026-03-01T08:21:00.195+0000] {processor.py:830} INFO - Processing file /home/airflow/.local/lib/python3.8/site-packages/airflow/example_dags/example_branch_operator.py for tasks to queue
[2026-03-01T08:21:00.197+0000] {logging_mixin.py:188} INFO - [2026-03-01T08:21:00.197+0000] {dagbag.py:538} INFO - Filling up the DagBag from /home/airflow/.local/lib/python3.8/site-packages/airflow/example_dags/example_branch_operator.py
[2026-03-01T08:21:00.207+0000] {processor.py:840} INFO - DAG(s) 'example_branch_operator' retrieved from /home/airflow/.local/lib/python3.8/site-packages/airflow/example_dags/example_branch_operator.py
[2026-03-01T08:21:00.227+0000] {logging_mixin.py:188} INFO - [2026-03-01T08:21:00.227+0000] {dag.py:3036} INFO - Sync 1 DAGs
[2026-03-01T08:21:00.242+0000] {logging_mixin.py:188} INFO - [2026-03-01T08:21:00.242+0000] {dag.py:3823} INFO - Setting next_dagrun for example_branch_operator to 2026-02-28 00:00:00+00:00, run_after=2026-03-01 00:00:00+00:00
[2026-03-01T08:21:00.254+0000] {processor.py:183} INFO - Processing /home/airflow/.local/lib/python3.8/site-packages/airflow/example_dags/example_branch_operator.py took 0.062 seconds
[2026-03-01T08:21:30.504+0000] {processor.py:161} INFO - Started process (PID=1713) to work on /home/airflow/.local/lib/python3.8/site-packages/airflow/example_dags/example_branch_operator.py
[2026-03-01T08:21:30.505+0000] {processor.py:830} INFO - Processing file /home/airflow/.local/lib/python3.8/site-packages/airflow/example_dags/example_branch_operator.py for tasks to queue
[2026-03-01T08:21:30.507+0000] {logging_mixin.py:188} INFO - [2026-03-01T08:21:30.507+0000] {dagbag.py:538} INFO - Filling up the DagBag from /home/airflow/.local/lib/python3.8/site-packages/airflow/example_dags/example_branch_operator.py
[2026-03-01T08:21:30.518+0000] {processor.py:840} INFO - DAG(s) 'example_branch_operator' retrieved from /home/airflow/.local/lib/python3.8/site-packages/airflow/example_dags/example_branch_operator.py
[2026-03-01T08:21:30.536+0000] {logging_mixin.py:188} INFO - [2026-03-01T08:21:30.536+0000] {dag.py:3036} INFO - Sync 1 DAGs
[2026-03-01T08:21:30.548+0000] {logging_mixin.py:188} INFO - [2026-03-01T08:21:30.548+0000] {dag.py:3823} INFO - Setting next_dagrun for example_branch_operator to 2026-02-28 00:00:00+00:00, run_after=2026-03-01 00:00:00+00:00
[2026-03-01T08:21:30.561+0000] {processor.py:183} INFO - Processing /home/airflow/.local/lib/python3.8/site-packages/airflow/example_dags/example_branch_operator.py took 0.060 seconds
[2026-03-01T08:22:00.816+0000] {processor.py:161} INFO - Started process (PID=1769) to work on /home/airflow/.local/lib/python3.8/site-packages/airflow/example_dags/example_branch_operator.py
[2026-03-01T08:22:00.817+0000] {processor.py:830} INFO - Processing file /home/airflow/.local/lib/python3.8/site-packages/airflow/example_dags/example_branch_operator.py for tasks to queue
[2026-03-01T08:22:00.819+0000] {logging_mixin.py:188} INFO - [2026-03-01T08:22:00.819+0000] {dagbag.py:538} INFO - Filling up the DagBag from /home/airflow/.local/lib/python3.8/site-packages/airflow/example_dags/example_branch_operator.py
[2026-03-01T08:22:00.832+0000] {processor.py:840} INFO - DAG(s) 'example_branch_operator' retrieved from /home/airflow/.local/lib/python3.8/site-packages/airflow/example_dags/example_branch_operator.py
[2026-03-01T08:22:00.848+0000] {logging_mixin.py:188} INFO - [2026-03-01T08:22:00.848+0000] {dag.py:3036} INFO - Sync 1 DAGs
[2026-03-01T08:22:00.862+0000] {logging_mixin.py:188} INFO - [2026-03-01T08:22:00.862+0000] {dag.py:3823} INFO - Setting next_dagrun for example_branch_operator to 2026-02-28 00:00:00+00:00, run_after=2026-03-01 00:00:00+00:00
[2026-03-01T08:22:00.876+0000] {processor.py:183} INFO - Processing /home/airflow/.local/lib/python3.8/site-packages/airflow/example_dags/example_branch_operator.py took 0.063 seconds
[2026-03-01T08:22:31.140+0000] {processor.py:161} INFO - Started process (PID=1825) to work on /home/airflow/.local/lib/python3.8/site-packages/airflow/example_dags/example_branch_operator.py
[2026-03-01T08:22:31.141+0000] {processor.py:830} INFO - Processing file /home/airflow/.local/lib/python3.8/site-packages/airflow/example_dags/example_branch_operator.py for tasks to queue
[2026-03-01T08:22:31.143+0000] {logging_mixin.py:188} INFO - [2026-03-01T08:22:31.143+0000] {dagbag.py:538} INFO - Filling up the DagBag from /home/airflow/.local/lib/python3.8/site-packages/airflow/example_dags/example_branch_operator.py
[2026-03-01T08:22:31.154+0000] {processor.py:840} INFO - DAG(s) 'example_branch_operator' retrieved from /home/airflow/.local/lib/python3.8/site-packages/airflow/example_dags/example_branch_operator.py
[2026-03-01T08:22:31.171+0000] {logging_mixin.py:188} INFO - [2026-03-01T08:22:31.171+0000] {dag.py:3036} INFO - Sync 1 DAGs
[2026-03-01T08:22:31.186+0000] {logging_mixin.py:188} INFO - [2026-03-01T08:22:31.186+0000] {dag.py:3823} INFO - Setting next_dagrun for example_branch_operator to 2026-02-28 00:00:00+00:00, run_after=2026-03-01 00:00:00+00:00
[2026-03-01T08:22:31.201+0000] {processor.py:183} INFO - Processing /home/airflow/.local/lib/python3.8/site-packages/airflow/example_dags/example_branch_operator.py took 0.064 seconds
[2026-03-01T08:23:01.587+0000] {processor.py:161} INFO - Started process (PID=1881) to work on /home/airflow/.local/lib/python3.8/site-packages/airflow/example_dags/example_branch_operator.py
[2026-03-01T08:23:01.588+0000] {processor.py:830} INFO - Processing file /home/airflow/.local/lib/python3.8/site-packages/airflow/example_dags/example_branch_operator.py for tasks to queue
[2026-03-01T08:23:01.590+0000] {logging_mixin.py:188} INFO - [2026-03-01T08:23:01.590+0000] {dagbag.py:538} INFO - Filling up the DagBag from /home/airflow/.local/lib/python3.8/site-packages/airflow/example_dags/example_branch_operator.py
[2026-03-01T08:23:01.601+0000] {processor.py:840} INFO - DAG(s) 'example_branch_operator' retrieved from /home/airflow/.local/lib/python3.8/site-packages/airflow/example_dags/example_branch_operator.py
[2026-03-01T08:23:01.616+0000] {logging_mixin.py:188} INFO - [2026-03-01T08:23:01.616+0000] {dag.py:3036} INFO - Sync 1 DAGs
[2026-03-01T08:23:01.629+0000] {logging_mixin.py:188} INFO - [2026-03-01T08:23:01.629+0000] {dag.py:3823} INFO - Setting next_dagrun for example_branch_operator to 2026-02-28 00:00:00+00:00, run_after=2026-03-01 00:00:00+00:00
[2026-03-01T08:23:01.640+0000] {processor.py:183} INFO - Processing /home/airflow/.local/lib/python3.8/site-packages/airflow/example_dags/example_branch_operator.py took 0.055 seconds
[2026-03-01T08:23:31.831+0000] {processor.py:161} INFO - Started process (PID=1937) to work on /home/airflow/.local/lib/python3.8/site-packages/airflow/example_dags/example_branch_operator.py
[2026-03-01T08:23:31.833+0000] {processor.py:830} INFO - Processing file /home/airflow/.local/lib/python3.8/site-packages/airflow/example_dags/example_branch_operator.py for tasks to queue
[2026-03-01T08:23:31.835+0000] {logging_mixin.py:188} INFO - [2026-03-01T08:23:31.834+0000] {dagbag.py:538} INFO - Filling up the DagBag from /home/airflow/.local/lib/python3.8/site-packages/airflow/example_dags/example_branch_operator.py
[2026-03-01T08:23:31.845+0000] {processor.py:840} INFO - DAG(s) 'example_branch_operator' retrieved from /home/airflow/.local/lib/python3.8/site-packages/airflow/example_dags/example_branch_operator.py
[2026-03-01T08:23:31.861+0000] {logging_mixin.py:188} INFO - [2026-03-01T08:23:31.861+0000] {dag.py:3036} INFO - Sync 1 DAGs
[2026-03-01T08:23:31.875+0000] {logging_mixin.py:188} INFO - [2026-03-01T08:23:31.875+0000] {dag.py:3823} INFO - Setting next_dagrun for example_branch_operator to 2026-02-28 00:00:00+00:00, run_after=2026-03-01 00:00:00+00:00
[2026-03-01T08:23:31.889+0000] {processor.py:183} INFO - Processing /home/airflow/.local/lib/python3.8/site-packages/airflow/example_dags/example_branch_operator.py took 0.061 seconds
[2026-03-01T08:24:02.178+0000] {processor.py:161} INFO - Started process (PID=1993) to work on /home/airflow/.local/lib/python3.8/site-packages/airflow/example_dags/example_branch_operator.py
[2026-03-01T08:24:02.179+0000] {processor.py:830} INFO - Processing file /home/airflow/.local/lib/python3.8/site-packages/airflow/example_dags/example_branch_operator.py for tasks to queue
[2026-03-01T08:24:02.181+0000] {logging_mixin.py:188} INFO - [2026-03-01T08:24:02.181+0000] {dagbag.py:538} INFO - Filling up the DagBag from /home/airflow/.local/lib/python3.8/site-packages/airflow/example_dags/example_branch_operator.py
[2026-03-01T08:24:02.192+0000] {processor.py:840} INFO - DAG(s) 'example_branch_operator' retrieved from /home/airflow/.local/lib/python3.8/site-packages/airflow/example_dags/example_branch_operator.py
[2026-03-01T08:24:02.211+0000] {logging_mixin.py:188} INFO - [2026-03-01T08:24:02.210+0000] {dag.py:3036} INFO - Sync 1 DAGs
[2026-03-01T08:24:02.225+0000] {logging_mixin.py:188} INFO - [2026-03-01T08:24:02.225+0000] {dag.py:3823} INFO - Setting next_dagrun for example_branch_operator to 2026-02-28 00:00:00+00:00, run_after=2026-03-01 00:00:00+00:00
[2026-03-01T08:24:02.239+0000] {processor.py:183} INFO - Processing /home/airflow/.local/lib/python3.8/site-packages/airflow/example_dags/example_branch_operator.py took 0.063 seconds
[2026-03-01T08:24:32.369+0000] {processor.py:161} INFO - Started process (PID=2049) to work on /home/airflow/.local/lib/python3.8/site-packages/airflow/example_dags/example_branch_operator.py
[2026-03-01T08:24:32.370+0000] {processor.py:830} INFO - Processing file /home/airflow/.local/lib/python3.8/site-packages/airflow/example_dags/example_branch_operator.py for tasks to queue
[2026-03-01T08:24:32.371+0000] {logging_mixin.py:188} INFO - [2026-03-01T08:24:32.371+0000] {dagbag.py:538} INFO - Filling up the DagBag from /home/airflow/.local/lib/python3.8/site-packages/airflow/example_dags/example_branch_operator.py
[2026-03-01T08:24:32.382+0000] {processor.py:840} INFO - DAG(s) 'example_branch_operator' retrieved from /home/airflow/.local/lib/python3.8/site-packages/airflow/example_dags/example_branch_operator.py
[2026-03-01T08:24:32.398+0000] {logging_mixin.py:188} INFO - [2026-03-01T08:24:32.398+0000] {dag.py:3036} INFO - Sync 1 DAGs
[2026-03-01T08:24:32.412+0000] {logging_mixin.py:188} INFO - [2026-03-01T08:24:32.412+0000] {dag.py:3823} INFO - Setting next_dagrun for example_branch_operator to 2026-02-28 00:00:00+00:00, run_after=2026-03-01 00:00:00+00:00
[2026-03-01T08:24:32.425+0000] {processor.py:183} INFO - Processing /home/airflow/.local/lib/python3.8/site-packages/airflow/example_dags/example_branch_operator.py took 0.058 seconds
[2026-03-01T08:25:02.701+0000] {processor.py:161} INFO - Started process (PID=2109) to work on /home/airflow/.local/lib/python3.8/site-packages/airflow/example_dags/example_branch_operator.py
[2026-03-01T08:25:02.702+0000] {processor.py:830} INFO - Processing file /home/airflow/.local/lib/python3.8/site-packages/airflow/example_dags/example_branch_operator.py for tasks to queue
[2026-03-01T08:25:02.704+0000] {logging_mixin.py:188} INFO - [2026-03-01T08:25:02.703+0000] {dagbag.py:538} INFO - Filling up the DagBag from /home/airflow/.local/lib/python3.8/site-packages/airflow/example_dags/example_branch_operator.py
[2026-03-01T08:25:02.716+0000] {processor.py:840} INFO - DAG(s) 'example_branch_operator' retrieved from /home/airflow/.local/lib/python3.8/site-packages/airflow/example_dags/example_branch_operator.py
[2026-03-01T08:25:02.734+0000] {logging_mixin.py:188} INFO - [2026-03-01T08:25:02.733+0000] {dag.py:3036} INFO - Sync 1 DAGs
[2026-03-01T08:25:02.748+0000] {logging_mixin.py:188} INFO - [2026-03-01T08:25:02.748+0000] {dag.py:3823} INFO - Setting next_dagrun for example_branch_operator to 2026-02-28 00:00:00+00:00, run_after=2026-03-01 00:00:00+00:00
[2026-03-01T08:25:02.762+0000] {processor.py:183} INFO - Processing /home/airflow/.local/lib/python3.8/site-packages/airflow/example_dags/example_branch_operator.py took 0.064 seconds
[2026-03-01T08:25:32.959+0000] {processor.py:161} INFO - Started process (PID=2165) to work on /home/airflow/.local/lib/python3.8/site-packages/airflow/example_dags/example_branch_operator.py
[2026-03-01T08:25:32.961+0000] {processor.py:830} INFO - Processing file /home/airflow/.local/lib/python3.8/site-packages/airflow/example_dags/example_branch_operator.py for tasks to queue
[2026-03-01T08:25:32.962+0000] {logging_mixin.py:188} INFO - [2026-03-01T08:25:32.962+0000] {dagbag.py:538} INFO - Filling up the DagBag from /home/airflow/.local/lib/python3.8/site-packages/airflow/example_dags/example_branch_operator.py
[2026-03-01T08:25:32.972+0000] {processor.py:840} INFO - DAG(s) 'example_branch_operator' retrieved from /home/airflow/.local/lib/python3.8/site-packages/airflow/example_dags/example_branch_operator.py
[2026-03-01T08:25:32.994+0000] {logging_mixin.py:188} INFO - [2026-03-01T08:25:32.994+0000] {dag.py:3036} INFO - Sync 1 DAGs
[2026-03-01T08:25:33.009+0000] {logging_mixin.py:188} INFO - [2026-03-01T08:25:33.009+0000] {dag.py:3823} INFO - Setting next_dagrun for example_branch_operator to 2026-02-28 00:00:00+00:00, run_after=2026-03-01 00:00:00+00:00
[2026-03-01T08:25:33.024+0000] {processor.py:183} INFO - Processing /home/airflow/.local/lib/python3.8/site-packages/airflow/example_dags/example_branch_operator.py took 0.067 seconds
[2026-03-01T08:26:03.086+0000] {processor.py:161} INFO - Started process (PID=2221) to work on /home/airflow/.local/lib/python3.8/site-packages/airflow/example_dags/example_branch_operator.py
[2026-03-01T08:26:03.087+0000] {processor.py:830} INFO - Processing file /home/airflow/.local/lib/python3.8/site-packages/airflow/example_dags/example_branch_operator.py for tasks to queue
[2026-03-01T08:26:03.089+0000] {logging_mixin.py:188} INFO - [2026-03-01T08:26:03.088+0000] {dagbag.py:538} INFO - Filling up the DagBag from /home/airflow/.local/lib/python3.8/site-packages/airflow/example_dags/example_branch_operator.py
[2026-03-01T08:26:03.098+0000] {processor.py:840} INFO - DAG(s) 'example_branch_operator' retrieved from /home/airflow/.local/lib/python3.8/site-packages/airflow/example_dags/example_branch_operator.py
[2026-03-01T08:26:03.116+0000] {logging_mixin.py:188} INFO - [2026-03-01T08:26:03.116+0000] {dag.py:3036} INFO - Sync 1 DAGs
[2026-03-01T08:26:03.129+0000] {logging_mixin.py:188} INFO - [2026-03-01T08:26:03.128+0000] {dag.py:3823} INFO - Setting next_dagrun for example_branch_operator to 2026-02-28 00:00:00+00:00, run_after=2026-03-01 00:00:00+00:00
[2026-03-01T08:26:03.143+0000] {processor.py:183} INFO - Processing /home/airflow/.local/lib/python3.8/site-packages/airflow/example_dags/example_branch_operator.py took 0.059 seconds
[2026-03-01T08:26:33.496+0000] {processor.py:161} INFO - Started process (PID=2277) to work on /home/airflow/.local/lib/python3.8/site-packages/airflow/example_dags/example_branch_operator.py
[2026-03-01T08:26:33.497+0000] {processor.py:830} INFO - Processing file /home/airflow/.local/lib/python3.8/site-packages/airflow/example_dags/example_branch_operator.py for tasks to queue
[2026-03-01T08:26:33.499+0000] {logging_mixin.py:188} INFO - [2026-03-01T08:26:33.498+0000] {dagbag.py:538} INFO - Filling up the DagBag from /home/airflow/.local/lib/python3.8/site-packages/airflow/example_dags/example_branch_operator.py
[2026-03-01T08:26:33.509+0000] {processor.py:840} INFO - DAG(s) 'example_branch_operator' retrieved from /home/airflow/.local/lib/python3.8/site-packages/airflow/example_dags/example_branch_operator.py
[2026-03-01T08:26:33.525+0000] {logging_mixin.py:188} INFO - [2026-03-01T08:26:33.525+0000] {dag.py:3036} INFO - Sync 1 DAGs
[2026-03-01T08:26:33.539+0000] {logging_mixin.py:188} INFO - [2026-03-01T08:26:33.539+0000] {dag.py:3823} INFO - Setting next_dagrun for example_branch_operator to 2026-02-28 00:00:00+00:00, run_after=2026-03-01 00:00:00+00:00
[2026-03-01T08:26:33.553+0000] {processor.py:183} INFO - Processing /home/airflow/.local/lib/python3.8/site-packages/airflow/example_dags/example_branch_operator.py took 0.059 seconds
[2026-03-01T08:27:03.957+0000] {processor.py:161} INFO - Started process (PID=2333) to work on /home/airflow/.local/lib/python3.8/site-packages/airflow/example_dags/example_branch_operator.py
[2026-03-01T08:27:03.957+0000] {processor.py:830} INFO - Processing file /home/airflow/.local/lib/python3.8/site-packages/airflow/example_dags/example_branch_operator.py for tasks to queue
[2026-03-01T08:27:03.959+0000] {logging_mixin.py:188} INFO - [2026-03-01T08:27:03.958+0000] {dagbag.py:538} INFO - Filling up the DagBag from /home/airflow/.local/lib/python3.8/site-packages/airflow/example_dags/example_branch_operator.py
[2026-03-01T08:27:03.970+0000] {processor.py:840} INFO - DAG(s) 'example_branch_operator' retrieved from /home/airflow/.local/lib/python3.8/site-packages/airflow/example_dags/example_branch_operator.py
[2026-03-01T08:27:03.986+0000] {logging_mixin.py:188} INFO - [2026-03-01T08:27:03.986+0000] {dag.py:3036} INFO - Sync 1 DAGs
[2026-03-01T08:27:03.999+0000] {logging_mixin.py:188} INFO - [2026-03-01T08:27:03.999+0000] {dag.py:3823} INFO - Setting next_dagrun for example_branch_operator to 2026-02-28 00:00:00+00:00, run_after=2026-03-01 00:00:00+00:00
[2026-03-01T08:27:04.012+0000] {processor.py:183} INFO - Processing /home/airflow/.local/lib/python3.8/site-packages/airflow/example_dags/example_branch_operator.py took 0.058 seconds
[2026-03-01T08:27:34.177+0000] {processor.py:161} INFO - Started process (PID=2388) to work on /home/airflow/.local/lib/python3.8/site-packages/airflow/example_dags/example_branch_operator.py
[2026-03-01T08:27:34.179+0000] {processor.py:830} INFO - Processing file /home/airflow/.local/lib/python3.8/site-packages/airflow/example_dags/example_branch_operator.py for tasks to queue
[2026-03-01T08:27:34.181+0000] {logging_mixin.py:188} INFO - [2026-03-01T08:27:34.181+0000] {dagbag.py:538} INFO - Filling up the DagBag from /home/airflow/.local/lib/python3.8/site-packages/airflow/example_dags/example_branch_operator.py
[2026-03-01T08:27:34.192+0000] {processor.py:840} INFO - DAG(s) 'example_branch_operator' retrieved from /home/airflow/.local/lib/python3.8/site-packages/airflow/example_dags/example_branch_operator.py
[2026-03-01T08:27:34.210+0000] {logging_mixin.py:188} INFO - [2026-03-01T08:27:34.209+0000] {dag.py:3036} INFO - Sync 1 DAGs
[2026-03-01T08:27:34.225+0000] {logging_mixin.py:188} INFO - [2026-03-01T08:27:34.225+0000] {dag.py:3823} INFO - Setting next_dagrun for example_branch_operator to 2026-02-28 00:00:00+00:00, run_after=2026-03-01 00:00:00+00:00
[2026-03-01T08:27:34.239+0000] {processor.py:183} INFO - Processing /home/airflow/.local/lib/python3.8/site-packages/airflow/example_dags/example_branch_operator.py took 0.064 seconds
[2026-03-01T08:28:04.386+0000] {processor.py:161} INFO - Started process (PID=2443) to work on /home/airflow/.local/lib/python3.8/site-packages/airflow/example_dags/example_branch_operator.py
[2026-03-01T08:28:04.387+0000] {processor.py:830} INFO - Processing file /home/airflow/.local/lib/python3.8/site-packages/airflow/example_dags/example_branch_operator.py for tasks to queue
[2026-03-01T08:28:04.388+0000] {logging_mixin.py:188} INFO - [2026-03-01T08:28:04.388+0000] {dagbag.py:538} INFO - Filling up the DagBag from /home/airflow/.local/lib/python3.8/site-packages/airflow/example_dags/example_branch_operator.py
[2026-03-01T08:28:04.399+0000] {processor.py:840} INFO - DAG(s) 'example_branch_operator' retrieved from /home/airflow/.local/lib/python3.8/site-packages/airflow/example_dags/example_branch_operator.py
[2026-03-01T08:28:04.415+0000] {logging_mixin.py:188} INFO - [2026-03-01T08:28:04.415+0000] {dag.py:3036} INFO - Sync 1 DAGs
[2026-03-01T08:28:04.430+0000] {logging_mixin.py:188} INFO - [2026-03-01T08:28:04.429+0000] {dag.py:3823} INFO - Setting next_dagrun for example_branch_operator to 2026-02-28 00:00:00+00:00, run_after=2026-03-01 00:00:00+00:00
[2026-03-01T08:28:04.440+0000] {processor.py:183} INFO - Processing /home/airflow/.local/lib/python3.8/site-packages/airflow/example_dags/example_branch_operator.py took 0.056 seconds
[2026-03-01T08:28:34.564+0000] {processor.py:161} INFO - Started process (PID=2498) to work on /home/airflow/.local/lib/python3.8/site-packages/airflow/example_dags/example_branch_operator.py
[2026-03-01T08:28:34.564+0000] {processor.py:830} INFO - Processing file /home/airflow/.local/lib/python3.8/site-packages/airflow/example_dags/example_branch_operator.py for tasks to queue
[2026-03-01T08:28:34.566+0000] {logging_mixin.py:188} INFO - [2026-03-01T08:28:34.566+0000] {dagbag.py:538} INFO - Filling up the DagBag from /home/airflow/.local/lib/python3.8/site-packages/airflow/example_dags/example_branch_operator.py
[2026-03-01T08:28:34.576+0000] {processor.py:840} INFO - DAG(s) 'example_branch_operator' retrieved from /home/airflow/.local/lib/python3.8/site-packages/airflow/example_dags/example_branch_operator.py
[2026-03-01T08:28:34.593+0000] {logging_mixin.py:188} INFO - [2026-03-01T08:28:34.593+0000] {dag.py:3036} INFO - Sync 1 DAGs
[2026-03-01T08:28:34.608+0000] {logging_mixin.py:188} INFO - [2026-03-01T08:28:34.608+0000] {dag.py:3823} INFO - Setting next_dagrun for example_branch_operator to 2026-02-28 00:00:00+00:00, run_after=2026-03-01 00:00:00+00:00
[2026-03-01T08:28:34.621+0000] {processor.py:183} INFO - Processing /home/airflow/.local/lib/python3.8/site-packages/airflow/example_dags/example_branch_operator.py took 0.060 seconds
[2026-03-01T08:29:05.005+0000] {processor.py:161} INFO - Started process (PID=2554) to work on /home/airflow/.local/lib/python3.8/site-packages/airflow/example_dags/example_branch_operator.py
[2026-03-01T08:29:05.006+0000] {processor.py:830} INFO - Processing file /home/airflow/.local/lib/python3.8/site-packages/airflow/example_dags/example_branch_operator.py for tasks to queue
[2026-03-01T08:29:05.008+0000] {logging_mixin.py:188} INFO - [2026-03-01T08:29:05.008+0000] {dagbag.py:538} INFO - Filling up the DagBag from /home/airflow/.local/lib/python3.8/site-packages/airflow/example_dags/example_branch_operator.py
[2026-03-01T08:29:05.019+0000] {processor.py:840} INFO - DAG(s) 'example_branch_operator' retrieved from /home/airflow/.local/lib/python3.8/site-packages/airflow/example_dags/example_branch_operator.py
[2026-03-01T08:29:05.034+0000] {logging_mixin.py:188} INFO - [2026-03-01T08:29:05.034+0000] {dag.py:3036} INFO - Sync 1 DAGs
[2026-03-01T08:29:05.047+0000] {logging_mixin.py:188} INFO - [2026-03-01T08:29:05.047+0000] {dag.py:3823} INFO - Setting next_dagrun for example_branch_operator to 2026-02-28 00:00:00+00:00, run_after=2026-03-01 00:00:00+00:00
[2026-03-01T08:29:05.059+0000] {processor.py:183} INFO - Processing /home/airflow/.local/lib/python3.8/site-packages/airflow/example_dags/example_branch_operator.py took 0.056 seconds
[2026-03-01T08:29:35.466+0000] {processor.py:161} INFO - Started process (PID=2610) to work on /home/airflow/.local/lib/python3.8/site-packages/airflow/example_dags/example_branch_operator.py
[2026-03-01T08:29:35.467+0000] {processor.py:830} INFO - Processing file /home/airflow/.local/lib/python3.8/site-packages/airflow/example_dags/example_branch_operator.py for tasks to queue
[2026-03-01T08:29:35.469+0000] {logging_mixin.py:188} INFO - [2026-03-01T08:29:35.469+0000] {dagbag.py:538} INFO - Filling up the DagBag from /home/airflow/.local/lib/python3.8/site-packages/airflow/example_dags/example_branch_operator.py
[2026-03-01T08:29:35.480+0000] {processor.py:840} INFO - DAG(s) 'example_branch_operator' retrieved from /home/airflow/.local/lib/python3.8/site-packages/airflow/example_dags/example_branch_operator.py
[2026-03-01T08:29:35.498+0000] {logging_mixin.py:188} INFO - [2026-03-01T08:29:35.497+0000] {dag.py:3036} INFO - Sync 1 DAGs
[2026-03-01T08:29:35.512+0000] {logging_mixin.py:188} INFO - [2026-03-01T08:29:35.511+0000] {dag.py:3823} INFO - Setting next_dagrun for example_branch_operator to 2026-02-28 00:00:00+00:00, run_after=2026-03-01 00:00:00+00:00
[2026-03-01T08:29:35.525+0000] {processor.py:183} INFO - Processing /home/airflow/.local/lib/python3.8/site-packages/airflow/example_dags/example_branch_operator.py took 0.062 seconds
[2026-03-01T08:30:06.113+0000] {processor.py:161} INFO - Started process (PID=2666) to work on /home/airflow/.local/lib/python3.8/site-packages/airflow/example_dags/example_branch_operator.py
[2026-03-01T08:30:06.114+0000] {processor.py:830} INFO - Processing file /home/airflow/.local/lib/python3.8/site-packages/airflow/example_dags/example_branch_operator.py for tasks to queue
[2026-03-01T08:30:06.115+0000] {logging_mixin.py:188} INFO - [2026-03-01T08:30:06.115+0000] {dagbag.py:538} INFO - Filling up the DagBag from /home/airflow/.local/lib/python3.8/site-packages/airflow/example_dags/example_branch_operator.py
[2026-03-01T08:30:06.125+0000] {processor.py:840} INFO - DAG(s) 'example_branch_operator' retrieved from /home/airflow/.local/lib/python3.8/site-packages/airflow/example_dags/example_branch_operator.py
[2026-03-01T08:30:06.141+0000] {logging_mixin.py:188} INFO - [2026-03-01T08:30:06.141+0000] {dag.py:3036} INFO - Sync 1 DAGs
[2026-03-01T08:30:06.154+0000] {logging_mixin.py:188} INFO - [2026-03-01T08:30:06.154+0000] {dag.py:3823} INFO - Setting next_dagrun for example_branch_operator to 2026-02-28 00:00:00+00:00, run_after=2026-03-01 00:00:00+00:00
[2026-03-01T08:30:06.165+0000] {processor.py:183} INFO - Processing /home/airflow/.local/lib/python3.8/site-packages/airflow/example_dags/example_branch_operator.py took 0.055 seconds
