[2026-03-01T08:07:48.009+0000] {processor.py:161} INFO - Started process (PID=76) to work on /home/airflow/.local/lib/python3.8/site-packages/airflow/example_dags/example_branch_labels.py
[2026-03-01T08:07:48.011+0000] {processor.py:830} INFO - Processing file /home/airflow/.local/lib/python3.8/site-packages/airflow/example_dags/example_branch_labels.py for tasks to queue
[2026-03-01T08:07:48.013+0000] {logging_mixin.py:188} INFO - [2026-03-01T08:07:48.012+0000] {dagbag.py:538} INFO - Filling up the DagBag from /home/airflow/.local/lib/python3.8/site-packages/airflow/example_dags/example_branch_labels.py
[2026-03-01T08:07:48.021+0000] {processor.py:840} INFO - DAG(s) 'example_branch_labels' retrieved from /home/airflow/.local/lib/python3.8/site-packages/airflow/example_dags/example_branch_labels.py
[2026-03-01T08:07:48.104+0000] {logging_mixin.py:188} INFO - [2026-03-01T08:07:48.103+0000] {override.py:1769} INFO - Created Permission View: can edit on DAG:example_branch_labels
[2026-03-01T08:07:48.112+0000] {logging_mixin.py:188} INFO - [2026-03-01T08:07:48.112+0000] {override.py:1769} INFO - Created Permission View: can delete on DAG:example_branch_labels
[2026-03-01T08:07:48.118+0000] {logging_mixin.py:188} INFO - [2026-03-01T08:07:48.118+0000] {override.py:1769} INFO - Created Permission View: can read on DAG:example_branch_labels
[2026-03-01T08:07:48.119+0000] {logging_mixin.py:188} INFO - [2026-03-01T08:07:48.119+0000] {dag.py:3036} INFO - Sync 1 DAGs
[2026-03-01T08:07:48.129+0000] {logging_mixin.py:188} INFO - [2026-03-01T08:07:48.129+0000] {dag.py:3058} INFO - Creating ORM DAG for example_branch_labels
[2026-03-01T08:07:48.138+0000] {logging_mixin.py:188} INFO - [2026-03-01T08:07:48.137+0000] {dag.py:3823} INFO - Setting next_dagrun for example_branch_labels to 2026-02-28 00:00:00+00:00, run_after=2026-03-01 00:00:00+00:00
[2026-03-01T08:07:48.150+0000] {processor.py:183} INFO - Processing /home/airflow/.local/lib/python3.8/site-packages/airflow/example_dags/example_branch_labels.py took 0.144 seconds
[2026-03-01T08:08:18.337+0000] {processor.py:161} INFO - Started process (PID=132) to work on /home/airflow/.local/lib/python3.8/site-packages/airflow/example_dags/example_branch_labels.py
[2026-03-01T08:08:18.338+0000] {processor.py:830} INFO - Processing file /home/airflow/.local/lib/python3.8/site-packages/airflow/example_dags/example_branch_labels.py for tasks to queue
[2026-03-01T08:08:18.340+0000] {logging_mixin.py:188} INFO - [2026-03-01T08:08:18.340+0000] {dagbag.py:538} INFO - Filling up the DagBag from /home/airflow/.local/lib/python3.8/site-packages/airflow/example_dags/example_branch_labels.py
[2026-03-01T08:08:18.346+0000] {processor.py:840} INFO - DAG(s) 'example_branch_labels' retrieved from /home/airflow/.local/lib/python3.8/site-packages/airflow/example_dags/example_branch_labels.py
[2026-03-01T08:08:18.361+0000] {logging_mixin.py:188} INFO - [2026-03-01T08:08:18.361+0000] {dag.py:3036} INFO - Sync 1 DAGs
[2026-03-01T08:08:18.379+0000] {logging_mixin.py:188} INFO - [2026-03-01T08:08:18.379+0000] {dag.py:3823} INFO - Setting next_dagrun for example_branch_labels to 2026-02-28 00:00:00+00:00, run_after=2026-03-01 00:00:00+00:00
[2026-03-01T08:08:18.393+0000] {processor.py:183} INFO - Processing /home/airflow/.local/lib/python3.8/site-packages/airflow/example_dags/example_branch_labels.py took 0.059 seconds
[2026-03-01T08:08:48.865+0000] {processor.py:161} INFO - Started process (PID=187) to work on /home/airflow/.local/lib/python3.8/site-packages/airflow/example_dags/example_branch_labels.py
[2026-03-01T08:08:48.866+0000] {processor.py:830} INFO - Processing file /home/airflow/.local/lib/python3.8/site-packages/airflow/example_dags/example_branch_labels.py for tasks to queue
[2026-03-01T08:08:48.868+0000] {logging_mixin.py:188} INFO - [2026-03-01T08:08:48.868+0000] {dagbag.py:538} INFO - Filling up the DagBag from /home/airflow/.local/lib/python3.8/site-packages/airflow/example_dags/example_branch_labels.py
[2026-03-01T08:08:48.875+0000] {processor.py:840} INFO - DAG(s) 'example_branch_labels' retrieved from /home/airflow/.local/lib/python3.8/site-packages/airflow/example_dags/example_branch_labels.py
[2026-03-01T08:08:48.891+0000] {logging_mixin.py:188} INFO - [2026-03-01T08:08:48.891+0000] {dag.py:3036} INFO - Sync 1 DAGs
[2026-03-01T08:08:48.905+0000] {logging_mixin.py:188} INFO - [2026-03-01T08:08:48.904+0000] {dag.py:3823} INFO - Setting next_dagrun for example_branch_labels to 2026-02-28 00:00:00+00:00, run_after=2026-03-01 00:00:00+00:00
[2026-03-01T08:08:48.922+0000] {processor.py:183} INFO - Processing /home/airflow/.local/lib/python3.8/site-packages/airflow/example_dags/example_branch_labels.py took 0.059 seconds
[2026-03-01T08:09:19.240+0000] {processor.py:161} INFO - Started process (PID=242) to work on /home/airflow/.local/lib/python3.8/site-packages/airflow/example_dags/example_branch_labels.py
[2026-03-01T08:09:19.241+0000] {processor.py:830} INFO - Processing file /home/airflow/.local/lib/python3.8/site-packages/airflow/example_dags/example_branch_labels.py for tasks to queue
[2026-03-01T08:09:19.243+0000] {logging_mixin.py:188} INFO - [2026-03-01T08:09:19.243+0000] {dagbag.py:538} INFO - Filling up the DagBag from /home/airflow/.local/lib/python3.8/site-packages/airflow/example_dags/example_branch_labels.py
[2026-03-01T08:09:19.250+0000] {processor.py:840} INFO - DAG(s) 'example_branch_labels' retrieved from /home/airflow/.local/lib/python3.8/site-packages/airflow/example_dags/example_branch_labels.py
[2026-03-01T08:09:19.266+0000] {logging_mixin.py:188} INFO - [2026-03-01T08:09:19.266+0000] {dag.py:3036} INFO - Sync 1 DAGs
[2026-03-01T08:09:19.283+0000] {logging_mixin.py:188} INFO - [2026-03-01T08:09:19.283+0000] {dag.py:3823} INFO - Setting next_dagrun for example_branch_labels to 2026-02-28 00:00:00+00:00, run_after=2026-03-01 00:00:00+00:00
[2026-03-01T08:09:19.297+0000] {processor.py:183} INFO - Processing /home/airflow/.local/lib/python3.8/site-packages/airflow/example_dags/example_branch_labels.py took 0.060 seconds
[2026-03-01T08:09:49.630+0000] {processor.py:161} INFO - Started process (PID=303) to work on /home/airflow/.local/lib/python3.8/site-packages/airflow/example_dags/example_branch_labels.py
[2026-03-01T08:09:49.631+0000] {processor.py:830} INFO - Processing file /home/airflow/.local/lib/python3.8/site-packages/airflow/example_dags/example_branch_labels.py for tasks to queue
[2026-03-01T08:09:49.633+0000] {logging_mixin.py:188} INFO - [2026-03-01T08:09:49.632+0000] {dagbag.py:538} INFO - Filling up the DagBag from /home/airflow/.local/lib/python3.8/site-packages/airflow/example_dags/example_branch_labels.py
[2026-03-01T08:09:49.639+0000] {processor.py:840} INFO - DAG(s) 'example_branch_labels' retrieved from /home/airflow/.local/lib/python3.8/site-packages/airflow/example_dags/example_branch_labels.py
[2026-03-01T08:09:49.658+0000] {logging_mixin.py:188} INFO - [2026-03-01T08:09:49.658+0000] {dag.py:3036} INFO - Sync 1 DAGs
[2026-03-01T08:09:49.673+0000] {logging_mixin.py:188} INFO - [2026-03-01T08:09:49.672+0000] {dag.py:3823} INFO - Setting next_dagrun for example_branch_labels to 2026-02-28 00:00:00+00:00, run_after=2026-03-01 00:00:00+00:00
[2026-03-01T08:09:49.691+0000] {processor.py:183} INFO - Processing /home/airflow/.local/lib/python3.8/site-packages/airflow/example_dags/example_branch_labels.py took 0.064 seconds
[2026-03-01T08:10:20.167+0000] {processor.py:161} INFO - Started process (PID=358) to work on /home/airflow/.local/lib/python3.8/site-packages/airflow/example_dags/example_branch_labels.py
[2026-03-01T08:10:20.168+0000] {processor.py:830} INFO - Processing file /home/airflow/.local/lib/python3.8/site-packages/airflow/example_dags/example_branch_labels.py for tasks to queue
[2026-03-01T08:10:20.170+0000] {logging_mixin.py:188} INFO - [2026-03-01T08:10:20.170+0000] {dagbag.py:538} INFO - Filling up the DagBag from /home/airflow/.local/lib/python3.8/site-packages/airflow/example_dags/example_branch_labels.py
[2026-03-01T08:10:20.175+0000] {processor.py:840} INFO - DAG(s) 'example_branch_labels' retrieved from /home/airflow/.local/lib/python3.8/site-packages/airflow/example_dags/example_branch_labels.py
[2026-03-01T08:10:20.190+0000] {logging_mixin.py:188} INFO - [2026-03-01T08:10:20.190+0000] {dag.py:3036} INFO - Sync 1 DAGs
[2026-03-01T08:10:20.203+0000] {logging_mixin.py:188} INFO - [2026-03-01T08:10:20.203+0000] {dag.py:3823} INFO - Setting next_dagrun for example_branch_labels to 2026-02-28 00:00:00+00:00, run_after=2026-03-01 00:00:00+00:00
[2026-03-01T08:10:20.216+0000] {processor.py:183} INFO - Processing /home/airflow/.local/lib/python3.8/site-packages/airflow/example_dags/example_branch_labels.py took 0.051 seconds
[2026-03-01T08:10:50.760+0000] {processor.py:161} INFO - Started process (PID=413) to work on /home/airflow/.local/lib/python3.8/site-packages/airflow/example_dags/example_branch_labels.py
[2026-03-01T08:10:50.762+0000] {processor.py:830} INFO - Processing file /home/airflow/.local/lib/python3.8/site-packages/airflow/example_dags/example_branch_labels.py for tasks to queue
[2026-03-01T08:10:50.763+0000] {logging_mixin.py:188} INFO - [2026-03-01T08:10:50.763+0000] {dagbag.py:538} INFO - Filling up the DagBag from /home/airflow/.local/lib/python3.8/site-packages/airflow/example_dags/example_branch_labels.py
[2026-03-01T08:10:50.770+0000] {processor.py:840} INFO - DAG(s) 'example_branch_labels' retrieved from /home/airflow/.local/lib/python3.8/site-packages/airflow/example_dags/example_branch_labels.py
[2026-03-01T08:10:50.785+0000] {logging_mixin.py:188} INFO - [2026-03-01T08:10:50.785+0000] {dag.py:3036} INFO - Sync 1 DAGs
[2026-03-01T08:10:50.799+0000] {logging_mixin.py:188} INFO - [2026-03-01T08:10:50.798+0000] {dag.py:3823} INFO - Setting next_dagrun for example_branch_labels to 2026-02-28 00:00:00+00:00, run_after=2026-03-01 00:00:00+00:00
[2026-03-01T08:10:50.811+0000] {processor.py:183} INFO - Processing /home/airflow/.local/lib/python3.8/site-packages/airflow/example_dags/example_branch_labels.py took 0.054 seconds
[2026-03-01T08:11:21.237+0000] {processor.py:161} INFO - Started process (PID=474) to work on /home/airflow/.local/lib/python3.8/site-packages/airflow/example_dags/example_branch_labels.py
[2026-03-01T08:11:21.239+0000] {processor.py:830} INFO - Processing file /home/airflow/.local/lib/python3.8/site-packages/airflow/example_dags/example_branch_labels.py for tasks to queue
[2026-03-01T08:11:21.241+0000] {logging_mixin.py:188} INFO - [2026-03-01T08:11:21.240+0000] {dagbag.py:538} INFO - Filling up the DagBag from /home/airflow/.local/lib/python3.8/site-packages/airflow/example_dags/example_branch_labels.py
[2026-03-01T08:11:21.246+0000] {processor.py:840} INFO - DAG(s) 'example_branch_labels' retrieved from /home/airflow/.local/lib/python3.8/site-packages/airflow/example_dags/example_branch_labels.py
[2026-03-01T08:11:21.260+0000] {logging_mixin.py:188} INFO - [2026-03-01T08:11:21.260+0000] {dag.py:3036} INFO - Sync 1 DAGs
[2026-03-01T08:11:21.274+0000] {logging_mixin.py:188} INFO - [2026-03-01T08:11:21.274+0000] {dag.py:3823} INFO - Setting next_dagrun for example_branch_labels to 2026-02-28 00:00:00+00:00, run_after=2026-03-01 00:00:00+00:00
[2026-03-01T08:11:21.284+0000] {processor.py:183} INFO - Processing /home/airflow/.local/lib/python3.8/site-packages/airflow/example_dags/example_branch_labels.py took 0.049 seconds
[2026-03-01T08:11:51.400+0000] {processor.py:161} INFO - Started process (PID=529) to work on /home/airflow/.local/lib/python3.8/site-packages/airflow/example_dags/example_branch_labels.py
[2026-03-01T08:11:51.401+0000] {processor.py:830} INFO - Processing file /home/airflow/.local/lib/python3.8/site-packages/airflow/example_dags/example_branch_labels.py for tasks to queue
[2026-03-01T08:11:51.403+0000] {logging_mixin.py:188} INFO - [2026-03-01T08:11:51.403+0000] {dagbag.py:538} INFO - Filling up the DagBag from /home/airflow/.local/lib/python3.8/site-packages/airflow/example_dags/example_branch_labels.py
[2026-03-01T08:11:51.408+0000] {processor.py:840} INFO - DAG(s) 'example_branch_labels' retrieved from /home/airflow/.local/lib/python3.8/site-packages/airflow/example_dags/example_branch_labels.py
[2026-03-01T08:11:51.423+0000] {logging_mixin.py:188} INFO - [2026-03-01T08:11:51.423+0000] {dag.py:3036} INFO - Sync 1 DAGs
[2026-03-01T08:11:51.441+0000] {logging_mixin.py:188} INFO - [2026-03-01T08:11:51.441+0000] {dag.py:3823} INFO - Setting next_dagrun for example_branch_labels to 2026-02-28 00:00:00+00:00, run_after=2026-03-01 00:00:00+00:00
[2026-03-01T08:11:51.453+0000] {processor.py:183} INFO - Processing /home/airflow/.local/lib/python3.8/site-packages/airflow/example_dags/example_branch_labels.py took 0.056 seconds
[2026-03-01T08:12:22.414+0000] {processor.py:161} INFO - Started process (PID=613) to work on /home/airflow/.local/lib/python3.8/site-packages/airflow/example_dags/example_branch_labels.py
[2026-03-01T08:12:22.416+0000] {processor.py:830} INFO - Processing file /home/airflow/.local/lib/python3.8/site-packages/airflow/example_dags/example_branch_labels.py for tasks to queue
[2026-03-01T08:12:22.417+0000] {logging_mixin.py:188} INFO - [2026-03-01T08:12:22.417+0000] {dagbag.py:538} INFO - Filling up the DagBag from /home/airflow/.local/lib/python3.8/site-packages/airflow/example_dags/example_branch_labels.py
[2026-03-01T08:12:22.423+0000] {processor.py:840} INFO - DAG(s) 'example_branch_labels' retrieved from /home/airflow/.local/lib/python3.8/site-packages/airflow/example_dags/example_branch_labels.py
[2026-03-01T08:12:22.439+0000] {logging_mixin.py:188} INFO - [2026-03-01T08:12:22.439+0000] {dag.py:3036} INFO - Sync 1 DAGs
[2026-03-01T08:12:22.455+0000] {logging_mixin.py:188} INFO - [2026-03-01T08:12:22.454+0000] {dag.py:3823} INFO - Setting next_dagrun for example_branch_labels to 2026-02-28 00:00:00+00:00, run_after=2026-03-01 00:00:00+00:00
[2026-03-01T08:12:22.468+0000] {processor.py:183} INFO - Processing /home/airflow/.local/lib/python3.8/site-packages/airflow/example_dags/example_branch_labels.py took 0.056 seconds
[2026-03-01T08:12:52.790+0000] {processor.py:161} INFO - Started process (PID=667) to work on /home/airflow/.local/lib/python3.8/site-packages/airflow/example_dags/example_branch_labels.py
[2026-03-01T08:12:52.791+0000] {processor.py:830} INFO - Processing file /home/airflow/.local/lib/python3.8/site-packages/airflow/example_dags/example_branch_labels.py for tasks to queue
[2026-03-01T08:12:52.793+0000] {logging_mixin.py:188} INFO - [2026-03-01T08:12:52.793+0000] {dagbag.py:538} INFO - Filling up the DagBag from /home/airflow/.local/lib/python3.8/site-packages/airflow/example_dags/example_branch_labels.py
[2026-03-01T08:12:52.799+0000] {processor.py:840} INFO - DAG(s) 'example_branch_labels' retrieved from /home/airflow/.local/lib/python3.8/site-packages/airflow/example_dags/example_branch_labels.py
[2026-03-01T08:12:52.815+0000] {logging_mixin.py:188} INFO - [2026-03-01T08:12:52.815+0000] {dag.py:3036} INFO - Sync 1 DAGs
[2026-03-01T08:12:52.829+0000] {logging_mixin.py:188} INFO - [2026-03-01T08:12:52.828+0000] {dag.py:3823} INFO - Setting next_dagrun for example_branch_labels to 2026-02-28 00:00:00+00:00, run_after=2026-03-01 00:00:00+00:00
[2026-03-01T08:12:52.841+0000] {processor.py:183} INFO - Processing /home/airflow/.local/lib/python3.8/site-packages/airflow/example_dags/example_branch_labels.py took 0.053 seconds
[2026-03-01T08:13:22.969+0000] {processor.py:161} INFO - Started process (PID=722) to work on /home/airflow/.local/lib/python3.8/site-packages/airflow/example_dags/example_branch_labels.py
[2026-03-01T08:13:22.970+0000] {processor.py:830} INFO - Processing file /home/airflow/.local/lib/python3.8/site-packages/airflow/example_dags/example_branch_labels.py for tasks to queue
[2026-03-01T08:13:22.972+0000] {logging_mixin.py:188} INFO - [2026-03-01T08:13:22.971+0000] {dagbag.py:538} INFO - Filling up the DagBag from /home/airflow/.local/lib/python3.8/site-packages/airflow/example_dags/example_branch_labels.py
[2026-03-01T08:13:22.979+0000] {processor.py:840} INFO - DAG(s) 'example_branch_labels' retrieved from /home/airflow/.local/lib/python3.8/site-packages/airflow/example_dags/example_branch_labels.py
[2026-03-01T08:13:22.993+0000] {logging_mixin.py:188} INFO - [2026-03-01T08:13:22.993+0000] {dag.py:3036} INFO - Sync 1 DAGs
[2026-03-01T08:13:23.007+0000] {logging_mixin.py:188} INFO - [2026-03-01T08:13:23.007+0000] {dag.py:3823} INFO - Setting next_dagrun for example_branch_labels to 2026-02-28 00:00:00+00:00, run_after=2026-03-01 00:00:00+00:00
[2026-03-01T08:13:23.018+0000] {processor.py:183} INFO - Processing /home/airflow/.local/lib/python3.8/site-packages/airflow/example_dags/example_branch_labels.py took 0.051 seconds
[2026-03-01T08:13:53.304+0000] {processor.py:161} INFO - Started process (PID=800) to work on /home/airflow/.local/lib/python3.8/site-packages/airflow/example_dags/example_branch_labels.py
[2026-03-01T08:13:53.305+0000] {processor.py:830} INFO - Processing file /home/airflow/.local/lib/python3.8/site-packages/airflow/example_dags/example_branch_labels.py for tasks to queue
[2026-03-01T08:13:53.307+0000] {logging_mixin.py:188} INFO - [2026-03-01T08:13:53.306+0000] {dagbag.py:538} INFO - Filling up the DagBag from /home/airflow/.local/lib/python3.8/site-packages/airflow/example_dags/example_branch_labels.py
[2026-03-01T08:13:53.312+0000] {processor.py:840} INFO - DAG(s) 'example_branch_labels' retrieved from /home/airflow/.local/lib/python3.8/site-packages/airflow/example_dags/example_branch_labels.py
[2026-03-01T08:13:53.328+0000] {logging_mixin.py:188} INFO - [2026-03-01T08:13:53.328+0000] {dag.py:3036} INFO - Sync 1 DAGs
[2026-03-01T08:13:53.345+0000] {logging_mixin.py:188} INFO - [2026-03-01T08:13:53.345+0000] {dag.py:3823} INFO - Setting next_dagrun for example_branch_labels to 2026-02-28 00:00:00+00:00, run_after=2026-03-01 00:00:00+00:00
[2026-03-01T08:13:53.365+0000] {processor.py:183} INFO - Processing /home/airflow/.local/lib/python3.8/site-packages/airflow/example_dags/example_branch_labels.py took 0.064 seconds
[2026-03-01T08:14:23.583+0000] {processor.py:161} INFO - Started process (PID=877) to work on /home/airflow/.local/lib/python3.8/site-packages/airflow/example_dags/example_branch_labels.py
[2026-03-01T08:14:23.585+0000] {processor.py:830} INFO - Processing file /home/airflow/.local/lib/python3.8/site-packages/airflow/example_dags/example_branch_labels.py for tasks to queue
[2026-03-01T08:14:23.586+0000] {logging_mixin.py:188} INFO - [2026-03-01T08:14:23.586+0000] {dagbag.py:538} INFO - Filling up the DagBag from /home/airflow/.local/lib/python3.8/site-packages/airflow/example_dags/example_branch_labels.py
[2026-03-01T08:14:23.595+0000] {processor.py:840} INFO - DAG(s) 'example_branch_labels' retrieved from /home/airflow/.local/lib/python3.8/site-packages/airflow/example_dags/example_branch_labels.py
[2026-03-01T08:14:23.605+0000] {logging_mixin.py:188} INFO - [2026-03-01T08:14:23.605+0000] {dag.py:3036} INFO - Sync 1 DAGs
[2026-03-01T08:14:23.623+0000] {logging_mixin.py:188} INFO - [2026-03-01T08:14:23.623+0000] {dag.py:3823} INFO - Setting next_dagrun for example_branch_labels to 2026-02-28 00:00:00+00:00, run_after=2026-03-01 00:00:00+00:00
[2026-03-01T08:14:23.639+0000] {processor.py:183} INFO - Processing /home/airflow/.local/lib/python3.8/site-packages/airflow/example_dags/example_branch_labels.py took 0.058 seconds
[2026-03-01T08:14:54.220+0000] {processor.py:161} INFO - Started process (PID=932) to work on /home/airflow/.local/lib/python3.8/site-packages/airflow/example_dags/example_branch_labels.py
[2026-03-01T08:14:54.222+0000] {processor.py:830} INFO - Processing file /home/airflow/.local/lib/python3.8/site-packages/airflow/example_dags/example_branch_labels.py for tasks to queue
[2026-03-01T08:14:54.223+0000] {logging_mixin.py:188} INFO - [2026-03-01T08:14:54.223+0000] {dagbag.py:538} INFO - Filling up the DagBag from /home/airflow/.local/lib/python3.8/site-packages/airflow/example_dags/example_branch_labels.py
[2026-03-01T08:14:54.228+0000] {processor.py:840} INFO - DAG(s) 'example_branch_labels' retrieved from /home/airflow/.local/lib/python3.8/site-packages/airflow/example_dags/example_branch_labels.py
[2026-03-01T08:14:54.287+0000] {logging_mixin.py:188} INFO - [2026-03-01T08:14:54.287+0000] {dag.py:3036} INFO - Sync 1 DAGs
[2026-03-01T08:14:54.300+0000] {logging_mixin.py:188} INFO - [2026-03-01T08:14:54.300+0000] {dag.py:3823} INFO - Setting next_dagrun for example_branch_labels to 2026-02-28 00:00:00+00:00, run_after=2026-03-01 00:00:00+00:00
[2026-03-01T08:14:54.329+0000] {processor.py:183} INFO - Processing /home/airflow/.local/lib/python3.8/site-packages/airflow/example_dags/example_branch_labels.py took 0.111 seconds
[2026-03-01T08:15:24.790+0000] {processor.py:161} INFO - Started process (PID=987) to work on /home/airflow/.local/lib/python3.8/site-packages/airflow/example_dags/example_branch_labels.py
[2026-03-01T08:15:24.792+0000] {processor.py:830} INFO - Processing file /home/airflow/.local/lib/python3.8/site-packages/airflow/example_dags/example_branch_labels.py for tasks to queue
[2026-03-01T08:15:24.795+0000] {logging_mixin.py:188} INFO - [2026-03-01T08:15:24.795+0000] {dagbag.py:538} INFO - Filling up the DagBag from /home/airflow/.local/lib/python3.8/site-packages/airflow/example_dags/example_branch_labels.py
[2026-03-01T08:15:24.800+0000] {processor.py:840} INFO - DAG(s) 'example_branch_labels' retrieved from /home/airflow/.local/lib/python3.8/site-packages/airflow/example_dags/example_branch_labels.py
[2026-03-01T08:15:24.815+0000] {logging_mixin.py:188} INFO - [2026-03-01T08:15:24.815+0000] {dag.py:3036} INFO - Sync 1 DAGs
[2026-03-01T08:15:24.828+0000] {logging_mixin.py:188} INFO - [2026-03-01T08:15:24.828+0000] {dag.py:3823} INFO - Setting next_dagrun for example_branch_labels to 2026-02-28 00:00:00+00:00, run_after=2026-03-01 00:00:00+00:00
[2026-03-01T08:15:24.840+0000] {processor.py:183} INFO - Processing /home/airflow/.local/lib/python3.8/site-packages/airflow/example_dags/example_branch_labels.py took 0.052 seconds
[2026-03-01T08:15:55.035+0000] {processor.py:161} INFO - Started process (PID=1042) to work on /home/airflow/.local/lib/python3.8/site-packages/airflow/example_dags/example_branch_labels.py
[2026-03-01T08:15:55.036+0000] {processor.py:830} INFO - Processing file /home/airflow/.local/lib/python3.8/site-packages/airflow/example_dags/example_branch_labels.py for tasks to queue
[2026-03-01T08:15:55.037+0000] {logging_mixin.py:188} INFO - [2026-03-01T08:15:55.037+0000] {dagbag.py:538} INFO - Filling up the DagBag from /home/airflow/.local/lib/python3.8/site-packages/airflow/example_dags/example_branch_labels.py
[2026-03-01T08:15:55.044+0000] {processor.py:840} INFO - DAG(s) 'example_branch_labels' retrieved from /home/airflow/.local/lib/python3.8/site-packages/airflow/example_dags/example_branch_labels.py
[2026-03-01T08:15:55.059+0000] {logging_mixin.py:188} INFO - [2026-03-01T08:15:55.058+0000] {dag.py:3036} INFO - Sync 1 DAGs
[2026-03-01T08:15:55.072+0000] {logging_mixin.py:188} INFO - [2026-03-01T08:15:55.072+0000] {dag.py:3823} INFO - Setting next_dagrun for example_branch_labels to 2026-02-28 00:00:00+00:00, run_after=2026-03-01 00:00:00+00:00
[2026-03-01T08:15:55.084+0000] {processor.py:183} INFO - Processing /home/airflow/.local/lib/python3.8/site-packages/airflow/example_dags/example_branch_labels.py took 0.052 seconds
[2026-03-01T08:16:25.423+0000] {processor.py:161} INFO - Started process (PID=1120) to work on /home/airflow/.local/lib/python3.8/site-packages/airflow/example_dags/example_branch_labels.py
[2026-03-01T08:16:25.425+0000] {processor.py:830} INFO - Processing file /home/airflow/.local/lib/python3.8/site-packages/airflow/example_dags/example_branch_labels.py for tasks to queue
[2026-03-01T08:16:25.426+0000] {logging_mixin.py:188} INFO - [2026-03-01T08:16:25.426+0000] {dagbag.py:538} INFO - Filling up the DagBag from /home/airflow/.local/lib/python3.8/site-packages/airflow/example_dags/example_branch_labels.py
[2026-03-01T08:16:25.432+0000] {processor.py:840} INFO - DAG(s) 'example_branch_labels' retrieved from /home/airflow/.local/lib/python3.8/site-packages/airflow/example_dags/example_branch_labels.py
[2026-03-01T08:16:25.448+0000] {logging_mixin.py:188} INFO - [2026-03-01T08:16:25.448+0000] {dag.py:3036} INFO - Sync 1 DAGs
[2026-03-01T08:16:25.464+0000] {logging_mixin.py:188} INFO - [2026-03-01T08:16:25.464+0000] {dag.py:3823} INFO - Setting next_dagrun for example_branch_labels to 2026-02-28 00:00:00+00:00, run_after=2026-03-01 00:00:00+00:00
[2026-03-01T08:16:25.477+0000] {processor.py:183} INFO - Processing /home/airflow/.local/lib/python3.8/site-packages/airflow/example_dags/example_branch_labels.py took 0.057 seconds
[2026-03-01T08:16:55.725+0000] {processor.py:161} INFO - Started process (PID=1181) to work on /home/airflow/.local/lib/python3.8/site-packages/airflow/example_dags/example_branch_labels.py
[2026-03-01T08:16:55.726+0000] {processor.py:830} INFO - Processing file /home/airflow/.local/lib/python3.8/site-packages/airflow/example_dags/example_branch_labels.py for tasks to queue
[2026-03-01T08:16:55.728+0000] {logging_mixin.py:188} INFO - [2026-03-01T08:16:55.727+0000] {dagbag.py:538} INFO - Filling up the DagBag from /home/airflow/.local/lib/python3.8/site-packages/airflow/example_dags/example_branch_labels.py
[2026-03-01T08:16:55.734+0000] {processor.py:840} INFO - DAG(s) 'example_branch_labels' retrieved from /home/airflow/.local/lib/python3.8/site-packages/airflow/example_dags/example_branch_labels.py
[2026-03-01T08:16:55.748+0000] {logging_mixin.py:188} INFO - [2026-03-01T08:16:55.748+0000] {dag.py:3036} INFO - Sync 1 DAGs
[2026-03-01T08:16:55.763+0000] {logging_mixin.py:188} INFO - [2026-03-01T08:16:55.763+0000] {dag.py:3823} INFO - Setting next_dagrun for example_branch_labels to 2026-02-28 00:00:00+00:00, run_after=2026-03-01 00:00:00+00:00
[2026-03-01T08:16:55.774+0000] {processor.py:183} INFO - Processing /home/airflow/.local/lib/python3.8/site-packages/airflow/example_dags/example_branch_labels.py took 0.052 seconds
[2026-03-01T08:17:25.997+0000] {processor.py:161} INFO - Started process (PID=1259) to work on /home/airflow/.local/lib/python3.8/site-packages/airflow/example_dags/example_branch_labels.py
[2026-03-01T08:17:25.998+0000] {processor.py:830} INFO - Processing file /home/airflow/.local/lib/python3.8/site-packages/airflow/example_dags/example_branch_labels.py for tasks to queue
[2026-03-01T08:17:25.999+0000] {logging_mixin.py:188} INFO - [2026-03-01T08:17:25.999+0000] {dagbag.py:538} INFO - Filling up the DagBag from /home/airflow/.local/lib/python3.8/site-packages/airflow/example_dags/example_branch_labels.py
[2026-03-01T08:17:26.005+0000] {processor.py:840} INFO - DAG(s) 'example_branch_labels' retrieved from /home/airflow/.local/lib/python3.8/site-packages/airflow/example_dags/example_branch_labels.py
[2026-03-01T08:17:26.020+0000] {logging_mixin.py:188} INFO - [2026-03-01T08:17:26.020+0000] {dag.py:3036} INFO - Sync 1 DAGs
[2026-03-01T08:17:26.036+0000] {logging_mixin.py:188} INFO - [2026-03-01T08:17:26.036+0000] {dag.py:3823} INFO - Setting next_dagrun for example_branch_labels to 2026-02-28 00:00:00+00:00, run_after=2026-03-01 00:00:00+00:00
[2026-03-01T08:17:26.049+0000] {processor.py:183} INFO - Processing /home/airflow/.local/lib/python3.8/site-packages/airflow/example_dags/example_branch_labels.py took 0.055 seconds
[2026-03-01T08:17:56.331+0000] {processor.py:161} INFO - Started process (PID=1315) to work on /home/airflow/.local/lib/python3.8/site-packages/airflow/example_dags/example_branch_labels.py
[2026-03-01T08:17:56.332+0000] {processor.py:830} INFO - Processing file /home/airflow/.local/lib/python3.8/site-packages/airflow/example_dags/example_branch_labels.py for tasks to queue
[2026-03-01T08:17:56.333+0000] {logging_mixin.py:188} INFO - [2026-03-01T08:17:56.333+0000] {dagbag.py:538} INFO - Filling up the DagBag from /home/airflow/.local/lib/python3.8/site-packages/airflow/example_dags/example_branch_labels.py
[2026-03-01T08:17:56.338+0000] {processor.py:840} INFO - DAG(s) 'example_branch_labels' retrieved from /home/airflow/.local/lib/python3.8/site-packages/airflow/example_dags/example_branch_labels.py
[2026-03-01T08:17:56.353+0000] {logging_mixin.py:188} INFO - [2026-03-01T08:17:56.353+0000] {dag.py:3036} INFO - Sync 1 DAGs
[2026-03-01T08:17:56.367+0000] {logging_mixin.py:188} INFO - [2026-03-01T08:17:56.367+0000] {dag.py:3823} INFO - Setting next_dagrun for example_branch_labels to 2026-02-28 00:00:00+00:00, run_after=2026-03-01 00:00:00+00:00
[2026-03-01T08:17:56.380+0000] {processor.py:183} INFO - Processing /home/airflow/.local/lib/python3.8/site-packages/airflow/example_dags/example_branch_labels.py took 0.051 seconds
[2026-03-01T08:18:26.767+0000] {processor.py:161} INFO - Started process (PID=1371) to work on /home/airflow/.local/lib/python3.8/site-packages/airflow/example_dags/example_branch_labels.py
[2026-03-01T08:18:26.769+0000] {processor.py:830} INFO - Processing file /home/airflow/.local/lib/python3.8/site-packages/airflow/example_dags/example_branch_labels.py for tasks to queue
[2026-03-01T08:18:26.770+0000] {logging_mixin.py:188} INFO - [2026-03-01T08:18:26.770+0000] {dagbag.py:538} INFO - Filling up the DagBag from /home/airflow/.local/lib/python3.8/site-packages/airflow/example_dags/example_branch_labels.py
[2026-03-01T08:18:26.776+0000] {processor.py:840} INFO - DAG(s) 'example_branch_labels' retrieved from /home/airflow/.local/lib/python3.8/site-packages/airflow/example_dags/example_branch_labels.py
[2026-03-01T08:18:26.792+0000] {logging_mixin.py:188} INFO - [2026-03-01T08:18:26.792+0000] {dag.py:3036} INFO - Sync 1 DAGs
[2026-03-01T08:18:26.806+0000] {logging_mixin.py:188} INFO - [2026-03-01T08:18:26.806+0000] {dag.py:3823} INFO - Setting next_dagrun for example_branch_labels to 2026-02-28 00:00:00+00:00, run_after=2026-03-01 00:00:00+00:00
[2026-03-01T08:18:26.823+0000] {processor.py:183} INFO - Processing /home/airflow/.local/lib/python3.8/site-packages/airflow/example_dags/example_branch_labels.py took 0.058 seconds
[2026-03-01T08:18:57.144+0000] {processor.py:161} INFO - Started process (PID=1427) to work on /home/airflow/.local/lib/python3.8/site-packages/airflow/example_dags/example_branch_labels.py
[2026-03-01T08:18:57.145+0000] {processor.py:830} INFO - Processing file /home/airflow/.local/lib/python3.8/site-packages/airflow/example_dags/example_branch_labels.py for tasks to queue
[2026-03-01T08:18:57.147+0000] {logging_mixin.py:188} INFO - [2026-03-01T08:18:57.147+0000] {dagbag.py:538} INFO - Filling up the DagBag from /home/airflow/.local/lib/python3.8/site-packages/airflow/example_dags/example_branch_labels.py
[2026-03-01T08:18:57.152+0000] {processor.py:840} INFO - DAG(s) 'example_branch_labels' retrieved from /home/airflow/.local/lib/python3.8/site-packages/airflow/example_dags/example_branch_labels.py
[2026-03-01T08:18:57.168+0000] {logging_mixin.py:188} INFO - [2026-03-01T08:18:57.168+0000] {dag.py:3036} INFO - Sync 1 DAGs
[2026-03-01T08:18:57.182+0000] {logging_mixin.py:188} INFO - [2026-03-01T08:18:57.182+0000] {dag.py:3823} INFO - Setting next_dagrun for example_branch_labels to 2026-02-28 00:00:00+00:00, run_after=2026-03-01 00:00:00+00:00
[2026-03-01T08:18:57.194+0000] {processor.py:183} INFO - Processing /home/airflow/.local/lib/python3.8/site-packages/airflow/example_dags/example_branch_labels.py took 0.052 seconds
[2026-03-01T08:19:27.382+0000] {processor.py:161} INFO - Started process (PID=1483) to work on /home/airflow/.local/lib/python3.8/site-packages/airflow/example_dags/example_branch_labels.py
[2026-03-01T08:19:27.384+0000] {processor.py:830} INFO - Processing file /home/airflow/.local/lib/python3.8/site-packages/airflow/example_dags/example_branch_labels.py for tasks to queue
[2026-03-01T08:19:27.385+0000] {logging_mixin.py:188} INFO - [2026-03-01T08:19:27.385+0000] {dagbag.py:538} INFO - Filling up the DagBag from /home/airflow/.local/lib/python3.8/site-packages/airflow/example_dags/example_branch_labels.py
[2026-03-01T08:19:27.391+0000] {processor.py:840} INFO - DAG(s) 'example_branch_labels' retrieved from /home/airflow/.local/lib/python3.8/site-packages/airflow/example_dags/example_branch_labels.py
[2026-03-01T08:19:27.407+0000] {logging_mixin.py:188} INFO - [2026-03-01T08:19:27.407+0000] {dag.py:3036} INFO - Sync 1 DAGs
[2026-03-01T08:19:27.421+0000] {logging_mixin.py:188} INFO - [2026-03-01T08:19:27.420+0000] {dag.py:3823} INFO - Setting next_dagrun for example_branch_labels to 2026-02-28 00:00:00+00:00, run_after=2026-03-01 00:00:00+00:00
[2026-03-01T08:19:27.433+0000] {processor.py:183} INFO - Processing /home/airflow/.local/lib/python3.8/site-packages/airflow/example_dags/example_branch_labels.py took 0.053 seconds
[2026-03-01T08:19:57.554+0000] {processor.py:161} INFO - Started process (PID=1539) to work on /home/airflow/.local/lib/python3.8/site-packages/airflow/example_dags/example_branch_labels.py
[2026-03-01T08:19:57.555+0000] {processor.py:830} INFO - Processing file /home/airflow/.local/lib/python3.8/site-packages/airflow/example_dags/example_branch_labels.py for tasks to queue
[2026-03-01T08:19:57.557+0000] {logging_mixin.py:188} INFO - [2026-03-01T08:19:57.557+0000] {dagbag.py:538} INFO - Filling up the DagBag from /home/airflow/.local/lib/python3.8/site-packages/airflow/example_dags/example_branch_labels.py
[2026-03-01T08:19:57.563+0000] {processor.py:840} INFO - DAG(s) 'example_branch_labels' retrieved from /home/airflow/.local/lib/python3.8/site-packages/airflow/example_dags/example_branch_labels.py
[2026-03-01T08:19:57.577+0000] {logging_mixin.py:188} INFO - [2026-03-01T08:19:57.577+0000] {dag.py:3036} INFO - Sync 1 DAGs
[2026-03-01T08:19:57.593+0000] {logging_mixin.py:188} INFO - [2026-03-01T08:19:57.593+0000] {dag.py:3823} INFO - Setting next_dagrun for example_branch_labels to 2026-02-28 00:00:00+00:00, run_after=2026-03-01 00:00:00+00:00
[2026-03-01T08:19:57.605+0000] {processor.py:183} INFO - Processing /home/airflow/.local/lib/python3.8/site-packages/airflow/example_dags/example_branch_labels.py took 0.053 seconds
[2026-03-01T08:20:27.921+0000] {processor.py:161} INFO - Started process (PID=1595) to work on /home/airflow/.local/lib/python3.8/site-packages/airflow/example_dags/example_branch_labels.py
[2026-03-01T08:20:27.922+0000] {processor.py:830} INFO - Processing file /home/airflow/.local/lib/python3.8/site-packages/airflow/example_dags/example_branch_labels.py for tasks to queue
[2026-03-01T08:20:27.923+0000] {logging_mixin.py:188} INFO - [2026-03-01T08:20:27.923+0000] {dagbag.py:538} INFO - Filling up the DagBag from /home/airflow/.local/lib/python3.8/site-packages/airflow/example_dags/example_branch_labels.py
[2026-03-01T08:20:27.929+0000] {processor.py:840} INFO - DAG(s) 'example_branch_labels' retrieved from /home/airflow/.local/lib/python3.8/site-packages/airflow/example_dags/example_branch_labels.py
[2026-03-01T08:20:27.943+0000] {logging_mixin.py:188} INFO - [2026-03-01T08:20:27.943+0000] {dag.py:3036} INFO - Sync 1 DAGs
[2026-03-01T08:20:27.957+0000] {logging_mixin.py:188} INFO - [2026-03-01T08:20:27.957+0000] {dag.py:3823} INFO - Setting next_dagrun for example_branch_labels to 2026-02-28 00:00:00+00:00, run_after=2026-03-01 00:00:00+00:00
[2026-03-01T08:20:27.970+0000] {processor.py:183} INFO - Processing /home/airflow/.local/lib/python3.8/site-packages/airflow/example_dags/example_branch_labels.py took 0.051 seconds
[2026-03-01T08:20:58.926+0000] {processor.py:161} INFO - Started process (PID=1651) to work on /home/airflow/.local/lib/python3.8/site-packages/airflow/example_dags/example_branch_labels.py
[2026-03-01T08:20:58.928+0000] {processor.py:830} INFO - Processing file /home/airflow/.local/lib/python3.8/site-packages/airflow/example_dags/example_branch_labels.py for tasks to queue
[2026-03-01T08:20:58.929+0000] {logging_mixin.py:188} INFO - [2026-03-01T08:20:58.929+0000] {dagbag.py:538} INFO - Filling up the DagBag from /home/airflow/.local/lib/python3.8/site-packages/airflow/example_dags/example_branch_labels.py
[2026-03-01T08:20:58.934+0000] {processor.py:840} INFO - DAG(s) 'example_branch_labels' retrieved from /home/airflow/.local/lib/python3.8/site-packages/airflow/example_dags/example_branch_labels.py
[2026-03-01T08:20:58.948+0000] {logging_mixin.py:188} INFO - [2026-03-01T08:20:58.948+0000] {dag.py:3036} INFO - Sync 1 DAGs
[2026-03-01T08:20:58.961+0000] {logging_mixin.py:188} INFO - [2026-03-01T08:20:58.960+0000] {dag.py:3823} INFO - Setting next_dagrun for example_branch_labels to 2026-02-28 00:00:00+00:00, run_after=2026-03-01 00:00:00+00:00
[2026-03-01T08:20:58.972+0000] {processor.py:183} INFO - Processing /home/airflow/.local/lib/python3.8/site-packages/airflow/example_dags/example_branch_labels.py took 0.048 seconds
[2026-03-01T08:21:29.173+0000] {processor.py:161} INFO - Started process (PID=1707) to work on /home/airflow/.local/lib/python3.8/site-packages/airflow/example_dags/example_branch_labels.py
[2026-03-01T08:21:29.175+0000] {processor.py:830} INFO - Processing file /home/airflow/.local/lib/python3.8/site-packages/airflow/example_dags/example_branch_labels.py for tasks to queue
[2026-03-01T08:21:29.176+0000] {logging_mixin.py:188} INFO - [2026-03-01T08:21:29.176+0000] {dagbag.py:538} INFO - Filling up the DagBag from /home/airflow/.local/lib/python3.8/site-packages/airflow/example_dags/example_branch_labels.py
[2026-03-01T08:21:29.182+0000] {processor.py:840} INFO - DAG(s) 'example_branch_labels' retrieved from /home/airflow/.local/lib/python3.8/site-packages/airflow/example_dags/example_branch_labels.py
[2026-03-01T08:21:29.196+0000] {logging_mixin.py:188} INFO - [2026-03-01T08:21:29.196+0000] {dag.py:3036} INFO - Sync 1 DAGs
[2026-03-01T08:21:29.209+0000] {logging_mixin.py:188} INFO - [2026-03-01T08:21:29.209+0000] {dag.py:3823} INFO - Setting next_dagrun for example_branch_labels to 2026-02-28 00:00:00+00:00, run_after=2026-03-01 00:00:00+00:00
[2026-03-01T08:21:29.220+0000] {processor.py:183} INFO - Processing /home/airflow/.local/lib/python3.8/site-packages/airflow/example_dags/example_branch_labels.py took 0.049 seconds
[2026-03-01T08:21:59.611+0000] {processor.py:161} INFO - Started process (PID=1763) to work on /home/airflow/.local/lib/python3.8/site-packages/airflow/example_dags/example_branch_labels.py
[2026-03-01T08:21:59.613+0000] {processor.py:830} INFO - Processing file /home/airflow/.local/lib/python3.8/site-packages/airflow/example_dags/example_branch_labels.py for tasks to queue
[2026-03-01T08:21:59.615+0000] {logging_mixin.py:188} INFO - [2026-03-01T08:21:59.615+0000] {dagbag.py:538} INFO - Filling up the DagBag from /home/airflow/.local/lib/python3.8/site-packages/airflow/example_dags/example_branch_labels.py
[2026-03-01T08:21:59.621+0000] {processor.py:840} INFO - DAG(s) 'example_branch_labels' retrieved from /home/airflow/.local/lib/python3.8/site-packages/airflow/example_dags/example_branch_labels.py
[2026-03-01T08:21:59.639+0000] {logging_mixin.py:188} INFO - [2026-03-01T08:21:59.639+0000] {dag.py:3036} INFO - Sync 1 DAGs
[2026-03-01T08:21:59.654+0000] {logging_mixin.py:188} INFO - [2026-03-01T08:21:59.654+0000] {dag.py:3823} INFO - Setting next_dagrun for example_branch_labels to 2026-02-28 00:00:00+00:00, run_after=2026-03-01 00:00:00+00:00
[2026-03-01T08:21:59.668+0000] {processor.py:183} INFO - Processing /home/airflow/.local/lib/python3.8/site-packages/airflow/example_dags/example_branch_labels.py took 0.060 seconds
[2026-03-01T08:22:29.933+0000] {processor.py:161} INFO - Started process (PID=1819) to work on /home/airflow/.local/lib/python3.8/site-packages/airflow/example_dags/example_branch_labels.py
[2026-03-01T08:22:29.935+0000] {processor.py:830} INFO - Processing file /home/airflow/.local/lib/python3.8/site-packages/airflow/example_dags/example_branch_labels.py for tasks to queue
[2026-03-01T08:22:29.936+0000] {logging_mixin.py:188} INFO - [2026-03-01T08:22:29.936+0000] {dagbag.py:538} INFO - Filling up the DagBag from /home/airflow/.local/lib/python3.8/site-packages/airflow/example_dags/example_branch_labels.py
[2026-03-01T08:22:29.942+0000] {processor.py:840} INFO - DAG(s) 'example_branch_labels' retrieved from /home/airflow/.local/lib/python3.8/site-packages/airflow/example_dags/example_branch_labels.py
[2026-03-01T08:22:29.960+0000] {logging_mixin.py:188} INFO - [2026-03-01T08:22:29.960+0000] {dag.py:3036} INFO - Sync 1 DAGs
[2026-03-01T08:22:29.976+0000] {logging_mixin.py:188} INFO - [2026-03-01T08:22:29.976+0000] {dag.py:3823} INFO - Setting next_dagrun for example_branch_labels to 2026-02-28 00:00:00+00:00, run_after=2026-03-01 00:00:00+00:00
[2026-03-01T08:22:29.995+0000] {processor.py:183} INFO - Processing /home/airflow/.local/lib/python3.8/site-packages/airflow/example_dags/example_branch_labels.py took 0.064 seconds
[2026-03-01T08:23:00.319+0000] {processor.py:161} INFO - Started process (PID=1875) to work on /home/airflow/.local/lib/python3.8/site-packages/airflow/example_dags/example_branch_labels.py
[2026-03-01T08:23:00.320+0000] {processor.py:830} INFO - Processing file /home/airflow/.local/lib/python3.8/site-packages/airflow/example_dags/example_branch_labels.py for tasks to queue
[2026-03-01T08:23:00.321+0000] {logging_mixin.py:188} INFO - [2026-03-01T08:23:00.321+0000] {dagbag.py:538} INFO - Filling up the DagBag from /home/airflow/.local/lib/python3.8/site-packages/airflow/example_dags/example_branch_labels.py
[2026-03-01T08:23:00.327+0000] {processor.py:840} INFO - DAG(s) 'example_branch_labels' retrieved from /home/airflow/.local/lib/python3.8/site-packages/airflow/example_dags/example_branch_labels.py
[2026-03-01T08:23:00.342+0000] {logging_mixin.py:188} INFO - [2026-03-01T08:23:00.341+0000] {dag.py:3036} INFO - Sync 1 DAGs
[2026-03-01T08:23:00.355+0000] {logging_mixin.py:188} INFO - [2026-03-01T08:23:00.355+0000] {dag.py:3823} INFO - Setting next_dagrun for example_branch_labels to 2026-02-28 00:00:00+00:00, run_after=2026-03-01 00:00:00+00:00
[2026-03-01T08:23:00.367+0000] {processor.py:183} INFO - Processing /home/airflow/.local/lib/python3.8/site-packages/airflow/example_dags/example_branch_labels.py took 0.050 seconds
[2026-03-01T08:23:30.554+0000] {processor.py:161} INFO - Started process (PID=1931) to work on /home/airflow/.local/lib/python3.8/site-packages/airflow/example_dags/example_branch_labels.py
[2026-03-01T08:23:30.556+0000] {processor.py:830} INFO - Processing file /home/airflow/.local/lib/python3.8/site-packages/airflow/example_dags/example_branch_labels.py for tasks to queue
[2026-03-01T08:23:30.558+0000] {logging_mixin.py:188} INFO - [2026-03-01T08:23:30.558+0000] {dagbag.py:538} INFO - Filling up the DagBag from /home/airflow/.local/lib/python3.8/site-packages/airflow/example_dags/example_branch_labels.py
[2026-03-01T08:23:30.565+0000] {processor.py:840} INFO - DAG(s) 'example_branch_labels' retrieved from /home/airflow/.local/lib/python3.8/site-packages/airflow/example_dags/example_branch_labels.py
[2026-03-01T08:23:30.585+0000] {logging_mixin.py:188} INFO - [2026-03-01T08:23:30.585+0000] {dag.py:3036} INFO - Sync 1 DAGs
[2026-03-01T08:23:30.602+0000] {logging_mixin.py:188} INFO - [2026-03-01T08:23:30.602+0000] {dag.py:3823} INFO - Setting next_dagrun for example_branch_labels to 2026-02-28 00:00:00+00:00, run_after=2026-03-01 00:00:00+00:00
[2026-03-01T08:23:30.619+0000] {processor.py:183} INFO - Processing /home/airflow/.local/lib/python3.8/site-packages/airflow/example_dags/example_branch_labels.py took 0.070 seconds
[2026-03-01T08:24:00.887+0000] {processor.py:161} INFO - Started process (PID=1987) to work on /home/airflow/.local/lib/python3.8/site-packages/airflow/example_dags/example_branch_labels.py
[2026-03-01T08:24:00.889+0000] {processor.py:830} INFO - Processing file /home/airflow/.local/lib/python3.8/site-packages/airflow/example_dags/example_branch_labels.py for tasks to queue
[2026-03-01T08:24:00.890+0000] {logging_mixin.py:188} INFO - [2026-03-01T08:24:00.890+0000] {dagbag.py:538} INFO - Filling up the DagBag from /home/airflow/.local/lib/python3.8/site-packages/airflow/example_dags/example_branch_labels.py
[2026-03-01T08:24:00.895+0000] {processor.py:840} INFO - DAG(s) 'example_branch_labels' retrieved from /home/airflow/.local/lib/python3.8/site-packages/airflow/example_dags/example_branch_labels.py
[2026-03-01T08:24:00.910+0000] {logging_mixin.py:188} INFO - [2026-03-01T08:24:00.910+0000] {dag.py:3036} INFO - Sync 1 DAGs
[2026-03-01T08:24:00.924+0000] {logging_mixin.py:188} INFO - [2026-03-01T08:24:00.924+0000] {dag.py:3823} INFO - Setting next_dagrun for example_branch_labels to 2026-02-28 00:00:00+00:00, run_after=2026-03-01 00:00:00+00:00
[2026-03-01T08:24:00.942+0000] {processor.py:183} INFO - Processing /home/airflow/.local/lib/python3.8/site-packages/airflow/example_dags/example_branch_labels.py took 0.057 seconds
[2026-03-01T08:24:31.156+0000] {processor.py:161} INFO - Started process (PID=2043) to work on /home/airflow/.local/lib/python3.8/site-packages/airflow/example_dags/example_branch_labels.py
[2026-03-01T08:24:31.157+0000] {processor.py:830} INFO - Processing file /home/airflow/.local/lib/python3.8/site-packages/airflow/example_dags/example_branch_labels.py for tasks to queue
[2026-03-01T08:24:31.159+0000] {logging_mixin.py:188} INFO - [2026-03-01T08:24:31.159+0000] {dagbag.py:538} INFO - Filling up the DagBag from /home/airflow/.local/lib/python3.8/site-packages/airflow/example_dags/example_branch_labels.py
[2026-03-01T08:24:31.165+0000] {processor.py:840} INFO - DAG(s) 'example_branch_labels' retrieved from /home/airflow/.local/lib/python3.8/site-packages/airflow/example_dags/example_branch_labels.py
[2026-03-01T08:24:31.182+0000] {logging_mixin.py:188} INFO - [2026-03-01T08:24:31.182+0000] {dag.py:3036} INFO - Sync 1 DAGs
[2026-03-01T08:24:31.197+0000] {logging_mixin.py:188} INFO - [2026-03-01T08:24:31.196+0000] {dag.py:3823} INFO - Setting next_dagrun for example_branch_labels to 2026-02-28 00:00:00+00:00, run_after=2026-03-01 00:00:00+00:00
[2026-03-01T08:24:31.211+0000] {processor.py:183} INFO - Processing /home/airflow/.local/lib/python3.8/site-packages/airflow/example_dags/example_branch_labels.py took 0.058 seconds
[2026-03-01T08:25:01.284+0000] {processor.py:161} INFO - Started process (PID=2103) to work on /home/airflow/.local/lib/python3.8/site-packages/airflow/example_dags/example_branch_labels.py
[2026-03-01T08:25:01.285+0000] {processor.py:830} INFO - Processing file /home/airflow/.local/lib/python3.8/site-packages/airflow/example_dags/example_branch_labels.py for tasks to queue
[2026-03-01T08:25:01.287+0000] {logging_mixin.py:188} INFO - [2026-03-01T08:25:01.287+0000] {dagbag.py:538} INFO - Filling up the DagBag from /home/airflow/.local/lib/python3.8/site-packages/airflow/example_dags/example_branch_labels.py
[2026-03-01T08:25:01.292+0000] {processor.py:840} INFO - DAG(s) 'example_branch_labels' retrieved from /home/airflow/.local/lib/python3.8/site-packages/airflow/example_dags/example_branch_labels.py
[2026-03-01T08:25:01.309+0000] {logging_mixin.py:188} INFO - [2026-03-01T08:25:01.309+0000] {dag.py:3036} INFO - Sync 1 DAGs
[2026-03-01T08:25:01.324+0000] {logging_mixin.py:188} INFO - [2026-03-01T08:25:01.324+0000] {dag.py:3823} INFO - Setting next_dagrun for example_branch_labels to 2026-02-28 00:00:00+00:00, run_after=2026-03-01 00:00:00+00:00
[2026-03-01T08:25:01.340+0000] {processor.py:183} INFO - Processing /home/airflow/.local/lib/python3.8/site-packages/airflow/example_dags/example_branch_labels.py took 0.058 seconds
[2026-03-01T08:25:31.683+0000] {processor.py:161} INFO - Started process (PID=2159) to work on /home/airflow/.local/lib/python3.8/site-packages/airflow/example_dags/example_branch_labels.py
[2026-03-01T08:25:31.685+0000] {processor.py:830} INFO - Processing file /home/airflow/.local/lib/python3.8/site-packages/airflow/example_dags/example_branch_labels.py for tasks to queue
[2026-03-01T08:25:31.687+0000] {logging_mixin.py:188} INFO - [2026-03-01T08:25:31.687+0000] {dagbag.py:538} INFO - Filling up the DagBag from /home/airflow/.local/lib/python3.8/site-packages/airflow/example_dags/example_branch_labels.py
[2026-03-01T08:25:31.695+0000] {processor.py:840} INFO - DAG(s) 'example_branch_labels' retrieved from /home/airflow/.local/lib/python3.8/site-packages/airflow/example_dags/example_branch_labels.py
[2026-03-01T08:25:31.712+0000] {logging_mixin.py:188} INFO - [2026-03-01T08:25:31.712+0000] {dag.py:3036} INFO - Sync 1 DAGs
[2026-03-01T08:25:31.729+0000] {logging_mixin.py:188} INFO - [2026-03-01T08:25:31.729+0000] {dag.py:3823} INFO - Setting next_dagrun for example_branch_labels to 2026-02-28 00:00:00+00:00, run_after=2026-03-01 00:00:00+00:00
[2026-03-01T08:25:31.743+0000] {processor.py:183} INFO - Processing /home/airflow/.local/lib/python3.8/site-packages/airflow/example_dags/example_branch_labels.py took 0.063 seconds
[2026-03-01T08:26:01.832+0000] {processor.py:161} INFO - Started process (PID=2215) to work on /home/airflow/.local/lib/python3.8/site-packages/airflow/example_dags/example_branch_labels.py
[2026-03-01T08:26:01.833+0000] {processor.py:830} INFO - Processing file /home/airflow/.local/lib/python3.8/site-packages/airflow/example_dags/example_branch_labels.py for tasks to queue
[2026-03-01T08:26:01.835+0000] {logging_mixin.py:188} INFO - [2026-03-01T08:26:01.834+0000] {dagbag.py:538} INFO - Filling up the DagBag from /home/airflow/.local/lib/python3.8/site-packages/airflow/example_dags/example_branch_labels.py
[2026-03-01T08:26:01.840+0000] {processor.py:840} INFO - DAG(s) 'example_branch_labels' retrieved from /home/airflow/.local/lib/python3.8/site-packages/airflow/example_dags/example_branch_labels.py
[2026-03-01T08:26:01.855+0000] {logging_mixin.py:188} INFO - [2026-03-01T08:26:01.855+0000] {dag.py:3036} INFO - Sync 1 DAGs
[2026-03-01T08:26:01.870+0000] {logging_mixin.py:188} INFO - [2026-03-01T08:26:01.870+0000] {dag.py:3823} INFO - Setting next_dagrun for example_branch_labels to 2026-02-28 00:00:00+00:00, run_after=2026-03-01 00:00:00+00:00
[2026-03-01T08:26:01.884+0000] {processor.py:183} INFO - Processing /home/airflow/.local/lib/python3.8/site-packages/airflow/example_dags/example_branch_labels.py took 0.054 seconds
[2026-03-01T08:26:32.308+0000] {processor.py:161} INFO - Started process (PID=2271) to work on /home/airflow/.local/lib/python3.8/site-packages/airflow/example_dags/example_branch_labels.py
[2026-03-01T08:26:32.309+0000] {processor.py:830} INFO - Processing file /home/airflow/.local/lib/python3.8/site-packages/airflow/example_dags/example_branch_labels.py for tasks to queue
[2026-03-01T08:26:32.310+0000] {logging_mixin.py:188} INFO - [2026-03-01T08:26:32.310+0000] {dagbag.py:538} INFO - Filling up the DagBag from /home/airflow/.local/lib/python3.8/site-packages/airflow/example_dags/example_branch_labels.py
[2026-03-01T08:26:32.315+0000] {processor.py:840} INFO - DAG(s) 'example_branch_labels' retrieved from /home/airflow/.local/lib/python3.8/site-packages/airflow/example_dags/example_branch_labels.py
[2026-03-01T08:26:32.329+0000] {logging_mixin.py:188} INFO - [2026-03-01T08:26:32.329+0000] {dag.py:3036} INFO - Sync 1 DAGs
[2026-03-01T08:26:32.343+0000] {logging_mixin.py:188} INFO - [2026-03-01T08:26:32.343+0000] {dag.py:3823} INFO - Setting next_dagrun for example_branch_labels to 2026-02-28 00:00:00+00:00, run_after=2026-03-01 00:00:00+00:00
[2026-03-01T08:26:32.355+0000] {processor.py:183} INFO - Processing /home/airflow/.local/lib/python3.8/site-packages/airflow/example_dags/example_branch_labels.py took 0.049 seconds
[2026-03-01T08:27:02.643+0000] {processor.py:161} INFO - Started process (PID=2327) to work on /home/airflow/.local/lib/python3.8/site-packages/airflow/example_dags/example_branch_labels.py
[2026-03-01T08:27:02.644+0000] {processor.py:830} INFO - Processing file /home/airflow/.local/lib/python3.8/site-packages/airflow/example_dags/example_branch_labels.py for tasks to queue
[2026-03-01T08:27:02.646+0000] {logging_mixin.py:188} INFO - [2026-03-01T08:27:02.646+0000] {dagbag.py:538} INFO - Filling up the DagBag from /home/airflow/.local/lib/python3.8/site-packages/airflow/example_dags/example_branch_labels.py
[2026-03-01T08:27:02.652+0000] {processor.py:840} INFO - DAG(s) 'example_branch_labels' retrieved from /home/airflow/.local/lib/python3.8/site-packages/airflow/example_dags/example_branch_labels.py
[2026-03-01T08:27:02.667+0000] {logging_mixin.py:188} INFO - [2026-03-01T08:27:02.667+0000] {dag.py:3036} INFO - Sync 1 DAGs
[2026-03-01T08:27:02.679+0000] {logging_mixin.py:188} INFO - [2026-03-01T08:27:02.679+0000] {dag.py:3823} INFO - Setting next_dagrun for example_branch_labels to 2026-02-28 00:00:00+00:00, run_after=2026-03-01 00:00:00+00:00
[2026-03-01T08:27:02.692+0000] {processor.py:183} INFO - Processing /home/airflow/.local/lib/python3.8/site-packages/airflow/example_dags/example_branch_labels.py took 0.051 seconds
[2026-03-01T08:27:32.920+0000] {processor.py:161} INFO - Started process (PID=2382) to work on /home/airflow/.local/lib/python3.8/site-packages/airflow/example_dags/example_branch_labels.py
[2026-03-01T08:27:32.921+0000] {processor.py:830} INFO - Processing file /home/airflow/.local/lib/python3.8/site-packages/airflow/example_dags/example_branch_labels.py for tasks to queue
[2026-03-01T08:27:32.922+0000] {logging_mixin.py:188} INFO - [2026-03-01T08:27:32.922+0000] {dagbag.py:538} INFO - Filling up the DagBag from /home/airflow/.local/lib/python3.8/site-packages/airflow/example_dags/example_branch_labels.py
[2026-03-01T08:27:32.928+0000] {processor.py:840} INFO - DAG(s) 'example_branch_labels' retrieved from /home/airflow/.local/lib/python3.8/site-packages/airflow/example_dags/example_branch_labels.py
[2026-03-01T08:27:32.943+0000] {logging_mixin.py:188} INFO - [2026-03-01T08:27:32.943+0000] {dag.py:3036} INFO - Sync 1 DAGs
[2026-03-01T08:27:32.956+0000] {logging_mixin.py:188} INFO - [2026-03-01T08:27:32.956+0000] {dag.py:3823} INFO - Setting next_dagrun for example_branch_labels to 2026-02-28 00:00:00+00:00, run_after=2026-03-01 00:00:00+00:00
[2026-03-01T08:27:32.970+0000] {processor.py:183} INFO - Processing /home/airflow/.local/lib/python3.8/site-packages/airflow/example_dags/example_branch_labels.py took 0.053 seconds
[2026-03-01T08:28:03.121+0000] {processor.py:161} INFO - Started process (PID=2437) to work on /home/airflow/.local/lib/python3.8/site-packages/airflow/example_dags/example_branch_labels.py
[2026-03-01T08:28:03.122+0000] {processor.py:830} INFO - Processing file /home/airflow/.local/lib/python3.8/site-packages/airflow/example_dags/example_branch_labels.py for tasks to queue
[2026-03-01T08:28:03.124+0000] {logging_mixin.py:188} INFO - [2026-03-01T08:28:03.124+0000] {dagbag.py:538} INFO - Filling up the DagBag from /home/airflow/.local/lib/python3.8/site-packages/airflow/example_dags/example_branch_labels.py
[2026-03-01T08:28:03.131+0000] {processor.py:840} INFO - DAG(s) 'example_branch_labels' retrieved from /home/airflow/.local/lib/python3.8/site-packages/airflow/example_dags/example_branch_labels.py
[2026-03-01T08:28:03.144+0000] {logging_mixin.py:188} INFO - [2026-03-01T08:28:03.144+0000] {dag.py:3036} INFO - Sync 1 DAGs
[2026-03-01T08:28:03.158+0000] {logging_mixin.py:188} INFO - [2026-03-01T08:28:03.158+0000] {dag.py:3823} INFO - Setting next_dagrun for example_branch_labels to 2026-02-28 00:00:00+00:00, run_after=2026-03-01 00:00:00+00:00
[2026-03-01T08:28:03.170+0000] {processor.py:183} INFO - Processing /home/airflow/.local/lib/python3.8/site-packages/airflow/example_dags/example_branch_labels.py took 0.052 seconds
[2026-03-01T08:28:33.300+0000] {processor.py:161} INFO - Started process (PID=2492) to work on /home/airflow/.local/lib/python3.8/site-packages/airflow/example_dags/example_branch_labels.py
[2026-03-01T08:28:33.301+0000] {processor.py:830} INFO - Processing file /home/airflow/.local/lib/python3.8/site-packages/airflow/example_dags/example_branch_labels.py for tasks to queue
[2026-03-01T08:28:33.303+0000] {logging_mixin.py:188} INFO - [2026-03-01T08:28:33.302+0000] {dagbag.py:538} INFO - Filling up the DagBag from /home/airflow/.local/lib/python3.8/site-packages/airflow/example_dags/example_branch_labels.py
[2026-03-01T08:28:33.309+0000] {processor.py:840} INFO - DAG(s) 'example_branch_labels' retrieved from /home/airflow/.local/lib/python3.8/site-packages/airflow/example_dags/example_branch_labels.py
[2026-03-01T08:28:33.323+0000] {logging_mixin.py:188} INFO - [2026-03-01T08:28:33.323+0000] {dag.py:3036} INFO - Sync 1 DAGs
[2026-03-01T08:28:33.337+0000] {logging_mixin.py:188} INFO - [2026-03-01T08:28:33.336+0000] {dag.py:3823} INFO - Setting next_dagrun for example_branch_labels to 2026-02-28 00:00:00+00:00, run_after=2026-03-01 00:00:00+00:00
[2026-03-01T08:28:33.349+0000] {processor.py:183} INFO - Processing /home/airflow/.local/lib/python3.8/site-packages/airflow/example_dags/example_branch_labels.py took 0.051 seconds
[2026-03-01T08:29:03.654+0000] {processor.py:161} INFO - Started process (PID=2548) to work on /home/airflow/.local/lib/python3.8/site-packages/airflow/example_dags/example_branch_labels.py
[2026-03-01T08:29:03.655+0000] {processor.py:830} INFO - Processing file /home/airflow/.local/lib/python3.8/site-packages/airflow/example_dags/example_branch_labels.py for tasks to queue
[2026-03-01T08:29:03.657+0000] {logging_mixin.py:188} INFO - [2026-03-01T08:29:03.656+0000] {dagbag.py:538} INFO - Filling up the DagBag from /home/airflow/.local/lib/python3.8/site-packages/airflow/example_dags/example_branch_labels.py
[2026-03-01T08:29:03.662+0000] {processor.py:840} INFO - DAG(s) 'example_branch_labels' retrieved from /home/airflow/.local/lib/python3.8/site-packages/airflow/example_dags/example_branch_labels.py
[2026-03-01T08:29:03.676+0000] {logging_mixin.py:188} INFO - [2026-03-01T08:29:03.676+0000] {dag.py:3036} INFO - Sync 1 DAGs
[2026-03-01T08:29:03.689+0000] {logging_mixin.py:188} INFO - [2026-03-01T08:29:03.689+0000] {dag.py:3823} INFO - Setting next_dagrun for example_branch_labels to 2026-02-28 00:00:00+00:00, run_after=2026-03-01 00:00:00+00:00
[2026-03-01T08:29:03.702+0000] {processor.py:183} INFO - Processing /home/airflow/.local/lib/python3.8/site-packages/airflow/example_dags/example_branch_labels.py took 0.050 seconds
[2026-03-01T08:29:34.158+0000] {processor.py:161} INFO - Started process (PID=2604) to work on /home/airflow/.local/lib/python3.8/site-packages/airflow/example_dags/example_branch_labels.py
[2026-03-01T08:29:34.159+0000] {processor.py:830} INFO - Processing file /home/airflow/.local/lib/python3.8/site-packages/airflow/example_dags/example_branch_labels.py for tasks to queue
[2026-03-01T08:29:34.161+0000] {logging_mixin.py:188} INFO - [2026-03-01T08:29:34.161+0000] {dagbag.py:538} INFO - Filling up the DagBag from /home/airflow/.local/lib/python3.8/site-packages/airflow/example_dags/example_branch_labels.py
[2026-03-01T08:29:34.166+0000] {processor.py:840} INFO - DAG(s) 'example_branch_labels' retrieved from /home/airflow/.local/lib/python3.8/site-packages/airflow/example_dags/example_branch_labels.py
[2026-03-01T08:29:34.181+0000] {logging_mixin.py:188} INFO - [2026-03-01T08:29:34.181+0000] {dag.py:3036} INFO - Sync 1 DAGs
[2026-03-01T08:29:34.196+0000] {logging_mixin.py:188} INFO - [2026-03-01T08:29:34.196+0000] {dag.py:3823} INFO - Setting next_dagrun for example_branch_labels to 2026-02-28 00:00:00+00:00, run_after=2026-03-01 00:00:00+00:00
[2026-03-01T08:29:34.212+0000] {processor.py:183} INFO - Processing /home/airflow/.local/lib/python3.8/site-packages/airflow/example_dags/example_branch_labels.py took 0.056 seconds
[2026-03-01T08:30:04.915+0000] {processor.py:161} INFO - Started process (PID=2660) to work on /home/airflow/.local/lib/python3.8/site-packages/airflow/example_dags/example_branch_labels.py
[2026-03-01T08:30:04.916+0000] {processor.py:830} INFO - Processing file /home/airflow/.local/lib/python3.8/site-packages/airflow/example_dags/example_branch_labels.py for tasks to queue
[2026-03-01T08:30:04.918+0000] {logging_mixin.py:188} INFO - [2026-03-01T08:30:04.918+0000] {dagbag.py:538} INFO - Filling up the DagBag from /home/airflow/.local/lib/python3.8/site-packages/airflow/example_dags/example_branch_labels.py
[2026-03-01T08:30:04.924+0000] {processor.py:840} INFO - DAG(s) 'example_branch_labels' retrieved from /home/airflow/.local/lib/python3.8/site-packages/airflow/example_dags/example_branch_labels.py
[2026-03-01T08:30:04.938+0000] {logging_mixin.py:188} INFO - [2026-03-01T08:30:04.938+0000] {dag.py:3036} INFO - Sync 1 DAGs
[2026-03-01T08:30:04.953+0000] {logging_mixin.py:188} INFO - [2026-03-01T08:30:04.953+0000] {dag.py:3823} INFO - Setting next_dagrun for example_branch_labels to 2026-02-28 00:00:00+00:00, run_after=2026-03-01 00:00:00+00:00
[2026-03-01T08:30:04.965+0000] {processor.py:183} INFO - Processing /home/airflow/.local/lib/python3.8/site-packages/airflow/example_dags/example_branch_labels.py took 0.052 seconds
