[2026-03-01T08:07:46.828+0000] {processor.py:161} INFO - Started process (PID=65) to work on /home/airflow/.local/lib/python3.8/site-packages/airflow/example_dags/example_external_task_marker_dag.py
[2026-03-01T08:07:46.830+0000] {processor.py:830} INFO - Processing file /home/airflow/.local/lib/python3.8/site-packages/airflow/example_dags/example_external_task_marker_dag.py for tasks to queue
[2026-03-01T08:07:46.832+0000] {logging_mixin.py:188} INFO - [2026-03-01T08:07:46.832+0000] {dagbag.py:538} INFO - Filling up the DagBag from /home/airflow/.local/lib/python3.8/site-packages/airflow/example_dags/example_external_task_marker_dag.py
[2026-03-01T08:07:46.843+0000] {processor.py:840} INFO - DAG(s) 'example_external_task_marker_parent', 'example_external_task_marker_child' retrieved from /home/airflow/.local/lib/python3.8/site-packages/airflow/example_dags/example_external_task_marker_dag.py
[2026-03-01T08:07:46.926+0000] {logging_mixin.py:188} INFO - [2026-03-01T08:07:46.925+0000] {override.py:1769} INFO - Created Permission View: can edit on DAG:example_external_task_marker_parent
[2026-03-01T08:07:46.935+0000] {logging_mixin.py:188} INFO - [2026-03-01T08:07:46.935+0000] {override.py:1769} INFO - Created Permission View: can delete on DAG:example_external_task_marker_parent
[2026-03-01T08:07:46.941+0000] {logging_mixin.py:188} INFO - [2026-03-01T08:07:46.941+0000] {override.py:1769} INFO - Created Permission View: can read on DAG:example_external_task_marker_parent
[2026-03-01T08:07:46.954+0000] {logging_mixin.py:188} INFO - [2026-03-01T08:07:46.954+0000] {override.py:1769} INFO - Created Permission View: can edit on DAG:example_external_task_marker_child
[2026-03-01T08:07:46.960+0000] {logging_mixin.py:188} INFO - [2026-03-01T08:07:46.959+0000] {override.py:1769} INFO - Created Permission View: can delete on DAG:example_external_task_marker_child
[2026-03-01T08:07:46.966+0000] {logging_mixin.py:188} INFO - [2026-03-01T08:07:46.965+0000] {override.py:1769} INFO - Created Permission View: can read on DAG:example_external_task_marker_child
[2026-03-01T08:07:46.966+0000] {logging_mixin.py:188} INFO - [2026-03-01T08:07:46.966+0000] {dag.py:3036} INFO - Sync 2 DAGs
[2026-03-01T08:07:46.976+0000] {logging_mixin.py:188} INFO - [2026-03-01T08:07:46.976+0000] {dag.py:3058} INFO - Creating ORM DAG for example_external_task_marker_parent
[2026-03-01T08:07:46.977+0000] {logging_mixin.py:188} INFO - [2026-03-01T08:07:46.977+0000] {dag.py:3058} INFO - Creating ORM DAG for example_external_task_marker_child
[2026-03-01T08:07:46.977+0000] {logging_mixin.py:188} INFO - [2026-03-01T08:07:46.977+0000] {dag.py:3823} INFO - Setting next_dagrun for example_external_task_marker_child to None, run_after=None
[2026-03-01T08:07:46.978+0000] {logging_mixin.py:188} INFO - [2026-03-01T08:07:46.978+0000] {dag.py:3823} INFO - Setting next_dagrun for example_external_task_marker_parent to None, run_after=None
[2026-03-01T08:07:46.995+0000] {processor.py:183} INFO - Processing /home/airflow/.local/lib/python3.8/site-packages/airflow/example_dags/example_external_task_marker_dag.py took 0.170 seconds
[2026-03-01T08:08:17.940+0000] {processor.py:161} INFO - Started process (PID=121) to work on /home/airflow/.local/lib/python3.8/site-packages/airflow/example_dags/example_external_task_marker_dag.py
[2026-03-01T08:08:17.942+0000] {processor.py:830} INFO - Processing file /home/airflow/.local/lib/python3.8/site-packages/airflow/example_dags/example_external_task_marker_dag.py for tasks to queue
[2026-03-01T08:08:17.943+0000] {logging_mixin.py:188} INFO - [2026-03-01T08:08:17.943+0000] {dagbag.py:538} INFO - Filling up the DagBag from /home/airflow/.local/lib/python3.8/site-packages/airflow/example_dags/example_external_task_marker_dag.py
[2026-03-01T08:08:17.948+0000] {processor.py:840} INFO - DAG(s) 'example_external_task_marker_child', 'example_external_task_marker_parent' retrieved from /home/airflow/.local/lib/python3.8/site-packages/airflow/example_dags/example_external_task_marker_dag.py
[2026-03-01T08:08:17.966+0000] {logging_mixin.py:188} INFO - [2026-03-01T08:08:17.966+0000] {dag.py:3036} INFO - Sync 2 DAGs
[2026-03-01T08:08:17.973+0000] {logging_mixin.py:188} INFO - [2026-03-01T08:08:17.973+0000] {dag.py:3823} INFO - Setting next_dagrun for example_external_task_marker_child to None, run_after=None
[2026-03-01T08:08:17.976+0000] {logging_mixin.py:188} INFO - [2026-03-01T08:08:17.976+0000] {dag.py:3823} INFO - Setting next_dagrun for example_external_task_marker_parent to None, run_after=None
[2026-03-01T08:08:17.986+0000] {processor.py:183} INFO - Processing /home/airflow/.local/lib/python3.8/site-packages/airflow/example_dags/example_external_task_marker_dag.py took 0.048 seconds
[2026-03-01T08:08:48.357+0000] {processor.py:161} INFO - Started process (PID=176) to work on /home/airflow/.local/lib/python3.8/site-packages/airflow/example_dags/example_external_task_marker_dag.py
[2026-03-01T08:08:48.358+0000] {processor.py:830} INFO - Processing file /home/airflow/.local/lib/python3.8/site-packages/airflow/example_dags/example_external_task_marker_dag.py for tasks to queue
[2026-03-01T08:08:48.360+0000] {logging_mixin.py:188} INFO - [2026-03-01T08:08:48.359+0000] {dagbag.py:538} INFO - Filling up the DagBag from /home/airflow/.local/lib/python3.8/site-packages/airflow/example_dags/example_external_task_marker_dag.py
[2026-03-01T08:08:48.364+0000] {processor.py:840} INFO - DAG(s) 'example_external_task_marker_child', 'example_external_task_marker_parent' retrieved from /home/airflow/.local/lib/python3.8/site-packages/airflow/example_dags/example_external_task_marker_dag.py
[2026-03-01T08:08:48.382+0000] {logging_mixin.py:188} INFO - [2026-03-01T08:08:48.382+0000] {dag.py:3036} INFO - Sync 2 DAGs
[2026-03-01T08:08:48.392+0000] {logging_mixin.py:188} INFO - [2026-03-01T08:08:48.392+0000] {dag.py:3823} INFO - Setting next_dagrun for example_external_task_marker_child to None, run_after=None
[2026-03-01T08:08:48.395+0000] {logging_mixin.py:188} INFO - [2026-03-01T08:08:48.395+0000] {dag.py:3823} INFO - Setting next_dagrun for example_external_task_marker_parent to None, run_after=None
[2026-03-01T08:08:48.416+0000] {processor.py:183} INFO - Processing /home/airflow/.local/lib/python3.8/site-packages/airflow/example_dags/example_external_task_marker_dag.py took 0.061 seconds
[2026-03-01T08:09:18.760+0000] {processor.py:161} INFO - Started process (PID=231) to work on /home/airflow/.local/lib/python3.8/site-packages/airflow/example_dags/example_external_task_marker_dag.py
[2026-03-01T08:09:18.761+0000] {processor.py:830} INFO - Processing file /home/airflow/.local/lib/python3.8/site-packages/airflow/example_dags/example_external_task_marker_dag.py for tasks to queue
[2026-03-01T08:09:18.763+0000] {logging_mixin.py:188} INFO - [2026-03-01T08:09:18.763+0000] {dagbag.py:538} INFO - Filling up the DagBag from /home/airflow/.local/lib/python3.8/site-packages/airflow/example_dags/example_external_task_marker_dag.py
[2026-03-01T08:09:18.767+0000] {processor.py:840} INFO - DAG(s) 'example_external_task_marker_parent', 'example_external_task_marker_child' retrieved from /home/airflow/.local/lib/python3.8/site-packages/airflow/example_dags/example_external_task_marker_dag.py
[2026-03-01T08:09:18.785+0000] {logging_mixin.py:188} INFO - [2026-03-01T08:09:18.785+0000] {dag.py:3036} INFO - Sync 2 DAGs
[2026-03-01T08:09:18.794+0000] {logging_mixin.py:188} INFO - [2026-03-01T08:09:18.794+0000] {dag.py:3823} INFO - Setting next_dagrun for example_external_task_marker_child to None, run_after=None
[2026-03-01T08:09:18.797+0000] {logging_mixin.py:188} INFO - [2026-03-01T08:09:18.797+0000] {dag.py:3823} INFO - Setting next_dagrun for example_external_task_marker_parent to None, run_after=None
[2026-03-01T08:09:18.812+0000] {processor.py:183} INFO - Processing /home/airflow/.local/lib/python3.8/site-packages/airflow/example_dags/example_external_task_marker_dag.py took 0.054 seconds
[2026-03-01T08:09:49.045+0000] {processor.py:161} INFO - Started process (PID=286) to work on /home/airflow/.local/lib/python3.8/site-packages/airflow/example_dags/example_external_task_marker_dag.py
[2026-03-01T08:09:49.047+0000] {processor.py:830} INFO - Processing file /home/airflow/.local/lib/python3.8/site-packages/airflow/example_dags/example_external_task_marker_dag.py for tasks to queue
[2026-03-01T08:09:49.049+0000] {logging_mixin.py:188} INFO - [2026-03-01T08:09:49.048+0000] {dagbag.py:538} INFO - Filling up the DagBag from /home/airflow/.local/lib/python3.8/site-packages/airflow/example_dags/example_external_task_marker_dag.py
[2026-03-01T08:09:49.054+0000] {processor.py:840} INFO - DAG(s) 'example_external_task_marker_parent', 'example_external_task_marker_child' retrieved from /home/airflow/.local/lib/python3.8/site-packages/airflow/example_dags/example_external_task_marker_dag.py
[2026-03-01T08:09:49.075+0000] {logging_mixin.py:188} INFO - [2026-03-01T08:09:49.075+0000] {dag.py:3036} INFO - Sync 2 DAGs
[2026-03-01T08:09:49.085+0000] {logging_mixin.py:188} INFO - [2026-03-01T08:09:49.085+0000] {dag.py:3823} INFO - Setting next_dagrun for example_external_task_marker_child to None, run_after=None
[2026-03-01T08:09:49.088+0000] {logging_mixin.py:188} INFO - [2026-03-01T08:09:49.088+0000] {dag.py:3823} INFO - Setting next_dagrun for example_external_task_marker_parent to None, run_after=None
[2026-03-01T08:09:49.110+0000] {processor.py:183} INFO - Processing /home/airflow/.local/lib/python3.8/site-packages/airflow/example_dags/example_external_task_marker_dag.py took 0.068 seconds
[2026-03-01T08:10:19.702+0000] {processor.py:161} INFO - Started process (PID=347) to work on /home/airflow/.local/lib/python3.8/site-packages/airflow/example_dags/example_external_task_marker_dag.py
[2026-03-01T08:10:19.703+0000] {processor.py:830} INFO - Processing file /home/airflow/.local/lib/python3.8/site-packages/airflow/example_dags/example_external_task_marker_dag.py for tasks to queue
[2026-03-01T08:10:19.705+0000] {logging_mixin.py:188} INFO - [2026-03-01T08:10:19.705+0000] {dagbag.py:538} INFO - Filling up the DagBag from /home/airflow/.local/lib/python3.8/site-packages/airflow/example_dags/example_external_task_marker_dag.py
[2026-03-01T08:10:19.709+0000] {processor.py:840} INFO - DAG(s) 'example_external_task_marker_parent', 'example_external_task_marker_child' retrieved from /home/airflow/.local/lib/python3.8/site-packages/airflow/example_dags/example_external_task_marker_dag.py
[2026-03-01T08:10:19.726+0000] {logging_mixin.py:188} INFO - [2026-03-01T08:10:19.725+0000] {dag.py:3036} INFO - Sync 2 DAGs
[2026-03-01T08:10:19.738+0000] {logging_mixin.py:188} INFO - [2026-03-01T08:10:19.738+0000] {dag.py:3823} INFO - Setting next_dagrun for example_external_task_marker_child to None, run_after=None
[2026-03-01T08:10:19.742+0000] {logging_mixin.py:188} INFO - [2026-03-01T08:10:19.741+0000] {dag.py:3823} INFO - Setting next_dagrun for example_external_task_marker_parent to None, run_after=None
[2026-03-01T08:10:19.758+0000] {processor.py:183} INFO - Processing /home/airflow/.local/lib/python3.8/site-packages/airflow/example_dags/example_external_task_marker_dag.py took 0.057 seconds
[2026-03-01T08:10:50.214+0000] {processor.py:161} INFO - Started process (PID=402) to work on /home/airflow/.local/lib/python3.8/site-packages/airflow/example_dags/example_external_task_marker_dag.py
[2026-03-01T08:10:50.215+0000] {processor.py:830} INFO - Processing file /home/airflow/.local/lib/python3.8/site-packages/airflow/example_dags/example_external_task_marker_dag.py for tasks to queue
[2026-03-01T08:10:50.217+0000] {logging_mixin.py:188} INFO - [2026-03-01T08:10:50.216+0000] {dagbag.py:538} INFO - Filling up the DagBag from /home/airflow/.local/lib/python3.8/site-packages/airflow/example_dags/example_external_task_marker_dag.py
[2026-03-01T08:10:50.221+0000] {processor.py:840} INFO - DAG(s) 'example_external_task_marker_parent', 'example_external_task_marker_child' retrieved from /home/airflow/.local/lib/python3.8/site-packages/airflow/example_dags/example_external_task_marker_dag.py
[2026-03-01T08:10:50.240+0000] {logging_mixin.py:188} INFO - [2026-03-01T08:10:50.239+0000] {dag.py:3036} INFO - Sync 2 DAGs
[2026-03-01T08:10:50.247+0000] {logging_mixin.py:188} INFO - [2026-03-01T08:10:50.247+0000] {dag.py:3823} INFO - Setting next_dagrun for example_external_task_marker_child to None, run_after=None
[2026-03-01T08:10:50.251+0000] {logging_mixin.py:188} INFO - [2026-03-01T08:10:50.250+0000] {dag.py:3823} INFO - Setting next_dagrun for example_external_task_marker_parent to None, run_after=None
[2026-03-01T08:10:50.265+0000] {processor.py:183} INFO - Processing /home/airflow/.local/lib/python3.8/site-packages/airflow/example_dags/example_external_task_marker_dag.py took 0.053 seconds
[2026-03-01T08:11:20.629+0000] {processor.py:161} INFO - Started process (PID=463) to work on /home/airflow/.local/lib/python3.8/site-packages/airflow/example_dags/example_external_task_marker_dag.py
[2026-03-01T08:11:20.630+0000] {processor.py:830} INFO - Processing file /home/airflow/.local/lib/python3.8/site-packages/airflow/example_dags/example_external_task_marker_dag.py for tasks to queue
[2026-03-01T08:11:20.632+0000] {logging_mixin.py:188} INFO - [2026-03-01T08:11:20.632+0000] {dagbag.py:538} INFO - Filling up the DagBag from /home/airflow/.local/lib/python3.8/site-packages/airflow/example_dags/example_external_task_marker_dag.py
[2026-03-01T08:11:20.637+0000] {processor.py:840} INFO - DAG(s) 'example_external_task_marker_parent', 'example_external_task_marker_child' retrieved from /home/airflow/.local/lib/python3.8/site-packages/airflow/example_dags/example_external_task_marker_dag.py
[2026-03-01T08:11:20.654+0000] {logging_mixin.py:188} INFO - [2026-03-01T08:11:20.654+0000] {dag.py:3036} INFO - Sync 2 DAGs
[2026-03-01T08:11:20.662+0000] {logging_mixin.py:188} INFO - [2026-03-01T08:11:20.662+0000] {dag.py:3823} INFO - Setting next_dagrun for example_external_task_marker_child to None, run_after=None
[2026-03-01T08:11:20.665+0000] {logging_mixin.py:188} INFO - [2026-03-01T08:11:20.665+0000] {dag.py:3823} INFO - Setting next_dagrun for example_external_task_marker_parent to None, run_after=None
[2026-03-01T08:11:20.676+0000] {processor.py:183} INFO - Processing /home/airflow/.local/lib/python3.8/site-packages/airflow/example_dags/example_external_task_marker_dag.py took 0.049 seconds
[2026-03-01T08:11:50.982+0000] {processor.py:161} INFO - Started process (PID=518) to work on /home/airflow/.local/lib/python3.8/site-packages/airflow/example_dags/example_external_task_marker_dag.py
[2026-03-01T08:11:50.983+0000] {processor.py:830} INFO - Processing file /home/airflow/.local/lib/python3.8/site-packages/airflow/example_dags/example_external_task_marker_dag.py for tasks to queue
[2026-03-01T08:11:50.984+0000] {logging_mixin.py:188} INFO - [2026-03-01T08:11:50.984+0000] {dagbag.py:538} INFO - Filling up the DagBag from /home/airflow/.local/lib/python3.8/site-packages/airflow/example_dags/example_external_task_marker_dag.py
[2026-03-01T08:11:50.988+0000] {processor.py:840} INFO - DAG(s) 'example_external_task_marker_child', 'example_external_task_marker_parent' retrieved from /home/airflow/.local/lib/python3.8/site-packages/airflow/example_dags/example_external_task_marker_dag.py
[2026-03-01T08:11:51.004+0000] {logging_mixin.py:188} INFO - [2026-03-01T08:11:51.004+0000] {dag.py:3036} INFO - Sync 2 DAGs
[2026-03-01T08:11:51.014+0000] {logging_mixin.py:188} INFO - [2026-03-01T08:11:51.014+0000] {dag.py:3823} INFO - Setting next_dagrun for example_external_task_marker_child to None, run_after=None
[2026-03-01T08:11:51.017+0000] {logging_mixin.py:188} INFO - [2026-03-01T08:11:51.017+0000] {dag.py:3823} INFO - Setting next_dagrun for example_external_task_marker_parent to None, run_after=None
[2026-03-01T08:11:51.035+0000] {processor.py:183} INFO - Processing /home/airflow/.local/lib/python3.8/site-packages/airflow/example_dags/example_external_task_marker_dag.py took 0.056 seconds
[2026-03-01T08:12:21.996+0000] {processor.py:161} INFO - Started process (PID=602) to work on /home/airflow/.local/lib/python3.8/site-packages/airflow/example_dags/example_external_task_marker_dag.py
[2026-03-01T08:12:21.997+0000] {processor.py:830} INFO - Processing file /home/airflow/.local/lib/python3.8/site-packages/airflow/example_dags/example_external_task_marker_dag.py for tasks to queue
[2026-03-01T08:12:21.999+0000] {logging_mixin.py:188} INFO - [2026-03-01T08:12:21.999+0000] {dagbag.py:538} INFO - Filling up the DagBag from /home/airflow/.local/lib/python3.8/site-packages/airflow/example_dags/example_external_task_marker_dag.py
[2026-03-01T08:12:22.003+0000] {processor.py:840} INFO - DAG(s) 'example_external_task_marker_parent', 'example_external_task_marker_child' retrieved from /home/airflow/.local/lib/python3.8/site-packages/airflow/example_dags/example_external_task_marker_dag.py
[2026-03-01T08:12:22.022+0000] {logging_mixin.py:188} INFO - [2026-03-01T08:12:22.022+0000] {dag.py:3036} INFO - Sync 2 DAGs
[2026-03-01T08:12:22.031+0000] {logging_mixin.py:188} INFO - [2026-03-01T08:12:22.031+0000] {dag.py:3823} INFO - Setting next_dagrun for example_external_task_marker_child to None, run_after=None
[2026-03-01T08:12:22.034+0000] {logging_mixin.py:188} INFO - [2026-03-01T08:12:22.034+0000] {dag.py:3823} INFO - Setting next_dagrun for example_external_task_marker_parent to None, run_after=None
[2026-03-01T08:12:22.053+0000] {processor.py:183} INFO - Processing /home/airflow/.local/lib/python3.8/site-packages/airflow/example_dags/example_external_task_marker_dag.py took 0.060 seconds
[2026-03-01T08:12:52.311+0000] {processor.py:161} INFO - Started process (PID=656) to work on /home/airflow/.local/lib/python3.8/site-packages/airflow/example_dags/example_external_task_marker_dag.py
[2026-03-01T08:12:52.312+0000] {processor.py:830} INFO - Processing file /home/airflow/.local/lib/python3.8/site-packages/airflow/example_dags/example_external_task_marker_dag.py for tasks to queue
[2026-03-01T08:12:52.313+0000] {logging_mixin.py:188} INFO - [2026-03-01T08:12:52.313+0000] {dagbag.py:538} INFO - Filling up the DagBag from /home/airflow/.local/lib/python3.8/site-packages/airflow/example_dags/example_external_task_marker_dag.py
[2026-03-01T08:12:52.317+0000] {processor.py:840} INFO - DAG(s) 'example_external_task_marker_child', 'example_external_task_marker_parent' retrieved from /home/airflow/.local/lib/python3.8/site-packages/airflow/example_dags/example_external_task_marker_dag.py
[2026-03-01T08:12:52.333+0000] {logging_mixin.py:188} INFO - [2026-03-01T08:12:52.333+0000] {dag.py:3036} INFO - Sync 2 DAGs
[2026-03-01T08:12:52.341+0000] {logging_mixin.py:188} INFO - [2026-03-01T08:12:52.341+0000] {dag.py:3823} INFO - Setting next_dagrun for example_external_task_marker_child to None, run_after=None
[2026-03-01T08:12:52.344+0000] {logging_mixin.py:188} INFO - [2026-03-01T08:12:52.344+0000] {dag.py:3823} INFO - Setting next_dagrun for example_external_task_marker_parent to None, run_after=None
[2026-03-01T08:12:52.354+0000] {processor.py:183} INFO - Processing /home/airflow/.local/lib/python3.8/site-packages/airflow/example_dags/example_external_task_marker_dag.py took 0.046 seconds
[2026-03-01T08:13:22.507+0000] {processor.py:161} INFO - Started process (PID=711) to work on /home/airflow/.local/lib/python3.8/site-packages/airflow/example_dags/example_external_task_marker_dag.py
[2026-03-01T08:13:22.508+0000] {processor.py:830} INFO - Processing file /home/airflow/.local/lib/python3.8/site-packages/airflow/example_dags/example_external_task_marker_dag.py for tasks to queue
[2026-03-01T08:13:22.511+0000] {logging_mixin.py:188} INFO - [2026-03-01T08:13:22.511+0000] {dagbag.py:538} INFO - Filling up the DagBag from /home/airflow/.local/lib/python3.8/site-packages/airflow/example_dags/example_external_task_marker_dag.py
[2026-03-01T08:13:22.515+0000] {processor.py:840} INFO - DAG(s) 'example_external_task_marker_child', 'example_external_task_marker_parent' retrieved from /home/airflow/.local/lib/python3.8/site-packages/airflow/example_dags/example_external_task_marker_dag.py
[2026-03-01T08:13:22.533+0000] {logging_mixin.py:188} INFO - [2026-03-01T08:13:22.533+0000] {dag.py:3036} INFO - Sync 2 DAGs
[2026-03-01T08:13:22.542+0000] {logging_mixin.py:188} INFO - [2026-03-01T08:13:22.541+0000] {dag.py:3823} INFO - Setting next_dagrun for example_external_task_marker_child to None, run_after=None
[2026-03-01T08:13:22.545+0000] {logging_mixin.py:188} INFO - [2026-03-01T08:13:22.545+0000] {dag.py:3823} INFO - Setting next_dagrun for example_external_task_marker_parent to None, run_after=None
[2026-03-01T08:13:22.558+0000] {processor.py:183} INFO - Processing /home/airflow/.local/lib/python3.8/site-packages/airflow/example_dags/example_external_task_marker_dag.py took 0.054 seconds
[2026-03-01T08:13:52.820+0000] {processor.py:161} INFO - Started process (PID=789) to work on /home/airflow/.local/lib/python3.8/site-packages/airflow/example_dags/example_external_task_marker_dag.py
[2026-03-01T08:13:52.822+0000] {processor.py:830} INFO - Processing file /home/airflow/.local/lib/python3.8/site-packages/airflow/example_dags/example_external_task_marker_dag.py for tasks to queue
[2026-03-01T08:13:52.824+0000] {logging_mixin.py:188} INFO - [2026-03-01T08:13:52.823+0000] {dagbag.py:538} INFO - Filling up the DagBag from /home/airflow/.local/lib/python3.8/site-packages/airflow/example_dags/example_external_task_marker_dag.py
[2026-03-01T08:13:52.828+0000] {processor.py:840} INFO - DAG(s) 'example_external_task_marker_child', 'example_external_task_marker_parent' retrieved from /home/airflow/.local/lib/python3.8/site-packages/airflow/example_dags/example_external_task_marker_dag.py
[2026-03-01T08:13:52.848+0000] {logging_mixin.py:188} INFO - [2026-03-01T08:13:52.847+0000] {dag.py:3036} INFO - Sync 2 DAGs
[2026-03-01T08:13:52.856+0000] {logging_mixin.py:188} INFO - [2026-03-01T08:13:52.856+0000] {dag.py:3823} INFO - Setting next_dagrun for example_external_task_marker_child to None, run_after=None
[2026-03-01T08:13:52.858+0000] {logging_mixin.py:188} INFO - [2026-03-01T08:13:52.858+0000] {dag.py:3823} INFO - Setting next_dagrun for example_external_task_marker_parent to None, run_after=None
[2026-03-01T08:13:52.870+0000] {processor.py:183} INFO - Processing /home/airflow/.local/lib/python3.8/site-packages/airflow/example_dags/example_external_task_marker_dag.py took 0.053 seconds
[2026-03-01T08:14:23.107+0000] {processor.py:161} INFO - Started process (PID=866) to work on /home/airflow/.local/lib/python3.8/site-packages/airflow/example_dags/example_external_task_marker_dag.py
[2026-03-01T08:14:23.108+0000] {processor.py:830} INFO - Processing file /home/airflow/.local/lib/python3.8/site-packages/airflow/example_dags/example_external_task_marker_dag.py for tasks to queue
[2026-03-01T08:14:23.110+0000] {logging_mixin.py:188} INFO - [2026-03-01T08:14:23.109+0000] {dagbag.py:538} INFO - Filling up the DagBag from /home/airflow/.local/lib/python3.8/site-packages/airflow/example_dags/example_external_task_marker_dag.py
[2026-03-01T08:14:23.114+0000] {processor.py:840} INFO - DAG(s) 'example_external_task_marker_child', 'example_external_task_marker_parent' retrieved from /home/airflow/.local/lib/python3.8/site-packages/airflow/example_dags/example_external_task_marker_dag.py
[2026-03-01T08:14:23.124+0000] {logging_mixin.py:188} INFO - [2026-03-01T08:14:23.124+0000] {dag.py:3036} INFO - Sync 2 DAGs
[2026-03-01T08:14:23.133+0000] {logging_mixin.py:188} INFO - [2026-03-01T08:14:23.133+0000] {dag.py:3823} INFO - Setting next_dagrun for example_external_task_marker_child to None, run_after=None
[2026-03-01T08:14:23.135+0000] {logging_mixin.py:188} INFO - [2026-03-01T08:14:23.135+0000] {dag.py:3823} INFO - Setting next_dagrun for example_external_task_marker_parent to None, run_after=None
[2026-03-01T08:14:23.146+0000] {processor.py:183} INFO - Processing /home/airflow/.local/lib/python3.8/site-packages/airflow/example_dags/example_external_task_marker_dag.py took 0.041 seconds
[2026-03-01T08:14:53.478+0000] {processor.py:161} INFO - Started process (PID=921) to work on /home/airflow/.local/lib/python3.8/site-packages/airflow/example_dags/example_external_task_marker_dag.py
[2026-03-01T08:14:53.479+0000] {processor.py:830} INFO - Processing file /home/airflow/.local/lib/python3.8/site-packages/airflow/example_dags/example_external_task_marker_dag.py for tasks to queue
[2026-03-01T08:14:53.481+0000] {logging_mixin.py:188} INFO - [2026-03-01T08:14:53.481+0000] {dagbag.py:538} INFO - Filling up the DagBag from /home/airflow/.local/lib/python3.8/site-packages/airflow/example_dags/example_external_task_marker_dag.py
[2026-03-01T08:14:53.485+0000] {processor.py:840} INFO - DAG(s) 'example_external_task_marker_child', 'example_external_task_marker_parent' retrieved from /home/airflow/.local/lib/python3.8/site-packages/airflow/example_dags/example_external_task_marker_dag.py
[2026-03-01T08:14:53.552+0000] {logging_mixin.py:188} INFO - [2026-03-01T08:14:53.552+0000] {dag.py:3036} INFO - Sync 2 DAGs
[2026-03-01T08:14:53.558+0000] {logging_mixin.py:188} INFO - [2026-03-01T08:14:53.558+0000] {dag.py:3823} INFO - Setting next_dagrun for example_external_task_marker_child to None, run_after=None
[2026-03-01T08:14:53.560+0000] {logging_mixin.py:188} INFO - [2026-03-01T08:14:53.560+0000] {dag.py:3823} INFO - Setting next_dagrun for example_external_task_marker_parent to None, run_after=None
[2026-03-01T08:14:53.571+0000] {processor.py:183} INFO - Processing /home/airflow/.local/lib/python3.8/site-packages/airflow/example_dags/example_external_task_marker_dag.py took 0.096 seconds
[2026-03-01T08:15:24.367+0000] {processor.py:161} INFO - Started process (PID=976) to work on /home/airflow/.local/lib/python3.8/site-packages/airflow/example_dags/example_external_task_marker_dag.py
[2026-03-01T08:15:24.368+0000] {processor.py:830} INFO - Processing file /home/airflow/.local/lib/python3.8/site-packages/airflow/example_dags/example_external_task_marker_dag.py for tasks to queue
[2026-03-01T08:15:24.370+0000] {logging_mixin.py:188} INFO - [2026-03-01T08:15:24.370+0000] {dagbag.py:538} INFO - Filling up the DagBag from /home/airflow/.local/lib/python3.8/site-packages/airflow/example_dags/example_external_task_marker_dag.py
[2026-03-01T08:15:24.374+0000] {processor.py:840} INFO - DAG(s) 'example_external_task_marker_child', 'example_external_task_marker_parent' retrieved from /home/airflow/.local/lib/python3.8/site-packages/airflow/example_dags/example_external_task_marker_dag.py
[2026-03-01T08:15:24.390+0000] {logging_mixin.py:188} INFO - [2026-03-01T08:15:24.390+0000] {dag.py:3036} INFO - Sync 2 DAGs
[2026-03-01T08:15:24.397+0000] {logging_mixin.py:188} INFO - [2026-03-01T08:15:24.397+0000] {dag.py:3823} INFO - Setting next_dagrun for example_external_task_marker_child to None, run_after=None
[2026-03-01T08:15:24.399+0000] {logging_mixin.py:188} INFO - [2026-03-01T08:15:24.399+0000] {dag.py:3823} INFO - Setting next_dagrun for example_external_task_marker_parent to None, run_after=None
[2026-03-01T08:15:24.411+0000] {processor.py:183} INFO - Processing /home/airflow/.local/lib/python3.8/site-packages/airflow/example_dags/example_external_task_marker_dag.py took 0.046 seconds
[2026-03-01T08:15:54.583+0000] {processor.py:161} INFO - Started process (PID=1031) to work on /home/airflow/.local/lib/python3.8/site-packages/airflow/example_dags/example_external_task_marker_dag.py
[2026-03-01T08:15:54.584+0000] {processor.py:830} INFO - Processing file /home/airflow/.local/lib/python3.8/site-packages/airflow/example_dags/example_external_task_marker_dag.py for tasks to queue
[2026-03-01T08:15:54.586+0000] {logging_mixin.py:188} INFO - [2026-03-01T08:15:54.586+0000] {dagbag.py:538} INFO - Filling up the DagBag from /home/airflow/.local/lib/python3.8/site-packages/airflow/example_dags/example_external_task_marker_dag.py
[2026-03-01T08:15:54.590+0000] {processor.py:840} INFO - DAG(s) 'example_external_task_marker_child', 'example_external_task_marker_parent' retrieved from /home/airflow/.local/lib/python3.8/site-packages/airflow/example_dags/example_external_task_marker_dag.py
[2026-03-01T08:15:54.605+0000] {logging_mixin.py:188} INFO - [2026-03-01T08:15:54.605+0000] {dag.py:3036} INFO - Sync 2 DAGs
[2026-03-01T08:15:54.613+0000] {logging_mixin.py:188} INFO - [2026-03-01T08:15:54.613+0000] {dag.py:3823} INFO - Setting next_dagrun for example_external_task_marker_child to None, run_after=None
[2026-03-01T08:15:54.615+0000] {logging_mixin.py:188} INFO - [2026-03-01T08:15:54.615+0000] {dag.py:3823} INFO - Setting next_dagrun for example_external_task_marker_parent to None, run_after=None
[2026-03-01T08:15:54.626+0000] {processor.py:183} INFO - Processing /home/airflow/.local/lib/python3.8/site-packages/airflow/example_dags/example_external_task_marker_dag.py took 0.045 seconds
[2026-03-01T08:16:24.875+0000] {processor.py:161} INFO - Started process (PID=1109) to work on /home/airflow/.local/lib/python3.8/site-packages/airflow/example_dags/example_external_task_marker_dag.py
[2026-03-01T08:16:24.877+0000] {processor.py:830} INFO - Processing file /home/airflow/.local/lib/python3.8/site-packages/airflow/example_dags/example_external_task_marker_dag.py for tasks to queue
[2026-03-01T08:16:24.878+0000] {logging_mixin.py:188} INFO - [2026-03-01T08:16:24.878+0000] {dagbag.py:538} INFO - Filling up the DagBag from /home/airflow/.local/lib/python3.8/site-packages/airflow/example_dags/example_external_task_marker_dag.py
[2026-03-01T08:16:24.883+0000] {processor.py:840} INFO - DAG(s) 'example_external_task_marker_child', 'example_external_task_marker_parent' retrieved from /home/airflow/.local/lib/python3.8/site-packages/airflow/example_dags/example_external_task_marker_dag.py
[2026-03-01T08:16:24.905+0000] {logging_mixin.py:188} INFO - [2026-03-01T08:16:24.905+0000] {dag.py:3036} INFO - Sync 2 DAGs
[2026-03-01T08:16:24.915+0000] {logging_mixin.py:188} INFO - [2026-03-01T08:16:24.915+0000] {dag.py:3823} INFO - Setting next_dagrun for example_external_task_marker_child to None, run_after=None
[2026-03-01T08:16:24.918+0000] {logging_mixin.py:188} INFO - [2026-03-01T08:16:24.918+0000] {dag.py:3823} INFO - Setting next_dagrun for example_external_task_marker_parent to None, run_after=None
[2026-03-01T08:16:24.934+0000] {processor.py:183} INFO - Processing /home/airflow/.local/lib/python3.8/site-packages/airflow/example_dags/example_external_task_marker_dag.py took 0.061 seconds
[2026-03-01T08:16:55.230+0000] {processor.py:161} INFO - Started process (PID=1170) to work on /home/airflow/.local/lib/python3.8/site-packages/airflow/example_dags/example_external_task_marker_dag.py
[2026-03-01T08:16:55.231+0000] {processor.py:830} INFO - Processing file /home/airflow/.local/lib/python3.8/site-packages/airflow/example_dags/example_external_task_marker_dag.py for tasks to queue
[2026-03-01T08:16:55.233+0000] {logging_mixin.py:188} INFO - [2026-03-01T08:16:55.233+0000] {dagbag.py:538} INFO - Filling up the DagBag from /home/airflow/.local/lib/python3.8/site-packages/airflow/example_dags/example_external_task_marker_dag.py
[2026-03-01T08:16:55.237+0000] {processor.py:840} INFO - DAG(s) 'example_external_task_marker_parent', 'example_external_task_marker_child' retrieved from /home/airflow/.local/lib/python3.8/site-packages/airflow/example_dags/example_external_task_marker_dag.py
[2026-03-01T08:16:55.256+0000] {logging_mixin.py:188} INFO - [2026-03-01T08:16:55.256+0000] {dag.py:3036} INFO - Sync 2 DAGs
[2026-03-01T08:16:55.264+0000] {logging_mixin.py:188} INFO - [2026-03-01T08:16:55.264+0000] {dag.py:3823} INFO - Setting next_dagrun for example_external_task_marker_child to None, run_after=None
[2026-03-01T08:16:55.267+0000] {logging_mixin.py:188} INFO - [2026-03-01T08:16:55.267+0000] {dag.py:3823} INFO - Setting next_dagrun for example_external_task_marker_parent to None, run_after=None
[2026-03-01T08:16:55.278+0000] {processor.py:183} INFO - Processing /home/airflow/.local/lib/python3.8/site-packages/airflow/example_dags/example_external_task_marker_dag.py took 0.051 seconds
[2026-03-01T08:17:25.505+0000] {processor.py:161} INFO - Started process (PID=1248) to work on /home/airflow/.local/lib/python3.8/site-packages/airflow/example_dags/example_external_task_marker_dag.py
[2026-03-01T08:17:25.507+0000] {processor.py:830} INFO - Processing file /home/airflow/.local/lib/python3.8/site-packages/airflow/example_dags/example_external_task_marker_dag.py for tasks to queue
[2026-03-01T08:17:25.508+0000] {logging_mixin.py:188} INFO - [2026-03-01T08:17:25.508+0000] {dagbag.py:538} INFO - Filling up the DagBag from /home/airflow/.local/lib/python3.8/site-packages/airflow/example_dags/example_external_task_marker_dag.py
[2026-03-01T08:17:25.515+0000] {processor.py:840} INFO - DAG(s) 'example_external_task_marker_child', 'example_external_task_marker_parent' retrieved from /home/airflow/.local/lib/python3.8/site-packages/airflow/example_dags/example_external_task_marker_dag.py
[2026-03-01T08:17:25.536+0000] {logging_mixin.py:188} INFO - [2026-03-01T08:17:25.536+0000] {dag.py:3036} INFO - Sync 2 DAGs
[2026-03-01T08:17:25.544+0000] {logging_mixin.py:188} INFO - [2026-03-01T08:17:25.544+0000] {dag.py:3823} INFO - Setting next_dagrun for example_external_task_marker_child to None, run_after=None
[2026-03-01T08:17:25.547+0000] {logging_mixin.py:188} INFO - [2026-03-01T08:17:25.547+0000] {dag.py:3823} INFO - Setting next_dagrun for example_external_task_marker_parent to None, run_after=None
[2026-03-01T08:17:25.560+0000] {processor.py:183} INFO - Processing /home/airflow/.local/lib/python3.8/site-packages/airflow/example_dags/example_external_task_marker_dag.py took 0.057 seconds
[2026-03-01T08:17:55.733+0000] {processor.py:161} INFO - Started process (PID=1304) to work on /home/airflow/.local/lib/python3.8/site-packages/airflow/example_dags/example_external_task_marker_dag.py
[2026-03-01T08:17:55.734+0000] {processor.py:830} INFO - Processing file /home/airflow/.local/lib/python3.8/site-packages/airflow/example_dags/example_external_task_marker_dag.py for tasks to queue
[2026-03-01T08:17:55.736+0000] {logging_mixin.py:188} INFO - [2026-03-01T08:17:55.736+0000] {dagbag.py:538} INFO - Filling up the DagBag from /home/airflow/.local/lib/python3.8/site-packages/airflow/example_dags/example_external_task_marker_dag.py
[2026-03-01T08:17:55.740+0000] {processor.py:840} INFO - DAG(s) 'example_external_task_marker_parent', 'example_external_task_marker_child' retrieved from /home/airflow/.local/lib/python3.8/site-packages/airflow/example_dags/example_external_task_marker_dag.py
[2026-03-01T08:17:55.757+0000] {logging_mixin.py:188} INFO - [2026-03-01T08:17:55.757+0000] {dag.py:3036} INFO - Sync 2 DAGs
[2026-03-01T08:17:55.765+0000] {logging_mixin.py:188} INFO - [2026-03-01T08:17:55.765+0000] {dag.py:3823} INFO - Setting next_dagrun for example_external_task_marker_child to None, run_after=None
[2026-03-01T08:17:55.768+0000] {logging_mixin.py:188} INFO - [2026-03-01T08:17:55.768+0000] {dag.py:3823} INFO - Setting next_dagrun for example_external_task_marker_parent to None, run_after=None
[2026-03-01T08:17:55.783+0000] {processor.py:183} INFO - Processing /home/airflow/.local/lib/python3.8/site-packages/airflow/example_dags/example_external_task_marker_dag.py took 0.052 seconds
[2026-03-01T08:18:26.210+0000] {processor.py:161} INFO - Started process (PID=1360) to work on /home/airflow/.local/lib/python3.8/site-packages/airflow/example_dags/example_external_task_marker_dag.py
[2026-03-01T08:18:26.211+0000] {processor.py:830} INFO - Processing file /home/airflow/.local/lib/python3.8/site-packages/airflow/example_dags/example_external_task_marker_dag.py for tasks to queue
[2026-03-01T08:18:26.212+0000] {logging_mixin.py:188} INFO - [2026-03-01T08:18:26.212+0000] {dagbag.py:538} INFO - Filling up the DagBag from /home/airflow/.local/lib/python3.8/site-packages/airflow/example_dags/example_external_task_marker_dag.py
[2026-03-01T08:18:26.216+0000] {processor.py:840} INFO - DAG(s) 'example_external_task_marker_child', 'example_external_task_marker_parent' retrieved from /home/airflow/.local/lib/python3.8/site-packages/airflow/example_dags/example_external_task_marker_dag.py
[2026-03-01T08:18:26.233+0000] {logging_mixin.py:188} INFO - [2026-03-01T08:18:26.233+0000] {dag.py:3036} INFO - Sync 2 DAGs
[2026-03-01T08:18:26.240+0000] {logging_mixin.py:188} INFO - [2026-03-01T08:18:26.240+0000] {dag.py:3823} INFO - Setting next_dagrun for example_external_task_marker_child to None, run_after=None
[2026-03-01T08:18:26.243+0000] {logging_mixin.py:188} INFO - [2026-03-01T08:18:26.243+0000] {dag.py:3823} INFO - Setting next_dagrun for example_external_task_marker_parent to None, run_after=None
[2026-03-01T08:18:26.254+0000] {processor.py:183} INFO - Processing /home/airflow/.local/lib/python3.8/site-packages/airflow/example_dags/example_external_task_marker_dag.py took 0.047 seconds
[2026-03-01T08:18:56.623+0000] {processor.py:161} INFO - Started process (PID=1416) to work on /home/airflow/.local/lib/python3.8/site-packages/airflow/example_dags/example_external_task_marker_dag.py
[2026-03-01T08:18:56.624+0000] {processor.py:830} INFO - Processing file /home/airflow/.local/lib/python3.8/site-packages/airflow/example_dags/example_external_task_marker_dag.py for tasks to queue
[2026-03-01T08:18:56.626+0000] {logging_mixin.py:188} INFO - [2026-03-01T08:18:56.626+0000] {dagbag.py:538} INFO - Filling up the DagBag from /home/airflow/.local/lib/python3.8/site-packages/airflow/example_dags/example_external_task_marker_dag.py
[2026-03-01T08:18:56.630+0000] {processor.py:840} INFO - DAG(s) 'example_external_task_marker_child', 'example_external_task_marker_parent' retrieved from /home/airflow/.local/lib/python3.8/site-packages/airflow/example_dags/example_external_task_marker_dag.py
[2026-03-01T08:18:56.646+0000] {logging_mixin.py:188} INFO - [2026-03-01T08:18:56.646+0000] {dag.py:3036} INFO - Sync 2 DAGs
[2026-03-01T08:18:56.653+0000] {logging_mixin.py:188} INFO - [2026-03-01T08:18:56.653+0000] {dag.py:3823} INFO - Setting next_dagrun for example_external_task_marker_child to None, run_after=None
[2026-03-01T08:18:56.655+0000] {logging_mixin.py:188} INFO - [2026-03-01T08:18:56.655+0000] {dag.py:3823} INFO - Setting next_dagrun for example_external_task_marker_parent to None, run_after=None
[2026-03-01T08:18:56.669+0000] {processor.py:183} INFO - Processing /home/airflow/.local/lib/python3.8/site-packages/airflow/example_dags/example_external_task_marker_dag.py took 0.048 seconds
[2026-03-01T08:19:26.906+0000] {processor.py:161} INFO - Started process (PID=1472) to work on /home/airflow/.local/lib/python3.8/site-packages/airflow/example_dags/example_external_task_marker_dag.py
[2026-03-01T08:19:26.908+0000] {processor.py:830} INFO - Processing file /home/airflow/.local/lib/python3.8/site-packages/airflow/example_dags/example_external_task_marker_dag.py for tasks to queue
[2026-03-01T08:19:26.909+0000] {logging_mixin.py:188} INFO - [2026-03-01T08:19:26.909+0000] {dagbag.py:538} INFO - Filling up the DagBag from /home/airflow/.local/lib/python3.8/site-packages/airflow/example_dags/example_external_task_marker_dag.py
[2026-03-01T08:19:26.913+0000] {processor.py:840} INFO - DAG(s) 'example_external_task_marker_child', 'example_external_task_marker_parent' retrieved from /home/airflow/.local/lib/python3.8/site-packages/airflow/example_dags/example_external_task_marker_dag.py
[2026-03-01T08:19:26.932+0000] {logging_mixin.py:188} INFO - [2026-03-01T08:19:26.932+0000] {dag.py:3036} INFO - Sync 2 DAGs
[2026-03-01T08:19:26.941+0000] {logging_mixin.py:188} INFO - [2026-03-01T08:19:26.941+0000] {dag.py:3823} INFO - Setting next_dagrun for example_external_task_marker_child to None, run_after=None
[2026-03-01T08:19:26.944+0000] {logging_mixin.py:188} INFO - [2026-03-01T08:19:26.944+0000] {dag.py:3823} INFO - Setting next_dagrun for example_external_task_marker_parent to None, run_after=None
[2026-03-01T08:19:26.962+0000] {processor.py:183} INFO - Processing /home/airflow/.local/lib/python3.8/site-packages/airflow/example_dags/example_external_task_marker_dag.py took 0.058 seconds
[2026-03-01T08:19:57.067+0000] {processor.py:161} INFO - Started process (PID=1528) to work on /home/airflow/.local/lib/python3.8/site-packages/airflow/example_dags/example_external_task_marker_dag.py
[2026-03-01T08:19:57.068+0000] {processor.py:830} INFO - Processing file /home/airflow/.local/lib/python3.8/site-packages/airflow/example_dags/example_external_task_marker_dag.py for tasks to queue
[2026-03-01T08:19:57.070+0000] {logging_mixin.py:188} INFO - [2026-03-01T08:19:57.070+0000] {dagbag.py:538} INFO - Filling up the DagBag from /home/airflow/.local/lib/python3.8/site-packages/airflow/example_dags/example_external_task_marker_dag.py
[2026-03-01T08:19:57.078+0000] {processor.py:840} INFO - DAG(s) 'example_external_task_marker_parent', 'example_external_task_marker_child' retrieved from /home/airflow/.local/lib/python3.8/site-packages/airflow/example_dags/example_external_task_marker_dag.py
[2026-03-01T08:19:57.096+0000] {logging_mixin.py:188} INFO - [2026-03-01T08:19:57.096+0000] {dag.py:3036} INFO - Sync 2 DAGs
[2026-03-01T08:19:57.105+0000] {logging_mixin.py:188} INFO - [2026-03-01T08:19:57.104+0000] {dag.py:3823} INFO - Setting next_dagrun for example_external_task_marker_child to None, run_after=None
[2026-03-01T08:19:57.107+0000] {logging_mixin.py:188} INFO - [2026-03-01T08:19:57.107+0000] {dag.py:3823} INFO - Setting next_dagrun for example_external_task_marker_parent to None, run_after=None
[2026-03-01T08:19:57.124+0000] {processor.py:183} INFO - Processing /home/airflow/.local/lib/python3.8/site-packages/airflow/example_dags/example_external_task_marker_dag.py took 0.060 seconds
[2026-03-01T08:20:27.397+0000] {processor.py:161} INFO - Started process (PID=1584) to work on /home/airflow/.local/lib/python3.8/site-packages/airflow/example_dags/example_external_task_marker_dag.py
[2026-03-01T08:20:27.398+0000] {processor.py:830} INFO - Processing file /home/airflow/.local/lib/python3.8/site-packages/airflow/example_dags/example_external_task_marker_dag.py for tasks to queue
[2026-03-01T08:20:27.400+0000] {logging_mixin.py:188} INFO - [2026-03-01T08:20:27.400+0000] {dagbag.py:538} INFO - Filling up the DagBag from /home/airflow/.local/lib/python3.8/site-packages/airflow/example_dags/example_external_task_marker_dag.py
[2026-03-01T08:20:27.404+0000] {processor.py:840} INFO - DAG(s) 'example_external_task_marker_child', 'example_external_task_marker_parent' retrieved from /home/airflow/.local/lib/python3.8/site-packages/airflow/example_dags/example_external_task_marker_dag.py
[2026-03-01T08:20:27.420+0000] {logging_mixin.py:188} INFO - [2026-03-01T08:20:27.420+0000] {dag.py:3036} INFO - Sync 2 DAGs
[2026-03-01T08:20:27.429+0000] {logging_mixin.py:188} INFO - [2026-03-01T08:20:27.429+0000] {dag.py:3823} INFO - Setting next_dagrun for example_external_task_marker_child to None, run_after=None
[2026-03-01T08:20:27.432+0000] {logging_mixin.py:188} INFO - [2026-03-01T08:20:27.432+0000] {dag.py:3823} INFO - Setting next_dagrun for example_external_task_marker_parent to None, run_after=None
[2026-03-01T08:20:27.445+0000] {processor.py:183} INFO - Processing /home/airflow/.local/lib/python3.8/site-packages/airflow/example_dags/example_external_task_marker_dag.py took 0.050 seconds
[2026-03-01T08:20:57.491+0000] {processor.py:161} INFO - Started process (PID=1640) to work on /home/airflow/.local/lib/python3.8/site-packages/airflow/example_dags/example_external_task_marker_dag.py
[2026-03-01T08:20:57.493+0000] {processor.py:830} INFO - Processing file /home/airflow/.local/lib/python3.8/site-packages/airflow/example_dags/example_external_task_marker_dag.py for tasks to queue
[2026-03-01T08:20:57.495+0000] {logging_mixin.py:188} INFO - [2026-03-01T08:20:57.494+0000] {dagbag.py:538} INFO - Filling up the DagBag from /home/airflow/.local/lib/python3.8/site-packages/airflow/example_dags/example_external_task_marker_dag.py
[2026-03-01T08:20:57.501+0000] {processor.py:840} INFO - DAG(s) 'example_external_task_marker_parent', 'example_external_task_marker_child' retrieved from /home/airflow/.local/lib/python3.8/site-packages/airflow/example_dags/example_external_task_marker_dag.py
[2026-03-01T08:20:57.530+0000] {logging_mixin.py:188} INFO - [2026-03-01T08:20:57.529+0000] {dag.py:3036} INFO - Sync 2 DAGs
[2026-03-01T08:20:57.541+0000] {logging_mixin.py:188} INFO - [2026-03-01T08:20:57.541+0000] {dag.py:3823} INFO - Setting next_dagrun for example_external_task_marker_child to None, run_after=None
[2026-03-01T08:20:57.545+0000] {logging_mixin.py:188} INFO - [2026-03-01T08:20:57.545+0000] {dag.py:3823} INFO - Setting next_dagrun for example_external_task_marker_parent to None, run_after=None
[2026-03-01T08:20:57.567+0000] {processor.py:183} INFO - Processing /home/airflow/.local/lib/python3.8/site-packages/airflow/example_dags/example_external_task_marker_dag.py took 0.078 seconds
[2026-03-01T08:21:27.768+0000] {processor.py:161} INFO - Started process (PID=1696) to work on /home/airflow/.local/lib/python3.8/site-packages/airflow/example_dags/example_external_task_marker_dag.py
[2026-03-01T08:21:27.770+0000] {processor.py:830} INFO - Processing file /home/airflow/.local/lib/python3.8/site-packages/airflow/example_dags/example_external_task_marker_dag.py for tasks to queue
[2026-03-01T08:21:27.771+0000] {logging_mixin.py:188} INFO - [2026-03-01T08:21:27.771+0000] {dagbag.py:538} INFO - Filling up the DagBag from /home/airflow/.local/lib/python3.8/site-packages/airflow/example_dags/example_external_task_marker_dag.py
[2026-03-01T08:21:27.775+0000] {processor.py:840} INFO - DAG(s) 'example_external_task_marker_child', 'example_external_task_marker_parent' retrieved from /home/airflow/.local/lib/python3.8/site-packages/airflow/example_dags/example_external_task_marker_dag.py
[2026-03-01T08:21:27.793+0000] {logging_mixin.py:188} INFO - [2026-03-01T08:21:27.793+0000] {dag.py:3036} INFO - Sync 2 DAGs
[2026-03-01T08:21:27.800+0000] {logging_mixin.py:188} INFO - [2026-03-01T08:21:27.800+0000] {dag.py:3823} INFO - Setting next_dagrun for example_external_task_marker_child to None, run_after=None
[2026-03-01T08:21:27.802+0000] {logging_mixin.py:188} INFO - [2026-03-01T08:21:27.802+0000] {dag.py:3823} INFO - Setting next_dagrun for example_external_task_marker_parent to None, run_after=None
[2026-03-01T08:21:27.812+0000] {processor.py:183} INFO - Processing /home/airflow/.local/lib/python3.8/site-packages/airflow/example_dags/example_external_task_marker_dag.py took 0.046 seconds
[2026-03-01T08:21:58.165+0000] {processor.py:161} INFO - Started process (PID=1752) to work on /home/airflow/.local/lib/python3.8/site-packages/airflow/example_dags/example_external_task_marker_dag.py
[2026-03-01T08:21:58.166+0000] {processor.py:830} INFO - Processing file /home/airflow/.local/lib/python3.8/site-packages/airflow/example_dags/example_external_task_marker_dag.py for tasks to queue
[2026-03-01T08:21:58.168+0000] {logging_mixin.py:188} INFO - [2026-03-01T08:21:58.167+0000] {dagbag.py:538} INFO - Filling up the DagBag from /home/airflow/.local/lib/python3.8/site-packages/airflow/example_dags/example_external_task_marker_dag.py
[2026-03-01T08:21:58.172+0000] {processor.py:840} INFO - DAG(s) 'example_external_task_marker_child', 'example_external_task_marker_parent' retrieved from /home/airflow/.local/lib/python3.8/site-packages/airflow/example_dags/example_external_task_marker_dag.py
[2026-03-01T08:21:58.188+0000] {logging_mixin.py:188} INFO - [2026-03-01T08:21:58.188+0000] {dag.py:3036} INFO - Sync 2 DAGs
[2026-03-01T08:21:58.198+0000] {logging_mixin.py:188} INFO - [2026-03-01T08:21:58.197+0000] {dag.py:3823} INFO - Setting next_dagrun for example_external_task_marker_child to None, run_after=None
[2026-03-01T08:21:58.200+0000] {logging_mixin.py:188} INFO - [2026-03-01T08:21:58.200+0000] {dag.py:3823} INFO - Setting next_dagrun for example_external_task_marker_parent to None, run_after=None
[2026-03-01T08:21:58.210+0000] {processor.py:183} INFO - Processing /home/airflow/.local/lib/python3.8/site-packages/airflow/example_dags/example_external_task_marker_dag.py took 0.047 seconds
[2026-03-01T08:22:28.461+0000] {processor.py:161} INFO - Started process (PID=1808) to work on /home/airflow/.local/lib/python3.8/site-packages/airflow/example_dags/example_external_task_marker_dag.py
[2026-03-01T08:22:28.462+0000] {processor.py:830} INFO - Processing file /home/airflow/.local/lib/python3.8/site-packages/airflow/example_dags/example_external_task_marker_dag.py for tasks to queue
[2026-03-01T08:22:28.464+0000] {logging_mixin.py:188} INFO - [2026-03-01T08:22:28.463+0000] {dagbag.py:538} INFO - Filling up the DagBag from /home/airflow/.local/lib/python3.8/site-packages/airflow/example_dags/example_external_task_marker_dag.py
[2026-03-01T08:22:28.468+0000] {processor.py:840} INFO - DAG(s) 'example_external_task_marker_child', 'example_external_task_marker_parent' retrieved from /home/airflow/.local/lib/python3.8/site-packages/airflow/example_dags/example_external_task_marker_dag.py
[2026-03-01T08:22:28.484+0000] {logging_mixin.py:188} INFO - [2026-03-01T08:22:28.484+0000] {dag.py:3036} INFO - Sync 2 DAGs
[2026-03-01T08:22:28.491+0000] {logging_mixin.py:188} INFO - [2026-03-01T08:22:28.491+0000] {dag.py:3823} INFO - Setting next_dagrun for example_external_task_marker_child to None, run_after=None
[2026-03-01T08:22:28.494+0000] {logging_mixin.py:188} INFO - [2026-03-01T08:22:28.494+0000] {dag.py:3823} INFO - Setting next_dagrun for example_external_task_marker_parent to None, run_after=None
[2026-03-01T08:22:28.503+0000] {processor.py:183} INFO - Processing /home/airflow/.local/lib/python3.8/site-packages/airflow/example_dags/example_external_task_marker_dag.py took 0.044 seconds
[2026-03-01T08:22:58.898+0000] {processor.py:161} INFO - Started process (PID=1864) to work on /home/airflow/.local/lib/python3.8/site-packages/airflow/example_dags/example_external_task_marker_dag.py
[2026-03-01T08:22:58.899+0000] {processor.py:830} INFO - Processing file /home/airflow/.local/lib/python3.8/site-packages/airflow/example_dags/example_external_task_marker_dag.py for tasks to queue
[2026-03-01T08:22:58.901+0000] {logging_mixin.py:188} INFO - [2026-03-01T08:22:58.901+0000] {dagbag.py:538} INFO - Filling up the DagBag from /home/airflow/.local/lib/python3.8/site-packages/airflow/example_dags/example_external_task_marker_dag.py
[2026-03-01T08:22:58.905+0000] {processor.py:840} INFO - DAG(s) 'example_external_task_marker_child', 'example_external_task_marker_parent' retrieved from /home/airflow/.local/lib/python3.8/site-packages/airflow/example_dags/example_external_task_marker_dag.py
[2026-03-01T08:22:58.924+0000] {logging_mixin.py:188} INFO - [2026-03-01T08:22:58.924+0000] {dag.py:3036} INFO - Sync 2 DAGs
[2026-03-01T08:22:58.933+0000] {logging_mixin.py:188} INFO - [2026-03-01T08:22:58.933+0000] {dag.py:3823} INFO - Setting next_dagrun for example_external_task_marker_child to None, run_after=None
[2026-03-01T08:22:58.936+0000] {logging_mixin.py:188} INFO - [2026-03-01T08:22:58.936+0000] {dag.py:3823} INFO - Setting next_dagrun for example_external_task_marker_parent to None, run_after=None
[2026-03-01T08:22:58.950+0000] {processor.py:183} INFO - Processing /home/airflow/.local/lib/python3.8/site-packages/airflow/example_dags/example_external_task_marker_dag.py took 0.054 seconds
[2026-03-01T08:23:29.042+0000] {processor.py:161} INFO - Started process (PID=1920) to work on /home/airflow/.local/lib/python3.8/site-packages/airflow/example_dags/example_external_task_marker_dag.py
[2026-03-01T08:23:29.043+0000] {processor.py:830} INFO - Processing file /home/airflow/.local/lib/python3.8/site-packages/airflow/example_dags/example_external_task_marker_dag.py for tasks to queue
[2026-03-01T08:23:29.045+0000] {logging_mixin.py:188} INFO - [2026-03-01T08:23:29.044+0000] {dagbag.py:538} INFO - Filling up the DagBag from /home/airflow/.local/lib/python3.8/site-packages/airflow/example_dags/example_external_task_marker_dag.py
[2026-03-01T08:23:29.049+0000] {processor.py:840} INFO - DAG(s) 'example_external_task_marker_parent', 'example_external_task_marker_child' retrieved from /home/airflow/.local/lib/python3.8/site-packages/airflow/example_dags/example_external_task_marker_dag.py
[2026-03-01T08:23:29.065+0000] {logging_mixin.py:188} INFO - [2026-03-01T08:23:29.065+0000] {dag.py:3036} INFO - Sync 2 DAGs
[2026-03-01T08:23:29.073+0000] {logging_mixin.py:188} INFO - [2026-03-01T08:23:29.072+0000] {dag.py:3823} INFO - Setting next_dagrun for example_external_task_marker_child to None, run_after=None
[2026-03-01T08:23:29.075+0000] {logging_mixin.py:188} INFO - [2026-03-01T08:23:29.075+0000] {dag.py:3823} INFO - Setting next_dagrun for example_external_task_marker_parent to None, run_after=None
[2026-03-01T08:23:29.089+0000] {processor.py:183} INFO - Processing /home/airflow/.local/lib/python3.8/site-packages/airflow/example_dags/example_external_task_marker_dag.py took 0.049 seconds
[2026-03-01T08:23:59.424+0000] {processor.py:161} INFO - Started process (PID=1976) to work on /home/airflow/.local/lib/python3.8/site-packages/airflow/example_dags/example_external_task_marker_dag.py
[2026-03-01T08:23:59.425+0000] {processor.py:830} INFO - Processing file /home/airflow/.local/lib/python3.8/site-packages/airflow/example_dags/example_external_task_marker_dag.py for tasks to queue
[2026-03-01T08:23:59.428+0000] {logging_mixin.py:188} INFO - [2026-03-01T08:23:59.428+0000] {dagbag.py:538} INFO - Filling up the DagBag from /home/airflow/.local/lib/python3.8/site-packages/airflow/example_dags/example_external_task_marker_dag.py
[2026-03-01T08:23:59.434+0000] {processor.py:840} INFO - DAG(s) 'example_external_task_marker_parent', 'example_external_task_marker_child' retrieved from /home/airflow/.local/lib/python3.8/site-packages/airflow/example_dags/example_external_task_marker_dag.py
[2026-03-01T08:23:59.454+0000] {logging_mixin.py:188} INFO - [2026-03-01T08:23:59.454+0000] {dag.py:3036} INFO - Sync 2 DAGs
[2026-03-01T08:23:59.463+0000] {logging_mixin.py:188} INFO - [2026-03-01T08:23:59.463+0000] {dag.py:3823} INFO - Setting next_dagrun for example_external_task_marker_child to None, run_after=None
[2026-03-01T08:23:59.466+0000] {logging_mixin.py:188} INFO - [2026-03-01T08:23:59.466+0000] {dag.py:3823} INFO - Setting next_dagrun for example_external_task_marker_parent to None, run_after=None
[2026-03-01T08:23:59.483+0000] {processor.py:183} INFO - Processing /home/airflow/.local/lib/python3.8/site-packages/airflow/example_dags/example_external_task_marker_dag.py took 0.061 seconds
[2026-03-01T08:24:29.607+0000] {processor.py:161} INFO - Started process (PID=2032) to work on /home/airflow/.local/lib/python3.8/site-packages/airflow/example_dags/example_external_task_marker_dag.py
[2026-03-01T08:24:29.608+0000] {processor.py:830} INFO - Processing file /home/airflow/.local/lib/python3.8/site-packages/airflow/example_dags/example_external_task_marker_dag.py for tasks to queue
[2026-03-01T08:24:29.610+0000] {logging_mixin.py:188} INFO - [2026-03-01T08:24:29.610+0000] {dagbag.py:538} INFO - Filling up the DagBag from /home/airflow/.local/lib/python3.8/site-packages/airflow/example_dags/example_external_task_marker_dag.py
[2026-03-01T08:24:29.617+0000] {processor.py:840} INFO - DAG(s) 'example_external_task_marker_parent', 'example_external_task_marker_child' retrieved from /home/airflow/.local/lib/python3.8/site-packages/airflow/example_dags/example_external_task_marker_dag.py
[2026-03-01T08:24:29.638+0000] {logging_mixin.py:188} INFO - [2026-03-01T08:24:29.638+0000] {dag.py:3036} INFO - Sync 2 DAGs
[2026-03-01T08:24:29.648+0000] {logging_mixin.py:188} INFO - [2026-03-01T08:24:29.648+0000] {dag.py:3823} INFO - Setting next_dagrun for example_external_task_marker_child to None, run_after=None
[2026-03-01T08:24:29.651+0000] {logging_mixin.py:188} INFO - [2026-03-01T08:24:29.651+0000] {dag.py:3823} INFO - Setting next_dagrun for example_external_task_marker_parent to None, run_after=None
[2026-03-01T08:24:29.665+0000] {processor.py:183} INFO - Processing /home/airflow/.local/lib/python3.8/site-packages/airflow/example_dags/example_external_task_marker_dag.py took 0.062 seconds
[2026-03-01T08:24:59.874+0000] {processor.py:161} INFO - Started process (PID=2092) to work on /home/airflow/.local/lib/python3.8/site-packages/airflow/example_dags/example_external_task_marker_dag.py
[2026-03-01T08:24:59.875+0000] {processor.py:830} INFO - Processing file /home/airflow/.local/lib/python3.8/site-packages/airflow/example_dags/example_external_task_marker_dag.py for tasks to queue
[2026-03-01T08:24:59.877+0000] {logging_mixin.py:188} INFO - [2026-03-01T08:24:59.876+0000] {dagbag.py:538} INFO - Filling up the DagBag from /home/airflow/.local/lib/python3.8/site-packages/airflow/example_dags/example_external_task_marker_dag.py
[2026-03-01T08:24:59.881+0000] {processor.py:840} INFO - DAG(s) 'example_external_task_marker_child', 'example_external_task_marker_parent' retrieved from /home/airflow/.local/lib/python3.8/site-packages/airflow/example_dags/example_external_task_marker_dag.py
[2026-03-01T08:24:59.899+0000] {logging_mixin.py:188} INFO - [2026-03-01T08:24:59.899+0000] {dag.py:3036} INFO - Sync 2 DAGs
[2026-03-01T08:24:59.908+0000] {logging_mixin.py:188} INFO - [2026-03-01T08:24:59.908+0000] {dag.py:3823} INFO - Setting next_dagrun for example_external_task_marker_child to None, run_after=None
[2026-03-01T08:24:59.911+0000] {logging_mixin.py:188} INFO - [2026-03-01T08:24:59.911+0000] {dag.py:3823} INFO - Setting next_dagrun for example_external_task_marker_parent to None, run_after=None
[2026-03-01T08:24:59.921+0000] {processor.py:183} INFO - Processing /home/airflow/.local/lib/python3.8/site-packages/airflow/example_dags/example_external_task_marker_dag.py took 0.048 seconds
[2026-03-01T08:25:30.243+0000] {processor.py:161} INFO - Started process (PID=2148) to work on /home/airflow/.local/lib/python3.8/site-packages/airflow/example_dags/example_external_task_marker_dag.py
[2026-03-01T08:25:30.244+0000] {processor.py:830} INFO - Processing file /home/airflow/.local/lib/python3.8/site-packages/airflow/example_dags/example_external_task_marker_dag.py for tasks to queue
[2026-03-01T08:25:30.246+0000] {logging_mixin.py:188} INFO - [2026-03-01T08:25:30.245+0000] {dagbag.py:538} INFO - Filling up the DagBag from /home/airflow/.local/lib/python3.8/site-packages/airflow/example_dags/example_external_task_marker_dag.py
[2026-03-01T08:25:30.251+0000] {processor.py:840} INFO - DAG(s) 'example_external_task_marker_child', 'example_external_task_marker_parent' retrieved from /home/airflow/.local/lib/python3.8/site-packages/airflow/example_dags/example_external_task_marker_dag.py
[2026-03-01T08:25:30.270+0000] {logging_mixin.py:188} INFO - [2026-03-01T08:25:30.270+0000] {dag.py:3036} INFO - Sync 2 DAGs
[2026-03-01T08:25:30.277+0000] {logging_mixin.py:188} INFO - [2026-03-01T08:25:30.277+0000] {dag.py:3823} INFO - Setting next_dagrun for example_external_task_marker_child to None, run_after=None
[2026-03-01T08:25:30.280+0000] {logging_mixin.py:188} INFO - [2026-03-01T08:25:30.280+0000] {dag.py:3823} INFO - Setting next_dagrun for example_external_task_marker_parent to None, run_after=None
[2026-03-01T08:25:30.290+0000] {processor.py:183} INFO - Processing /home/airflow/.local/lib/python3.8/site-packages/airflow/example_dags/example_external_task_marker_dag.py took 0.050 seconds
[2026-03-01T08:26:00.390+0000] {processor.py:161} INFO - Started process (PID=2204) to work on /home/airflow/.local/lib/python3.8/site-packages/airflow/example_dags/example_external_task_marker_dag.py
[2026-03-01T08:26:00.391+0000] {processor.py:830} INFO - Processing file /home/airflow/.local/lib/python3.8/site-packages/airflow/example_dags/example_external_task_marker_dag.py for tasks to queue
[2026-03-01T08:26:00.393+0000] {logging_mixin.py:188} INFO - [2026-03-01T08:26:00.392+0000] {dagbag.py:538} INFO - Filling up the DagBag from /home/airflow/.local/lib/python3.8/site-packages/airflow/example_dags/example_external_task_marker_dag.py
[2026-03-01T08:26:00.397+0000] {processor.py:840} INFO - DAG(s) 'example_external_task_marker_child', 'example_external_task_marker_parent' retrieved from /home/airflow/.local/lib/python3.8/site-packages/airflow/example_dags/example_external_task_marker_dag.py
[2026-03-01T08:26:00.416+0000] {logging_mixin.py:188} INFO - [2026-03-01T08:26:00.416+0000] {dag.py:3036} INFO - Sync 2 DAGs
[2026-03-01T08:26:00.425+0000] {logging_mixin.py:188} INFO - [2026-03-01T08:26:00.425+0000] {dag.py:3823} INFO - Setting next_dagrun for example_external_task_marker_child to None, run_after=None
[2026-03-01T08:26:00.428+0000] {logging_mixin.py:188} INFO - [2026-03-01T08:26:00.428+0000] {dag.py:3823} INFO - Setting next_dagrun for example_external_task_marker_parent to None, run_after=None
[2026-03-01T08:26:00.440+0000] {processor.py:183} INFO - Processing /home/airflow/.local/lib/python3.8/site-packages/airflow/example_dags/example_external_task_marker_dag.py took 0.052 seconds
[2026-03-01T08:26:30.894+0000] {processor.py:161} INFO - Started process (PID=2260) to work on /home/airflow/.local/lib/python3.8/site-packages/airflow/example_dags/example_external_task_marker_dag.py
[2026-03-01T08:26:30.895+0000] {processor.py:830} INFO - Processing file /home/airflow/.local/lib/python3.8/site-packages/airflow/example_dags/example_external_task_marker_dag.py for tasks to queue
[2026-03-01T08:26:30.896+0000] {logging_mixin.py:188} INFO - [2026-03-01T08:26:30.896+0000] {dagbag.py:538} INFO - Filling up the DagBag from /home/airflow/.local/lib/python3.8/site-packages/airflow/example_dags/example_external_task_marker_dag.py
[2026-03-01T08:26:30.900+0000] {processor.py:840} INFO - DAG(s) 'example_external_task_marker_parent', 'example_external_task_marker_child' retrieved from /home/airflow/.local/lib/python3.8/site-packages/airflow/example_dags/example_external_task_marker_dag.py
[2026-03-01T08:26:30.918+0000] {logging_mixin.py:188} INFO - [2026-03-01T08:26:30.917+0000] {dag.py:3036} INFO - Sync 2 DAGs
[2026-03-01T08:26:30.925+0000] {logging_mixin.py:188} INFO - [2026-03-01T08:26:30.925+0000] {dag.py:3823} INFO - Setting next_dagrun for example_external_task_marker_child to None, run_after=None
[2026-03-01T08:26:30.928+0000] {logging_mixin.py:188} INFO - [2026-03-01T08:26:30.928+0000] {dag.py:3823} INFO - Setting next_dagrun for example_external_task_marker_parent to None, run_after=None
[2026-03-01T08:26:30.939+0000] {processor.py:183} INFO - Processing /home/airflow/.local/lib/python3.8/site-packages/airflow/example_dags/example_external_task_marker_dag.py took 0.048 seconds
[2026-03-01T08:27:01.185+0000] {processor.py:161} INFO - Started process (PID=2316) to work on /home/airflow/.local/lib/python3.8/site-packages/airflow/example_dags/example_external_task_marker_dag.py
[2026-03-01T08:27:01.186+0000] {processor.py:830} INFO - Processing file /home/airflow/.local/lib/python3.8/site-packages/airflow/example_dags/example_external_task_marker_dag.py for tasks to queue
[2026-03-01T08:27:01.188+0000] {logging_mixin.py:188} INFO - [2026-03-01T08:27:01.188+0000] {dagbag.py:538} INFO - Filling up the DagBag from /home/airflow/.local/lib/python3.8/site-packages/airflow/example_dags/example_external_task_marker_dag.py
[2026-03-01T08:27:01.192+0000] {processor.py:840} INFO - DAG(s) 'example_external_task_marker_parent', 'example_external_task_marker_child' retrieved from /home/airflow/.local/lib/python3.8/site-packages/airflow/example_dags/example_external_task_marker_dag.py
[2026-03-01T08:27:01.210+0000] {logging_mixin.py:188} INFO - [2026-03-01T08:27:01.210+0000] {dag.py:3036} INFO - Sync 2 DAGs
[2026-03-01T08:27:01.218+0000] {logging_mixin.py:188} INFO - [2026-03-01T08:27:01.218+0000] {dag.py:3823} INFO - Setting next_dagrun for example_external_task_marker_child to None, run_after=None
[2026-03-01T08:27:01.221+0000] {logging_mixin.py:188} INFO - [2026-03-01T08:27:01.221+0000] {dag.py:3823} INFO - Setting next_dagrun for example_external_task_marker_parent to None, run_after=None
[2026-03-01T08:27:01.234+0000] {processor.py:183} INFO - Processing /home/airflow/.local/lib/python3.8/site-packages/airflow/example_dags/example_external_task_marker_dag.py took 0.051 seconds
[2026-03-01T08:27:31.327+0000] {processor.py:161} INFO - Started process (PID=2371) to work on /home/airflow/.local/lib/python3.8/site-packages/airflow/example_dags/example_external_task_marker_dag.py
[2026-03-01T08:27:31.328+0000] {processor.py:830} INFO - Processing file /home/airflow/.local/lib/python3.8/site-packages/airflow/example_dags/example_external_task_marker_dag.py for tasks to queue
[2026-03-01T08:27:31.329+0000] {logging_mixin.py:188} INFO - [2026-03-01T08:27:31.329+0000] {dagbag.py:538} INFO - Filling up the DagBag from /home/airflow/.local/lib/python3.8/site-packages/airflow/example_dags/example_external_task_marker_dag.py
[2026-03-01T08:27:31.334+0000] {processor.py:840} INFO - DAG(s) 'example_external_task_marker_child', 'example_external_task_marker_parent' retrieved from /home/airflow/.local/lib/python3.8/site-packages/airflow/example_dags/example_external_task_marker_dag.py
[2026-03-01T08:27:31.353+0000] {logging_mixin.py:188} INFO - [2026-03-01T08:27:31.353+0000] {dag.py:3036} INFO - Sync 2 DAGs
[2026-03-01T08:27:31.361+0000] {logging_mixin.py:188} INFO - [2026-03-01T08:27:31.361+0000] {dag.py:3823} INFO - Setting next_dagrun for example_external_task_marker_child to None, run_after=None
[2026-03-01T08:27:31.365+0000] {logging_mixin.py:188} INFO - [2026-03-01T08:27:31.365+0000] {dag.py:3823} INFO - Setting next_dagrun for example_external_task_marker_parent to None, run_after=None
[2026-03-01T08:27:31.378+0000] {processor.py:183} INFO - Processing /home/airflow/.local/lib/python3.8/site-packages/airflow/example_dags/example_external_task_marker_dag.py took 0.054 seconds
[2026-03-01T08:28:01.722+0000] {processor.py:161} INFO - Started process (PID=2426) to work on /home/airflow/.local/lib/python3.8/site-packages/airflow/example_dags/example_external_task_marker_dag.py
[2026-03-01T08:28:01.724+0000] {processor.py:830} INFO - Processing file /home/airflow/.local/lib/python3.8/site-packages/airflow/example_dags/example_external_task_marker_dag.py for tasks to queue
[2026-03-01T08:28:01.725+0000] {logging_mixin.py:188} INFO - [2026-03-01T08:28:01.725+0000] {dagbag.py:538} INFO - Filling up the DagBag from /home/airflow/.local/lib/python3.8/site-packages/airflow/example_dags/example_external_task_marker_dag.py
[2026-03-01T08:28:01.729+0000] {processor.py:840} INFO - DAG(s) 'example_external_task_marker_child', 'example_external_task_marker_parent' retrieved from /home/airflow/.local/lib/python3.8/site-packages/airflow/example_dags/example_external_task_marker_dag.py
[2026-03-01T08:28:01.747+0000] {logging_mixin.py:188} INFO - [2026-03-01T08:28:01.746+0000] {dag.py:3036} INFO - Sync 2 DAGs
[2026-03-01T08:28:01.754+0000] {logging_mixin.py:188} INFO - [2026-03-01T08:28:01.753+0000] {dag.py:3823} INFO - Setting next_dagrun for example_external_task_marker_child to None, run_after=None
[2026-03-01T08:28:01.757+0000] {logging_mixin.py:188} INFO - [2026-03-01T08:28:01.757+0000] {dag.py:3823} INFO - Setting next_dagrun for example_external_task_marker_parent to None, run_after=None
[2026-03-01T08:28:01.771+0000] {processor.py:183} INFO - Processing /home/airflow/.local/lib/python3.8/site-packages/airflow/example_dags/example_external_task_marker_dag.py took 0.052 seconds
[2026-03-01T08:28:31.853+0000] {processor.py:161} INFO - Started process (PID=2481) to work on /home/airflow/.local/lib/python3.8/site-packages/airflow/example_dags/example_external_task_marker_dag.py
[2026-03-01T08:28:31.855+0000] {processor.py:830} INFO - Processing file /home/airflow/.local/lib/python3.8/site-packages/airflow/example_dags/example_external_task_marker_dag.py for tasks to queue
[2026-03-01T08:28:31.857+0000] {logging_mixin.py:188} INFO - [2026-03-01T08:28:31.857+0000] {dagbag.py:538} INFO - Filling up the DagBag from /home/airflow/.local/lib/python3.8/site-packages/airflow/example_dags/example_external_task_marker_dag.py
[2026-03-01T08:28:31.862+0000] {processor.py:840} INFO - DAG(s) 'example_external_task_marker_parent', 'example_external_task_marker_child' retrieved from /home/airflow/.local/lib/python3.8/site-packages/airflow/example_dags/example_external_task_marker_dag.py
[2026-03-01T08:28:31.880+0000] {logging_mixin.py:188} INFO - [2026-03-01T08:28:31.880+0000] {dag.py:3036} INFO - Sync 2 DAGs
[2026-03-01T08:28:31.889+0000] {logging_mixin.py:188} INFO - [2026-03-01T08:28:31.888+0000] {dag.py:3823} INFO - Setting next_dagrun for example_external_task_marker_child to None, run_after=None
[2026-03-01T08:28:31.891+0000] {logging_mixin.py:188} INFO - [2026-03-01T08:28:31.891+0000] {dag.py:3823} INFO - Setting next_dagrun for example_external_task_marker_parent to None, run_after=None
[2026-03-01T08:28:31.905+0000] {processor.py:183} INFO - Processing /home/airflow/.local/lib/python3.8/site-packages/airflow/example_dags/example_external_task_marker_dag.py took 0.055 seconds
[2026-03-01T08:29:02.273+0000] {processor.py:161} INFO - Started process (PID=2537) to work on /home/airflow/.local/lib/python3.8/site-packages/airflow/example_dags/example_external_task_marker_dag.py
[2026-03-01T08:29:02.274+0000] {processor.py:830} INFO - Processing file /home/airflow/.local/lib/python3.8/site-packages/airflow/example_dags/example_external_task_marker_dag.py for tasks to queue
[2026-03-01T08:29:02.276+0000] {logging_mixin.py:188} INFO - [2026-03-01T08:29:02.276+0000] {dagbag.py:538} INFO - Filling up the DagBag from /home/airflow/.local/lib/python3.8/site-packages/airflow/example_dags/example_external_task_marker_dag.py
[2026-03-01T08:29:02.280+0000] {processor.py:840} INFO - DAG(s) 'example_external_task_marker_parent', 'example_external_task_marker_child' retrieved from /home/airflow/.local/lib/python3.8/site-packages/airflow/example_dags/example_external_task_marker_dag.py
[2026-03-01T08:29:02.298+0000] {logging_mixin.py:188} INFO - [2026-03-01T08:29:02.298+0000] {dag.py:3036} INFO - Sync 2 DAGs
[2026-03-01T08:29:02.306+0000] {logging_mixin.py:188} INFO - [2026-03-01T08:29:02.305+0000] {dag.py:3823} INFO - Setting next_dagrun for example_external_task_marker_child to None, run_after=None
[2026-03-01T08:29:02.308+0000] {logging_mixin.py:188} INFO - [2026-03-01T08:29:02.308+0000] {dag.py:3823} INFO - Setting next_dagrun for example_external_task_marker_parent to None, run_after=None
[2026-03-01T08:29:02.320+0000] {processor.py:183} INFO - Processing /home/airflow/.local/lib/python3.8/site-packages/airflow/example_dags/example_external_task_marker_dag.py took 0.049 seconds
[2026-03-01T08:29:32.748+0000] {processor.py:161} INFO - Started process (PID=2593) to work on /home/airflow/.local/lib/python3.8/site-packages/airflow/example_dags/example_external_task_marker_dag.py
[2026-03-01T08:29:32.749+0000] {processor.py:830} INFO - Processing file /home/airflow/.local/lib/python3.8/site-packages/airflow/example_dags/example_external_task_marker_dag.py for tasks to queue
[2026-03-01T08:29:32.751+0000] {logging_mixin.py:188} INFO - [2026-03-01T08:29:32.751+0000] {dagbag.py:538} INFO - Filling up the DagBag from /home/airflow/.local/lib/python3.8/site-packages/airflow/example_dags/example_external_task_marker_dag.py
[2026-03-01T08:29:32.756+0000] {processor.py:840} INFO - DAG(s) 'example_external_task_marker_child', 'example_external_task_marker_parent' retrieved from /home/airflow/.local/lib/python3.8/site-packages/airflow/example_dags/example_external_task_marker_dag.py
[2026-03-01T08:29:32.775+0000] {logging_mixin.py:188} INFO - [2026-03-01T08:29:32.775+0000] {dag.py:3036} INFO - Sync 2 DAGs
[2026-03-01T08:29:32.785+0000] {logging_mixin.py:188} INFO - [2026-03-01T08:29:32.785+0000] {dag.py:3823} INFO - Setting next_dagrun for example_external_task_marker_child to None, run_after=None
[2026-03-01T08:29:32.788+0000] {logging_mixin.py:188} INFO - [2026-03-01T08:29:32.788+0000] {dag.py:3823} INFO - Setting next_dagrun for example_external_task_marker_parent to None, run_after=None
[2026-03-01T08:29:32.800+0000] {processor.py:183} INFO - Processing /home/airflow/.local/lib/python3.8/site-packages/airflow/example_dags/example_external_task_marker_dag.py took 0.054 seconds
[2026-03-01T08:30:03.232+0000] {processor.py:161} INFO - Started process (PID=2649) to work on /home/airflow/.local/lib/python3.8/site-packages/airflow/example_dags/example_external_task_marker_dag.py
[2026-03-01T08:30:03.233+0000] {processor.py:830} INFO - Processing file /home/airflow/.local/lib/python3.8/site-packages/airflow/example_dags/example_external_task_marker_dag.py for tasks to queue
[2026-03-01T08:30:03.235+0000] {logging_mixin.py:188} INFO - [2026-03-01T08:30:03.235+0000] {dagbag.py:538} INFO - Filling up the DagBag from /home/airflow/.local/lib/python3.8/site-packages/airflow/example_dags/example_external_task_marker_dag.py
[2026-03-01T08:30:03.239+0000] {processor.py:840} INFO - DAG(s) 'example_external_task_marker_parent', 'example_external_task_marker_child' retrieved from /home/airflow/.local/lib/python3.8/site-packages/airflow/example_dags/example_external_task_marker_dag.py
[2026-03-01T08:30:03.260+0000] {logging_mixin.py:188} INFO - [2026-03-01T08:30:03.260+0000] {dag.py:3036} INFO - Sync 2 DAGs
[2026-03-01T08:30:03.272+0000] {logging_mixin.py:188} INFO - [2026-03-01T08:30:03.272+0000] {dag.py:3823} INFO - Setting next_dagrun for example_external_task_marker_child to None, run_after=None
[2026-03-01T08:30:03.275+0000] {logging_mixin.py:188} INFO - [2026-03-01T08:30:03.275+0000] {dag.py:3823} INFO - Setting next_dagrun for example_external_task_marker_parent to None, run_after=None
[2026-03-01T08:30:03.286+0000] {processor.py:183} INFO - Processing /home/airflow/.local/lib/python3.8/site-packages/airflow/example_dags/example_external_task_marker_dag.py took 0.057 seconds
[2026-03-01T08:30:33.483+0000] {processor.py:161} INFO - Started process (PID=2705) to work on /home/airflow/.local/lib/python3.8/site-packages/airflow/example_dags/example_external_task_marker_dag.py
[2026-03-01T08:30:33.484+0000] {processor.py:830} INFO - Processing file /home/airflow/.local/lib/python3.8/site-packages/airflow/example_dags/example_external_task_marker_dag.py for tasks to queue
[2026-03-01T08:30:33.486+0000] {logging_mixin.py:188} INFO - [2026-03-01T08:30:33.486+0000] {dagbag.py:538} INFO - Filling up the DagBag from /home/airflow/.local/lib/python3.8/site-packages/airflow/example_dags/example_external_task_marker_dag.py
[2026-03-01T08:30:33.490+0000] {processor.py:840} INFO - DAG(s) 'example_external_task_marker_parent', 'example_external_task_marker_child' retrieved from /home/airflow/.local/lib/python3.8/site-packages/airflow/example_dags/example_external_task_marker_dag.py
[2026-03-01T08:30:33.508+0000] {logging_mixin.py:188} INFO - [2026-03-01T08:30:33.508+0000] {dag.py:3036} INFO - Sync 2 DAGs
[2026-03-01T08:30:33.516+0000] {logging_mixin.py:188} INFO - [2026-03-01T08:30:33.515+0000] {dag.py:3823} INFO - Setting next_dagrun for example_external_task_marker_child to None, run_after=None
[2026-03-01T08:30:33.518+0000] {logging_mixin.py:188} INFO - [2026-03-01T08:30:33.518+0000] {dag.py:3823} INFO - Setting next_dagrun for example_external_task_marker_parent to None, run_after=None
[2026-03-01T08:30:33.532+0000] {processor.py:183} INFO - Processing /home/airflow/.local/lib/python3.8/site-packages/airflow/example_dags/example_external_task_marker_dag.py took 0.051 seconds
