[2026-03-01T08:07:48.828+0000] {processor.py:161} INFO - Started process (PID=84) to work on /home/airflow/.local/lib/python3.8/site-packages/airflow/example_dags/example_sla_dag.py
[2026-03-01T08:07:48.829+0000] {processor.py:830} INFO - Processing file /home/airflow/.local/lib/python3.8/site-packages/airflow/example_dags/example_sla_dag.py for tasks to queue
[2026-03-01T08:07:48.831+0000] {logging_mixin.py:188} INFO - [2026-03-01T08:07:48.831+0000] {dagbag.py:538} INFO - Filling up the DagBag from /home/airflow/.local/lib/python3.8/site-packages/airflow/example_dags/example_sla_dag.py
[2026-03-01T08:07:48.840+0000] {processor.py:840} INFO - DAG(s) 'example_sla_dag' retrieved from /home/airflow/.local/lib/python3.8/site-packages/airflow/example_dags/example_sla_dag.py
[2026-03-01T08:07:48.949+0000] {logging_mixin.py:188} INFO - [2026-03-01T08:07:48.948+0000] {override.py:1769} INFO - Created Permission View: can edit on DAG:example_sla_dag
[2026-03-01T08:07:48.960+0000] {logging_mixin.py:188} INFO - [2026-03-01T08:07:48.959+0000] {override.py:1769} INFO - Created Permission View: can delete on DAG:example_sla_dag
[2026-03-01T08:07:48.966+0000] {logging_mixin.py:188} INFO - [2026-03-01T08:07:48.966+0000] {override.py:1769} INFO - Created Permission View: can read on DAG:example_sla_dag
[2026-03-01T08:07:48.967+0000] {logging_mixin.py:188} INFO - [2026-03-01T08:07:48.967+0000] {dag.py:3036} INFO - Sync 1 DAGs
[2026-03-01T08:07:48.977+0000] {logging_mixin.py:188} INFO - [2026-03-01T08:07:48.977+0000] {dag.py:3058} INFO - Creating ORM DAG for example_sla_dag
[2026-03-01T08:07:48.989+0000] {logging_mixin.py:188} INFO - [2026-03-01T08:07:48.989+0000] {dag.py:3823} INFO - Setting next_dagrun for example_sla_dag to 2026-03-01 08:04:00+00:00, run_after=2026-03-01 08:06:00+00:00
[2026-03-01T08:07:49.003+0000] {processor.py:183} INFO - Processing /home/airflow/.local/lib/python3.8/site-packages/airflow/example_dags/example_sla_dag.py took 0.179 seconds
[2026-03-01T08:08:19.743+0000] {processor.py:161} INFO - Started process (PID=146) to work on /home/airflow/.local/lib/python3.8/site-packages/airflow/example_dags/example_sla_dag.py
[2026-03-01T08:08:19.744+0000] {processor.py:830} INFO - Processing file /home/airflow/.local/lib/python3.8/site-packages/airflow/example_dags/example_sla_dag.py for tasks to queue
[2026-03-01T08:08:19.747+0000] {logging_mixin.py:188} INFO - [2026-03-01T08:08:19.747+0000] {dagbag.py:538} INFO - Filling up the DagBag from /home/airflow/.local/lib/python3.8/site-packages/airflow/example_dags/example_sla_dag.py
[2026-03-01T08:08:19.755+0000] {processor.py:840} INFO - DAG(s) 'example_sla_dag' retrieved from /home/airflow/.local/lib/python3.8/site-packages/airflow/example_dags/example_sla_dag.py
[2026-03-01T08:08:19.773+0000] {logging_mixin.py:188} INFO - [2026-03-01T08:08:19.772+0000] {dag.py:3036} INFO - Sync 1 DAGs
[2026-03-01T08:08:19.790+0000] {logging_mixin.py:188} INFO - [2026-03-01T08:08:19.789+0000] {dag.py:3823} INFO - Setting next_dagrun for example_sla_dag to 2026-03-01 08:06:00+00:00, run_after=2026-03-01 08:08:00+00:00
[2026-03-01T08:08:19.804+0000] {processor.py:183} INFO - Processing /home/airflow/.local/lib/python3.8/site-packages/airflow/example_dags/example_sla_dag.py took 0.063 seconds
[2026-03-01T08:08:50.348+0000] {processor.py:161} INFO - Started process (PID=201) to work on /home/airflow/.local/lib/python3.8/site-packages/airflow/example_dags/example_sla_dag.py
[2026-03-01T08:08:50.349+0000] {processor.py:830} INFO - Processing file /home/airflow/.local/lib/python3.8/site-packages/airflow/example_dags/example_sla_dag.py for tasks to queue
[2026-03-01T08:08:50.351+0000] {logging_mixin.py:188} INFO - [2026-03-01T08:08:50.351+0000] {dagbag.py:538} INFO - Filling up the DagBag from /home/airflow/.local/lib/python3.8/site-packages/airflow/example_dags/example_sla_dag.py
[2026-03-01T08:08:50.358+0000] {processor.py:840} INFO - DAG(s) 'example_sla_dag' retrieved from /home/airflow/.local/lib/python3.8/site-packages/airflow/example_dags/example_sla_dag.py
[2026-03-01T08:08:50.375+0000] {logging_mixin.py:188} INFO - [2026-03-01T08:08:50.375+0000] {dag.py:3036} INFO - Sync 1 DAGs
[2026-03-01T08:08:50.393+0000] {logging_mixin.py:188} INFO - [2026-03-01T08:08:50.393+0000] {dag.py:3823} INFO - Setting next_dagrun for example_sla_dag to 2026-03-01 08:06:00+00:00, run_after=2026-03-01 08:08:00+00:00
[2026-03-01T08:08:50.409+0000] {processor.py:183} INFO - Processing /home/airflow/.local/lib/python3.8/site-packages/airflow/example_dags/example_sla_dag.py took 0.064 seconds
[2026-03-01T08:09:20.645+0000] {processor.py:161} INFO - Started process (PID=256) to work on /home/airflow/.local/lib/python3.8/site-packages/airflow/example_dags/example_sla_dag.py
[2026-03-01T08:09:20.646+0000] {processor.py:830} INFO - Processing file /home/airflow/.local/lib/python3.8/site-packages/airflow/example_dags/example_sla_dag.py for tasks to queue
[2026-03-01T08:09:20.648+0000] {logging_mixin.py:188} INFO - [2026-03-01T08:09:20.648+0000] {dagbag.py:538} INFO - Filling up the DagBag from /home/airflow/.local/lib/python3.8/site-packages/airflow/example_dags/example_sla_dag.py
[2026-03-01T08:09:20.655+0000] {processor.py:840} INFO - DAG(s) 'example_sla_dag' retrieved from /home/airflow/.local/lib/python3.8/site-packages/airflow/example_dags/example_sla_dag.py
[2026-03-01T08:09:20.671+0000] {logging_mixin.py:188} INFO - [2026-03-01T08:09:20.671+0000] {dag.py:3036} INFO - Sync 1 DAGs
[2026-03-01T08:09:20.687+0000] {logging_mixin.py:188} INFO - [2026-03-01T08:09:20.686+0000] {dag.py:3823} INFO - Setting next_dagrun for example_sla_dag to 2026-03-01 08:06:00+00:00, run_after=2026-03-01 08:08:00+00:00
[2026-03-01T08:09:20.699+0000] {processor.py:183} INFO - Processing /home/airflow/.local/lib/python3.8/site-packages/airflow/example_dags/example_sla_dag.py took 0.057 seconds
[2026-03-01T08:09:51.090+0000] {processor.py:161} INFO - Started process (PID=311) to work on /home/airflow/.local/lib/python3.8/site-packages/airflow/example_dags/example_sla_dag.py
[2026-03-01T08:09:51.091+0000] {processor.py:830} INFO - Processing file /home/airflow/.local/lib/python3.8/site-packages/airflow/example_dags/example_sla_dag.py for tasks to queue
[2026-03-01T08:09:51.092+0000] {logging_mixin.py:188} INFO - [2026-03-01T08:09:51.092+0000] {dagbag.py:538} INFO - Filling up the DagBag from /home/airflow/.local/lib/python3.8/site-packages/airflow/example_dags/example_sla_dag.py
[2026-03-01T08:09:51.099+0000] {processor.py:840} INFO - DAG(s) 'example_sla_dag' retrieved from /home/airflow/.local/lib/python3.8/site-packages/airflow/example_dags/example_sla_dag.py
[2026-03-01T08:09:51.114+0000] {logging_mixin.py:188} INFO - [2026-03-01T08:09:51.114+0000] {dag.py:3036} INFO - Sync 1 DAGs
[2026-03-01T08:09:51.135+0000] {logging_mixin.py:188} INFO - [2026-03-01T08:09:51.135+0000] {dag.py:3823} INFO - Setting next_dagrun for example_sla_dag to 2026-03-01 08:06:00+00:00, run_after=2026-03-01 08:08:00+00:00
[2026-03-01T08:09:51.155+0000] {processor.py:183} INFO - Processing /home/airflow/.local/lib/python3.8/site-packages/airflow/example_dags/example_sla_dag.py took 0.068 seconds
[2026-03-01T08:10:21.545+0000] {processor.py:161} INFO - Started process (PID=366) to work on /home/airflow/.local/lib/python3.8/site-packages/airflow/example_dags/example_sla_dag.py
[2026-03-01T08:10:21.546+0000] {processor.py:830} INFO - Processing file /home/airflow/.local/lib/python3.8/site-packages/airflow/example_dags/example_sla_dag.py for tasks to queue
[2026-03-01T08:10:21.548+0000] {logging_mixin.py:188} INFO - [2026-03-01T08:10:21.548+0000] {dagbag.py:538} INFO - Filling up the DagBag from /home/airflow/.local/lib/python3.8/site-packages/airflow/example_dags/example_sla_dag.py
[2026-03-01T08:10:21.555+0000] {processor.py:840} INFO - DAG(s) 'example_sla_dag' retrieved from /home/airflow/.local/lib/python3.8/site-packages/airflow/example_dags/example_sla_dag.py
[2026-03-01T08:10:21.570+0000] {logging_mixin.py:188} INFO - [2026-03-01T08:10:21.570+0000] {dag.py:3036} INFO - Sync 1 DAGs
[2026-03-01T08:10:21.588+0000] {logging_mixin.py:188} INFO - [2026-03-01T08:10:21.588+0000] {dag.py:3823} INFO - Setting next_dagrun for example_sla_dag to 2026-03-01 08:08:00+00:00, run_after=2026-03-01 08:10:00+00:00
[2026-03-01T08:10:21.602+0000] {processor.py:183} INFO - Processing /home/airflow/.local/lib/python3.8/site-packages/airflow/example_dags/example_sla_dag.py took 0.062 seconds
[2026-03-01T08:10:52.209+0000] {processor.py:161} INFO - Started process (PID=421) to work on /home/airflow/.local/lib/python3.8/site-packages/airflow/example_dags/example_sla_dag.py
[2026-03-01T08:10:52.210+0000] {processor.py:830} INFO - Processing file /home/airflow/.local/lib/python3.8/site-packages/airflow/example_dags/example_sla_dag.py for tasks to queue
[2026-03-01T08:10:52.212+0000] {logging_mixin.py:188} INFO - [2026-03-01T08:10:52.211+0000] {dagbag.py:538} INFO - Filling up the DagBag from /home/airflow/.local/lib/python3.8/site-packages/airflow/example_dags/example_sla_dag.py
[2026-03-01T08:10:52.218+0000] {processor.py:840} INFO - DAG(s) 'example_sla_dag' retrieved from /home/airflow/.local/lib/python3.8/site-packages/airflow/example_dags/example_sla_dag.py
[2026-03-01T08:10:52.233+0000] {logging_mixin.py:188} INFO - [2026-03-01T08:10:52.233+0000] {dag.py:3036} INFO - Sync 1 DAGs
[2026-03-01T08:10:52.249+0000] {logging_mixin.py:188} INFO - [2026-03-01T08:10:52.249+0000] {dag.py:3823} INFO - Setting next_dagrun for example_sla_dag to 2026-03-01 08:08:00+00:00, run_after=2026-03-01 08:10:00+00:00
[2026-03-01T08:10:52.269+0000] {processor.py:183} INFO - Processing /home/airflow/.local/lib/python3.8/site-packages/airflow/example_dags/example_sla_dag.py took 0.063 seconds
[2026-03-01T08:11:22.679+0000] {processor.py:161} INFO - Started process (PID=482) to work on /home/airflow/.local/lib/python3.8/site-packages/airflow/example_dags/example_sla_dag.py
[2026-03-01T08:11:22.680+0000] {processor.py:830} INFO - Processing file /home/airflow/.local/lib/python3.8/site-packages/airflow/example_dags/example_sla_dag.py for tasks to queue
[2026-03-01T08:11:22.682+0000] {logging_mixin.py:188} INFO - [2026-03-01T08:11:22.682+0000] {dagbag.py:538} INFO - Filling up the DagBag from /home/airflow/.local/lib/python3.8/site-packages/airflow/example_dags/example_sla_dag.py
[2026-03-01T08:11:22.688+0000] {processor.py:840} INFO - DAG(s) 'example_sla_dag' retrieved from /home/airflow/.local/lib/python3.8/site-packages/airflow/example_dags/example_sla_dag.py
[2026-03-01T08:11:22.701+0000] {logging_mixin.py:188} INFO - [2026-03-01T08:11:22.701+0000] {dag.py:3036} INFO - Sync 1 DAGs
[2026-03-01T08:11:22.716+0000] {logging_mixin.py:188} INFO - [2026-03-01T08:11:22.716+0000] {dag.py:3823} INFO - Setting next_dagrun for example_sla_dag to 2026-03-01 08:08:00+00:00, run_after=2026-03-01 08:10:00+00:00
[2026-03-01T08:11:22.727+0000] {processor.py:183} INFO - Processing /home/airflow/.local/lib/python3.8/site-packages/airflow/example_dags/example_sla_dag.py took 0.050 seconds
[2026-03-01T08:11:52.834+0000] {processor.py:161} INFO - Started process (PID=543) to work on /home/airflow/.local/lib/python3.8/site-packages/airflow/example_dags/example_sla_dag.py
[2026-03-01T08:11:52.835+0000] {processor.py:830} INFO - Processing file /home/airflow/.local/lib/python3.8/site-packages/airflow/example_dags/example_sla_dag.py for tasks to queue
[2026-03-01T08:11:52.837+0000] {logging_mixin.py:188} INFO - [2026-03-01T08:11:52.837+0000] {dagbag.py:538} INFO - Filling up the DagBag from /home/airflow/.local/lib/python3.8/site-packages/airflow/example_dags/example_sla_dag.py
[2026-03-01T08:11:52.843+0000] {processor.py:840} INFO - DAG(s) 'example_sla_dag' retrieved from /home/airflow/.local/lib/python3.8/site-packages/airflow/example_dags/example_sla_dag.py
[2026-03-01T08:11:52.857+0000] {logging_mixin.py:188} INFO - [2026-03-01T08:11:52.857+0000] {dag.py:3036} INFO - Sync 1 DAGs
[2026-03-01T08:11:52.873+0000] {logging_mixin.py:188} INFO - [2026-03-01T08:11:52.873+0000] {dag.py:3823} INFO - Setting next_dagrun for example_sla_dag to 2026-03-01 08:08:00+00:00, run_after=2026-03-01 08:10:00+00:00
[2026-03-01T08:11:52.885+0000] {processor.py:183} INFO - Processing /home/airflow/.local/lib/python3.8/site-packages/airflow/example_dags/example_sla_dag.py took 0.053 seconds
[2026-03-01T08:12:23.901+0000] {processor.py:161} INFO - Started process (PID=621) to work on /home/airflow/.local/lib/python3.8/site-packages/airflow/example_dags/example_sla_dag.py
[2026-03-01T08:12:23.902+0000] {processor.py:830} INFO - Processing file /home/airflow/.local/lib/python3.8/site-packages/airflow/example_dags/example_sla_dag.py for tasks to queue
[2026-03-01T08:12:23.903+0000] {logging_mixin.py:188} INFO - [2026-03-01T08:12:23.903+0000] {dagbag.py:538} INFO - Filling up the DagBag from /home/airflow/.local/lib/python3.8/site-packages/airflow/example_dags/example_sla_dag.py
[2026-03-01T08:12:23.909+0000] {processor.py:840} INFO - DAG(s) 'example_sla_dag' retrieved from /home/airflow/.local/lib/python3.8/site-packages/airflow/example_dags/example_sla_dag.py
[2026-03-01T08:12:23.923+0000] {logging_mixin.py:188} INFO - [2026-03-01T08:12:23.923+0000] {dag.py:3036} INFO - Sync 1 DAGs
[2026-03-01T08:12:23.938+0000] {logging_mixin.py:188} INFO - [2026-03-01T08:12:23.938+0000] {dag.py:3823} INFO - Setting next_dagrun for example_sla_dag to 2026-03-01 08:10:00+00:00, run_after=2026-03-01 08:12:00+00:00
[2026-03-01T08:12:23.959+0000] {processor.py:183} INFO - Processing /home/airflow/.local/lib/python3.8/site-packages/airflow/example_dags/example_sla_dag.py took 0.061 seconds
[2026-03-01T08:12:54.207+0000] {processor.py:161} INFO - Started process (PID=675) to work on /home/airflow/.local/lib/python3.8/site-packages/airflow/example_dags/example_sla_dag.py
[2026-03-01T08:12:54.208+0000] {processor.py:830} INFO - Processing file /home/airflow/.local/lib/python3.8/site-packages/airflow/example_dags/example_sla_dag.py for tasks to queue
[2026-03-01T08:12:54.209+0000] {logging_mixin.py:188} INFO - [2026-03-01T08:12:54.209+0000] {dagbag.py:538} INFO - Filling up the DagBag from /home/airflow/.local/lib/python3.8/site-packages/airflow/example_dags/example_sla_dag.py
[2026-03-01T08:12:54.215+0000] {processor.py:840} INFO - DAG(s) 'example_sla_dag' retrieved from /home/airflow/.local/lib/python3.8/site-packages/airflow/example_dags/example_sla_dag.py
[2026-03-01T08:12:54.230+0000] {logging_mixin.py:188} INFO - [2026-03-01T08:12:54.230+0000] {dag.py:3036} INFO - Sync 1 DAGs
[2026-03-01T08:12:54.245+0000] {logging_mixin.py:188} INFO - [2026-03-01T08:12:54.245+0000] {dag.py:3823} INFO - Setting next_dagrun for example_sla_dag to 2026-03-01 08:10:00+00:00, run_after=2026-03-01 08:12:00+00:00
[2026-03-01T08:12:54.259+0000] {processor.py:183} INFO - Processing /home/airflow/.local/lib/python3.8/site-packages/airflow/example_dags/example_sla_dag.py took 0.055 seconds
[2026-03-01T08:13:24.354+0000] {processor.py:161} INFO - Started process (PID=730) to work on /home/airflow/.local/lib/python3.8/site-packages/airflow/example_dags/example_sla_dag.py
[2026-03-01T08:13:24.355+0000] {processor.py:830} INFO - Processing file /home/airflow/.local/lib/python3.8/site-packages/airflow/example_dags/example_sla_dag.py for tasks to queue
[2026-03-01T08:13:24.357+0000] {logging_mixin.py:188} INFO - [2026-03-01T08:13:24.357+0000] {dagbag.py:538} INFO - Filling up the DagBag from /home/airflow/.local/lib/python3.8/site-packages/airflow/example_dags/example_sla_dag.py
[2026-03-01T08:13:24.362+0000] {processor.py:840} INFO - DAG(s) 'example_sla_dag' retrieved from /home/airflow/.local/lib/python3.8/site-packages/airflow/example_dags/example_sla_dag.py
[2026-03-01T08:13:24.377+0000] {logging_mixin.py:188} INFO - [2026-03-01T08:13:24.377+0000] {dag.py:3036} INFO - Sync 1 DAGs
[2026-03-01T08:13:24.391+0000] {logging_mixin.py:188} INFO - [2026-03-01T08:13:24.391+0000] {dag.py:3823} INFO - Setting next_dagrun for example_sla_dag to 2026-03-01 08:10:00+00:00, run_after=2026-03-01 08:12:00+00:00
[2026-03-01T08:13:24.403+0000] {processor.py:183} INFO - Processing /home/airflow/.local/lib/python3.8/site-packages/airflow/example_dags/example_sla_dag.py took 0.051 seconds
[2026-03-01T08:13:54.757+0000] {processor.py:161} INFO - Started process (PID=808) to work on /home/airflow/.local/lib/python3.8/site-packages/airflow/example_dags/example_sla_dag.py
[2026-03-01T08:13:54.758+0000] {processor.py:830} INFO - Processing file /home/airflow/.local/lib/python3.8/site-packages/airflow/example_dags/example_sla_dag.py for tasks to queue
[2026-03-01T08:13:54.759+0000] {logging_mixin.py:188} INFO - [2026-03-01T08:13:54.759+0000] {dagbag.py:538} INFO - Filling up the DagBag from /home/airflow/.local/lib/python3.8/site-packages/airflow/example_dags/example_sla_dag.py
[2026-03-01T08:13:54.765+0000] {processor.py:840} INFO - DAG(s) 'example_sla_dag' retrieved from /home/airflow/.local/lib/python3.8/site-packages/airflow/example_dags/example_sla_dag.py
[2026-03-01T08:13:54.780+0000] {logging_mixin.py:188} INFO - [2026-03-01T08:13:54.780+0000] {dag.py:3036} INFO - Sync 1 DAGs
[2026-03-01T08:13:54.794+0000] {logging_mixin.py:188} INFO - [2026-03-01T08:13:54.794+0000] {dag.py:3823} INFO - Setting next_dagrun for example_sla_dag to 2026-03-01 08:10:00+00:00, run_after=2026-03-01 08:12:00+00:00
[2026-03-01T08:13:54.810+0000] {processor.py:183} INFO - Processing /home/airflow/.local/lib/python3.8/site-packages/airflow/example_dags/example_sla_dag.py took 0.055 seconds
[2026-03-01T08:14:24.953+0000] {processor.py:161} INFO - Started process (PID=885) to work on /home/airflow/.local/lib/python3.8/site-packages/airflow/example_dags/example_sla_dag.py
[2026-03-01T08:14:24.954+0000] {processor.py:830} INFO - Processing file /home/airflow/.local/lib/python3.8/site-packages/airflow/example_dags/example_sla_dag.py for tasks to queue
[2026-03-01T08:14:24.956+0000] {logging_mixin.py:188} INFO - [2026-03-01T08:14:24.955+0000] {dagbag.py:538} INFO - Filling up the DagBag from /home/airflow/.local/lib/python3.8/site-packages/airflow/example_dags/example_sla_dag.py
[2026-03-01T08:14:24.961+0000] {processor.py:840} INFO - DAG(s) 'example_sla_dag' retrieved from /home/airflow/.local/lib/python3.8/site-packages/airflow/example_dags/example_sla_dag.py
[2026-03-01T08:14:24.969+0000] {logging_mixin.py:188} INFO - [2026-03-01T08:14:24.969+0000] {dag.py:3036} INFO - Sync 1 DAGs
[2026-03-01T08:14:24.984+0000] {logging_mixin.py:188} INFO - [2026-03-01T08:14:24.984+0000] {dag.py:3823} INFO - Setting next_dagrun for example_sla_dag to 2026-03-01 08:12:00+00:00, run_after=2026-03-01 08:14:00+00:00
[2026-03-01T08:14:25.003+0000] {processor.py:183} INFO - Processing /home/airflow/.local/lib/python3.8/site-packages/airflow/example_dags/example_sla_dag.py took 0.052 seconds
[2026-03-01T08:14:55.642+0000] {processor.py:161} INFO - Started process (PID=940) to work on /home/airflow/.local/lib/python3.8/site-packages/airflow/example_dags/example_sla_dag.py
[2026-03-01T08:14:55.642+0000] {processor.py:830} INFO - Processing file /home/airflow/.local/lib/python3.8/site-packages/airflow/example_dags/example_sla_dag.py for tasks to queue
[2026-03-01T08:14:55.644+0000] {logging_mixin.py:188} INFO - [2026-03-01T08:14:55.644+0000] {dagbag.py:538} INFO - Filling up the DagBag from /home/airflow/.local/lib/python3.8/site-packages/airflow/example_dags/example_sla_dag.py
[2026-03-01T08:14:55.651+0000] {processor.py:840} INFO - DAG(s) 'example_sla_dag' retrieved from /home/airflow/.local/lib/python3.8/site-packages/airflow/example_dags/example_sla_dag.py
[2026-03-01T08:14:55.708+0000] {logging_mixin.py:188} INFO - [2026-03-01T08:14:55.708+0000] {dag.py:3036} INFO - Sync 1 DAGs
[2026-03-01T08:14:55.722+0000] {logging_mixin.py:188} INFO - [2026-03-01T08:14:55.722+0000] {dag.py:3823} INFO - Setting next_dagrun for example_sla_dag to 2026-03-01 08:12:00+00:00, run_after=2026-03-01 08:14:00+00:00
[2026-03-01T08:14:55.735+0000] {processor.py:183} INFO - Processing /home/airflow/.local/lib/python3.8/site-packages/airflow/example_dags/example_sla_dag.py took 0.096 seconds
[2026-03-01T08:15:26.165+0000] {processor.py:161} INFO - Started process (PID=995) to work on /home/airflow/.local/lib/python3.8/site-packages/airflow/example_dags/example_sla_dag.py
[2026-03-01T08:15:26.167+0000] {processor.py:830} INFO - Processing file /home/airflow/.local/lib/python3.8/site-packages/airflow/example_dags/example_sla_dag.py for tasks to queue
[2026-03-01T08:15:26.168+0000] {logging_mixin.py:188} INFO - [2026-03-01T08:15:26.168+0000] {dagbag.py:538} INFO - Filling up the DagBag from /home/airflow/.local/lib/python3.8/site-packages/airflow/example_dags/example_sla_dag.py
[2026-03-01T08:15:26.174+0000] {processor.py:840} INFO - DAG(s) 'example_sla_dag' retrieved from /home/airflow/.local/lib/python3.8/site-packages/airflow/example_dags/example_sla_dag.py
[2026-03-01T08:15:26.188+0000] {logging_mixin.py:188} INFO - [2026-03-01T08:15:26.188+0000] {dag.py:3036} INFO - Sync 1 DAGs
[2026-03-01T08:15:26.203+0000] {logging_mixin.py:188} INFO - [2026-03-01T08:15:26.202+0000] {dag.py:3823} INFO - Setting next_dagrun for example_sla_dag to 2026-03-01 08:12:00+00:00, run_after=2026-03-01 08:14:00+00:00
[2026-03-01T08:15:26.215+0000] {processor.py:183} INFO - Processing /home/airflow/.local/lib/python3.8/site-packages/airflow/example_dags/example_sla_dag.py took 0.052 seconds
[2026-03-01T08:15:56.457+0000] {processor.py:161} INFO - Started process (PID=1057) to work on /home/airflow/.local/lib/python3.8/site-packages/airflow/example_dags/example_sla_dag.py
[2026-03-01T08:15:56.458+0000] {processor.py:830} INFO - Processing file /home/airflow/.local/lib/python3.8/site-packages/airflow/example_dags/example_sla_dag.py for tasks to queue
[2026-03-01T08:15:56.460+0000] {logging_mixin.py:188} INFO - [2026-03-01T08:15:56.460+0000] {dagbag.py:538} INFO - Filling up the DagBag from /home/airflow/.local/lib/python3.8/site-packages/airflow/example_dags/example_sla_dag.py
[2026-03-01T08:15:56.465+0000] {processor.py:840} INFO - DAG(s) 'example_sla_dag' retrieved from /home/airflow/.local/lib/python3.8/site-packages/airflow/example_dags/example_sla_dag.py
[2026-03-01T08:15:56.479+0000] {logging_mixin.py:188} INFO - [2026-03-01T08:15:56.479+0000] {dag.py:3036} INFO - Sync 1 DAGs
[2026-03-01T08:15:56.492+0000] {logging_mixin.py:188} INFO - [2026-03-01T08:15:56.492+0000] {dag.py:3823} INFO - Setting next_dagrun for example_sla_dag to 2026-03-01 08:12:00+00:00, run_after=2026-03-01 08:14:00+00:00
[2026-03-01T08:15:56.513+0000] {processor.py:183} INFO - Processing /home/airflow/.local/lib/python3.8/site-packages/airflow/example_dags/example_sla_dag.py took 0.059 seconds
[2026-03-01T08:16:26.852+0000] {processor.py:161} INFO - Started process (PID=1128) to work on /home/airflow/.local/lib/python3.8/site-packages/airflow/example_dags/example_sla_dag.py
[2026-03-01T08:16:26.853+0000] {processor.py:830} INFO - Processing file /home/airflow/.local/lib/python3.8/site-packages/airflow/example_dags/example_sla_dag.py for tasks to queue
[2026-03-01T08:16:26.855+0000] {logging_mixin.py:188} INFO - [2026-03-01T08:16:26.855+0000] {dagbag.py:538} INFO - Filling up the DagBag from /home/airflow/.local/lib/python3.8/site-packages/airflow/example_dags/example_sla_dag.py
[2026-03-01T08:16:26.862+0000] {processor.py:840} INFO - DAG(s) 'example_sla_dag' retrieved from /home/airflow/.local/lib/python3.8/site-packages/airflow/example_dags/example_sla_dag.py
[2026-03-01T08:16:26.878+0000] {logging_mixin.py:188} INFO - [2026-03-01T08:16:26.877+0000] {dag.py:3036} INFO - Sync 1 DAGs
[2026-03-01T08:16:26.894+0000] {logging_mixin.py:188} INFO - [2026-03-01T08:16:26.894+0000] {dag.py:3823} INFO - Setting next_dagrun for example_sla_dag to 2026-03-01 08:14:00+00:00, run_after=2026-03-01 08:16:00+00:00
[2026-03-01T08:16:26.908+0000] {processor.py:183} INFO - Processing /home/airflow/.local/lib/python3.8/site-packages/airflow/example_dags/example_sla_dag.py took 0.059 seconds
[2026-03-01T08:16:57.105+0000] {processor.py:161} INFO - Started process (PID=1189) to work on /home/airflow/.local/lib/python3.8/site-packages/airflow/example_dags/example_sla_dag.py
[2026-03-01T08:16:57.107+0000] {processor.py:830} INFO - Processing file /home/airflow/.local/lib/python3.8/site-packages/airflow/example_dags/example_sla_dag.py for tasks to queue
[2026-03-01T08:16:57.108+0000] {logging_mixin.py:188} INFO - [2026-03-01T08:16:57.108+0000] {dagbag.py:538} INFO - Filling up the DagBag from /home/airflow/.local/lib/python3.8/site-packages/airflow/example_dags/example_sla_dag.py
[2026-03-01T08:16:57.115+0000] {processor.py:840} INFO - DAG(s) 'example_sla_dag' retrieved from /home/airflow/.local/lib/python3.8/site-packages/airflow/example_dags/example_sla_dag.py
[2026-03-01T08:16:57.131+0000] {logging_mixin.py:188} INFO - [2026-03-01T08:16:57.130+0000] {dag.py:3036} INFO - Sync 1 DAGs
[2026-03-01T08:16:57.146+0000] {logging_mixin.py:188} INFO - [2026-03-01T08:16:57.146+0000] {dag.py:3823} INFO - Setting next_dagrun for example_sla_dag to 2026-03-01 08:14:00+00:00, run_after=2026-03-01 08:16:00+00:00
[2026-03-01T08:16:57.159+0000] {processor.py:183} INFO - Processing /home/airflow/.local/lib/python3.8/site-packages/airflow/example_dags/example_sla_dag.py took 0.056 seconds
[2026-03-01T08:17:27.355+0000] {processor.py:161} INFO - Started process (PID=1267) to work on /home/airflow/.local/lib/python3.8/site-packages/airflow/example_dags/example_sla_dag.py
[2026-03-01T08:17:27.356+0000] {processor.py:830} INFO - Processing file /home/airflow/.local/lib/python3.8/site-packages/airflow/example_dags/example_sla_dag.py for tasks to queue
[2026-03-01T08:17:27.357+0000] {logging_mixin.py:188} INFO - [2026-03-01T08:17:27.357+0000] {dagbag.py:538} INFO - Filling up the DagBag from /home/airflow/.local/lib/python3.8/site-packages/airflow/example_dags/example_sla_dag.py
[2026-03-01T08:17:27.364+0000] {processor.py:840} INFO - DAG(s) 'example_sla_dag' retrieved from /home/airflow/.local/lib/python3.8/site-packages/airflow/example_dags/example_sla_dag.py
[2026-03-01T08:17:27.379+0000] {logging_mixin.py:188} INFO - [2026-03-01T08:17:27.379+0000] {dag.py:3036} INFO - Sync 1 DAGs
[2026-03-01T08:17:27.394+0000] {logging_mixin.py:188} INFO - [2026-03-01T08:17:27.394+0000] {dag.py:3823} INFO - Setting next_dagrun for example_sla_dag to 2026-03-01 08:14:00+00:00, run_after=2026-03-01 08:16:00+00:00
[2026-03-01T08:17:27.406+0000] {processor.py:183} INFO - Processing /home/airflow/.local/lib/python3.8/site-packages/airflow/example_dags/example_sla_dag.py took 0.054 seconds
[2026-03-01T08:17:57.592+0000] {processor.py:161} INFO - Started process (PID=1323) to work on /home/airflow/.local/lib/python3.8/site-packages/airflow/example_dags/example_sla_dag.py
[2026-03-01T08:17:57.594+0000] {processor.py:830} INFO - Processing file /home/airflow/.local/lib/python3.8/site-packages/airflow/example_dags/example_sla_dag.py for tasks to queue
[2026-03-01T08:17:57.595+0000] {logging_mixin.py:188} INFO - [2026-03-01T08:17:57.595+0000] {dagbag.py:538} INFO - Filling up the DagBag from /home/airflow/.local/lib/python3.8/site-packages/airflow/example_dags/example_sla_dag.py
[2026-03-01T08:17:57.602+0000] {processor.py:840} INFO - DAG(s) 'example_sla_dag' retrieved from /home/airflow/.local/lib/python3.8/site-packages/airflow/example_dags/example_sla_dag.py
[2026-03-01T08:17:57.616+0000] {logging_mixin.py:188} INFO - [2026-03-01T08:17:57.616+0000] {dag.py:3036} INFO - Sync 1 DAGs
[2026-03-01T08:17:57.632+0000] {logging_mixin.py:188} INFO - [2026-03-01T08:17:57.631+0000] {dag.py:3823} INFO - Setting next_dagrun for example_sla_dag to 2026-03-01 08:14:00+00:00, run_after=2026-03-01 08:16:00+00:00
[2026-03-01T08:17:57.645+0000] {processor.py:183} INFO - Processing /home/airflow/.local/lib/python3.8/site-packages/airflow/example_dags/example_sla_dag.py took 0.055 seconds
[2026-03-01T08:18:28.244+0000] {processor.py:161} INFO - Started process (PID=1379) to work on /home/airflow/.local/lib/python3.8/site-packages/airflow/example_dags/example_sla_dag.py
[2026-03-01T08:18:28.246+0000] {processor.py:830} INFO - Processing file /home/airflow/.local/lib/python3.8/site-packages/airflow/example_dags/example_sla_dag.py for tasks to queue
[2026-03-01T08:18:28.248+0000] {logging_mixin.py:188} INFO - [2026-03-01T08:18:28.248+0000] {dagbag.py:538} INFO - Filling up the DagBag from /home/airflow/.local/lib/python3.8/site-packages/airflow/example_dags/example_sla_dag.py
[2026-03-01T08:18:28.255+0000] {processor.py:840} INFO - DAG(s) 'example_sla_dag' retrieved from /home/airflow/.local/lib/python3.8/site-packages/airflow/example_dags/example_sla_dag.py
[2026-03-01T08:18:28.275+0000] {logging_mixin.py:188} INFO - [2026-03-01T08:18:28.275+0000] {dag.py:3036} INFO - Sync 1 DAGs
[2026-03-01T08:18:28.294+0000] {logging_mixin.py:188} INFO - [2026-03-01T08:18:28.294+0000] {dag.py:3823} INFO - Setting next_dagrun for example_sla_dag to 2026-03-01 08:16:00+00:00, run_after=2026-03-01 08:18:00+00:00
[2026-03-01T08:18:28.316+0000] {processor.py:183} INFO - Processing /home/airflow/.local/lib/python3.8/site-packages/airflow/example_dags/example_sla_dag.py took 0.075 seconds
[2026-03-01T08:18:58.500+0000] {processor.py:161} INFO - Started process (PID=1435) to work on /home/airflow/.local/lib/python3.8/site-packages/airflow/example_dags/example_sla_dag.py
[2026-03-01T08:18:58.501+0000] {processor.py:830} INFO - Processing file /home/airflow/.local/lib/python3.8/site-packages/airflow/example_dags/example_sla_dag.py for tasks to queue
[2026-03-01T08:18:58.503+0000] {logging_mixin.py:188} INFO - [2026-03-01T08:18:58.502+0000] {dagbag.py:538} INFO - Filling up the DagBag from /home/airflow/.local/lib/python3.8/site-packages/airflow/example_dags/example_sla_dag.py
[2026-03-01T08:18:58.509+0000] {processor.py:840} INFO - DAG(s) 'example_sla_dag' retrieved from /home/airflow/.local/lib/python3.8/site-packages/airflow/example_dags/example_sla_dag.py
[2026-03-01T08:18:58.525+0000] {logging_mixin.py:188} INFO - [2026-03-01T08:18:58.525+0000] {dag.py:3036} INFO - Sync 1 DAGs
[2026-03-01T08:18:58.541+0000] {logging_mixin.py:188} INFO - [2026-03-01T08:18:58.541+0000] {dag.py:3823} INFO - Setting next_dagrun for example_sla_dag to 2026-03-01 08:16:00+00:00, run_after=2026-03-01 08:18:00+00:00
[2026-03-01T08:18:58.553+0000] {processor.py:183} INFO - Processing /home/airflow/.local/lib/python3.8/site-packages/airflow/example_dags/example_sla_dag.py took 0.055 seconds
[2026-03-01T08:19:28.779+0000] {processor.py:161} INFO - Started process (PID=1491) to work on /home/airflow/.local/lib/python3.8/site-packages/airflow/example_dags/example_sla_dag.py
[2026-03-01T08:19:28.780+0000] {processor.py:830} INFO - Processing file /home/airflow/.local/lib/python3.8/site-packages/airflow/example_dags/example_sla_dag.py for tasks to queue
[2026-03-01T08:19:28.781+0000] {logging_mixin.py:188} INFO - [2026-03-01T08:19:28.781+0000] {dagbag.py:538} INFO - Filling up the DagBag from /home/airflow/.local/lib/python3.8/site-packages/airflow/example_dags/example_sla_dag.py
[2026-03-01T08:19:28.788+0000] {processor.py:840} INFO - DAG(s) 'example_sla_dag' retrieved from /home/airflow/.local/lib/python3.8/site-packages/airflow/example_dags/example_sla_dag.py
[2026-03-01T08:19:28.803+0000] {logging_mixin.py:188} INFO - [2026-03-01T08:19:28.803+0000] {dag.py:3036} INFO - Sync 1 DAGs
[2026-03-01T08:19:28.818+0000] {logging_mixin.py:188} INFO - [2026-03-01T08:19:28.818+0000] {dag.py:3823} INFO - Setting next_dagrun for example_sla_dag to 2026-03-01 08:16:00+00:00, run_after=2026-03-01 08:18:00+00:00
[2026-03-01T08:19:28.832+0000] {processor.py:183} INFO - Processing /home/airflow/.local/lib/python3.8/site-packages/airflow/example_dags/example_sla_dag.py took 0.056 seconds
[2026-03-01T08:19:58.959+0000] {processor.py:161} INFO - Started process (PID=1547) to work on /home/airflow/.local/lib/python3.8/site-packages/airflow/example_dags/example_sla_dag.py
[2026-03-01T08:19:58.960+0000] {processor.py:830} INFO - Processing file /home/airflow/.local/lib/python3.8/site-packages/airflow/example_dags/example_sla_dag.py for tasks to queue
[2026-03-01T08:19:58.962+0000] {logging_mixin.py:188} INFO - [2026-03-01T08:19:58.962+0000] {dagbag.py:538} INFO - Filling up the DagBag from /home/airflow/.local/lib/python3.8/site-packages/airflow/example_dags/example_sla_dag.py
[2026-03-01T08:19:58.968+0000] {processor.py:840} INFO - DAG(s) 'example_sla_dag' retrieved from /home/airflow/.local/lib/python3.8/site-packages/airflow/example_dags/example_sla_dag.py
[2026-03-01T08:19:58.983+0000] {logging_mixin.py:188} INFO - [2026-03-01T08:19:58.983+0000] {dag.py:3036} INFO - Sync 1 DAGs
[2026-03-01T08:19:58.998+0000] {logging_mixin.py:188} INFO - [2026-03-01T08:19:58.998+0000] {dag.py:3823} INFO - Setting next_dagrun for example_sla_dag to 2026-03-01 08:16:00+00:00, run_after=2026-03-01 08:18:00+00:00
[2026-03-01T08:19:59.011+0000] {processor.py:183} INFO - Processing /home/airflow/.local/lib/python3.8/site-packages/airflow/example_dags/example_sla_dag.py took 0.054 seconds
[2026-03-01T08:20:29.286+0000] {processor.py:161} INFO - Started process (PID=1603) to work on /home/airflow/.local/lib/python3.8/site-packages/airflow/example_dags/example_sla_dag.py
[2026-03-01T08:20:29.287+0000] {processor.py:830} INFO - Processing file /home/airflow/.local/lib/python3.8/site-packages/airflow/example_dags/example_sla_dag.py for tasks to queue
[2026-03-01T08:20:29.289+0000] {logging_mixin.py:188} INFO - [2026-03-01T08:20:29.289+0000] {dagbag.py:538} INFO - Filling up the DagBag from /home/airflow/.local/lib/python3.8/site-packages/airflow/example_dags/example_sla_dag.py
[2026-03-01T08:20:29.296+0000] {processor.py:840} INFO - DAG(s) 'example_sla_dag' retrieved from /home/airflow/.local/lib/python3.8/site-packages/airflow/example_dags/example_sla_dag.py
[2026-03-01T08:20:29.313+0000] {logging_mixin.py:188} INFO - [2026-03-01T08:20:29.313+0000] {dag.py:3036} INFO - Sync 1 DAGs
[2026-03-01T08:20:29.331+0000] {logging_mixin.py:188} INFO - [2026-03-01T08:20:29.331+0000] {dag.py:3823} INFO - Setting next_dagrun for example_sla_dag to 2026-03-01 08:18:00+00:00, run_after=2026-03-01 08:20:00+00:00
[2026-03-01T08:20:29.346+0000] {processor.py:183} INFO - Processing /home/airflow/.local/lib/python3.8/site-packages/airflow/example_dags/example_sla_dag.py took 0.063 seconds
[2026-03-01T08:21:00.278+0000] {processor.py:161} INFO - Started process (PID=1659) to work on /home/airflow/.local/lib/python3.8/site-packages/airflow/example_dags/example_sla_dag.py
[2026-03-01T08:21:00.279+0000] {processor.py:830} INFO - Processing file /home/airflow/.local/lib/python3.8/site-packages/airflow/example_dags/example_sla_dag.py for tasks to queue
[2026-03-01T08:21:00.281+0000] {logging_mixin.py:188} INFO - [2026-03-01T08:21:00.281+0000] {dagbag.py:538} INFO - Filling up the DagBag from /home/airflow/.local/lib/python3.8/site-packages/airflow/example_dags/example_sla_dag.py
[2026-03-01T08:21:00.288+0000] {processor.py:840} INFO - DAG(s) 'example_sla_dag' retrieved from /home/airflow/.local/lib/python3.8/site-packages/airflow/example_dags/example_sla_dag.py
[2026-03-01T08:21:00.308+0000] {logging_mixin.py:188} INFO - [2026-03-01T08:21:00.308+0000] {dag.py:3036} INFO - Sync 1 DAGs
[2026-03-01T08:21:00.326+0000] {logging_mixin.py:188} INFO - [2026-03-01T08:21:00.325+0000] {dag.py:3823} INFO - Setting next_dagrun for example_sla_dag to 2026-03-01 08:18:00+00:00, run_after=2026-03-01 08:20:00+00:00
[2026-03-01T08:21:00.338+0000] {processor.py:183} INFO - Processing /home/airflow/.local/lib/python3.8/site-packages/airflow/example_dags/example_sla_dag.py took 0.064 seconds
[2026-03-01T08:21:30.596+0000] {processor.py:161} INFO - Started process (PID=1715) to work on /home/airflow/.local/lib/python3.8/site-packages/airflow/example_dags/example_sla_dag.py
[2026-03-01T08:21:30.598+0000] {processor.py:830} INFO - Processing file /home/airflow/.local/lib/python3.8/site-packages/airflow/example_dags/example_sla_dag.py for tasks to queue
[2026-03-01T08:21:30.600+0000] {logging_mixin.py:188} INFO - [2026-03-01T08:21:30.600+0000] {dagbag.py:538} INFO - Filling up the DagBag from /home/airflow/.local/lib/python3.8/site-packages/airflow/example_dags/example_sla_dag.py
[2026-03-01T08:21:30.607+0000] {processor.py:840} INFO - DAG(s) 'example_sla_dag' retrieved from /home/airflow/.local/lib/python3.8/site-packages/airflow/example_dags/example_sla_dag.py
[2026-03-01T08:21:30.623+0000] {logging_mixin.py:188} INFO - [2026-03-01T08:21:30.622+0000] {dag.py:3036} INFO - Sync 1 DAGs
[2026-03-01T08:21:30.639+0000] {logging_mixin.py:188} INFO - [2026-03-01T08:21:30.639+0000] {dag.py:3823} INFO - Setting next_dagrun for example_sla_dag to 2026-03-01 08:18:00+00:00, run_after=2026-03-01 08:20:00+00:00
[2026-03-01T08:21:30.655+0000] {processor.py:183} INFO - Processing /home/airflow/.local/lib/python3.8/site-packages/airflow/example_dags/example_sla_dag.py took 0.061 seconds
[2026-03-01T08:22:00.912+0000] {processor.py:161} INFO - Started process (PID=1770) to work on /home/airflow/.local/lib/python3.8/site-packages/airflow/example_dags/example_sla_dag.py
[2026-03-01T08:22:00.914+0000] {processor.py:830} INFO - Processing file /home/airflow/.local/lib/python3.8/site-packages/airflow/example_dags/example_sla_dag.py for tasks to queue
[2026-03-01T08:22:00.916+0000] {logging_mixin.py:188} INFO - [2026-03-01T08:22:00.916+0000] {dagbag.py:538} INFO - Filling up the DagBag from /home/airflow/.local/lib/python3.8/site-packages/airflow/example_dags/example_sla_dag.py
[2026-03-01T08:22:00.922+0000] {processor.py:840} INFO - DAG(s) 'example_sla_dag' retrieved from /home/airflow/.local/lib/python3.8/site-packages/airflow/example_dags/example_sla_dag.py
[2026-03-01T08:22:00.940+0000] {logging_mixin.py:188} INFO - [2026-03-01T08:22:00.939+0000] {dag.py:3036} INFO - Sync 1 DAGs
[2026-03-01T08:22:00.956+0000] {logging_mixin.py:188} INFO - [2026-03-01T08:22:00.956+0000] {dag.py:3823} INFO - Setting next_dagrun for example_sla_dag to 2026-03-01 08:20:00+00:00, run_after=2026-03-01 08:22:00+00:00
[2026-03-01T08:22:00.970+0000] {processor.py:183} INFO - Processing /home/airflow/.local/lib/python3.8/site-packages/airflow/example_dags/example_sla_dag.py took 0.061 seconds
[2026-03-01T08:22:31.225+0000] {processor.py:161} INFO - Started process (PID=1826) to work on /home/airflow/.local/lib/python3.8/site-packages/airflow/example_dags/example_sla_dag.py
[2026-03-01T08:22:31.226+0000] {processor.py:830} INFO - Processing file /home/airflow/.local/lib/python3.8/site-packages/airflow/example_dags/example_sla_dag.py for tasks to queue
[2026-03-01T08:22:31.228+0000] {logging_mixin.py:188} INFO - [2026-03-01T08:22:31.227+0000] {dagbag.py:538} INFO - Filling up the DagBag from /home/airflow/.local/lib/python3.8/site-packages/airflow/example_dags/example_sla_dag.py
[2026-03-01T08:22:31.233+0000] {processor.py:840} INFO - DAG(s) 'example_sla_dag' retrieved from /home/airflow/.local/lib/python3.8/site-packages/airflow/example_dags/example_sla_dag.py
[2026-03-01T08:22:31.248+0000] {logging_mixin.py:188} INFO - [2026-03-01T08:22:31.248+0000] {dag.py:3036} INFO - Sync 1 DAGs
[2026-03-01T08:22:31.265+0000] {logging_mixin.py:188} INFO - [2026-03-01T08:22:31.265+0000] {dag.py:3823} INFO - Setting next_dagrun for example_sla_dag to 2026-03-01 08:20:00+00:00, run_after=2026-03-01 08:22:00+00:00
[2026-03-01T08:22:31.278+0000] {processor.py:183} INFO - Processing /home/airflow/.local/lib/python3.8/site-packages/airflow/example_dags/example_sla_dag.py took 0.055 seconds
[2026-03-01T08:23:01.658+0000] {processor.py:161} INFO - Started process (PID=1882) to work on /home/airflow/.local/lib/python3.8/site-packages/airflow/example_dags/example_sla_dag.py
[2026-03-01T08:23:01.659+0000] {processor.py:830} INFO - Processing file /home/airflow/.local/lib/python3.8/site-packages/airflow/example_dags/example_sla_dag.py for tasks to queue
[2026-03-01T08:23:01.660+0000] {logging_mixin.py:188} INFO - [2026-03-01T08:23:01.660+0000] {dagbag.py:538} INFO - Filling up the DagBag from /home/airflow/.local/lib/python3.8/site-packages/airflow/example_dags/example_sla_dag.py
[2026-03-01T08:23:01.666+0000] {processor.py:840} INFO - DAG(s) 'example_sla_dag' retrieved from /home/airflow/.local/lib/python3.8/site-packages/airflow/example_dags/example_sla_dag.py
[2026-03-01T08:23:01.681+0000] {logging_mixin.py:188} INFO - [2026-03-01T08:23:01.680+0000] {dag.py:3036} INFO - Sync 1 DAGs
[2026-03-01T08:23:01.694+0000] {logging_mixin.py:188} INFO - [2026-03-01T08:23:01.694+0000] {dag.py:3823} INFO - Setting next_dagrun for example_sla_dag to 2026-03-01 08:20:00+00:00, run_after=2026-03-01 08:22:00+00:00
[2026-03-01T08:23:01.706+0000] {processor.py:183} INFO - Processing /home/airflow/.local/lib/python3.8/site-packages/airflow/example_dags/example_sla_dag.py took 0.051 seconds
[2026-03-01T08:23:31.914+0000] {processor.py:161} INFO - Started process (PID=1938) to work on /home/airflow/.local/lib/python3.8/site-packages/airflow/example_dags/example_sla_dag.py
[2026-03-01T08:23:31.916+0000] {processor.py:830} INFO - Processing file /home/airflow/.local/lib/python3.8/site-packages/airflow/example_dags/example_sla_dag.py for tasks to queue
[2026-03-01T08:23:31.918+0000] {logging_mixin.py:188} INFO - [2026-03-01T08:23:31.918+0000] {dagbag.py:538} INFO - Filling up the DagBag from /home/airflow/.local/lib/python3.8/site-packages/airflow/example_dags/example_sla_dag.py
[2026-03-01T08:23:31.924+0000] {processor.py:840} INFO - DAG(s) 'example_sla_dag' retrieved from /home/airflow/.local/lib/python3.8/site-packages/airflow/example_dags/example_sla_dag.py
[2026-03-01T08:23:31.939+0000] {logging_mixin.py:188} INFO - [2026-03-01T08:23:31.939+0000] {dag.py:3036} INFO - Sync 1 DAGs
[2026-03-01T08:23:31.953+0000] {logging_mixin.py:188} INFO - [2026-03-01T08:23:31.953+0000] {dag.py:3823} INFO - Setting next_dagrun for example_sla_dag to 2026-03-01 08:20:00+00:00, run_after=2026-03-01 08:22:00+00:00
[2026-03-01T08:23:31.967+0000] {processor.py:183} INFO - Processing /home/airflow/.local/lib/python3.8/site-packages/airflow/example_dags/example_sla_dag.py took 0.055 seconds
[2026-03-01T08:24:02.178+0000] {processor.py:161} INFO - Started process (PID=1994) to work on /home/airflow/.local/lib/python3.8/site-packages/airflow/example_dags/example_sla_dag.py
[2026-03-01T08:24:02.179+0000] {processor.py:830} INFO - Processing file /home/airflow/.local/lib/python3.8/site-packages/airflow/example_dags/example_sla_dag.py for tasks to queue
[2026-03-01T08:24:02.181+0000] {logging_mixin.py:188} INFO - [2026-03-01T08:24:02.180+0000] {dagbag.py:538} INFO - Filling up the DagBag from /home/airflow/.local/lib/python3.8/site-packages/airflow/example_dags/example_sla_dag.py
[2026-03-01T08:24:02.187+0000] {processor.py:840} INFO - DAG(s) 'example_sla_dag' retrieved from /home/airflow/.local/lib/python3.8/site-packages/airflow/example_dags/example_sla_dag.py
[2026-03-01T08:24:02.202+0000] {logging_mixin.py:188} INFO - [2026-03-01T08:24:02.202+0000] {dag.py:3036} INFO - Sync 1 DAGs
[2026-03-01T08:24:02.218+0000] {logging_mixin.py:188} INFO - [2026-03-01T08:24:02.218+0000] {dag.py:3823} INFO - Setting next_dagrun for example_sla_dag to 2026-03-01 08:22:00+00:00, run_after=2026-03-01 08:24:00+00:00
[2026-03-01T08:24:02.232+0000] {processor.py:183} INFO - Processing /home/airflow/.local/lib/python3.8/site-packages/airflow/example_dags/example_sla_dag.py took 0.056 seconds
[2026-03-01T08:24:32.458+0000] {processor.py:161} INFO - Started process (PID=2050) to work on /home/airflow/.local/lib/python3.8/site-packages/airflow/example_dags/example_sla_dag.py
[2026-03-01T08:24:32.460+0000] {processor.py:830} INFO - Processing file /home/airflow/.local/lib/python3.8/site-packages/airflow/example_dags/example_sla_dag.py for tasks to queue
[2026-03-01T08:24:32.461+0000] {logging_mixin.py:188} INFO - [2026-03-01T08:24:32.461+0000] {dagbag.py:538} INFO - Filling up the DagBag from /home/airflow/.local/lib/python3.8/site-packages/airflow/example_dags/example_sla_dag.py
[2026-03-01T08:24:32.468+0000] {processor.py:840} INFO - DAG(s) 'example_sla_dag' retrieved from /home/airflow/.local/lib/python3.8/site-packages/airflow/example_dags/example_sla_dag.py
[2026-03-01T08:24:32.485+0000] {logging_mixin.py:188} INFO - [2026-03-01T08:24:32.484+0000] {dag.py:3036} INFO - Sync 1 DAGs
[2026-03-01T08:24:32.500+0000] {logging_mixin.py:188} INFO - [2026-03-01T08:24:32.500+0000] {dag.py:3823} INFO - Setting next_dagrun for example_sla_dag to 2026-03-01 08:22:00+00:00, run_after=2026-03-01 08:24:00+00:00
[2026-03-01T08:24:32.513+0000] {processor.py:183} INFO - Processing /home/airflow/.local/lib/python3.8/site-packages/airflow/example_dags/example_sla_dag.py took 0.059 seconds
[2026-03-01T08:25:02.787+0000] {processor.py:161} INFO - Started process (PID=2110) to work on /home/airflow/.local/lib/python3.8/site-packages/airflow/example_dags/example_sla_dag.py
[2026-03-01T08:25:02.788+0000] {processor.py:830} INFO - Processing file /home/airflow/.local/lib/python3.8/site-packages/airflow/example_dags/example_sla_dag.py for tasks to queue
[2026-03-01T08:25:02.790+0000] {logging_mixin.py:188} INFO - [2026-03-01T08:25:02.790+0000] {dagbag.py:538} INFO - Filling up the DagBag from /home/airflow/.local/lib/python3.8/site-packages/airflow/example_dags/example_sla_dag.py
[2026-03-01T08:25:02.796+0000] {processor.py:840} INFO - DAG(s) 'example_sla_dag' retrieved from /home/airflow/.local/lib/python3.8/site-packages/airflow/example_dags/example_sla_dag.py
[2026-03-01T08:25:02.809+0000] {logging_mixin.py:188} INFO - [2026-03-01T08:25:02.809+0000] {dag.py:3036} INFO - Sync 1 DAGs
[2026-03-01T08:25:02.823+0000] {logging_mixin.py:188} INFO - [2026-03-01T08:25:02.823+0000] {dag.py:3823} INFO - Setting next_dagrun for example_sla_dag to 2026-03-01 08:22:00+00:00, run_after=2026-03-01 08:24:00+00:00
[2026-03-01T08:25:02.837+0000] {processor.py:183} INFO - Processing /home/airflow/.local/lib/python3.8/site-packages/airflow/example_dags/example_sla_dag.py took 0.052 seconds
[2026-03-01T08:25:33.048+0000] {processor.py:161} INFO - Started process (PID=2166) to work on /home/airflow/.local/lib/python3.8/site-packages/airflow/example_dags/example_sla_dag.py
[2026-03-01T08:25:33.049+0000] {processor.py:830} INFO - Processing file /home/airflow/.local/lib/python3.8/site-packages/airflow/example_dags/example_sla_dag.py for tasks to queue
[2026-03-01T08:25:33.051+0000] {logging_mixin.py:188} INFO - [2026-03-01T08:25:33.050+0000] {dagbag.py:538} INFO - Filling up the DagBag from /home/airflow/.local/lib/python3.8/site-packages/airflow/example_dags/example_sla_dag.py
[2026-03-01T08:25:33.057+0000] {processor.py:840} INFO - DAG(s) 'example_sla_dag' retrieved from /home/airflow/.local/lib/python3.8/site-packages/airflow/example_dags/example_sla_dag.py
[2026-03-01T08:25:33.071+0000] {logging_mixin.py:188} INFO - [2026-03-01T08:25:33.071+0000] {dag.py:3036} INFO - Sync 1 DAGs
[2026-03-01T08:25:33.085+0000] {logging_mixin.py:188} INFO - [2026-03-01T08:25:33.085+0000] {dag.py:3823} INFO - Setting next_dagrun for example_sla_dag to 2026-03-01 08:22:00+00:00, run_after=2026-03-01 08:24:00+00:00
[2026-03-01T08:25:33.099+0000] {processor.py:183} INFO - Processing /home/airflow/.local/lib/python3.8/site-packages/airflow/example_dags/example_sla_dag.py took 0.053 seconds
[2026-03-01T08:26:03.191+0000] {processor.py:161} INFO - Started process (PID=2222) to work on /home/airflow/.local/lib/python3.8/site-packages/airflow/example_dags/example_sla_dag.py
[2026-03-01T08:26:03.193+0000] {processor.py:830} INFO - Processing file /home/airflow/.local/lib/python3.8/site-packages/airflow/example_dags/example_sla_dag.py for tasks to queue
[2026-03-01T08:26:03.196+0000] {logging_mixin.py:188} INFO - [2026-03-01T08:26:03.195+0000] {dagbag.py:538} INFO - Filling up the DagBag from /home/airflow/.local/lib/python3.8/site-packages/airflow/example_dags/example_sla_dag.py
[2026-03-01T08:26:03.202+0000] {processor.py:840} INFO - DAG(s) 'example_sla_dag' retrieved from /home/airflow/.local/lib/python3.8/site-packages/airflow/example_dags/example_sla_dag.py
[2026-03-01T08:26:03.215+0000] {logging_mixin.py:188} INFO - [2026-03-01T08:26:03.215+0000] {dag.py:3036} INFO - Sync 1 DAGs
[2026-03-01T08:26:03.231+0000] {logging_mixin.py:188} INFO - [2026-03-01T08:26:03.231+0000] {dag.py:3823} INFO - Setting next_dagrun for example_sla_dag to 2026-03-01 08:24:00+00:00, run_after=2026-03-01 08:26:00+00:00
[2026-03-01T08:26:03.242+0000] {processor.py:183} INFO - Processing /home/airflow/.local/lib/python3.8/site-packages/airflow/example_dags/example_sla_dag.py took 0.053 seconds
[2026-03-01T08:26:33.573+0000] {processor.py:161} INFO - Started process (PID=2278) to work on /home/airflow/.local/lib/python3.8/site-packages/airflow/example_dags/example_sla_dag.py
[2026-03-01T08:26:33.574+0000] {processor.py:830} INFO - Processing file /home/airflow/.local/lib/python3.8/site-packages/airflow/example_dags/example_sla_dag.py for tasks to queue
[2026-03-01T08:26:33.576+0000] {logging_mixin.py:188} INFO - [2026-03-01T08:26:33.575+0000] {dagbag.py:538} INFO - Filling up the DagBag from /home/airflow/.local/lib/python3.8/site-packages/airflow/example_dags/example_sla_dag.py
[2026-03-01T08:26:33.581+0000] {processor.py:840} INFO - DAG(s) 'example_sla_dag' retrieved from /home/airflow/.local/lib/python3.8/site-packages/airflow/example_dags/example_sla_dag.py
[2026-03-01T08:26:33.595+0000] {logging_mixin.py:188} INFO - [2026-03-01T08:26:33.595+0000] {dag.py:3036} INFO - Sync 1 DAGs
[2026-03-01T08:26:33.610+0000] {logging_mixin.py:188} INFO - [2026-03-01T08:26:33.609+0000] {dag.py:3823} INFO - Setting next_dagrun for example_sla_dag to 2026-03-01 08:24:00+00:00, run_after=2026-03-01 08:26:00+00:00
[2026-03-01T08:26:33.622+0000] {processor.py:183} INFO - Processing /home/airflow/.local/lib/python3.8/site-packages/airflow/example_dags/example_sla_dag.py took 0.051 seconds
[2026-03-01T08:27:03.957+0000] {processor.py:161} INFO - Started process (PID=2334) to work on /home/airflow/.local/lib/python3.8/site-packages/airflow/example_dags/example_sla_dag.py
[2026-03-01T08:27:03.957+0000] {processor.py:830} INFO - Processing file /home/airflow/.local/lib/python3.8/site-packages/airflow/example_dags/example_sla_dag.py for tasks to queue
[2026-03-01T08:27:03.959+0000] {logging_mixin.py:188} INFO - [2026-03-01T08:27:03.959+0000] {dagbag.py:538} INFO - Filling up the DagBag from /home/airflow/.local/lib/python3.8/site-packages/airflow/example_dags/example_sla_dag.py
[2026-03-01T08:27:03.965+0000] {processor.py:840} INFO - DAG(s) 'example_sla_dag' retrieved from /home/airflow/.local/lib/python3.8/site-packages/airflow/example_dags/example_sla_dag.py
[2026-03-01T08:27:03.979+0000] {logging_mixin.py:188} INFO - [2026-03-01T08:27:03.979+0000] {dag.py:3036} INFO - Sync 1 DAGs
[2026-03-01T08:27:03.993+0000] {logging_mixin.py:188} INFO - [2026-03-01T08:27:03.993+0000] {dag.py:3823} INFO - Setting next_dagrun for example_sla_dag to 2026-03-01 08:24:00+00:00, run_after=2026-03-01 08:26:00+00:00
[2026-03-01T08:27:04.007+0000] {processor.py:183} INFO - Processing /home/airflow/.local/lib/python3.8/site-packages/airflow/example_dags/example_sla_dag.py took 0.053 seconds
[2026-03-01T08:27:34.177+0000] {processor.py:161} INFO - Started process (PID=2389) to work on /home/airflow/.local/lib/python3.8/site-packages/airflow/example_dags/example_sla_dag.py
[2026-03-01T08:27:34.179+0000] {processor.py:830} INFO - Processing file /home/airflow/.local/lib/python3.8/site-packages/airflow/example_dags/example_sla_dag.py for tasks to queue
[2026-03-01T08:27:34.180+0000] {logging_mixin.py:188} INFO - [2026-03-01T08:27:34.180+0000] {dagbag.py:538} INFO - Filling up the DagBag from /home/airflow/.local/lib/python3.8/site-packages/airflow/example_dags/example_sla_dag.py
[2026-03-01T08:27:34.188+0000] {processor.py:840} INFO - DAG(s) 'example_sla_dag' retrieved from /home/airflow/.local/lib/python3.8/site-packages/airflow/example_dags/example_sla_dag.py
[2026-03-01T08:27:34.203+0000] {logging_mixin.py:188} INFO - [2026-03-01T08:27:34.203+0000] {dag.py:3036} INFO - Sync 1 DAGs
[2026-03-01T08:27:34.220+0000] {logging_mixin.py:188} INFO - [2026-03-01T08:27:34.220+0000] {dag.py:3823} INFO - Setting next_dagrun for example_sla_dag to 2026-03-01 08:24:00+00:00, run_after=2026-03-01 08:26:00+00:00
[2026-03-01T08:27:34.235+0000] {processor.py:183} INFO - Processing /home/airflow/.local/lib/python3.8/site-packages/airflow/example_dags/example_sla_dag.py took 0.060 seconds
[2026-03-01T08:28:04.386+0000] {processor.py:161} INFO - Started process (PID=2444) to work on /home/airflow/.local/lib/python3.8/site-packages/airflow/example_dags/example_sla_dag.py
[2026-03-01T08:28:04.387+0000] {processor.py:830} INFO - Processing file /home/airflow/.local/lib/python3.8/site-packages/airflow/example_dags/example_sla_dag.py for tasks to queue
[2026-03-01T08:28:04.388+0000] {logging_mixin.py:188} INFO - [2026-03-01T08:28:04.388+0000] {dagbag.py:538} INFO - Filling up the DagBag from /home/airflow/.local/lib/python3.8/site-packages/airflow/example_dags/example_sla_dag.py
[2026-03-01T08:28:04.395+0000] {processor.py:840} INFO - DAG(s) 'example_sla_dag' retrieved from /home/airflow/.local/lib/python3.8/site-packages/airflow/example_dags/example_sla_dag.py
[2026-03-01T08:28:04.412+0000] {logging_mixin.py:188} INFO - [2026-03-01T08:28:04.411+0000] {dag.py:3036} INFO - Sync 1 DAGs
[2026-03-01T08:28:04.426+0000] {logging_mixin.py:188} INFO - [2026-03-01T08:28:04.426+0000] {dag.py:3823} INFO - Setting next_dagrun for example_sla_dag to 2026-03-01 08:26:00+00:00, run_after=2026-03-01 08:28:00+00:00
[2026-03-01T08:28:04.439+0000] {processor.py:183} INFO - Processing /home/airflow/.local/lib/python3.8/site-packages/airflow/example_dags/example_sla_dag.py took 0.055 seconds
[2026-03-01T08:28:34.564+0000] {processor.py:161} INFO - Started process (PID=2499) to work on /home/airflow/.local/lib/python3.8/site-packages/airflow/example_dags/example_sla_dag.py
[2026-03-01T08:28:34.564+0000] {processor.py:830} INFO - Processing file /home/airflow/.local/lib/python3.8/site-packages/airflow/example_dags/example_sla_dag.py for tasks to queue
[2026-03-01T08:28:34.567+0000] {logging_mixin.py:188} INFO - [2026-03-01T08:28:34.566+0000] {dagbag.py:538} INFO - Filling up the DagBag from /home/airflow/.local/lib/python3.8/site-packages/airflow/example_dags/example_sla_dag.py
[2026-03-01T08:28:34.572+0000] {processor.py:840} INFO - DAG(s) 'example_sla_dag' retrieved from /home/airflow/.local/lib/python3.8/site-packages/airflow/example_dags/example_sla_dag.py
[2026-03-01T08:28:34.586+0000] {logging_mixin.py:188} INFO - [2026-03-01T08:28:34.586+0000] {dag.py:3036} INFO - Sync 1 DAGs
[2026-03-01T08:28:34.601+0000] {logging_mixin.py:188} INFO - [2026-03-01T08:28:34.601+0000] {dag.py:3823} INFO - Setting next_dagrun for example_sla_dag to 2026-03-01 08:26:00+00:00, run_after=2026-03-01 08:28:00+00:00
[2026-03-01T08:28:34.614+0000] {processor.py:183} INFO - Processing /home/airflow/.local/lib/python3.8/site-packages/airflow/example_dags/example_sla_dag.py took 0.053 seconds
[2026-03-01T08:29:05.005+0000] {processor.py:161} INFO - Started process (PID=2555) to work on /home/airflow/.local/lib/python3.8/site-packages/airflow/example_dags/example_sla_dag.py
[2026-03-01T08:29:05.006+0000] {processor.py:830} INFO - Processing file /home/airflow/.local/lib/python3.8/site-packages/airflow/example_dags/example_sla_dag.py for tasks to queue
[2026-03-01T08:29:05.008+0000] {logging_mixin.py:188} INFO - [2026-03-01T08:29:05.007+0000] {dagbag.py:538} INFO - Filling up the DagBag from /home/airflow/.local/lib/python3.8/site-packages/airflow/example_dags/example_sla_dag.py
[2026-03-01T08:29:05.014+0000] {processor.py:840} INFO - DAG(s) 'example_sla_dag' retrieved from /home/airflow/.local/lib/python3.8/site-packages/airflow/example_dags/example_sla_dag.py
[2026-03-01T08:29:05.030+0000] {logging_mixin.py:188} INFO - [2026-03-01T08:29:05.030+0000] {dag.py:3036} INFO - Sync 1 DAGs
[2026-03-01T08:29:05.045+0000] {logging_mixin.py:188} INFO - [2026-03-01T08:29:05.044+0000] {dag.py:3823} INFO - Setting next_dagrun for example_sla_dag to 2026-03-01 08:26:00+00:00, run_after=2026-03-01 08:28:00+00:00
[2026-03-01T08:29:05.057+0000] {processor.py:183} INFO - Processing /home/airflow/.local/lib/python3.8/site-packages/airflow/example_dags/example_sla_dag.py took 0.055 seconds
[2026-03-01T08:29:35.466+0000] {processor.py:161} INFO - Started process (PID=2611) to work on /home/airflow/.local/lib/python3.8/site-packages/airflow/example_dags/example_sla_dag.py
[2026-03-01T08:29:35.467+0000] {processor.py:830} INFO - Processing file /home/airflow/.local/lib/python3.8/site-packages/airflow/example_dags/example_sla_dag.py for tasks to queue
[2026-03-01T08:29:35.469+0000] {logging_mixin.py:188} INFO - [2026-03-01T08:29:35.469+0000] {dagbag.py:538} INFO - Filling up the DagBag from /home/airflow/.local/lib/python3.8/site-packages/airflow/example_dags/example_sla_dag.py
[2026-03-01T08:29:35.475+0000] {processor.py:840} INFO - DAG(s) 'example_sla_dag' retrieved from /home/airflow/.local/lib/python3.8/site-packages/airflow/example_dags/example_sla_dag.py
[2026-03-01T08:29:35.492+0000] {logging_mixin.py:188} INFO - [2026-03-01T08:29:35.492+0000] {dag.py:3036} INFO - Sync 1 DAGs
[2026-03-01T08:29:35.507+0000] {logging_mixin.py:188} INFO - [2026-03-01T08:29:35.507+0000] {dag.py:3823} INFO - Setting next_dagrun for example_sla_dag to 2026-03-01 08:26:00+00:00, run_after=2026-03-01 08:28:00+00:00
[2026-03-01T08:29:35.522+0000] {processor.py:183} INFO - Processing /home/airflow/.local/lib/python3.8/site-packages/airflow/example_dags/example_sla_dag.py took 0.059 seconds
[2026-03-01T08:30:06.184+0000] {processor.py:161} INFO - Started process (PID=2667) to work on /home/airflow/.local/lib/python3.8/site-packages/airflow/example_dags/example_sla_dag.py
[2026-03-01T08:30:06.185+0000] {processor.py:830} INFO - Processing file /home/airflow/.local/lib/python3.8/site-packages/airflow/example_dags/example_sla_dag.py for tasks to queue
[2026-03-01T08:30:06.187+0000] {logging_mixin.py:188} INFO - [2026-03-01T08:30:06.186+0000] {dagbag.py:538} INFO - Filling up the DagBag from /home/airflow/.local/lib/python3.8/site-packages/airflow/example_dags/example_sla_dag.py
[2026-03-01T08:30:06.192+0000] {processor.py:840} INFO - DAG(s) 'example_sla_dag' retrieved from /home/airflow/.local/lib/python3.8/site-packages/airflow/example_dags/example_sla_dag.py
[2026-03-01T08:30:06.207+0000] {logging_mixin.py:188} INFO - [2026-03-01T08:30:06.207+0000] {dag.py:3036} INFO - Sync 1 DAGs
[2026-03-01T08:30:06.224+0000] {logging_mixin.py:188} INFO - [2026-03-01T08:30:06.224+0000] {dag.py:3823} INFO - Setting next_dagrun for example_sla_dag to 2026-03-01 08:28:00+00:00, run_after=2026-03-01 08:30:00+00:00
[2026-03-01T08:30:06.236+0000] {processor.py:183} INFO - Processing /home/airflow/.local/lib/python3.8/site-packages/airflow/example_dags/example_sla_dag.py took 0.055 seconds
