[2026-03-01T08:07:46.857+0000] {processor.py:161} INFO - Started process (PID=66) to work on /home/airflow/.local/lib/python3.8/site-packages/airflow/example_dags/example_python_operator.py
[2026-03-01T08:07:46.858+0000] {processor.py:830} INFO - Processing file /home/airflow/.local/lib/python3.8/site-packages/airflow/example_dags/example_python_operator.py for tasks to queue
[2026-03-01T08:07:46.860+0000] {logging_mixin.py:188} INFO - [2026-03-01T08:07:46.860+0000] {dagbag.py:538} INFO - Filling up the DagBag from /home/airflow/.local/lib/python3.8/site-packages/airflow/example_dags/example_python_operator.py
[2026-03-01T08:07:46.874+0000] {processor.py:840} INFO - DAG(s) 'example_python_operator' retrieved from /home/airflow/.local/lib/python3.8/site-packages/airflow/example_dags/example_python_operator.py
[2026-03-01T08:07:46.957+0000] {logging_mixin.py:188} INFO - [2026-03-01T08:07:46.957+0000] {override.py:1769} INFO - Created Permission View: can edit on DAG:example_python_operator
[2026-03-01T08:07:46.965+0000] {logging_mixin.py:188} INFO - [2026-03-01T08:07:46.965+0000] {override.py:1769} INFO - Created Permission View: can delete on DAG:example_python_operator
[2026-03-01T08:07:46.971+0000] {logging_mixin.py:188} INFO - [2026-03-01T08:07:46.971+0000] {override.py:1769} INFO - Created Permission View: can read on DAG:example_python_operator
[2026-03-01T08:07:46.972+0000] {logging_mixin.py:188} INFO - [2026-03-01T08:07:46.972+0000] {dag.py:3036} INFO - Sync 1 DAGs
[2026-03-01T08:07:46.982+0000] {logging_mixin.py:188} INFO - [2026-03-01T08:07:46.982+0000] {dag.py:3058} INFO - Creating ORM DAG for example_python_operator
[2026-03-01T08:07:46.983+0000] {logging_mixin.py:188} INFO - [2026-03-01T08:07:46.982+0000] {dag.py:3823} INFO - Setting next_dagrun for example_python_operator to None, run_after=None
[2026-03-01T08:07:46.999+0000] {processor.py:183} INFO - Processing /home/airflow/.local/lib/python3.8/site-packages/airflow/example_dags/example_python_operator.py took 0.145 seconds
[2026-03-01T08:08:17.940+0000] {processor.py:161} INFO - Started process (PID=122) to work on /home/airflow/.local/lib/python3.8/site-packages/airflow/example_dags/example_python_operator.py
[2026-03-01T08:08:17.942+0000] {processor.py:830} INFO - Processing file /home/airflow/.local/lib/python3.8/site-packages/airflow/example_dags/example_python_operator.py for tasks to queue
[2026-03-01T08:08:17.944+0000] {logging_mixin.py:188} INFO - [2026-03-01T08:08:17.943+0000] {dagbag.py:538} INFO - Filling up the DagBag from /home/airflow/.local/lib/python3.8/site-packages/airflow/example_dags/example_python_operator.py
[2026-03-01T08:08:17.953+0000] {processor.py:840} INFO - DAG(s) 'example_python_operator' retrieved from /home/airflow/.local/lib/python3.8/site-packages/airflow/example_dags/example_python_operator.py
[2026-03-01T08:08:17.967+0000] {logging_mixin.py:188} INFO - [2026-03-01T08:08:17.967+0000] {dag.py:3036} INFO - Sync 1 DAGs
[2026-03-01T08:08:17.973+0000] {logging_mixin.py:188} INFO - [2026-03-01T08:08:17.973+0000] {dag.py:3823} INFO - Setting next_dagrun for example_python_operator to None, run_after=None
[2026-03-01T08:08:17.986+0000] {processor.py:183} INFO - Processing /home/airflow/.local/lib/python3.8/site-packages/airflow/example_dags/example_python_operator.py took 0.048 seconds
[2026-03-01T08:08:48.359+0000] {processor.py:161} INFO - Started process (PID=177) to work on /home/airflow/.local/lib/python3.8/site-packages/airflow/example_dags/example_python_operator.py
[2026-03-01T08:08:48.360+0000] {processor.py:830} INFO - Processing file /home/airflow/.local/lib/python3.8/site-packages/airflow/example_dags/example_python_operator.py for tasks to queue
[2026-03-01T08:08:48.362+0000] {logging_mixin.py:188} INFO - [2026-03-01T08:08:48.361+0000] {dagbag.py:538} INFO - Filling up the DagBag from /home/airflow/.local/lib/python3.8/site-packages/airflow/example_dags/example_python_operator.py
[2026-03-01T08:08:48.369+0000] {processor.py:840} INFO - DAG(s) 'example_python_operator' retrieved from /home/airflow/.local/lib/python3.8/site-packages/airflow/example_dags/example_python_operator.py
[2026-03-01T08:08:48.385+0000] {logging_mixin.py:188} INFO - [2026-03-01T08:08:48.385+0000] {dag.py:3036} INFO - Sync 1 DAGs
[2026-03-01T08:08:48.394+0000] {logging_mixin.py:188} INFO - [2026-03-01T08:08:48.393+0000] {dag.py:3823} INFO - Setting next_dagrun for example_python_operator to None, run_after=None
[2026-03-01T08:08:48.413+0000] {processor.py:183} INFO - Processing /home/airflow/.local/lib/python3.8/site-packages/airflow/example_dags/example_python_operator.py took 0.056 seconds
[2026-03-01T08:09:18.762+0000] {processor.py:161} INFO - Started process (PID=232) to work on /home/airflow/.local/lib/python3.8/site-packages/airflow/example_dags/example_python_operator.py
[2026-03-01T08:09:18.763+0000] {processor.py:830} INFO - Processing file /home/airflow/.local/lib/python3.8/site-packages/airflow/example_dags/example_python_operator.py for tasks to queue
[2026-03-01T08:09:18.765+0000] {logging_mixin.py:188} INFO - [2026-03-01T08:09:18.765+0000] {dagbag.py:538} INFO - Filling up the DagBag from /home/airflow/.local/lib/python3.8/site-packages/airflow/example_dags/example_python_operator.py
[2026-03-01T08:09:18.772+0000] {processor.py:840} INFO - DAG(s) 'example_python_operator' retrieved from /home/airflow/.local/lib/python3.8/site-packages/airflow/example_dags/example_python_operator.py
[2026-03-01T08:09:18.788+0000] {logging_mixin.py:188} INFO - [2026-03-01T08:09:18.788+0000] {dag.py:3036} INFO - Sync 1 DAGs
[2026-03-01T08:09:18.796+0000] {logging_mixin.py:188} INFO - [2026-03-01T08:09:18.795+0000] {dag.py:3823} INFO - Setting next_dagrun for example_python_operator to None, run_after=None
[2026-03-01T08:09:18.812+0000] {processor.py:183} INFO - Processing /home/airflow/.local/lib/python3.8/site-packages/airflow/example_dags/example_python_operator.py took 0.053 seconds
[2026-03-01T08:09:49.044+0000] {processor.py:161} INFO - Started process (PID=287) to work on /home/airflow/.local/lib/python3.8/site-packages/airflow/example_dags/example_python_operator.py
[2026-03-01T08:09:49.047+0000] {processor.py:830} INFO - Processing file /home/airflow/.local/lib/python3.8/site-packages/airflow/example_dags/example_python_operator.py for tasks to queue
[2026-03-01T08:09:49.049+0000] {logging_mixin.py:188} INFO - [2026-03-01T08:09:49.048+0000] {dagbag.py:538} INFO - Filling up the DagBag from /home/airflow/.local/lib/python3.8/site-packages/airflow/example_dags/example_python_operator.py
[2026-03-01T08:09:49.057+0000] {processor.py:840} INFO - DAG(s) 'example_python_operator' retrieved from /home/airflow/.local/lib/python3.8/site-packages/airflow/example_dags/example_python_operator.py
[2026-03-01T08:09:49.078+0000] {logging_mixin.py:188} INFO - [2026-03-01T08:09:49.078+0000] {dag.py:3036} INFO - Sync 1 DAGs
[2026-03-01T08:09:49.086+0000] {logging_mixin.py:188} INFO - [2026-03-01T08:09:49.086+0000] {dag.py:3823} INFO - Setting next_dagrun for example_python_operator to None, run_after=None
[2026-03-01T08:09:49.117+0000] {processor.py:183} INFO - Processing /home/airflow/.local/lib/python3.8/site-packages/airflow/example_dags/example_python_operator.py took 0.076 seconds
[2026-03-01T08:10:19.702+0000] {processor.py:161} INFO - Started process (PID=348) to work on /home/airflow/.local/lib/python3.8/site-packages/airflow/example_dags/example_python_operator.py
[2026-03-01T08:10:19.703+0000] {processor.py:830} INFO - Processing file /home/airflow/.local/lib/python3.8/site-packages/airflow/example_dags/example_python_operator.py for tasks to queue
[2026-03-01T08:10:19.704+0000] {logging_mixin.py:188} INFO - [2026-03-01T08:10:19.704+0000] {dagbag.py:538} INFO - Filling up the DagBag from /home/airflow/.local/lib/python3.8/site-packages/airflow/example_dags/example_python_operator.py
[2026-03-01T08:10:19.711+0000] {processor.py:840} INFO - DAG(s) 'example_python_operator' retrieved from /home/airflow/.local/lib/python3.8/site-packages/airflow/example_dags/example_python_operator.py
[2026-03-01T08:10:19.724+0000] {logging_mixin.py:188} INFO - [2026-03-01T08:10:19.724+0000] {dag.py:3036} INFO - Sync 1 DAGs
[2026-03-01T08:10:19.733+0000] {logging_mixin.py:188} INFO - [2026-03-01T08:10:19.733+0000] {dag.py:3823} INFO - Setting next_dagrun for example_python_operator to None, run_after=None
[2026-03-01T08:10:19.752+0000] {processor.py:183} INFO - Processing /home/airflow/.local/lib/python3.8/site-packages/airflow/example_dags/example_python_operator.py took 0.053 seconds
[2026-03-01T08:10:50.214+0000] {processor.py:161} INFO - Started process (PID=403) to work on /home/airflow/.local/lib/python3.8/site-packages/airflow/example_dags/example_python_operator.py
[2026-03-01T08:10:50.215+0000] {processor.py:830} INFO - Processing file /home/airflow/.local/lib/python3.8/site-packages/airflow/example_dags/example_python_operator.py for tasks to queue
[2026-03-01T08:10:50.217+0000] {logging_mixin.py:188} INFO - [2026-03-01T08:10:50.217+0000] {dagbag.py:538} INFO - Filling up the DagBag from /home/airflow/.local/lib/python3.8/site-packages/airflow/example_dags/example_python_operator.py
[2026-03-01T08:10:50.224+0000] {processor.py:840} INFO - DAG(s) 'example_python_operator' retrieved from /home/airflow/.local/lib/python3.8/site-packages/airflow/example_dags/example_python_operator.py
[2026-03-01T08:10:50.239+0000] {logging_mixin.py:188} INFO - [2026-03-01T08:10:50.239+0000] {dag.py:3036} INFO - Sync 1 DAGs
[2026-03-01T08:10:50.247+0000] {logging_mixin.py:188} INFO - [2026-03-01T08:10:50.247+0000] {dag.py:3823} INFO - Setting next_dagrun for example_python_operator to None, run_after=None
[2026-03-01T08:10:50.265+0000] {processor.py:183} INFO - Processing /home/airflow/.local/lib/python3.8/site-packages/airflow/example_dags/example_python_operator.py took 0.053 seconds
[2026-03-01T08:11:20.629+0000] {processor.py:161} INFO - Started process (PID=464) to work on /home/airflow/.local/lib/python3.8/site-packages/airflow/example_dags/example_python_operator.py
[2026-03-01T08:11:20.630+0000] {processor.py:830} INFO - Processing file /home/airflow/.local/lib/python3.8/site-packages/airflow/example_dags/example_python_operator.py for tasks to queue
[2026-03-01T08:11:20.632+0000] {logging_mixin.py:188} INFO - [2026-03-01T08:11:20.632+0000] {dagbag.py:538} INFO - Filling up the DagBag from /home/airflow/.local/lib/python3.8/site-packages/airflow/example_dags/example_python_operator.py
[2026-03-01T08:11:20.639+0000] {processor.py:840} INFO - DAG(s) 'example_python_operator' retrieved from /home/airflow/.local/lib/python3.8/site-packages/airflow/example_dags/example_python_operator.py
[2026-03-01T08:11:20.653+0000] {logging_mixin.py:188} INFO - [2026-03-01T08:11:20.653+0000] {dag.py:3036} INFO - Sync 1 DAGs
[2026-03-01T08:11:20.661+0000] {logging_mixin.py:188} INFO - [2026-03-01T08:11:20.661+0000] {dag.py:3823} INFO - Setting next_dagrun for example_python_operator to None, run_after=None
[2026-03-01T08:11:20.674+0000] {processor.py:183} INFO - Processing /home/airflow/.local/lib/python3.8/site-packages/airflow/example_dags/example_python_operator.py took 0.047 seconds
[2026-03-01T08:11:50.982+0000] {processor.py:161} INFO - Started process (PID=519) to work on /home/airflow/.local/lib/python3.8/site-packages/airflow/example_dags/example_python_operator.py
[2026-03-01T08:11:50.983+0000] {processor.py:830} INFO - Processing file /home/airflow/.local/lib/python3.8/site-packages/airflow/example_dags/example_python_operator.py for tasks to queue
[2026-03-01T08:11:50.984+0000] {logging_mixin.py:188} INFO - [2026-03-01T08:11:50.984+0000] {dagbag.py:538} INFO - Filling up the DagBag from /home/airflow/.local/lib/python3.8/site-packages/airflow/example_dags/example_python_operator.py
[2026-03-01T08:11:50.991+0000] {processor.py:840} INFO - DAG(s) 'example_python_operator' retrieved from /home/airflow/.local/lib/python3.8/site-packages/airflow/example_dags/example_python_operator.py
[2026-03-01T08:11:51.005+0000] {logging_mixin.py:188} INFO - [2026-03-01T08:11:51.005+0000] {dag.py:3036} INFO - Sync 1 DAGs
[2026-03-01T08:11:51.014+0000] {logging_mixin.py:188} INFO - [2026-03-01T08:11:51.014+0000] {dag.py:3823} INFO - Setting next_dagrun for example_python_operator to None, run_after=None
[2026-03-01T08:11:51.035+0000] {processor.py:183} INFO - Processing /home/airflow/.local/lib/python3.8/site-packages/airflow/example_dags/example_python_operator.py took 0.056 seconds
[2026-03-01T08:12:21.996+0000] {processor.py:161} INFO - Started process (PID=603) to work on /home/airflow/.local/lib/python3.8/site-packages/airflow/example_dags/example_python_operator.py
[2026-03-01T08:12:21.997+0000] {processor.py:830} INFO - Processing file /home/airflow/.local/lib/python3.8/site-packages/airflow/example_dags/example_python_operator.py for tasks to queue
[2026-03-01T08:12:21.999+0000] {logging_mixin.py:188} INFO - [2026-03-01T08:12:21.999+0000] {dagbag.py:538} INFO - Filling up the DagBag from /home/airflow/.local/lib/python3.8/site-packages/airflow/example_dags/example_python_operator.py
[2026-03-01T08:12:22.007+0000] {processor.py:840} INFO - DAG(s) 'example_python_operator' retrieved from /home/airflow/.local/lib/python3.8/site-packages/airflow/example_dags/example_python_operator.py
[2026-03-01T08:12:22.023+0000] {logging_mixin.py:188} INFO - [2026-03-01T08:12:22.022+0000] {dag.py:3036} INFO - Sync 1 DAGs
[2026-03-01T08:12:22.031+0000] {logging_mixin.py:188} INFO - [2026-03-01T08:12:22.031+0000] {dag.py:3823} INFO - Setting next_dagrun for example_python_operator to None, run_after=None
[2026-03-01T08:12:22.046+0000] {processor.py:183} INFO - Processing /home/airflow/.local/lib/python3.8/site-packages/airflow/example_dags/example_python_operator.py took 0.053 seconds
[2026-03-01T08:12:52.311+0000] {processor.py:161} INFO - Started process (PID=657) to work on /home/airflow/.local/lib/python3.8/site-packages/airflow/example_dags/example_python_operator.py
[2026-03-01T08:12:52.312+0000] {processor.py:830} INFO - Processing file /home/airflow/.local/lib/python3.8/site-packages/airflow/example_dags/example_python_operator.py for tasks to queue
[2026-03-01T08:12:52.313+0000] {logging_mixin.py:188} INFO - [2026-03-01T08:12:52.313+0000] {dagbag.py:538} INFO - Filling up the DagBag from /home/airflow/.local/lib/python3.8/site-packages/airflow/example_dags/example_python_operator.py
[2026-03-01T08:12:52.320+0000] {processor.py:840} INFO - DAG(s) 'example_python_operator' retrieved from /home/airflow/.local/lib/python3.8/site-packages/airflow/example_dags/example_python_operator.py
[2026-03-01T08:12:52.334+0000] {logging_mixin.py:188} INFO - [2026-03-01T08:12:52.333+0000] {dag.py:3036} INFO - Sync 1 DAGs
[2026-03-01T08:12:52.341+0000] {logging_mixin.py:188} INFO - [2026-03-01T08:12:52.341+0000] {dag.py:3823} INFO - Setting next_dagrun for example_python_operator to None, run_after=None
[2026-03-01T08:12:52.353+0000] {processor.py:183} INFO - Processing /home/airflow/.local/lib/python3.8/site-packages/airflow/example_dags/example_python_operator.py took 0.045 seconds
[2026-03-01T08:13:22.507+0000] {processor.py:161} INFO - Started process (PID=712) to work on /home/airflow/.local/lib/python3.8/site-packages/airflow/example_dags/example_python_operator.py
[2026-03-01T08:13:22.508+0000] {processor.py:830} INFO - Processing file /home/airflow/.local/lib/python3.8/site-packages/airflow/example_dags/example_python_operator.py for tasks to queue
[2026-03-01T08:13:22.511+0000] {logging_mixin.py:188} INFO - [2026-03-01T08:13:22.511+0000] {dagbag.py:538} INFO - Filling up the DagBag from /home/airflow/.local/lib/python3.8/site-packages/airflow/example_dags/example_python_operator.py
[2026-03-01T08:13:22.518+0000] {processor.py:840} INFO - DAG(s) 'example_python_operator' retrieved from /home/airflow/.local/lib/python3.8/site-packages/airflow/example_dags/example_python_operator.py
[2026-03-01T08:13:22.531+0000] {logging_mixin.py:188} INFO - [2026-03-01T08:13:22.531+0000] {dag.py:3036} INFO - Sync 1 DAGs
[2026-03-01T08:13:22.542+0000] {logging_mixin.py:188} INFO - [2026-03-01T08:13:22.542+0000] {dag.py:3823} INFO - Setting next_dagrun for example_python_operator to None, run_after=None
[2026-03-01T08:13:22.557+0000] {processor.py:183} INFO - Processing /home/airflow/.local/lib/python3.8/site-packages/airflow/example_dags/example_python_operator.py took 0.052 seconds
[2026-03-01T08:13:52.821+0000] {processor.py:161} INFO - Started process (PID=790) to work on /home/airflow/.local/lib/python3.8/site-packages/airflow/example_dags/example_python_operator.py
[2026-03-01T08:13:52.823+0000] {processor.py:830} INFO - Processing file /home/airflow/.local/lib/python3.8/site-packages/airflow/example_dags/example_python_operator.py for tasks to queue
[2026-03-01T08:13:52.825+0000] {logging_mixin.py:188} INFO - [2026-03-01T08:13:52.824+0000] {dagbag.py:538} INFO - Filling up the DagBag from /home/airflow/.local/lib/python3.8/site-packages/airflow/example_dags/example_python_operator.py
[2026-03-01T08:13:52.832+0000] {processor.py:840} INFO - DAG(s) 'example_python_operator' retrieved from /home/airflow/.local/lib/python3.8/site-packages/airflow/example_dags/example_python_operator.py
[2026-03-01T08:13:52.846+0000] {logging_mixin.py:188} INFO - [2026-03-01T08:13:52.846+0000] {dag.py:3036} INFO - Sync 1 DAGs
[2026-03-01T08:13:52.855+0000] {logging_mixin.py:188} INFO - [2026-03-01T08:13:52.855+0000] {dag.py:3823} INFO - Setting next_dagrun for example_python_operator to None, run_after=None
[2026-03-01T08:13:52.870+0000] {processor.py:183} INFO - Processing /home/airflow/.local/lib/python3.8/site-packages/airflow/example_dags/example_python_operator.py took 0.051 seconds
[2026-03-01T08:14:23.107+0000] {processor.py:161} INFO - Started process (PID=867) to work on /home/airflow/.local/lib/python3.8/site-packages/airflow/example_dags/example_python_operator.py
[2026-03-01T08:14:23.108+0000] {processor.py:830} INFO - Processing file /home/airflow/.local/lib/python3.8/site-packages/airflow/example_dags/example_python_operator.py for tasks to queue
[2026-03-01T08:14:23.109+0000] {logging_mixin.py:188} INFO - [2026-03-01T08:14:23.109+0000] {dagbag.py:538} INFO - Filling up the DagBag from /home/airflow/.local/lib/python3.8/site-packages/airflow/example_dags/example_python_operator.py
[2026-03-01T08:14:23.117+0000] {processor.py:840} INFO - DAG(s) 'example_python_operator' retrieved from /home/airflow/.local/lib/python3.8/site-packages/airflow/example_dags/example_python_operator.py
[2026-03-01T08:14:23.125+0000] {logging_mixin.py:188} INFO - [2026-03-01T08:14:23.125+0000] {dag.py:3036} INFO - Sync 1 DAGs
[2026-03-01T08:14:23.133+0000] {logging_mixin.py:188} INFO - [2026-03-01T08:14:23.133+0000] {dag.py:3823} INFO - Setting next_dagrun for example_python_operator to None, run_after=None
[2026-03-01T08:14:23.146+0000] {processor.py:183} INFO - Processing /home/airflow/.local/lib/python3.8/site-packages/airflow/example_dags/example_python_operator.py took 0.041 seconds
[2026-03-01T08:14:53.479+0000] {processor.py:161} INFO - Started process (PID=922) to work on /home/airflow/.local/lib/python3.8/site-packages/airflow/example_dags/example_python_operator.py
[2026-03-01T08:14:53.480+0000] {processor.py:830} INFO - Processing file /home/airflow/.local/lib/python3.8/site-packages/airflow/example_dags/example_python_operator.py for tasks to queue
[2026-03-01T08:14:53.482+0000] {logging_mixin.py:188} INFO - [2026-03-01T08:14:53.481+0000] {dagbag.py:538} INFO - Filling up the DagBag from /home/airflow/.local/lib/python3.8/site-packages/airflow/example_dags/example_python_operator.py
[2026-03-01T08:14:53.489+0000] {processor.py:840} INFO - DAG(s) 'example_python_operator' retrieved from /home/airflow/.local/lib/python3.8/site-packages/airflow/example_dags/example_python_operator.py
[2026-03-01T08:14:53.548+0000] {logging_mixin.py:188} INFO - [2026-03-01T08:14:53.548+0000] {dag.py:3036} INFO - Sync 1 DAGs
[2026-03-01T08:14:53.554+0000] {logging_mixin.py:188} INFO - [2026-03-01T08:14:53.554+0000] {dag.py:3823} INFO - Setting next_dagrun for example_python_operator to None, run_after=None
[2026-03-01T08:14:53.567+0000] {processor.py:183} INFO - Processing /home/airflow/.local/lib/python3.8/site-packages/airflow/example_dags/example_python_operator.py took 0.091 seconds
[2026-03-01T08:15:24.368+0000] {processor.py:161} INFO - Started process (PID=977) to work on /home/airflow/.local/lib/python3.8/site-packages/airflow/example_dags/example_python_operator.py
[2026-03-01T08:15:24.369+0000] {processor.py:830} INFO - Processing file /home/airflow/.local/lib/python3.8/site-packages/airflow/example_dags/example_python_operator.py for tasks to queue
[2026-03-01T08:15:24.370+0000] {logging_mixin.py:188} INFO - [2026-03-01T08:15:24.370+0000] {dagbag.py:538} INFO - Filling up the DagBag from /home/airflow/.local/lib/python3.8/site-packages/airflow/example_dags/example_python_operator.py
[2026-03-01T08:15:24.376+0000] {processor.py:840} INFO - DAG(s) 'example_python_operator' retrieved from /home/airflow/.local/lib/python3.8/site-packages/airflow/example_dags/example_python_operator.py
[2026-03-01T08:15:24.389+0000] {logging_mixin.py:188} INFO - [2026-03-01T08:15:24.389+0000] {dag.py:3036} INFO - Sync 1 DAGs
[2026-03-01T08:15:24.396+0000] {logging_mixin.py:188} INFO - [2026-03-01T08:15:24.396+0000] {dag.py:3823} INFO - Setting next_dagrun for example_python_operator to None, run_after=None
[2026-03-01T08:15:24.411+0000] {processor.py:183} INFO - Processing /home/airflow/.local/lib/python3.8/site-packages/airflow/example_dags/example_python_operator.py took 0.046 seconds
[2026-03-01T08:15:54.583+0000] {processor.py:161} INFO - Started process (PID=1032) to work on /home/airflow/.local/lib/python3.8/site-packages/airflow/example_dags/example_python_operator.py
[2026-03-01T08:15:54.584+0000] {processor.py:830} INFO - Processing file /home/airflow/.local/lib/python3.8/site-packages/airflow/example_dags/example_python_operator.py for tasks to queue
[2026-03-01T08:15:54.586+0000] {logging_mixin.py:188} INFO - [2026-03-01T08:15:54.585+0000] {dagbag.py:538} INFO - Filling up the DagBag from /home/airflow/.local/lib/python3.8/site-packages/airflow/example_dags/example_python_operator.py
[2026-03-01T08:15:54.593+0000] {processor.py:840} INFO - DAG(s) 'example_python_operator' retrieved from /home/airflow/.local/lib/python3.8/site-packages/airflow/example_dags/example_python_operator.py
[2026-03-01T08:15:54.606+0000] {logging_mixin.py:188} INFO - [2026-03-01T08:15:54.606+0000] {dag.py:3036} INFO - Sync 1 DAGs
[2026-03-01T08:15:54.613+0000] {logging_mixin.py:188} INFO - [2026-03-01T08:15:54.613+0000] {dag.py:3823} INFO - Setting next_dagrun for example_python_operator to None, run_after=None
[2026-03-01T08:15:54.625+0000] {processor.py:183} INFO - Processing /home/airflow/.local/lib/python3.8/site-packages/airflow/example_dags/example_python_operator.py took 0.045 seconds
[2026-03-01T08:16:24.876+0000] {processor.py:161} INFO - Started process (PID=1110) to work on /home/airflow/.local/lib/python3.8/site-packages/airflow/example_dags/example_python_operator.py
[2026-03-01T08:16:24.877+0000] {processor.py:830} INFO - Processing file /home/airflow/.local/lib/python3.8/site-packages/airflow/example_dags/example_python_operator.py for tasks to queue
[2026-03-01T08:16:24.878+0000] {logging_mixin.py:188} INFO - [2026-03-01T08:16:24.878+0000] {dagbag.py:538} INFO - Filling up the DagBag from /home/airflow/.local/lib/python3.8/site-packages/airflow/example_dags/example_python_operator.py
[2026-03-01T08:16:24.887+0000] {processor.py:840} INFO - DAG(s) 'example_python_operator' retrieved from /home/airflow/.local/lib/python3.8/site-packages/airflow/example_dags/example_python_operator.py
[2026-03-01T08:16:24.906+0000] {logging_mixin.py:188} INFO - [2026-03-01T08:16:24.906+0000] {dag.py:3036} INFO - Sync 1 DAGs
[2026-03-01T08:16:24.915+0000] {logging_mixin.py:188} INFO - [2026-03-01T08:16:24.915+0000] {dag.py:3823} INFO - Setting next_dagrun for example_python_operator to None, run_after=None
[2026-03-01T08:16:24.934+0000] {processor.py:183} INFO - Processing /home/airflow/.local/lib/python3.8/site-packages/airflow/example_dags/example_python_operator.py took 0.061 seconds
[2026-03-01T08:16:55.230+0000] {processor.py:161} INFO - Started process (PID=1171) to work on /home/airflow/.local/lib/python3.8/site-packages/airflow/example_dags/example_python_operator.py
[2026-03-01T08:16:55.231+0000] {processor.py:830} INFO - Processing file /home/airflow/.local/lib/python3.8/site-packages/airflow/example_dags/example_python_operator.py for tasks to queue
[2026-03-01T08:16:55.233+0000] {logging_mixin.py:188} INFO - [2026-03-01T08:16:55.233+0000] {dagbag.py:538} INFO - Filling up the DagBag from /home/airflow/.local/lib/python3.8/site-packages/airflow/example_dags/example_python_operator.py
[2026-03-01T08:16:55.240+0000] {processor.py:840} INFO - DAG(s) 'example_python_operator' retrieved from /home/airflow/.local/lib/python3.8/site-packages/airflow/example_dags/example_python_operator.py
[2026-03-01T08:16:55.256+0000] {logging_mixin.py:188} INFO - [2026-03-01T08:16:55.256+0000] {dag.py:3036} INFO - Sync 1 DAGs
[2026-03-01T08:16:55.264+0000] {logging_mixin.py:188} INFO - [2026-03-01T08:16:55.264+0000] {dag.py:3823} INFO - Setting next_dagrun for example_python_operator to None, run_after=None
[2026-03-01T08:16:55.278+0000] {processor.py:183} INFO - Processing /home/airflow/.local/lib/python3.8/site-packages/airflow/example_dags/example_python_operator.py took 0.050 seconds
[2026-03-01T08:17:25.505+0000] {processor.py:161} INFO - Started process (PID=1249) to work on /home/airflow/.local/lib/python3.8/site-packages/airflow/example_dags/example_python_operator.py
[2026-03-01T08:17:25.507+0000] {processor.py:830} INFO - Processing file /home/airflow/.local/lib/python3.8/site-packages/airflow/example_dags/example_python_operator.py for tasks to queue
[2026-03-01T08:17:25.508+0000] {logging_mixin.py:188} INFO - [2026-03-01T08:17:25.508+0000] {dagbag.py:538} INFO - Filling up the DagBag from /home/airflow/.local/lib/python3.8/site-packages/airflow/example_dags/example_python_operator.py
[2026-03-01T08:17:25.517+0000] {processor.py:840} INFO - DAG(s) 'example_python_operator' retrieved from /home/airflow/.local/lib/python3.8/site-packages/airflow/example_dags/example_python_operator.py
[2026-03-01T08:17:25.534+0000] {logging_mixin.py:188} INFO - [2026-03-01T08:17:25.534+0000] {dag.py:3036} INFO - Sync 1 DAGs
[2026-03-01T08:17:25.543+0000] {logging_mixin.py:188} INFO - [2026-03-01T08:17:25.543+0000] {dag.py:3823} INFO - Setting next_dagrun for example_python_operator to None, run_after=None
[2026-03-01T08:17:25.558+0000] {processor.py:183} INFO - Processing /home/airflow/.local/lib/python3.8/site-packages/airflow/example_dags/example_python_operator.py took 0.056 seconds
[2026-03-01T08:17:55.733+0000] {processor.py:161} INFO - Started process (PID=1305) to work on /home/airflow/.local/lib/python3.8/site-packages/airflow/example_dags/example_python_operator.py
[2026-03-01T08:17:55.734+0000] {processor.py:830} INFO - Processing file /home/airflow/.local/lib/python3.8/site-packages/airflow/example_dags/example_python_operator.py for tasks to queue
[2026-03-01T08:17:55.736+0000] {logging_mixin.py:188} INFO - [2026-03-01T08:17:55.736+0000] {dagbag.py:538} INFO - Filling up the DagBag from /home/airflow/.local/lib/python3.8/site-packages/airflow/example_dags/example_python_operator.py
[2026-03-01T08:17:55.743+0000] {processor.py:840} INFO - DAG(s) 'example_python_operator' retrieved from /home/airflow/.local/lib/python3.8/site-packages/airflow/example_dags/example_python_operator.py
[2026-03-01T08:17:55.757+0000] {logging_mixin.py:188} INFO - [2026-03-01T08:17:55.757+0000] {dag.py:3036} INFO - Sync 1 DAGs
[2026-03-01T08:17:55.765+0000] {logging_mixin.py:188} INFO - [2026-03-01T08:17:55.765+0000] {dag.py:3823} INFO - Setting next_dagrun for example_python_operator to None, run_after=None
[2026-03-01T08:17:55.783+0000] {processor.py:183} INFO - Processing /home/airflow/.local/lib/python3.8/site-packages/airflow/example_dags/example_python_operator.py took 0.052 seconds
[2026-03-01T08:18:26.210+0000] {processor.py:161} INFO - Started process (PID=1361) to work on /home/airflow/.local/lib/python3.8/site-packages/airflow/example_dags/example_python_operator.py
[2026-03-01T08:18:26.211+0000] {processor.py:830} INFO - Processing file /home/airflow/.local/lib/python3.8/site-packages/airflow/example_dags/example_python_operator.py for tasks to queue
[2026-03-01T08:18:26.212+0000] {logging_mixin.py:188} INFO - [2026-03-01T08:18:26.212+0000] {dagbag.py:538} INFO - Filling up the DagBag from /home/airflow/.local/lib/python3.8/site-packages/airflow/example_dags/example_python_operator.py
[2026-03-01T08:18:26.219+0000] {processor.py:840} INFO - DAG(s) 'example_python_operator' retrieved from /home/airflow/.local/lib/python3.8/site-packages/airflow/example_dags/example_python_operator.py
[2026-03-01T08:18:26.231+0000] {logging_mixin.py:188} INFO - [2026-03-01T08:18:26.231+0000] {dag.py:3036} INFO - Sync 1 DAGs
[2026-03-01T08:18:26.239+0000] {logging_mixin.py:188} INFO - [2026-03-01T08:18:26.239+0000] {dag.py:3823} INFO - Setting next_dagrun for example_python_operator to None, run_after=None
[2026-03-01T08:18:26.254+0000] {processor.py:183} INFO - Processing /home/airflow/.local/lib/python3.8/site-packages/airflow/example_dags/example_python_operator.py took 0.047 seconds
[2026-03-01T08:18:56.623+0000] {processor.py:161} INFO - Started process (PID=1417) to work on /home/airflow/.local/lib/python3.8/site-packages/airflow/example_dags/example_python_operator.py
[2026-03-01T08:18:56.624+0000] {processor.py:830} INFO - Processing file /home/airflow/.local/lib/python3.8/site-packages/airflow/example_dags/example_python_operator.py for tasks to queue
[2026-03-01T08:18:56.625+0000] {logging_mixin.py:188} INFO - [2026-03-01T08:18:56.625+0000] {dagbag.py:538} INFO - Filling up the DagBag from /home/airflow/.local/lib/python3.8/site-packages/airflow/example_dags/example_python_operator.py
[2026-03-01T08:18:56.632+0000] {processor.py:840} INFO - DAG(s) 'example_python_operator' retrieved from /home/airflow/.local/lib/python3.8/site-packages/airflow/example_dags/example_python_operator.py
[2026-03-01T08:18:56.645+0000] {logging_mixin.py:188} INFO - [2026-03-01T08:18:56.645+0000] {dag.py:3036} INFO - Sync 1 DAGs
[2026-03-01T08:18:56.653+0000] {logging_mixin.py:188} INFO - [2026-03-01T08:18:56.653+0000] {dag.py:3823} INFO - Setting next_dagrun for example_python_operator to None, run_after=None
[2026-03-01T08:18:56.667+0000] {processor.py:183} INFO - Processing /home/airflow/.local/lib/python3.8/site-packages/airflow/example_dags/example_python_operator.py took 0.047 seconds
[2026-03-01T08:19:26.906+0000] {processor.py:161} INFO - Started process (PID=1473) to work on /home/airflow/.local/lib/python3.8/site-packages/airflow/example_dags/example_python_operator.py
[2026-03-01T08:19:26.908+0000] {processor.py:830} INFO - Processing file /home/airflow/.local/lib/python3.8/site-packages/airflow/example_dags/example_python_operator.py for tasks to queue
[2026-03-01T08:19:26.909+0000] {logging_mixin.py:188} INFO - [2026-03-01T08:19:26.909+0000] {dagbag.py:538} INFO - Filling up the DagBag from /home/airflow/.local/lib/python3.8/site-packages/airflow/example_dags/example_python_operator.py
[2026-03-01T08:19:26.916+0000] {processor.py:840} INFO - DAG(s) 'example_python_operator' retrieved from /home/airflow/.local/lib/python3.8/site-packages/airflow/example_dags/example_python_operator.py
[2026-03-01T08:19:26.931+0000] {logging_mixin.py:188} INFO - [2026-03-01T08:19:26.931+0000] {dag.py:3036} INFO - Sync 1 DAGs
[2026-03-01T08:19:26.941+0000] {logging_mixin.py:188} INFO - [2026-03-01T08:19:26.941+0000] {dag.py:3823} INFO - Setting next_dagrun for example_python_operator to None, run_after=None
[2026-03-01T08:19:26.962+0000] {processor.py:183} INFO - Processing /home/airflow/.local/lib/python3.8/site-packages/airflow/example_dags/example_python_operator.py took 0.058 seconds
[2026-03-01T08:19:57.067+0000] {processor.py:161} INFO - Started process (PID=1529) to work on /home/airflow/.local/lib/python3.8/site-packages/airflow/example_dags/example_python_operator.py
[2026-03-01T08:19:57.068+0000] {processor.py:830} INFO - Processing file /home/airflow/.local/lib/python3.8/site-packages/airflow/example_dags/example_python_operator.py for tasks to queue
[2026-03-01T08:19:57.070+0000] {logging_mixin.py:188} INFO - [2026-03-01T08:19:57.070+0000] {dagbag.py:538} INFO - Filling up the DagBag from /home/airflow/.local/lib/python3.8/site-packages/airflow/example_dags/example_python_operator.py
[2026-03-01T08:19:57.080+0000] {processor.py:840} INFO - DAG(s) 'example_python_operator' retrieved from /home/airflow/.local/lib/python3.8/site-packages/airflow/example_dags/example_python_operator.py
[2026-03-01T08:19:57.096+0000] {logging_mixin.py:188} INFO - [2026-03-01T08:19:57.096+0000] {dag.py:3036} INFO - Sync 1 DAGs
[2026-03-01T08:19:57.105+0000] {logging_mixin.py:188} INFO - [2026-03-01T08:19:57.104+0000] {dag.py:3823} INFO - Setting next_dagrun for example_python_operator to None, run_after=None
[2026-03-01T08:19:57.122+0000] {processor.py:183} INFO - Processing /home/airflow/.local/lib/python3.8/site-packages/airflow/example_dags/example_python_operator.py took 0.058 seconds
[2026-03-01T08:20:27.398+0000] {processor.py:161} INFO - Started process (PID=1585) to work on /home/airflow/.local/lib/python3.8/site-packages/airflow/example_dags/example_python_operator.py
[2026-03-01T08:20:27.399+0000] {processor.py:830} INFO - Processing file /home/airflow/.local/lib/python3.8/site-packages/airflow/example_dags/example_python_operator.py for tasks to queue
[2026-03-01T08:20:27.400+0000] {logging_mixin.py:188} INFO - [2026-03-01T08:20:27.400+0000] {dagbag.py:538} INFO - Filling up the DagBag from /home/airflow/.local/lib/python3.8/site-packages/airflow/example_dags/example_python_operator.py
[2026-03-01T08:20:27.407+0000] {processor.py:840} INFO - DAG(s) 'example_python_operator' retrieved from /home/airflow/.local/lib/python3.8/site-packages/airflow/example_dags/example_python_operator.py
[2026-03-01T08:20:27.420+0000] {logging_mixin.py:188} INFO - [2026-03-01T08:20:27.420+0000] {dag.py:3036} INFO - Sync 1 DAGs
[2026-03-01T08:20:27.429+0000] {logging_mixin.py:188} INFO - [2026-03-01T08:20:27.429+0000] {dag.py:3823} INFO - Setting next_dagrun for example_python_operator to None, run_after=None
[2026-03-01T08:20:27.444+0000] {processor.py:183} INFO - Processing /home/airflow/.local/lib/python3.8/site-packages/airflow/example_dags/example_python_operator.py took 0.049 seconds
[2026-03-01T08:20:57.492+0000] {processor.py:161} INFO - Started process (PID=1641) to work on /home/airflow/.local/lib/python3.8/site-packages/airflow/example_dags/example_python_operator.py
[2026-03-01T08:20:57.493+0000] {processor.py:830} INFO - Processing file /home/airflow/.local/lib/python3.8/site-packages/airflow/example_dags/example_python_operator.py for tasks to queue
[2026-03-01T08:20:57.495+0000] {logging_mixin.py:188} INFO - [2026-03-01T08:20:57.495+0000] {dagbag.py:538} INFO - Filling up the DagBag from /home/airflow/.local/lib/python3.8/site-packages/airflow/example_dags/example_python_operator.py
[2026-03-01T08:20:57.505+0000] {processor.py:840} INFO - DAG(s) 'example_python_operator' retrieved from /home/airflow/.local/lib/python3.8/site-packages/airflow/example_dags/example_python_operator.py
[2026-03-01T08:20:57.530+0000] {logging_mixin.py:188} INFO - [2026-03-01T08:20:57.530+0000] {dag.py:3036} INFO - Sync 1 DAGs
[2026-03-01T08:20:57.541+0000] {logging_mixin.py:188} INFO - [2026-03-01T08:20:57.541+0000] {dag.py:3823} INFO - Setting next_dagrun for example_python_operator to None, run_after=None
[2026-03-01T08:20:57.565+0000] {processor.py:183} INFO - Processing /home/airflow/.local/lib/python3.8/site-packages/airflow/example_dags/example_python_operator.py took 0.076 seconds
[2026-03-01T08:21:27.768+0000] {processor.py:161} INFO - Started process (PID=1697) to work on /home/airflow/.local/lib/python3.8/site-packages/airflow/example_dags/example_python_operator.py
[2026-03-01T08:21:27.770+0000] {processor.py:830} INFO - Processing file /home/airflow/.local/lib/python3.8/site-packages/airflow/example_dags/example_python_operator.py for tasks to queue
[2026-03-01T08:21:27.771+0000] {logging_mixin.py:188} INFO - [2026-03-01T08:21:27.771+0000] {dagbag.py:538} INFO - Filling up the DagBag from /home/airflow/.local/lib/python3.8/site-packages/airflow/example_dags/example_python_operator.py
[2026-03-01T08:21:27.778+0000] {processor.py:840} INFO - DAG(s) 'example_python_operator' retrieved from /home/airflow/.local/lib/python3.8/site-packages/airflow/example_dags/example_python_operator.py
[2026-03-01T08:21:27.792+0000] {logging_mixin.py:188} INFO - [2026-03-01T08:21:27.791+0000] {dag.py:3036} INFO - Sync 1 DAGs
[2026-03-01T08:21:27.799+0000] {logging_mixin.py:188} INFO - [2026-03-01T08:21:27.799+0000] {dag.py:3823} INFO - Setting next_dagrun for example_python_operator to None, run_after=None
[2026-03-01T08:21:27.811+0000] {processor.py:183} INFO - Processing /home/airflow/.local/lib/python3.8/site-packages/airflow/example_dags/example_python_operator.py took 0.045 seconds
[2026-03-01T08:21:58.166+0000] {processor.py:161} INFO - Started process (PID=1753) to work on /home/airflow/.local/lib/python3.8/site-packages/airflow/example_dags/example_python_operator.py
[2026-03-01T08:21:58.167+0000] {processor.py:830} INFO - Processing file /home/airflow/.local/lib/python3.8/site-packages/airflow/example_dags/example_python_operator.py for tasks to queue
[2026-03-01T08:21:58.169+0000] {logging_mixin.py:188} INFO - [2026-03-01T08:21:58.168+0000] {dagbag.py:538} INFO - Filling up the DagBag from /home/airflow/.local/lib/python3.8/site-packages/airflow/example_dags/example_python_operator.py
[2026-03-01T08:21:58.176+0000] {processor.py:840} INFO - DAG(s) 'example_python_operator' retrieved from /home/airflow/.local/lib/python3.8/site-packages/airflow/example_dags/example_python_operator.py
[2026-03-01T08:21:58.188+0000] {logging_mixin.py:188} INFO - [2026-03-01T08:21:58.188+0000] {dag.py:3036} INFO - Sync 1 DAGs
[2026-03-01T08:21:58.195+0000] {logging_mixin.py:188} INFO - [2026-03-01T08:21:58.195+0000] {dag.py:3823} INFO - Setting next_dagrun for example_python_operator to None, run_after=None
[2026-03-01T08:21:58.207+0000] {processor.py:183} INFO - Processing /home/airflow/.local/lib/python3.8/site-packages/airflow/example_dags/example_python_operator.py took 0.043 seconds
[2026-03-01T08:22:28.461+0000] {processor.py:161} INFO - Started process (PID=1809) to work on /home/airflow/.local/lib/python3.8/site-packages/airflow/example_dags/example_python_operator.py
[2026-03-01T08:22:28.462+0000] {processor.py:830} INFO - Processing file /home/airflow/.local/lib/python3.8/site-packages/airflow/example_dags/example_python_operator.py for tasks to queue
[2026-03-01T08:22:28.464+0000] {logging_mixin.py:188} INFO - [2026-03-01T08:22:28.463+0000] {dagbag.py:538} INFO - Filling up the DagBag from /home/airflow/.local/lib/python3.8/site-packages/airflow/example_dags/example_python_operator.py
[2026-03-01T08:22:28.470+0000] {processor.py:840} INFO - DAG(s) 'example_python_operator' retrieved from /home/airflow/.local/lib/python3.8/site-packages/airflow/example_dags/example_python_operator.py
[2026-03-01T08:22:28.484+0000] {logging_mixin.py:188} INFO - [2026-03-01T08:22:28.484+0000] {dag.py:3036} INFO - Sync 1 DAGs
[2026-03-01T08:22:28.491+0000] {logging_mixin.py:188} INFO - [2026-03-01T08:22:28.491+0000] {dag.py:3823} INFO - Setting next_dagrun for example_python_operator to None, run_after=None
[2026-03-01T08:22:28.503+0000] {processor.py:183} INFO - Processing /home/airflow/.local/lib/python3.8/site-packages/airflow/example_dags/example_python_operator.py took 0.044 seconds
[2026-03-01T08:22:58.898+0000] {processor.py:161} INFO - Started process (PID=1865) to work on /home/airflow/.local/lib/python3.8/site-packages/airflow/example_dags/example_python_operator.py
[2026-03-01T08:22:58.899+0000] {processor.py:830} INFO - Processing file /home/airflow/.local/lib/python3.8/site-packages/airflow/example_dags/example_python_operator.py for tasks to queue
[2026-03-01T08:22:58.901+0000] {logging_mixin.py:188} INFO - [2026-03-01T08:22:58.901+0000] {dagbag.py:538} INFO - Filling up the DagBag from /home/airflow/.local/lib/python3.8/site-packages/airflow/example_dags/example_python_operator.py
[2026-03-01T08:22:58.908+0000] {processor.py:840} INFO - DAG(s) 'example_python_operator' retrieved from /home/airflow/.local/lib/python3.8/site-packages/airflow/example_dags/example_python_operator.py
[2026-03-01T08:22:58.923+0000] {logging_mixin.py:188} INFO - [2026-03-01T08:22:58.923+0000] {dag.py:3036} INFO - Sync 1 DAGs
[2026-03-01T08:22:58.932+0000] {logging_mixin.py:188} INFO - [2026-03-01T08:22:58.932+0000] {dag.py:3823} INFO - Setting next_dagrun for example_python_operator to None, run_after=None
[2026-03-01T08:22:58.950+0000] {processor.py:183} INFO - Processing /home/airflow/.local/lib/python3.8/site-packages/airflow/example_dags/example_python_operator.py took 0.055 seconds
[2026-03-01T08:23:29.042+0000] {processor.py:161} INFO - Started process (PID=1921) to work on /home/airflow/.local/lib/python3.8/site-packages/airflow/example_dags/example_python_operator.py
[2026-03-01T08:23:29.043+0000] {processor.py:830} INFO - Processing file /home/airflow/.local/lib/python3.8/site-packages/airflow/example_dags/example_python_operator.py for tasks to queue
[2026-03-01T08:23:29.044+0000] {logging_mixin.py:188} INFO - [2026-03-01T08:23:29.044+0000] {dagbag.py:538} INFO - Filling up the DagBag from /home/airflow/.local/lib/python3.8/site-packages/airflow/example_dags/example_python_operator.py
[2026-03-01T08:23:29.052+0000] {processor.py:840} INFO - DAG(s) 'example_python_operator' retrieved from /home/airflow/.local/lib/python3.8/site-packages/airflow/example_dags/example_python_operator.py
[2026-03-01T08:23:29.064+0000] {logging_mixin.py:188} INFO - [2026-03-01T08:23:29.064+0000] {dag.py:3036} INFO - Sync 1 DAGs
[2026-03-01T08:23:29.072+0000] {logging_mixin.py:188} INFO - [2026-03-01T08:23:29.072+0000] {dag.py:3823} INFO - Setting next_dagrun for example_python_operator to None, run_after=None
[2026-03-01T08:23:29.089+0000] {processor.py:183} INFO - Processing /home/airflow/.local/lib/python3.8/site-packages/airflow/example_dags/example_python_operator.py took 0.049 seconds
[2026-03-01T08:23:59.424+0000] {processor.py:161} INFO - Started process (PID=1977) to work on /home/airflow/.local/lib/python3.8/site-packages/airflow/example_dags/example_python_operator.py
[2026-03-01T08:23:59.425+0000] {processor.py:830} INFO - Processing file /home/airflow/.local/lib/python3.8/site-packages/airflow/example_dags/example_python_operator.py for tasks to queue
[2026-03-01T08:23:59.428+0000] {logging_mixin.py:188} INFO - [2026-03-01T08:23:59.427+0000] {dagbag.py:538} INFO - Filling up the DagBag from /home/airflow/.local/lib/python3.8/site-packages/airflow/example_dags/example_python_operator.py
[2026-03-01T08:23:59.437+0000] {processor.py:840} INFO - DAG(s) 'example_python_operator' retrieved from /home/airflow/.local/lib/python3.8/site-packages/airflow/example_dags/example_python_operator.py
[2026-03-01T08:23:59.454+0000] {logging_mixin.py:188} INFO - [2026-03-01T08:23:59.454+0000] {dag.py:3036} INFO - Sync 1 DAGs
[2026-03-01T08:23:59.463+0000] {logging_mixin.py:188} INFO - [2026-03-01T08:23:59.463+0000] {dag.py:3823} INFO - Setting next_dagrun for example_python_operator to None, run_after=None
[2026-03-01T08:23:59.483+0000] {processor.py:183} INFO - Processing /home/airflow/.local/lib/python3.8/site-packages/airflow/example_dags/example_python_operator.py took 0.062 seconds
[2026-03-01T08:24:29.608+0000] {processor.py:161} INFO - Started process (PID=2033) to work on /home/airflow/.local/lib/python3.8/site-packages/airflow/example_dags/example_python_operator.py
[2026-03-01T08:24:29.610+0000] {processor.py:830} INFO - Processing file /home/airflow/.local/lib/python3.8/site-packages/airflow/example_dags/example_python_operator.py for tasks to queue
[2026-03-01T08:24:29.612+0000] {logging_mixin.py:188} INFO - [2026-03-01T08:24:29.612+0000] {dagbag.py:538} INFO - Filling up the DagBag from /home/airflow/.local/lib/python3.8/site-packages/airflow/example_dags/example_python_operator.py
[2026-03-01T08:24:29.621+0000] {processor.py:840} INFO - DAG(s) 'example_python_operator' retrieved from /home/airflow/.local/lib/python3.8/site-packages/airflow/example_dags/example_python_operator.py
[2026-03-01T08:24:29.639+0000] {logging_mixin.py:188} INFO - [2026-03-01T08:24:29.639+0000] {dag.py:3036} INFO - Sync 1 DAGs
[2026-03-01T08:24:29.649+0000] {logging_mixin.py:188} INFO - [2026-03-01T08:24:29.648+0000] {dag.py:3823} INFO - Setting next_dagrun for example_python_operator to None, run_after=None
[2026-03-01T08:24:29.665+0000] {processor.py:183} INFO - Processing /home/airflow/.local/lib/python3.8/site-packages/airflow/example_dags/example_python_operator.py took 0.060 seconds
[2026-03-01T08:24:59.874+0000] {processor.py:161} INFO - Started process (PID=2093) to work on /home/airflow/.local/lib/python3.8/site-packages/airflow/example_dags/example_python_operator.py
[2026-03-01T08:24:59.876+0000] {processor.py:830} INFO - Processing file /home/airflow/.local/lib/python3.8/site-packages/airflow/example_dags/example_python_operator.py for tasks to queue
[2026-03-01T08:24:59.877+0000] {logging_mixin.py:188} INFO - [2026-03-01T08:24:59.877+0000] {dagbag.py:538} INFO - Filling up the DagBag from /home/airflow/.local/lib/python3.8/site-packages/airflow/example_dags/example_python_operator.py
[2026-03-01T08:24:59.883+0000] {processor.py:840} INFO - DAG(s) 'example_python_operator' retrieved from /home/airflow/.local/lib/python3.8/site-packages/airflow/example_dags/example_python_operator.py
[2026-03-01T08:24:59.900+0000] {logging_mixin.py:188} INFO - [2026-03-01T08:24:59.900+0000] {dag.py:3036} INFO - Sync 1 DAGs
[2026-03-01T08:24:59.908+0000] {logging_mixin.py:188} INFO - [2026-03-01T08:24:59.907+0000] {dag.py:3823} INFO - Setting next_dagrun for example_python_operator to None, run_after=None
[2026-03-01T08:24:59.920+0000] {processor.py:183} INFO - Processing /home/airflow/.local/lib/python3.8/site-packages/airflow/example_dags/example_python_operator.py took 0.048 seconds
[2026-03-01T08:25:30.244+0000] {processor.py:161} INFO - Started process (PID=2149) to work on /home/airflow/.local/lib/python3.8/site-packages/airflow/example_dags/example_python_operator.py
[2026-03-01T08:25:30.245+0000] {processor.py:830} INFO - Processing file /home/airflow/.local/lib/python3.8/site-packages/airflow/example_dags/example_python_operator.py for tasks to queue
[2026-03-01T08:25:30.247+0000] {logging_mixin.py:188} INFO - [2026-03-01T08:25:30.247+0000] {dagbag.py:538} INFO - Filling up the DagBag from /home/airflow/.local/lib/python3.8/site-packages/airflow/example_dags/example_python_operator.py
[2026-03-01T08:25:30.256+0000] {processor.py:840} INFO - DAG(s) 'example_python_operator' retrieved from /home/airflow/.local/lib/python3.8/site-packages/airflow/example_dags/example_python_operator.py
[2026-03-01T08:25:30.269+0000] {logging_mixin.py:188} INFO - [2026-03-01T08:25:30.269+0000] {dag.py:3036} INFO - Sync 1 DAGs
[2026-03-01T08:25:30.276+0000] {logging_mixin.py:188} INFO - [2026-03-01T08:25:30.276+0000] {dag.py:3823} INFO - Setting next_dagrun for example_python_operator to None, run_after=None
[2026-03-01T08:25:30.289+0000] {processor.py:183} INFO - Processing /home/airflow/.local/lib/python3.8/site-packages/airflow/example_dags/example_python_operator.py took 0.047 seconds
[2026-03-01T08:26:00.390+0000] {processor.py:161} INFO - Started process (PID=2205) to work on /home/airflow/.local/lib/python3.8/site-packages/airflow/example_dags/example_python_operator.py
[2026-03-01T08:26:00.391+0000] {processor.py:830} INFO - Processing file /home/airflow/.local/lib/python3.8/site-packages/airflow/example_dags/example_python_operator.py for tasks to queue
[2026-03-01T08:26:00.393+0000] {logging_mixin.py:188} INFO - [2026-03-01T08:26:00.392+0000] {dagbag.py:538} INFO - Filling up the DagBag from /home/airflow/.local/lib/python3.8/site-packages/airflow/example_dags/example_python_operator.py
[2026-03-01T08:26:00.400+0000] {processor.py:840} INFO - DAG(s) 'example_python_operator' retrieved from /home/airflow/.local/lib/python3.8/site-packages/airflow/example_dags/example_python_operator.py
[2026-03-01T08:26:00.414+0000] {logging_mixin.py:188} INFO - [2026-03-01T08:26:00.414+0000] {dag.py:3036} INFO - Sync 1 DAGs
[2026-03-01T08:26:00.423+0000] {logging_mixin.py:188} INFO - [2026-03-01T08:26:00.423+0000] {dag.py:3823} INFO - Setting next_dagrun for example_python_operator to None, run_after=None
[2026-03-01T08:26:00.440+0000] {processor.py:183} INFO - Processing /home/airflow/.local/lib/python3.8/site-packages/airflow/example_dags/example_python_operator.py took 0.052 seconds
[2026-03-01T08:26:30.894+0000] {processor.py:161} INFO - Started process (PID=2261) to work on /home/airflow/.local/lib/python3.8/site-packages/airflow/example_dags/example_python_operator.py
[2026-03-01T08:26:30.895+0000] {processor.py:830} INFO - Processing file /home/airflow/.local/lib/python3.8/site-packages/airflow/example_dags/example_python_operator.py for tasks to queue
[2026-03-01T08:26:30.896+0000] {logging_mixin.py:188} INFO - [2026-03-01T08:26:30.896+0000] {dagbag.py:538} INFO - Filling up the DagBag from /home/airflow/.local/lib/python3.8/site-packages/airflow/example_dags/example_python_operator.py
[2026-03-01T08:26:30.905+0000] {processor.py:840} INFO - DAG(s) 'example_python_operator' retrieved from /home/airflow/.local/lib/python3.8/site-packages/airflow/example_dags/example_python_operator.py
[2026-03-01T08:26:30.918+0000] {logging_mixin.py:188} INFO - [2026-03-01T08:26:30.918+0000] {dag.py:3036} INFO - Sync 1 DAGs
[2026-03-01T08:26:30.925+0000] {logging_mixin.py:188} INFO - [2026-03-01T08:26:30.925+0000] {dag.py:3823} INFO - Setting next_dagrun for example_python_operator to None, run_after=None
[2026-03-01T08:26:30.938+0000] {processor.py:183} INFO - Processing /home/airflow/.local/lib/python3.8/site-packages/airflow/example_dags/example_python_operator.py took 0.047 seconds
[2026-03-01T08:27:01.185+0000] {processor.py:161} INFO - Started process (PID=2317) to work on /home/airflow/.local/lib/python3.8/site-packages/airflow/example_dags/example_python_operator.py
[2026-03-01T08:27:01.186+0000] {processor.py:830} INFO - Processing file /home/airflow/.local/lib/python3.8/site-packages/airflow/example_dags/example_python_operator.py for tasks to queue
[2026-03-01T08:27:01.188+0000] {logging_mixin.py:188} INFO - [2026-03-01T08:27:01.188+0000] {dagbag.py:538} INFO - Filling up the DagBag from /home/airflow/.local/lib/python3.8/site-packages/airflow/example_dags/example_python_operator.py
[2026-03-01T08:27:01.195+0000] {processor.py:840} INFO - DAG(s) 'example_python_operator' retrieved from /home/airflow/.local/lib/python3.8/site-packages/airflow/example_dags/example_python_operator.py
[2026-03-01T08:27:01.209+0000] {logging_mixin.py:188} INFO - [2026-03-01T08:27:01.209+0000] {dag.py:3036} INFO - Sync 1 DAGs
[2026-03-01T08:27:01.217+0000] {logging_mixin.py:188} INFO - [2026-03-01T08:27:01.217+0000] {dag.py:3823} INFO - Setting next_dagrun for example_python_operator to None, run_after=None
[2026-03-01T08:27:01.234+0000] {processor.py:183} INFO - Processing /home/airflow/.local/lib/python3.8/site-packages/airflow/example_dags/example_python_operator.py took 0.051 seconds
[2026-03-01T08:27:31.327+0000] {processor.py:161} INFO - Started process (PID=2372) to work on /home/airflow/.local/lib/python3.8/site-packages/airflow/example_dags/example_python_operator.py
[2026-03-01T08:27:31.328+0000] {processor.py:830} INFO - Processing file /home/airflow/.local/lib/python3.8/site-packages/airflow/example_dags/example_python_operator.py for tasks to queue
[2026-03-01T08:27:31.329+0000] {logging_mixin.py:188} INFO - [2026-03-01T08:27:31.329+0000] {dagbag.py:538} INFO - Filling up the DagBag from /home/airflow/.local/lib/python3.8/site-packages/airflow/example_dags/example_python_operator.py
[2026-03-01T08:27:31.337+0000] {processor.py:840} INFO - DAG(s) 'example_python_operator' retrieved from /home/airflow/.local/lib/python3.8/site-packages/airflow/example_dags/example_python_operator.py
[2026-03-01T08:27:31.353+0000] {logging_mixin.py:188} INFO - [2026-03-01T08:27:31.353+0000] {dag.py:3036} INFO - Sync 1 DAGs
[2026-03-01T08:27:31.361+0000] {logging_mixin.py:188} INFO - [2026-03-01T08:27:31.361+0000] {dag.py:3823} INFO - Setting next_dagrun for example_python_operator to None, run_after=None
[2026-03-01T08:27:31.378+0000] {processor.py:183} INFO - Processing /home/airflow/.local/lib/python3.8/site-packages/airflow/example_dags/example_python_operator.py took 0.054 seconds
[2026-03-01T08:28:01.722+0000] {processor.py:161} INFO - Started process (PID=2427) to work on /home/airflow/.local/lib/python3.8/site-packages/airflow/example_dags/example_python_operator.py
[2026-03-01T08:28:01.723+0000] {processor.py:830} INFO - Processing file /home/airflow/.local/lib/python3.8/site-packages/airflow/example_dags/example_python_operator.py for tasks to queue
[2026-03-01T08:28:01.725+0000] {logging_mixin.py:188} INFO - [2026-03-01T08:28:01.724+0000] {dagbag.py:538} INFO - Filling up the DagBag from /home/airflow/.local/lib/python3.8/site-packages/airflow/example_dags/example_python_operator.py
[2026-03-01T08:28:01.732+0000] {processor.py:840} INFO - DAG(s) 'example_python_operator' retrieved from /home/airflow/.local/lib/python3.8/site-packages/airflow/example_dags/example_python_operator.py
[2026-03-01T08:28:01.746+0000] {logging_mixin.py:188} INFO - [2026-03-01T08:28:01.745+0000] {dag.py:3036} INFO - Sync 1 DAGs
[2026-03-01T08:28:01.753+0000] {logging_mixin.py:188} INFO - [2026-03-01T08:28:01.753+0000] {dag.py:3823} INFO - Setting next_dagrun for example_python_operator to None, run_after=None
[2026-03-01T08:28:01.771+0000] {processor.py:183} INFO - Processing /home/airflow/.local/lib/python3.8/site-packages/airflow/example_dags/example_python_operator.py took 0.052 seconds
[2026-03-01T08:28:31.853+0000] {processor.py:161} INFO - Started process (PID=2482) to work on /home/airflow/.local/lib/python3.8/site-packages/airflow/example_dags/example_python_operator.py
[2026-03-01T08:28:31.855+0000] {processor.py:830} INFO - Processing file /home/airflow/.local/lib/python3.8/site-packages/airflow/example_dags/example_python_operator.py for tasks to queue
[2026-03-01T08:28:31.857+0000] {logging_mixin.py:188} INFO - [2026-03-01T08:28:31.857+0000] {dagbag.py:538} INFO - Filling up the DagBag from /home/airflow/.local/lib/python3.8/site-packages/airflow/example_dags/example_python_operator.py
[2026-03-01T08:28:31.865+0000] {processor.py:840} INFO - DAG(s) 'example_python_operator' retrieved from /home/airflow/.local/lib/python3.8/site-packages/airflow/example_dags/example_python_operator.py
[2026-03-01T08:28:31.881+0000] {logging_mixin.py:188} INFO - [2026-03-01T08:28:31.881+0000] {dag.py:3036} INFO - Sync 1 DAGs
[2026-03-01T08:28:31.888+0000] {logging_mixin.py:188} INFO - [2026-03-01T08:28:31.888+0000] {dag.py:3823} INFO - Setting next_dagrun for example_python_operator to None, run_after=None
[2026-03-01T08:28:31.905+0000] {processor.py:183} INFO - Processing /home/airflow/.local/lib/python3.8/site-packages/airflow/example_dags/example_python_operator.py took 0.054 seconds
[2026-03-01T08:29:02.273+0000] {processor.py:161} INFO - Started process (PID=2538) to work on /home/airflow/.local/lib/python3.8/site-packages/airflow/example_dags/example_python_operator.py
[2026-03-01T08:29:02.274+0000] {processor.py:830} INFO - Processing file /home/airflow/.local/lib/python3.8/site-packages/airflow/example_dags/example_python_operator.py for tasks to queue
[2026-03-01T08:29:02.276+0000] {logging_mixin.py:188} INFO - [2026-03-01T08:29:02.276+0000] {dagbag.py:538} INFO - Filling up the DagBag from /home/airflow/.local/lib/python3.8/site-packages/airflow/example_dags/example_python_operator.py
[2026-03-01T08:29:02.282+0000] {processor.py:840} INFO - DAG(s) 'example_python_operator' retrieved from /home/airflow/.local/lib/python3.8/site-packages/airflow/example_dags/example_python_operator.py
[2026-03-01T08:29:02.296+0000] {logging_mixin.py:188} INFO - [2026-03-01T08:29:02.296+0000] {dag.py:3036} INFO - Sync 1 DAGs
[2026-03-01T08:29:02.304+0000] {logging_mixin.py:188} INFO - [2026-03-01T08:29:02.304+0000] {dag.py:3823} INFO - Setting next_dagrun for example_python_operator to None, run_after=None
[2026-03-01T08:29:02.320+0000] {processor.py:183} INFO - Processing /home/airflow/.local/lib/python3.8/site-packages/airflow/example_dags/example_python_operator.py took 0.049 seconds
[2026-03-01T08:29:32.748+0000] {processor.py:161} INFO - Started process (PID=2594) to work on /home/airflow/.local/lib/python3.8/site-packages/airflow/example_dags/example_python_operator.py
[2026-03-01T08:29:32.749+0000] {processor.py:830} INFO - Processing file /home/airflow/.local/lib/python3.8/site-packages/airflow/example_dags/example_python_operator.py for tasks to queue
[2026-03-01T08:29:32.751+0000] {logging_mixin.py:188} INFO - [2026-03-01T08:29:32.751+0000] {dagbag.py:538} INFO - Filling up the DagBag from /home/airflow/.local/lib/python3.8/site-packages/airflow/example_dags/example_python_operator.py
[2026-03-01T08:29:32.758+0000] {processor.py:840} INFO - DAG(s) 'example_python_operator' retrieved from /home/airflow/.local/lib/python3.8/site-packages/airflow/example_dags/example_python_operator.py
[2026-03-01T08:29:32.773+0000] {logging_mixin.py:188} INFO - [2026-03-01T08:29:32.772+0000] {dag.py:3036} INFO - Sync 1 DAGs
[2026-03-01T08:29:32.783+0000] {logging_mixin.py:188} INFO - [2026-03-01T08:29:32.782+0000] {dag.py:3823} INFO - Setting next_dagrun for example_python_operator to None, run_after=None
[2026-03-01T08:29:32.798+0000] {processor.py:183} INFO - Processing /home/airflow/.local/lib/python3.8/site-packages/airflow/example_dags/example_python_operator.py took 0.053 seconds
[2026-03-01T08:30:03.231+0000] {processor.py:161} INFO - Started process (PID=2650) to work on /home/airflow/.local/lib/python3.8/site-packages/airflow/example_dags/example_python_operator.py
[2026-03-01T08:30:03.232+0000] {processor.py:830} INFO - Processing file /home/airflow/.local/lib/python3.8/site-packages/airflow/example_dags/example_python_operator.py for tasks to queue
[2026-03-01T08:30:03.234+0000] {logging_mixin.py:188} INFO - [2026-03-01T08:30:03.234+0000] {dagbag.py:538} INFO - Filling up the DagBag from /home/airflow/.local/lib/python3.8/site-packages/airflow/example_dags/example_python_operator.py
[2026-03-01T08:30:03.241+0000] {processor.py:840} INFO - DAG(s) 'example_python_operator' retrieved from /home/airflow/.local/lib/python3.8/site-packages/airflow/example_dags/example_python_operator.py
[2026-03-01T08:30:03.259+0000] {logging_mixin.py:188} INFO - [2026-03-01T08:30:03.259+0000] {dag.py:3036} INFO - Sync 1 DAGs
[2026-03-01T08:30:03.267+0000] {logging_mixin.py:188} INFO - [2026-03-01T08:30:03.267+0000] {dag.py:3823} INFO - Setting next_dagrun for example_python_operator to None, run_after=None
[2026-03-01T08:30:03.380+0000] {processor.py:183} INFO - Processing /home/airflow/.local/lib/python3.8/site-packages/airflow/example_dags/example_python_operator.py took 0.151 seconds
[2026-03-01T08:30:33.483+0000] {processor.py:161} INFO - Started process (PID=2706) to work on /home/airflow/.local/lib/python3.8/site-packages/airflow/example_dags/example_python_operator.py
[2026-03-01T08:30:33.484+0000] {processor.py:830} INFO - Processing file /home/airflow/.local/lib/python3.8/site-packages/airflow/example_dags/example_python_operator.py for tasks to queue
[2026-03-01T08:30:33.486+0000] {logging_mixin.py:188} INFO - [2026-03-01T08:30:33.486+0000] {dagbag.py:538} INFO - Filling up the DagBag from /home/airflow/.local/lib/python3.8/site-packages/airflow/example_dags/example_python_operator.py
[2026-03-01T08:30:33.493+0000] {processor.py:840} INFO - DAG(s) 'example_python_operator' retrieved from /home/airflow/.local/lib/python3.8/site-packages/airflow/example_dags/example_python_operator.py
[2026-03-01T08:30:33.506+0000] {logging_mixin.py:188} INFO - [2026-03-01T08:30:33.506+0000] {dag.py:3036} INFO - Sync 1 DAGs
[2026-03-01T08:30:33.515+0000] {logging_mixin.py:188} INFO - [2026-03-01T08:30:33.515+0000] {dag.py:3823} INFO - Setting next_dagrun for example_python_operator to None, run_after=None
[2026-03-01T08:30:33.532+0000] {processor.py:183} INFO - Processing /home/airflow/.local/lib/python3.8/site-packages/airflow/example_dags/example_python_operator.py took 0.051 seconds
