[2026-03-01T08:07:47.751+0000] {processor.py:161} INFO - Started process (PID=73) to work on /home/airflow/.local/lib/python3.8/site-packages/airflow/example_dags/example_task_group_decorator.py
[2026-03-01T08:07:47.753+0000] {processor.py:830} INFO - Processing file /home/airflow/.local/lib/python3.8/site-packages/airflow/example_dags/example_task_group_decorator.py for tasks to queue
[2026-03-01T08:07:47.755+0000] {logging_mixin.py:188} INFO - [2026-03-01T08:07:47.755+0000] {dagbag.py:538} INFO - Filling up the DagBag from /home/airflow/.local/lib/python3.8/site-packages/airflow/example_dags/example_task_group_decorator.py
[2026-03-01T08:07:47.770+0000] {processor.py:840} INFO - DAG(s) 'example_task_group_decorator' retrieved from /home/airflow/.local/lib/python3.8/site-packages/airflow/example_dags/example_task_group_decorator.py
[2026-03-01T08:07:47.854+0000] {logging_mixin.py:188} INFO - [2026-03-01T08:07:47.854+0000] {override.py:1769} INFO - Created Permission View: can edit on DAG:example_task_group_decorator
[2026-03-01T08:07:47.863+0000] {logging_mixin.py:188} INFO - [2026-03-01T08:07:47.863+0000] {override.py:1769} INFO - Created Permission View: can delete on DAG:example_task_group_decorator
[2026-03-01T08:07:47.870+0000] {logging_mixin.py:188} INFO - [2026-03-01T08:07:47.870+0000] {override.py:1769} INFO - Created Permission View: can read on DAG:example_task_group_decorator
[2026-03-01T08:07:47.871+0000] {logging_mixin.py:188} INFO - [2026-03-01T08:07:47.871+0000] {dag.py:3036} INFO - Sync 1 DAGs
[2026-03-01T08:07:47.881+0000] {logging_mixin.py:188} INFO - [2026-03-01T08:07:47.881+0000] {dag.py:3058} INFO - Creating ORM DAG for example_task_group_decorator
[2026-03-01T08:07:47.890+0000] {logging_mixin.py:188} INFO - [2026-03-01T08:07:47.890+0000] {dag.py:3823} INFO - Setting next_dagrun for example_task_group_decorator to 2026-02-28 00:00:00+00:00, run_after=2026-03-01 00:00:00+00:00
[2026-03-01T08:07:47.905+0000] {processor.py:183} INFO - Processing /home/airflow/.local/lib/python3.8/site-packages/airflow/example_dags/example_task_group_decorator.py took 0.157 seconds
[2026-03-01T08:08:18.208+0000] {processor.py:161} INFO - Started process (PID=129) to work on /home/airflow/.local/lib/python3.8/site-packages/airflow/example_dags/example_task_group_decorator.py
[2026-03-01T08:08:18.209+0000] {processor.py:830} INFO - Processing file /home/airflow/.local/lib/python3.8/site-packages/airflow/example_dags/example_task_group_decorator.py for tasks to queue
[2026-03-01T08:08:18.211+0000] {logging_mixin.py:188} INFO - [2026-03-01T08:08:18.210+0000] {dagbag.py:538} INFO - Filling up the DagBag from /home/airflow/.local/lib/python3.8/site-packages/airflow/example_dags/example_task_group_decorator.py
[2026-03-01T08:08:18.219+0000] {processor.py:840} INFO - DAG(s) 'example_task_group_decorator' retrieved from /home/airflow/.local/lib/python3.8/site-packages/airflow/example_dags/example_task_group_decorator.py
[2026-03-01T08:08:18.236+0000] {logging_mixin.py:188} INFO - [2026-03-01T08:08:18.235+0000] {dag.py:3036} INFO - Sync 1 DAGs
[2026-03-01T08:08:18.251+0000] {logging_mixin.py:188} INFO - [2026-03-01T08:08:18.251+0000] {dag.py:3823} INFO - Setting next_dagrun for example_task_group_decorator to 2026-02-28 00:00:00+00:00, run_after=2026-03-01 00:00:00+00:00
[2026-03-01T08:08:18.262+0000] {processor.py:183} INFO - Processing /home/airflow/.local/lib/python3.8/site-packages/airflow/example_dags/example_task_group_decorator.py took 0.057 seconds
[2026-03-01T08:08:48.774+0000] {processor.py:161} INFO - Started process (PID=184) to work on /home/airflow/.local/lib/python3.8/site-packages/airflow/example_dags/example_task_group_decorator.py
[2026-03-01T08:08:48.776+0000] {processor.py:830} INFO - Processing file /home/airflow/.local/lib/python3.8/site-packages/airflow/example_dags/example_task_group_decorator.py for tasks to queue
[2026-03-01T08:08:48.777+0000] {logging_mixin.py:188} INFO - [2026-03-01T08:08:48.777+0000] {dagbag.py:538} INFO - Filling up the DagBag from /home/airflow/.local/lib/python3.8/site-packages/airflow/example_dags/example_task_group_decorator.py
[2026-03-01T08:08:48.786+0000] {processor.py:840} INFO - DAG(s) 'example_task_group_decorator' retrieved from /home/airflow/.local/lib/python3.8/site-packages/airflow/example_dags/example_task_group_decorator.py
[2026-03-01T08:08:48.801+0000] {logging_mixin.py:188} INFO - [2026-03-01T08:08:48.801+0000] {dag.py:3036} INFO - Sync 1 DAGs
[2026-03-01T08:08:48.814+0000] {logging_mixin.py:188} INFO - [2026-03-01T08:08:48.814+0000] {dag.py:3823} INFO - Setting next_dagrun for example_task_group_decorator to 2026-02-28 00:00:00+00:00, run_after=2026-03-01 00:00:00+00:00
[2026-03-01T08:08:48.824+0000] {processor.py:183} INFO - Processing /home/airflow/.local/lib/python3.8/site-packages/airflow/example_dags/example_task_group_decorator.py took 0.052 seconds
[2026-03-01T08:09:19.085+0000] {processor.py:161} INFO - Started process (PID=239) to work on /home/airflow/.local/lib/python3.8/site-packages/airflow/example_dags/example_task_group_decorator.py
[2026-03-01T08:09:19.086+0000] {processor.py:830} INFO - Processing file /home/airflow/.local/lib/python3.8/site-packages/airflow/example_dags/example_task_group_decorator.py for tasks to queue
[2026-03-01T08:09:19.088+0000] {logging_mixin.py:188} INFO - [2026-03-01T08:09:19.087+0000] {dagbag.py:538} INFO - Filling up the DagBag from /home/airflow/.local/lib/python3.8/site-packages/airflow/example_dags/example_task_group_decorator.py
[2026-03-01T08:09:19.101+0000] {processor.py:840} INFO - DAG(s) 'example_task_group_decorator' retrieved from /home/airflow/.local/lib/python3.8/site-packages/airflow/example_dags/example_task_group_decorator.py
[2026-03-01T08:09:19.124+0000] {logging_mixin.py:188} INFO - [2026-03-01T08:09:19.124+0000] {dag.py:3036} INFO - Sync 1 DAGs
[2026-03-01T08:09:19.141+0000] {logging_mixin.py:188} INFO - [2026-03-01T08:09:19.141+0000] {dag.py:3823} INFO - Setting next_dagrun for example_task_group_decorator to 2026-02-28 00:00:00+00:00, run_after=2026-03-01 00:00:00+00:00
[2026-03-01T08:09:19.158+0000] {processor.py:183} INFO - Processing /home/airflow/.local/lib/python3.8/site-packages/airflow/example_dags/example_task_group_decorator.py took 0.076 seconds
[2026-03-01T08:09:49.436+0000] {processor.py:161} INFO - Started process (PID=294) to work on /home/airflow/.local/lib/python3.8/site-packages/airflow/example_dags/example_task_group_decorator.py
[2026-03-01T08:09:49.437+0000] {processor.py:830} INFO - Processing file /home/airflow/.local/lib/python3.8/site-packages/airflow/example_dags/example_task_group_decorator.py for tasks to queue
[2026-03-01T08:09:49.439+0000] {logging_mixin.py:188} INFO - [2026-03-01T08:09:49.438+0000] {dagbag.py:538} INFO - Filling up the DagBag from /home/airflow/.local/lib/python3.8/site-packages/airflow/example_dags/example_task_group_decorator.py
[2026-03-01T08:09:49.449+0000] {processor.py:840} INFO - DAG(s) 'example_task_group_decorator' retrieved from /home/airflow/.local/lib/python3.8/site-packages/airflow/example_dags/example_task_group_decorator.py
[2026-03-01T08:09:49.468+0000] {logging_mixin.py:188} INFO - [2026-03-01T08:09:49.468+0000] {dag.py:3036} INFO - Sync 1 DAGs
[2026-03-01T08:09:49.484+0000] {logging_mixin.py:188} INFO - [2026-03-01T08:09:49.484+0000] {dag.py:3823} INFO - Setting next_dagrun for example_task_group_decorator to 2026-02-28 00:00:00+00:00, run_after=2026-03-01 00:00:00+00:00
[2026-03-01T08:09:49.501+0000] {processor.py:183} INFO - Processing /home/airflow/.local/lib/python3.8/site-packages/airflow/example_dags/example_task_group_decorator.py took 0.068 seconds
[2026-03-01T08:10:20.028+0000] {processor.py:161} INFO - Started process (PID=355) to work on /home/airflow/.local/lib/python3.8/site-packages/airflow/example_dags/example_task_group_decorator.py
[2026-03-01T08:10:20.029+0000] {processor.py:830} INFO - Processing file /home/airflow/.local/lib/python3.8/site-packages/airflow/example_dags/example_task_group_decorator.py for tasks to queue
[2026-03-01T08:10:20.030+0000] {logging_mixin.py:188} INFO - [2026-03-01T08:10:20.030+0000] {dagbag.py:538} INFO - Filling up the DagBag from /home/airflow/.local/lib/python3.8/site-packages/airflow/example_dags/example_task_group_decorator.py
[2026-03-01T08:10:20.038+0000] {processor.py:840} INFO - DAG(s) 'example_task_group_decorator' retrieved from /home/airflow/.local/lib/python3.8/site-packages/airflow/example_dags/example_task_group_decorator.py
[2026-03-01T08:10:20.054+0000] {logging_mixin.py:188} INFO - [2026-03-01T08:10:20.054+0000] {dag.py:3036} INFO - Sync 1 DAGs
[2026-03-01T08:10:20.069+0000] {logging_mixin.py:188} INFO - [2026-03-01T08:10:20.068+0000] {dag.py:3823} INFO - Setting next_dagrun for example_task_group_decorator to 2026-02-28 00:00:00+00:00, run_after=2026-03-01 00:00:00+00:00
[2026-03-01T08:10:20.082+0000] {processor.py:183} INFO - Processing /home/airflow/.local/lib/python3.8/site-packages/airflow/example_dags/example_task_group_decorator.py took 0.056 seconds
[2026-03-01T08:10:50.621+0000] {processor.py:161} INFO - Started process (PID=410) to work on /home/airflow/.local/lib/python3.8/site-packages/airflow/example_dags/example_task_group_decorator.py
[2026-03-01T08:10:50.623+0000] {processor.py:830} INFO - Processing file /home/airflow/.local/lib/python3.8/site-packages/airflow/example_dags/example_task_group_decorator.py for tasks to queue
[2026-03-01T08:10:50.625+0000] {logging_mixin.py:188} INFO - [2026-03-01T08:10:50.624+0000] {dagbag.py:538} INFO - Filling up the DagBag from /home/airflow/.local/lib/python3.8/site-packages/airflow/example_dags/example_task_group_decorator.py
[2026-03-01T08:10:50.635+0000] {processor.py:840} INFO - DAG(s) 'example_task_group_decorator' retrieved from /home/airflow/.local/lib/python3.8/site-packages/airflow/example_dags/example_task_group_decorator.py
[2026-03-01T08:10:50.654+0000] {logging_mixin.py:188} INFO - [2026-03-01T08:10:50.654+0000] {dag.py:3036} INFO - Sync 1 DAGs
[2026-03-01T08:10:50.669+0000] {logging_mixin.py:188} INFO - [2026-03-01T08:10:50.669+0000] {dag.py:3823} INFO - Setting next_dagrun for example_task_group_decorator to 2026-02-28 00:00:00+00:00, run_after=2026-03-01 00:00:00+00:00
[2026-03-01T08:10:50.682+0000] {processor.py:183} INFO - Processing /home/airflow/.local/lib/python3.8/site-packages/airflow/example_dags/example_task_group_decorator.py took 0.063 seconds
[2026-03-01T08:11:21.081+0000] {processor.py:161} INFO - Started process (PID=471) to work on /home/airflow/.local/lib/python3.8/site-packages/airflow/example_dags/example_task_group_decorator.py
[2026-03-01T08:11:21.082+0000] {processor.py:830} INFO - Processing file /home/airflow/.local/lib/python3.8/site-packages/airflow/example_dags/example_task_group_decorator.py for tasks to queue
[2026-03-01T08:11:21.085+0000] {logging_mixin.py:188} INFO - [2026-03-01T08:11:21.085+0000] {dagbag.py:538} INFO - Filling up the DagBag from /home/airflow/.local/lib/python3.8/site-packages/airflow/example_dags/example_task_group_decorator.py
[2026-03-01T08:11:21.094+0000] {processor.py:840} INFO - DAG(s) 'example_task_group_decorator' retrieved from /home/airflow/.local/lib/python3.8/site-packages/airflow/example_dags/example_task_group_decorator.py
[2026-03-01T08:11:21.110+0000] {logging_mixin.py:188} INFO - [2026-03-01T08:11:21.110+0000] {dag.py:3036} INFO - Sync 1 DAGs
[2026-03-01T08:11:21.124+0000] {logging_mixin.py:188} INFO - [2026-03-01T08:11:21.124+0000] {dag.py:3823} INFO - Setting next_dagrun for example_task_group_decorator to 2026-02-28 00:00:00+00:00, run_after=2026-03-01 00:00:00+00:00
[2026-03-01T08:11:21.138+0000] {processor.py:183} INFO - Processing /home/airflow/.local/lib/python3.8/site-packages/airflow/example_dags/example_task_group_decorator.py took 0.059 seconds
[2026-03-01T08:11:51.281+0000] {processor.py:161} INFO - Started process (PID=526) to work on /home/airflow/.local/lib/python3.8/site-packages/airflow/example_dags/example_task_group_decorator.py
[2026-03-01T08:11:51.282+0000] {processor.py:830} INFO - Processing file /home/airflow/.local/lib/python3.8/site-packages/airflow/example_dags/example_task_group_decorator.py for tasks to queue
[2026-03-01T08:11:51.284+0000] {logging_mixin.py:188} INFO - [2026-03-01T08:11:51.284+0000] {dagbag.py:538} INFO - Filling up the DagBag from /home/airflow/.local/lib/python3.8/site-packages/airflow/example_dags/example_task_group_decorator.py
[2026-03-01T08:11:51.293+0000] {processor.py:840} INFO - DAG(s) 'example_task_group_decorator' retrieved from /home/airflow/.local/lib/python3.8/site-packages/airflow/example_dags/example_task_group_decorator.py
[2026-03-01T08:11:51.310+0000] {logging_mixin.py:188} INFO - [2026-03-01T08:11:51.310+0000] {dag.py:3036} INFO - Sync 1 DAGs
[2026-03-01T08:11:51.324+0000] {logging_mixin.py:188} INFO - [2026-03-01T08:11:51.324+0000] {dag.py:3823} INFO - Setting next_dagrun for example_task_group_decorator to 2026-02-28 00:00:00+00:00, run_after=2026-03-01 00:00:00+00:00
[2026-03-01T08:11:51.339+0000] {processor.py:183} INFO - Processing /home/airflow/.local/lib/python3.8/site-packages/airflow/example_dags/example_task_group_decorator.py took 0.061 seconds
[2026-03-01T08:12:22.300+0000] {processor.py:161} INFO - Started process (PID=610) to work on /home/airflow/.local/lib/python3.8/site-packages/airflow/example_dags/example_task_group_decorator.py
[2026-03-01T08:12:22.301+0000] {processor.py:830} INFO - Processing file /home/airflow/.local/lib/python3.8/site-packages/airflow/example_dags/example_task_group_decorator.py for tasks to queue
[2026-03-01T08:12:22.303+0000] {logging_mixin.py:188} INFO - [2026-03-01T08:12:22.303+0000] {dagbag.py:538} INFO - Filling up the DagBag from /home/airflow/.local/lib/python3.8/site-packages/airflow/example_dags/example_task_group_decorator.py
[2026-03-01T08:12:22.312+0000] {processor.py:840} INFO - DAG(s) 'example_task_group_decorator' retrieved from /home/airflow/.local/lib/python3.8/site-packages/airflow/example_dags/example_task_group_decorator.py
[2026-03-01T08:12:22.329+0000] {logging_mixin.py:188} INFO - [2026-03-01T08:12:22.329+0000] {dag.py:3036} INFO - Sync 1 DAGs
[2026-03-01T08:12:22.344+0000] {logging_mixin.py:188} INFO - [2026-03-01T08:12:22.344+0000] {dag.py:3823} INFO - Setting next_dagrun for example_task_group_decorator to 2026-02-28 00:00:00+00:00, run_after=2026-03-01 00:00:00+00:00
[2026-03-01T08:12:22.357+0000] {processor.py:183} INFO - Processing /home/airflow/.local/lib/python3.8/site-packages/airflow/example_dags/example_task_group_decorator.py took 0.059 seconds
[2026-03-01T08:12:52.708+0000] {processor.py:161} INFO - Started process (PID=664) to work on /home/airflow/.local/lib/python3.8/site-packages/airflow/example_dags/example_task_group_decorator.py
[2026-03-01T08:12:52.710+0000] {processor.py:830} INFO - Processing file /home/airflow/.local/lib/python3.8/site-packages/airflow/example_dags/example_task_group_decorator.py for tasks to queue
[2026-03-01T08:12:52.711+0000] {logging_mixin.py:188} INFO - [2026-03-01T08:12:52.711+0000] {dagbag.py:538} INFO - Filling up the DagBag from /home/airflow/.local/lib/python3.8/site-packages/airflow/example_dags/example_task_group_decorator.py
[2026-03-01T08:12:52.719+0000] {processor.py:840} INFO - DAG(s) 'example_task_group_decorator' retrieved from /home/airflow/.local/lib/python3.8/site-packages/airflow/example_dags/example_task_group_decorator.py
[2026-03-01T08:12:52.734+0000] {logging_mixin.py:188} INFO - [2026-03-01T08:12:52.734+0000] {dag.py:3036} INFO - Sync 1 DAGs
[2026-03-01T08:12:52.747+0000] {logging_mixin.py:188} INFO - [2026-03-01T08:12:52.747+0000] {dag.py:3823} INFO - Setting next_dagrun for example_task_group_decorator to 2026-02-28 00:00:00+00:00, run_after=2026-03-01 00:00:00+00:00
[2026-03-01T08:12:52.759+0000] {processor.py:183} INFO - Processing /home/airflow/.local/lib/python3.8/site-packages/airflow/example_dags/example_task_group_decorator.py took 0.053 seconds
[2026-03-01T08:13:22.887+0000] {processor.py:161} INFO - Started process (PID=719) to work on /home/airflow/.local/lib/python3.8/site-packages/airflow/example_dags/example_task_group_decorator.py
[2026-03-01T08:13:22.888+0000] {processor.py:830} INFO - Processing file /home/airflow/.local/lib/python3.8/site-packages/airflow/example_dags/example_task_group_decorator.py for tasks to queue
[2026-03-01T08:13:22.890+0000] {logging_mixin.py:188} INFO - [2026-03-01T08:13:22.890+0000] {dagbag.py:538} INFO - Filling up the DagBag from /home/airflow/.local/lib/python3.8/site-packages/airflow/example_dags/example_task_group_decorator.py
[2026-03-01T08:13:22.898+0000] {processor.py:840} INFO - DAG(s) 'example_task_group_decorator' retrieved from /home/airflow/.local/lib/python3.8/site-packages/airflow/example_dags/example_task_group_decorator.py
[2026-03-01T08:13:22.914+0000] {logging_mixin.py:188} INFO - [2026-03-01T08:13:22.913+0000] {dag.py:3036} INFO - Sync 1 DAGs
[2026-03-01T08:13:22.927+0000] {logging_mixin.py:188} INFO - [2026-03-01T08:13:22.927+0000] {dag.py:3823} INFO - Setting next_dagrun for example_task_group_decorator to 2026-02-28 00:00:00+00:00, run_after=2026-03-01 00:00:00+00:00
[2026-03-01T08:13:22.938+0000] {processor.py:183} INFO - Processing /home/airflow/.local/lib/python3.8/site-packages/airflow/example_dags/example_task_group_decorator.py took 0.054 seconds
[2026-03-01T08:13:53.159+0000] {processor.py:161} INFO - Started process (PID=797) to work on /home/airflow/.local/lib/python3.8/site-packages/airflow/example_dags/example_task_group_decorator.py
[2026-03-01T08:13:53.160+0000] {processor.py:830} INFO - Processing file /home/airflow/.local/lib/python3.8/site-packages/airflow/example_dags/example_task_group_decorator.py for tasks to queue
[2026-03-01T08:13:53.162+0000] {logging_mixin.py:188} INFO - [2026-03-01T08:13:53.162+0000] {dagbag.py:538} INFO - Filling up the DagBag from /home/airflow/.local/lib/python3.8/site-packages/airflow/example_dags/example_task_group_decorator.py
[2026-03-01T08:13:53.171+0000] {processor.py:840} INFO - DAG(s) 'example_task_group_decorator' retrieved from /home/airflow/.local/lib/python3.8/site-packages/airflow/example_dags/example_task_group_decorator.py
[2026-03-01T08:13:53.187+0000] {logging_mixin.py:188} INFO - [2026-03-01T08:13:53.187+0000] {dag.py:3036} INFO - Sync 1 DAGs
[2026-03-01T08:13:53.201+0000] {logging_mixin.py:188} INFO - [2026-03-01T08:13:53.200+0000] {dag.py:3823} INFO - Setting next_dagrun for example_task_group_decorator to 2026-02-28 00:00:00+00:00, run_after=2026-03-01 00:00:00+00:00
[2026-03-01T08:13:53.214+0000] {processor.py:183} INFO - Processing /home/airflow/.local/lib/python3.8/site-packages/airflow/example_dags/example_task_group_decorator.py took 0.057 seconds
[2026-03-01T08:14:23.395+0000] {processor.py:161} INFO - Started process (PID=874) to work on /home/airflow/.local/lib/python3.8/site-packages/airflow/example_dags/example_task_group_decorator.py
[2026-03-01T08:14:23.396+0000] {processor.py:830} INFO - Processing file /home/airflow/.local/lib/python3.8/site-packages/airflow/example_dags/example_task_group_decorator.py for tasks to queue
[2026-03-01T08:14:23.398+0000] {logging_mixin.py:188} INFO - [2026-03-01T08:14:23.398+0000] {dagbag.py:538} INFO - Filling up the DagBag from /home/airflow/.local/lib/python3.8/site-packages/airflow/example_dags/example_task_group_decorator.py
[2026-03-01T08:14:23.406+0000] {processor.py:840} INFO - DAG(s) 'example_task_group_decorator' retrieved from /home/airflow/.local/lib/python3.8/site-packages/airflow/example_dags/example_task_group_decorator.py
[2026-03-01T08:14:23.415+0000] {logging_mixin.py:188} INFO - [2026-03-01T08:14:23.415+0000] {dag.py:3036} INFO - Sync 1 DAGs
[2026-03-01T08:14:23.429+0000] {logging_mixin.py:188} INFO - [2026-03-01T08:14:23.429+0000] {dag.py:3823} INFO - Setting next_dagrun for example_task_group_decorator to 2026-02-28 00:00:00+00:00, run_after=2026-03-01 00:00:00+00:00
[2026-03-01T08:14:23.442+0000] {processor.py:183} INFO - Processing /home/airflow/.local/lib/python3.8/site-packages/airflow/example_dags/example_task_group_decorator.py took 0.049 seconds
[2026-03-01T08:14:53.999+0000] {processor.py:161} INFO - Started process (PID=929) to work on /home/airflow/.local/lib/python3.8/site-packages/airflow/example_dags/example_task_group_decorator.py
[2026-03-01T08:14:54.000+0000] {processor.py:830} INFO - Processing file /home/airflow/.local/lib/python3.8/site-packages/airflow/example_dags/example_task_group_decorator.py for tasks to queue
[2026-03-01T08:14:54.001+0000] {logging_mixin.py:188} INFO - [2026-03-01T08:14:54.001+0000] {dagbag.py:538} INFO - Filling up the DagBag from /home/airflow/.local/lib/python3.8/site-packages/airflow/example_dags/example_task_group_decorator.py
[2026-03-01T08:14:54.010+0000] {processor.py:840} INFO - DAG(s) 'example_task_group_decorator' retrieved from /home/airflow/.local/lib/python3.8/site-packages/airflow/example_dags/example_task_group_decorator.py
[2026-03-01T08:14:54.067+0000] {logging_mixin.py:188} INFO - [2026-03-01T08:14:54.067+0000] {dag.py:3036} INFO - Sync 1 DAGs
[2026-03-01T08:14:54.078+0000] {logging_mixin.py:188} INFO - [2026-03-01T08:14:54.078+0000] {dag.py:3823} INFO - Setting next_dagrun for example_task_group_decorator to 2026-02-28 00:00:00+00:00, run_after=2026-03-01 00:00:00+00:00
[2026-03-01T08:14:54.090+0000] {processor.py:183} INFO - Processing /home/airflow/.local/lib/python3.8/site-packages/airflow/example_dags/example_task_group_decorator.py took 0.094 seconds
[2026-03-01T08:15:24.669+0000] {processor.py:161} INFO - Started process (PID=984) to work on /home/airflow/.local/lib/python3.8/site-packages/airflow/example_dags/example_task_group_decorator.py
[2026-03-01T08:15:24.670+0000] {processor.py:830} INFO - Processing file /home/airflow/.local/lib/python3.8/site-packages/airflow/example_dags/example_task_group_decorator.py for tasks to queue
[2026-03-01T08:15:24.672+0000] {logging_mixin.py:188} INFO - [2026-03-01T08:15:24.672+0000] {dagbag.py:538} INFO - Filling up the DagBag from /home/airflow/.local/lib/python3.8/site-packages/airflow/example_dags/example_task_group_decorator.py
[2026-03-01T08:15:24.680+0000] {processor.py:840} INFO - DAG(s) 'example_task_group_decorator' retrieved from /home/airflow/.local/lib/python3.8/site-packages/airflow/example_dags/example_task_group_decorator.py
[2026-03-01T08:15:24.696+0000] {logging_mixin.py:188} INFO - [2026-03-01T08:15:24.696+0000] {dag.py:3036} INFO - Sync 1 DAGs
[2026-03-01T08:15:24.710+0000] {logging_mixin.py:188} INFO - [2026-03-01T08:15:24.710+0000] {dag.py:3823} INFO - Setting next_dagrun for example_task_group_decorator to 2026-02-28 00:00:00+00:00, run_after=2026-03-01 00:00:00+00:00
[2026-03-01T08:15:24.721+0000] {processor.py:183} INFO - Processing /home/airflow/.local/lib/python3.8/site-packages/airflow/example_dags/example_task_group_decorator.py took 0.054 seconds
[2026-03-01T08:15:54.881+0000] {processor.py:161} INFO - Started process (PID=1039) to work on /home/airflow/.local/lib/python3.8/site-packages/airflow/example_dags/example_task_group_decorator.py
[2026-03-01T08:15:54.882+0000] {processor.py:830} INFO - Processing file /home/airflow/.local/lib/python3.8/site-packages/airflow/example_dags/example_task_group_decorator.py for tasks to queue
[2026-03-01T08:15:54.883+0000] {logging_mixin.py:188} INFO - [2026-03-01T08:15:54.883+0000] {dagbag.py:538} INFO - Filling up the DagBag from /home/airflow/.local/lib/python3.8/site-packages/airflow/example_dags/example_task_group_decorator.py
[2026-03-01T08:15:54.892+0000] {processor.py:840} INFO - DAG(s) 'example_task_group_decorator' retrieved from /home/airflow/.local/lib/python3.8/site-packages/airflow/example_dags/example_task_group_decorator.py
[2026-03-01T08:15:54.907+0000] {logging_mixin.py:188} INFO - [2026-03-01T08:15:54.907+0000] {dag.py:3036} INFO - Sync 1 DAGs
[2026-03-01T08:15:54.921+0000] {logging_mixin.py:188} INFO - [2026-03-01T08:15:54.921+0000] {dag.py:3823} INFO - Setting next_dagrun for example_task_group_decorator to 2026-02-28 00:00:00+00:00, run_after=2026-03-01 00:00:00+00:00
[2026-03-01T08:15:54.935+0000] {processor.py:183} INFO - Processing /home/airflow/.local/lib/python3.8/site-packages/airflow/example_dags/example_task_group_decorator.py took 0.056 seconds
[2026-03-01T08:16:25.292+0000] {processor.py:161} INFO - Started process (PID=1117) to work on /home/airflow/.local/lib/python3.8/site-packages/airflow/example_dags/example_task_group_decorator.py
[2026-03-01T08:16:25.293+0000] {processor.py:830} INFO - Processing file /home/airflow/.local/lib/python3.8/site-packages/airflow/example_dags/example_task_group_decorator.py for tasks to queue
[2026-03-01T08:16:25.295+0000] {logging_mixin.py:188} INFO - [2026-03-01T08:16:25.295+0000] {dagbag.py:538} INFO - Filling up the DagBag from /home/airflow/.local/lib/python3.8/site-packages/airflow/example_dags/example_task_group_decorator.py
[2026-03-01T08:16:25.305+0000] {processor.py:840} INFO - DAG(s) 'example_task_group_decorator' retrieved from /home/airflow/.local/lib/python3.8/site-packages/airflow/example_dags/example_task_group_decorator.py
[2026-03-01T08:16:25.323+0000] {logging_mixin.py:188} INFO - [2026-03-01T08:16:25.323+0000] {dag.py:3036} INFO - Sync 1 DAGs
[2026-03-01T08:16:25.339+0000] {logging_mixin.py:188} INFO - [2026-03-01T08:16:25.339+0000] {dag.py:3823} INFO - Setting next_dagrun for example_task_group_decorator to 2026-02-28 00:00:00+00:00, run_after=2026-03-01 00:00:00+00:00
[2026-03-01T08:16:25.357+0000] {processor.py:183} INFO - Processing /home/airflow/.local/lib/python3.8/site-packages/airflow/example_dags/example_task_group_decorator.py took 0.068 seconds
[2026-03-01T08:16:55.570+0000] {processor.py:161} INFO - Started process (PID=1178) to work on /home/airflow/.local/lib/python3.8/site-packages/airflow/example_dags/example_task_group_decorator.py
[2026-03-01T08:16:55.571+0000] {processor.py:830} INFO - Processing file /home/airflow/.local/lib/python3.8/site-packages/airflow/example_dags/example_task_group_decorator.py for tasks to queue
[2026-03-01T08:16:55.573+0000] {logging_mixin.py:188} INFO - [2026-03-01T08:16:55.573+0000] {dagbag.py:538} INFO - Filling up the DagBag from /home/airflow/.local/lib/python3.8/site-packages/airflow/example_dags/example_task_group_decorator.py
[2026-03-01T08:16:55.581+0000] {processor.py:840} INFO - DAG(s) 'example_task_group_decorator' retrieved from /home/airflow/.local/lib/python3.8/site-packages/airflow/example_dags/example_task_group_decorator.py
[2026-03-01T08:16:55.597+0000] {logging_mixin.py:188} INFO - [2026-03-01T08:16:55.597+0000] {dag.py:3036} INFO - Sync 1 DAGs
[2026-03-01T08:16:55.610+0000] {logging_mixin.py:188} INFO - [2026-03-01T08:16:55.610+0000] {dag.py:3823} INFO - Setting next_dagrun for example_task_group_decorator to 2026-02-28 00:00:00+00:00, run_after=2026-03-01 00:00:00+00:00
[2026-03-01T08:16:55.622+0000] {processor.py:183} INFO - Processing /home/airflow/.local/lib/python3.8/site-packages/airflow/example_dags/example_task_group_decorator.py took 0.054 seconds
[2026-03-01T08:17:25.888+0000] {processor.py:161} INFO - Started process (PID=1256) to work on /home/airflow/.local/lib/python3.8/site-packages/airflow/example_dags/example_task_group_decorator.py
[2026-03-01T08:17:25.889+0000] {processor.py:830} INFO - Processing file /home/airflow/.local/lib/python3.8/site-packages/airflow/example_dags/example_task_group_decorator.py for tasks to queue
[2026-03-01T08:17:25.891+0000] {logging_mixin.py:188} INFO - [2026-03-01T08:17:25.891+0000] {dagbag.py:538} INFO - Filling up the DagBag from /home/airflow/.local/lib/python3.8/site-packages/airflow/example_dags/example_task_group_decorator.py
[2026-03-01T08:17:25.900+0000] {processor.py:840} INFO - DAG(s) 'example_task_group_decorator' retrieved from /home/airflow/.local/lib/python3.8/site-packages/airflow/example_dags/example_task_group_decorator.py
[2026-03-01T08:17:25.917+0000] {logging_mixin.py:188} INFO - [2026-03-01T08:17:25.917+0000] {dag.py:3036} INFO - Sync 1 DAGs
[2026-03-01T08:17:25.930+0000] {logging_mixin.py:188} INFO - [2026-03-01T08:17:25.930+0000] {dag.py:3823} INFO - Setting next_dagrun for example_task_group_decorator to 2026-02-28 00:00:00+00:00, run_after=2026-03-01 00:00:00+00:00
[2026-03-01T08:17:25.942+0000] {processor.py:183} INFO - Processing /home/airflow/.local/lib/python3.8/site-packages/airflow/example_dags/example_task_group_decorator.py took 0.056 seconds
[2026-03-01T08:17:56.134+0000] {processor.py:161} INFO - Started process (PID=1312) to work on /home/airflow/.local/lib/python3.8/site-packages/airflow/example_dags/example_task_group_decorator.py
[2026-03-01T08:17:56.136+0000] {processor.py:830} INFO - Processing file /home/airflow/.local/lib/python3.8/site-packages/airflow/example_dags/example_task_group_decorator.py for tasks to queue
[2026-03-01T08:17:56.137+0000] {logging_mixin.py:188} INFO - [2026-03-01T08:17:56.137+0000] {dagbag.py:538} INFO - Filling up the DagBag from /home/airflow/.local/lib/python3.8/site-packages/airflow/example_dags/example_task_group_decorator.py
[2026-03-01T08:17:56.146+0000] {processor.py:840} INFO - DAG(s) 'example_task_group_decorator' retrieved from /home/airflow/.local/lib/python3.8/site-packages/airflow/example_dags/example_task_group_decorator.py
[2026-03-01T08:17:56.162+0000] {logging_mixin.py:188} INFO - [2026-03-01T08:17:56.162+0000] {dag.py:3036} INFO - Sync 1 DAGs
[2026-03-01T08:17:56.175+0000] {logging_mixin.py:188} INFO - [2026-03-01T08:17:56.175+0000] {dag.py:3823} INFO - Setting next_dagrun for example_task_group_decorator to 2026-02-28 00:00:00+00:00, run_after=2026-03-01 00:00:00+00:00
[2026-03-01T08:17:56.192+0000] {processor.py:183} INFO - Processing /home/airflow/.local/lib/python3.8/site-packages/airflow/example_dags/example_task_group_decorator.py took 0.060 seconds
[2026-03-01T08:18:26.600+0000] {processor.py:161} INFO - Started process (PID=1368) to work on /home/airflow/.local/lib/python3.8/site-packages/airflow/example_dags/example_task_group_decorator.py
[2026-03-01T08:18:26.601+0000] {processor.py:830} INFO - Processing file /home/airflow/.local/lib/python3.8/site-packages/airflow/example_dags/example_task_group_decorator.py for tasks to queue
[2026-03-01T08:18:26.602+0000] {logging_mixin.py:188} INFO - [2026-03-01T08:18:26.602+0000] {dagbag.py:538} INFO - Filling up the DagBag from /home/airflow/.local/lib/python3.8/site-packages/airflow/example_dags/example_task_group_decorator.py
[2026-03-01T08:18:26.610+0000] {processor.py:840} INFO - DAG(s) 'example_task_group_decorator' retrieved from /home/airflow/.local/lib/python3.8/site-packages/airflow/example_dags/example_task_group_decorator.py
[2026-03-01T08:18:26.624+0000] {logging_mixin.py:188} INFO - [2026-03-01T08:18:26.624+0000] {dag.py:3036} INFO - Sync 1 DAGs
[2026-03-01T08:18:26.638+0000] {logging_mixin.py:188} INFO - [2026-03-01T08:18:26.638+0000] {dag.py:3823} INFO - Setting next_dagrun for example_task_group_decorator to 2026-02-28 00:00:00+00:00, run_after=2026-03-01 00:00:00+00:00
[2026-03-01T08:18:26.653+0000] {processor.py:183} INFO - Processing /home/airflow/.local/lib/python3.8/site-packages/airflow/example_dags/example_task_group_decorator.py took 0.055 seconds
[2026-03-01T08:18:56.997+0000] {processor.py:161} INFO - Started process (PID=1424) to work on /home/airflow/.local/lib/python3.8/site-packages/airflow/example_dags/example_task_group_decorator.py
[2026-03-01T08:18:56.998+0000] {processor.py:830} INFO - Processing file /home/airflow/.local/lib/python3.8/site-packages/airflow/example_dags/example_task_group_decorator.py for tasks to queue
[2026-03-01T08:18:57.000+0000] {logging_mixin.py:188} INFO - [2026-03-01T08:18:57.000+0000] {dagbag.py:538} INFO - Filling up the DagBag from /home/airflow/.local/lib/python3.8/site-packages/airflow/example_dags/example_task_group_decorator.py
[2026-03-01T08:18:57.010+0000] {processor.py:840} INFO - DAG(s) 'example_task_group_decorator' retrieved from /home/airflow/.local/lib/python3.8/site-packages/airflow/example_dags/example_task_group_decorator.py
[2026-03-01T08:18:57.025+0000] {logging_mixin.py:188} INFO - [2026-03-01T08:18:57.025+0000] {dag.py:3036} INFO - Sync 1 DAGs
[2026-03-01T08:18:57.038+0000] {logging_mixin.py:188} INFO - [2026-03-01T08:18:57.038+0000] {dag.py:3823} INFO - Setting next_dagrun for example_task_group_decorator to 2026-02-28 00:00:00+00:00, run_after=2026-03-01 00:00:00+00:00
[2026-03-01T08:18:57.050+0000] {processor.py:183} INFO - Processing /home/airflow/.local/lib/python3.8/site-packages/airflow/example_dags/example_task_group_decorator.py took 0.055 seconds
[2026-03-01T08:19:27.252+0000] {processor.py:161} INFO - Started process (PID=1480) to work on /home/airflow/.local/lib/python3.8/site-packages/airflow/example_dags/example_task_group_decorator.py
[2026-03-01T08:19:27.253+0000] {processor.py:830} INFO - Processing file /home/airflow/.local/lib/python3.8/site-packages/airflow/example_dags/example_task_group_decorator.py for tasks to queue
[2026-03-01T08:19:27.255+0000] {logging_mixin.py:188} INFO - [2026-03-01T08:19:27.255+0000] {dagbag.py:538} INFO - Filling up the DagBag from /home/airflow/.local/lib/python3.8/site-packages/airflow/example_dags/example_task_group_decorator.py
[2026-03-01T08:19:27.264+0000] {processor.py:840} INFO - DAG(s) 'example_task_group_decorator' retrieved from /home/airflow/.local/lib/python3.8/site-packages/airflow/example_dags/example_task_group_decorator.py
[2026-03-01T08:19:27.283+0000] {logging_mixin.py:188} INFO - [2026-03-01T08:19:27.282+0000] {dag.py:3036} INFO - Sync 1 DAGs
[2026-03-01T08:19:27.298+0000] {logging_mixin.py:188} INFO - [2026-03-01T08:19:27.298+0000] {dag.py:3823} INFO - Setting next_dagrun for example_task_group_decorator to 2026-02-28 00:00:00+00:00, run_after=2026-03-01 00:00:00+00:00
[2026-03-01T08:19:27.315+0000] {processor.py:183} INFO - Processing /home/airflow/.local/lib/python3.8/site-packages/airflow/example_dags/example_task_group_decorator.py took 0.066 seconds
[2026-03-01T08:19:57.441+0000] {processor.py:161} INFO - Started process (PID=1536) to work on /home/airflow/.local/lib/python3.8/site-packages/airflow/example_dags/example_task_group_decorator.py
[2026-03-01T08:19:57.442+0000] {processor.py:830} INFO - Processing file /home/airflow/.local/lib/python3.8/site-packages/airflow/example_dags/example_task_group_decorator.py for tasks to queue
[2026-03-01T08:19:57.444+0000] {logging_mixin.py:188} INFO - [2026-03-01T08:19:57.443+0000] {dagbag.py:538} INFO - Filling up the DagBag from /home/airflow/.local/lib/python3.8/site-packages/airflow/example_dags/example_task_group_decorator.py
[2026-03-01T08:19:57.452+0000] {processor.py:840} INFO - DAG(s) 'example_task_group_decorator' retrieved from /home/airflow/.local/lib/python3.8/site-packages/airflow/example_dags/example_task_group_decorator.py
[2026-03-01T08:19:57.468+0000] {logging_mixin.py:188} INFO - [2026-03-01T08:19:57.468+0000] {dag.py:3036} INFO - Sync 1 DAGs
[2026-03-01T08:19:57.481+0000] {logging_mixin.py:188} INFO - [2026-03-01T08:19:57.481+0000] {dag.py:3823} INFO - Setting next_dagrun for example_task_group_decorator to 2026-02-28 00:00:00+00:00, run_after=2026-03-01 00:00:00+00:00
[2026-03-01T08:19:57.493+0000] {processor.py:183} INFO - Processing /home/airflow/.local/lib/python3.8/site-packages/airflow/example_dags/example_task_group_decorator.py took 0.054 seconds
[2026-03-01T08:20:27.775+0000] {processor.py:161} INFO - Started process (PID=1592) to work on /home/airflow/.local/lib/python3.8/site-packages/airflow/example_dags/example_task_group_decorator.py
[2026-03-01T08:20:27.776+0000] {processor.py:830} INFO - Processing file /home/airflow/.local/lib/python3.8/site-packages/airflow/example_dags/example_task_group_decorator.py for tasks to queue
[2026-03-01T08:20:27.778+0000] {logging_mixin.py:188} INFO - [2026-03-01T08:20:27.778+0000] {dagbag.py:538} INFO - Filling up the DagBag from /home/airflow/.local/lib/python3.8/site-packages/airflow/example_dags/example_task_group_decorator.py
[2026-03-01T08:20:27.787+0000] {processor.py:840} INFO - DAG(s) 'example_task_group_decorator' retrieved from /home/airflow/.local/lib/python3.8/site-packages/airflow/example_dags/example_task_group_decorator.py
[2026-03-01T08:20:27.805+0000] {logging_mixin.py:188} INFO - [2026-03-01T08:20:27.805+0000] {dag.py:3036} INFO - Sync 1 DAGs
[2026-03-01T08:20:27.823+0000] {logging_mixin.py:188} INFO - [2026-03-01T08:20:27.823+0000] {dag.py:3823} INFO - Setting next_dagrun for example_task_group_decorator to 2026-02-28 00:00:00+00:00, run_after=2026-03-01 00:00:00+00:00
[2026-03-01T08:20:27.836+0000] {processor.py:183} INFO - Processing /home/airflow/.local/lib/python3.8/site-packages/airflow/example_dags/example_task_group_decorator.py took 0.063 seconds
[2026-03-01T08:20:58.784+0000] {processor.py:161} INFO - Started process (PID=1648) to work on /home/airflow/.local/lib/python3.8/site-packages/airflow/example_dags/example_task_group_decorator.py
[2026-03-01T08:20:58.785+0000] {processor.py:830} INFO - Processing file /home/airflow/.local/lib/python3.8/site-packages/airflow/example_dags/example_task_group_decorator.py for tasks to queue
[2026-03-01T08:20:58.786+0000] {logging_mixin.py:188} INFO - [2026-03-01T08:20:58.786+0000] {dagbag.py:538} INFO - Filling up the DagBag from /home/airflow/.local/lib/python3.8/site-packages/airflow/example_dags/example_task_group_decorator.py
[2026-03-01T08:20:58.797+0000] {processor.py:840} INFO - DAG(s) 'example_task_group_decorator' retrieved from /home/airflow/.local/lib/python3.8/site-packages/airflow/example_dags/example_task_group_decorator.py
[2026-03-01T08:20:58.815+0000] {logging_mixin.py:188} INFO - [2026-03-01T08:20:58.815+0000] {dag.py:3036} INFO - Sync 1 DAGs
[2026-03-01T08:20:58.831+0000] {logging_mixin.py:188} INFO - [2026-03-01T08:20:58.830+0000] {dag.py:3823} INFO - Setting next_dagrun for example_task_group_decorator to 2026-02-28 00:00:00+00:00, run_after=2026-03-01 00:00:00+00:00
[2026-03-01T08:20:58.842+0000] {processor.py:183} INFO - Processing /home/airflow/.local/lib/python3.8/site-packages/airflow/example_dags/example_task_group_decorator.py took 0.062 seconds
[2026-03-01T08:21:29.025+0000] {processor.py:161} INFO - Started process (PID=1704) to work on /home/airflow/.local/lib/python3.8/site-packages/airflow/example_dags/example_task_group_decorator.py
[2026-03-01T08:21:29.026+0000] {processor.py:830} INFO - Processing file /home/airflow/.local/lib/python3.8/site-packages/airflow/example_dags/example_task_group_decorator.py for tasks to queue
[2026-03-01T08:21:29.028+0000] {logging_mixin.py:188} INFO - [2026-03-01T08:21:29.028+0000] {dagbag.py:538} INFO - Filling up the DagBag from /home/airflow/.local/lib/python3.8/site-packages/airflow/example_dags/example_task_group_decorator.py
[2026-03-01T08:21:29.036+0000] {processor.py:840} INFO - DAG(s) 'example_task_group_decorator' retrieved from /home/airflow/.local/lib/python3.8/site-packages/airflow/example_dags/example_task_group_decorator.py
[2026-03-01T08:21:29.053+0000] {logging_mixin.py:188} INFO - [2026-03-01T08:21:29.053+0000] {dag.py:3036} INFO - Sync 1 DAGs
[2026-03-01T08:21:29.068+0000] {logging_mixin.py:188} INFO - [2026-03-01T08:21:29.067+0000] {dag.py:3823} INFO - Setting next_dagrun for example_task_group_decorator to 2026-02-28 00:00:00+00:00, run_after=2026-03-01 00:00:00+00:00
[2026-03-01T08:21:29.080+0000] {processor.py:183} INFO - Processing /home/airflow/.local/lib/python3.8/site-packages/airflow/example_dags/example_task_group_decorator.py took 0.058 seconds
[2026-03-01T08:21:59.422+0000] {processor.py:161} INFO - Started process (PID=1760) to work on /home/airflow/.local/lib/python3.8/site-packages/airflow/example_dags/example_task_group_decorator.py
[2026-03-01T08:21:59.424+0000] {processor.py:830} INFO - Processing file /home/airflow/.local/lib/python3.8/site-packages/airflow/example_dags/example_task_group_decorator.py for tasks to queue
[2026-03-01T08:21:59.426+0000] {logging_mixin.py:188} INFO - [2026-03-01T08:21:59.426+0000] {dagbag.py:538} INFO - Filling up the DagBag from /home/airflow/.local/lib/python3.8/site-packages/airflow/example_dags/example_task_group_decorator.py
[2026-03-01T08:21:59.436+0000] {processor.py:840} INFO - DAG(s) 'example_task_group_decorator' retrieved from /home/airflow/.local/lib/python3.8/site-packages/airflow/example_dags/example_task_group_decorator.py
[2026-03-01T08:21:59.462+0000] {logging_mixin.py:188} INFO - [2026-03-01T08:21:59.461+0000] {dag.py:3036} INFO - Sync 1 DAGs
[2026-03-01T08:21:59.485+0000] {logging_mixin.py:188} INFO - [2026-03-01T08:21:59.485+0000] {dag.py:3823} INFO - Setting next_dagrun for example_task_group_decorator to 2026-02-28 00:00:00+00:00, run_after=2026-03-01 00:00:00+00:00
[2026-03-01T08:21:59.504+0000] {processor.py:183} INFO - Processing /home/airflow/.local/lib/python3.8/site-packages/airflow/example_dags/example_task_group_decorator.py took 0.084 seconds
[2026-03-01T08:22:29.743+0000] {processor.py:161} INFO - Started process (PID=1816) to work on /home/airflow/.local/lib/python3.8/site-packages/airflow/example_dags/example_task_group_decorator.py
[2026-03-01T08:22:29.744+0000] {processor.py:830} INFO - Processing file /home/airflow/.local/lib/python3.8/site-packages/airflow/example_dags/example_task_group_decorator.py for tasks to queue
[2026-03-01T08:22:29.746+0000] {logging_mixin.py:188} INFO - [2026-03-01T08:22:29.746+0000] {dagbag.py:538} INFO - Filling up the DagBag from /home/airflow/.local/lib/python3.8/site-packages/airflow/example_dags/example_task_group_decorator.py
[2026-03-01T08:22:29.754+0000] {processor.py:840} INFO - DAG(s) 'example_task_group_decorator' retrieved from /home/airflow/.local/lib/python3.8/site-packages/airflow/example_dags/example_task_group_decorator.py
[2026-03-01T08:22:29.774+0000] {logging_mixin.py:188} INFO - [2026-03-01T08:22:29.774+0000] {dag.py:3036} INFO - Sync 1 DAGs
[2026-03-01T08:22:29.788+0000] {logging_mixin.py:188} INFO - [2026-03-01T08:22:29.788+0000] {dag.py:3823} INFO - Setting next_dagrun for example_task_group_decorator to 2026-02-28 00:00:00+00:00, run_after=2026-03-01 00:00:00+00:00
[2026-03-01T08:22:29.802+0000] {processor.py:183} INFO - Processing /home/airflow/.local/lib/python3.8/site-packages/airflow/example_dags/example_task_group_decorator.py took 0.061 seconds
[2026-03-01T08:23:00.171+0000] {processor.py:161} INFO - Started process (PID=1872) to work on /home/airflow/.local/lib/python3.8/site-packages/airflow/example_dags/example_task_group_decorator.py
[2026-03-01T08:23:00.172+0000] {processor.py:830} INFO - Processing file /home/airflow/.local/lib/python3.8/site-packages/airflow/example_dags/example_task_group_decorator.py for tasks to queue
[2026-03-01T08:23:00.174+0000] {logging_mixin.py:188} INFO - [2026-03-01T08:23:00.174+0000] {dagbag.py:538} INFO - Filling up the DagBag from /home/airflow/.local/lib/python3.8/site-packages/airflow/example_dags/example_task_group_decorator.py
[2026-03-01T08:23:00.183+0000] {processor.py:840} INFO - DAG(s) 'example_task_group_decorator' retrieved from /home/airflow/.local/lib/python3.8/site-packages/airflow/example_dags/example_task_group_decorator.py
[2026-03-01T08:23:00.200+0000] {logging_mixin.py:188} INFO - [2026-03-01T08:23:00.200+0000] {dag.py:3036} INFO - Sync 1 DAGs
[2026-03-01T08:23:00.214+0000] {logging_mixin.py:188} INFO - [2026-03-01T08:23:00.213+0000] {dag.py:3823} INFO - Setting next_dagrun for example_task_group_decorator to 2026-02-28 00:00:00+00:00, run_after=2026-03-01 00:00:00+00:00
[2026-03-01T08:23:00.226+0000] {processor.py:183} INFO - Processing /home/airflow/.local/lib/python3.8/site-packages/airflow/example_dags/example_task_group_decorator.py took 0.058 seconds
[2026-03-01T08:23:30.339+0000] {processor.py:161} INFO - Started process (PID=1928) to work on /home/airflow/.local/lib/python3.8/site-packages/airflow/example_dags/example_task_group_decorator.py
[2026-03-01T08:23:30.341+0000] {processor.py:830} INFO - Processing file /home/airflow/.local/lib/python3.8/site-packages/airflow/example_dags/example_task_group_decorator.py for tasks to queue
[2026-03-01T08:23:30.343+0000] {logging_mixin.py:188} INFO - [2026-03-01T08:23:30.342+0000] {dagbag.py:538} INFO - Filling up the DagBag from /home/airflow/.local/lib/python3.8/site-packages/airflow/example_dags/example_task_group_decorator.py
[2026-03-01T08:23:30.354+0000] {processor.py:840} INFO - DAG(s) 'example_task_group_decorator' retrieved from /home/airflow/.local/lib/python3.8/site-packages/airflow/example_dags/example_task_group_decorator.py
[2026-03-01T08:23:30.373+0000] {logging_mixin.py:188} INFO - [2026-03-01T08:23:30.372+0000] {dag.py:3036} INFO - Sync 1 DAGs
[2026-03-01T08:23:30.392+0000] {logging_mixin.py:188} INFO - [2026-03-01T08:23:30.392+0000] {dag.py:3823} INFO - Setting next_dagrun for example_task_group_decorator to 2026-02-28 00:00:00+00:00, run_after=2026-03-01 00:00:00+00:00
[2026-03-01T08:23:30.422+0000] {processor.py:183} INFO - Processing /home/airflow/.local/lib/python3.8/site-packages/airflow/example_dags/example_task_group_decorator.py took 0.085 seconds
[2026-03-01T08:24:00.742+0000] {processor.py:161} INFO - Started process (PID=1984) to work on /home/airflow/.local/lib/python3.8/site-packages/airflow/example_dags/example_task_group_decorator.py
[2026-03-01T08:24:00.743+0000] {processor.py:830} INFO - Processing file /home/airflow/.local/lib/python3.8/site-packages/airflow/example_dags/example_task_group_decorator.py for tasks to queue
[2026-03-01T08:24:00.745+0000] {logging_mixin.py:188} INFO - [2026-03-01T08:24:00.745+0000] {dagbag.py:538} INFO - Filling up the DagBag from /home/airflow/.local/lib/python3.8/site-packages/airflow/example_dags/example_task_group_decorator.py
[2026-03-01T08:24:00.755+0000] {processor.py:840} INFO - DAG(s) 'example_task_group_decorator' retrieved from /home/airflow/.local/lib/python3.8/site-packages/airflow/example_dags/example_task_group_decorator.py
[2026-03-01T08:24:00.774+0000] {logging_mixin.py:188} INFO - [2026-03-01T08:24:00.773+0000] {dag.py:3036} INFO - Sync 1 DAGs
[2026-03-01T08:24:00.789+0000] {logging_mixin.py:188} INFO - [2026-03-01T08:24:00.789+0000] {dag.py:3823} INFO - Setting next_dagrun for example_task_group_decorator to 2026-02-28 00:00:00+00:00, run_after=2026-03-01 00:00:00+00:00
[2026-03-01T08:24:00.803+0000] {processor.py:183} INFO - Processing /home/airflow/.local/lib/python3.8/site-packages/airflow/example_dags/example_task_group_decorator.py took 0.063 seconds
[2026-03-01T08:24:30.995+0000] {processor.py:161} INFO - Started process (PID=2040) to work on /home/airflow/.local/lib/python3.8/site-packages/airflow/example_dags/example_task_group_decorator.py
[2026-03-01T08:24:30.996+0000] {processor.py:830} INFO - Processing file /home/airflow/.local/lib/python3.8/site-packages/airflow/example_dags/example_task_group_decorator.py for tasks to queue
[2026-03-01T08:24:30.997+0000] {logging_mixin.py:188} INFO - [2026-03-01T08:24:30.997+0000] {dagbag.py:538} INFO - Filling up the DagBag from /home/airflow/.local/lib/python3.8/site-packages/airflow/example_dags/example_task_group_decorator.py
[2026-03-01T08:24:31.006+0000] {processor.py:840} INFO - DAG(s) 'example_task_group_decorator' retrieved from /home/airflow/.local/lib/python3.8/site-packages/airflow/example_dags/example_task_group_decorator.py
[2026-03-01T08:24:31.024+0000] {logging_mixin.py:188} INFO - [2026-03-01T08:24:31.024+0000] {dag.py:3036} INFO - Sync 1 DAGs
[2026-03-01T08:24:31.038+0000] {logging_mixin.py:188} INFO - [2026-03-01T08:24:31.038+0000] {dag.py:3823} INFO - Setting next_dagrun for example_task_group_decorator to 2026-02-28 00:00:00+00:00, run_after=2026-03-01 00:00:00+00:00
[2026-03-01T08:24:31.051+0000] {processor.py:183} INFO - Processing /home/airflow/.local/lib/python3.8/site-packages/airflow/example_dags/example_task_group_decorator.py took 0.060 seconds
[2026-03-01T08:25:01.129+0000] {processor.py:161} INFO - Started process (PID=2100) to work on /home/airflow/.local/lib/python3.8/site-packages/airflow/example_dags/example_task_group_decorator.py
[2026-03-01T08:25:01.130+0000] {processor.py:830} INFO - Processing file /home/airflow/.local/lib/python3.8/site-packages/airflow/example_dags/example_task_group_decorator.py for tasks to queue
[2026-03-01T08:25:01.131+0000] {logging_mixin.py:188} INFO - [2026-03-01T08:25:01.131+0000] {dagbag.py:538} INFO - Filling up the DagBag from /home/airflow/.local/lib/python3.8/site-packages/airflow/example_dags/example_task_group_decorator.py
[2026-03-01T08:25:01.140+0000] {processor.py:840} INFO - DAG(s) 'example_task_group_decorator' retrieved from /home/airflow/.local/lib/python3.8/site-packages/airflow/example_dags/example_task_group_decorator.py
[2026-03-01T08:25:01.157+0000] {logging_mixin.py:188} INFO - [2026-03-01T08:25:01.157+0000] {dag.py:3036} INFO - Sync 1 DAGs
[2026-03-01T08:25:01.171+0000] {logging_mixin.py:188} INFO - [2026-03-01T08:25:01.171+0000] {dag.py:3823} INFO - Setting next_dagrun for example_task_group_decorator to 2026-02-28 00:00:00+00:00, run_after=2026-03-01 00:00:00+00:00
[2026-03-01T08:25:01.185+0000] {processor.py:183} INFO - Processing /home/airflow/.local/lib/python3.8/site-packages/airflow/example_dags/example_task_group_decorator.py took 0.059 seconds
[2026-03-01T08:25:31.499+0000] {processor.py:161} INFO - Started process (PID=2156) to work on /home/airflow/.local/lib/python3.8/site-packages/airflow/example_dags/example_task_group_decorator.py
[2026-03-01T08:25:31.500+0000] {processor.py:830} INFO - Processing file /home/airflow/.local/lib/python3.8/site-packages/airflow/example_dags/example_task_group_decorator.py for tasks to queue
[2026-03-01T08:25:31.501+0000] {logging_mixin.py:188} INFO - [2026-03-01T08:25:31.501+0000] {dagbag.py:538} INFO - Filling up the DagBag from /home/airflow/.local/lib/python3.8/site-packages/airflow/example_dags/example_task_group_decorator.py
[2026-03-01T08:25:31.509+0000] {processor.py:840} INFO - DAG(s) 'example_task_group_decorator' retrieved from /home/airflow/.local/lib/python3.8/site-packages/airflow/example_dags/example_task_group_decorator.py
[2026-03-01T08:25:31.526+0000] {logging_mixin.py:188} INFO - [2026-03-01T08:25:31.526+0000] {dag.py:3036} INFO - Sync 1 DAGs
[2026-03-01T08:25:31.540+0000] {logging_mixin.py:188} INFO - [2026-03-01T08:25:31.540+0000] {dag.py:3823} INFO - Setting next_dagrun for example_task_group_decorator to 2026-02-28 00:00:00+00:00, run_after=2026-03-01 00:00:00+00:00
[2026-03-01T08:25:31.553+0000] {processor.py:183} INFO - Processing /home/airflow/.local/lib/python3.8/site-packages/airflow/example_dags/example_task_group_decorator.py took 0.057 seconds
[2026-03-01T08:26:01.684+0000] {processor.py:161} INFO - Started process (PID=2212) to work on /home/airflow/.local/lib/python3.8/site-packages/airflow/example_dags/example_task_group_decorator.py
[2026-03-01T08:26:01.685+0000] {processor.py:830} INFO - Processing file /home/airflow/.local/lib/python3.8/site-packages/airflow/example_dags/example_task_group_decorator.py for tasks to queue
[2026-03-01T08:26:01.687+0000] {logging_mixin.py:188} INFO - [2026-03-01T08:26:01.687+0000] {dagbag.py:538} INFO - Filling up the DagBag from /home/airflow/.local/lib/python3.8/site-packages/airflow/example_dags/example_task_group_decorator.py
[2026-03-01T08:26:01.696+0000] {processor.py:840} INFO - DAG(s) 'example_task_group_decorator' retrieved from /home/airflow/.local/lib/python3.8/site-packages/airflow/example_dags/example_task_group_decorator.py
[2026-03-01T08:26:01.712+0000] {logging_mixin.py:188} INFO - [2026-03-01T08:26:01.711+0000] {dag.py:3036} INFO - Sync 1 DAGs
[2026-03-01T08:26:01.724+0000] {logging_mixin.py:188} INFO - [2026-03-01T08:26:01.724+0000] {dag.py:3823} INFO - Setting next_dagrun for example_task_group_decorator to 2026-02-28 00:00:00+00:00, run_after=2026-03-01 00:00:00+00:00
[2026-03-01T08:26:01.737+0000] {processor.py:183} INFO - Processing /home/airflow/.local/lib/python3.8/site-packages/airflow/example_dags/example_task_group_decorator.py took 0.055 seconds
[2026-03-01T08:26:32.162+0000] {processor.py:161} INFO - Started process (PID=2268) to work on /home/airflow/.local/lib/python3.8/site-packages/airflow/example_dags/example_task_group_decorator.py
[2026-03-01T08:26:32.164+0000] {processor.py:830} INFO - Processing file /home/airflow/.local/lib/python3.8/site-packages/airflow/example_dags/example_task_group_decorator.py for tasks to queue
[2026-03-01T08:26:32.165+0000] {logging_mixin.py:188} INFO - [2026-03-01T08:26:32.165+0000] {dagbag.py:538} INFO - Filling up the DagBag from /home/airflow/.local/lib/python3.8/site-packages/airflow/example_dags/example_task_group_decorator.py
[2026-03-01T08:26:32.173+0000] {processor.py:840} INFO - DAG(s) 'example_task_group_decorator' retrieved from /home/airflow/.local/lib/python3.8/site-packages/airflow/example_dags/example_task_group_decorator.py
[2026-03-01T08:26:32.189+0000] {logging_mixin.py:188} INFO - [2026-03-01T08:26:32.189+0000] {dag.py:3036} INFO - Sync 1 DAGs
[2026-03-01T08:26:32.206+0000] {logging_mixin.py:188} INFO - [2026-03-01T08:26:32.205+0000] {dag.py:3823} INFO - Setting next_dagrun for example_task_group_decorator to 2026-02-28 00:00:00+00:00, run_after=2026-03-01 00:00:00+00:00
[2026-03-01T08:26:32.219+0000] {processor.py:183} INFO - Processing /home/airflow/.local/lib/python3.8/site-packages/airflow/example_dags/example_task_group_decorator.py took 0.059 seconds
[2026-03-01T08:27:02.457+0000] {processor.py:161} INFO - Started process (PID=2324) to work on /home/airflow/.local/lib/python3.8/site-packages/airflow/example_dags/example_task_group_decorator.py
[2026-03-01T08:27:02.458+0000] {processor.py:830} INFO - Processing file /home/airflow/.local/lib/python3.8/site-packages/airflow/example_dags/example_task_group_decorator.py for tasks to queue
[2026-03-01T08:27:02.460+0000] {logging_mixin.py:188} INFO - [2026-03-01T08:27:02.460+0000] {dagbag.py:538} INFO - Filling up the DagBag from /home/airflow/.local/lib/python3.8/site-packages/airflow/example_dags/example_task_group_decorator.py
[2026-03-01T08:27:02.469+0000] {processor.py:840} INFO - DAG(s) 'example_task_group_decorator' retrieved from /home/airflow/.local/lib/python3.8/site-packages/airflow/example_dags/example_task_group_decorator.py
[2026-03-01T08:27:02.486+0000] {logging_mixin.py:188} INFO - [2026-03-01T08:27:02.485+0000] {dag.py:3036} INFO - Sync 1 DAGs
[2026-03-01T08:27:02.500+0000] {logging_mixin.py:188} INFO - [2026-03-01T08:27:02.500+0000] {dag.py:3823} INFO - Setting next_dagrun for example_task_group_decorator to 2026-02-28 00:00:00+00:00, run_after=2026-03-01 00:00:00+00:00
[2026-03-01T08:27:02.514+0000] {processor.py:183} INFO - Processing /home/airflow/.local/lib/python3.8/site-packages/airflow/example_dags/example_task_group_decorator.py took 0.059 seconds
[2026-03-01T08:27:32.624+0000] {processor.py:161} INFO - Started process (PID=2379) to work on /home/airflow/.local/lib/python3.8/site-packages/airflow/example_dags/example_task_group_decorator.py
[2026-03-01T08:27:32.625+0000] {processor.py:830} INFO - Processing file /home/airflow/.local/lib/python3.8/site-packages/airflow/example_dags/example_task_group_decorator.py for tasks to queue
[2026-03-01T08:27:32.627+0000] {logging_mixin.py:188} INFO - [2026-03-01T08:27:32.627+0000] {dagbag.py:538} INFO - Filling up the DagBag from /home/airflow/.local/lib/python3.8/site-packages/airflow/example_dags/example_task_group_decorator.py
[2026-03-01T08:27:32.635+0000] {processor.py:840} INFO - DAG(s) 'example_task_group_decorator' retrieved from /home/airflow/.local/lib/python3.8/site-packages/airflow/example_dags/example_task_group_decorator.py
[2026-03-01T08:27:32.654+0000] {logging_mixin.py:188} INFO - [2026-03-01T08:27:32.654+0000] {dag.py:3036} INFO - Sync 1 DAGs
[2026-03-01T08:27:32.668+0000] {logging_mixin.py:188} INFO - [2026-03-01T08:27:32.668+0000] {dag.py:3823} INFO - Setting next_dagrun for example_task_group_decorator to 2026-02-28 00:00:00+00:00, run_after=2026-03-01 00:00:00+00:00
[2026-03-01T08:27:32.681+0000] {processor.py:183} INFO - Processing /home/airflow/.local/lib/python3.8/site-packages/airflow/example_dags/example_task_group_decorator.py took 0.060 seconds
[2026-03-01T08:28:02.994+0000] {processor.py:161} INFO - Started process (PID=2434) to work on /home/airflow/.local/lib/python3.8/site-packages/airflow/example_dags/example_task_group_decorator.py
[2026-03-01T08:28:02.995+0000] {processor.py:830} INFO - Processing file /home/airflow/.local/lib/python3.8/site-packages/airflow/example_dags/example_task_group_decorator.py for tasks to queue
[2026-03-01T08:28:02.997+0000] {logging_mixin.py:188} INFO - [2026-03-01T08:28:02.997+0000] {dagbag.py:538} INFO - Filling up the DagBag from /home/airflow/.local/lib/python3.8/site-packages/airflow/example_dags/example_task_group_decorator.py
[2026-03-01T08:28:03.005+0000] {processor.py:840} INFO - DAG(s) 'example_task_group_decorator' retrieved from /home/airflow/.local/lib/python3.8/site-packages/airflow/example_dags/example_task_group_decorator.py
[2026-03-01T08:28:03.022+0000] {logging_mixin.py:188} INFO - [2026-03-01T08:28:03.022+0000] {dag.py:3036} INFO - Sync 1 DAGs
[2026-03-01T08:28:03.035+0000] {logging_mixin.py:188} INFO - [2026-03-01T08:28:03.035+0000] {dag.py:3823} INFO - Setting next_dagrun for example_task_group_decorator to 2026-02-28 00:00:00+00:00, run_after=2026-03-01 00:00:00+00:00
[2026-03-01T08:28:03.048+0000] {processor.py:183} INFO - Processing /home/airflow/.local/lib/python3.8/site-packages/airflow/example_dags/example_task_group_decorator.py took 0.056 seconds
[2026-03-01T08:28:33.171+0000] {processor.py:161} INFO - Started process (PID=2489) to work on /home/airflow/.local/lib/python3.8/site-packages/airflow/example_dags/example_task_group_decorator.py
[2026-03-01T08:28:33.172+0000] {processor.py:830} INFO - Processing file /home/airflow/.local/lib/python3.8/site-packages/airflow/example_dags/example_task_group_decorator.py for tasks to queue
[2026-03-01T08:28:33.173+0000] {logging_mixin.py:188} INFO - [2026-03-01T08:28:33.173+0000] {dagbag.py:538} INFO - Filling up the DagBag from /home/airflow/.local/lib/python3.8/site-packages/airflow/example_dags/example_task_group_decorator.py
[2026-03-01T08:28:33.181+0000] {processor.py:840} INFO - DAG(s) 'example_task_group_decorator' retrieved from /home/airflow/.local/lib/python3.8/site-packages/airflow/example_dags/example_task_group_decorator.py
[2026-03-01T08:28:33.197+0000] {logging_mixin.py:188} INFO - [2026-03-01T08:28:33.197+0000] {dag.py:3036} INFO - Sync 1 DAGs
[2026-03-01T08:28:33.211+0000] {logging_mixin.py:188} INFO - [2026-03-01T08:28:33.211+0000] {dag.py:3823} INFO - Setting next_dagrun for example_task_group_decorator to 2026-02-28 00:00:00+00:00, run_after=2026-03-01 00:00:00+00:00
[2026-03-01T08:28:33.223+0000] {processor.py:183} INFO - Processing /home/airflow/.local/lib/python3.8/site-packages/airflow/example_dags/example_task_group_decorator.py took 0.054 seconds
[2026-03-01T08:29:03.528+0000] {processor.py:161} INFO - Started process (PID=2545) to work on /home/airflow/.local/lib/python3.8/site-packages/airflow/example_dags/example_task_group_decorator.py
[2026-03-01T08:29:03.529+0000] {processor.py:830} INFO - Processing file /home/airflow/.local/lib/python3.8/site-packages/airflow/example_dags/example_task_group_decorator.py for tasks to queue
[2026-03-01T08:29:03.530+0000] {logging_mixin.py:188} INFO - [2026-03-01T08:29:03.530+0000] {dagbag.py:538} INFO - Filling up the DagBag from /home/airflow/.local/lib/python3.8/site-packages/airflow/example_dags/example_task_group_decorator.py
[2026-03-01T08:29:03.538+0000] {processor.py:840} INFO - DAG(s) 'example_task_group_decorator' retrieved from /home/airflow/.local/lib/python3.8/site-packages/airflow/example_dags/example_task_group_decorator.py
[2026-03-01T08:29:03.555+0000] {logging_mixin.py:188} INFO - [2026-03-01T08:29:03.554+0000] {dag.py:3036} INFO - Sync 1 DAGs
[2026-03-01T08:29:03.568+0000] {logging_mixin.py:188} INFO - [2026-03-01T08:29:03.567+0000] {dag.py:3823} INFO - Setting next_dagrun for example_task_group_decorator to 2026-02-28 00:00:00+00:00, run_after=2026-03-01 00:00:00+00:00
[2026-03-01T08:29:03.578+0000] {processor.py:183} INFO - Processing /home/airflow/.local/lib/python3.8/site-packages/airflow/example_dags/example_task_group_decorator.py took 0.053 seconds
[2026-03-01T08:29:34.017+0000] {processor.py:161} INFO - Started process (PID=2601) to work on /home/airflow/.local/lib/python3.8/site-packages/airflow/example_dags/example_task_group_decorator.py
[2026-03-01T08:29:34.018+0000] {processor.py:830} INFO - Processing file /home/airflow/.local/lib/python3.8/site-packages/airflow/example_dags/example_task_group_decorator.py for tasks to queue
[2026-03-01T08:29:34.020+0000] {logging_mixin.py:188} INFO - [2026-03-01T08:29:34.019+0000] {dagbag.py:538} INFO - Filling up the DagBag from /home/airflow/.local/lib/python3.8/site-packages/airflow/example_dags/example_task_group_decorator.py
[2026-03-01T08:29:34.030+0000] {processor.py:840} INFO - DAG(s) 'example_task_group_decorator' retrieved from /home/airflow/.local/lib/python3.8/site-packages/airflow/example_dags/example_task_group_decorator.py
[2026-03-01T08:29:34.045+0000] {logging_mixin.py:188} INFO - [2026-03-01T08:29:34.045+0000] {dag.py:3036} INFO - Sync 1 DAGs
[2026-03-01T08:29:34.059+0000] {logging_mixin.py:188} INFO - [2026-03-01T08:29:34.059+0000] {dag.py:3823} INFO - Setting next_dagrun for example_task_group_decorator to 2026-02-28 00:00:00+00:00, run_after=2026-03-01 00:00:00+00:00
[2026-03-01T08:29:34.071+0000] {processor.py:183} INFO - Processing /home/airflow/.local/lib/python3.8/site-packages/airflow/example_dags/example_task_group_decorator.py took 0.055 seconds
[2026-03-01T08:30:04.760+0000] {processor.py:161} INFO - Started process (PID=2657) to work on /home/airflow/.local/lib/python3.8/site-packages/airflow/example_dags/example_task_group_decorator.py
[2026-03-01T08:30:04.761+0000] {processor.py:830} INFO - Processing file /home/airflow/.local/lib/python3.8/site-packages/airflow/example_dags/example_task_group_decorator.py for tasks to queue
[2026-03-01T08:30:04.763+0000] {logging_mixin.py:188} INFO - [2026-03-01T08:30:04.763+0000] {dagbag.py:538} INFO - Filling up the DagBag from /home/airflow/.local/lib/python3.8/site-packages/airflow/example_dags/example_task_group_decorator.py
[2026-03-01T08:30:04.771+0000] {processor.py:840} INFO - DAG(s) 'example_task_group_decorator' retrieved from /home/airflow/.local/lib/python3.8/site-packages/airflow/example_dags/example_task_group_decorator.py
[2026-03-01T08:30:04.788+0000] {logging_mixin.py:188} INFO - [2026-03-01T08:30:04.788+0000] {dag.py:3036} INFO - Sync 1 DAGs
[2026-03-01T08:30:04.802+0000] {logging_mixin.py:188} INFO - [2026-03-01T08:30:04.801+0000] {dag.py:3823} INFO - Setting next_dagrun for example_task_group_decorator to 2026-02-28 00:00:00+00:00, run_after=2026-03-01 00:00:00+00:00
[2026-03-01T08:30:04.814+0000] {processor.py:183} INFO - Processing /home/airflow/.local/lib/python3.8/site-packages/airflow/example_dags/example_task_group_decorator.py took 0.056 seconds
[2026-03-01T08:30:35.137+0000] {processor.py:161} INFO - Started process (PID=2713) to work on /home/airflow/.local/lib/python3.8/site-packages/airflow/example_dags/example_task_group_decorator.py
[2026-03-01T08:30:35.138+0000] {processor.py:830} INFO - Processing file /home/airflow/.local/lib/python3.8/site-packages/airflow/example_dags/example_task_group_decorator.py for tasks to queue
[2026-03-01T08:30:35.140+0000] {logging_mixin.py:188} INFO - [2026-03-01T08:30:35.139+0000] {dagbag.py:538} INFO - Filling up the DagBag from /home/airflow/.local/lib/python3.8/site-packages/airflow/example_dags/example_task_group_decorator.py
[2026-03-01T08:30:35.148+0000] {processor.py:840} INFO - DAG(s) 'example_task_group_decorator' retrieved from /home/airflow/.local/lib/python3.8/site-packages/airflow/example_dags/example_task_group_decorator.py
[2026-03-01T08:30:35.167+0000] {logging_mixin.py:188} INFO - [2026-03-01T08:30:35.166+0000] {dag.py:3036} INFO - Sync 1 DAGs
[2026-03-01T08:30:35.181+0000] {logging_mixin.py:188} INFO - [2026-03-01T08:30:35.181+0000] {dag.py:3823} INFO - Setting next_dagrun for example_task_group_decorator to 2026-02-28 00:00:00+00:00, run_after=2026-03-01 00:00:00+00:00
[2026-03-01T08:30:35.193+0000] {processor.py:183} INFO - Processing /home/airflow/.local/lib/python3.8/site-packages/airflow/example_dags/example_task_group_decorator.py took 0.058 seconds
