[2026-03-01T08:07:50.216+0000] {processor.py:161} INFO - Started process (PID=104) to work on /home/airflow/.local/lib/python3.8/site-packages/airflow/example_dags/example_branch_datetime_operator.py
[2026-03-01T08:07:50.218+0000] {processor.py:830} INFO - Processing file /home/airflow/.local/lib/python3.8/site-packages/airflow/example_dags/example_branch_datetime_operator.py for tasks to queue
[2026-03-01T08:07:50.220+0000] {logging_mixin.py:188} INFO - [2026-03-01T08:07:50.220+0000] {dagbag.py:538} INFO - Filling up the DagBag from /home/airflow/.local/lib/python3.8/site-packages/airflow/example_dags/example_branch_datetime_operator.py
[2026-03-01T08:07:50.231+0000] {processor.py:840} INFO - DAG(s) 'example_branch_datetime_operator', 'example_branch_datetime_operator_2', 'example_branch_datetime_operator_3' retrieved from /home/airflow/.local/lib/python3.8/site-packages/airflow/example_dags/example_branch_datetime_operator.py
[2026-03-01T08:07:50.322+0000] {logging_mixin.py:188} INFO - [2026-03-01T08:07:50.321+0000] {override.py:1769} INFO - Created Permission View: can edit on DAG:example_branch_datetime_operator
[2026-03-01T08:07:50.332+0000] {logging_mixin.py:188} INFO - [2026-03-01T08:07:50.331+0000] {override.py:1769} INFO - Created Permission View: can delete on DAG:example_branch_datetime_operator
[2026-03-01T08:07:50.340+0000] {logging_mixin.py:188} INFO - [2026-03-01T08:07:50.340+0000] {override.py:1769} INFO - Created Permission View: can read on DAG:example_branch_datetime_operator
[2026-03-01T08:07:50.354+0000] {logging_mixin.py:188} INFO - [2026-03-01T08:07:50.353+0000] {override.py:1769} INFO - Created Permission View: can edit on DAG:example_branch_datetime_operator_2
[2026-03-01T08:07:50.364+0000] {logging_mixin.py:188} INFO - [2026-03-01T08:07:50.364+0000] {override.py:1769} INFO - Created Permission View: can delete on DAG:example_branch_datetime_operator_2
[2026-03-01T08:07:50.372+0000] {logging_mixin.py:188} INFO - [2026-03-01T08:07:50.372+0000] {override.py:1769} INFO - Created Permission View: can read on DAG:example_branch_datetime_operator_2
[2026-03-01T08:07:50.386+0000] {logging_mixin.py:188} INFO - [2026-03-01T08:07:50.385+0000] {override.py:1769} INFO - Created Permission View: can edit on DAG:example_branch_datetime_operator_3
[2026-03-01T08:07:50.395+0000] {logging_mixin.py:188} INFO - [2026-03-01T08:07:50.395+0000] {override.py:1769} INFO - Created Permission View: can delete on DAG:example_branch_datetime_operator_3
[2026-03-01T08:07:50.403+0000] {logging_mixin.py:188} INFO - [2026-03-01T08:07:50.402+0000] {override.py:1769} INFO - Created Permission View: can read on DAG:example_branch_datetime_operator_3
[2026-03-01T08:07:50.404+0000] {logging_mixin.py:188} INFO - [2026-03-01T08:07:50.403+0000] {dag.py:3036} INFO - Sync 3 DAGs
[2026-03-01T08:07:50.414+0000] {logging_mixin.py:188} INFO - [2026-03-01T08:07:50.414+0000] {dag.py:3058} INFO - Creating ORM DAG for example_branch_datetime_operator_3
[2026-03-01T08:07:50.415+0000] {logging_mixin.py:188} INFO - [2026-03-01T08:07:50.415+0000] {dag.py:3058} INFO - Creating ORM DAG for example_branch_datetime_operator_2
[2026-03-01T08:07:50.417+0000] {logging_mixin.py:188} INFO - [2026-03-01T08:07:50.417+0000] {dag.py:3058} INFO - Creating ORM DAG for example_branch_datetime_operator
[2026-03-01T08:07:50.427+0000] {logging_mixin.py:188} INFO - [2026-03-01T08:07:50.427+0000] {dag.py:3823} INFO - Setting next_dagrun for example_branch_datetime_operator to 2026-02-28 00:00:00+00:00, run_after=2026-03-01 00:00:00+00:00
[2026-03-01T08:07:50.429+0000] {logging_mixin.py:188} INFO - [2026-03-01T08:07:50.429+0000] {dag.py:3823} INFO - Setting next_dagrun for example_branch_datetime_operator_2 to 2026-02-28 00:00:00+00:00, run_after=2026-03-01 00:00:00+00:00
[2026-03-01T08:07:50.431+0000] {logging_mixin.py:188} INFO - [2026-03-01T08:07:50.430+0000] {dag.py:3823} INFO - Setting next_dagrun for example_branch_datetime_operator_3 to 2026-02-28 00:00:00+00:00, run_after=2026-03-01 00:00:00+00:00
[2026-03-01T08:07:50.447+0000] {processor.py:183} INFO - Processing /home/airflow/.local/lib/python3.8/site-packages/airflow/example_dags/example_branch_datetime_operator.py took 0.235 seconds
[2026-03-01T08:08:20.492+0000] {processor.py:161} INFO - Started process (PID=159) to work on /home/airflow/.local/lib/python3.8/site-packages/airflow/example_dags/example_branch_datetime_operator.py
[2026-03-01T08:08:20.493+0000] {processor.py:830} INFO - Processing file /home/airflow/.local/lib/python3.8/site-packages/airflow/example_dags/example_branch_datetime_operator.py for tasks to queue
[2026-03-01T08:08:20.495+0000] {logging_mixin.py:188} INFO - [2026-03-01T08:08:20.495+0000] {dagbag.py:538} INFO - Filling up the DagBag from /home/airflow/.local/lib/python3.8/site-packages/airflow/example_dags/example_branch_datetime_operator.py
[2026-03-01T08:08:20.501+0000] {processor.py:840} INFO - DAG(s) 'example_branch_datetime_operator', 'example_branch_datetime_operator_3', 'example_branch_datetime_operator_2' retrieved from /home/airflow/.local/lib/python3.8/site-packages/airflow/example_dags/example_branch_datetime_operator.py
[2026-03-01T08:08:20.520+0000] {logging_mixin.py:188} INFO - [2026-03-01T08:08:20.520+0000] {dag.py:3036} INFO - Sync 3 DAGs
[2026-03-01T08:08:20.533+0000] {logging_mixin.py:188} INFO - [2026-03-01T08:08:20.533+0000] {dag.py:3823} INFO - Setting next_dagrun for example_branch_datetime_operator to 2026-02-28 00:00:00+00:00, run_after=2026-03-01 00:00:00+00:00
[2026-03-01T08:08:20.537+0000] {logging_mixin.py:188} INFO - [2026-03-01T08:08:20.537+0000] {dag.py:3823} INFO - Setting next_dagrun for example_branch_datetime_operator_2 to 2026-02-28 00:00:00+00:00, run_after=2026-03-01 00:00:00+00:00
[2026-03-01T08:08:20.539+0000] {logging_mixin.py:188} INFO - [2026-03-01T08:08:20.539+0000] {dag.py:3823} INFO - Setting next_dagrun for example_branch_datetime_operator_3 to 2026-02-28 00:00:00+00:00, run_after=2026-03-01 00:00:00+00:00
[2026-03-01T08:08:20.551+0000] {processor.py:183} INFO - Processing /home/airflow/.local/lib/python3.8/site-packages/airflow/example_dags/example_branch_datetime_operator.py took 0.062 seconds
[2026-03-01T08:08:51.015+0000] {processor.py:161} INFO - Started process (PID=214) to work on /home/airflow/.local/lib/python3.8/site-packages/airflow/example_dags/example_branch_datetime_operator.py
[2026-03-01T08:08:51.016+0000] {processor.py:830} INFO - Processing file /home/airflow/.local/lib/python3.8/site-packages/airflow/example_dags/example_branch_datetime_operator.py for tasks to queue
[2026-03-01T08:08:51.018+0000] {logging_mixin.py:188} INFO - [2026-03-01T08:08:51.018+0000] {dagbag.py:538} INFO - Filling up the DagBag from /home/airflow/.local/lib/python3.8/site-packages/airflow/example_dags/example_branch_datetime_operator.py
[2026-03-01T08:08:51.025+0000] {processor.py:840} INFO - DAG(s) 'example_branch_datetime_operator', 'example_branch_datetime_operator_3', 'example_branch_datetime_operator_2' retrieved from /home/airflow/.local/lib/python3.8/site-packages/airflow/example_dags/example_branch_datetime_operator.py
[2026-03-01T08:08:51.043+0000] {logging_mixin.py:188} INFO - [2026-03-01T08:08:51.043+0000] {dag.py:3036} INFO - Sync 3 DAGs
[2026-03-01T08:08:51.057+0000] {logging_mixin.py:188} INFO - [2026-03-01T08:08:51.057+0000] {dag.py:3823} INFO - Setting next_dagrun for example_branch_datetime_operator to 2026-02-28 00:00:00+00:00, run_after=2026-03-01 00:00:00+00:00
[2026-03-01T08:08:51.060+0000] {logging_mixin.py:188} INFO - [2026-03-01T08:08:51.060+0000] {dag.py:3823} INFO - Setting next_dagrun for example_branch_datetime_operator_2 to 2026-02-28 00:00:00+00:00, run_after=2026-03-01 00:00:00+00:00
[2026-03-01T08:08:51.062+0000] {logging_mixin.py:188} INFO - [2026-03-01T08:08:51.062+0000] {dag.py:3823} INFO - Setting next_dagrun for example_branch_datetime_operator_3 to 2026-02-28 00:00:00+00:00, run_after=2026-03-01 00:00:00+00:00
[2026-03-01T08:08:51.072+0000] {processor.py:183} INFO - Processing /home/airflow/.local/lib/python3.8/site-packages/airflow/example_dags/example_branch_datetime_operator.py took 0.059 seconds
[2026-03-01T08:09:21.327+0000] {processor.py:161} INFO - Started process (PID=269) to work on /home/airflow/.local/lib/python3.8/site-packages/airflow/example_dags/example_branch_datetime_operator.py
[2026-03-01T08:09:21.328+0000] {processor.py:830} INFO - Processing file /home/airflow/.local/lib/python3.8/site-packages/airflow/example_dags/example_branch_datetime_operator.py for tasks to queue
[2026-03-01T08:09:21.330+0000] {logging_mixin.py:188} INFO - [2026-03-01T08:09:21.330+0000] {dagbag.py:538} INFO - Filling up the DagBag from /home/airflow/.local/lib/python3.8/site-packages/airflow/example_dags/example_branch_datetime_operator.py
[2026-03-01T08:09:21.338+0000] {processor.py:840} INFO - DAG(s) 'example_branch_datetime_operator_3', 'example_branch_datetime_operator_2', 'example_branch_datetime_operator' retrieved from /home/airflow/.local/lib/python3.8/site-packages/airflow/example_dags/example_branch_datetime_operator.py
[2026-03-01T08:09:21.359+0000] {logging_mixin.py:188} INFO - [2026-03-01T08:09:21.359+0000] {dag.py:3036} INFO - Sync 3 DAGs
[2026-03-01T08:09:21.374+0000] {logging_mixin.py:188} INFO - [2026-03-01T08:09:21.373+0000] {dag.py:3823} INFO - Setting next_dagrun for example_branch_datetime_operator to 2026-02-28 00:00:00+00:00, run_after=2026-03-01 00:00:00+00:00
[2026-03-01T08:09:21.377+0000] {logging_mixin.py:188} INFO - [2026-03-01T08:09:21.377+0000] {dag.py:3823} INFO - Setting next_dagrun for example_branch_datetime_operator_2 to 2026-02-28 00:00:00+00:00, run_after=2026-03-01 00:00:00+00:00
[2026-03-01T08:09:21.379+0000] {logging_mixin.py:188} INFO - [2026-03-01T08:09:21.379+0000] {dag.py:3823} INFO - Setting next_dagrun for example_branch_datetime_operator_3 to 2026-02-28 00:00:00+00:00, run_after=2026-03-01 00:00:00+00:00
[2026-03-01T08:09:21.391+0000] {processor.py:183} INFO - Processing /home/airflow/.local/lib/python3.8/site-packages/airflow/example_dags/example_branch_datetime_operator.py took 0.067 seconds
[2026-03-01T08:09:51.908+0000] {processor.py:161} INFO - Started process (PID=324) to work on /home/airflow/.local/lib/python3.8/site-packages/airflow/example_dags/example_branch_datetime_operator.py
[2026-03-01T08:09:51.909+0000] {processor.py:830} INFO - Processing file /home/airflow/.local/lib/python3.8/site-packages/airflow/example_dags/example_branch_datetime_operator.py for tasks to queue
[2026-03-01T08:09:51.911+0000] {logging_mixin.py:188} INFO - [2026-03-01T08:09:51.911+0000] {dagbag.py:538} INFO - Filling up the DagBag from /home/airflow/.local/lib/python3.8/site-packages/airflow/example_dags/example_branch_datetime_operator.py
[2026-03-01T08:09:51.918+0000] {processor.py:840} INFO - DAG(s) 'example_branch_datetime_operator_3', 'example_branch_datetime_operator_2', 'example_branch_datetime_operator' retrieved from /home/airflow/.local/lib/python3.8/site-packages/airflow/example_dags/example_branch_datetime_operator.py
[2026-03-01T08:09:51.940+0000] {logging_mixin.py:188} INFO - [2026-03-01T08:09:51.939+0000] {dag.py:3036} INFO - Sync 3 DAGs
[2026-03-01T08:09:51.955+0000] {logging_mixin.py:188} INFO - [2026-03-01T08:09:51.954+0000] {dag.py:3823} INFO - Setting next_dagrun for example_branch_datetime_operator to 2026-02-28 00:00:00+00:00, run_after=2026-03-01 00:00:00+00:00
[2026-03-01T08:09:51.958+0000] {logging_mixin.py:188} INFO - [2026-03-01T08:09:51.958+0000] {dag.py:3823} INFO - Setting next_dagrun for example_branch_datetime_operator_2 to 2026-02-28 00:00:00+00:00, run_after=2026-03-01 00:00:00+00:00
[2026-03-01T08:09:51.961+0000] {logging_mixin.py:188} INFO - [2026-03-01T08:09:51.961+0000] {dag.py:3823} INFO - Setting next_dagrun for example_branch_datetime_operator_3 to 2026-02-28 00:00:00+00:00, run_after=2026-03-01 00:00:00+00:00
[2026-03-01T08:09:51.976+0000] {processor.py:183} INFO - Processing /home/airflow/.local/lib/python3.8/site-packages/airflow/example_dags/example_branch_datetime_operator.py took 0.071 seconds
[2026-03-01T08:10:22.300+0000] {processor.py:161} INFO - Started process (PID=379) to work on /home/airflow/.local/lib/python3.8/site-packages/airflow/example_dags/example_branch_datetime_operator.py
[2026-03-01T08:10:22.301+0000] {processor.py:830} INFO - Processing file /home/airflow/.local/lib/python3.8/site-packages/airflow/example_dags/example_branch_datetime_operator.py for tasks to queue
[2026-03-01T08:10:22.303+0000] {logging_mixin.py:188} INFO - [2026-03-01T08:10:22.302+0000] {dagbag.py:538} INFO - Filling up the DagBag from /home/airflow/.local/lib/python3.8/site-packages/airflow/example_dags/example_branch_datetime_operator.py
[2026-03-01T08:10:22.311+0000] {processor.py:840} INFO - DAG(s) 'example_branch_datetime_operator', 'example_branch_datetime_operator_3', 'example_branch_datetime_operator_2' retrieved from /home/airflow/.local/lib/python3.8/site-packages/airflow/example_dags/example_branch_datetime_operator.py
[2026-03-01T08:10:22.331+0000] {logging_mixin.py:188} INFO - [2026-03-01T08:10:22.331+0000] {dag.py:3036} INFO - Sync 3 DAGs
[2026-03-01T08:10:22.348+0000] {logging_mixin.py:188} INFO - [2026-03-01T08:10:22.348+0000] {dag.py:3823} INFO - Setting next_dagrun for example_branch_datetime_operator to 2026-02-28 00:00:00+00:00, run_after=2026-03-01 00:00:00+00:00
[2026-03-01T08:10:22.352+0000] {logging_mixin.py:188} INFO - [2026-03-01T08:10:22.351+0000] {dag.py:3823} INFO - Setting next_dagrun for example_branch_datetime_operator_2 to 2026-02-28 00:00:00+00:00, run_after=2026-03-01 00:00:00+00:00
[2026-03-01T08:10:22.354+0000] {logging_mixin.py:188} INFO - [2026-03-01T08:10:22.353+0000] {dag.py:3823} INFO - Setting next_dagrun for example_branch_datetime_operator_3 to 2026-02-28 00:00:00+00:00, run_after=2026-03-01 00:00:00+00:00
[2026-03-01T08:10:22.368+0000] {processor.py:183} INFO - Processing /home/airflow/.local/lib/python3.8/site-packages/airflow/example_dags/example_branch_datetime_operator.py took 0.071 seconds
[2026-03-01T08:10:52.852+0000] {processor.py:161} INFO - Started process (PID=434) to work on /home/airflow/.local/lib/python3.8/site-packages/airflow/example_dags/example_branch_datetime_operator.py
[2026-03-01T08:10:52.853+0000] {processor.py:830} INFO - Processing file /home/airflow/.local/lib/python3.8/site-packages/airflow/example_dags/example_branch_datetime_operator.py for tasks to queue
[2026-03-01T08:10:52.854+0000] {logging_mixin.py:188} INFO - [2026-03-01T08:10:52.854+0000] {dagbag.py:538} INFO - Filling up the DagBag from /home/airflow/.local/lib/python3.8/site-packages/airflow/example_dags/example_branch_datetime_operator.py
[2026-03-01T08:10:52.861+0000] {processor.py:840} INFO - DAG(s) 'example_branch_datetime_operator_2', 'example_branch_datetime_operator', 'example_branch_datetime_operator_3' retrieved from /home/airflow/.local/lib/python3.8/site-packages/airflow/example_dags/example_branch_datetime_operator.py
[2026-03-01T08:10:52.878+0000] {logging_mixin.py:188} INFO - [2026-03-01T08:10:52.878+0000] {dag.py:3036} INFO - Sync 3 DAGs
[2026-03-01T08:10:52.893+0000] {logging_mixin.py:188} INFO - [2026-03-01T08:10:52.893+0000] {dag.py:3823} INFO - Setting next_dagrun for example_branch_datetime_operator to 2026-02-28 00:00:00+00:00, run_after=2026-03-01 00:00:00+00:00
[2026-03-01T08:10:52.895+0000] {logging_mixin.py:188} INFO - [2026-03-01T08:10:52.895+0000] {dag.py:3823} INFO - Setting next_dagrun for example_branch_datetime_operator_2 to 2026-02-28 00:00:00+00:00, run_after=2026-03-01 00:00:00+00:00
[2026-03-01T08:10:52.897+0000] {logging_mixin.py:188} INFO - [2026-03-01T08:10:52.897+0000] {dag.py:3823} INFO - Setting next_dagrun for example_branch_datetime_operator_3 to 2026-02-28 00:00:00+00:00, run_after=2026-03-01 00:00:00+00:00
[2026-03-01T08:10:52.913+0000] {processor.py:183} INFO - Processing /home/airflow/.local/lib/python3.8/site-packages/airflow/example_dags/example_branch_datetime_operator.py took 0.063 seconds
[2026-03-01T08:11:23.260+0000] {processor.py:161} INFO - Started process (PID=495) to work on /home/airflow/.local/lib/python3.8/site-packages/airflow/example_dags/example_branch_datetime_operator.py
[2026-03-01T08:11:23.261+0000] {processor.py:830} INFO - Processing file /home/airflow/.local/lib/python3.8/site-packages/airflow/example_dags/example_branch_datetime_operator.py for tasks to queue
[2026-03-01T08:11:23.263+0000] {logging_mixin.py:188} INFO - [2026-03-01T08:11:23.263+0000] {dagbag.py:538} INFO - Filling up the DagBag from /home/airflow/.local/lib/python3.8/site-packages/airflow/example_dags/example_branch_datetime_operator.py
[2026-03-01T08:11:23.269+0000] {processor.py:840} INFO - DAG(s) 'example_branch_datetime_operator', 'example_branch_datetime_operator_2', 'example_branch_datetime_operator_3' retrieved from /home/airflow/.local/lib/python3.8/site-packages/airflow/example_dags/example_branch_datetime_operator.py
[2026-03-01T08:11:23.287+0000] {logging_mixin.py:188} INFO - [2026-03-01T08:11:23.287+0000] {dag.py:3036} INFO - Sync 3 DAGs
[2026-03-01T08:11:23.301+0000] {logging_mixin.py:188} INFO - [2026-03-01T08:11:23.301+0000] {dag.py:3823} INFO - Setting next_dagrun for example_branch_datetime_operator to 2026-02-28 00:00:00+00:00, run_after=2026-03-01 00:00:00+00:00
[2026-03-01T08:11:23.304+0000] {logging_mixin.py:188} INFO - [2026-03-01T08:11:23.304+0000] {dag.py:3823} INFO - Setting next_dagrun for example_branch_datetime_operator_2 to 2026-02-28 00:00:00+00:00, run_after=2026-03-01 00:00:00+00:00
[2026-03-01T08:11:23.306+0000] {logging_mixin.py:188} INFO - [2026-03-01T08:11:23.306+0000] {dag.py:3823} INFO - Setting next_dagrun for example_branch_datetime_operator_3 to 2026-02-28 00:00:00+00:00, run_after=2026-03-01 00:00:00+00:00
[2026-03-01T08:11:23.317+0000] {processor.py:183} INFO - Processing /home/airflow/.local/lib/python3.8/site-packages/airflow/example_dags/example_branch_datetime_operator.py took 0.059 seconds
[2026-03-01T08:11:53.378+0000] {processor.py:161} INFO - Started process (PID=556) to work on /home/airflow/.local/lib/python3.8/site-packages/airflow/example_dags/example_branch_datetime_operator.py
[2026-03-01T08:11:53.379+0000] {processor.py:830} INFO - Processing file /home/airflow/.local/lib/python3.8/site-packages/airflow/example_dags/example_branch_datetime_operator.py for tasks to queue
[2026-03-01T08:11:53.381+0000] {logging_mixin.py:188} INFO - [2026-03-01T08:11:53.381+0000] {dagbag.py:538} INFO - Filling up the DagBag from /home/airflow/.local/lib/python3.8/site-packages/airflow/example_dags/example_branch_datetime_operator.py
[2026-03-01T08:11:53.387+0000] {processor.py:840} INFO - DAG(s) 'example_branch_datetime_operator_3', 'example_branch_datetime_operator_2', 'example_branch_datetime_operator' retrieved from /home/airflow/.local/lib/python3.8/site-packages/airflow/example_dags/example_branch_datetime_operator.py
[2026-03-01T08:11:53.406+0000] {logging_mixin.py:188} INFO - [2026-03-01T08:11:53.405+0000] {dag.py:3036} INFO - Sync 3 DAGs
[2026-03-01T08:11:53.421+0000] {logging_mixin.py:188} INFO - [2026-03-01T08:11:53.421+0000] {dag.py:3823} INFO - Setting next_dagrun for example_branch_datetime_operator to 2026-02-28 00:00:00+00:00, run_after=2026-03-01 00:00:00+00:00
[2026-03-01T08:11:53.424+0000] {logging_mixin.py:188} INFO - [2026-03-01T08:11:53.424+0000] {dag.py:3823} INFO - Setting next_dagrun for example_branch_datetime_operator_2 to 2026-02-28 00:00:00+00:00, run_after=2026-03-01 00:00:00+00:00
[2026-03-01T08:11:53.425+0000] {logging_mixin.py:188} INFO - [2026-03-01T08:11:53.425+0000] {dag.py:3823} INFO - Setting next_dagrun for example_branch_datetime_operator_3 to 2026-02-28 00:00:00+00:00, run_after=2026-03-01 00:00:00+00:00
[2026-03-01T08:11:53.437+0000] {processor.py:183} INFO - Processing /home/airflow/.local/lib/python3.8/site-packages/airflow/example_dags/example_branch_datetime_operator.py took 0.061 seconds
[2026-03-01T08:12:24.504+0000] {processor.py:161} INFO - Started process (PID=634) to work on /home/airflow/.local/lib/python3.8/site-packages/airflow/example_dags/example_branch_datetime_operator.py
[2026-03-01T08:12:24.505+0000] {processor.py:830} INFO - Processing file /home/airflow/.local/lib/python3.8/site-packages/airflow/example_dags/example_branch_datetime_operator.py for tasks to queue
[2026-03-01T08:12:24.507+0000] {logging_mixin.py:188} INFO - [2026-03-01T08:12:24.506+0000] {dagbag.py:538} INFO - Filling up the DagBag from /home/airflow/.local/lib/python3.8/site-packages/airflow/example_dags/example_branch_datetime_operator.py
[2026-03-01T08:12:24.514+0000] {processor.py:840} INFO - DAG(s) 'example_branch_datetime_operator_3', 'example_branch_datetime_operator', 'example_branch_datetime_operator_2' retrieved from /home/airflow/.local/lib/python3.8/site-packages/airflow/example_dags/example_branch_datetime_operator.py
[2026-03-01T08:12:24.534+0000] {logging_mixin.py:188} INFO - [2026-03-01T08:12:24.533+0000] {dag.py:3036} INFO - Sync 3 DAGs
[2026-03-01T08:12:24.548+0000] {logging_mixin.py:188} INFO - [2026-03-01T08:12:24.548+0000] {dag.py:3823} INFO - Setting next_dagrun for example_branch_datetime_operator to 2026-02-28 00:00:00+00:00, run_after=2026-03-01 00:00:00+00:00
[2026-03-01T08:12:24.552+0000] {logging_mixin.py:188} INFO - [2026-03-01T08:12:24.552+0000] {dag.py:3823} INFO - Setting next_dagrun for example_branch_datetime_operator_2 to 2026-02-28 00:00:00+00:00, run_after=2026-03-01 00:00:00+00:00
[2026-03-01T08:12:24.554+0000] {logging_mixin.py:188} INFO - [2026-03-01T08:12:24.554+0000] {dag.py:3823} INFO - Setting next_dagrun for example_branch_datetime_operator_3 to 2026-02-28 00:00:00+00:00, run_after=2026-03-01 00:00:00+00:00
[2026-03-01T08:12:24.574+0000] {processor.py:183} INFO - Processing /home/airflow/.local/lib/python3.8/site-packages/airflow/example_dags/example_branch_datetime_operator.py took 0.073 seconds
[2026-03-01T08:12:54.844+0000] {processor.py:161} INFO - Started process (PID=688) to work on /home/airflow/.local/lib/python3.8/site-packages/airflow/example_dags/example_branch_datetime_operator.py
[2026-03-01T08:12:54.846+0000] {processor.py:830} INFO - Processing file /home/airflow/.local/lib/python3.8/site-packages/airflow/example_dags/example_branch_datetime_operator.py for tasks to queue
[2026-03-01T08:12:54.847+0000] {logging_mixin.py:188} INFO - [2026-03-01T08:12:54.847+0000] {dagbag.py:538} INFO - Filling up the DagBag from /home/airflow/.local/lib/python3.8/site-packages/airflow/example_dags/example_branch_datetime_operator.py
[2026-03-01T08:12:54.854+0000] {processor.py:840} INFO - DAG(s) 'example_branch_datetime_operator_3', 'example_branch_datetime_operator_2', 'example_branch_datetime_operator' retrieved from /home/airflow/.local/lib/python3.8/site-packages/airflow/example_dags/example_branch_datetime_operator.py
[2026-03-01T08:12:54.876+0000] {logging_mixin.py:188} INFO - [2026-03-01T08:12:54.875+0000] {dag.py:3036} INFO - Sync 3 DAGs
[2026-03-01T08:12:54.891+0000] {logging_mixin.py:188} INFO - [2026-03-01T08:12:54.891+0000] {dag.py:3823} INFO - Setting next_dagrun for example_branch_datetime_operator to 2026-02-28 00:00:00+00:00, run_after=2026-03-01 00:00:00+00:00
[2026-03-01T08:12:54.895+0000] {logging_mixin.py:188} INFO - [2026-03-01T08:12:54.894+0000] {dag.py:3823} INFO - Setting next_dagrun for example_branch_datetime_operator_2 to 2026-02-28 00:00:00+00:00, run_after=2026-03-01 00:00:00+00:00
[2026-03-01T08:12:54.896+0000] {logging_mixin.py:188} INFO - [2026-03-01T08:12:54.896+0000] {dag.py:3823} INFO - Setting next_dagrun for example_branch_datetime_operator_3 to 2026-02-28 00:00:00+00:00, run_after=2026-03-01 00:00:00+00:00
[2026-03-01T08:12:54.907+0000] {processor.py:183} INFO - Processing /home/airflow/.local/lib/python3.8/site-packages/airflow/example_dags/example_branch_datetime_operator.py took 0.065 seconds
[2026-03-01T08:13:25.017+0000] {processor.py:161} INFO - Started process (PID=743) to work on /home/airflow/.local/lib/python3.8/site-packages/airflow/example_dags/example_branch_datetime_operator.py
[2026-03-01T08:13:25.018+0000] {processor.py:830} INFO - Processing file /home/airflow/.local/lib/python3.8/site-packages/airflow/example_dags/example_branch_datetime_operator.py for tasks to queue
[2026-03-01T08:13:25.020+0000] {logging_mixin.py:188} INFO - [2026-03-01T08:13:25.019+0000] {dagbag.py:538} INFO - Filling up the DagBag from /home/airflow/.local/lib/python3.8/site-packages/airflow/example_dags/example_branch_datetime_operator.py
[2026-03-01T08:13:25.026+0000] {processor.py:840} INFO - DAG(s) 'example_branch_datetime_operator_3', 'example_branch_datetime_operator_2', 'example_branch_datetime_operator' retrieved from /home/airflow/.local/lib/python3.8/site-packages/airflow/example_dags/example_branch_datetime_operator.py
[2026-03-01T08:13:25.045+0000] {logging_mixin.py:188} INFO - [2026-03-01T08:13:25.044+0000] {dag.py:3036} INFO - Sync 3 DAGs
[2026-03-01T08:13:25.058+0000] {logging_mixin.py:188} INFO - [2026-03-01T08:13:25.058+0000] {dag.py:3823} INFO - Setting next_dagrun for example_branch_datetime_operator to 2026-02-28 00:00:00+00:00, run_after=2026-03-01 00:00:00+00:00
[2026-03-01T08:13:25.061+0000] {logging_mixin.py:188} INFO - [2026-03-01T08:13:25.061+0000] {dag.py:3823} INFO - Setting next_dagrun for example_branch_datetime_operator_2 to 2026-02-28 00:00:00+00:00, run_after=2026-03-01 00:00:00+00:00
[2026-03-01T08:13:25.062+0000] {logging_mixin.py:188} INFO - [2026-03-01T08:13:25.062+0000] {dag.py:3823} INFO - Setting next_dagrun for example_branch_datetime_operator_3 to 2026-02-28 00:00:00+00:00, run_after=2026-03-01 00:00:00+00:00
[2026-03-01T08:13:25.074+0000] {processor.py:183} INFO - Processing /home/airflow/.local/lib/python3.8/site-packages/airflow/example_dags/example_branch_datetime_operator.py took 0.060 seconds
[2026-03-01T08:13:55.298+0000] {processor.py:161} INFO - Started process (PID=821) to work on /home/airflow/.local/lib/python3.8/site-packages/airflow/example_dags/example_branch_datetime_operator.py
[2026-03-01T08:13:55.299+0000] {processor.py:830} INFO - Processing file /home/airflow/.local/lib/python3.8/site-packages/airflow/example_dags/example_branch_datetime_operator.py for tasks to queue
[2026-03-01T08:13:55.301+0000] {logging_mixin.py:188} INFO - [2026-03-01T08:13:55.300+0000] {dagbag.py:538} INFO - Filling up the DagBag from /home/airflow/.local/lib/python3.8/site-packages/airflow/example_dags/example_branch_datetime_operator.py
[2026-03-01T08:13:55.307+0000] {processor.py:840} INFO - DAG(s) 'example_branch_datetime_operator_3', 'example_branch_datetime_operator', 'example_branch_datetime_operator_2' retrieved from /home/airflow/.local/lib/python3.8/site-packages/airflow/example_dags/example_branch_datetime_operator.py
[2026-03-01T08:13:55.326+0000] {logging_mixin.py:188} INFO - [2026-03-01T08:13:55.325+0000] {dag.py:3036} INFO - Sync 3 DAGs
[2026-03-01T08:13:55.339+0000] {logging_mixin.py:188} INFO - [2026-03-01T08:13:55.339+0000] {dag.py:3823} INFO - Setting next_dagrun for example_branch_datetime_operator to 2026-02-28 00:00:00+00:00, run_after=2026-03-01 00:00:00+00:00
[2026-03-01T08:13:55.342+0000] {logging_mixin.py:188} INFO - [2026-03-01T08:13:55.342+0000] {dag.py:3823} INFO - Setting next_dagrun for example_branch_datetime_operator_2 to 2026-02-28 00:00:00+00:00, run_after=2026-03-01 00:00:00+00:00
[2026-03-01T08:13:55.343+0000] {logging_mixin.py:188} INFO - [2026-03-01T08:13:55.343+0000] {dag.py:3823} INFO - Setting next_dagrun for example_branch_datetime_operator_3 to 2026-02-28 00:00:00+00:00, run_after=2026-03-01 00:00:00+00:00
[2026-03-01T08:13:55.353+0000] {processor.py:183} INFO - Processing /home/airflow/.local/lib/python3.8/site-packages/airflow/example_dags/example_branch_datetime_operator.py took 0.058 seconds
[2026-03-01T08:14:25.516+0000] {processor.py:161} INFO - Started process (PID=898) to work on /home/airflow/.local/lib/python3.8/site-packages/airflow/example_dags/example_branch_datetime_operator.py
[2026-03-01T08:14:25.517+0000] {processor.py:830} INFO - Processing file /home/airflow/.local/lib/python3.8/site-packages/airflow/example_dags/example_branch_datetime_operator.py for tasks to queue
[2026-03-01T08:14:25.519+0000] {logging_mixin.py:188} INFO - [2026-03-01T08:14:25.519+0000] {dagbag.py:538} INFO - Filling up the DagBag from /home/airflow/.local/lib/python3.8/site-packages/airflow/example_dags/example_branch_datetime_operator.py
[2026-03-01T08:14:25.525+0000] {processor.py:840} INFO - DAG(s) 'example_branch_datetime_operator_3', 'example_branch_datetime_operator', 'example_branch_datetime_operator_2' retrieved from /home/airflow/.local/lib/python3.8/site-packages/airflow/example_dags/example_branch_datetime_operator.py
[2026-03-01T08:14:25.536+0000] {logging_mixin.py:188} INFO - [2026-03-01T08:14:25.535+0000] {dag.py:3036} INFO - Sync 3 DAGs
[2026-03-01T08:14:25.550+0000] {logging_mixin.py:188} INFO - [2026-03-01T08:14:25.550+0000] {dag.py:3823} INFO - Setting next_dagrun for example_branch_datetime_operator to 2026-02-28 00:00:00+00:00, run_after=2026-03-01 00:00:00+00:00
[2026-03-01T08:14:25.553+0000] {logging_mixin.py:188} INFO - [2026-03-01T08:14:25.553+0000] {dag.py:3823} INFO - Setting next_dagrun for example_branch_datetime_operator_2 to 2026-02-28 00:00:00+00:00, run_after=2026-03-01 00:00:00+00:00
[2026-03-01T08:14:25.555+0000] {logging_mixin.py:188} INFO - [2026-03-01T08:14:25.555+0000] {dag.py:3823} INFO - Setting next_dagrun for example_branch_datetime_operator_3 to 2026-02-28 00:00:00+00:00, run_after=2026-03-01 00:00:00+00:00
[2026-03-01T08:14:25.574+0000] {processor.py:183} INFO - Processing /home/airflow/.local/lib/python3.8/site-packages/airflow/example_dags/example_branch_datetime_operator.py took 0.060 seconds
[2026-03-01T08:14:56.438+0000] {processor.py:161} INFO - Started process (PID=953) to work on /home/airflow/.local/lib/python3.8/site-packages/airflow/example_dags/example_branch_datetime_operator.py
[2026-03-01T08:14:56.439+0000] {processor.py:830} INFO - Processing file /home/airflow/.local/lib/python3.8/site-packages/airflow/example_dags/example_branch_datetime_operator.py for tasks to queue
[2026-03-01T08:14:56.441+0000] {logging_mixin.py:188} INFO - [2026-03-01T08:14:56.440+0000] {dagbag.py:538} INFO - Filling up the DagBag from /home/airflow/.local/lib/python3.8/site-packages/airflow/example_dags/example_branch_datetime_operator.py
[2026-03-01T08:14:56.447+0000] {processor.py:840} INFO - DAG(s) 'example_branch_datetime_operator', 'example_branch_datetime_operator_3', 'example_branch_datetime_operator_2' retrieved from /home/airflow/.local/lib/python3.8/site-packages/airflow/example_dags/example_branch_datetime_operator.py
[2026-03-01T08:14:56.519+0000] {logging_mixin.py:188} INFO - [2026-03-01T08:14:56.519+0000] {dag.py:3036} INFO - Sync 3 DAGs
[2026-03-01T08:14:56.531+0000] {logging_mixin.py:188} INFO - [2026-03-01T08:14:56.531+0000] {dag.py:3823} INFO - Setting next_dagrun for example_branch_datetime_operator to 2026-02-28 00:00:00+00:00, run_after=2026-03-01 00:00:00+00:00
[2026-03-01T08:14:56.534+0000] {logging_mixin.py:188} INFO - [2026-03-01T08:14:56.534+0000] {dag.py:3823} INFO - Setting next_dagrun for example_branch_datetime_operator_2 to 2026-02-28 00:00:00+00:00, run_after=2026-03-01 00:00:00+00:00
[2026-03-01T08:14:56.536+0000] {logging_mixin.py:188} INFO - [2026-03-01T08:14:56.536+0000] {dag.py:3823} INFO - Setting next_dagrun for example_branch_datetime_operator_3 to 2026-02-28 00:00:00+00:00, run_after=2026-03-01 00:00:00+00:00
[2026-03-01T08:14:56.554+0000] {processor.py:183} INFO - Processing /home/airflow/.local/lib/python3.8/site-packages/airflow/example_dags/example_branch_datetime_operator.py took 0.118 seconds
[2026-03-01T08:15:26.850+0000] {processor.py:161} INFO - Started process (PID=1008) to work on /home/airflow/.local/lib/python3.8/site-packages/airflow/example_dags/example_branch_datetime_operator.py
[2026-03-01T08:15:26.852+0000] {processor.py:830} INFO - Processing file /home/airflow/.local/lib/python3.8/site-packages/airflow/example_dags/example_branch_datetime_operator.py for tasks to queue
[2026-03-01T08:15:26.854+0000] {logging_mixin.py:188} INFO - [2026-03-01T08:15:26.853+0000] {dagbag.py:538} INFO - Filling up the DagBag from /home/airflow/.local/lib/python3.8/site-packages/airflow/example_dags/example_branch_datetime_operator.py
[2026-03-01T08:15:26.860+0000] {processor.py:840} INFO - DAG(s) 'example_branch_datetime_operator_3', 'example_branch_datetime_operator_2', 'example_branch_datetime_operator' retrieved from /home/airflow/.local/lib/python3.8/site-packages/airflow/example_dags/example_branch_datetime_operator.py
[2026-03-01T08:15:26.880+0000] {logging_mixin.py:188} INFO - [2026-03-01T08:15:26.880+0000] {dag.py:3036} INFO - Sync 3 DAGs
[2026-03-01T08:15:26.894+0000] {logging_mixin.py:188} INFO - [2026-03-01T08:15:26.894+0000] {dag.py:3823} INFO - Setting next_dagrun for example_branch_datetime_operator to 2026-02-28 00:00:00+00:00, run_after=2026-03-01 00:00:00+00:00
[2026-03-01T08:15:26.898+0000] {logging_mixin.py:188} INFO - [2026-03-01T08:15:26.898+0000] {dag.py:3823} INFO - Setting next_dagrun for example_branch_datetime_operator_2 to 2026-02-28 00:00:00+00:00, run_after=2026-03-01 00:00:00+00:00
[2026-03-01T08:15:26.900+0000] {logging_mixin.py:188} INFO - [2026-03-01T08:15:26.900+0000] {dag.py:3823} INFO - Setting next_dagrun for example_branch_datetime_operator_3 to 2026-02-28 00:00:00+00:00, run_after=2026-03-01 00:00:00+00:00
[2026-03-01T08:15:26.912+0000] {processor.py:183} INFO - Processing /home/airflow/.local/lib/python3.8/site-packages/airflow/example_dags/example_branch_datetime_operator.py took 0.064 seconds
[2026-03-01T08:15:57.264+0000] {processor.py:161} INFO - Started process (PID=1086) to work on /home/airflow/.local/lib/python3.8/site-packages/airflow/example_dags/example_branch_datetime_operator.py
[2026-03-01T08:15:57.265+0000] {processor.py:830} INFO - Processing file /home/airflow/.local/lib/python3.8/site-packages/airflow/example_dags/example_branch_datetime_operator.py for tasks to queue
[2026-03-01T08:15:57.267+0000] {logging_mixin.py:188} INFO - [2026-03-01T08:15:57.267+0000] {dagbag.py:538} INFO - Filling up the DagBag from /home/airflow/.local/lib/python3.8/site-packages/airflow/example_dags/example_branch_datetime_operator.py
[2026-03-01T08:15:57.275+0000] {processor.py:840} INFO - DAG(s) 'example_branch_datetime_operator_2', 'example_branch_datetime_operator', 'example_branch_datetime_operator_3' retrieved from /home/airflow/.local/lib/python3.8/site-packages/airflow/example_dags/example_branch_datetime_operator.py
[2026-03-01T08:15:57.297+0000] {logging_mixin.py:188} INFO - [2026-03-01T08:15:57.297+0000] {dag.py:3036} INFO - Sync 3 DAGs
[2026-03-01T08:15:57.313+0000] {logging_mixin.py:188} INFO - [2026-03-01T08:15:57.312+0000] {dag.py:3823} INFO - Setting next_dagrun for example_branch_datetime_operator to 2026-02-28 00:00:00+00:00, run_after=2026-03-01 00:00:00+00:00
[2026-03-01T08:15:57.316+0000] {logging_mixin.py:188} INFO - [2026-03-01T08:15:57.316+0000] {dag.py:3823} INFO - Setting next_dagrun for example_branch_datetime_operator_2 to 2026-02-28 00:00:00+00:00, run_after=2026-03-01 00:00:00+00:00
[2026-03-01T08:15:57.318+0000] {logging_mixin.py:188} INFO - [2026-03-01T08:15:57.318+0000] {dag.py:3823} INFO - Setting next_dagrun for example_branch_datetime_operator_3 to 2026-02-28 00:00:00+00:00, run_after=2026-03-01 00:00:00+00:00
[2026-03-01T08:15:57.330+0000] {processor.py:183} INFO - Processing /home/airflow/.local/lib/python3.8/site-packages/airflow/example_dags/example_branch_datetime_operator.py took 0.069 seconds
[2026-03-01T08:16:27.531+0000] {processor.py:161} INFO - Started process (PID=1141) to work on /home/airflow/.local/lib/python3.8/site-packages/airflow/example_dags/example_branch_datetime_operator.py
[2026-03-01T08:16:27.532+0000] {processor.py:830} INFO - Processing file /home/airflow/.local/lib/python3.8/site-packages/airflow/example_dags/example_branch_datetime_operator.py for tasks to queue
[2026-03-01T08:16:27.534+0000] {logging_mixin.py:188} INFO - [2026-03-01T08:16:27.533+0000] {dagbag.py:538} INFO - Filling up the DagBag from /home/airflow/.local/lib/python3.8/site-packages/airflow/example_dags/example_branch_datetime_operator.py
[2026-03-01T08:16:27.540+0000] {processor.py:840} INFO - DAG(s) 'example_branch_datetime_operator_3', 'example_branch_datetime_operator', 'example_branch_datetime_operator_2' retrieved from /home/airflow/.local/lib/python3.8/site-packages/airflow/example_dags/example_branch_datetime_operator.py
[2026-03-01T08:16:27.560+0000] {logging_mixin.py:188} INFO - [2026-03-01T08:16:27.560+0000] {dag.py:3036} INFO - Sync 3 DAGs
[2026-03-01T08:16:27.575+0000] {logging_mixin.py:188} INFO - [2026-03-01T08:16:27.575+0000] {dag.py:3823} INFO - Setting next_dagrun for example_branch_datetime_operator to 2026-02-28 00:00:00+00:00, run_after=2026-03-01 00:00:00+00:00
[2026-03-01T08:16:27.578+0000] {logging_mixin.py:188} INFO - [2026-03-01T08:16:27.578+0000] {dag.py:3823} INFO - Setting next_dagrun for example_branch_datetime_operator_2 to 2026-02-28 00:00:00+00:00, run_after=2026-03-01 00:00:00+00:00
[2026-03-01T08:16:27.580+0000] {logging_mixin.py:188} INFO - [2026-03-01T08:16:27.580+0000] {dag.py:3823} INFO - Setting next_dagrun for example_branch_datetime_operator_3 to 2026-02-28 00:00:00+00:00, run_after=2026-03-01 00:00:00+00:00
[2026-03-01T08:16:27.594+0000] {processor.py:183} INFO - Processing /home/airflow/.local/lib/python3.8/site-packages/airflow/example_dags/example_branch_datetime_operator.py took 0.066 seconds
[2026-03-01T08:16:57.880+0000] {processor.py:161} INFO - Started process (PID=1202) to work on /home/airflow/.local/lib/python3.8/site-packages/airflow/example_dags/example_branch_datetime_operator.py
[2026-03-01T08:16:57.881+0000] {processor.py:830} INFO - Processing file /home/airflow/.local/lib/python3.8/site-packages/airflow/example_dags/example_branch_datetime_operator.py for tasks to queue
[2026-03-01T08:16:57.883+0000] {logging_mixin.py:188} INFO - [2026-03-01T08:16:57.882+0000] {dagbag.py:538} INFO - Filling up the DagBag from /home/airflow/.local/lib/python3.8/site-packages/airflow/example_dags/example_branch_datetime_operator.py
[2026-03-01T08:16:57.889+0000] {processor.py:840} INFO - DAG(s) 'example_branch_datetime_operator_2', 'example_branch_datetime_operator', 'example_branch_datetime_operator_3' retrieved from /home/airflow/.local/lib/python3.8/site-packages/airflow/example_dags/example_branch_datetime_operator.py
[2026-03-01T08:16:57.908+0000] {logging_mixin.py:188} INFO - [2026-03-01T08:16:57.908+0000] {dag.py:3036} INFO - Sync 3 DAGs
[2026-03-01T08:16:57.922+0000] {logging_mixin.py:188} INFO - [2026-03-01T08:16:57.921+0000] {dag.py:3823} INFO - Setting next_dagrun for example_branch_datetime_operator to 2026-02-28 00:00:00+00:00, run_after=2026-03-01 00:00:00+00:00
[2026-03-01T08:16:57.925+0000] {logging_mixin.py:188} INFO - [2026-03-01T08:16:57.925+0000] {dag.py:3823} INFO - Setting next_dagrun for example_branch_datetime_operator_2 to 2026-02-28 00:00:00+00:00, run_after=2026-03-01 00:00:00+00:00
[2026-03-01T08:16:57.927+0000] {logging_mixin.py:188} INFO - [2026-03-01T08:16:57.927+0000] {dag.py:3823} INFO - Setting next_dagrun for example_branch_datetime_operator_3 to 2026-02-28 00:00:00+00:00, run_after=2026-03-01 00:00:00+00:00
[2026-03-01T08:16:57.938+0000] {processor.py:183} INFO - Processing /home/airflow/.local/lib/python3.8/site-packages/airflow/example_dags/example_branch_datetime_operator.py took 0.060 seconds
[2026-03-01T08:17:28.036+0000] {processor.py:161} INFO - Started process (PID=1280) to work on /home/airflow/.local/lib/python3.8/site-packages/airflow/example_dags/example_branch_datetime_operator.py
[2026-03-01T08:17:28.037+0000] {processor.py:830} INFO - Processing file /home/airflow/.local/lib/python3.8/site-packages/airflow/example_dags/example_branch_datetime_operator.py for tasks to queue
[2026-03-01T08:17:28.039+0000] {logging_mixin.py:188} INFO - [2026-03-01T08:17:28.039+0000] {dagbag.py:538} INFO - Filling up the DagBag from /home/airflow/.local/lib/python3.8/site-packages/airflow/example_dags/example_branch_datetime_operator.py
[2026-03-01T08:17:28.045+0000] {processor.py:840} INFO - DAG(s) 'example_branch_datetime_operator', 'example_branch_datetime_operator_3', 'example_branch_datetime_operator_2' retrieved from /home/airflow/.local/lib/python3.8/site-packages/airflow/example_dags/example_branch_datetime_operator.py
[2026-03-01T08:17:28.065+0000] {logging_mixin.py:188} INFO - [2026-03-01T08:17:28.065+0000] {dag.py:3036} INFO - Sync 3 DAGs
[2026-03-01T08:17:28.079+0000] {logging_mixin.py:188} INFO - [2026-03-01T08:17:28.078+0000] {dag.py:3823} INFO - Setting next_dagrun for example_branch_datetime_operator to 2026-02-28 00:00:00+00:00, run_after=2026-03-01 00:00:00+00:00
[2026-03-01T08:17:28.083+0000] {logging_mixin.py:188} INFO - [2026-03-01T08:17:28.083+0000] {dag.py:3823} INFO - Setting next_dagrun for example_branch_datetime_operator_2 to 2026-02-28 00:00:00+00:00, run_after=2026-03-01 00:00:00+00:00
[2026-03-01T08:17:28.084+0000] {logging_mixin.py:188} INFO - [2026-03-01T08:17:28.084+0000] {dag.py:3823} INFO - Setting next_dagrun for example_branch_datetime_operator_3 to 2026-02-28 00:00:00+00:00, run_after=2026-03-01 00:00:00+00:00
[2026-03-01T08:17:28.095+0000] {processor.py:183} INFO - Processing /home/airflow/.local/lib/python3.8/site-packages/airflow/example_dags/example_branch_datetime_operator.py took 0.061 seconds
[2026-03-01T08:17:58.201+0000] {processor.py:161} INFO - Started process (PID=1336) to work on /home/airflow/.local/lib/python3.8/site-packages/airflow/example_dags/example_branch_datetime_operator.py
[2026-03-01T08:17:58.202+0000] {processor.py:830} INFO - Processing file /home/airflow/.local/lib/python3.8/site-packages/airflow/example_dags/example_branch_datetime_operator.py for tasks to queue
[2026-03-01T08:17:58.203+0000] {logging_mixin.py:188} INFO - [2026-03-01T08:17:58.203+0000] {dagbag.py:538} INFO - Filling up the DagBag from /home/airflow/.local/lib/python3.8/site-packages/airflow/example_dags/example_branch_datetime_operator.py
[2026-03-01T08:17:58.209+0000] {processor.py:840} INFO - DAG(s) 'example_branch_datetime_operator', 'example_branch_datetime_operator_3', 'example_branch_datetime_operator_2' retrieved from /home/airflow/.local/lib/python3.8/site-packages/airflow/example_dags/example_branch_datetime_operator.py
[2026-03-01T08:17:58.229+0000] {logging_mixin.py:188} INFO - [2026-03-01T08:17:58.229+0000] {dag.py:3036} INFO - Sync 3 DAGs
[2026-03-01T08:17:58.244+0000] {logging_mixin.py:188} INFO - [2026-03-01T08:17:58.244+0000] {dag.py:3823} INFO - Setting next_dagrun for example_branch_datetime_operator to 2026-02-28 00:00:00+00:00, run_after=2026-03-01 00:00:00+00:00
[2026-03-01T08:17:58.247+0000] {logging_mixin.py:188} INFO - [2026-03-01T08:17:58.247+0000] {dag.py:3823} INFO - Setting next_dagrun for example_branch_datetime_operator_2 to 2026-02-28 00:00:00+00:00, run_after=2026-03-01 00:00:00+00:00
[2026-03-01T08:17:58.249+0000] {logging_mixin.py:188} INFO - [2026-03-01T08:17:58.249+0000] {dag.py:3823} INFO - Setting next_dagrun for example_branch_datetime_operator_3 to 2026-02-28 00:00:00+00:00, run_after=2026-03-01 00:00:00+00:00
[2026-03-01T08:17:58.261+0000] {processor.py:183} INFO - Processing /home/airflow/.local/lib/python3.8/site-packages/airflow/example_dags/example_branch_datetime_operator.py took 0.063 seconds
[2026-03-01T08:18:28.952+0000] {processor.py:161} INFO - Started process (PID=1392) to work on /home/airflow/.local/lib/python3.8/site-packages/airflow/example_dags/example_branch_datetime_operator.py
[2026-03-01T08:18:28.953+0000] {processor.py:830} INFO - Processing file /home/airflow/.local/lib/python3.8/site-packages/airflow/example_dags/example_branch_datetime_operator.py for tasks to queue
[2026-03-01T08:18:28.955+0000] {logging_mixin.py:188} INFO - [2026-03-01T08:18:28.954+0000] {dagbag.py:538} INFO - Filling up the DagBag from /home/airflow/.local/lib/python3.8/site-packages/airflow/example_dags/example_branch_datetime_operator.py
[2026-03-01T08:18:28.962+0000] {processor.py:840} INFO - DAG(s) 'example_branch_datetime_operator_2', 'example_branch_datetime_operator', 'example_branch_datetime_operator_3' retrieved from /home/airflow/.local/lib/python3.8/site-packages/airflow/example_dags/example_branch_datetime_operator.py
[2026-03-01T08:18:28.982+0000] {logging_mixin.py:188} INFO - [2026-03-01T08:18:28.982+0000] {dag.py:3036} INFO - Sync 3 DAGs
[2026-03-01T08:18:28.996+0000] {logging_mixin.py:188} INFO - [2026-03-01T08:18:28.996+0000] {dag.py:3823} INFO - Setting next_dagrun for example_branch_datetime_operator to 2026-02-28 00:00:00+00:00, run_after=2026-03-01 00:00:00+00:00
[2026-03-01T08:18:28.999+0000] {logging_mixin.py:188} INFO - [2026-03-01T08:18:28.999+0000] {dag.py:3823} INFO - Setting next_dagrun for example_branch_datetime_operator_2 to 2026-02-28 00:00:00+00:00, run_after=2026-03-01 00:00:00+00:00
[2026-03-01T08:18:29.001+0000] {logging_mixin.py:188} INFO - [2026-03-01T08:18:29.001+0000] {dag.py:3823} INFO - Setting next_dagrun for example_branch_datetime_operator_3 to 2026-02-28 00:00:00+00:00, run_after=2026-03-01 00:00:00+00:00
[2026-03-01T08:18:29.014+0000] {processor.py:183} INFO - Processing /home/airflow/.local/lib/python3.8/site-packages/airflow/example_dags/example_branch_datetime_operator.py took 0.064 seconds
[2026-03-01T08:18:59.130+0000] {processor.py:161} INFO - Started process (PID=1448) to work on /home/airflow/.local/lib/python3.8/site-packages/airflow/example_dags/example_branch_datetime_operator.py
[2026-03-01T08:18:59.130+0000] {processor.py:830} INFO - Processing file /home/airflow/.local/lib/python3.8/site-packages/airflow/example_dags/example_branch_datetime_operator.py for tasks to queue
[2026-03-01T08:18:59.132+0000] {logging_mixin.py:188} INFO - [2026-03-01T08:18:59.132+0000] {dagbag.py:538} INFO - Filling up the DagBag from /home/airflow/.local/lib/python3.8/site-packages/airflow/example_dags/example_branch_datetime_operator.py
[2026-03-01T08:18:59.138+0000] {processor.py:840} INFO - DAG(s) 'example_branch_datetime_operator', 'example_branch_datetime_operator_3', 'example_branch_datetime_operator_2' retrieved from /home/airflow/.local/lib/python3.8/site-packages/airflow/example_dags/example_branch_datetime_operator.py
[2026-03-01T08:18:59.157+0000] {logging_mixin.py:188} INFO - [2026-03-01T08:18:59.157+0000] {dag.py:3036} INFO - Sync 3 DAGs
[2026-03-01T08:18:59.172+0000] {logging_mixin.py:188} INFO - [2026-03-01T08:18:59.171+0000] {dag.py:3823} INFO - Setting next_dagrun for example_branch_datetime_operator to 2026-02-28 00:00:00+00:00, run_after=2026-03-01 00:00:00+00:00
[2026-03-01T08:18:59.178+0000] {logging_mixin.py:188} INFO - [2026-03-01T08:18:59.178+0000] {dag.py:3823} INFO - Setting next_dagrun for example_branch_datetime_operator_2 to 2026-02-28 00:00:00+00:00, run_after=2026-03-01 00:00:00+00:00
[2026-03-01T08:18:59.181+0000] {logging_mixin.py:188} INFO - [2026-03-01T08:18:59.181+0000] {dag.py:3823} INFO - Setting next_dagrun for example_branch_datetime_operator_3 to 2026-02-28 00:00:00+00:00, run_after=2026-03-01 00:00:00+00:00
[2026-03-01T08:18:59.191+0000] {processor.py:183} INFO - Processing /home/airflow/.local/lib/python3.8/site-packages/airflow/example_dags/example_branch_datetime_operator.py took 0.064 seconds
[2026-03-01T08:19:29.353+0000] {processor.py:161} INFO - Started process (PID=1504) to work on /home/airflow/.local/lib/python3.8/site-packages/airflow/example_dags/example_branch_datetime_operator.py
[2026-03-01T08:19:29.354+0000] {processor.py:830} INFO - Processing file /home/airflow/.local/lib/python3.8/site-packages/airflow/example_dags/example_branch_datetime_operator.py for tasks to queue
[2026-03-01T08:19:29.357+0000] {logging_mixin.py:188} INFO - [2026-03-01T08:19:29.357+0000] {dagbag.py:538} INFO - Filling up the DagBag from /home/airflow/.local/lib/python3.8/site-packages/airflow/example_dags/example_branch_datetime_operator.py
[2026-03-01T08:19:29.366+0000] {processor.py:840} INFO - DAG(s) 'example_branch_datetime_operator_3', 'example_branch_datetime_operator', 'example_branch_datetime_operator_2' retrieved from /home/airflow/.local/lib/python3.8/site-packages/airflow/example_dags/example_branch_datetime_operator.py
[2026-03-01T08:19:29.391+0000] {logging_mixin.py:188} INFO - [2026-03-01T08:19:29.391+0000] {dag.py:3036} INFO - Sync 3 DAGs
[2026-03-01T08:19:29.409+0000] {logging_mixin.py:188} INFO - [2026-03-01T08:19:29.408+0000] {dag.py:3823} INFO - Setting next_dagrun for example_branch_datetime_operator to 2026-02-28 00:00:00+00:00, run_after=2026-03-01 00:00:00+00:00
[2026-03-01T08:19:29.412+0000] {logging_mixin.py:188} INFO - [2026-03-01T08:19:29.412+0000] {dag.py:3823} INFO - Setting next_dagrun for example_branch_datetime_operator_2 to 2026-02-28 00:00:00+00:00, run_after=2026-03-01 00:00:00+00:00
[2026-03-01T08:19:29.414+0000] {logging_mixin.py:188} INFO - [2026-03-01T08:19:29.414+0000] {dag.py:3823} INFO - Setting next_dagrun for example_branch_datetime_operator_3 to 2026-02-28 00:00:00+00:00, run_after=2026-03-01 00:00:00+00:00
[2026-03-01T08:19:29.431+0000] {processor.py:183} INFO - Processing /home/airflow/.local/lib/python3.8/site-packages/airflow/example_dags/example_branch_datetime_operator.py took 0.081 seconds
[2026-03-01T08:19:59.811+0000] {processor.py:161} INFO - Started process (PID=1561) to work on /home/airflow/.local/lib/python3.8/site-packages/airflow/example_dags/example_branch_datetime_operator.py
[2026-03-01T08:19:59.813+0000] {processor.py:830} INFO - Processing file /home/airflow/.local/lib/python3.8/site-packages/airflow/example_dags/example_branch_datetime_operator.py for tasks to queue
[2026-03-01T08:19:59.814+0000] {logging_mixin.py:188} INFO - [2026-03-01T08:19:59.814+0000] {dagbag.py:538} INFO - Filling up the DagBag from /home/airflow/.local/lib/python3.8/site-packages/airflow/example_dags/example_branch_datetime_operator.py
[2026-03-01T08:19:59.821+0000] {processor.py:840} INFO - DAG(s) 'example_branch_datetime_operator_2', 'example_branch_datetime_operator_3', 'example_branch_datetime_operator' retrieved from /home/airflow/.local/lib/python3.8/site-packages/airflow/example_dags/example_branch_datetime_operator.py
[2026-03-01T08:19:59.841+0000] {logging_mixin.py:188} INFO - [2026-03-01T08:19:59.841+0000] {dag.py:3036} INFO - Sync 3 DAGs
[2026-03-01T08:19:59.856+0000] {logging_mixin.py:188} INFO - [2026-03-01T08:19:59.856+0000] {dag.py:3823} INFO - Setting next_dagrun for example_branch_datetime_operator to 2026-02-28 00:00:00+00:00, run_after=2026-03-01 00:00:00+00:00
[2026-03-01T08:19:59.859+0000] {logging_mixin.py:188} INFO - [2026-03-01T08:19:59.859+0000] {dag.py:3823} INFO - Setting next_dagrun for example_branch_datetime_operator_2 to 2026-02-28 00:00:00+00:00, run_after=2026-03-01 00:00:00+00:00
[2026-03-01T08:19:59.861+0000] {logging_mixin.py:188} INFO - [2026-03-01T08:19:59.861+0000] {dag.py:3823} INFO - Setting next_dagrun for example_branch_datetime_operator_3 to 2026-02-28 00:00:00+00:00, run_after=2026-03-01 00:00:00+00:00
[2026-03-01T08:19:59.873+0000] {processor.py:183} INFO - Processing /home/airflow/.local/lib/python3.8/site-packages/airflow/example_dags/example_branch_datetime_operator.py took 0.065 seconds
[2026-03-01T08:20:29.941+0000] {processor.py:161} INFO - Started process (PID=1618) to work on /home/airflow/.local/lib/python3.8/site-packages/airflow/example_dags/example_branch_datetime_operator.py
[2026-03-01T08:20:29.942+0000] {processor.py:830} INFO - Processing file /home/airflow/.local/lib/python3.8/site-packages/airflow/example_dags/example_branch_datetime_operator.py for tasks to queue
[2026-03-01T08:20:29.944+0000] {logging_mixin.py:188} INFO - [2026-03-01T08:20:29.944+0000] {dagbag.py:538} INFO - Filling up the DagBag from /home/airflow/.local/lib/python3.8/site-packages/airflow/example_dags/example_branch_datetime_operator.py
[2026-03-01T08:20:29.950+0000] {processor.py:840} INFO - DAG(s) 'example_branch_datetime_operator_3', 'example_branch_datetime_operator_2', 'example_branch_datetime_operator' retrieved from /home/airflow/.local/lib/python3.8/site-packages/airflow/example_dags/example_branch_datetime_operator.py
[2026-03-01T08:20:29.968+0000] {logging_mixin.py:188} INFO - [2026-03-01T08:20:29.968+0000] {dag.py:3036} INFO - Sync 3 DAGs
[2026-03-01T08:20:29.981+0000] {logging_mixin.py:188} INFO - [2026-03-01T08:20:29.981+0000] {dag.py:3823} INFO - Setting next_dagrun for example_branch_datetime_operator to 2026-02-28 00:00:00+00:00, run_after=2026-03-01 00:00:00+00:00
[2026-03-01T08:20:29.985+0000] {logging_mixin.py:188} INFO - [2026-03-01T08:20:29.985+0000] {dag.py:3823} INFO - Setting next_dagrun for example_branch_datetime_operator_2 to 2026-02-28 00:00:00+00:00, run_after=2026-03-01 00:00:00+00:00
[2026-03-01T08:20:29.986+0000] {logging_mixin.py:188} INFO - [2026-03-01T08:20:29.986+0000] {dag.py:3823} INFO - Setting next_dagrun for example_branch_datetime_operator_3 to 2026-02-28 00:00:00+00:00, run_after=2026-03-01 00:00:00+00:00
[2026-03-01T08:20:29.998+0000] {processor.py:183} INFO - Processing /home/airflow/.local/lib/python3.8/site-packages/airflow/example_dags/example_branch_datetime_operator.py took 0.060 seconds
[2026-03-01T08:21:00.792+0000] {processor.py:161} INFO - Started process (PID=1672) to work on /home/airflow/.local/lib/python3.8/site-packages/airflow/example_dags/example_branch_datetime_operator.py
[2026-03-01T08:21:00.793+0000] {processor.py:830} INFO - Processing file /home/airflow/.local/lib/python3.8/site-packages/airflow/example_dags/example_branch_datetime_operator.py for tasks to queue
[2026-03-01T08:21:00.794+0000] {logging_mixin.py:188} INFO - [2026-03-01T08:21:00.794+0000] {dagbag.py:538} INFO - Filling up the DagBag from /home/airflow/.local/lib/python3.8/site-packages/airflow/example_dags/example_branch_datetime_operator.py
[2026-03-01T08:21:00.801+0000] {processor.py:840} INFO - DAG(s) 'example_branch_datetime_operator', 'example_branch_datetime_operator_2', 'example_branch_datetime_operator_3' retrieved from /home/airflow/.local/lib/python3.8/site-packages/airflow/example_dags/example_branch_datetime_operator.py
[2026-03-01T08:21:00.820+0000] {logging_mixin.py:188} INFO - [2026-03-01T08:21:00.820+0000] {dag.py:3036} INFO - Sync 3 DAGs
[2026-03-01T08:21:00.839+0000] {logging_mixin.py:188} INFO - [2026-03-01T08:21:00.839+0000] {dag.py:3823} INFO - Setting next_dagrun for example_branch_datetime_operator to 2026-02-28 00:00:00+00:00, run_after=2026-03-01 00:00:00+00:00
[2026-03-01T08:21:00.843+0000] {logging_mixin.py:188} INFO - [2026-03-01T08:21:00.843+0000] {dag.py:3823} INFO - Setting next_dagrun for example_branch_datetime_operator_2 to 2026-02-28 00:00:00+00:00, run_after=2026-03-01 00:00:00+00:00
[2026-03-01T08:21:00.845+0000] {logging_mixin.py:188} INFO - [2026-03-01T08:21:00.845+0000] {dag.py:3823} INFO - Setting next_dagrun for example_branch_datetime_operator_3 to 2026-02-28 00:00:00+00:00, run_after=2026-03-01 00:00:00+00:00
[2026-03-01T08:21:00.862+0000] {processor.py:183} INFO - Processing /home/airflow/.local/lib/python3.8/site-packages/airflow/example_dags/example_branch_datetime_operator.py took 0.073 seconds
[2026-03-01T08:21:31.178+0000] {processor.py:161} INFO - Started process (PID=1728) to work on /home/airflow/.local/lib/python3.8/site-packages/airflow/example_dags/example_branch_datetime_operator.py
[2026-03-01T08:21:31.179+0000] {processor.py:830} INFO - Processing file /home/airflow/.local/lib/python3.8/site-packages/airflow/example_dags/example_branch_datetime_operator.py for tasks to queue
[2026-03-01T08:21:31.181+0000] {logging_mixin.py:188} INFO - [2026-03-01T08:21:31.180+0000] {dagbag.py:538} INFO - Filling up the DagBag from /home/airflow/.local/lib/python3.8/site-packages/airflow/example_dags/example_branch_datetime_operator.py
[2026-03-01T08:21:31.187+0000] {processor.py:840} INFO - DAG(s) 'example_branch_datetime_operator', 'example_branch_datetime_operator_3', 'example_branch_datetime_operator_2' retrieved from /home/airflow/.local/lib/python3.8/site-packages/airflow/example_dags/example_branch_datetime_operator.py
[2026-03-01T08:21:31.204+0000] {logging_mixin.py:188} INFO - [2026-03-01T08:21:31.204+0000] {dag.py:3036} INFO - Sync 3 DAGs
[2026-03-01T08:21:31.217+0000] {logging_mixin.py:188} INFO - [2026-03-01T08:21:31.217+0000] {dag.py:3823} INFO - Setting next_dagrun for example_branch_datetime_operator to 2026-02-28 00:00:00+00:00, run_after=2026-03-01 00:00:00+00:00
[2026-03-01T08:21:31.220+0000] {logging_mixin.py:188} INFO - [2026-03-01T08:21:31.220+0000] {dag.py:3823} INFO - Setting next_dagrun for example_branch_datetime_operator_2 to 2026-02-28 00:00:00+00:00, run_after=2026-03-01 00:00:00+00:00
[2026-03-01T08:21:31.222+0000] {logging_mixin.py:188} INFO - [2026-03-01T08:21:31.222+0000] {dag.py:3823} INFO - Setting next_dagrun for example_branch_datetime_operator_3 to 2026-02-28 00:00:00+00:00, run_after=2026-03-01 00:00:00+00:00
[2026-03-01T08:21:31.235+0000] {processor.py:183} INFO - Processing /home/airflow/.local/lib/python3.8/site-packages/airflow/example_dags/example_branch_datetime_operator.py took 0.060 seconds
[2026-03-01T08:22:01.534+0000] {processor.py:161} INFO - Started process (PID=1784) to work on /home/airflow/.local/lib/python3.8/site-packages/airflow/example_dags/example_branch_datetime_operator.py
[2026-03-01T08:22:01.536+0000] {processor.py:830} INFO - Processing file /home/airflow/.local/lib/python3.8/site-packages/airflow/example_dags/example_branch_datetime_operator.py for tasks to queue
[2026-03-01T08:22:01.537+0000] {logging_mixin.py:188} INFO - [2026-03-01T08:22:01.537+0000] {dagbag.py:538} INFO - Filling up the DagBag from /home/airflow/.local/lib/python3.8/site-packages/airflow/example_dags/example_branch_datetime_operator.py
[2026-03-01T08:22:01.544+0000] {processor.py:840} INFO - DAG(s) 'example_branch_datetime_operator_3', 'example_branch_datetime_operator', 'example_branch_datetime_operator_2' retrieved from /home/airflow/.local/lib/python3.8/site-packages/airflow/example_dags/example_branch_datetime_operator.py
[2026-03-01T08:22:01.565+0000] {logging_mixin.py:188} INFO - [2026-03-01T08:22:01.565+0000] {dag.py:3036} INFO - Sync 3 DAGs
[2026-03-01T08:22:01.579+0000] {logging_mixin.py:188} INFO - [2026-03-01T08:22:01.579+0000] {dag.py:3823} INFO - Setting next_dagrun for example_branch_datetime_operator to 2026-02-28 00:00:00+00:00, run_after=2026-03-01 00:00:00+00:00
[2026-03-01T08:22:01.583+0000] {logging_mixin.py:188} INFO - [2026-03-01T08:22:01.583+0000] {dag.py:3823} INFO - Setting next_dagrun for example_branch_datetime_operator_2 to 2026-02-28 00:00:00+00:00, run_after=2026-03-01 00:00:00+00:00
[2026-03-01T08:22:01.585+0000] {logging_mixin.py:188} INFO - [2026-03-01T08:22:01.584+0000] {dag.py:3823} INFO - Setting next_dagrun for example_branch_datetime_operator_3 to 2026-02-28 00:00:00+00:00, run_after=2026-03-01 00:00:00+00:00
[2026-03-01T08:22:01.597+0000] {processor.py:183} INFO - Processing /home/airflow/.local/lib/python3.8/site-packages/airflow/example_dags/example_branch_datetime_operator.py took 0.065 seconds
[2026-03-01T08:22:31.862+0000] {processor.py:161} INFO - Started process (PID=1840) to work on /home/airflow/.local/lib/python3.8/site-packages/airflow/example_dags/example_branch_datetime_operator.py
[2026-03-01T08:22:31.863+0000] {processor.py:830} INFO - Processing file /home/airflow/.local/lib/python3.8/site-packages/airflow/example_dags/example_branch_datetime_operator.py for tasks to queue
[2026-03-01T08:22:31.865+0000] {logging_mixin.py:188} INFO - [2026-03-01T08:22:31.864+0000] {dagbag.py:538} INFO - Filling up the DagBag from /home/airflow/.local/lib/python3.8/site-packages/airflow/example_dags/example_branch_datetime_operator.py
[2026-03-01T08:22:31.872+0000] {processor.py:840} INFO - DAG(s) 'example_branch_datetime_operator', 'example_branch_datetime_operator_2', 'example_branch_datetime_operator_3' retrieved from /home/airflow/.local/lib/python3.8/site-packages/airflow/example_dags/example_branch_datetime_operator.py
[2026-03-01T08:22:31.891+0000] {logging_mixin.py:188} INFO - [2026-03-01T08:22:31.891+0000] {dag.py:3036} INFO - Sync 3 DAGs
[2026-03-01T08:22:31.906+0000] {logging_mixin.py:188} INFO - [2026-03-01T08:22:31.905+0000] {dag.py:3823} INFO - Setting next_dagrun for example_branch_datetime_operator to 2026-02-28 00:00:00+00:00, run_after=2026-03-01 00:00:00+00:00
[2026-03-01T08:22:31.909+0000] {logging_mixin.py:188} INFO - [2026-03-01T08:22:31.908+0000] {dag.py:3823} INFO - Setting next_dagrun for example_branch_datetime_operator_2 to 2026-02-28 00:00:00+00:00, run_after=2026-03-01 00:00:00+00:00
[2026-03-01T08:22:31.910+0000] {logging_mixin.py:188} INFO - [2026-03-01T08:22:31.910+0000] {dag.py:3823} INFO - Setting next_dagrun for example_branch_datetime_operator_3 to 2026-02-28 00:00:00+00:00, run_after=2026-03-01 00:00:00+00:00
[2026-03-01T08:22:31.922+0000] {processor.py:183} INFO - Processing /home/airflow/.local/lib/python3.8/site-packages/airflow/example_dags/example_branch_datetime_operator.py took 0.063 seconds
[2026-03-01T08:23:02.380+0000] {processor.py:161} INFO - Started process (PID=1896) to work on /home/airflow/.local/lib/python3.8/site-packages/airflow/example_dags/example_branch_datetime_operator.py
[2026-03-01T08:23:02.381+0000] {processor.py:830} INFO - Processing file /home/airflow/.local/lib/python3.8/site-packages/airflow/example_dags/example_branch_datetime_operator.py for tasks to queue
[2026-03-01T08:23:02.383+0000] {logging_mixin.py:188} INFO - [2026-03-01T08:23:02.383+0000] {dagbag.py:538} INFO - Filling up the DagBag from /home/airflow/.local/lib/python3.8/site-packages/airflow/example_dags/example_branch_datetime_operator.py
[2026-03-01T08:23:02.389+0000] {processor.py:840} INFO - DAG(s) 'example_branch_datetime_operator_3', 'example_branch_datetime_operator', 'example_branch_datetime_operator_2' retrieved from /home/airflow/.local/lib/python3.8/site-packages/airflow/example_dags/example_branch_datetime_operator.py
[2026-03-01T08:23:02.408+0000] {logging_mixin.py:188} INFO - [2026-03-01T08:23:02.408+0000] {dag.py:3036} INFO - Sync 3 DAGs
[2026-03-01T08:23:02.421+0000] {logging_mixin.py:188} INFO - [2026-03-01T08:23:02.421+0000] {dag.py:3823} INFO - Setting next_dagrun for example_branch_datetime_operator to 2026-02-28 00:00:00+00:00, run_after=2026-03-01 00:00:00+00:00
[2026-03-01T08:23:02.424+0000] {logging_mixin.py:188} INFO - [2026-03-01T08:23:02.424+0000] {dag.py:3823} INFO - Setting next_dagrun for example_branch_datetime_operator_2 to 2026-02-28 00:00:00+00:00, run_after=2026-03-01 00:00:00+00:00
[2026-03-01T08:23:02.426+0000] {logging_mixin.py:188} INFO - [2026-03-01T08:23:02.426+0000] {dag.py:3823} INFO - Setting next_dagrun for example_branch_datetime_operator_3 to 2026-02-28 00:00:00+00:00, run_after=2026-03-01 00:00:00+00:00
[2026-03-01T08:23:02.439+0000] {processor.py:183} INFO - Processing /home/airflow/.local/lib/python3.8/site-packages/airflow/example_dags/example_branch_datetime_operator.py took 0.061 seconds
[2026-03-01T08:23:32.703+0000] {processor.py:161} INFO - Started process (PID=1952) to work on /home/airflow/.local/lib/python3.8/site-packages/airflow/example_dags/example_branch_datetime_operator.py
[2026-03-01T08:23:32.704+0000] {processor.py:830} INFO - Processing file /home/airflow/.local/lib/python3.8/site-packages/airflow/example_dags/example_branch_datetime_operator.py for tasks to queue
[2026-03-01T08:23:32.706+0000] {logging_mixin.py:188} INFO - [2026-03-01T08:23:32.706+0000] {dagbag.py:538} INFO - Filling up the DagBag from /home/airflow/.local/lib/python3.8/site-packages/airflow/example_dags/example_branch_datetime_operator.py
[2026-03-01T08:23:32.714+0000] {processor.py:840} INFO - DAG(s) 'example_branch_datetime_operator', 'example_branch_datetime_operator_2', 'example_branch_datetime_operator_3' retrieved from /home/airflow/.local/lib/python3.8/site-packages/airflow/example_dags/example_branch_datetime_operator.py
[2026-03-01T08:23:32.734+0000] {logging_mixin.py:188} INFO - [2026-03-01T08:23:32.734+0000] {dag.py:3036} INFO - Sync 3 DAGs
[2026-03-01T08:23:32.748+0000] {logging_mixin.py:188} INFO - [2026-03-01T08:23:32.748+0000] {dag.py:3823} INFO - Setting next_dagrun for example_branch_datetime_operator to 2026-02-28 00:00:00+00:00, run_after=2026-03-01 00:00:00+00:00
[2026-03-01T08:23:32.752+0000] {logging_mixin.py:188} INFO - [2026-03-01T08:23:32.752+0000] {dag.py:3823} INFO - Setting next_dagrun for example_branch_datetime_operator_2 to 2026-02-28 00:00:00+00:00, run_after=2026-03-01 00:00:00+00:00
[2026-03-01T08:23:32.753+0000] {logging_mixin.py:188} INFO - [2026-03-01T08:23:32.753+0000] {dag.py:3823} INFO - Setting next_dagrun for example_branch_datetime_operator_3 to 2026-02-28 00:00:00+00:00, run_after=2026-03-01 00:00:00+00:00
[2026-03-01T08:23:32.765+0000] {processor.py:183} INFO - Processing /home/airflow/.local/lib/python3.8/site-packages/airflow/example_dags/example_branch_datetime_operator.py took 0.064 seconds
[2026-03-01T08:24:02.923+0000] {processor.py:161} INFO - Started process (PID=2008) to work on /home/airflow/.local/lib/python3.8/site-packages/airflow/example_dags/example_branch_datetime_operator.py
[2026-03-01T08:24:02.924+0000] {processor.py:830} INFO - Processing file /home/airflow/.local/lib/python3.8/site-packages/airflow/example_dags/example_branch_datetime_operator.py for tasks to queue
[2026-03-01T08:24:02.925+0000] {logging_mixin.py:188} INFO - [2026-03-01T08:24:02.925+0000] {dagbag.py:538} INFO - Filling up the DagBag from /home/airflow/.local/lib/python3.8/site-packages/airflow/example_dags/example_branch_datetime_operator.py
[2026-03-01T08:24:02.932+0000] {processor.py:840} INFO - DAG(s) 'example_branch_datetime_operator_3', 'example_branch_datetime_operator', 'example_branch_datetime_operator_2' retrieved from /home/airflow/.local/lib/python3.8/site-packages/airflow/example_dags/example_branch_datetime_operator.py
[2026-03-01T08:24:02.951+0000] {logging_mixin.py:188} INFO - [2026-03-01T08:24:02.951+0000] {dag.py:3036} INFO - Sync 3 DAGs
[2026-03-01T08:24:02.965+0000] {logging_mixin.py:188} INFO - [2026-03-01T08:24:02.965+0000] {dag.py:3823} INFO - Setting next_dagrun for example_branch_datetime_operator to 2026-02-28 00:00:00+00:00, run_after=2026-03-01 00:00:00+00:00
[2026-03-01T08:24:02.968+0000] {logging_mixin.py:188} INFO - [2026-03-01T08:24:02.968+0000] {dag.py:3823} INFO - Setting next_dagrun for example_branch_datetime_operator_2 to 2026-02-28 00:00:00+00:00, run_after=2026-03-01 00:00:00+00:00
[2026-03-01T08:24:02.970+0000] {logging_mixin.py:188} INFO - [2026-03-01T08:24:02.970+0000] {dag.py:3823} INFO - Setting next_dagrun for example_branch_datetime_operator_3 to 2026-02-28 00:00:00+00:00, run_after=2026-03-01 00:00:00+00:00
[2026-03-01T08:24:02.980+0000] {processor.py:183} INFO - Processing /home/airflow/.local/lib/python3.8/site-packages/airflow/example_dags/example_branch_datetime_operator.py took 0.060 seconds
[2026-03-01T08:24:33.195+0000] {processor.py:161} INFO - Started process (PID=2064) to work on /home/airflow/.local/lib/python3.8/site-packages/airflow/example_dags/example_branch_datetime_operator.py
[2026-03-01T08:24:33.196+0000] {processor.py:830} INFO - Processing file /home/airflow/.local/lib/python3.8/site-packages/airflow/example_dags/example_branch_datetime_operator.py for tasks to queue
[2026-03-01T08:24:33.198+0000] {logging_mixin.py:188} INFO - [2026-03-01T08:24:33.197+0000] {dagbag.py:538} INFO - Filling up the DagBag from /home/airflow/.local/lib/python3.8/site-packages/airflow/example_dags/example_branch_datetime_operator.py
[2026-03-01T08:24:33.204+0000] {processor.py:840} INFO - DAG(s) 'example_branch_datetime_operator_3', 'example_branch_datetime_operator', 'example_branch_datetime_operator_2' retrieved from /home/airflow/.local/lib/python3.8/site-packages/airflow/example_dags/example_branch_datetime_operator.py
[2026-03-01T08:24:33.223+0000] {logging_mixin.py:188} INFO - [2026-03-01T08:24:33.223+0000] {dag.py:3036} INFO - Sync 3 DAGs
[2026-03-01T08:24:33.239+0000] {logging_mixin.py:188} INFO - [2026-03-01T08:24:33.239+0000] {dag.py:3823} INFO - Setting next_dagrun for example_branch_datetime_operator to 2026-02-28 00:00:00+00:00, run_after=2026-03-01 00:00:00+00:00
[2026-03-01T08:24:33.242+0000] {logging_mixin.py:188} INFO - [2026-03-01T08:24:33.242+0000] {dag.py:3823} INFO - Setting next_dagrun for example_branch_datetime_operator_2 to 2026-02-28 00:00:00+00:00, run_after=2026-03-01 00:00:00+00:00
[2026-03-01T08:24:33.244+0000] {logging_mixin.py:188} INFO - [2026-03-01T08:24:33.244+0000] {dag.py:3823} INFO - Setting next_dagrun for example_branch_datetime_operator_3 to 2026-02-28 00:00:00+00:00, run_after=2026-03-01 00:00:00+00:00
[2026-03-01T08:24:33.256+0000] {processor.py:183} INFO - Processing /home/airflow/.local/lib/python3.8/site-packages/airflow/example_dags/example_branch_datetime_operator.py took 0.063 seconds
[2026-03-01T08:25:03.522+0000] {processor.py:161} INFO - Started process (PID=2124) to work on /home/airflow/.local/lib/python3.8/site-packages/airflow/example_dags/example_branch_datetime_operator.py
[2026-03-01T08:25:03.523+0000] {processor.py:830} INFO - Processing file /home/airflow/.local/lib/python3.8/site-packages/airflow/example_dags/example_branch_datetime_operator.py for tasks to queue
[2026-03-01T08:25:03.525+0000] {logging_mixin.py:188} INFO - [2026-03-01T08:25:03.525+0000] {dagbag.py:538} INFO - Filling up the DagBag from /home/airflow/.local/lib/python3.8/site-packages/airflow/example_dags/example_branch_datetime_operator.py
[2026-03-01T08:25:03.531+0000] {processor.py:840} INFO - DAG(s) 'example_branch_datetime_operator', 'example_branch_datetime_operator_3', 'example_branch_datetime_operator_2' retrieved from /home/airflow/.local/lib/python3.8/site-packages/airflow/example_dags/example_branch_datetime_operator.py
[2026-03-01T08:25:03.550+0000] {logging_mixin.py:188} INFO - [2026-03-01T08:25:03.549+0000] {dag.py:3036} INFO - Sync 3 DAGs
[2026-03-01T08:25:03.564+0000] {logging_mixin.py:188} INFO - [2026-03-01T08:25:03.564+0000] {dag.py:3823} INFO - Setting next_dagrun for example_branch_datetime_operator to 2026-02-28 00:00:00+00:00, run_after=2026-03-01 00:00:00+00:00
[2026-03-01T08:25:03.568+0000] {logging_mixin.py:188} INFO - [2026-03-01T08:25:03.567+0000] {dag.py:3823} INFO - Setting next_dagrun for example_branch_datetime_operator_2 to 2026-02-28 00:00:00+00:00, run_after=2026-03-01 00:00:00+00:00
[2026-03-01T08:25:03.569+0000] {logging_mixin.py:188} INFO - [2026-03-01T08:25:03.569+0000] {dag.py:3823} INFO - Setting next_dagrun for example_branch_datetime_operator_3 to 2026-02-28 00:00:00+00:00, run_after=2026-03-01 00:00:00+00:00
[2026-03-01T08:25:03.581+0000] {processor.py:183} INFO - Processing /home/airflow/.local/lib/python3.8/site-packages/airflow/example_dags/example_branch_datetime_operator.py took 0.062 seconds
[2026-03-01T08:25:33.713+0000] {processor.py:161} INFO - Started process (PID=2180) to work on /home/airflow/.local/lib/python3.8/site-packages/airflow/example_dags/example_branch_datetime_operator.py
[2026-03-01T08:25:33.714+0000] {processor.py:830} INFO - Processing file /home/airflow/.local/lib/python3.8/site-packages/airflow/example_dags/example_branch_datetime_operator.py for tasks to queue
[2026-03-01T08:25:33.716+0000] {logging_mixin.py:188} INFO - [2026-03-01T08:25:33.716+0000] {dagbag.py:538} INFO - Filling up the DagBag from /home/airflow/.local/lib/python3.8/site-packages/airflow/example_dags/example_branch_datetime_operator.py
[2026-03-01T08:25:33.723+0000] {processor.py:840} INFO - DAG(s) 'example_branch_datetime_operator', 'example_branch_datetime_operator_2', 'example_branch_datetime_operator_3' retrieved from /home/airflow/.local/lib/python3.8/site-packages/airflow/example_dags/example_branch_datetime_operator.py
[2026-03-01T08:25:33.743+0000] {logging_mixin.py:188} INFO - [2026-03-01T08:25:33.743+0000] {dag.py:3036} INFO - Sync 3 DAGs
[2026-03-01T08:25:33.756+0000] {logging_mixin.py:188} INFO - [2026-03-01T08:25:33.756+0000] {dag.py:3823} INFO - Setting next_dagrun for example_branch_datetime_operator to 2026-02-28 00:00:00+00:00, run_after=2026-03-01 00:00:00+00:00
[2026-03-01T08:25:33.760+0000] {logging_mixin.py:188} INFO - [2026-03-01T08:25:33.760+0000] {dag.py:3823} INFO - Setting next_dagrun for example_branch_datetime_operator_2 to 2026-02-28 00:00:00+00:00, run_after=2026-03-01 00:00:00+00:00
[2026-03-01T08:25:33.761+0000] {logging_mixin.py:188} INFO - [2026-03-01T08:25:33.761+0000] {dag.py:3823} INFO - Setting next_dagrun for example_branch_datetime_operator_3 to 2026-02-28 00:00:00+00:00, run_after=2026-03-01 00:00:00+00:00
[2026-03-01T08:25:33.774+0000] {processor.py:183} INFO - Processing /home/airflow/.local/lib/python3.8/site-packages/airflow/example_dags/example_branch_datetime_operator.py took 0.063 seconds
[2026-03-01T08:26:04.205+0000] {processor.py:161} INFO - Started process (PID=2236) to work on /home/airflow/.local/lib/python3.8/site-packages/airflow/example_dags/example_branch_datetime_operator.py
[2026-03-01T08:26:04.210+0000] {processor.py:830} INFO - Processing file /home/airflow/.local/lib/python3.8/site-packages/airflow/example_dags/example_branch_datetime_operator.py for tasks to queue
[2026-03-01T08:26:04.212+0000] {logging_mixin.py:188} INFO - [2026-03-01T08:26:04.212+0000] {dagbag.py:538} INFO - Filling up the DagBag from /home/airflow/.local/lib/python3.8/site-packages/airflow/example_dags/example_branch_datetime_operator.py
[2026-03-01T08:26:04.219+0000] {processor.py:840} INFO - DAG(s) 'example_branch_datetime_operator_2', 'example_branch_datetime_operator_3', 'example_branch_datetime_operator' retrieved from /home/airflow/.local/lib/python3.8/site-packages/airflow/example_dags/example_branch_datetime_operator.py
[2026-03-01T08:26:04.239+0000] {logging_mixin.py:188} INFO - [2026-03-01T08:26:04.239+0000] {dag.py:3036} INFO - Sync 3 DAGs
[2026-03-01T08:26:04.254+0000] {logging_mixin.py:188} INFO - [2026-03-01T08:26:04.254+0000] {dag.py:3823} INFO - Setting next_dagrun for example_branch_datetime_operator to 2026-02-28 00:00:00+00:00, run_after=2026-03-01 00:00:00+00:00
[2026-03-01T08:26:04.258+0000] {logging_mixin.py:188} INFO - [2026-03-01T08:26:04.257+0000] {dag.py:3823} INFO - Setting next_dagrun for example_branch_datetime_operator_2 to 2026-02-28 00:00:00+00:00, run_after=2026-03-01 00:00:00+00:00
[2026-03-01T08:26:04.259+0000] {logging_mixin.py:188} INFO - [2026-03-01T08:26:04.259+0000] {dag.py:3823} INFO - Setting next_dagrun for example_branch_datetime_operator_3 to 2026-02-28 00:00:00+00:00, run_after=2026-03-01 00:00:00+00:00
[2026-03-01T08:26:04.271+0000] {processor.py:183} INFO - Processing /home/airflow/.local/lib/python3.8/site-packages/airflow/example_dags/example_branch_datetime_operator.py took 0.069 seconds
[2026-03-01T08:26:35.195+0000] {processor.py:161} INFO - Started process (PID=2292) to work on /home/airflow/.local/lib/python3.8/site-packages/airflow/example_dags/example_branch_datetime_operator.py
[2026-03-01T08:26:35.196+0000] {processor.py:830} INFO - Processing file /home/airflow/.local/lib/python3.8/site-packages/airflow/example_dags/example_branch_datetime_operator.py for tasks to queue
[2026-03-01T08:26:35.198+0000] {logging_mixin.py:188} INFO - [2026-03-01T08:26:35.198+0000] {dagbag.py:538} INFO - Filling up the DagBag from /home/airflow/.local/lib/python3.8/site-packages/airflow/example_dags/example_branch_datetime_operator.py
[2026-03-01T08:26:35.207+0000] {processor.py:840} INFO - DAG(s) 'example_branch_datetime_operator_2', 'example_branch_datetime_operator', 'example_branch_datetime_operator_3' retrieved from /home/airflow/.local/lib/python3.8/site-packages/airflow/example_dags/example_branch_datetime_operator.py
[2026-03-01T08:26:35.230+0000] {logging_mixin.py:188} INFO - [2026-03-01T08:26:35.230+0000] {dag.py:3036} INFO - Sync 3 DAGs
[2026-03-01T08:26:35.249+0000] {logging_mixin.py:188} INFO - [2026-03-01T08:26:35.249+0000] {dag.py:3823} INFO - Setting next_dagrun for example_branch_datetime_operator to 2026-02-28 00:00:00+00:00, run_after=2026-03-01 00:00:00+00:00
[2026-03-01T08:26:35.254+0000] {logging_mixin.py:188} INFO - [2026-03-01T08:26:35.254+0000] {dag.py:3823} INFO - Setting next_dagrun for example_branch_datetime_operator_2 to 2026-02-28 00:00:00+00:00, run_after=2026-03-01 00:00:00+00:00
[2026-03-01T08:26:35.256+0000] {logging_mixin.py:188} INFO - [2026-03-01T08:26:35.256+0000] {dag.py:3823} INFO - Setting next_dagrun for example_branch_datetime_operator_3 to 2026-02-28 00:00:00+00:00, run_after=2026-03-01 00:00:00+00:00
[2026-03-01T08:26:35.268+0000] {processor.py:183} INFO - Processing /home/airflow/.local/lib/python3.8/site-packages/airflow/example_dags/example_branch_datetime_operator.py took 0.076 seconds
[2026-03-01T08:27:05.651+0000] {processor.py:161} INFO - Started process (PID=2348) to work on /home/airflow/.local/lib/python3.8/site-packages/airflow/example_dags/example_branch_datetime_operator.py
[2026-03-01T08:27:05.652+0000] {processor.py:830} INFO - Processing file /home/airflow/.local/lib/python3.8/site-packages/airflow/example_dags/example_branch_datetime_operator.py for tasks to queue
[2026-03-01T08:27:05.654+0000] {logging_mixin.py:188} INFO - [2026-03-01T08:27:05.653+0000] {dagbag.py:538} INFO - Filling up the DagBag from /home/airflow/.local/lib/python3.8/site-packages/airflow/example_dags/example_branch_datetime_operator.py
[2026-03-01T08:27:05.660+0000] {processor.py:840} INFO - DAG(s) 'example_branch_datetime_operator_2', 'example_branch_datetime_operator_3', 'example_branch_datetime_operator' retrieved from /home/airflow/.local/lib/python3.8/site-packages/airflow/example_dags/example_branch_datetime_operator.py
[2026-03-01T08:27:05.679+0000] {logging_mixin.py:188} INFO - [2026-03-01T08:27:05.679+0000] {dag.py:3036} INFO - Sync 3 DAGs
[2026-03-01T08:27:05.693+0000] {logging_mixin.py:188} INFO - [2026-03-01T08:27:05.693+0000] {dag.py:3823} INFO - Setting next_dagrun for example_branch_datetime_operator to 2026-02-28 00:00:00+00:00, run_after=2026-03-01 00:00:00+00:00
[2026-03-01T08:27:05.696+0000] {logging_mixin.py:188} INFO - [2026-03-01T08:27:05.696+0000] {dag.py:3823} INFO - Setting next_dagrun for example_branch_datetime_operator_2 to 2026-02-28 00:00:00+00:00, run_after=2026-03-01 00:00:00+00:00
[2026-03-01T08:27:05.698+0000] {logging_mixin.py:188} INFO - [2026-03-01T08:27:05.698+0000] {dag.py:3823} INFO - Setting next_dagrun for example_branch_datetime_operator_3 to 2026-02-28 00:00:00+00:00, run_after=2026-03-01 00:00:00+00:00
[2026-03-01T08:27:05.710+0000] {processor.py:183} INFO - Processing /home/airflow/.local/lib/python3.8/site-packages/airflow/example_dags/example_branch_datetime_operator.py took 0.062 seconds
[2026-03-01T08:27:35.961+0000] {processor.py:161} INFO - Started process (PID=2403) to work on /home/airflow/.local/lib/python3.8/site-packages/airflow/example_dags/example_branch_datetime_operator.py
[2026-03-01T08:27:35.963+0000] {processor.py:830} INFO - Processing file /home/airflow/.local/lib/python3.8/site-packages/airflow/example_dags/example_branch_datetime_operator.py for tasks to queue
[2026-03-01T08:27:35.964+0000] {logging_mixin.py:188} INFO - [2026-03-01T08:27:35.964+0000] {dagbag.py:538} INFO - Filling up the DagBag from /home/airflow/.local/lib/python3.8/site-packages/airflow/example_dags/example_branch_datetime_operator.py
[2026-03-01T08:27:35.971+0000] {processor.py:840} INFO - DAG(s) 'example_branch_datetime_operator', 'example_branch_datetime_operator_3', 'example_branch_datetime_operator_2' retrieved from /home/airflow/.local/lib/python3.8/site-packages/airflow/example_dags/example_branch_datetime_operator.py
[2026-03-01T08:27:35.990+0000] {logging_mixin.py:188} INFO - [2026-03-01T08:27:35.990+0000] {dag.py:3036} INFO - Sync 3 DAGs
[2026-03-01T08:27:36.004+0000] {logging_mixin.py:188} INFO - [2026-03-01T08:27:36.004+0000] {dag.py:3823} INFO - Setting next_dagrun for example_branch_datetime_operator to 2026-02-28 00:00:00+00:00, run_after=2026-03-01 00:00:00+00:00
[2026-03-01T08:27:36.007+0000] {logging_mixin.py:188} INFO - [2026-03-01T08:27:36.007+0000] {dag.py:3823} INFO - Setting next_dagrun for example_branch_datetime_operator_2 to 2026-02-28 00:00:00+00:00, run_after=2026-03-01 00:00:00+00:00
[2026-03-01T08:27:36.009+0000] {logging_mixin.py:188} INFO - [2026-03-01T08:27:36.009+0000] {dag.py:3823} INFO - Setting next_dagrun for example_branch_datetime_operator_3 to 2026-02-28 00:00:00+00:00, run_after=2026-03-01 00:00:00+00:00
[2026-03-01T08:27:36.020+0000] {processor.py:183} INFO - Processing /home/airflow/.local/lib/python3.8/site-packages/airflow/example_dags/example_branch_datetime_operator.py took 0.062 seconds
[2026-03-01T08:28:06.088+0000] {processor.py:161} INFO - Started process (PID=2458) to work on /home/airflow/.local/lib/python3.8/site-packages/airflow/example_dags/example_branch_datetime_operator.py
[2026-03-01T08:28:06.089+0000] {processor.py:830} INFO - Processing file /home/airflow/.local/lib/python3.8/site-packages/airflow/example_dags/example_branch_datetime_operator.py for tasks to queue
[2026-03-01T08:28:06.091+0000] {logging_mixin.py:188} INFO - [2026-03-01T08:28:06.091+0000] {dagbag.py:538} INFO - Filling up the DagBag from /home/airflow/.local/lib/python3.8/site-packages/airflow/example_dags/example_branch_datetime_operator.py
[2026-03-01T08:28:06.097+0000] {processor.py:840} INFO - DAG(s) 'example_branch_datetime_operator_3', 'example_branch_datetime_operator', 'example_branch_datetime_operator_2' retrieved from /home/airflow/.local/lib/python3.8/site-packages/airflow/example_dags/example_branch_datetime_operator.py
[2026-03-01T08:28:06.116+0000] {logging_mixin.py:188} INFO - [2026-03-01T08:28:06.116+0000] {dag.py:3036} INFO - Sync 3 DAGs
[2026-03-01T08:28:06.130+0000] {logging_mixin.py:188} INFO - [2026-03-01T08:28:06.129+0000] {dag.py:3823} INFO - Setting next_dagrun for example_branch_datetime_operator to 2026-02-28 00:00:00+00:00, run_after=2026-03-01 00:00:00+00:00
[2026-03-01T08:28:06.132+0000] {logging_mixin.py:188} INFO - [2026-03-01T08:28:06.132+0000] {dag.py:3823} INFO - Setting next_dagrun for example_branch_datetime_operator_2 to 2026-02-28 00:00:00+00:00, run_after=2026-03-01 00:00:00+00:00
[2026-03-01T08:28:06.133+0000] {logging_mixin.py:188} INFO - [2026-03-01T08:28:06.133+0000] {dag.py:3823} INFO - Setting next_dagrun for example_branch_datetime_operator_3 to 2026-02-28 00:00:00+00:00, run_after=2026-03-01 00:00:00+00:00
[2026-03-01T08:28:06.144+0000] {processor.py:183} INFO - Processing /home/airflow/.local/lib/python3.8/site-packages/airflow/example_dags/example_branch_datetime_operator.py took 0.059 seconds
[2026-03-01T08:28:36.251+0000] {processor.py:161} INFO - Started process (PID=2512) to work on /home/airflow/.local/lib/python3.8/site-packages/airflow/example_dags/example_branch_datetime_operator.py
[2026-03-01T08:28:36.252+0000] {processor.py:830} INFO - Processing file /home/airflow/.local/lib/python3.8/site-packages/airflow/example_dags/example_branch_datetime_operator.py for tasks to queue
[2026-03-01T08:28:36.254+0000] {logging_mixin.py:188} INFO - [2026-03-01T08:28:36.254+0000] {dagbag.py:538} INFO - Filling up the DagBag from /home/airflow/.local/lib/python3.8/site-packages/airflow/example_dags/example_branch_datetime_operator.py
[2026-03-01T08:28:36.261+0000] {processor.py:840} INFO - DAG(s) 'example_branch_datetime_operator', 'example_branch_datetime_operator_3', 'example_branch_datetime_operator_2' retrieved from /home/airflow/.local/lib/python3.8/site-packages/airflow/example_dags/example_branch_datetime_operator.py
[2026-03-01T08:28:36.281+0000] {logging_mixin.py:188} INFO - [2026-03-01T08:28:36.281+0000] {dag.py:3036} INFO - Sync 3 DAGs
[2026-03-01T08:28:36.296+0000] {logging_mixin.py:188} INFO - [2026-03-01T08:28:36.296+0000] {dag.py:3823} INFO - Setting next_dagrun for example_branch_datetime_operator to 2026-02-28 00:00:00+00:00, run_after=2026-03-01 00:00:00+00:00
[2026-03-01T08:28:36.300+0000] {logging_mixin.py:188} INFO - [2026-03-01T08:28:36.300+0000] {dag.py:3823} INFO - Setting next_dagrun for example_branch_datetime_operator_2 to 2026-02-28 00:00:00+00:00, run_after=2026-03-01 00:00:00+00:00
[2026-03-01T08:28:36.302+0000] {logging_mixin.py:188} INFO - [2026-03-01T08:28:36.302+0000] {dag.py:3823} INFO - Setting next_dagrun for example_branch_datetime_operator_3 to 2026-02-28 00:00:00+00:00, run_after=2026-03-01 00:00:00+00:00
[2026-03-01T08:28:36.314+0000] {processor.py:183} INFO - Processing /home/airflow/.local/lib/python3.8/site-packages/airflow/example_dags/example_branch_datetime_operator.py took 0.066 seconds
[2026-03-01T08:29:06.705+0000] {processor.py:161} INFO - Started process (PID=2568) to work on /home/airflow/.local/lib/python3.8/site-packages/airflow/example_dags/example_branch_datetime_operator.py
[2026-03-01T08:29:06.706+0000] {processor.py:830} INFO - Processing file /home/airflow/.local/lib/python3.8/site-packages/airflow/example_dags/example_branch_datetime_operator.py for tasks to queue
[2026-03-01T08:29:06.709+0000] {logging_mixin.py:188} INFO - [2026-03-01T08:29:06.709+0000] {dagbag.py:538} INFO - Filling up the DagBag from /home/airflow/.local/lib/python3.8/site-packages/airflow/example_dags/example_branch_datetime_operator.py
[2026-03-01T08:29:06.716+0000] {processor.py:840} INFO - DAG(s) 'example_branch_datetime_operator_3', 'example_branch_datetime_operator', 'example_branch_datetime_operator_2' retrieved from /home/airflow/.local/lib/python3.8/site-packages/airflow/example_dags/example_branch_datetime_operator.py
[2026-03-01T08:29:06.736+0000] {logging_mixin.py:188} INFO - [2026-03-01T08:29:06.736+0000] {dag.py:3036} INFO - Sync 3 DAGs
[2026-03-01T08:29:06.750+0000] {logging_mixin.py:188} INFO - [2026-03-01T08:29:06.750+0000] {dag.py:3823} INFO - Setting next_dagrun for example_branch_datetime_operator to 2026-02-28 00:00:00+00:00, run_after=2026-03-01 00:00:00+00:00
[2026-03-01T08:29:06.753+0000] {logging_mixin.py:188} INFO - [2026-03-01T08:29:06.753+0000] {dag.py:3823} INFO - Setting next_dagrun for example_branch_datetime_operator_2 to 2026-02-28 00:00:00+00:00, run_after=2026-03-01 00:00:00+00:00
[2026-03-01T08:29:06.755+0000] {logging_mixin.py:188} INFO - [2026-03-01T08:29:06.755+0000] {dag.py:3823} INFO - Setting next_dagrun for example_branch_datetime_operator_3 to 2026-02-28 00:00:00+00:00, run_after=2026-03-01 00:00:00+00:00
[2026-03-01T08:29:06.766+0000] {processor.py:183} INFO - Processing /home/airflow/.local/lib/python3.8/site-packages/airflow/example_dags/example_branch_datetime_operator.py took 0.064 seconds
[2026-03-01T08:29:37.051+0000] {processor.py:161} INFO - Started process (PID=2624) to work on /home/airflow/.local/lib/python3.8/site-packages/airflow/example_dags/example_branch_datetime_operator.py
[2026-03-01T08:29:37.052+0000] {processor.py:830} INFO - Processing file /home/airflow/.local/lib/python3.8/site-packages/airflow/example_dags/example_branch_datetime_operator.py for tasks to queue
[2026-03-01T08:29:37.054+0000] {logging_mixin.py:188} INFO - [2026-03-01T08:29:37.053+0000] {dagbag.py:538} INFO - Filling up the DagBag from /home/airflow/.local/lib/python3.8/site-packages/airflow/example_dags/example_branch_datetime_operator.py
[2026-03-01T08:29:37.060+0000] {processor.py:840} INFO - DAG(s) 'example_branch_datetime_operator_2', 'example_branch_datetime_operator_3', 'example_branch_datetime_operator' retrieved from /home/airflow/.local/lib/python3.8/site-packages/airflow/example_dags/example_branch_datetime_operator.py
[2026-03-01T08:29:37.078+0000] {logging_mixin.py:188} INFO - [2026-03-01T08:29:37.078+0000] {dag.py:3036} INFO - Sync 3 DAGs
[2026-03-01T08:29:37.093+0000] {logging_mixin.py:188} INFO - [2026-03-01T08:29:37.092+0000] {dag.py:3823} INFO - Setting next_dagrun for example_branch_datetime_operator to 2026-02-28 00:00:00+00:00, run_after=2026-03-01 00:00:00+00:00
[2026-03-01T08:29:37.096+0000] {logging_mixin.py:188} INFO - [2026-03-01T08:29:37.096+0000] {dag.py:3823} INFO - Setting next_dagrun for example_branch_datetime_operator_2 to 2026-02-28 00:00:00+00:00, run_after=2026-03-01 00:00:00+00:00
[2026-03-01T08:29:37.098+0000] {logging_mixin.py:188} INFO - [2026-03-01T08:29:37.098+0000] {dag.py:3823} INFO - Setting next_dagrun for example_branch_datetime_operator_3 to 2026-02-28 00:00:00+00:00, run_after=2026-03-01 00:00:00+00:00
[2026-03-01T08:29:37.111+0000] {processor.py:183} INFO - Processing /home/airflow/.local/lib/python3.8/site-packages/airflow/example_dags/example_branch_datetime_operator.py took 0.063 seconds
[2026-03-01T08:30:07.811+0000] {processor.py:161} INFO - Started process (PID=2681) to work on /home/airflow/.local/lib/python3.8/site-packages/airflow/example_dags/example_branch_datetime_operator.py
[2026-03-01T08:30:07.812+0000] {processor.py:830} INFO - Processing file /home/airflow/.local/lib/python3.8/site-packages/airflow/example_dags/example_branch_datetime_operator.py for tasks to queue
[2026-03-01T08:30:07.813+0000] {logging_mixin.py:188} INFO - [2026-03-01T08:30:07.813+0000] {dagbag.py:538} INFO - Filling up the DagBag from /home/airflow/.local/lib/python3.8/site-packages/airflow/example_dags/example_branch_datetime_operator.py
[2026-03-01T08:30:07.820+0000] {processor.py:840} INFO - DAG(s) 'example_branch_datetime_operator_3', 'example_branch_datetime_operator', 'example_branch_datetime_operator_2' retrieved from /home/airflow/.local/lib/python3.8/site-packages/airflow/example_dags/example_branch_datetime_operator.py
[2026-03-01T08:30:07.839+0000] {logging_mixin.py:188} INFO - [2026-03-01T08:30:07.839+0000] {dag.py:3036} INFO - Sync 3 DAGs
[2026-03-01T08:30:07.853+0000] {logging_mixin.py:188} INFO - [2026-03-01T08:30:07.853+0000] {dag.py:3823} INFO - Setting next_dagrun for example_branch_datetime_operator to 2026-02-28 00:00:00+00:00, run_after=2026-03-01 00:00:00+00:00
[2026-03-01T08:30:07.857+0000] {logging_mixin.py:188} INFO - [2026-03-01T08:30:07.856+0000] {dag.py:3823} INFO - Setting next_dagrun for example_branch_datetime_operator_2 to 2026-02-28 00:00:00+00:00, run_after=2026-03-01 00:00:00+00:00
[2026-03-01T08:30:07.858+0000] {logging_mixin.py:188} INFO - [2026-03-01T08:30:07.858+0000] {dag.py:3823} INFO - Setting next_dagrun for example_branch_datetime_operator_3 to 2026-02-28 00:00:00+00:00, run_after=2026-03-01 00:00:00+00:00
[2026-03-01T08:30:07.870+0000] {processor.py:183} INFO - Processing /home/airflow/.local/lib/python3.8/site-packages/airflow/example_dags/example_branch_datetime_operator.py took 0.062 seconds
