[2026-03-01T08:07:48.361+0000] {processor.py:161} INFO - Started process (PID=80) to work on /home/airflow/.local/lib/python3.8/site-packages/airflow/example_dags/example_nested_branch_dag.py
[2026-03-01T08:07:48.363+0000] {processor.py:830} INFO - Processing file /home/airflow/.local/lib/python3.8/site-packages/airflow/example_dags/example_nested_branch_dag.py for tasks to queue
[2026-03-01T08:07:48.365+0000] {logging_mixin.py:188} INFO - [2026-03-01T08:07:48.364+0000] {dagbag.py:538} INFO - Filling up the DagBag from /home/airflow/.local/lib/python3.8/site-packages/airflow/example_dags/example_nested_branch_dag.py
[2026-03-01T08:07:48.375+0000] {processor.py:840} INFO - DAG(s) 'example_nested_branch_dag' retrieved from /home/airflow/.local/lib/python3.8/site-packages/airflow/example_dags/example_nested_branch_dag.py
[2026-03-01T08:07:48.475+0000] {logging_mixin.py:188} INFO - [2026-03-01T08:07:48.474+0000] {override.py:1769} INFO - Created Permission View: can edit on DAG:example_nested_branch_dag
[2026-03-01T08:07:48.486+0000] {logging_mixin.py:188} INFO - [2026-03-01T08:07:48.486+0000] {override.py:1769} INFO - Created Permission View: can delete on DAG:example_nested_branch_dag
[2026-03-01T08:07:48.494+0000] {logging_mixin.py:188} INFO - [2026-03-01T08:07:48.493+0000] {override.py:1769} INFO - Created Permission View: can read on DAG:example_nested_branch_dag
[2026-03-01T08:07:48.494+0000] {logging_mixin.py:188} INFO - [2026-03-01T08:07:48.494+0000] {dag.py:3036} INFO - Sync 1 DAGs
[2026-03-01T08:07:48.505+0000] {logging_mixin.py:188} INFO - [2026-03-01T08:07:48.505+0000] {dag.py:3058} INFO - Creating ORM DAG for example_nested_branch_dag
[2026-03-01T08:07:48.516+0000] {logging_mixin.py:188} INFO - [2026-03-01T08:07:48.516+0000] {dag.py:3823} INFO - Setting next_dagrun for example_nested_branch_dag to 2026-02-28 00:00:00+00:00, run_after=2026-03-01 00:00:00+00:00
[2026-03-01T08:07:48.533+0000] {processor.py:183} INFO - Processing /home/airflow/.local/lib/python3.8/site-packages/airflow/example_dags/example_nested_branch_dag.py took 0.175 seconds
[2026-03-01T08:08:19.473+0000] {processor.py:161} INFO - Started process (PID=142) to work on /home/airflow/.local/lib/python3.8/site-packages/airflow/example_dags/example_nested_branch_dag.py
[2026-03-01T08:08:19.474+0000] {processor.py:830} INFO - Processing file /home/airflow/.local/lib/python3.8/site-packages/airflow/example_dags/example_nested_branch_dag.py for tasks to queue
[2026-03-01T08:08:19.476+0000] {logging_mixin.py:188} INFO - [2026-03-01T08:08:19.476+0000] {dagbag.py:538} INFO - Filling up the DagBag from /home/airflow/.local/lib/python3.8/site-packages/airflow/example_dags/example_nested_branch_dag.py
[2026-03-01T08:08:19.484+0000] {processor.py:840} INFO - DAG(s) 'example_nested_branch_dag' retrieved from /home/airflow/.local/lib/python3.8/site-packages/airflow/example_dags/example_nested_branch_dag.py
[2026-03-01T08:08:19.500+0000] {logging_mixin.py:188} INFO - [2026-03-01T08:08:19.499+0000] {dag.py:3036} INFO - Sync 1 DAGs
[2026-03-01T08:08:19.514+0000] {logging_mixin.py:188} INFO - [2026-03-01T08:08:19.514+0000] {dag.py:3823} INFO - Setting next_dagrun for example_nested_branch_dag to 2026-02-28 00:00:00+00:00, run_after=2026-03-01 00:00:00+00:00
[2026-03-01T08:08:19.531+0000] {processor.py:183} INFO - Processing /home/airflow/.local/lib/python3.8/site-packages/airflow/example_dags/example_nested_branch_dag.py took 0.061 seconds
[2026-03-01T08:08:50.033+0000] {processor.py:161} INFO - Started process (PID=197) to work on /home/airflow/.local/lib/python3.8/site-packages/airflow/example_dags/example_nested_branch_dag.py
[2026-03-01T08:08:50.035+0000] {processor.py:830} INFO - Processing file /home/airflow/.local/lib/python3.8/site-packages/airflow/example_dags/example_nested_branch_dag.py for tasks to queue
[2026-03-01T08:08:50.037+0000] {logging_mixin.py:188} INFO - [2026-03-01T08:08:50.037+0000] {dagbag.py:538} INFO - Filling up the DagBag from /home/airflow/.local/lib/python3.8/site-packages/airflow/example_dags/example_nested_branch_dag.py
[2026-03-01T08:08:50.053+0000] {processor.py:840} INFO - DAG(s) 'example_nested_branch_dag' retrieved from /home/airflow/.local/lib/python3.8/site-packages/airflow/example_dags/example_nested_branch_dag.py
[2026-03-01T08:08:50.071+0000] {logging_mixin.py:188} INFO - [2026-03-01T08:08:50.071+0000] {dag.py:3036} INFO - Sync 1 DAGs
[2026-03-01T08:08:50.089+0000] {logging_mixin.py:188} INFO - [2026-03-01T08:08:50.088+0000] {dag.py:3823} INFO - Setting next_dagrun for example_nested_branch_dag to 2026-02-28 00:00:00+00:00, run_after=2026-03-01 00:00:00+00:00
[2026-03-01T08:08:50.105+0000] {processor.py:183} INFO - Processing /home/airflow/.local/lib/python3.8/site-packages/airflow/example_dags/example_nested_branch_dag.py took 0.075 seconds
[2026-03-01T08:09:20.375+0000] {processor.py:161} INFO - Started process (PID=252) to work on /home/airflow/.local/lib/python3.8/site-packages/airflow/example_dags/example_nested_branch_dag.py
[2026-03-01T08:09:20.377+0000] {processor.py:830} INFO - Processing file /home/airflow/.local/lib/python3.8/site-packages/airflow/example_dags/example_nested_branch_dag.py for tasks to queue
[2026-03-01T08:09:20.378+0000] {logging_mixin.py:188} INFO - [2026-03-01T08:09:20.378+0000] {dagbag.py:538} INFO - Filling up the DagBag from /home/airflow/.local/lib/python3.8/site-packages/airflow/example_dags/example_nested_branch_dag.py
[2026-03-01T08:09:20.385+0000] {processor.py:840} INFO - DAG(s) 'example_nested_branch_dag' retrieved from /home/airflow/.local/lib/python3.8/site-packages/airflow/example_dags/example_nested_branch_dag.py
[2026-03-01T08:09:20.399+0000] {logging_mixin.py:188} INFO - [2026-03-01T08:09:20.399+0000] {dag.py:3036} INFO - Sync 1 DAGs
[2026-03-01T08:09:20.414+0000] {logging_mixin.py:188} INFO - [2026-03-01T08:09:20.414+0000] {dag.py:3823} INFO - Setting next_dagrun for example_nested_branch_dag to 2026-02-28 00:00:00+00:00, run_after=2026-03-01 00:00:00+00:00
[2026-03-01T08:09:20.427+0000] {processor.py:183} INFO - Processing /home/airflow/.local/lib/python3.8/site-packages/airflow/example_dags/example_nested_branch_dag.py took 0.054 seconds
[2026-03-01T08:09:50.826+0000] {processor.py:161} INFO - Started process (PID=307) to work on /home/airflow/.local/lib/python3.8/site-packages/airflow/example_dags/example_nested_branch_dag.py
[2026-03-01T08:09:50.828+0000] {processor.py:830} INFO - Processing file /home/airflow/.local/lib/python3.8/site-packages/airflow/example_dags/example_nested_branch_dag.py for tasks to queue
[2026-03-01T08:09:50.830+0000] {logging_mixin.py:188} INFO - [2026-03-01T08:09:50.829+0000] {dagbag.py:538} INFO - Filling up the DagBag from /home/airflow/.local/lib/python3.8/site-packages/airflow/example_dags/example_nested_branch_dag.py
[2026-03-01T08:09:50.836+0000] {processor.py:840} INFO - DAG(s) 'example_nested_branch_dag' retrieved from /home/airflow/.local/lib/python3.8/site-packages/airflow/example_dags/example_nested_branch_dag.py
[2026-03-01T08:09:50.850+0000] {logging_mixin.py:188} INFO - [2026-03-01T08:09:50.849+0000] {dag.py:3036} INFO - Sync 1 DAGs
[2026-03-01T08:09:50.864+0000] {logging_mixin.py:188} INFO - [2026-03-01T08:09:50.864+0000] {dag.py:3823} INFO - Setting next_dagrun for example_nested_branch_dag to 2026-02-28 00:00:00+00:00, run_after=2026-03-01 00:00:00+00:00
[2026-03-01T08:09:50.877+0000] {processor.py:183} INFO - Processing /home/airflow/.local/lib/python3.8/site-packages/airflow/example_dags/example_nested_branch_dag.py took 0.053 seconds
[2026-03-01T08:10:21.285+0000] {processor.py:161} INFO - Started process (PID=362) to work on /home/airflow/.local/lib/python3.8/site-packages/airflow/example_dags/example_nested_branch_dag.py
[2026-03-01T08:10:21.286+0000] {processor.py:830} INFO - Processing file /home/airflow/.local/lib/python3.8/site-packages/airflow/example_dags/example_nested_branch_dag.py for tasks to queue
[2026-03-01T08:10:21.289+0000] {logging_mixin.py:188} INFO - [2026-03-01T08:10:21.288+0000] {dagbag.py:538} INFO - Filling up the DagBag from /home/airflow/.local/lib/python3.8/site-packages/airflow/example_dags/example_nested_branch_dag.py
[2026-03-01T08:10:21.297+0000] {processor.py:840} INFO - DAG(s) 'example_nested_branch_dag' retrieved from /home/airflow/.local/lib/python3.8/site-packages/airflow/example_dags/example_nested_branch_dag.py
[2026-03-01T08:10:21.311+0000] {logging_mixin.py:188} INFO - [2026-03-01T08:10:21.311+0000] {dag.py:3036} INFO - Sync 1 DAGs
[2026-03-01T08:10:21.325+0000] {logging_mixin.py:188} INFO - [2026-03-01T08:10:21.325+0000] {dag.py:3823} INFO - Setting next_dagrun for example_nested_branch_dag to 2026-02-28 00:00:00+00:00, run_after=2026-03-01 00:00:00+00:00
[2026-03-01T08:10:21.342+0000] {processor.py:183} INFO - Processing /home/airflow/.local/lib/python3.8/site-packages/airflow/example_dags/example_nested_branch_dag.py took 0.060 seconds
[2026-03-01T08:10:51.883+0000] {processor.py:161} INFO - Started process (PID=417) to work on /home/airflow/.local/lib/python3.8/site-packages/airflow/example_dags/example_nested_branch_dag.py
[2026-03-01T08:10:51.885+0000] {processor.py:830} INFO - Processing file /home/airflow/.local/lib/python3.8/site-packages/airflow/example_dags/example_nested_branch_dag.py for tasks to queue
[2026-03-01T08:10:51.887+0000] {logging_mixin.py:188} INFO - [2026-03-01T08:10:51.886+0000] {dagbag.py:538} INFO - Filling up the DagBag from /home/airflow/.local/lib/python3.8/site-packages/airflow/example_dags/example_nested_branch_dag.py
[2026-03-01T08:10:51.894+0000] {processor.py:840} INFO - DAG(s) 'example_nested_branch_dag' retrieved from /home/airflow/.local/lib/python3.8/site-packages/airflow/example_dags/example_nested_branch_dag.py
[2026-03-01T08:10:51.908+0000] {logging_mixin.py:188} INFO - [2026-03-01T08:10:51.908+0000] {dag.py:3036} INFO - Sync 1 DAGs
[2026-03-01T08:10:51.922+0000] {logging_mixin.py:188} INFO - [2026-03-01T08:10:51.922+0000] {dag.py:3823} INFO - Setting next_dagrun for example_nested_branch_dag to 2026-02-28 00:00:00+00:00, run_after=2026-03-01 00:00:00+00:00
[2026-03-01T08:10:51.945+0000] {processor.py:183} INFO - Processing /home/airflow/.local/lib/python3.8/site-packages/airflow/example_dags/example_nested_branch_dag.py took 0.064 seconds
[2026-03-01T08:11:22.373+0000] {processor.py:161} INFO - Started process (PID=478) to work on /home/airflow/.local/lib/python3.8/site-packages/airflow/example_dags/example_nested_branch_dag.py
[2026-03-01T08:11:22.374+0000] {processor.py:830} INFO - Processing file /home/airflow/.local/lib/python3.8/site-packages/airflow/example_dags/example_nested_branch_dag.py for tasks to queue
[2026-03-01T08:11:22.376+0000] {logging_mixin.py:188} INFO - [2026-03-01T08:11:22.376+0000] {dagbag.py:538} INFO - Filling up the DagBag from /home/airflow/.local/lib/python3.8/site-packages/airflow/example_dags/example_nested_branch_dag.py
[2026-03-01T08:11:22.382+0000] {processor.py:840} INFO - DAG(s) 'example_nested_branch_dag' retrieved from /home/airflow/.local/lib/python3.8/site-packages/airflow/example_dags/example_nested_branch_dag.py
[2026-03-01T08:11:22.396+0000] {logging_mixin.py:188} INFO - [2026-03-01T08:11:22.396+0000] {dag.py:3036} INFO - Sync 1 DAGs
[2026-03-01T08:11:22.408+0000] {logging_mixin.py:188} INFO - [2026-03-01T08:11:22.408+0000] {dag.py:3823} INFO - Setting next_dagrun for example_nested_branch_dag to 2026-02-28 00:00:00+00:00, run_after=2026-03-01 00:00:00+00:00
[2026-03-01T08:11:22.423+0000] {processor.py:183} INFO - Processing /home/airflow/.local/lib/python3.8/site-packages/airflow/example_dags/example_nested_branch_dag.py took 0.055 seconds
[2026-03-01T08:11:52.559+0000] {processor.py:161} INFO - Started process (PID=533) to work on /home/airflow/.local/lib/python3.8/site-packages/airflow/example_dags/example_nested_branch_dag.py
[2026-03-01T08:11:52.560+0000] {processor.py:830} INFO - Processing file /home/airflow/.local/lib/python3.8/site-packages/airflow/example_dags/example_nested_branch_dag.py for tasks to queue
[2026-03-01T08:11:52.561+0000] {logging_mixin.py:188} INFO - [2026-03-01T08:11:52.561+0000] {dagbag.py:538} INFO - Filling up the DagBag from /home/airflow/.local/lib/python3.8/site-packages/airflow/example_dags/example_nested_branch_dag.py
[2026-03-01T08:11:52.569+0000] {processor.py:840} INFO - DAG(s) 'example_nested_branch_dag' retrieved from /home/airflow/.local/lib/python3.8/site-packages/airflow/example_dags/example_nested_branch_dag.py
[2026-03-01T08:11:52.583+0000] {logging_mixin.py:188} INFO - [2026-03-01T08:11:52.582+0000] {dag.py:3036} INFO - Sync 1 DAGs
[2026-03-01T08:11:52.596+0000] {logging_mixin.py:188} INFO - [2026-03-01T08:11:52.596+0000] {dag.py:3823} INFO - Setting next_dagrun for example_nested_branch_dag to 2026-02-28 00:00:00+00:00, run_after=2026-03-01 00:00:00+00:00
[2026-03-01T08:11:52.613+0000] {processor.py:183} INFO - Processing /home/airflow/.local/lib/python3.8/site-packages/airflow/example_dags/example_nested_branch_dag.py took 0.056 seconds
[2026-03-01T08:12:23.554+0000] {processor.py:161} INFO - Started process (PID=617) to work on /home/airflow/.local/lib/python3.8/site-packages/airflow/example_dags/example_nested_branch_dag.py
[2026-03-01T08:12:23.555+0000] {processor.py:830} INFO - Processing file /home/airflow/.local/lib/python3.8/site-packages/airflow/example_dags/example_nested_branch_dag.py for tasks to queue
[2026-03-01T08:12:23.557+0000] {logging_mixin.py:188} INFO - [2026-03-01T08:12:23.556+0000] {dagbag.py:538} INFO - Filling up the DagBag from /home/airflow/.local/lib/python3.8/site-packages/airflow/example_dags/example_nested_branch_dag.py
[2026-03-01T08:12:23.564+0000] {processor.py:840} INFO - DAG(s) 'example_nested_branch_dag' retrieved from /home/airflow/.local/lib/python3.8/site-packages/airflow/example_dags/example_nested_branch_dag.py
[2026-03-01T08:12:23.579+0000] {logging_mixin.py:188} INFO - [2026-03-01T08:12:23.579+0000] {dag.py:3036} INFO - Sync 1 DAGs
[2026-03-01T08:12:23.593+0000] {logging_mixin.py:188} INFO - [2026-03-01T08:12:23.593+0000] {dag.py:3823} INFO - Setting next_dagrun for example_nested_branch_dag to 2026-02-28 00:00:00+00:00, run_after=2026-03-01 00:00:00+00:00
[2026-03-01T08:12:23.606+0000] {processor.py:183} INFO - Processing /home/airflow/.local/lib/python3.8/site-packages/airflow/example_dags/example_nested_branch_dag.py took 0.054 seconds
[2026-03-01T08:12:53.881+0000] {processor.py:161} INFO - Started process (PID=671) to work on /home/airflow/.local/lib/python3.8/site-packages/airflow/example_dags/example_nested_branch_dag.py
[2026-03-01T08:12:53.883+0000] {processor.py:830} INFO - Processing file /home/airflow/.local/lib/python3.8/site-packages/airflow/example_dags/example_nested_branch_dag.py for tasks to queue
[2026-03-01T08:12:53.884+0000] {logging_mixin.py:188} INFO - [2026-03-01T08:12:53.884+0000] {dagbag.py:538} INFO - Filling up the DagBag from /home/airflow/.local/lib/python3.8/site-packages/airflow/example_dags/example_nested_branch_dag.py
[2026-03-01T08:12:53.891+0000] {processor.py:840} INFO - DAG(s) 'example_nested_branch_dag' retrieved from /home/airflow/.local/lib/python3.8/site-packages/airflow/example_dags/example_nested_branch_dag.py
[2026-03-01T08:12:53.906+0000] {logging_mixin.py:188} INFO - [2026-03-01T08:12:53.906+0000] {dag.py:3036} INFO - Sync 1 DAGs
[2026-03-01T08:12:53.921+0000] {logging_mixin.py:188} INFO - [2026-03-01T08:12:53.921+0000] {dag.py:3823} INFO - Setting next_dagrun for example_nested_branch_dag to 2026-02-28 00:00:00+00:00, run_after=2026-03-01 00:00:00+00:00
[2026-03-01T08:12:53.936+0000] {processor.py:183} INFO - Processing /home/airflow/.local/lib/python3.8/site-packages/airflow/example_dags/example_nested_branch_dag.py took 0.057 seconds
[2026-03-01T08:13:24.055+0000] {processor.py:161} INFO - Started process (PID=726) to work on /home/airflow/.local/lib/python3.8/site-packages/airflow/example_dags/example_nested_branch_dag.py
[2026-03-01T08:13:24.056+0000] {processor.py:830} INFO - Processing file /home/airflow/.local/lib/python3.8/site-packages/airflow/example_dags/example_nested_branch_dag.py for tasks to queue
[2026-03-01T08:13:24.057+0000] {logging_mixin.py:188} INFO - [2026-03-01T08:13:24.057+0000] {dagbag.py:538} INFO - Filling up the DagBag from /home/airflow/.local/lib/python3.8/site-packages/airflow/example_dags/example_nested_branch_dag.py
[2026-03-01T08:13:24.064+0000] {processor.py:840} INFO - DAG(s) 'example_nested_branch_dag' retrieved from /home/airflow/.local/lib/python3.8/site-packages/airflow/example_dags/example_nested_branch_dag.py
[2026-03-01T08:13:24.078+0000] {logging_mixin.py:188} INFO - [2026-03-01T08:13:24.078+0000] {dag.py:3036} INFO - Sync 1 DAGs
[2026-03-01T08:13:24.093+0000] {logging_mixin.py:188} INFO - [2026-03-01T08:13:24.093+0000] {dag.py:3823} INFO - Setting next_dagrun for example_nested_branch_dag to 2026-02-28 00:00:00+00:00, run_after=2026-03-01 00:00:00+00:00
[2026-03-01T08:13:24.109+0000] {processor.py:183} INFO - Processing /home/airflow/.local/lib/python3.8/site-packages/airflow/example_dags/example_nested_branch_dag.py took 0.056 seconds
[2026-03-01T08:13:54.442+0000] {processor.py:161} INFO - Started process (PID=804) to work on /home/airflow/.local/lib/python3.8/site-packages/airflow/example_dags/example_nested_branch_dag.py
[2026-03-01T08:13:54.443+0000] {processor.py:830} INFO - Processing file /home/airflow/.local/lib/python3.8/site-packages/airflow/example_dags/example_nested_branch_dag.py for tasks to queue
[2026-03-01T08:13:54.445+0000] {logging_mixin.py:188} INFO - [2026-03-01T08:13:54.445+0000] {dagbag.py:538} INFO - Filling up the DagBag from /home/airflow/.local/lib/python3.8/site-packages/airflow/example_dags/example_nested_branch_dag.py
[2026-03-01T08:13:54.451+0000] {processor.py:840} INFO - DAG(s) 'example_nested_branch_dag' retrieved from /home/airflow/.local/lib/python3.8/site-packages/airflow/example_dags/example_nested_branch_dag.py
[2026-03-01T08:13:54.465+0000] {logging_mixin.py:188} INFO - [2026-03-01T08:13:54.465+0000] {dag.py:3036} INFO - Sync 1 DAGs
[2026-03-01T08:13:54.479+0000] {logging_mixin.py:188} INFO - [2026-03-01T08:13:54.479+0000] {dag.py:3823} INFO - Setting next_dagrun for example_nested_branch_dag to 2026-02-28 00:00:00+00:00, run_after=2026-03-01 00:00:00+00:00
[2026-03-01T08:13:54.493+0000] {processor.py:183} INFO - Processing /home/airflow/.local/lib/python3.8/site-packages/airflow/example_dags/example_nested_branch_dag.py took 0.052 seconds
[2026-03-01T08:14:24.690+0000] {processor.py:161} INFO - Started process (PID=881) to work on /home/airflow/.local/lib/python3.8/site-packages/airflow/example_dags/example_nested_branch_dag.py
[2026-03-01T08:14:24.691+0000] {processor.py:830} INFO - Processing file /home/airflow/.local/lib/python3.8/site-packages/airflow/example_dags/example_nested_branch_dag.py for tasks to queue
[2026-03-01T08:14:24.692+0000] {logging_mixin.py:188} INFO - [2026-03-01T08:14:24.692+0000] {dagbag.py:538} INFO - Filling up the DagBag from /home/airflow/.local/lib/python3.8/site-packages/airflow/example_dags/example_nested_branch_dag.py
[2026-03-01T08:14:24.699+0000] {processor.py:840} INFO - DAG(s) 'example_nested_branch_dag' retrieved from /home/airflow/.local/lib/python3.8/site-packages/airflow/example_dags/example_nested_branch_dag.py
[2026-03-01T08:14:24.708+0000] {logging_mixin.py:188} INFO - [2026-03-01T08:14:24.707+0000] {dag.py:3036} INFO - Sync 1 DAGs
[2026-03-01T08:14:24.724+0000] {logging_mixin.py:188} INFO - [2026-03-01T08:14:24.723+0000] {dag.py:3823} INFO - Setting next_dagrun for example_nested_branch_dag to 2026-02-28 00:00:00+00:00, run_after=2026-03-01 00:00:00+00:00
[2026-03-01T08:14:24.743+0000] {processor.py:183} INFO - Processing /home/airflow/.local/lib/python3.8/site-packages/airflow/example_dags/example_nested_branch_dag.py took 0.056 seconds
[2026-03-01T08:14:55.369+0000] {processor.py:161} INFO - Started process (PID=936) to work on /home/airflow/.local/lib/python3.8/site-packages/airflow/example_dags/example_nested_branch_dag.py
[2026-03-01T08:14:55.370+0000] {processor.py:830} INFO - Processing file /home/airflow/.local/lib/python3.8/site-packages/airflow/example_dags/example_nested_branch_dag.py for tasks to queue
[2026-03-01T08:14:55.371+0000] {logging_mixin.py:188} INFO - [2026-03-01T08:14:55.371+0000] {dagbag.py:538} INFO - Filling up the DagBag from /home/airflow/.local/lib/python3.8/site-packages/airflow/example_dags/example_nested_branch_dag.py
[2026-03-01T08:14:55.379+0000] {processor.py:840} INFO - DAG(s) 'example_nested_branch_dag' retrieved from /home/airflow/.local/lib/python3.8/site-packages/airflow/example_dags/example_nested_branch_dag.py
[2026-03-01T08:14:55.434+0000] {logging_mixin.py:188} INFO - [2026-03-01T08:14:55.434+0000] {dag.py:3036} INFO - Sync 1 DAGs
[2026-03-01T08:14:55.446+0000] {logging_mixin.py:188} INFO - [2026-03-01T08:14:55.446+0000] {dag.py:3823} INFO - Setting next_dagrun for example_nested_branch_dag to 2026-02-28 00:00:00+00:00, run_after=2026-03-01 00:00:00+00:00
[2026-03-01T08:14:55.461+0000] {processor.py:183} INFO - Processing /home/airflow/.local/lib/python3.8/site-packages/airflow/example_dags/example_nested_branch_dag.py took 0.095 seconds
[2026-03-01T08:15:25.921+0000] {processor.py:161} INFO - Started process (PID=991) to work on /home/airflow/.local/lib/python3.8/site-packages/airflow/example_dags/example_nested_branch_dag.py
[2026-03-01T08:15:25.922+0000] {processor.py:830} INFO - Processing file /home/airflow/.local/lib/python3.8/site-packages/airflow/example_dags/example_nested_branch_dag.py for tasks to queue
[2026-03-01T08:15:25.924+0000] {logging_mixin.py:188} INFO - [2026-03-01T08:15:25.923+0000] {dagbag.py:538} INFO - Filling up the DagBag from /home/airflow/.local/lib/python3.8/site-packages/airflow/example_dags/example_nested_branch_dag.py
[2026-03-01T08:15:25.931+0000] {processor.py:840} INFO - DAG(s) 'example_nested_branch_dag' retrieved from /home/airflow/.local/lib/python3.8/site-packages/airflow/example_dags/example_nested_branch_dag.py
[2026-03-01T08:15:25.945+0000] {logging_mixin.py:188} INFO - [2026-03-01T08:15:25.945+0000] {dag.py:3036} INFO - Sync 1 DAGs
[2026-03-01T08:15:25.959+0000] {logging_mixin.py:188} INFO - [2026-03-01T08:15:25.959+0000] {dag.py:3823} INFO - Setting next_dagrun for example_nested_branch_dag to 2026-02-28 00:00:00+00:00, run_after=2026-03-01 00:00:00+00:00
[2026-03-01T08:15:25.971+0000] {processor.py:183} INFO - Processing /home/airflow/.local/lib/python3.8/site-packages/airflow/example_dags/example_nested_branch_dag.py took 0.052 seconds
[2026-03-01T08:15:56.197+0000] {processor.py:161} INFO - Started process (PID=1053) to work on /home/airflow/.local/lib/python3.8/site-packages/airflow/example_dags/example_nested_branch_dag.py
[2026-03-01T08:15:56.198+0000] {processor.py:830} INFO - Processing file /home/airflow/.local/lib/python3.8/site-packages/airflow/example_dags/example_nested_branch_dag.py for tasks to queue
[2026-03-01T08:15:56.200+0000] {logging_mixin.py:188} INFO - [2026-03-01T08:15:56.199+0000] {dagbag.py:538} INFO - Filling up the DagBag from /home/airflow/.local/lib/python3.8/site-packages/airflow/example_dags/example_nested_branch_dag.py
[2026-03-01T08:15:56.208+0000] {processor.py:840} INFO - DAG(s) 'example_nested_branch_dag' retrieved from /home/airflow/.local/lib/python3.8/site-packages/airflow/example_dags/example_nested_branch_dag.py
[2026-03-01T08:15:56.224+0000] {logging_mixin.py:188} INFO - [2026-03-01T08:15:56.224+0000] {dag.py:3036} INFO - Sync 1 DAGs
[2026-03-01T08:15:56.239+0000] {logging_mixin.py:188} INFO - [2026-03-01T08:15:56.239+0000] {dag.py:3823} INFO - Setting next_dagrun for example_nested_branch_dag to 2026-02-28 00:00:00+00:00, run_after=2026-03-01 00:00:00+00:00
[2026-03-01T08:15:56.253+0000] {processor.py:183} INFO - Processing /home/airflow/.local/lib/python3.8/site-packages/airflow/example_dags/example_nested_branch_dag.py took 0.059 seconds
[2026-03-01T08:16:26.580+0000] {processor.py:161} INFO - Started process (PID=1124) to work on /home/airflow/.local/lib/python3.8/site-packages/airflow/example_dags/example_nested_branch_dag.py
[2026-03-01T08:16:26.582+0000] {processor.py:830} INFO - Processing file /home/airflow/.local/lib/python3.8/site-packages/airflow/example_dags/example_nested_branch_dag.py for tasks to queue
[2026-03-01T08:16:26.583+0000] {logging_mixin.py:188} INFO - [2026-03-01T08:16:26.583+0000] {dagbag.py:538} INFO - Filling up the DagBag from /home/airflow/.local/lib/python3.8/site-packages/airflow/example_dags/example_nested_branch_dag.py
[2026-03-01T08:16:26.591+0000] {processor.py:840} INFO - DAG(s) 'example_nested_branch_dag' retrieved from /home/airflow/.local/lib/python3.8/site-packages/airflow/example_dags/example_nested_branch_dag.py
[2026-03-01T08:16:26.605+0000] {logging_mixin.py:188} INFO - [2026-03-01T08:16:26.604+0000] {dag.py:3036} INFO - Sync 1 DAGs
[2026-03-01T08:16:26.619+0000] {logging_mixin.py:188} INFO - [2026-03-01T08:16:26.619+0000] {dag.py:3823} INFO - Setting next_dagrun for example_nested_branch_dag to 2026-02-28 00:00:00+00:00, run_after=2026-03-01 00:00:00+00:00
[2026-03-01T08:16:26.636+0000] {processor.py:183} INFO - Processing /home/airflow/.local/lib/python3.8/site-packages/airflow/example_dags/example_nested_branch_dag.py took 0.059 seconds
[2026-03-01T08:16:56.847+0000] {processor.py:161} INFO - Started process (PID=1185) to work on /home/airflow/.local/lib/python3.8/site-packages/airflow/example_dags/example_nested_branch_dag.py
[2026-03-01T08:16:56.848+0000] {processor.py:830} INFO - Processing file /home/airflow/.local/lib/python3.8/site-packages/airflow/example_dags/example_nested_branch_dag.py for tasks to queue
[2026-03-01T08:16:56.850+0000] {logging_mixin.py:188} INFO - [2026-03-01T08:16:56.850+0000] {dagbag.py:538} INFO - Filling up the DagBag from /home/airflow/.local/lib/python3.8/site-packages/airflow/example_dags/example_nested_branch_dag.py
[2026-03-01T08:16:56.857+0000] {processor.py:840} INFO - DAG(s) 'example_nested_branch_dag' retrieved from /home/airflow/.local/lib/python3.8/site-packages/airflow/example_dags/example_nested_branch_dag.py
[2026-03-01T08:16:56.871+0000] {logging_mixin.py:188} INFO - [2026-03-01T08:16:56.871+0000] {dag.py:3036} INFO - Sync 1 DAGs
[2026-03-01T08:16:56.885+0000] {logging_mixin.py:188} INFO - [2026-03-01T08:16:56.885+0000] {dag.py:3823} INFO - Setting next_dagrun for example_nested_branch_dag to 2026-02-28 00:00:00+00:00, run_after=2026-03-01 00:00:00+00:00
[2026-03-01T08:16:56.903+0000] {processor.py:183} INFO - Processing /home/airflow/.local/lib/python3.8/site-packages/airflow/example_dags/example_nested_branch_dag.py took 0.059 seconds
[2026-03-01T08:17:27.090+0000] {processor.py:161} INFO - Started process (PID=1263) to work on /home/airflow/.local/lib/python3.8/site-packages/airflow/example_dags/example_nested_branch_dag.py
[2026-03-01T08:17:27.091+0000] {processor.py:830} INFO - Processing file /home/airflow/.local/lib/python3.8/site-packages/airflow/example_dags/example_nested_branch_dag.py for tasks to queue
[2026-03-01T08:17:27.093+0000] {logging_mixin.py:188} INFO - [2026-03-01T08:17:27.093+0000] {dagbag.py:538} INFO - Filling up the DagBag from /home/airflow/.local/lib/python3.8/site-packages/airflow/example_dags/example_nested_branch_dag.py
[2026-03-01T08:17:27.100+0000] {processor.py:840} INFO - DAG(s) 'example_nested_branch_dag' retrieved from /home/airflow/.local/lib/python3.8/site-packages/airflow/example_dags/example_nested_branch_dag.py
[2026-03-01T08:17:27.113+0000] {logging_mixin.py:188} INFO - [2026-03-01T08:17:27.113+0000] {dag.py:3036} INFO - Sync 1 DAGs
[2026-03-01T08:17:27.127+0000] {logging_mixin.py:188} INFO - [2026-03-01T08:17:27.127+0000] {dag.py:3823} INFO - Setting next_dagrun for example_nested_branch_dag to 2026-02-28 00:00:00+00:00, run_after=2026-03-01 00:00:00+00:00
[2026-03-01T08:17:27.144+0000] {processor.py:183} INFO - Processing /home/airflow/.local/lib/python3.8/site-packages/airflow/example_dags/example_nested_branch_dag.py took 0.056 seconds
[2026-03-01T08:17:57.429+0000] {processor.py:161} INFO - Started process (PID=1319) to work on /home/airflow/.local/lib/python3.8/site-packages/airflow/example_dags/example_nested_branch_dag.py
[2026-03-01T08:17:57.430+0000] {processor.py:830} INFO - Processing file /home/airflow/.local/lib/python3.8/site-packages/airflow/example_dags/example_nested_branch_dag.py for tasks to queue
[2026-03-01T08:17:57.432+0000] {logging_mixin.py:188} INFO - [2026-03-01T08:17:57.432+0000] {dagbag.py:538} INFO - Filling up the DagBag from /home/airflow/.local/lib/python3.8/site-packages/airflow/example_dags/example_nested_branch_dag.py
[2026-03-01T08:17:57.438+0000] {processor.py:840} INFO - DAG(s) 'example_nested_branch_dag' retrieved from /home/airflow/.local/lib/python3.8/site-packages/airflow/example_dags/example_nested_branch_dag.py
[2026-03-01T08:17:57.453+0000] {logging_mixin.py:188} INFO - [2026-03-01T08:17:57.453+0000] {dag.py:3036} INFO - Sync 1 DAGs
[2026-03-01T08:17:57.467+0000] {logging_mixin.py:188} INFO - [2026-03-01T08:17:57.467+0000] {dag.py:3823} INFO - Setting next_dagrun for example_nested_branch_dag to 2026-02-28 00:00:00+00:00, run_after=2026-03-01 00:00:00+00:00
[2026-03-01T08:17:57.479+0000] {processor.py:183} INFO - Processing /home/airflow/.local/lib/python3.8/site-packages/airflow/example_dags/example_nested_branch_dag.py took 0.052 seconds
[2026-03-01T08:18:27.962+0000] {processor.py:161} INFO - Started process (PID=1375) to work on /home/airflow/.local/lib/python3.8/site-packages/airflow/example_dags/example_nested_branch_dag.py
[2026-03-01T08:18:27.963+0000] {processor.py:830} INFO - Processing file /home/airflow/.local/lib/python3.8/site-packages/airflow/example_dags/example_nested_branch_dag.py for tasks to queue
[2026-03-01T08:18:27.965+0000] {logging_mixin.py:188} INFO - [2026-03-01T08:18:27.965+0000] {dagbag.py:538} INFO - Filling up the DagBag from /home/airflow/.local/lib/python3.8/site-packages/airflow/example_dags/example_nested_branch_dag.py
[2026-03-01T08:18:27.971+0000] {processor.py:840} INFO - DAG(s) 'example_nested_branch_dag' retrieved from /home/airflow/.local/lib/python3.8/site-packages/airflow/example_dags/example_nested_branch_dag.py
[2026-03-01T08:18:27.988+0000] {logging_mixin.py:188} INFO - [2026-03-01T08:18:27.987+0000] {dag.py:3036} INFO - Sync 1 DAGs
[2026-03-01T08:18:28.002+0000] {logging_mixin.py:188} INFO - [2026-03-01T08:18:28.002+0000] {dag.py:3823} INFO - Setting next_dagrun for example_nested_branch_dag to 2026-02-28 00:00:00+00:00, run_after=2026-03-01 00:00:00+00:00
[2026-03-01T08:18:28.020+0000] {processor.py:183} INFO - Processing /home/airflow/.local/lib/python3.8/site-packages/airflow/example_dags/example_nested_branch_dag.py took 0.060 seconds
[2026-03-01T08:18:58.298+0000] {processor.py:161} INFO - Started process (PID=1431) to work on /home/airflow/.local/lib/python3.8/site-packages/airflow/example_dags/example_nested_branch_dag.py
[2026-03-01T08:18:58.299+0000] {processor.py:830} INFO - Processing file /home/airflow/.local/lib/python3.8/site-packages/airflow/example_dags/example_nested_branch_dag.py for tasks to queue
[2026-03-01T08:18:58.301+0000] {logging_mixin.py:188} INFO - [2026-03-01T08:18:58.301+0000] {dagbag.py:538} INFO - Filling up the DagBag from /home/airflow/.local/lib/python3.8/site-packages/airflow/example_dags/example_nested_branch_dag.py
[2026-03-01T08:18:58.307+0000] {processor.py:840} INFO - DAG(s) 'example_nested_branch_dag' retrieved from /home/airflow/.local/lib/python3.8/site-packages/airflow/example_dags/example_nested_branch_dag.py
[2026-03-01T08:18:58.321+0000] {logging_mixin.py:188} INFO - [2026-03-01T08:18:58.321+0000] {dag.py:3036} INFO - Sync 1 DAGs
[2026-03-01T08:18:58.336+0000] {logging_mixin.py:188} INFO - [2026-03-01T08:18:58.336+0000] {dag.py:3823} INFO - Setting next_dagrun for example_nested_branch_dag to 2026-02-28 00:00:00+00:00, run_after=2026-03-01 00:00:00+00:00
[2026-03-01T08:18:58.352+0000] {processor.py:183} INFO - Processing /home/airflow/.local/lib/python3.8/site-packages/airflow/example_dags/example_nested_branch_dag.py took 0.056 seconds
[2026-03-01T08:19:28.515+0000] {processor.py:161} INFO - Started process (PID=1487) to work on /home/airflow/.local/lib/python3.8/site-packages/airflow/example_dags/example_nested_branch_dag.py
[2026-03-01T08:19:28.516+0000] {processor.py:830} INFO - Processing file /home/airflow/.local/lib/python3.8/site-packages/airflow/example_dags/example_nested_branch_dag.py for tasks to queue
[2026-03-01T08:19:28.518+0000] {logging_mixin.py:188} INFO - [2026-03-01T08:19:28.517+0000] {dagbag.py:538} INFO - Filling up the DagBag from /home/airflow/.local/lib/python3.8/site-packages/airflow/example_dags/example_nested_branch_dag.py
[2026-03-01T08:19:28.524+0000] {processor.py:840} INFO - DAG(s) 'example_nested_branch_dag' retrieved from /home/airflow/.local/lib/python3.8/site-packages/airflow/example_dags/example_nested_branch_dag.py
[2026-03-01T08:19:28.542+0000] {logging_mixin.py:188} INFO - [2026-03-01T08:19:28.542+0000] {dag.py:3036} INFO - Sync 1 DAGs
[2026-03-01T08:19:28.558+0000] {logging_mixin.py:188} INFO - [2026-03-01T08:19:28.558+0000] {dag.py:3823} INFO - Setting next_dagrun for example_nested_branch_dag to 2026-02-28 00:00:00+00:00, run_after=2026-03-01 00:00:00+00:00
[2026-03-01T08:19:28.573+0000] {processor.py:183} INFO - Processing /home/airflow/.local/lib/python3.8/site-packages/airflow/example_dags/example_nested_branch_dag.py took 0.060 seconds
[2026-03-01T08:19:58.691+0000] {processor.py:161} INFO - Started process (PID=1543) to work on /home/airflow/.local/lib/python3.8/site-packages/airflow/example_dags/example_nested_branch_dag.py
[2026-03-01T08:19:58.692+0000] {processor.py:830} INFO - Processing file /home/airflow/.local/lib/python3.8/site-packages/airflow/example_dags/example_nested_branch_dag.py for tasks to queue
[2026-03-01T08:19:58.694+0000] {logging_mixin.py:188} INFO - [2026-03-01T08:19:58.693+0000] {dagbag.py:538} INFO - Filling up the DagBag from /home/airflow/.local/lib/python3.8/site-packages/airflow/example_dags/example_nested_branch_dag.py
[2026-03-01T08:19:58.704+0000] {processor.py:840} INFO - DAG(s) 'example_nested_branch_dag' retrieved from /home/airflow/.local/lib/python3.8/site-packages/airflow/example_dags/example_nested_branch_dag.py
[2026-03-01T08:19:58.721+0000] {logging_mixin.py:188} INFO - [2026-03-01T08:19:58.721+0000] {dag.py:3036} INFO - Sync 1 DAGs
[2026-03-01T08:19:58.738+0000] {logging_mixin.py:188} INFO - [2026-03-01T08:19:58.737+0000] {dag.py:3823} INFO - Setting next_dagrun for example_nested_branch_dag to 2026-02-28 00:00:00+00:00, run_after=2026-03-01 00:00:00+00:00
[2026-03-01T08:19:58.759+0000] {processor.py:183} INFO - Processing /home/airflow/.local/lib/python3.8/site-packages/airflow/example_dags/example_nested_branch_dag.py took 0.071 seconds
[2026-03-01T08:20:29.037+0000] {processor.py:161} INFO - Started process (PID=1599) to work on /home/airflow/.local/lib/python3.8/site-packages/airflow/example_dags/example_nested_branch_dag.py
[2026-03-01T08:20:29.038+0000] {processor.py:830} INFO - Processing file /home/airflow/.local/lib/python3.8/site-packages/airflow/example_dags/example_nested_branch_dag.py for tasks to queue
[2026-03-01T08:20:29.039+0000] {logging_mixin.py:188} INFO - [2026-03-01T08:20:29.039+0000] {dagbag.py:538} INFO - Filling up the DagBag from /home/airflow/.local/lib/python3.8/site-packages/airflow/example_dags/example_nested_branch_dag.py
[2026-03-01T08:20:29.046+0000] {processor.py:840} INFO - DAG(s) 'example_nested_branch_dag' retrieved from /home/airflow/.local/lib/python3.8/site-packages/airflow/example_dags/example_nested_branch_dag.py
[2026-03-01T08:20:29.060+0000] {logging_mixin.py:188} INFO - [2026-03-01T08:20:29.060+0000] {dag.py:3036} INFO - Sync 1 DAGs
[2026-03-01T08:20:29.074+0000] {logging_mixin.py:188} INFO - [2026-03-01T08:20:29.073+0000] {dag.py:3823} INFO - Setting next_dagrun for example_nested_branch_dag to 2026-02-28 00:00:00+00:00, run_after=2026-03-01 00:00:00+00:00
[2026-03-01T08:20:29.086+0000] {processor.py:183} INFO - Processing /home/airflow/.local/lib/python3.8/site-packages/airflow/example_dags/example_nested_branch_dag.py took 0.052 seconds
[2026-03-01T08:21:00.048+0000] {processor.py:161} INFO - Started process (PID=1655) to work on /home/airflow/.local/lib/python3.8/site-packages/airflow/example_dags/example_nested_branch_dag.py
[2026-03-01T08:21:00.049+0000] {processor.py:830} INFO - Processing file /home/airflow/.local/lib/python3.8/site-packages/airflow/example_dags/example_nested_branch_dag.py for tasks to queue
[2026-03-01T08:21:00.050+0000] {logging_mixin.py:188} INFO - [2026-03-01T08:21:00.050+0000] {dagbag.py:538} INFO - Filling up the DagBag from /home/airflow/.local/lib/python3.8/site-packages/airflow/example_dags/example_nested_branch_dag.py
[2026-03-01T08:21:00.056+0000] {processor.py:840} INFO - DAG(s) 'example_nested_branch_dag' retrieved from /home/airflow/.local/lib/python3.8/site-packages/airflow/example_dags/example_nested_branch_dag.py
[2026-03-01T08:21:00.070+0000] {logging_mixin.py:188} INFO - [2026-03-01T08:21:00.069+0000] {dag.py:3036} INFO - Sync 1 DAGs
[2026-03-01T08:21:00.082+0000] {logging_mixin.py:188} INFO - [2026-03-01T08:21:00.082+0000] {dag.py:3823} INFO - Setting next_dagrun for example_nested_branch_dag to 2026-02-28 00:00:00+00:00, run_after=2026-03-01 00:00:00+00:00
[2026-03-01T08:21:00.094+0000] {processor.py:183} INFO - Processing /home/airflow/.local/lib/python3.8/site-packages/airflow/example_dags/example_nested_branch_dag.py took 0.048 seconds
[2026-03-01T08:21:30.312+0000] {processor.py:161} INFO - Started process (PID=1711) to work on /home/airflow/.local/lib/python3.8/site-packages/airflow/example_dags/example_nested_branch_dag.py
[2026-03-01T08:21:30.312+0000] {processor.py:830} INFO - Processing file /home/airflow/.local/lib/python3.8/site-packages/airflow/example_dags/example_nested_branch_dag.py for tasks to queue
[2026-03-01T08:21:30.314+0000] {logging_mixin.py:188} INFO - [2026-03-01T08:21:30.314+0000] {dagbag.py:538} INFO - Filling up the DagBag from /home/airflow/.local/lib/python3.8/site-packages/airflow/example_dags/example_nested_branch_dag.py
[2026-03-01T08:21:30.320+0000] {processor.py:840} INFO - DAG(s) 'example_nested_branch_dag' retrieved from /home/airflow/.local/lib/python3.8/site-packages/airflow/example_dags/example_nested_branch_dag.py
[2026-03-01T08:21:30.335+0000] {logging_mixin.py:188} INFO - [2026-03-01T08:21:30.335+0000] {dag.py:3036} INFO - Sync 1 DAGs
[2026-03-01T08:21:30.349+0000] {logging_mixin.py:188} INFO - [2026-03-01T08:21:30.349+0000] {dag.py:3823} INFO - Setting next_dagrun for example_nested_branch_dag to 2026-02-28 00:00:00+00:00, run_after=2026-03-01 00:00:00+00:00
[2026-03-01T08:21:30.363+0000] {processor.py:183} INFO - Processing /home/airflow/.local/lib/python3.8/site-packages/airflow/example_dags/example_nested_branch_dag.py took 0.053 seconds
[2026-03-01T08:22:00.736+0000] {processor.py:161} INFO - Started process (PID=1767) to work on /home/airflow/.local/lib/python3.8/site-packages/airflow/example_dags/example_nested_branch_dag.py
[2026-03-01T08:22:00.737+0000] {processor.py:830} INFO - Processing file /home/airflow/.local/lib/python3.8/site-packages/airflow/example_dags/example_nested_branch_dag.py for tasks to queue
[2026-03-01T08:22:00.739+0000] {logging_mixin.py:188} INFO - [2026-03-01T08:22:00.739+0000] {dagbag.py:538} INFO - Filling up the DagBag from /home/airflow/.local/lib/python3.8/site-packages/airflow/example_dags/example_nested_branch_dag.py
[2026-03-01T08:22:00.746+0000] {processor.py:840} INFO - DAG(s) 'example_nested_branch_dag' retrieved from /home/airflow/.local/lib/python3.8/site-packages/airflow/example_dags/example_nested_branch_dag.py
[2026-03-01T08:22:00.761+0000] {logging_mixin.py:188} INFO - [2026-03-01T08:22:00.761+0000] {dag.py:3036} INFO - Sync 1 DAGs
[2026-03-01T08:22:00.776+0000] {logging_mixin.py:188} INFO - [2026-03-01T08:22:00.776+0000] {dag.py:3823} INFO - Setting next_dagrun for example_nested_branch_dag to 2026-02-28 00:00:00+00:00, run_after=2026-03-01 00:00:00+00:00
[2026-03-01T08:22:00.789+0000] {processor.py:183} INFO - Processing /home/airflow/.local/lib/python3.8/site-packages/airflow/example_dags/example_nested_branch_dag.py took 0.055 seconds
[2026-03-01T08:22:31.051+0000] {processor.py:161} INFO - Started process (PID=1823) to work on /home/airflow/.local/lib/python3.8/site-packages/airflow/example_dags/example_nested_branch_dag.py
[2026-03-01T08:22:31.052+0000] {processor.py:830} INFO - Processing file /home/airflow/.local/lib/python3.8/site-packages/airflow/example_dags/example_nested_branch_dag.py for tasks to queue
[2026-03-01T08:22:31.054+0000] {logging_mixin.py:188} INFO - [2026-03-01T08:22:31.054+0000] {dagbag.py:538} INFO - Filling up the DagBag from /home/airflow/.local/lib/python3.8/site-packages/airflow/example_dags/example_nested_branch_dag.py
[2026-03-01T08:22:31.061+0000] {processor.py:840} INFO - DAG(s) 'example_nested_branch_dag' retrieved from /home/airflow/.local/lib/python3.8/site-packages/airflow/example_dags/example_nested_branch_dag.py
[2026-03-01T08:22:31.078+0000] {logging_mixin.py:188} INFO - [2026-03-01T08:22:31.077+0000] {dag.py:3036} INFO - Sync 1 DAGs
[2026-03-01T08:22:31.091+0000] {logging_mixin.py:188} INFO - [2026-03-01T08:22:31.091+0000] {dag.py:3823} INFO - Setting next_dagrun for example_nested_branch_dag to 2026-02-28 00:00:00+00:00, run_after=2026-03-01 00:00:00+00:00
[2026-03-01T08:22:31.107+0000] {processor.py:183} INFO - Processing /home/airflow/.local/lib/python3.8/site-packages/airflow/example_dags/example_nested_branch_dag.py took 0.059 seconds
[2026-03-01T08:23:01.506+0000] {processor.py:161} INFO - Started process (PID=1879) to work on /home/airflow/.local/lib/python3.8/site-packages/airflow/example_dags/example_nested_branch_dag.py
[2026-03-01T08:23:01.507+0000] {processor.py:830} INFO - Processing file /home/airflow/.local/lib/python3.8/site-packages/airflow/example_dags/example_nested_branch_dag.py for tasks to queue
[2026-03-01T08:23:01.509+0000] {logging_mixin.py:188} INFO - [2026-03-01T08:23:01.509+0000] {dagbag.py:538} INFO - Filling up the DagBag from /home/airflow/.local/lib/python3.8/site-packages/airflow/example_dags/example_nested_branch_dag.py
[2026-03-01T08:23:01.515+0000] {processor.py:840} INFO - DAG(s) 'example_nested_branch_dag' retrieved from /home/airflow/.local/lib/python3.8/site-packages/airflow/example_dags/example_nested_branch_dag.py
[2026-03-01T08:23:01.529+0000] {logging_mixin.py:188} INFO - [2026-03-01T08:23:01.529+0000] {dag.py:3036} INFO - Sync 1 DAGs
[2026-03-01T08:23:01.543+0000] {logging_mixin.py:188} INFO - [2026-03-01T08:23:01.543+0000] {dag.py:3823} INFO - Setting next_dagrun for example_nested_branch_dag to 2026-02-28 00:00:00+00:00, run_after=2026-03-01 00:00:00+00:00
[2026-03-01T08:23:01.558+0000] {processor.py:183} INFO - Processing /home/airflow/.local/lib/python3.8/site-packages/airflow/example_dags/example_nested_branch_dag.py took 0.054 seconds
[2026-03-01T08:23:31.744+0000] {processor.py:161} INFO - Started process (PID=1935) to work on /home/airflow/.local/lib/python3.8/site-packages/airflow/example_dags/example_nested_branch_dag.py
[2026-03-01T08:23:31.746+0000] {processor.py:830} INFO - Processing file /home/airflow/.local/lib/python3.8/site-packages/airflow/example_dags/example_nested_branch_dag.py for tasks to queue
[2026-03-01T08:23:31.747+0000] {logging_mixin.py:188} INFO - [2026-03-01T08:23:31.747+0000] {dagbag.py:538} INFO - Filling up the DagBag from /home/airflow/.local/lib/python3.8/site-packages/airflow/example_dags/example_nested_branch_dag.py
[2026-03-01T08:23:31.755+0000] {processor.py:840} INFO - DAG(s) 'example_nested_branch_dag' retrieved from /home/airflow/.local/lib/python3.8/site-packages/airflow/example_dags/example_nested_branch_dag.py
[2026-03-01T08:23:31.771+0000] {logging_mixin.py:188} INFO - [2026-03-01T08:23:31.770+0000] {dag.py:3036} INFO - Sync 1 DAGs
[2026-03-01T08:23:31.786+0000] {logging_mixin.py:188} INFO - [2026-03-01T08:23:31.786+0000] {dag.py:3823} INFO - Setting next_dagrun for example_nested_branch_dag to 2026-02-28 00:00:00+00:00, run_after=2026-03-01 00:00:00+00:00
[2026-03-01T08:23:31.802+0000] {processor.py:183} INFO - Processing /home/airflow/.local/lib/python3.8/site-packages/airflow/example_dags/example_nested_branch_dag.py took 0.060 seconds
[2026-03-01T08:24:02.014+0000] {processor.py:161} INFO - Started process (PID=1991) to work on /home/airflow/.local/lib/python3.8/site-packages/airflow/example_dags/example_nested_branch_dag.py
[2026-03-01T08:24:02.015+0000] {processor.py:830} INFO - Processing file /home/airflow/.local/lib/python3.8/site-packages/airflow/example_dags/example_nested_branch_dag.py for tasks to queue
[2026-03-01T08:24:02.017+0000] {logging_mixin.py:188} INFO - [2026-03-01T08:24:02.017+0000] {dagbag.py:538} INFO - Filling up the DagBag from /home/airflow/.local/lib/python3.8/site-packages/airflow/example_dags/example_nested_branch_dag.py
[2026-03-01T08:24:02.025+0000] {processor.py:840} INFO - DAG(s) 'example_nested_branch_dag' retrieved from /home/airflow/.local/lib/python3.8/site-packages/airflow/example_dags/example_nested_branch_dag.py
[2026-03-01T08:24:02.044+0000] {logging_mixin.py:188} INFO - [2026-03-01T08:24:02.044+0000] {dag.py:3036} INFO - Sync 1 DAGs
[2026-03-01T08:24:02.060+0000] {logging_mixin.py:188} INFO - [2026-03-01T08:24:02.060+0000] {dag.py:3823} INFO - Setting next_dagrun for example_nested_branch_dag to 2026-02-28 00:00:00+00:00, run_after=2026-03-01 00:00:00+00:00
[2026-03-01T08:24:02.076+0000] {processor.py:183} INFO - Processing /home/airflow/.local/lib/python3.8/site-packages/airflow/example_dags/example_nested_branch_dag.py took 0.065 seconds
[2026-03-01T08:24:32.283+0000] {processor.py:161} INFO - Started process (PID=2047) to work on /home/airflow/.local/lib/python3.8/site-packages/airflow/example_dags/example_nested_branch_dag.py
[2026-03-01T08:24:32.285+0000] {processor.py:830} INFO - Processing file /home/airflow/.local/lib/python3.8/site-packages/airflow/example_dags/example_nested_branch_dag.py for tasks to queue
[2026-03-01T08:24:32.286+0000] {logging_mixin.py:188} INFO - [2026-03-01T08:24:32.286+0000] {dagbag.py:538} INFO - Filling up the DagBag from /home/airflow/.local/lib/python3.8/site-packages/airflow/example_dags/example_nested_branch_dag.py
[2026-03-01T08:24:32.293+0000] {processor.py:840} INFO - DAG(s) 'example_nested_branch_dag' retrieved from /home/airflow/.local/lib/python3.8/site-packages/airflow/example_dags/example_nested_branch_dag.py
[2026-03-01T08:24:32.309+0000] {logging_mixin.py:188} INFO - [2026-03-01T08:24:32.309+0000] {dag.py:3036} INFO - Sync 1 DAGs
[2026-03-01T08:24:32.323+0000] {logging_mixin.py:188} INFO - [2026-03-01T08:24:32.323+0000] {dag.py:3823} INFO - Setting next_dagrun for example_nested_branch_dag to 2026-02-28 00:00:00+00:00, run_after=2026-03-01 00:00:00+00:00
[2026-03-01T08:24:32.339+0000] {processor.py:183} INFO - Processing /home/airflow/.local/lib/python3.8/site-packages/airflow/example_dags/example_nested_branch_dag.py took 0.058 seconds
[2026-03-01T08:25:02.499+0000] {processor.py:161} INFO - Started process (PID=2107) to work on /home/airflow/.local/lib/python3.8/site-packages/airflow/example_dags/example_nested_branch_dag.py
[2026-03-01T08:25:02.500+0000] {processor.py:830} INFO - Processing file /home/airflow/.local/lib/python3.8/site-packages/airflow/example_dags/example_nested_branch_dag.py for tasks to queue
[2026-03-01T08:25:02.502+0000] {logging_mixin.py:188} INFO - [2026-03-01T08:25:02.501+0000] {dagbag.py:538} INFO - Filling up the DagBag from /home/airflow/.local/lib/python3.8/site-packages/airflow/example_dags/example_nested_branch_dag.py
[2026-03-01T08:25:02.509+0000] {processor.py:840} INFO - DAG(s) 'example_nested_branch_dag' retrieved from /home/airflow/.local/lib/python3.8/site-packages/airflow/example_dags/example_nested_branch_dag.py
[2026-03-01T08:25:02.526+0000] {logging_mixin.py:188} INFO - [2026-03-01T08:25:02.526+0000] {dag.py:3036} INFO - Sync 1 DAGs
[2026-03-01T08:25:02.542+0000] {logging_mixin.py:188} INFO - [2026-03-01T08:25:02.542+0000] {dag.py:3823} INFO - Setting next_dagrun for example_nested_branch_dag to 2026-02-28 00:00:00+00:00, run_after=2026-03-01 00:00:00+00:00
[2026-03-01T08:25:02.562+0000] {processor.py:183} INFO - Processing /home/airflow/.local/lib/python3.8/site-packages/airflow/example_dags/example_nested_branch_dag.py took 0.066 seconds
[2026-03-01T08:25:32.871+0000] {processor.py:161} INFO - Started process (PID=2163) to work on /home/airflow/.local/lib/python3.8/site-packages/airflow/example_dags/example_nested_branch_dag.py
[2026-03-01T08:25:32.872+0000] {processor.py:830} INFO - Processing file /home/airflow/.local/lib/python3.8/site-packages/airflow/example_dags/example_nested_branch_dag.py for tasks to queue
[2026-03-01T08:25:32.874+0000] {logging_mixin.py:188} INFO - [2026-03-01T08:25:32.873+0000] {dagbag.py:538} INFO - Filling up the DagBag from /home/airflow/.local/lib/python3.8/site-packages/airflow/example_dags/example_nested_branch_dag.py
[2026-03-01T08:25:32.881+0000] {processor.py:840} INFO - DAG(s) 'example_nested_branch_dag' retrieved from /home/airflow/.local/lib/python3.8/site-packages/airflow/example_dags/example_nested_branch_dag.py
[2026-03-01T08:25:32.899+0000] {logging_mixin.py:188} INFO - [2026-03-01T08:25:32.899+0000] {dag.py:3036} INFO - Sync 1 DAGs
[2026-03-01T08:25:32.915+0000] {logging_mixin.py:188} INFO - [2026-03-01T08:25:32.915+0000] {dag.py:3823} INFO - Setting next_dagrun for example_nested_branch_dag to 2026-02-28 00:00:00+00:00, run_after=2026-03-01 00:00:00+00:00
[2026-03-01T08:25:32.930+0000] {processor.py:183} INFO - Processing /home/airflow/.local/lib/python3.8/site-packages/airflow/example_dags/example_nested_branch_dag.py took 0.062 seconds
[2026-03-01T08:26:03.005+0000] {processor.py:161} INFO - Started process (PID=2219) to work on /home/airflow/.local/lib/python3.8/site-packages/airflow/example_dags/example_nested_branch_dag.py
[2026-03-01T08:26:03.006+0000] {processor.py:830} INFO - Processing file /home/airflow/.local/lib/python3.8/site-packages/airflow/example_dags/example_nested_branch_dag.py for tasks to queue
[2026-03-01T08:26:03.007+0000] {logging_mixin.py:188} INFO - [2026-03-01T08:26:03.007+0000] {dagbag.py:538} INFO - Filling up the DagBag from /home/airflow/.local/lib/python3.8/site-packages/airflow/example_dags/example_nested_branch_dag.py
[2026-03-01T08:26:03.013+0000] {processor.py:840} INFO - DAG(s) 'example_nested_branch_dag' retrieved from /home/airflow/.local/lib/python3.8/site-packages/airflow/example_dags/example_nested_branch_dag.py
[2026-03-01T08:26:03.028+0000] {logging_mixin.py:188} INFO - [2026-03-01T08:26:03.028+0000] {dag.py:3036} INFO - Sync 1 DAGs
[2026-03-01T08:26:03.042+0000] {logging_mixin.py:188} INFO - [2026-03-01T08:26:03.042+0000] {dag.py:3823} INFO - Setting next_dagrun for example_nested_branch_dag to 2026-02-28 00:00:00+00:00, run_after=2026-03-01 00:00:00+00:00
[2026-03-01T08:26:03.061+0000] {processor.py:183} INFO - Processing /home/airflow/.local/lib/python3.8/site-packages/airflow/example_dags/example_nested_branch_dag.py took 0.058 seconds
[2026-03-01T08:26:33.420+0000] {processor.py:161} INFO - Started process (PID=2275) to work on /home/airflow/.local/lib/python3.8/site-packages/airflow/example_dags/example_nested_branch_dag.py
[2026-03-01T08:26:33.421+0000] {processor.py:830} INFO - Processing file /home/airflow/.local/lib/python3.8/site-packages/airflow/example_dags/example_nested_branch_dag.py for tasks to queue
[2026-03-01T08:26:33.422+0000] {logging_mixin.py:188} INFO - [2026-03-01T08:26:33.422+0000] {dagbag.py:538} INFO - Filling up the DagBag from /home/airflow/.local/lib/python3.8/site-packages/airflow/example_dags/example_nested_branch_dag.py
[2026-03-01T08:26:33.429+0000] {processor.py:840} INFO - DAG(s) 'example_nested_branch_dag' retrieved from /home/airflow/.local/lib/python3.8/site-packages/airflow/example_dags/example_nested_branch_dag.py
[2026-03-01T08:26:33.444+0000] {logging_mixin.py:188} INFO - [2026-03-01T08:26:33.444+0000] {dag.py:3036} INFO - Sync 1 DAGs
[2026-03-01T08:26:33.458+0000] {logging_mixin.py:188} INFO - [2026-03-01T08:26:33.457+0000] {dag.py:3823} INFO - Setting next_dagrun for example_nested_branch_dag to 2026-02-28 00:00:00+00:00, run_after=2026-03-01 00:00:00+00:00
[2026-03-01T08:26:33.470+0000] {processor.py:183} INFO - Processing /home/airflow/.local/lib/python3.8/site-packages/airflow/example_dags/example_nested_branch_dag.py took 0.053 seconds
[2026-03-01T08:27:03.803+0000] {processor.py:161} INFO - Started process (PID=2331) to work on /home/airflow/.local/lib/python3.8/site-packages/airflow/example_dags/example_nested_branch_dag.py
[2026-03-01T08:27:03.805+0000] {processor.py:830} INFO - Processing file /home/airflow/.local/lib/python3.8/site-packages/airflow/example_dags/example_nested_branch_dag.py for tasks to queue
[2026-03-01T08:27:03.806+0000] {logging_mixin.py:188} INFO - [2026-03-01T08:27:03.806+0000] {dagbag.py:538} INFO - Filling up the DagBag from /home/airflow/.local/lib/python3.8/site-packages/airflow/example_dags/example_nested_branch_dag.py
[2026-03-01T08:27:03.812+0000] {processor.py:840} INFO - DAG(s) 'example_nested_branch_dag' retrieved from /home/airflow/.local/lib/python3.8/site-packages/airflow/example_dags/example_nested_branch_dag.py
[2026-03-01T08:27:03.825+0000] {logging_mixin.py:188} INFO - [2026-03-01T08:27:03.825+0000] {dag.py:3036} INFO - Sync 1 DAGs
[2026-03-01T08:27:03.840+0000] {logging_mixin.py:188} INFO - [2026-03-01T08:27:03.840+0000] {dag.py:3823} INFO - Setting next_dagrun for example_nested_branch_dag to 2026-02-28 00:00:00+00:00, run_after=2026-03-01 00:00:00+00:00
[2026-03-01T08:27:03.855+0000] {processor.py:183} INFO - Processing /home/airflow/.local/lib/python3.8/site-packages/airflow/example_dags/example_nested_branch_dag.py took 0.054 seconds
[2026-03-01T08:27:34.029+0000] {processor.py:161} INFO - Started process (PID=2386) to work on /home/airflow/.local/lib/python3.8/site-packages/airflow/example_dags/example_nested_branch_dag.py
[2026-03-01T08:27:34.031+0000] {processor.py:830} INFO - Processing file /home/airflow/.local/lib/python3.8/site-packages/airflow/example_dags/example_nested_branch_dag.py for tasks to queue
[2026-03-01T08:27:34.032+0000] {logging_mixin.py:188} INFO - [2026-03-01T08:27:34.032+0000] {dagbag.py:538} INFO - Filling up the DagBag from /home/airflow/.local/lib/python3.8/site-packages/airflow/example_dags/example_nested_branch_dag.py
[2026-03-01T08:27:34.038+0000] {processor.py:840} INFO - DAG(s) 'example_nested_branch_dag' retrieved from /home/airflow/.local/lib/python3.8/site-packages/airflow/example_dags/example_nested_branch_dag.py
[2026-03-01T08:27:34.052+0000] {logging_mixin.py:188} INFO - [2026-03-01T08:27:34.052+0000] {dag.py:3036} INFO - Sync 1 DAGs
[2026-03-01T08:27:34.066+0000] {logging_mixin.py:188} INFO - [2026-03-01T08:27:34.065+0000] {dag.py:3823} INFO - Setting next_dagrun for example_nested_branch_dag to 2026-02-28 00:00:00+00:00, run_after=2026-03-01 00:00:00+00:00
[2026-03-01T08:27:34.078+0000] {processor.py:183} INFO - Processing /home/airflow/.local/lib/python3.8/site-packages/airflow/example_dags/example_nested_branch_dag.py took 0.051 seconds
[2026-03-01T08:28:04.233+0000] {processor.py:161} INFO - Started process (PID=2441) to work on /home/airflow/.local/lib/python3.8/site-packages/airflow/example_dags/example_nested_branch_dag.py
[2026-03-01T08:28:04.234+0000] {processor.py:830} INFO - Processing file /home/airflow/.local/lib/python3.8/site-packages/airflow/example_dags/example_nested_branch_dag.py for tasks to queue
[2026-03-01T08:28:04.236+0000] {logging_mixin.py:188} INFO - [2026-03-01T08:28:04.235+0000] {dagbag.py:538} INFO - Filling up the DagBag from /home/airflow/.local/lib/python3.8/site-packages/airflow/example_dags/example_nested_branch_dag.py
[2026-03-01T08:28:04.243+0000] {processor.py:840} INFO - DAG(s) 'example_nested_branch_dag' retrieved from /home/airflow/.local/lib/python3.8/site-packages/airflow/example_dags/example_nested_branch_dag.py
[2026-03-01T08:28:04.256+0000] {logging_mixin.py:188} INFO - [2026-03-01T08:28:04.256+0000] {dag.py:3036} INFO - Sync 1 DAGs
[2026-03-01T08:28:04.270+0000] {logging_mixin.py:188} INFO - [2026-03-01T08:28:04.270+0000] {dag.py:3823} INFO - Setting next_dagrun for example_nested_branch_dag to 2026-02-28 00:00:00+00:00, run_after=2026-03-01 00:00:00+00:00
[2026-03-01T08:28:04.283+0000] {processor.py:183} INFO - Processing /home/airflow/.local/lib/python3.8/site-packages/airflow/example_dags/example_nested_branch_dag.py took 0.052 seconds
[2026-03-01T08:28:34.411+0000] {processor.py:161} INFO - Started process (PID=2496) to work on /home/airflow/.local/lib/python3.8/site-packages/airflow/example_dags/example_nested_branch_dag.py
[2026-03-01T08:28:34.412+0000] {processor.py:830} INFO - Processing file /home/airflow/.local/lib/python3.8/site-packages/airflow/example_dags/example_nested_branch_dag.py for tasks to queue
[2026-03-01T08:28:34.413+0000] {logging_mixin.py:188} INFO - [2026-03-01T08:28:34.413+0000] {dagbag.py:538} INFO - Filling up the DagBag from /home/airflow/.local/lib/python3.8/site-packages/airflow/example_dags/example_nested_branch_dag.py
[2026-03-01T08:28:34.419+0000] {processor.py:840} INFO - DAG(s) 'example_nested_branch_dag' retrieved from /home/airflow/.local/lib/python3.8/site-packages/airflow/example_dags/example_nested_branch_dag.py
[2026-03-01T08:28:34.434+0000] {logging_mixin.py:188} INFO - [2026-03-01T08:28:34.434+0000] {dag.py:3036} INFO - Sync 1 DAGs
[2026-03-01T08:28:34.448+0000] {logging_mixin.py:188} INFO - [2026-03-01T08:28:34.448+0000] {dag.py:3823} INFO - Setting next_dagrun for example_nested_branch_dag to 2026-02-28 00:00:00+00:00, run_after=2026-03-01 00:00:00+00:00
[2026-03-01T08:28:34.464+0000] {processor.py:183} INFO - Processing /home/airflow/.local/lib/python3.8/site-packages/airflow/example_dags/example_nested_branch_dag.py took 0.056 seconds
[2026-03-01T08:29:04.787+0000] {processor.py:161} INFO - Started process (PID=2552) to work on /home/airflow/.local/lib/python3.8/site-packages/airflow/example_dags/example_nested_branch_dag.py
[2026-03-01T08:29:04.788+0000] {processor.py:830} INFO - Processing file /home/airflow/.local/lib/python3.8/site-packages/airflow/example_dags/example_nested_branch_dag.py for tasks to queue
[2026-03-01T08:29:04.789+0000] {logging_mixin.py:188} INFO - [2026-03-01T08:29:04.789+0000] {dagbag.py:538} INFO - Filling up the DagBag from /home/airflow/.local/lib/python3.8/site-packages/airflow/example_dags/example_nested_branch_dag.py
[2026-03-01T08:29:04.795+0000] {processor.py:840} INFO - DAG(s) 'example_nested_branch_dag' retrieved from /home/airflow/.local/lib/python3.8/site-packages/airflow/example_dags/example_nested_branch_dag.py
[2026-03-01T08:29:04.809+0000] {logging_mixin.py:188} INFO - [2026-03-01T08:29:04.809+0000] {dag.py:3036} INFO - Sync 1 DAGs
[2026-03-01T08:29:04.822+0000] {logging_mixin.py:188} INFO - [2026-03-01T08:29:04.822+0000] {dag.py:3823} INFO - Setting next_dagrun for example_nested_branch_dag to 2026-02-28 00:00:00+00:00, run_after=2026-03-01 00:00:00+00:00
[2026-03-01T08:29:04.837+0000] {processor.py:183} INFO - Processing /home/airflow/.local/lib/python3.8/site-packages/airflow/example_dags/example_nested_branch_dag.py took 0.053 seconds
[2026-03-01T08:29:35.288+0000] {processor.py:161} INFO - Started process (PID=2608) to work on /home/airflow/.local/lib/python3.8/site-packages/airflow/example_dags/example_nested_branch_dag.py
[2026-03-01T08:29:35.289+0000] {processor.py:830} INFO - Processing file /home/airflow/.local/lib/python3.8/site-packages/airflow/example_dags/example_nested_branch_dag.py for tasks to queue
[2026-03-01T08:29:35.291+0000] {logging_mixin.py:188} INFO - [2026-03-01T08:29:35.291+0000] {dagbag.py:538} INFO - Filling up the DagBag from /home/airflow/.local/lib/python3.8/site-packages/airflow/example_dags/example_nested_branch_dag.py
[2026-03-01T08:29:35.298+0000] {processor.py:840} INFO - DAG(s) 'example_nested_branch_dag' retrieved from /home/airflow/.local/lib/python3.8/site-packages/airflow/example_dags/example_nested_branch_dag.py
[2026-03-01T08:29:35.315+0000] {logging_mixin.py:188} INFO - [2026-03-01T08:29:35.315+0000] {dag.py:3036} INFO - Sync 1 DAGs
[2026-03-01T08:29:35.332+0000] {logging_mixin.py:188} INFO - [2026-03-01T08:29:35.331+0000] {dag.py:3823} INFO - Setting next_dagrun for example_nested_branch_dag to 2026-02-28 00:00:00+00:00, run_after=2026-03-01 00:00:00+00:00
[2026-03-01T08:29:35.348+0000] {processor.py:183} INFO - Processing /home/airflow/.local/lib/python3.8/site-packages/airflow/example_dags/example_nested_branch_dag.py took 0.063 seconds
[2026-03-01T08:30:06.033+0000] {processor.py:161} INFO - Started process (PID=2664) to work on /home/airflow/.local/lib/python3.8/site-packages/airflow/example_dags/example_nested_branch_dag.py
[2026-03-01T08:30:06.035+0000] {processor.py:830} INFO - Processing file /home/airflow/.local/lib/python3.8/site-packages/airflow/example_dags/example_nested_branch_dag.py for tasks to queue
[2026-03-01T08:30:06.036+0000] {logging_mixin.py:188} INFO - [2026-03-01T08:30:06.036+0000] {dagbag.py:538} INFO - Filling up the DagBag from /home/airflow/.local/lib/python3.8/site-packages/airflow/example_dags/example_nested_branch_dag.py
[2026-03-01T08:30:06.042+0000] {processor.py:840} INFO - DAG(s) 'example_nested_branch_dag' retrieved from /home/airflow/.local/lib/python3.8/site-packages/airflow/example_dags/example_nested_branch_dag.py
[2026-03-01T08:30:06.056+0000] {logging_mixin.py:188} INFO - [2026-03-01T08:30:06.055+0000] {dag.py:3036} INFO - Sync 1 DAGs
[2026-03-01T08:30:06.069+0000] {logging_mixin.py:188} INFO - [2026-03-01T08:30:06.069+0000] {dag.py:3823} INFO - Setting next_dagrun for example_nested_branch_dag to 2026-02-28 00:00:00+00:00, run_after=2026-03-01 00:00:00+00:00
[2026-03-01T08:30:06.085+0000] {processor.py:183} INFO - Processing /home/airflow/.local/lib/python3.8/site-packages/airflow/example_dags/example_nested_branch_dag.py took 0.054 seconds
