[2026-03-01T08:07:48.565+0000] {processor.py:161} INFO - Started process (PID=82) to work on /home/airflow/.local/lib/python3.8/site-packages/airflow/example_dags/example_python_decorator.py
[2026-03-01T08:07:48.567+0000] {processor.py:830} INFO - Processing file /home/airflow/.local/lib/python3.8/site-packages/airflow/example_dags/example_python_decorator.py for tasks to queue
[2026-03-01T08:07:48.569+0000] {logging_mixin.py:188} INFO - [2026-03-01T08:07:48.568+0000] {dagbag.py:538} INFO - Filling up the DagBag from /home/airflow/.local/lib/python3.8/site-packages/airflow/example_dags/example_python_decorator.py
[2026-03-01T08:07:48.582+0000] {processor.py:840} INFO - DAG(s) 'example_python_decorator' retrieved from /home/airflow/.local/lib/python3.8/site-packages/airflow/example_dags/example_python_decorator.py
[2026-03-01T08:07:48.667+0000] {logging_mixin.py:188} INFO - [2026-03-01T08:07:48.667+0000] {override.py:1769} INFO - Created Permission View: can edit on DAG:example_python_decorator
[2026-03-01T08:07:48.677+0000] {logging_mixin.py:188} INFO - [2026-03-01T08:07:48.676+0000] {override.py:1769} INFO - Created Permission View: can delete on DAG:example_python_decorator
[2026-03-01T08:07:48.683+0000] {logging_mixin.py:188} INFO - [2026-03-01T08:07:48.683+0000] {override.py:1769} INFO - Created Permission View: can read on DAG:example_python_decorator
[2026-03-01T08:07:48.684+0000] {logging_mixin.py:188} INFO - [2026-03-01T08:07:48.684+0000] {dag.py:3036} INFO - Sync 1 DAGs
[2026-03-01T08:07:48.693+0000] {logging_mixin.py:188} INFO - [2026-03-01T08:07:48.693+0000] {dag.py:3058} INFO - Creating ORM DAG for example_python_decorator
[2026-03-01T08:07:48.694+0000] {logging_mixin.py:188} INFO - [2026-03-01T08:07:48.694+0000] {dag.py:3823} INFO - Setting next_dagrun for example_python_decorator to None, run_after=None
[2026-03-01T08:07:48.709+0000] {processor.py:183} INFO - Processing /home/airflow/.local/lib/python3.8/site-packages/airflow/example_dags/example_python_decorator.py took 0.147 seconds
[2026-03-01T08:08:19.556+0000] {processor.py:161} INFO - Started process (PID=144) to work on /home/airflow/.local/lib/python3.8/site-packages/airflow/example_dags/example_python_decorator.py
[2026-03-01T08:08:19.559+0000] {processor.py:830} INFO - Processing file /home/airflow/.local/lib/python3.8/site-packages/airflow/example_dags/example_python_decorator.py for tasks to queue
[2026-03-01T08:08:19.561+0000] {logging_mixin.py:188} INFO - [2026-03-01T08:08:19.560+0000] {dagbag.py:538} INFO - Filling up the DagBag from /home/airflow/.local/lib/python3.8/site-packages/airflow/example_dags/example_python_decorator.py
[2026-03-01T08:08:19.569+0000] {processor.py:840} INFO - DAG(s) 'example_python_decorator' retrieved from /home/airflow/.local/lib/python3.8/site-packages/airflow/example_dags/example_python_decorator.py
[2026-03-01T08:08:19.586+0000] {logging_mixin.py:188} INFO - [2026-03-01T08:08:19.586+0000] {dag.py:3036} INFO - Sync 1 DAGs
[2026-03-01T08:08:19.594+0000] {logging_mixin.py:188} INFO - [2026-03-01T08:08:19.594+0000] {dag.py:3823} INFO - Setting next_dagrun for example_python_decorator to None, run_after=None
[2026-03-01T08:08:19.609+0000] {processor.py:183} INFO - Processing /home/airflow/.local/lib/python3.8/site-packages/airflow/example_dags/example_python_decorator.py took 0.055 seconds
[2026-03-01T08:08:50.138+0000] {processor.py:161} INFO - Started process (PID=199) to work on /home/airflow/.local/lib/python3.8/site-packages/airflow/example_dags/example_python_decorator.py
[2026-03-01T08:08:50.140+0000] {processor.py:830} INFO - Processing file /home/airflow/.local/lib/python3.8/site-packages/airflow/example_dags/example_python_decorator.py for tasks to queue
[2026-03-01T08:08:50.141+0000] {logging_mixin.py:188} INFO - [2026-03-01T08:08:50.141+0000] {dagbag.py:538} INFO - Filling up the DagBag from /home/airflow/.local/lib/python3.8/site-packages/airflow/example_dags/example_python_decorator.py
[2026-03-01T08:08:50.151+0000] {processor.py:840} INFO - DAG(s) 'example_python_decorator' retrieved from /home/airflow/.local/lib/python3.8/site-packages/airflow/example_dags/example_python_decorator.py
[2026-03-01T08:08:50.169+0000] {logging_mixin.py:188} INFO - [2026-03-01T08:08:50.169+0000] {dag.py:3036} INFO - Sync 1 DAGs
[2026-03-01T08:08:50.178+0000] {logging_mixin.py:188} INFO - [2026-03-01T08:08:50.178+0000] {dag.py:3823} INFO - Setting next_dagrun for example_python_decorator to None, run_after=None
[2026-03-01T08:08:50.193+0000] {processor.py:183} INFO - Processing /home/airflow/.local/lib/python3.8/site-packages/airflow/example_dags/example_python_decorator.py took 0.057 seconds
[2026-03-01T08:09:20.454+0000] {processor.py:161} INFO - Started process (PID=254) to work on /home/airflow/.local/lib/python3.8/site-packages/airflow/example_dags/example_python_decorator.py
[2026-03-01T08:09:20.455+0000] {processor.py:830} INFO - Processing file /home/airflow/.local/lib/python3.8/site-packages/airflow/example_dags/example_python_decorator.py for tasks to queue
[2026-03-01T08:09:20.457+0000] {logging_mixin.py:188} INFO - [2026-03-01T08:09:20.456+0000] {dagbag.py:538} INFO - Filling up the DagBag from /home/airflow/.local/lib/python3.8/site-packages/airflow/example_dags/example_python_decorator.py
[2026-03-01T08:09:20.471+0000] {processor.py:840} INFO - DAG(s) 'example_python_decorator' retrieved from /home/airflow/.local/lib/python3.8/site-packages/airflow/example_dags/example_python_decorator.py
[2026-03-01T08:09:20.493+0000] {logging_mixin.py:188} INFO - [2026-03-01T08:09:20.493+0000] {dag.py:3036} INFO - Sync 1 DAGs
[2026-03-01T08:09:20.501+0000] {logging_mixin.py:188} INFO - [2026-03-01T08:09:20.501+0000] {dag.py:3823} INFO - Setting next_dagrun for example_python_decorator to None, run_after=None
[2026-03-01T08:09:20.515+0000] {processor.py:183} INFO - Processing /home/airflow/.local/lib/python3.8/site-packages/airflow/example_dags/example_python_decorator.py took 0.063 seconds
[2026-03-01T08:09:50.913+0000] {processor.py:161} INFO - Started process (PID=309) to work on /home/airflow/.local/lib/python3.8/site-packages/airflow/example_dags/example_python_decorator.py
[2026-03-01T08:09:50.914+0000] {processor.py:830} INFO - Processing file /home/airflow/.local/lib/python3.8/site-packages/airflow/example_dags/example_python_decorator.py for tasks to queue
[2026-03-01T08:09:50.916+0000] {logging_mixin.py:188} INFO - [2026-03-01T08:09:50.916+0000] {dagbag.py:538} INFO - Filling up the DagBag from /home/airflow/.local/lib/python3.8/site-packages/airflow/example_dags/example_python_decorator.py
[2026-03-01T08:09:50.929+0000] {processor.py:840} INFO - DAG(s) 'example_python_decorator' retrieved from /home/airflow/.local/lib/python3.8/site-packages/airflow/example_dags/example_python_decorator.py
[2026-03-01T08:09:50.945+0000] {logging_mixin.py:188} INFO - [2026-03-01T08:09:50.945+0000] {dag.py:3036} INFO - Sync 1 DAGs
[2026-03-01T08:09:50.953+0000] {logging_mixin.py:188} INFO - [2026-03-01T08:09:50.953+0000] {dag.py:3823} INFO - Setting next_dagrun for example_python_decorator to None, run_after=None
[2026-03-01T08:09:50.971+0000] {processor.py:183} INFO - Processing /home/airflow/.local/lib/python3.8/site-packages/airflow/example_dags/example_python_decorator.py took 0.061 seconds
[2026-03-01T08:10:21.371+0000] {processor.py:161} INFO - Started process (PID=364) to work on /home/airflow/.local/lib/python3.8/site-packages/airflow/example_dags/example_python_decorator.py
[2026-03-01T08:10:21.372+0000] {processor.py:830} INFO - Processing file /home/airflow/.local/lib/python3.8/site-packages/airflow/example_dags/example_python_decorator.py for tasks to queue
[2026-03-01T08:10:21.374+0000] {logging_mixin.py:188} INFO - [2026-03-01T08:10:21.374+0000] {dagbag.py:538} INFO - Filling up the DagBag from /home/airflow/.local/lib/python3.8/site-packages/airflow/example_dags/example_python_decorator.py
[2026-03-01T08:10:21.383+0000] {processor.py:840} INFO - DAG(s) 'example_python_decorator' retrieved from /home/airflow/.local/lib/python3.8/site-packages/airflow/example_dags/example_python_decorator.py
[2026-03-01T08:10:21.400+0000] {logging_mixin.py:188} INFO - [2026-03-01T08:10:21.400+0000] {dag.py:3036} INFO - Sync 1 DAGs
[2026-03-01T08:10:21.409+0000] {logging_mixin.py:188} INFO - [2026-03-01T08:10:21.408+0000] {dag.py:3823} INFO - Setting next_dagrun for example_python_decorator to None, run_after=None
[2026-03-01T08:10:21.429+0000] {processor.py:183} INFO - Processing /home/airflow/.local/lib/python3.8/site-packages/airflow/example_dags/example_python_decorator.py took 0.060 seconds
[2026-03-01T08:10:52.132+0000] {processor.py:161} INFO - Started process (PID=419) to work on /home/airflow/.local/lib/python3.8/site-packages/airflow/example_dags/example_python_decorator.py
[2026-03-01T08:10:52.133+0000] {processor.py:830} INFO - Processing file /home/airflow/.local/lib/python3.8/site-packages/airflow/example_dags/example_python_decorator.py for tasks to queue
[2026-03-01T08:10:52.135+0000] {logging_mixin.py:188} INFO - [2026-03-01T08:10:52.135+0000] {dagbag.py:538} INFO - Filling up the DagBag from /home/airflow/.local/lib/python3.8/site-packages/airflow/example_dags/example_python_decorator.py
[2026-03-01T08:10:52.143+0000] {processor.py:840} INFO - DAG(s) 'example_python_decorator' retrieved from /home/airflow/.local/lib/python3.8/site-packages/airflow/example_dags/example_python_decorator.py
[2026-03-01T08:10:52.159+0000] {logging_mixin.py:188} INFO - [2026-03-01T08:10:52.159+0000] {dag.py:3036} INFO - Sync 1 DAGs
[2026-03-01T08:10:52.168+0000] {logging_mixin.py:188} INFO - [2026-03-01T08:10:52.167+0000] {dag.py:3823} INFO - Setting next_dagrun for example_python_decorator to None, run_after=None
[2026-03-01T08:10:52.183+0000] {processor.py:183} INFO - Processing /home/airflow/.local/lib/python3.8/site-packages/airflow/example_dags/example_python_decorator.py took 0.053 seconds
[2026-03-01T08:11:22.486+0000] {processor.py:161} INFO - Started process (PID=480) to work on /home/airflow/.local/lib/python3.8/site-packages/airflow/example_dags/example_python_decorator.py
[2026-03-01T08:11:22.488+0000] {processor.py:830} INFO - Processing file /home/airflow/.local/lib/python3.8/site-packages/airflow/example_dags/example_python_decorator.py for tasks to queue
[2026-03-01T08:11:22.492+0000] {logging_mixin.py:188} INFO - [2026-03-01T08:11:22.492+0000] {dagbag.py:538} INFO - Filling up the DagBag from /home/airflow/.local/lib/python3.8/site-packages/airflow/example_dags/example_python_decorator.py
[2026-03-01T08:11:22.501+0000] {processor.py:840} INFO - DAG(s) 'example_python_decorator' retrieved from /home/airflow/.local/lib/python3.8/site-packages/airflow/example_dags/example_python_decorator.py
[2026-03-01T08:11:22.517+0000] {logging_mixin.py:188} INFO - [2026-03-01T08:11:22.517+0000] {dag.py:3036} INFO - Sync 1 DAGs
[2026-03-01T08:11:22.526+0000] {logging_mixin.py:188} INFO - [2026-03-01T08:11:22.526+0000] {dag.py:3823} INFO - Setting next_dagrun for example_python_decorator to None, run_after=None
[2026-03-01T08:11:22.541+0000] {processor.py:183} INFO - Processing /home/airflow/.local/lib/python3.8/site-packages/airflow/example_dags/example_python_decorator.py took 0.058 seconds
[2026-03-01T08:11:52.654+0000] {processor.py:161} INFO - Started process (PID=534) to work on /home/airflow/.local/lib/python3.8/site-packages/airflow/example_dags/example_python_decorator.py
[2026-03-01T08:11:52.655+0000] {processor.py:830} INFO - Processing file /home/airflow/.local/lib/python3.8/site-packages/airflow/example_dags/example_python_decorator.py for tasks to queue
[2026-03-01T08:11:52.657+0000] {logging_mixin.py:188} INFO - [2026-03-01T08:11:52.657+0000] {dagbag.py:538} INFO - Filling up the DagBag from /home/airflow/.local/lib/python3.8/site-packages/airflow/example_dags/example_python_decorator.py
[2026-03-01T08:11:52.668+0000] {processor.py:840} INFO - DAG(s) 'example_python_decorator' retrieved from /home/airflow/.local/lib/python3.8/site-packages/airflow/example_dags/example_python_decorator.py
[2026-03-01T08:11:52.688+0000] {logging_mixin.py:188} INFO - [2026-03-01T08:11:52.688+0000] {dag.py:3036} INFO - Sync 1 DAGs
[2026-03-01T08:11:52.697+0000] {logging_mixin.py:188} INFO - [2026-03-01T08:11:52.697+0000] {dag.py:3823} INFO - Setting next_dagrun for example_python_decorator to None, run_after=None
[2026-03-01T08:11:52.713+0000] {processor.py:183} INFO - Processing /home/airflow/.local/lib/python3.8/site-packages/airflow/example_dags/example_python_decorator.py took 0.061 seconds
[2026-03-01T08:12:23.828+0000] {processor.py:161} INFO - Started process (PID=619) to work on /home/airflow/.local/lib/python3.8/site-packages/airflow/example_dags/example_python_decorator.py
[2026-03-01T08:12:23.829+0000] {processor.py:830} INFO - Processing file /home/airflow/.local/lib/python3.8/site-packages/airflow/example_dags/example_python_decorator.py for tasks to queue
[2026-03-01T08:12:23.831+0000] {logging_mixin.py:188} INFO - [2026-03-01T08:12:23.831+0000] {dagbag.py:538} INFO - Filling up the DagBag from /home/airflow/.local/lib/python3.8/site-packages/airflow/example_dags/example_python_decorator.py
[2026-03-01T08:12:23.840+0000] {processor.py:840} INFO - DAG(s) 'example_python_decorator' retrieved from /home/airflow/.local/lib/python3.8/site-packages/airflow/example_dags/example_python_decorator.py
[2026-03-01T08:12:23.855+0000] {logging_mixin.py:188} INFO - [2026-03-01T08:12:23.855+0000] {dag.py:3036} INFO - Sync 1 DAGs
[2026-03-01T08:12:23.863+0000] {logging_mixin.py:188} INFO - [2026-03-01T08:12:23.862+0000] {dag.py:3823} INFO - Setting next_dagrun for example_python_decorator to None, run_after=None
[2026-03-01T08:12:23.876+0000] {processor.py:183} INFO - Processing /home/airflow/.local/lib/python3.8/site-packages/airflow/example_dags/example_python_decorator.py took 0.050 seconds
[2026-03-01T08:12:54.132+0000] {processor.py:161} INFO - Started process (PID=673) to work on /home/airflow/.local/lib/python3.8/site-packages/airflow/example_dags/example_python_decorator.py
[2026-03-01T08:12:54.133+0000] {processor.py:830} INFO - Processing file /home/airflow/.local/lib/python3.8/site-packages/airflow/example_dags/example_python_decorator.py for tasks to queue
[2026-03-01T08:12:54.135+0000] {logging_mixin.py:188} INFO - [2026-03-01T08:12:54.135+0000] {dagbag.py:538} INFO - Filling up the DagBag from /home/airflow/.local/lib/python3.8/site-packages/airflow/example_dags/example_python_decorator.py
[2026-03-01T08:12:54.143+0000] {processor.py:840} INFO - DAG(s) 'example_python_decorator' retrieved from /home/airflow/.local/lib/python3.8/site-packages/airflow/example_dags/example_python_decorator.py
[2026-03-01T08:12:54.160+0000] {logging_mixin.py:188} INFO - [2026-03-01T08:12:54.160+0000] {dag.py:3036} INFO - Sync 1 DAGs
[2026-03-01T08:12:54.168+0000] {logging_mixin.py:188} INFO - [2026-03-01T08:12:54.168+0000] {dag.py:3823} INFO - Setting next_dagrun for example_python_decorator to None, run_after=None
[2026-03-01T08:12:54.181+0000] {processor.py:183} INFO - Processing /home/airflow/.local/lib/python3.8/site-packages/airflow/example_dags/example_python_decorator.py took 0.052 seconds
[2026-03-01T08:13:24.289+0000] {processor.py:161} INFO - Started process (PID=728) to work on /home/airflow/.local/lib/python3.8/site-packages/airflow/example_dags/example_python_decorator.py
[2026-03-01T08:13:24.290+0000] {processor.py:830} INFO - Processing file /home/airflow/.local/lib/python3.8/site-packages/airflow/example_dags/example_python_decorator.py for tasks to queue
[2026-03-01T08:13:24.291+0000] {logging_mixin.py:188} INFO - [2026-03-01T08:13:24.291+0000] {dagbag.py:538} INFO - Filling up the DagBag from /home/airflow/.local/lib/python3.8/site-packages/airflow/example_dags/example_python_decorator.py
[2026-03-01T08:13:24.299+0000] {processor.py:840} INFO - DAG(s) 'example_python_decorator' retrieved from /home/airflow/.local/lib/python3.8/site-packages/airflow/example_dags/example_python_decorator.py
[2026-03-01T08:13:24.315+0000] {logging_mixin.py:188} INFO - [2026-03-01T08:13:24.314+0000] {dag.py:3036} INFO - Sync 1 DAGs
[2026-03-01T08:13:24.322+0000] {logging_mixin.py:188} INFO - [2026-03-01T08:13:24.322+0000] {dag.py:3823} INFO - Setting next_dagrun for example_python_decorator to None, run_after=None
[2026-03-01T08:13:24.334+0000] {processor.py:183} INFO - Processing /home/airflow/.local/lib/python3.8/site-packages/airflow/example_dags/example_python_decorator.py took 0.047 seconds
[2026-03-01T08:13:54.682+0000] {processor.py:161} INFO - Started process (PID=806) to work on /home/airflow/.local/lib/python3.8/site-packages/airflow/example_dags/example_python_decorator.py
[2026-03-01T08:13:54.684+0000] {processor.py:830} INFO - Processing file /home/airflow/.local/lib/python3.8/site-packages/airflow/example_dags/example_python_decorator.py for tasks to queue
[2026-03-01T08:13:54.686+0000] {logging_mixin.py:188} INFO - [2026-03-01T08:13:54.685+0000] {dagbag.py:538} INFO - Filling up the DagBag from /home/airflow/.local/lib/python3.8/site-packages/airflow/example_dags/example_python_decorator.py
[2026-03-01T08:13:54.694+0000] {processor.py:840} INFO - DAG(s) 'example_python_decorator' retrieved from /home/airflow/.local/lib/python3.8/site-packages/airflow/example_dags/example_python_decorator.py
[2026-03-01T08:13:54.709+0000] {logging_mixin.py:188} INFO - [2026-03-01T08:13:54.709+0000] {dag.py:3036} INFO - Sync 1 DAGs
[2026-03-01T08:13:54.717+0000] {logging_mixin.py:188} INFO - [2026-03-01T08:13:54.717+0000] {dag.py:3823} INFO - Setting next_dagrun for example_python_decorator to None, run_after=None
[2026-03-01T08:13:54.732+0000] {processor.py:183} INFO - Processing /home/airflow/.local/lib/python3.8/site-packages/airflow/example_dags/example_python_decorator.py took 0.052 seconds
[2026-03-01T08:14:24.876+0000] {processor.py:161} INFO - Started process (PID=883) to work on /home/airflow/.local/lib/python3.8/site-packages/airflow/example_dags/example_python_decorator.py
[2026-03-01T08:14:24.877+0000] {processor.py:830} INFO - Processing file /home/airflow/.local/lib/python3.8/site-packages/airflow/example_dags/example_python_decorator.py for tasks to queue
[2026-03-01T08:14:24.879+0000] {logging_mixin.py:188} INFO - [2026-03-01T08:14:24.878+0000] {dagbag.py:538} INFO - Filling up the DagBag from /home/airflow/.local/lib/python3.8/site-packages/airflow/example_dags/example_python_decorator.py
[2026-03-01T08:14:24.887+0000] {processor.py:840} INFO - DAG(s) 'example_python_decorator' retrieved from /home/airflow/.local/lib/python3.8/site-packages/airflow/example_dags/example_python_decorator.py
[2026-03-01T08:14:24.897+0000] {logging_mixin.py:188} INFO - [2026-03-01T08:14:24.897+0000] {dag.py:3036} INFO - Sync 1 DAGs
[2026-03-01T08:14:24.905+0000] {logging_mixin.py:188} INFO - [2026-03-01T08:14:24.905+0000] {dag.py:3823} INFO - Setting next_dagrun for example_python_decorator to None, run_after=None
[2026-03-01T08:14:24.927+0000] {processor.py:183} INFO - Processing /home/airflow/.local/lib/python3.8/site-packages/airflow/example_dags/example_python_decorator.py took 0.053 seconds
[2026-03-01T08:14:55.490+0000] {processor.py:161} INFO - Started process (PID=938) to work on /home/airflow/.local/lib/python3.8/site-packages/airflow/example_dags/example_python_decorator.py
[2026-03-01T08:14:55.491+0000] {processor.py:830} INFO - Processing file /home/airflow/.local/lib/python3.8/site-packages/airflow/example_dags/example_python_decorator.py for tasks to queue
[2026-03-01T08:14:55.493+0000] {logging_mixin.py:188} INFO - [2026-03-01T08:14:55.492+0000] {dagbag.py:538} INFO - Filling up the DagBag from /home/airflow/.local/lib/python3.8/site-packages/airflow/example_dags/example_python_decorator.py
[2026-03-01T08:14:55.502+0000] {processor.py:840} INFO - DAG(s) 'example_python_decorator' retrieved from /home/airflow/.local/lib/python3.8/site-packages/airflow/example_dags/example_python_decorator.py
[2026-03-01T08:14:55.559+0000] {logging_mixin.py:188} INFO - [2026-03-01T08:14:55.558+0000] {dag.py:3036} INFO - Sync 1 DAGs
[2026-03-01T08:14:55.565+0000] {logging_mixin.py:188} INFO - [2026-03-01T08:14:55.565+0000] {dag.py:3823} INFO - Setting next_dagrun for example_python_decorator to None, run_after=None
[2026-03-01T08:14:55.580+0000] {processor.py:183} INFO - Processing /home/airflow/.local/lib/python3.8/site-packages/airflow/example_dags/example_python_decorator.py took 0.093 seconds
[2026-03-01T08:15:26.012+0000] {processor.py:161} INFO - Started process (PID=993) to work on /home/airflow/.local/lib/python3.8/site-packages/airflow/example_dags/example_python_decorator.py
[2026-03-01T08:15:26.014+0000] {processor.py:830} INFO - Processing file /home/airflow/.local/lib/python3.8/site-packages/airflow/example_dags/example_python_decorator.py for tasks to queue
[2026-03-01T08:15:26.015+0000] {logging_mixin.py:188} INFO - [2026-03-01T08:15:26.015+0000] {dagbag.py:538} INFO - Filling up the DagBag from /home/airflow/.local/lib/python3.8/site-packages/airflow/example_dags/example_python_decorator.py
[2026-03-01T08:15:26.024+0000] {processor.py:840} INFO - DAG(s) 'example_python_decorator' retrieved from /home/airflow/.local/lib/python3.8/site-packages/airflow/example_dags/example_python_decorator.py
[2026-03-01T08:15:26.040+0000] {logging_mixin.py:188} INFO - [2026-03-01T08:15:26.040+0000] {dag.py:3036} INFO - Sync 1 DAGs
[2026-03-01T08:15:26.048+0000] {logging_mixin.py:188} INFO - [2026-03-01T08:15:26.048+0000] {dag.py:3823} INFO - Setting next_dagrun for example_python_decorator to None, run_after=None
[2026-03-01T08:15:26.060+0000] {processor.py:183} INFO - Processing /home/airflow/.local/lib/python3.8/site-packages/airflow/example_dags/example_python_decorator.py took 0.050 seconds
[2026-03-01T08:15:56.291+0000] {processor.py:161} INFO - Started process (PID=1055) to work on /home/airflow/.local/lib/python3.8/site-packages/airflow/example_dags/example_python_decorator.py
[2026-03-01T08:15:56.292+0000] {processor.py:830} INFO - Processing file /home/airflow/.local/lib/python3.8/site-packages/airflow/example_dags/example_python_decorator.py for tasks to queue
[2026-03-01T08:15:56.294+0000] {logging_mixin.py:188} INFO - [2026-03-01T08:15:56.294+0000] {dagbag.py:538} INFO - Filling up the DagBag from /home/airflow/.local/lib/python3.8/site-packages/airflow/example_dags/example_python_decorator.py
[2026-03-01T08:15:56.302+0000] {processor.py:840} INFO - DAG(s) 'example_python_decorator' retrieved from /home/airflow/.local/lib/python3.8/site-packages/airflow/example_dags/example_python_decorator.py
[2026-03-01T08:15:56.319+0000] {logging_mixin.py:188} INFO - [2026-03-01T08:15:56.319+0000] {dag.py:3036} INFO - Sync 1 DAGs
[2026-03-01T08:15:56.327+0000] {logging_mixin.py:188} INFO - [2026-03-01T08:15:56.327+0000] {dag.py:3823} INFO - Setting next_dagrun for example_python_decorator to None, run_after=None
[2026-03-01T08:15:56.340+0000] {processor.py:183} INFO - Processing /home/airflow/.local/lib/python3.8/site-packages/airflow/example_dags/example_python_decorator.py took 0.052 seconds
[2026-03-01T08:16:26.675+0000] {processor.py:161} INFO - Started process (PID=1126) to work on /home/airflow/.local/lib/python3.8/site-packages/airflow/example_dags/example_python_decorator.py
[2026-03-01T08:16:26.676+0000] {processor.py:830} INFO - Processing file /home/airflow/.local/lib/python3.8/site-packages/airflow/example_dags/example_python_decorator.py for tasks to queue
[2026-03-01T08:16:26.678+0000] {logging_mixin.py:188} INFO - [2026-03-01T08:16:26.678+0000] {dagbag.py:538} INFO - Filling up the DagBag from /home/airflow/.local/lib/python3.8/site-packages/airflow/example_dags/example_python_decorator.py
[2026-03-01T08:16:26.687+0000] {processor.py:840} INFO - DAG(s) 'example_python_decorator' retrieved from /home/airflow/.local/lib/python3.8/site-packages/airflow/example_dags/example_python_decorator.py
[2026-03-01T08:16:26.703+0000] {logging_mixin.py:188} INFO - [2026-03-01T08:16:26.703+0000] {dag.py:3036} INFO - Sync 1 DAGs
[2026-03-01T08:16:26.711+0000] {logging_mixin.py:188} INFO - [2026-03-01T08:16:26.711+0000] {dag.py:3823} INFO - Setting next_dagrun for example_python_decorator to None, run_after=None
[2026-03-01T08:16:26.726+0000] {processor.py:183} INFO - Processing /home/airflow/.local/lib/python3.8/site-packages/airflow/example_dags/example_python_decorator.py took 0.054 seconds
[2026-03-01T08:16:56.939+0000] {processor.py:161} INFO - Started process (PID=1186) to work on /home/airflow/.local/lib/python3.8/site-packages/airflow/example_dags/example_python_decorator.py
[2026-03-01T08:16:56.941+0000] {processor.py:830} INFO - Processing file /home/airflow/.local/lib/python3.8/site-packages/airflow/example_dags/example_python_decorator.py for tasks to queue
[2026-03-01T08:16:56.943+0000] {logging_mixin.py:188} INFO - [2026-03-01T08:16:56.942+0000] {dagbag.py:538} INFO - Filling up the DagBag from /home/airflow/.local/lib/python3.8/site-packages/airflow/example_dags/example_python_decorator.py
[2026-03-01T08:16:56.952+0000] {processor.py:840} INFO - DAG(s) 'example_python_decorator' retrieved from /home/airflow/.local/lib/python3.8/site-packages/airflow/example_dags/example_python_decorator.py
[2026-03-01T08:16:56.968+0000] {logging_mixin.py:188} INFO - [2026-03-01T08:16:56.968+0000] {dag.py:3036} INFO - Sync 1 DAGs
[2026-03-01T08:16:56.978+0000] {logging_mixin.py:188} INFO - [2026-03-01T08:16:56.977+0000] {dag.py:3823} INFO - Setting next_dagrun for example_python_decorator to None, run_after=None
[2026-03-01T08:16:56.991+0000] {processor.py:183} INFO - Processing /home/airflow/.local/lib/python3.8/site-packages/airflow/example_dags/example_python_decorator.py took 0.054 seconds
[2026-03-01T08:17:27.179+0000] {processor.py:161} INFO - Started process (PID=1264) to work on /home/airflow/.local/lib/python3.8/site-packages/airflow/example_dags/example_python_decorator.py
[2026-03-01T08:17:27.180+0000] {processor.py:830} INFO - Processing file /home/airflow/.local/lib/python3.8/site-packages/airflow/example_dags/example_python_decorator.py for tasks to queue
[2026-03-01T08:17:27.182+0000] {logging_mixin.py:188} INFO - [2026-03-01T08:17:27.182+0000] {dagbag.py:538} INFO - Filling up the DagBag from /home/airflow/.local/lib/python3.8/site-packages/airflow/example_dags/example_python_decorator.py
[2026-03-01T08:17:27.191+0000] {processor.py:840} INFO - DAG(s) 'example_python_decorator' retrieved from /home/airflow/.local/lib/python3.8/site-packages/airflow/example_dags/example_python_decorator.py
[2026-03-01T08:17:27.210+0000] {logging_mixin.py:188} INFO - [2026-03-01T08:17:27.210+0000] {dag.py:3036} INFO - Sync 1 DAGs
[2026-03-01T08:17:27.218+0000] {logging_mixin.py:188} INFO - [2026-03-01T08:17:27.218+0000] {dag.py:3823} INFO - Setting next_dagrun for example_python_decorator to None, run_after=None
[2026-03-01T08:17:27.233+0000] {processor.py:183} INFO - Processing /home/airflow/.local/lib/python3.8/site-packages/airflow/example_dags/example_python_decorator.py took 0.057 seconds
[2026-03-01T08:17:57.507+0000] {processor.py:161} INFO - Started process (PID=1320) to work on /home/airflow/.local/lib/python3.8/site-packages/airflow/example_dags/example_python_decorator.py
[2026-03-01T08:17:57.508+0000] {processor.py:830} INFO - Processing file /home/airflow/.local/lib/python3.8/site-packages/airflow/example_dags/example_python_decorator.py for tasks to queue
[2026-03-01T08:17:57.510+0000] {logging_mixin.py:188} INFO - [2026-03-01T08:17:57.510+0000] {dagbag.py:538} INFO - Filling up the DagBag from /home/airflow/.local/lib/python3.8/site-packages/airflow/example_dags/example_python_decorator.py
[2026-03-01T08:17:57.518+0000] {processor.py:840} INFO - DAG(s) 'example_python_decorator' retrieved from /home/airflow/.local/lib/python3.8/site-packages/airflow/example_dags/example_python_decorator.py
[2026-03-01T08:17:57.535+0000] {logging_mixin.py:188} INFO - [2026-03-01T08:17:57.534+0000] {dag.py:3036} INFO - Sync 1 DAGs
[2026-03-01T08:17:57.543+0000] {logging_mixin.py:188} INFO - [2026-03-01T08:17:57.543+0000] {dag.py:3823} INFO - Setting next_dagrun for example_python_decorator to None, run_after=None
[2026-03-01T08:17:57.557+0000] {processor.py:183} INFO - Processing /home/airflow/.local/lib/python3.8/site-packages/airflow/example_dags/example_python_decorator.py took 0.052 seconds
[2026-03-01T08:18:28.055+0000] {processor.py:161} INFO - Started process (PID=1377) to work on /home/airflow/.local/lib/python3.8/site-packages/airflow/example_dags/example_python_decorator.py
[2026-03-01T08:18:28.056+0000] {processor.py:830} INFO - Processing file /home/airflow/.local/lib/python3.8/site-packages/airflow/example_dags/example_python_decorator.py for tasks to queue
[2026-03-01T08:18:28.058+0000] {logging_mixin.py:188} INFO - [2026-03-01T08:18:28.058+0000] {dagbag.py:538} INFO - Filling up the DagBag from /home/airflow/.local/lib/python3.8/site-packages/airflow/example_dags/example_python_decorator.py
[2026-03-01T08:18:28.067+0000] {processor.py:840} INFO - DAG(s) 'example_python_decorator' retrieved from /home/airflow/.local/lib/python3.8/site-packages/airflow/example_dags/example_python_decorator.py
[2026-03-01T08:18:28.086+0000] {logging_mixin.py:188} INFO - [2026-03-01T08:18:28.085+0000] {dag.py:3036} INFO - Sync 1 DAGs
[2026-03-01T08:18:28.094+0000] {logging_mixin.py:188} INFO - [2026-03-01T08:18:28.093+0000] {dag.py:3823} INFO - Setting next_dagrun for example_python_decorator to None, run_after=None
[2026-03-01T08:18:28.110+0000] {processor.py:183} INFO - Processing /home/airflow/.local/lib/python3.8/site-packages/airflow/example_dags/example_python_decorator.py took 0.058 seconds
[2026-03-01T08:18:58.378+0000] {processor.py:161} INFO - Started process (PID=1433) to work on /home/airflow/.local/lib/python3.8/site-packages/airflow/example_dags/example_python_decorator.py
[2026-03-01T08:18:58.379+0000] {processor.py:830} INFO - Processing file /home/airflow/.local/lib/python3.8/site-packages/airflow/example_dags/example_python_decorator.py for tasks to queue
[2026-03-01T08:18:58.381+0000] {logging_mixin.py:188} INFO - [2026-03-01T08:18:58.381+0000] {dagbag.py:538} INFO - Filling up the DagBag from /home/airflow/.local/lib/python3.8/site-packages/airflow/example_dags/example_python_decorator.py
[2026-03-01T08:18:58.391+0000] {processor.py:840} INFO - DAG(s) 'example_python_decorator' retrieved from /home/airflow/.local/lib/python3.8/site-packages/airflow/example_dags/example_python_decorator.py
[2026-03-01T08:18:58.407+0000] {logging_mixin.py:188} INFO - [2026-03-01T08:18:58.407+0000] {dag.py:3036} INFO - Sync 1 DAGs
[2026-03-01T08:18:58.416+0000] {logging_mixin.py:188} INFO - [2026-03-01T08:18:58.416+0000] {dag.py:3823} INFO - Setting next_dagrun for example_python_decorator to None, run_after=None
[2026-03-01T08:18:58.432+0000] {processor.py:183} INFO - Processing /home/airflow/.local/lib/python3.8/site-packages/airflow/example_dags/example_python_decorator.py took 0.056 seconds
[2026-03-01T08:19:28.602+0000] {processor.py:161} INFO - Started process (PID=1489) to work on /home/airflow/.local/lib/python3.8/site-packages/airflow/example_dags/example_python_decorator.py
[2026-03-01T08:19:28.604+0000] {processor.py:830} INFO - Processing file /home/airflow/.local/lib/python3.8/site-packages/airflow/example_dags/example_python_decorator.py for tasks to queue
[2026-03-01T08:19:28.605+0000] {logging_mixin.py:188} INFO - [2026-03-01T08:19:28.605+0000] {dagbag.py:538} INFO - Filling up the DagBag from /home/airflow/.local/lib/python3.8/site-packages/airflow/example_dags/example_python_decorator.py
[2026-03-01T08:19:28.614+0000] {processor.py:840} INFO - DAG(s) 'example_python_decorator' retrieved from /home/airflow/.local/lib/python3.8/site-packages/airflow/example_dags/example_python_decorator.py
[2026-03-01T08:19:28.631+0000] {logging_mixin.py:188} INFO - [2026-03-01T08:19:28.631+0000] {dag.py:3036} INFO - Sync 1 DAGs
[2026-03-01T08:19:28.640+0000] {logging_mixin.py:188} INFO - [2026-03-01T08:19:28.640+0000] {dag.py:3823} INFO - Setting next_dagrun for example_python_decorator to None, run_after=None
[2026-03-01T08:19:28.655+0000] {processor.py:183} INFO - Processing /home/airflow/.local/lib/python3.8/site-packages/airflow/example_dags/example_python_decorator.py took 0.054 seconds
[2026-03-01T08:19:58.793+0000] {processor.py:161} INFO - Started process (PID=1544) to work on /home/airflow/.local/lib/python3.8/site-packages/airflow/example_dags/example_python_decorator.py
[2026-03-01T08:19:58.794+0000] {processor.py:830} INFO - Processing file /home/airflow/.local/lib/python3.8/site-packages/airflow/example_dags/example_python_decorator.py for tasks to queue
[2026-03-01T08:19:58.796+0000] {logging_mixin.py:188} INFO - [2026-03-01T08:19:58.796+0000] {dagbag.py:538} INFO - Filling up the DagBag from /home/airflow/.local/lib/python3.8/site-packages/airflow/example_dags/example_python_decorator.py
[2026-03-01T08:19:58.806+0000] {processor.py:840} INFO - DAG(s) 'example_python_decorator' retrieved from /home/airflow/.local/lib/python3.8/site-packages/airflow/example_dags/example_python_decorator.py
[2026-03-01T08:19:58.823+0000] {logging_mixin.py:188} INFO - [2026-03-01T08:19:58.822+0000] {dag.py:3036} INFO - Sync 1 DAGs
[2026-03-01T08:19:58.831+0000] {logging_mixin.py:188} INFO - [2026-03-01T08:19:58.831+0000] {dag.py:3823} INFO - Setting next_dagrun for example_python_decorator to None, run_after=None
[2026-03-01T08:19:58.845+0000] {processor.py:183} INFO - Processing /home/airflow/.local/lib/python3.8/site-packages/airflow/example_dags/example_python_decorator.py took 0.056 seconds
[2026-03-01T08:20:29.114+0000] {processor.py:161} INFO - Started process (PID=1601) to work on /home/airflow/.local/lib/python3.8/site-packages/airflow/example_dags/example_python_decorator.py
[2026-03-01T08:20:29.115+0000] {processor.py:830} INFO - Processing file /home/airflow/.local/lib/python3.8/site-packages/airflow/example_dags/example_python_decorator.py for tasks to queue
[2026-03-01T08:20:29.117+0000] {logging_mixin.py:188} INFO - [2026-03-01T08:20:29.117+0000] {dagbag.py:538} INFO - Filling up the DagBag from /home/airflow/.local/lib/python3.8/site-packages/airflow/example_dags/example_python_decorator.py
[2026-03-01T08:20:29.125+0000] {processor.py:840} INFO - DAG(s) 'example_python_decorator' retrieved from /home/airflow/.local/lib/python3.8/site-packages/airflow/example_dags/example_python_decorator.py
[2026-03-01T08:20:29.141+0000] {logging_mixin.py:188} INFO - [2026-03-01T08:20:29.140+0000] {dag.py:3036} INFO - Sync 1 DAGs
[2026-03-01T08:20:29.149+0000] {logging_mixin.py:188} INFO - [2026-03-01T08:20:29.148+0000] {dag.py:3823} INFO - Setting next_dagrun for example_python_decorator to None, run_after=None
[2026-03-01T08:20:29.164+0000] {processor.py:183} INFO - Processing /home/airflow/.local/lib/python3.8/site-packages/airflow/example_dags/example_python_decorator.py took 0.052 seconds
[2026-03-01T08:21:00.120+0000] {processor.py:161} INFO - Started process (PID=1657) to work on /home/airflow/.local/lib/python3.8/site-packages/airflow/example_dags/example_python_decorator.py
[2026-03-01T08:21:00.121+0000] {processor.py:830} INFO - Processing file /home/airflow/.local/lib/python3.8/site-packages/airflow/example_dags/example_python_decorator.py for tasks to queue
[2026-03-01T08:21:00.122+0000] {logging_mixin.py:188} INFO - [2026-03-01T08:21:00.122+0000] {dagbag.py:538} INFO - Filling up the DagBag from /home/airflow/.local/lib/python3.8/site-packages/airflow/example_dags/example_python_decorator.py
[2026-03-01T08:21:00.131+0000] {processor.py:840} INFO - DAG(s) 'example_python_decorator' retrieved from /home/airflow/.local/lib/python3.8/site-packages/airflow/example_dags/example_python_decorator.py
[2026-03-01T08:21:00.146+0000] {logging_mixin.py:188} INFO - [2026-03-01T08:21:00.146+0000] {dag.py:3036} INFO - Sync 1 DAGs
[2026-03-01T08:21:00.154+0000] {logging_mixin.py:188} INFO - [2026-03-01T08:21:00.154+0000] {dag.py:3823} INFO - Setting next_dagrun for example_python_decorator to None, run_after=None
[2026-03-01T08:21:00.165+0000] {processor.py:183} INFO - Processing /home/airflow/.local/lib/python3.8/site-packages/airflow/example_dags/example_python_decorator.py took 0.048 seconds
[2026-03-01T08:21:30.408+0000] {processor.py:161} INFO - Started process (PID=1712) to work on /home/airflow/.local/lib/python3.8/site-packages/airflow/example_dags/example_python_decorator.py
[2026-03-01T08:21:30.410+0000] {processor.py:830} INFO - Processing file /home/airflow/.local/lib/python3.8/site-packages/airflow/example_dags/example_python_decorator.py for tasks to queue
[2026-03-01T08:21:30.412+0000] {logging_mixin.py:188} INFO - [2026-03-01T08:21:30.411+0000] {dagbag.py:538} INFO - Filling up the DagBag from /home/airflow/.local/lib/python3.8/site-packages/airflow/example_dags/example_python_decorator.py
[2026-03-01T08:21:30.421+0000] {processor.py:840} INFO - DAG(s) 'example_python_decorator' retrieved from /home/airflow/.local/lib/python3.8/site-packages/airflow/example_dags/example_python_decorator.py
[2026-03-01T08:21:30.437+0000] {logging_mixin.py:188} INFO - [2026-03-01T08:21:30.437+0000] {dag.py:3036} INFO - Sync 1 DAGs
[2026-03-01T08:21:30.447+0000] {logging_mixin.py:188} INFO - [2026-03-01T08:21:30.447+0000] {dag.py:3823} INFO - Setting next_dagrun for example_python_decorator to None, run_after=None
[2026-03-01T08:21:30.463+0000] {processor.py:183} INFO - Processing /home/airflow/.local/lib/python3.8/site-packages/airflow/example_dags/example_python_decorator.py took 0.058 seconds
[2026-03-01T08:22:00.816+0000] {processor.py:161} INFO - Started process (PID=1768) to work on /home/airflow/.local/lib/python3.8/site-packages/airflow/example_dags/example_python_decorator.py
[2026-03-01T08:22:00.817+0000] {processor.py:830} INFO - Processing file /home/airflow/.local/lib/python3.8/site-packages/airflow/example_dags/example_python_decorator.py for tasks to queue
[2026-03-01T08:22:00.819+0000] {logging_mixin.py:188} INFO - [2026-03-01T08:22:00.819+0000] {dagbag.py:538} INFO - Filling up the DagBag from /home/airflow/.local/lib/python3.8/site-packages/airflow/example_dags/example_python_decorator.py
[2026-03-01T08:22:00.830+0000] {processor.py:840} INFO - DAG(s) 'example_python_decorator' retrieved from /home/airflow/.local/lib/python3.8/site-packages/airflow/example_dags/example_python_decorator.py
[2026-03-01T08:22:00.846+0000] {logging_mixin.py:188} INFO - [2026-03-01T08:22:00.846+0000] {dag.py:3036} INFO - Sync 1 DAGs
[2026-03-01T08:22:00.855+0000] {logging_mixin.py:188} INFO - [2026-03-01T08:22:00.855+0000] {dag.py:3823} INFO - Setting next_dagrun for example_python_decorator to None, run_after=None
[2026-03-01T08:22:00.869+0000] {processor.py:183} INFO - Processing /home/airflow/.local/lib/python3.8/site-packages/airflow/example_dags/example_python_decorator.py took 0.055 seconds
[2026-03-01T08:22:31.140+0000] {processor.py:161} INFO - Started process (PID=1824) to work on /home/airflow/.local/lib/python3.8/site-packages/airflow/example_dags/example_python_decorator.py
[2026-03-01T08:22:31.141+0000] {processor.py:830} INFO - Processing file /home/airflow/.local/lib/python3.8/site-packages/airflow/example_dags/example_python_decorator.py for tasks to queue
[2026-03-01T08:22:31.143+0000] {logging_mixin.py:188} INFO - [2026-03-01T08:22:31.143+0000] {dagbag.py:538} INFO - Filling up the DagBag from /home/airflow/.local/lib/python3.8/site-packages/airflow/example_dags/example_python_decorator.py
[2026-03-01T08:22:31.153+0000] {processor.py:840} INFO - DAG(s) 'example_python_decorator' retrieved from /home/airflow/.local/lib/python3.8/site-packages/airflow/example_dags/example_python_decorator.py
[2026-03-01T08:22:31.170+0000] {logging_mixin.py:188} INFO - [2026-03-01T08:22:31.170+0000] {dag.py:3036} INFO - Sync 1 DAGs
[2026-03-01T08:22:31.179+0000] {logging_mixin.py:188} INFO - [2026-03-01T08:22:31.179+0000] {dag.py:3823} INFO - Setting next_dagrun for example_python_decorator to None, run_after=None
[2026-03-01T08:22:31.194+0000] {processor.py:183} INFO - Processing /home/airflow/.local/lib/python3.8/site-packages/airflow/example_dags/example_python_decorator.py took 0.057 seconds
[2026-03-01T08:23:01.587+0000] {processor.py:161} INFO - Started process (PID=1880) to work on /home/airflow/.local/lib/python3.8/site-packages/airflow/example_dags/example_python_decorator.py
[2026-03-01T08:23:01.588+0000] {processor.py:830} INFO - Processing file /home/airflow/.local/lib/python3.8/site-packages/airflow/example_dags/example_python_decorator.py for tasks to queue
[2026-03-01T08:23:01.590+0000] {logging_mixin.py:188} INFO - [2026-03-01T08:23:01.590+0000] {dagbag.py:538} INFO - Filling up the DagBag from /home/airflow/.local/lib/python3.8/site-packages/airflow/example_dags/example_python_decorator.py
[2026-03-01T08:23:01.599+0000] {processor.py:840} INFO - DAG(s) 'example_python_decorator' retrieved from /home/airflow/.local/lib/python3.8/site-packages/airflow/example_dags/example_python_decorator.py
[2026-03-01T08:23:01.614+0000] {logging_mixin.py:188} INFO - [2026-03-01T08:23:01.614+0000] {dag.py:3036} INFO - Sync 1 DAGs
[2026-03-01T08:23:01.622+0000] {logging_mixin.py:188} INFO - [2026-03-01T08:23:01.622+0000] {dag.py:3823} INFO - Setting next_dagrun for example_python_decorator to None, run_after=None
[2026-03-01T08:23:01.635+0000] {processor.py:183} INFO - Processing /home/airflow/.local/lib/python3.8/site-packages/airflow/example_dags/example_python_decorator.py took 0.050 seconds
[2026-03-01T08:23:31.831+0000] {processor.py:161} INFO - Started process (PID=1936) to work on /home/airflow/.local/lib/python3.8/site-packages/airflow/example_dags/example_python_decorator.py
[2026-03-01T08:23:31.833+0000] {processor.py:830} INFO - Processing file /home/airflow/.local/lib/python3.8/site-packages/airflow/example_dags/example_python_decorator.py for tasks to queue
[2026-03-01T08:23:31.835+0000] {logging_mixin.py:188} INFO - [2026-03-01T08:23:31.835+0000] {dagbag.py:538} INFO - Filling up the DagBag from /home/airflow/.local/lib/python3.8/site-packages/airflow/example_dags/example_python_decorator.py
[2026-03-01T08:23:31.843+0000] {processor.py:840} INFO - DAG(s) 'example_python_decorator' retrieved from /home/airflow/.local/lib/python3.8/site-packages/airflow/example_dags/example_python_decorator.py
[2026-03-01T08:23:31.860+0000] {logging_mixin.py:188} INFO - [2026-03-01T08:23:31.859+0000] {dag.py:3036} INFO - Sync 1 DAGs
[2026-03-01T08:23:31.869+0000] {logging_mixin.py:188} INFO - [2026-03-01T08:23:31.868+0000] {dag.py:3823} INFO - Setting next_dagrun for example_python_decorator to None, run_after=None
[2026-03-01T08:23:31.883+0000] {processor.py:183} INFO - Processing /home/airflow/.local/lib/python3.8/site-packages/airflow/example_dags/example_python_decorator.py took 0.055 seconds
[2026-03-01T08:24:02.102+0000] {processor.py:161} INFO - Started process (PID=1992) to work on /home/airflow/.local/lib/python3.8/site-packages/airflow/example_dags/example_python_decorator.py
[2026-03-01T08:24:02.103+0000] {processor.py:830} INFO - Processing file /home/airflow/.local/lib/python3.8/site-packages/airflow/example_dags/example_python_decorator.py for tasks to queue
[2026-03-01T08:24:02.105+0000] {logging_mixin.py:188} INFO - [2026-03-01T08:24:02.105+0000] {dagbag.py:538} INFO - Filling up the DagBag from /home/airflow/.local/lib/python3.8/site-packages/airflow/example_dags/example_python_decorator.py
[2026-03-01T08:24:02.114+0000] {processor.py:840} INFO - DAG(s) 'example_python_decorator' retrieved from /home/airflow/.local/lib/python3.8/site-packages/airflow/example_dags/example_python_decorator.py
[2026-03-01T08:24:02.130+0000] {logging_mixin.py:188} INFO - [2026-03-01T08:24:02.130+0000] {dag.py:3036} INFO - Sync 1 DAGs
[2026-03-01T08:24:02.137+0000] {logging_mixin.py:188} INFO - [2026-03-01T08:24:02.137+0000] {dag.py:3823} INFO - Setting next_dagrun for example_python_decorator to None, run_after=None
[2026-03-01T08:24:02.152+0000] {processor.py:183} INFO - Processing /home/airflow/.local/lib/python3.8/site-packages/airflow/example_dags/example_python_decorator.py took 0.052 seconds
[2026-03-01T08:24:32.369+0000] {processor.py:161} INFO - Started process (PID=2048) to work on /home/airflow/.local/lib/python3.8/site-packages/airflow/example_dags/example_python_decorator.py
[2026-03-01T08:24:32.370+0000] {processor.py:830} INFO - Processing file /home/airflow/.local/lib/python3.8/site-packages/airflow/example_dags/example_python_decorator.py for tasks to queue
[2026-03-01T08:24:32.371+0000] {logging_mixin.py:188} INFO - [2026-03-01T08:24:32.371+0000] {dagbag.py:538} INFO - Filling up the DagBag from /home/airflow/.local/lib/python3.8/site-packages/airflow/example_dags/example_python_decorator.py
[2026-03-01T08:24:32.380+0000] {processor.py:840} INFO - DAG(s) 'example_python_decorator' retrieved from /home/airflow/.local/lib/python3.8/site-packages/airflow/example_dags/example_python_decorator.py
[2026-03-01T08:24:32.396+0000] {logging_mixin.py:188} INFO - [2026-03-01T08:24:32.396+0000] {dag.py:3036} INFO - Sync 1 DAGs
[2026-03-01T08:24:32.405+0000] {logging_mixin.py:188} INFO - [2026-03-01T08:24:32.404+0000] {dag.py:3823} INFO - Setting next_dagrun for example_python_decorator to None, run_after=None
[2026-03-01T08:24:32.419+0000] {processor.py:183} INFO - Processing /home/airflow/.local/lib/python3.8/site-packages/airflow/example_dags/example_python_decorator.py took 0.053 seconds
[2026-03-01T08:25:02.597+0000] {processor.py:161} INFO - Started process (PID=2108) to work on /home/airflow/.local/lib/python3.8/site-packages/airflow/example_dags/example_python_decorator.py
[2026-03-01T08:25:02.598+0000] {processor.py:830} INFO - Processing file /home/airflow/.local/lib/python3.8/site-packages/airflow/example_dags/example_python_decorator.py for tasks to queue
[2026-03-01T08:25:02.600+0000] {logging_mixin.py:188} INFO - [2026-03-01T08:25:02.600+0000] {dagbag.py:538} INFO - Filling up the DagBag from /home/airflow/.local/lib/python3.8/site-packages/airflow/example_dags/example_python_decorator.py
[2026-03-01T08:25:02.609+0000] {processor.py:840} INFO - DAG(s) 'example_python_decorator' retrieved from /home/airflow/.local/lib/python3.8/site-packages/airflow/example_dags/example_python_decorator.py
[2026-03-01T08:25:02.628+0000] {logging_mixin.py:188} INFO - [2026-03-01T08:25:02.628+0000] {dag.py:3036} INFO - Sync 1 DAGs
[2026-03-01T08:25:02.636+0000] {logging_mixin.py:188} INFO - [2026-03-01T08:25:02.636+0000] {dag.py:3823} INFO - Setting next_dagrun for example_python_decorator to None, run_after=None
[2026-03-01T08:25:02.649+0000] {processor.py:183} INFO - Processing /home/airflow/.local/lib/python3.8/site-packages/airflow/example_dags/example_python_decorator.py took 0.055 seconds
[2026-03-01T08:25:32.959+0000] {processor.py:161} INFO - Started process (PID=2164) to work on /home/airflow/.local/lib/python3.8/site-packages/airflow/example_dags/example_python_decorator.py
[2026-03-01T08:25:32.961+0000] {processor.py:830} INFO - Processing file /home/airflow/.local/lib/python3.8/site-packages/airflow/example_dags/example_python_decorator.py for tasks to queue
[2026-03-01T08:25:32.962+0000] {logging_mixin.py:188} INFO - [2026-03-01T08:25:32.962+0000] {dagbag.py:538} INFO - Filling up the DagBag from /home/airflow/.local/lib/python3.8/site-packages/airflow/example_dags/example_python_decorator.py
[2026-03-01T08:25:32.970+0000] {processor.py:840} INFO - DAG(s) 'example_python_decorator' retrieved from /home/airflow/.local/lib/python3.8/site-packages/airflow/example_dags/example_python_decorator.py
[2026-03-01T08:25:32.991+0000] {logging_mixin.py:188} INFO - [2026-03-01T08:25:32.991+0000] {dag.py:3036} INFO - Sync 1 DAGs
[2026-03-01T08:25:33.000+0000] {logging_mixin.py:188} INFO - [2026-03-01T08:25:33.000+0000] {dag.py:3823} INFO - Setting next_dagrun for example_python_decorator to None, run_after=None
[2026-03-01T08:25:33.015+0000] {processor.py:183} INFO - Processing /home/airflow/.local/lib/python3.8/site-packages/airflow/example_dags/example_python_decorator.py took 0.058 seconds
[2026-03-01T08:26:03.085+0000] {processor.py:161} INFO - Started process (PID=2220) to work on /home/airflow/.local/lib/python3.8/site-packages/airflow/example_dags/example_python_decorator.py
[2026-03-01T08:26:03.086+0000] {processor.py:830} INFO - Processing file /home/airflow/.local/lib/python3.8/site-packages/airflow/example_dags/example_python_decorator.py for tasks to queue
[2026-03-01T08:26:03.087+0000] {logging_mixin.py:188} INFO - [2026-03-01T08:26:03.087+0000] {dagbag.py:538} INFO - Filling up the DagBag from /home/airflow/.local/lib/python3.8/site-packages/airflow/example_dags/example_python_decorator.py
[2026-03-01T08:26:03.095+0000] {processor.py:840} INFO - DAG(s) 'example_python_decorator' retrieved from /home/airflow/.local/lib/python3.8/site-packages/airflow/example_dags/example_python_decorator.py
[2026-03-01T08:26:03.110+0000] {logging_mixin.py:188} INFO - [2026-03-01T08:26:03.110+0000] {dag.py:3036} INFO - Sync 1 DAGs
[2026-03-01T08:26:03.117+0000] {logging_mixin.py:188} INFO - [2026-03-01T08:26:03.117+0000] {dag.py:3823} INFO - Setting next_dagrun for example_python_decorator to None, run_after=None
[2026-03-01T08:26:03.130+0000] {processor.py:183} INFO - Processing /home/airflow/.local/lib/python3.8/site-packages/airflow/example_dags/example_python_decorator.py took 0.047 seconds
[2026-03-01T08:26:33.496+0000] {processor.py:161} INFO - Started process (PID=2276) to work on /home/airflow/.local/lib/python3.8/site-packages/airflow/example_dags/example_python_decorator.py
[2026-03-01T08:26:33.497+0000] {processor.py:830} INFO - Processing file /home/airflow/.local/lib/python3.8/site-packages/airflow/example_dags/example_python_decorator.py for tasks to queue
[2026-03-01T08:26:33.498+0000] {logging_mixin.py:188} INFO - [2026-03-01T08:26:33.498+0000] {dagbag.py:538} INFO - Filling up the DagBag from /home/airflow/.local/lib/python3.8/site-packages/airflow/example_dags/example_python_decorator.py
[2026-03-01T08:26:33.507+0000] {processor.py:840} INFO - DAG(s) 'example_python_decorator' retrieved from /home/airflow/.local/lib/python3.8/site-packages/airflow/example_dags/example_python_decorator.py
[2026-03-01T08:26:33.522+0000] {logging_mixin.py:188} INFO - [2026-03-01T08:26:33.522+0000] {dag.py:3036} INFO - Sync 1 DAGs
[2026-03-01T08:26:33.530+0000] {logging_mixin.py:188} INFO - [2026-03-01T08:26:33.530+0000] {dag.py:3823} INFO - Setting next_dagrun for example_python_decorator to None, run_after=None
[2026-03-01T08:26:33.543+0000] {processor.py:183} INFO - Processing /home/airflow/.local/lib/python3.8/site-packages/airflow/example_dags/example_python_decorator.py took 0.049 seconds
[2026-03-01T08:27:03.882+0000] {processor.py:161} INFO - Started process (PID=2332) to work on /home/airflow/.local/lib/python3.8/site-packages/airflow/example_dags/example_python_decorator.py
[2026-03-01T08:27:03.883+0000] {processor.py:830} INFO - Processing file /home/airflow/.local/lib/python3.8/site-packages/airflow/example_dags/example_python_decorator.py for tasks to queue
[2026-03-01T08:27:03.885+0000] {logging_mixin.py:188} INFO - [2026-03-01T08:27:03.885+0000] {dagbag.py:538} INFO - Filling up the DagBag from /home/airflow/.local/lib/python3.8/site-packages/airflow/example_dags/example_python_decorator.py
[2026-03-01T08:27:03.893+0000] {processor.py:840} INFO - DAG(s) 'example_python_decorator' retrieved from /home/airflow/.local/lib/python3.8/site-packages/airflow/example_dags/example_python_decorator.py
[2026-03-01T08:27:03.910+0000] {logging_mixin.py:188} INFO - [2026-03-01T08:27:03.910+0000] {dag.py:3036} INFO - Sync 1 DAGs
[2026-03-01T08:27:03.920+0000] {logging_mixin.py:188} INFO - [2026-03-01T08:27:03.920+0000] {dag.py:3823} INFO - Setting next_dagrun for example_python_decorator to None, run_after=None
[2026-03-01T08:27:03.931+0000] {processor.py:183} INFO - Processing /home/airflow/.local/lib/python3.8/site-packages/airflow/example_dags/example_python_decorator.py took 0.052 seconds
[2026-03-01T08:27:34.106+0000] {processor.py:161} INFO - Started process (PID=2387) to work on /home/airflow/.local/lib/python3.8/site-packages/airflow/example_dags/example_python_decorator.py
[2026-03-01T08:27:34.107+0000] {processor.py:830} INFO - Processing file /home/airflow/.local/lib/python3.8/site-packages/airflow/example_dags/example_python_decorator.py for tasks to queue
[2026-03-01T08:27:34.109+0000] {logging_mixin.py:188} INFO - [2026-03-01T08:27:34.109+0000] {dagbag.py:538} INFO - Filling up the DagBag from /home/airflow/.local/lib/python3.8/site-packages/airflow/example_dags/example_python_decorator.py
[2026-03-01T08:27:34.117+0000] {processor.py:840} INFO - DAG(s) 'example_python_decorator' retrieved from /home/airflow/.local/lib/python3.8/site-packages/airflow/example_dags/example_python_decorator.py
[2026-03-01T08:27:34.133+0000] {logging_mixin.py:188} INFO - [2026-03-01T08:27:34.133+0000] {dag.py:3036} INFO - Sync 1 DAGs
[2026-03-01T08:27:34.140+0000] {logging_mixin.py:188} INFO - [2026-03-01T08:27:34.140+0000] {dag.py:3823} INFO - Setting next_dagrun for example_python_decorator to None, run_after=None
[2026-03-01T08:27:34.153+0000] {processor.py:183} INFO - Processing /home/airflow/.local/lib/python3.8/site-packages/airflow/example_dags/example_python_decorator.py took 0.050 seconds
[2026-03-01T08:28:04.311+0000] {processor.py:161} INFO - Started process (PID=2442) to work on /home/airflow/.local/lib/python3.8/site-packages/airflow/example_dags/example_python_decorator.py
[2026-03-01T08:28:04.312+0000] {processor.py:830} INFO - Processing file /home/airflow/.local/lib/python3.8/site-packages/airflow/example_dags/example_python_decorator.py for tasks to queue
[2026-03-01T08:28:04.314+0000] {logging_mixin.py:188} INFO - [2026-03-01T08:28:04.314+0000] {dagbag.py:538} INFO - Filling up the DagBag from /home/airflow/.local/lib/python3.8/site-packages/airflow/example_dags/example_python_decorator.py
[2026-03-01T08:28:04.322+0000] {processor.py:840} INFO - DAG(s) 'example_python_decorator' retrieved from /home/airflow/.local/lib/python3.8/site-packages/airflow/example_dags/example_python_decorator.py
[2026-03-01T08:28:04.337+0000] {logging_mixin.py:188} INFO - [2026-03-01T08:28:04.337+0000] {dag.py:3036} INFO - Sync 1 DAGs
[2026-03-01T08:28:04.345+0000] {logging_mixin.py:188} INFO - [2026-03-01T08:28:04.345+0000] {dag.py:3823} INFO - Setting next_dagrun for example_python_decorator to None, run_after=None
[2026-03-01T08:28:04.359+0000] {processor.py:183} INFO - Processing /home/airflow/.local/lib/python3.8/site-packages/airflow/example_dags/example_python_decorator.py took 0.050 seconds
[2026-03-01T08:28:34.491+0000] {processor.py:161} INFO - Started process (PID=2497) to work on /home/airflow/.local/lib/python3.8/site-packages/airflow/example_dags/example_python_decorator.py
[2026-03-01T08:28:34.492+0000] {processor.py:830} INFO - Processing file /home/airflow/.local/lib/python3.8/site-packages/airflow/example_dags/example_python_decorator.py for tasks to queue
[2026-03-01T08:28:34.494+0000] {logging_mixin.py:188} INFO - [2026-03-01T08:28:34.494+0000] {dagbag.py:538} INFO - Filling up the DagBag from /home/airflow/.local/lib/python3.8/site-packages/airflow/example_dags/example_python_decorator.py
[2026-03-01T08:28:34.502+0000] {processor.py:840} INFO - DAG(s) 'example_python_decorator' retrieved from /home/airflow/.local/lib/python3.8/site-packages/airflow/example_dags/example_python_decorator.py
[2026-03-01T08:28:34.517+0000] {logging_mixin.py:188} INFO - [2026-03-01T08:28:34.517+0000] {dag.py:3036} INFO - Sync 1 DAGs
[2026-03-01T08:28:34.525+0000] {logging_mixin.py:188} INFO - [2026-03-01T08:28:34.525+0000] {dag.py:3823} INFO - Setting next_dagrun for example_python_decorator to None, run_after=None
[2026-03-01T08:28:34.539+0000] {processor.py:183} INFO - Processing /home/airflow/.local/lib/python3.8/site-packages/airflow/example_dags/example_python_decorator.py took 0.050 seconds
[2026-03-01T08:29:04.896+0000] {processor.py:161} INFO - Started process (PID=2553) to work on /home/airflow/.local/lib/python3.8/site-packages/airflow/example_dags/example_python_decorator.py
[2026-03-01T08:29:04.897+0000] {processor.py:830} INFO - Processing file /home/airflow/.local/lib/python3.8/site-packages/airflow/example_dags/example_python_decorator.py for tasks to queue
[2026-03-01T08:29:04.899+0000] {logging_mixin.py:188} INFO - [2026-03-01T08:29:04.899+0000] {dagbag.py:538} INFO - Filling up the DagBag from /home/airflow/.local/lib/python3.8/site-packages/airflow/example_dags/example_python_decorator.py
[2026-03-01T08:29:04.909+0000] {processor.py:840} INFO - DAG(s) 'example_python_decorator' retrieved from /home/airflow/.local/lib/python3.8/site-packages/airflow/example_dags/example_python_decorator.py
[2026-03-01T08:29:04.923+0000] {logging_mixin.py:188} INFO - [2026-03-01T08:29:04.923+0000] {dag.py:3036} INFO - Sync 1 DAGs
[2026-03-01T08:29:04.931+0000] {logging_mixin.py:188} INFO - [2026-03-01T08:29:04.931+0000] {dag.py:3823} INFO - Setting next_dagrun for example_python_decorator to None, run_after=None
[2026-03-01T08:29:04.943+0000] {processor.py:183} INFO - Processing /home/airflow/.local/lib/python3.8/site-packages/airflow/example_dags/example_python_decorator.py took 0.050 seconds
[2026-03-01T08:29:35.381+0000] {processor.py:161} INFO - Started process (PID=2609) to work on /home/airflow/.local/lib/python3.8/site-packages/airflow/example_dags/example_python_decorator.py
[2026-03-01T08:29:35.382+0000] {processor.py:830} INFO - Processing file /home/airflow/.local/lib/python3.8/site-packages/airflow/example_dags/example_python_decorator.py for tasks to queue
[2026-03-01T08:29:35.384+0000] {logging_mixin.py:188} INFO - [2026-03-01T08:29:35.384+0000] {dagbag.py:538} INFO - Filling up the DagBag from /home/airflow/.local/lib/python3.8/site-packages/airflow/example_dags/example_python_decorator.py
[2026-03-01T08:29:35.395+0000] {processor.py:840} INFO - DAG(s) 'example_python_decorator' retrieved from /home/airflow/.local/lib/python3.8/site-packages/airflow/example_dags/example_python_decorator.py
[2026-03-01T08:29:35.412+0000] {logging_mixin.py:188} INFO - [2026-03-01T08:29:35.412+0000] {dag.py:3036} INFO - Sync 1 DAGs
[2026-03-01T08:29:35.420+0000] {logging_mixin.py:188} INFO - [2026-03-01T08:29:35.420+0000] {dag.py:3823} INFO - Setting next_dagrun for example_python_decorator to None, run_after=None
[2026-03-01T08:29:35.433+0000] {processor.py:183} INFO - Processing /home/airflow/.local/lib/python3.8/site-packages/airflow/example_dags/example_python_decorator.py took 0.055 seconds
[2026-03-01T08:30:06.112+0000] {processor.py:161} INFO - Started process (PID=2665) to work on /home/airflow/.local/lib/python3.8/site-packages/airflow/example_dags/example_python_decorator.py
[2026-03-01T08:30:06.113+0000] {processor.py:830} INFO - Processing file /home/airflow/.local/lib/python3.8/site-packages/airflow/example_dags/example_python_decorator.py for tasks to queue
[2026-03-01T08:30:06.115+0000] {logging_mixin.py:188} INFO - [2026-03-01T08:30:06.115+0000] {dagbag.py:538} INFO - Filling up the DagBag from /home/airflow/.local/lib/python3.8/site-packages/airflow/example_dags/example_python_decorator.py
[2026-03-01T08:30:06.123+0000] {processor.py:840} INFO - DAG(s) 'example_python_decorator' retrieved from /home/airflow/.local/lib/python3.8/site-packages/airflow/example_dags/example_python_decorator.py
[2026-03-01T08:30:06.139+0000] {logging_mixin.py:188} INFO - [2026-03-01T08:30:06.139+0000] {dag.py:3036} INFO - Sync 1 DAGs
[2026-03-01T08:30:06.147+0000] {logging_mixin.py:188} INFO - [2026-03-01T08:30:06.147+0000] {dag.py:3823} INFO - Setting next_dagrun for example_python_decorator to None, run_after=None
[2026-03-01T08:30:06.160+0000] {processor.py:183} INFO - Processing /home/airflow/.local/lib/python3.8/site-packages/airflow/example_dags/example_python_decorator.py took 0.050 seconds
