[2026-03-01T08:07:46.634+0000] {processor.py:161} INFO - Started process (PID=63) to work on /home/airflow/.local/lib/python3.8/site-packages/airflow/example_dags/example_xcom.py
[2026-03-01T08:07:46.635+0000] {processor.py:830} INFO - Processing file /home/airflow/.local/lib/python3.8/site-packages/airflow/example_dags/example_xcom.py for tasks to queue
[2026-03-01T08:07:46.638+0000] {logging_mixin.py:188} INFO - [2026-03-01T08:07:46.637+0000] {dagbag.py:538} INFO - Filling up the DagBag from /home/airflow/.local/lib/python3.8/site-packages/airflow/example_dags/example_xcom.py
[2026-03-01T08:07:46.651+0000] {processor.py:840} INFO - DAG(s) 'example_xcom' retrieved from /home/airflow/.local/lib/python3.8/site-packages/airflow/example_dags/example_xcom.py
[2026-03-01T08:07:46.742+0000] {logging_mixin.py:188} INFO - [2026-03-01T08:07:46.741+0000] {override.py:1769} INFO - Created Permission View: can edit on DAG:example_xcom
[2026-03-01T08:07:46.751+0000] {logging_mixin.py:188} INFO - [2026-03-01T08:07:46.750+0000] {override.py:1769} INFO - Created Permission View: can delete on DAG:example_xcom
[2026-03-01T08:07:46.758+0000] {logging_mixin.py:188} INFO - [2026-03-01T08:07:46.758+0000] {override.py:1769} INFO - Created Permission View: can read on DAG:example_xcom
[2026-03-01T08:07:46.759+0000] {logging_mixin.py:188} INFO - [2026-03-01T08:07:46.759+0000] {dag.py:3036} INFO - Sync 1 DAGs
[2026-03-01T08:07:46.769+0000] {logging_mixin.py:188} INFO - [2026-03-01T08:07:46.769+0000] {dag.py:3058} INFO - Creating ORM DAG for example_xcom
[2026-03-01T08:07:46.777+0000] {logging_mixin.py:188} INFO - [2026-03-01T08:07:46.777+0000] {dag.py:3823} INFO - Setting next_dagrun for example_xcom to 2021-01-01 00:00:00+00:00, run_after=2021-01-01 00:00:00+00:00
[2026-03-01T08:07:46.792+0000] {processor.py:183} INFO - Processing /home/airflow/.local/lib/python3.8/site-packages/airflow/example_dags/example_xcom.py took 0.161 seconds
[2026-03-01T08:08:16.860+0000] {processor.py:161} INFO - Started process (PID=119) to work on /home/airflow/.local/lib/python3.8/site-packages/airflow/example_dags/example_xcom.py
[2026-03-01T08:08:16.861+0000] {processor.py:830} INFO - Processing file /home/airflow/.local/lib/python3.8/site-packages/airflow/example_dags/example_xcom.py for tasks to queue
[2026-03-01T08:08:16.863+0000] {logging_mixin.py:188} INFO - [2026-03-01T08:08:16.863+0000] {dagbag.py:538} INFO - Filling up the DagBag from /home/airflow/.local/lib/python3.8/site-packages/airflow/example_dags/example_xcom.py
[2026-03-01T08:08:16.870+0000] {processor.py:840} INFO - DAG(s) 'example_xcom' retrieved from /home/airflow/.local/lib/python3.8/site-packages/airflow/example_dags/example_xcom.py
[2026-03-01T08:08:16.885+0000] {logging_mixin.py:188} INFO - [2026-03-01T08:08:16.884+0000] {dag.py:3036} INFO - Sync 1 DAGs
[2026-03-01T08:08:16.898+0000] {logging_mixin.py:188} INFO - [2026-03-01T08:08:16.897+0000] {dag.py:3823} INFO - Setting next_dagrun for example_xcom to 2021-01-01 00:00:00+00:00, run_after=2021-01-01 00:00:00+00:00
[2026-03-01T08:08:16.909+0000] {processor.py:183} INFO - Processing /home/airflow/.local/lib/python3.8/site-packages/airflow/example_dags/example_xcom.py took 0.052 seconds
[2026-03-01T08:08:47.267+0000] {processor.py:161} INFO - Started process (PID=174) to work on /home/airflow/.local/lib/python3.8/site-packages/airflow/example_dags/example_xcom.py
[2026-03-01T08:08:47.268+0000] {processor.py:830} INFO - Processing file /home/airflow/.local/lib/python3.8/site-packages/airflow/example_dags/example_xcom.py for tasks to queue
[2026-03-01T08:08:47.270+0000] {logging_mixin.py:188} INFO - [2026-03-01T08:08:47.270+0000] {dagbag.py:538} INFO - Filling up the DagBag from /home/airflow/.local/lib/python3.8/site-packages/airflow/example_dags/example_xcom.py
[2026-03-01T08:08:47.277+0000] {processor.py:840} INFO - DAG(s) 'example_xcom' retrieved from /home/airflow/.local/lib/python3.8/site-packages/airflow/example_dags/example_xcom.py
[2026-03-01T08:08:47.294+0000] {logging_mixin.py:188} INFO - [2026-03-01T08:08:47.294+0000] {dag.py:3036} INFO - Sync 1 DAGs
[2026-03-01T08:08:47.307+0000] {logging_mixin.py:188} INFO - [2026-03-01T08:08:47.307+0000] {dag.py:3823} INFO - Setting next_dagrun for example_xcom to 2021-01-01 00:00:00+00:00, run_after=2021-01-01 00:00:00+00:00
[2026-03-01T08:08:47.320+0000] {processor.py:183} INFO - Processing /home/airflow/.local/lib/python3.8/site-packages/airflow/example_dags/example_xcom.py took 0.055 seconds
[2026-03-01T08:09:17.677+0000] {processor.py:161} INFO - Started process (PID=229) to work on /home/airflow/.local/lib/python3.8/site-packages/airflow/example_dags/example_xcom.py
[2026-03-01T08:09:17.678+0000] {processor.py:830} INFO - Processing file /home/airflow/.local/lib/python3.8/site-packages/airflow/example_dags/example_xcom.py for tasks to queue
[2026-03-01T08:09:17.679+0000] {logging_mixin.py:188} INFO - [2026-03-01T08:09:17.679+0000] {dagbag.py:538} INFO - Filling up the DagBag from /home/airflow/.local/lib/python3.8/site-packages/airflow/example_dags/example_xcom.py
[2026-03-01T08:09:17.684+0000] {processor.py:840} INFO - DAG(s) 'example_xcom' retrieved from /home/airflow/.local/lib/python3.8/site-packages/airflow/example_dags/example_xcom.py
[2026-03-01T08:09:17.697+0000] {logging_mixin.py:188} INFO - [2026-03-01T08:09:17.697+0000] {dag.py:3036} INFO - Sync 1 DAGs
[2026-03-01T08:09:17.710+0000] {logging_mixin.py:188} INFO - [2026-03-01T08:09:17.710+0000] {dag.py:3823} INFO - Setting next_dagrun for example_xcom to 2021-01-01 00:00:00+00:00, run_after=2021-01-01 00:00:00+00:00
[2026-03-01T08:09:17.722+0000] {processor.py:183} INFO - Processing /home/airflow/.local/lib/python3.8/site-packages/airflow/example_dags/example_xcom.py took 0.047 seconds
[2026-03-01T08:09:47.951+0000] {processor.py:161} INFO - Started process (PID=284) to work on /home/airflow/.local/lib/python3.8/site-packages/airflow/example_dags/example_xcom.py
[2026-03-01T08:09:47.952+0000] {processor.py:830} INFO - Processing file /home/airflow/.local/lib/python3.8/site-packages/airflow/example_dags/example_xcom.py for tasks to queue
[2026-03-01T08:09:47.954+0000] {logging_mixin.py:188} INFO - [2026-03-01T08:09:47.954+0000] {dagbag.py:538} INFO - Filling up the DagBag from /home/airflow/.local/lib/python3.8/site-packages/airflow/example_dags/example_xcom.py
[2026-03-01T08:09:47.960+0000] {processor.py:840} INFO - DAG(s) 'example_xcom' retrieved from /home/airflow/.local/lib/python3.8/site-packages/airflow/example_dags/example_xcom.py
[2026-03-01T08:09:47.976+0000] {logging_mixin.py:188} INFO - [2026-03-01T08:09:47.975+0000] {dag.py:3036} INFO - Sync 1 DAGs
[2026-03-01T08:09:47.990+0000] {logging_mixin.py:188} INFO - [2026-03-01T08:09:47.990+0000] {dag.py:3823} INFO - Setting next_dagrun for example_xcom to 2021-01-01 00:00:00+00:00, run_after=2021-01-01 00:00:00+00:00
[2026-03-01T08:09:48.006+0000] {processor.py:183} INFO - Processing /home/airflow/.local/lib/python3.8/site-packages/airflow/example_dags/example_xcom.py took 0.059 seconds
[2026-03-01T08:10:18.604+0000] {processor.py:161} INFO - Started process (PID=339) to work on /home/airflow/.local/lib/python3.8/site-packages/airflow/example_dags/example_xcom.py
[2026-03-01T08:10:18.605+0000] {processor.py:830} INFO - Processing file /home/airflow/.local/lib/python3.8/site-packages/airflow/example_dags/example_xcom.py for tasks to queue
[2026-03-01T08:10:18.606+0000] {logging_mixin.py:188} INFO - [2026-03-01T08:10:18.606+0000] {dagbag.py:538} INFO - Filling up the DagBag from /home/airflow/.local/lib/python3.8/site-packages/airflow/example_dags/example_xcom.py
[2026-03-01T08:10:18.611+0000] {processor.py:840} INFO - DAG(s) 'example_xcom' retrieved from /home/airflow/.local/lib/python3.8/site-packages/airflow/example_dags/example_xcom.py
[2026-03-01T08:10:18.627+0000] {logging_mixin.py:188} INFO - [2026-03-01T08:10:18.627+0000] {dag.py:3036} INFO - Sync 1 DAGs
[2026-03-01T08:10:18.647+0000] {logging_mixin.py:188} INFO - [2026-03-01T08:10:18.646+0000] {dag.py:3823} INFO - Setting next_dagrun for example_xcom to 2021-01-01 00:00:00+00:00, run_after=2021-01-01 00:00:00+00:00
[2026-03-01T08:10:18.666+0000] {processor.py:183} INFO - Processing /home/airflow/.local/lib/python3.8/site-packages/airflow/example_dags/example_xcom.py took 0.064 seconds
[2026-03-01T08:10:49.118+0000] {processor.py:161} INFO - Started process (PID=394) to work on /home/airflow/.local/lib/python3.8/site-packages/airflow/example_dags/example_xcom.py
[2026-03-01T08:10:49.120+0000] {processor.py:830} INFO - Processing file /home/airflow/.local/lib/python3.8/site-packages/airflow/example_dags/example_xcom.py for tasks to queue
[2026-03-01T08:10:49.121+0000] {logging_mixin.py:188} INFO - [2026-03-01T08:10:49.121+0000] {dagbag.py:538} INFO - Filling up the DagBag from /home/airflow/.local/lib/python3.8/site-packages/airflow/example_dags/example_xcom.py
[2026-03-01T08:10:49.127+0000] {processor.py:840} INFO - DAG(s) 'example_xcom' retrieved from /home/airflow/.local/lib/python3.8/site-packages/airflow/example_dags/example_xcom.py
[2026-03-01T08:10:49.146+0000] {logging_mixin.py:188} INFO - [2026-03-01T08:10:49.146+0000] {dag.py:3036} INFO - Sync 1 DAGs
[2026-03-01T08:10:49.162+0000] {logging_mixin.py:188} INFO - [2026-03-01T08:10:49.161+0000] {dag.py:3823} INFO - Setting next_dagrun for example_xcom to 2021-01-01 00:00:00+00:00, run_after=2021-01-01 00:00:00+00:00
[2026-03-01T08:10:49.176+0000] {processor.py:183} INFO - Processing /home/airflow/.local/lib/python3.8/site-packages/airflow/example_dags/example_xcom.py took 0.061 seconds
[2026-03-01T08:11:19.549+0000] {processor.py:161} INFO - Started process (PID=455) to work on /home/airflow/.local/lib/python3.8/site-packages/airflow/example_dags/example_xcom.py
[2026-03-01T08:11:19.550+0000] {processor.py:830} INFO - Processing file /home/airflow/.local/lib/python3.8/site-packages/airflow/example_dags/example_xcom.py for tasks to queue
[2026-03-01T08:11:19.552+0000] {logging_mixin.py:188} INFO - [2026-03-01T08:11:19.552+0000] {dagbag.py:538} INFO - Filling up the DagBag from /home/airflow/.local/lib/python3.8/site-packages/airflow/example_dags/example_xcom.py
[2026-03-01T08:11:19.557+0000] {processor.py:840} INFO - DAG(s) 'example_xcom' retrieved from /home/airflow/.local/lib/python3.8/site-packages/airflow/example_dags/example_xcom.py
[2026-03-01T08:11:19.573+0000] {logging_mixin.py:188} INFO - [2026-03-01T08:11:19.573+0000] {dag.py:3036} INFO - Sync 1 DAGs
[2026-03-01T08:11:19.586+0000] {logging_mixin.py:188} INFO - [2026-03-01T08:11:19.586+0000] {dag.py:3823} INFO - Setting next_dagrun for example_xcom to 2021-01-01 00:00:00+00:00, run_after=2021-01-01 00:00:00+00:00
[2026-03-01T08:11:19.600+0000] {processor.py:183} INFO - Processing /home/airflow/.local/lib/python3.8/site-packages/airflow/example_dags/example_xcom.py took 0.053 seconds
[2026-03-01T08:11:49.962+0000] {processor.py:161} INFO - Started process (PID=516) to work on /home/airflow/.local/lib/python3.8/site-packages/airflow/example_dags/example_xcom.py
[2026-03-01T08:11:49.963+0000] {processor.py:830} INFO - Processing file /home/airflow/.local/lib/python3.8/site-packages/airflow/example_dags/example_xcom.py for tasks to queue
[2026-03-01T08:11:49.964+0000] {logging_mixin.py:188} INFO - [2026-03-01T08:11:49.964+0000] {dagbag.py:538} INFO - Filling up the DagBag from /home/airflow/.local/lib/python3.8/site-packages/airflow/example_dags/example_xcom.py
[2026-03-01T08:11:49.969+0000] {processor.py:840} INFO - DAG(s) 'example_xcom' retrieved from /home/airflow/.local/lib/python3.8/site-packages/airflow/example_dags/example_xcom.py
[2026-03-01T08:11:49.984+0000] {logging_mixin.py:188} INFO - [2026-03-01T08:11:49.984+0000] {dag.py:3036} INFO - Sync 1 DAGs
[2026-03-01T08:11:49.998+0000] {logging_mixin.py:188} INFO - [2026-03-01T08:11:49.997+0000] {dag.py:3823} INFO - Setting next_dagrun for example_xcom to 2021-01-01 00:00:00+00:00, run_after=2021-01-01 00:00:00+00:00
[2026-03-01T08:11:50.008+0000] {processor.py:183} INFO - Processing /home/airflow/.local/lib/python3.8/site-packages/airflow/example_dags/example_xcom.py took 0.049 seconds
[2026-03-01T08:12:20.981+0000] {processor.py:161} INFO - Started process (PID=600) to work on /home/airflow/.local/lib/python3.8/site-packages/airflow/example_dags/example_xcom.py
[2026-03-01T08:12:20.982+0000] {processor.py:830} INFO - Processing file /home/airflow/.local/lib/python3.8/site-packages/airflow/example_dags/example_xcom.py for tasks to queue
[2026-03-01T08:12:20.984+0000] {logging_mixin.py:188} INFO - [2026-03-01T08:12:20.984+0000] {dagbag.py:538} INFO - Filling up the DagBag from /home/airflow/.local/lib/python3.8/site-packages/airflow/example_dags/example_xcom.py
[2026-03-01T08:12:20.990+0000] {processor.py:840} INFO - DAG(s) 'example_xcom' retrieved from /home/airflow/.local/lib/python3.8/site-packages/airflow/example_dags/example_xcom.py
[2026-03-01T08:12:21.005+0000] {logging_mixin.py:188} INFO - [2026-03-01T08:12:21.005+0000] {dag.py:3036} INFO - Sync 1 DAGs
[2026-03-01T08:12:21.019+0000] {logging_mixin.py:188} INFO - [2026-03-01T08:12:21.019+0000] {dag.py:3823} INFO - Setting next_dagrun for example_xcom to 2021-01-01 00:00:00+00:00, run_after=2021-01-01 00:00:00+00:00
[2026-03-01T08:12:21.031+0000] {processor.py:183} INFO - Processing /home/airflow/.local/lib/python3.8/site-packages/airflow/example_dags/example_xcom.py took 0.053 seconds
[2026-03-01T08:12:51.197+0000] {processor.py:161} INFO - Started process (PID=654) to work on /home/airflow/.local/lib/python3.8/site-packages/airflow/example_dags/example_xcom.py
[2026-03-01T08:12:51.198+0000] {processor.py:830} INFO - Processing file /home/airflow/.local/lib/python3.8/site-packages/airflow/example_dags/example_xcom.py for tasks to queue
[2026-03-01T08:12:51.200+0000] {logging_mixin.py:188} INFO - [2026-03-01T08:12:51.200+0000] {dagbag.py:538} INFO - Filling up the DagBag from /home/airflow/.local/lib/python3.8/site-packages/airflow/example_dags/example_xcom.py
[2026-03-01T08:12:51.205+0000] {processor.py:840} INFO - DAG(s) 'example_xcom' retrieved from /home/airflow/.local/lib/python3.8/site-packages/airflow/example_dags/example_xcom.py
[2026-03-01T08:12:51.220+0000] {logging_mixin.py:188} INFO - [2026-03-01T08:12:51.220+0000] {dag.py:3036} INFO - Sync 1 DAGs
[2026-03-01T08:12:51.234+0000] {logging_mixin.py:188} INFO - [2026-03-01T08:12:51.234+0000] {dag.py:3823} INFO - Setting next_dagrun for example_xcom to 2021-01-01 00:00:00+00:00, run_after=2021-01-01 00:00:00+00:00
[2026-03-01T08:12:51.250+0000] {processor.py:183} INFO - Processing /home/airflow/.local/lib/python3.8/site-packages/airflow/example_dags/example_xcom.py took 0.055 seconds
[2026-03-01T08:13:21.421+0000] {processor.py:161} INFO - Started process (PID=709) to work on /home/airflow/.local/lib/python3.8/site-packages/airflow/example_dags/example_xcom.py
[2026-03-01T08:13:21.422+0000] {processor.py:830} INFO - Processing file /home/airflow/.local/lib/python3.8/site-packages/airflow/example_dags/example_xcom.py for tasks to queue
[2026-03-01T08:13:21.424+0000] {logging_mixin.py:188} INFO - [2026-03-01T08:13:21.424+0000] {dagbag.py:538} INFO - Filling up the DagBag from /home/airflow/.local/lib/python3.8/site-packages/airflow/example_dags/example_xcom.py
[2026-03-01T08:13:21.429+0000] {processor.py:840} INFO - DAG(s) 'example_xcom' retrieved from /home/airflow/.local/lib/python3.8/site-packages/airflow/example_dags/example_xcom.py
[2026-03-01T08:13:21.443+0000] {logging_mixin.py:188} INFO - [2026-03-01T08:13:21.443+0000] {dag.py:3036} INFO - Sync 1 DAGs
[2026-03-01T08:13:21.455+0000] {logging_mixin.py:188} INFO - [2026-03-01T08:13:21.455+0000] {dag.py:3823} INFO - Setting next_dagrun for example_xcom to 2021-01-01 00:00:00+00:00, run_after=2021-01-01 00:00:00+00:00
[2026-03-01T08:13:21.468+0000] {processor.py:183} INFO - Processing /home/airflow/.local/lib/python3.8/site-packages/airflow/example_dags/example_xcom.py took 0.050 seconds
[2026-03-01T08:13:51.722+0000] {processor.py:161} INFO - Started process (PID=787) to work on /home/airflow/.local/lib/python3.8/site-packages/airflow/example_dags/example_xcom.py
[2026-03-01T08:13:51.723+0000] {processor.py:830} INFO - Processing file /home/airflow/.local/lib/python3.8/site-packages/airflow/example_dags/example_xcom.py for tasks to queue
[2026-03-01T08:13:51.725+0000] {logging_mixin.py:188} INFO - [2026-03-01T08:13:51.725+0000] {dagbag.py:538} INFO - Filling up the DagBag from /home/airflow/.local/lib/python3.8/site-packages/airflow/example_dags/example_xcom.py
[2026-03-01T08:13:51.731+0000] {processor.py:840} INFO - DAG(s) 'example_xcom' retrieved from /home/airflow/.local/lib/python3.8/site-packages/airflow/example_dags/example_xcom.py
[2026-03-01T08:13:51.747+0000] {logging_mixin.py:188} INFO - [2026-03-01T08:13:51.747+0000] {dag.py:3036} INFO - Sync 1 DAGs
[2026-03-01T08:13:51.761+0000] {logging_mixin.py:188} INFO - [2026-03-01T08:13:51.761+0000] {dag.py:3823} INFO - Setting next_dagrun for example_xcom to 2021-01-01 00:00:00+00:00, run_after=2021-01-01 00:00:00+00:00
[2026-03-01T08:13:51.775+0000] {processor.py:183} INFO - Processing /home/airflow/.local/lib/python3.8/site-packages/airflow/example_dags/example_xcom.py took 0.056 seconds
[2026-03-01T08:14:22.031+0000] {processor.py:161} INFO - Started process (PID=864) to work on /home/airflow/.local/lib/python3.8/site-packages/airflow/example_dags/example_xcom.py
[2026-03-01T08:14:22.032+0000] {processor.py:830} INFO - Processing file /home/airflow/.local/lib/python3.8/site-packages/airflow/example_dags/example_xcom.py for tasks to queue
[2026-03-01T08:14:22.034+0000] {logging_mixin.py:188} INFO - [2026-03-01T08:14:22.033+0000] {dagbag.py:538} INFO - Filling up the DagBag from /home/airflow/.local/lib/python3.8/site-packages/airflow/example_dags/example_xcom.py
[2026-03-01T08:14:22.039+0000] {processor.py:840} INFO - DAG(s) 'example_xcom' retrieved from /home/airflow/.local/lib/python3.8/site-packages/airflow/example_dags/example_xcom.py
[2026-03-01T08:14:22.048+0000] {logging_mixin.py:188} INFO - [2026-03-01T08:14:22.048+0000] {dag.py:3036} INFO - Sync 1 DAGs
[2026-03-01T08:14:22.061+0000] {logging_mixin.py:188} INFO - [2026-03-01T08:14:22.060+0000] {dag.py:3823} INFO - Setting next_dagrun for example_xcom to 2021-01-01 00:00:00+00:00, run_after=2021-01-01 00:00:00+00:00
[2026-03-01T08:14:22.073+0000] {processor.py:183} INFO - Processing /home/airflow/.local/lib/python3.8/site-packages/airflow/example_dags/example_xcom.py took 0.044 seconds
[2026-03-01T08:14:52.463+0000] {processor.py:161} INFO - Started process (PID=919) to work on /home/airflow/.local/lib/python3.8/site-packages/airflow/example_dags/example_xcom.py
[2026-03-01T08:14:52.464+0000] {processor.py:830} INFO - Processing file /home/airflow/.local/lib/python3.8/site-packages/airflow/example_dags/example_xcom.py for tasks to queue
[2026-03-01T08:14:52.466+0000] {logging_mixin.py:188} INFO - [2026-03-01T08:14:52.465+0000] {dagbag.py:538} INFO - Filling up the DagBag from /home/airflow/.local/lib/python3.8/site-packages/airflow/example_dags/example_xcom.py
[2026-03-01T08:14:52.471+0000] {processor.py:840} INFO - DAG(s) 'example_xcom' retrieved from /home/airflow/.local/lib/python3.8/site-packages/airflow/example_dags/example_xcom.py
[2026-03-01T08:14:52.528+0000] {logging_mixin.py:188} INFO - [2026-03-01T08:14:52.528+0000] {dag.py:3036} INFO - Sync 1 DAGs
[2026-03-01T08:14:52.539+0000] {logging_mixin.py:188} INFO - [2026-03-01T08:14:52.539+0000] {dag.py:3823} INFO - Setting next_dagrun for example_xcom to 2021-01-01 00:00:00+00:00, run_after=2021-01-01 00:00:00+00:00
[2026-03-01T08:14:52.558+0000] {processor.py:183} INFO - Processing /home/airflow/.local/lib/python3.8/site-packages/airflow/example_dags/example_xcom.py took 0.097 seconds
[2026-03-01T08:15:23.274+0000] {processor.py:161} INFO - Started process (PID=974) to work on /home/airflow/.local/lib/python3.8/site-packages/airflow/example_dags/example_xcom.py
[2026-03-01T08:15:23.276+0000] {processor.py:830} INFO - Processing file /home/airflow/.local/lib/python3.8/site-packages/airflow/example_dags/example_xcom.py for tasks to queue
[2026-03-01T08:15:23.278+0000] {logging_mixin.py:188} INFO - [2026-03-01T08:15:23.278+0000] {dagbag.py:538} INFO - Filling up the DagBag from /home/airflow/.local/lib/python3.8/site-packages/airflow/example_dags/example_xcom.py
[2026-03-01T08:15:23.285+0000] {processor.py:840} INFO - DAG(s) 'example_xcom' retrieved from /home/airflow/.local/lib/python3.8/site-packages/airflow/example_dags/example_xcom.py
[2026-03-01T08:15:23.301+0000] {logging_mixin.py:188} INFO - [2026-03-01T08:15:23.301+0000] {dag.py:3036} INFO - Sync 1 DAGs
[2026-03-01T08:15:23.315+0000] {logging_mixin.py:188} INFO - [2026-03-01T08:15:23.315+0000] {dag.py:3823} INFO - Setting next_dagrun for example_xcom to 2021-01-01 00:00:00+00:00, run_after=2021-01-01 00:00:00+00:00
[2026-03-01T08:15:23.330+0000] {processor.py:183} INFO - Processing /home/airflow/.local/lib/python3.8/site-packages/airflow/example_dags/example_xcom.py took 0.058 seconds
[2026-03-01T08:15:53.479+0000] {processor.py:161} INFO - Started process (PID=1029) to work on /home/airflow/.local/lib/python3.8/site-packages/airflow/example_dags/example_xcom.py
[2026-03-01T08:15:53.480+0000] {processor.py:830} INFO - Processing file /home/airflow/.local/lib/python3.8/site-packages/airflow/example_dags/example_xcom.py for tasks to queue
[2026-03-01T08:15:53.482+0000] {logging_mixin.py:188} INFO - [2026-03-01T08:15:53.481+0000] {dagbag.py:538} INFO - Filling up the DagBag from /home/airflow/.local/lib/python3.8/site-packages/airflow/example_dags/example_xcom.py
[2026-03-01T08:15:53.487+0000] {processor.py:840} INFO - DAG(s) 'example_xcom' retrieved from /home/airflow/.local/lib/python3.8/site-packages/airflow/example_dags/example_xcom.py
[2026-03-01T08:15:53.503+0000] {logging_mixin.py:188} INFO - [2026-03-01T08:15:53.502+0000] {dag.py:3036} INFO - Sync 1 DAGs
[2026-03-01T08:15:53.516+0000] {logging_mixin.py:188} INFO - [2026-03-01T08:15:53.515+0000] {dag.py:3823} INFO - Setting next_dagrun for example_xcom to 2021-01-01 00:00:00+00:00, run_after=2021-01-01 00:00:00+00:00
[2026-03-01T08:15:53.533+0000] {processor.py:183} INFO - Processing /home/airflow/.local/lib/python3.8/site-packages/airflow/example_dags/example_xcom.py took 0.056 seconds
[2026-03-01T08:16:23.775+0000] {processor.py:161} INFO - Started process (PID=1107) to work on /home/airflow/.local/lib/python3.8/site-packages/airflow/example_dags/example_xcom.py
[2026-03-01T08:16:23.777+0000] {processor.py:830} INFO - Processing file /home/airflow/.local/lib/python3.8/site-packages/airflow/example_dags/example_xcom.py for tasks to queue
[2026-03-01T08:16:23.778+0000] {logging_mixin.py:188} INFO - [2026-03-01T08:16:23.778+0000] {dagbag.py:538} INFO - Filling up the DagBag from /home/airflow/.local/lib/python3.8/site-packages/airflow/example_dags/example_xcom.py
[2026-03-01T08:16:23.784+0000] {processor.py:840} INFO - DAG(s) 'example_xcom' retrieved from /home/airflow/.local/lib/python3.8/site-packages/airflow/example_dags/example_xcom.py
[2026-03-01T08:16:23.801+0000] {logging_mixin.py:188} INFO - [2026-03-01T08:16:23.800+0000] {dag.py:3036} INFO - Sync 1 DAGs
[2026-03-01T08:16:23.815+0000] {logging_mixin.py:188} INFO - [2026-03-01T08:16:23.815+0000] {dag.py:3823} INFO - Setting next_dagrun for example_xcom to 2021-01-01 00:00:00+00:00, run_after=2021-01-01 00:00:00+00:00
[2026-03-01T08:16:23.836+0000] {processor.py:183} INFO - Processing /home/airflow/.local/lib/python3.8/site-packages/airflow/example_dags/example_xcom.py took 0.063 seconds
[2026-03-01T08:16:54.124+0000] {processor.py:161} INFO - Started process (PID=1168) to work on /home/airflow/.local/lib/python3.8/site-packages/airflow/example_dags/example_xcom.py
[2026-03-01T08:16:54.125+0000] {processor.py:830} INFO - Processing file /home/airflow/.local/lib/python3.8/site-packages/airflow/example_dags/example_xcom.py for tasks to queue
[2026-03-01T08:16:54.127+0000] {logging_mixin.py:188} INFO - [2026-03-01T08:16:54.127+0000] {dagbag.py:538} INFO - Filling up the DagBag from /home/airflow/.local/lib/python3.8/site-packages/airflow/example_dags/example_xcom.py
[2026-03-01T08:16:54.134+0000] {processor.py:840} INFO - DAG(s) 'example_xcom' retrieved from /home/airflow/.local/lib/python3.8/site-packages/airflow/example_dags/example_xcom.py
[2026-03-01T08:16:54.150+0000] {logging_mixin.py:188} INFO - [2026-03-01T08:16:54.150+0000] {dag.py:3036} INFO - Sync 1 DAGs
[2026-03-01T08:16:54.164+0000] {logging_mixin.py:188} INFO - [2026-03-01T08:16:54.164+0000] {dag.py:3823} INFO - Setting next_dagrun for example_xcom to 2021-01-01 00:00:00+00:00, run_after=2021-01-01 00:00:00+00:00
[2026-03-01T08:16:54.176+0000] {processor.py:183} INFO - Processing /home/airflow/.local/lib/python3.8/site-packages/airflow/example_dags/example_xcom.py took 0.056 seconds
[2026-03-01T08:17:24.420+0000] {processor.py:161} INFO - Started process (PID=1230) to work on /home/airflow/.local/lib/python3.8/site-packages/airflow/example_dags/example_xcom.py
[2026-03-01T08:17:24.421+0000] {processor.py:830} INFO - Processing file /home/airflow/.local/lib/python3.8/site-packages/airflow/example_dags/example_xcom.py for tasks to queue
[2026-03-01T08:17:24.422+0000] {logging_mixin.py:188} INFO - [2026-03-01T08:17:24.422+0000] {dagbag.py:538} INFO - Filling up the DagBag from /home/airflow/.local/lib/python3.8/site-packages/airflow/example_dags/example_xcom.py
[2026-03-01T08:17:24.428+0000] {processor.py:840} INFO - DAG(s) 'example_xcom' retrieved from /home/airflow/.local/lib/python3.8/site-packages/airflow/example_dags/example_xcom.py
[2026-03-01T08:17:24.443+0000] {logging_mixin.py:188} INFO - [2026-03-01T08:17:24.443+0000] {dag.py:3036} INFO - Sync 1 DAGs
[2026-03-01T08:17:24.457+0000] {logging_mixin.py:188} INFO - [2026-03-01T08:17:24.457+0000] {dag.py:3823} INFO - Setting next_dagrun for example_xcom to 2021-01-01 00:00:00+00:00, run_after=2021-01-01 00:00:00+00:00
[2026-03-01T08:17:24.471+0000] {processor.py:183} INFO - Processing /home/airflow/.local/lib/python3.8/site-packages/airflow/example_dags/example_xcom.py took 0.054 seconds
[2026-03-01T08:17:54.640+0000] {processor.py:161} INFO - Started process (PID=1302) to work on /home/airflow/.local/lib/python3.8/site-packages/airflow/example_dags/example_xcom.py
[2026-03-01T08:17:54.641+0000] {processor.py:830} INFO - Processing file /home/airflow/.local/lib/python3.8/site-packages/airflow/example_dags/example_xcom.py for tasks to queue
[2026-03-01T08:17:54.643+0000] {logging_mixin.py:188} INFO - [2026-03-01T08:17:54.642+0000] {dagbag.py:538} INFO - Filling up the DagBag from /home/airflow/.local/lib/python3.8/site-packages/airflow/example_dags/example_xcom.py
[2026-03-01T08:17:54.649+0000] {processor.py:840} INFO - DAG(s) 'example_xcom' retrieved from /home/airflow/.local/lib/python3.8/site-packages/airflow/example_dags/example_xcom.py
[2026-03-01T08:17:54.665+0000] {logging_mixin.py:188} INFO - [2026-03-01T08:17:54.665+0000] {dag.py:3036} INFO - Sync 1 DAGs
[2026-03-01T08:17:54.679+0000] {logging_mixin.py:188} INFO - [2026-03-01T08:17:54.678+0000] {dag.py:3823} INFO - Setting next_dagrun for example_xcom to 2021-01-01 00:00:00+00:00, run_after=2021-01-01 00:00:00+00:00
[2026-03-01T08:17:54.693+0000] {processor.py:183} INFO - Processing /home/airflow/.local/lib/python3.8/site-packages/airflow/example_dags/example_xcom.py took 0.055 seconds
[2026-03-01T08:18:25.111+0000] {processor.py:161} INFO - Started process (PID=1358) to work on /home/airflow/.local/lib/python3.8/site-packages/airflow/example_dags/example_xcom.py
[2026-03-01T08:18:25.112+0000] {processor.py:830} INFO - Processing file /home/airflow/.local/lib/python3.8/site-packages/airflow/example_dags/example_xcom.py for tasks to queue
[2026-03-01T08:18:25.114+0000] {logging_mixin.py:188} INFO - [2026-03-01T08:18:25.114+0000] {dagbag.py:538} INFO - Filling up the DagBag from /home/airflow/.local/lib/python3.8/site-packages/airflow/example_dags/example_xcom.py
[2026-03-01T08:18:25.120+0000] {processor.py:840} INFO - DAG(s) 'example_xcom' retrieved from /home/airflow/.local/lib/python3.8/site-packages/airflow/example_dags/example_xcom.py
[2026-03-01T08:18:25.136+0000] {logging_mixin.py:188} INFO - [2026-03-01T08:18:25.136+0000] {dag.py:3036} INFO - Sync 1 DAGs
[2026-03-01T08:18:25.150+0000] {logging_mixin.py:188} INFO - [2026-03-01T08:18:25.150+0000] {dag.py:3823} INFO - Setting next_dagrun for example_xcom to 2021-01-01 00:00:00+00:00, run_after=2021-01-01 00:00:00+00:00
[2026-03-01T08:18:25.164+0000] {processor.py:183} INFO - Processing /home/airflow/.local/lib/python3.8/site-packages/airflow/example_dags/example_xcom.py took 0.056 seconds
[2026-03-01T08:18:55.525+0000] {processor.py:161} INFO - Started process (PID=1414) to work on /home/airflow/.local/lib/python3.8/site-packages/airflow/example_dags/example_xcom.py
[2026-03-01T08:18:55.526+0000] {processor.py:830} INFO - Processing file /home/airflow/.local/lib/python3.8/site-packages/airflow/example_dags/example_xcom.py for tasks to queue
[2026-03-01T08:18:55.527+0000] {logging_mixin.py:188} INFO - [2026-03-01T08:18:55.527+0000] {dagbag.py:538} INFO - Filling up the DagBag from /home/airflow/.local/lib/python3.8/site-packages/airflow/example_dags/example_xcom.py
[2026-03-01T08:18:55.532+0000] {processor.py:840} INFO - DAG(s) 'example_xcom' retrieved from /home/airflow/.local/lib/python3.8/site-packages/airflow/example_dags/example_xcom.py
[2026-03-01T08:18:55.547+0000] {logging_mixin.py:188} INFO - [2026-03-01T08:18:55.547+0000] {dag.py:3036} INFO - Sync 1 DAGs
[2026-03-01T08:18:55.560+0000] {logging_mixin.py:188} INFO - [2026-03-01T08:18:55.559+0000] {dag.py:3823} INFO - Setting next_dagrun for example_xcom to 2021-01-01 00:00:00+00:00, run_after=2021-01-01 00:00:00+00:00
[2026-03-01T08:18:55.573+0000] {processor.py:183} INFO - Processing /home/airflow/.local/lib/python3.8/site-packages/airflow/example_dags/example_xcom.py took 0.051 seconds
[2026-03-01T08:19:25.813+0000] {processor.py:161} INFO - Started process (PID=1470) to work on /home/airflow/.local/lib/python3.8/site-packages/airflow/example_dags/example_xcom.py
[2026-03-01T08:19:25.814+0000] {processor.py:830} INFO - Processing file /home/airflow/.local/lib/python3.8/site-packages/airflow/example_dags/example_xcom.py for tasks to queue
[2026-03-01T08:19:25.816+0000] {logging_mixin.py:188} INFO - [2026-03-01T08:19:25.816+0000] {dagbag.py:538} INFO - Filling up the DagBag from /home/airflow/.local/lib/python3.8/site-packages/airflow/example_dags/example_xcom.py
[2026-03-01T08:19:25.821+0000] {processor.py:840} INFO - DAG(s) 'example_xcom' retrieved from /home/airflow/.local/lib/python3.8/site-packages/airflow/example_dags/example_xcom.py
[2026-03-01T08:19:25.839+0000] {logging_mixin.py:188} INFO - [2026-03-01T08:19:25.839+0000] {dag.py:3036} INFO - Sync 1 DAGs
[2026-03-01T08:19:25.853+0000] {logging_mixin.py:188} INFO - [2026-03-01T08:19:25.853+0000] {dag.py:3823} INFO - Setting next_dagrun for example_xcom to 2021-01-01 00:00:00+00:00, run_after=2021-01-01 00:00:00+00:00
[2026-03-01T08:19:25.868+0000] {processor.py:183} INFO - Processing /home/airflow/.local/lib/python3.8/site-packages/airflow/example_dags/example_xcom.py took 0.057 seconds
[2026-03-01T08:19:56.045+0000] {processor.py:161} INFO - Started process (PID=1526) to work on /home/airflow/.local/lib/python3.8/site-packages/airflow/example_dags/example_xcom.py
[2026-03-01T08:19:56.046+0000] {processor.py:830} INFO - Processing file /home/airflow/.local/lib/python3.8/site-packages/airflow/example_dags/example_xcom.py for tasks to queue
[2026-03-01T08:19:56.047+0000] {logging_mixin.py:188} INFO - [2026-03-01T08:19:56.047+0000] {dagbag.py:538} INFO - Filling up the DagBag from /home/airflow/.local/lib/python3.8/site-packages/airflow/example_dags/example_xcom.py
[2026-03-01T08:19:56.052+0000] {processor.py:840} INFO - DAG(s) 'example_xcom' retrieved from /home/airflow/.local/lib/python3.8/site-packages/airflow/example_dags/example_xcom.py
[2026-03-01T08:19:56.068+0000] {logging_mixin.py:188} INFO - [2026-03-01T08:19:56.068+0000] {dag.py:3036} INFO - Sync 1 DAGs
[2026-03-01T08:19:56.080+0000] {logging_mixin.py:188} INFO - [2026-03-01T08:19:56.080+0000] {dag.py:3823} INFO - Setting next_dagrun for example_xcom to 2021-01-01 00:00:00+00:00, run_after=2021-01-01 00:00:00+00:00
[2026-03-01T08:19:56.093+0000] {processor.py:183} INFO - Processing /home/airflow/.local/lib/python3.8/site-packages/airflow/example_dags/example_xcom.py took 0.051 seconds
[2026-03-01T08:20:26.318+0000] {processor.py:161} INFO - Started process (PID=1582) to work on /home/airflow/.local/lib/python3.8/site-packages/airflow/example_dags/example_xcom.py
[2026-03-01T08:20:26.319+0000] {processor.py:830} INFO - Processing file /home/airflow/.local/lib/python3.8/site-packages/airflow/example_dags/example_xcom.py for tasks to queue
[2026-03-01T08:20:26.321+0000] {logging_mixin.py:188} INFO - [2026-03-01T08:20:26.320+0000] {dagbag.py:538} INFO - Filling up the DagBag from /home/airflow/.local/lib/python3.8/site-packages/airflow/example_dags/example_xcom.py
[2026-03-01T08:20:26.326+0000] {processor.py:840} INFO - DAG(s) 'example_xcom' retrieved from /home/airflow/.local/lib/python3.8/site-packages/airflow/example_dags/example_xcom.py
[2026-03-01T08:20:26.340+0000] {logging_mixin.py:188} INFO - [2026-03-01T08:20:26.340+0000] {dag.py:3036} INFO - Sync 1 DAGs
[2026-03-01T08:20:26.353+0000] {logging_mixin.py:188} INFO - [2026-03-01T08:20:26.353+0000] {dag.py:3823} INFO - Setting next_dagrun for example_xcom to 2021-01-01 00:00:00+00:00, run_after=2021-01-01 00:00:00+00:00
[2026-03-01T08:20:26.365+0000] {processor.py:183} INFO - Processing /home/airflow/.local/lib/python3.8/site-packages/airflow/example_dags/example_xcom.py took 0.050 seconds
[2026-03-01T08:20:56.467+0000] {processor.py:161} INFO - Started process (PID=1638) to work on /home/airflow/.local/lib/python3.8/site-packages/airflow/example_dags/example_xcom.py
[2026-03-01T08:20:56.468+0000] {processor.py:830} INFO - Processing file /home/airflow/.local/lib/python3.8/site-packages/airflow/example_dags/example_xcom.py for tasks to queue
[2026-03-01T08:20:56.469+0000] {logging_mixin.py:188} INFO - [2026-03-01T08:20:56.469+0000] {dagbag.py:538} INFO - Filling up the DagBag from /home/airflow/.local/lib/python3.8/site-packages/airflow/example_dags/example_xcom.py
[2026-03-01T08:20:56.474+0000] {processor.py:840} INFO - DAG(s) 'example_xcom' retrieved from /home/airflow/.local/lib/python3.8/site-packages/airflow/example_dags/example_xcom.py
[2026-03-01T08:20:56.489+0000] {logging_mixin.py:188} INFO - [2026-03-01T08:20:56.489+0000] {dag.py:3036} INFO - Sync 1 DAGs
[2026-03-01T08:20:56.502+0000] {logging_mixin.py:188} INFO - [2026-03-01T08:20:56.502+0000] {dag.py:3823} INFO - Setting next_dagrun for example_xcom to 2021-01-01 00:00:00+00:00, run_after=2021-01-01 00:00:00+00:00
[2026-03-01T08:20:56.514+0000] {processor.py:183} INFO - Processing /home/airflow/.local/lib/python3.8/site-packages/airflow/example_dags/example_xcom.py took 0.050 seconds
[2026-03-01T08:21:26.689+0000] {processor.py:161} INFO - Started process (PID=1694) to work on /home/airflow/.local/lib/python3.8/site-packages/airflow/example_dags/example_xcom.py
[2026-03-01T08:21:26.690+0000] {processor.py:830} INFO - Processing file /home/airflow/.local/lib/python3.8/site-packages/airflow/example_dags/example_xcom.py for tasks to queue
[2026-03-01T08:21:26.691+0000] {logging_mixin.py:188} INFO - [2026-03-01T08:21:26.691+0000] {dagbag.py:538} INFO - Filling up the DagBag from /home/airflow/.local/lib/python3.8/site-packages/airflow/example_dags/example_xcom.py
[2026-03-01T08:21:26.697+0000] {processor.py:840} INFO - DAG(s) 'example_xcom' retrieved from /home/airflow/.local/lib/python3.8/site-packages/airflow/example_dags/example_xcom.py
[2026-03-01T08:21:26.709+0000] {logging_mixin.py:188} INFO - [2026-03-01T08:21:26.709+0000] {dag.py:3036} INFO - Sync 1 DAGs
[2026-03-01T08:21:26.721+0000] {logging_mixin.py:188} INFO - [2026-03-01T08:21:26.721+0000] {dag.py:3823} INFO - Setting next_dagrun for example_xcom to 2021-01-01 00:00:00+00:00, run_after=2021-01-01 00:00:00+00:00
[2026-03-01T08:21:26.732+0000] {processor.py:183} INFO - Processing /home/airflow/.local/lib/python3.8/site-packages/airflow/example_dags/example_xcom.py took 0.046 seconds
[2026-03-01T08:21:57.084+0000] {processor.py:161} INFO - Started process (PID=1750) to work on /home/airflow/.local/lib/python3.8/site-packages/airflow/example_dags/example_xcom.py
[2026-03-01T08:21:57.085+0000] {processor.py:830} INFO - Processing file /home/airflow/.local/lib/python3.8/site-packages/airflow/example_dags/example_xcom.py for tasks to queue
[2026-03-01T08:21:57.087+0000] {logging_mixin.py:188} INFO - [2026-03-01T08:21:57.086+0000] {dagbag.py:538} INFO - Filling up the DagBag from /home/airflow/.local/lib/python3.8/site-packages/airflow/example_dags/example_xcom.py
[2026-03-01T08:21:57.092+0000] {processor.py:840} INFO - DAG(s) 'example_xcom' retrieved from /home/airflow/.local/lib/python3.8/site-packages/airflow/example_dags/example_xcom.py
[2026-03-01T08:21:57.108+0000] {logging_mixin.py:188} INFO - [2026-03-01T08:21:57.108+0000] {dag.py:3036} INFO - Sync 1 DAGs
[2026-03-01T08:21:57.121+0000] {logging_mixin.py:188} INFO - [2026-03-01T08:21:57.121+0000] {dag.py:3823} INFO - Setting next_dagrun for example_xcom to 2021-01-01 00:00:00+00:00, run_after=2021-01-01 00:00:00+00:00
[2026-03-01T08:21:57.134+0000] {processor.py:183} INFO - Processing /home/airflow/.local/lib/python3.8/site-packages/airflow/example_dags/example_xcom.py took 0.052 seconds
[2026-03-01T08:22:27.446+0000] {processor.py:161} INFO - Started process (PID=1806) to work on /home/airflow/.local/lib/python3.8/site-packages/airflow/example_dags/example_xcom.py
[2026-03-01T08:22:27.447+0000] {processor.py:830} INFO - Processing file /home/airflow/.local/lib/python3.8/site-packages/airflow/example_dags/example_xcom.py for tasks to queue
[2026-03-01T08:22:27.449+0000] {logging_mixin.py:188} INFO - [2026-03-01T08:22:27.449+0000] {dagbag.py:538} INFO - Filling up the DagBag from /home/airflow/.local/lib/python3.8/site-packages/airflow/example_dags/example_xcom.py
[2026-03-01T08:22:27.454+0000] {processor.py:840} INFO - DAG(s) 'example_xcom' retrieved from /home/airflow/.local/lib/python3.8/site-packages/airflow/example_dags/example_xcom.py
[2026-03-01T08:22:27.469+0000] {logging_mixin.py:188} INFO - [2026-03-01T08:22:27.469+0000] {dag.py:3036} INFO - Sync 1 DAGs
[2026-03-01T08:22:27.482+0000] {logging_mixin.py:188} INFO - [2026-03-01T08:22:27.482+0000] {dag.py:3823} INFO - Setting next_dagrun for example_xcom to 2021-01-01 00:00:00+00:00, run_after=2021-01-01 00:00:00+00:00
[2026-03-01T08:22:27.496+0000] {processor.py:183} INFO - Processing /home/airflow/.local/lib/python3.8/site-packages/airflow/example_dags/example_xcom.py took 0.052 seconds
[2026-03-01T08:22:57.808+0000] {processor.py:161} INFO - Started process (PID=1862) to work on /home/airflow/.local/lib/python3.8/site-packages/airflow/example_dags/example_xcom.py
[2026-03-01T08:22:57.809+0000] {processor.py:830} INFO - Processing file /home/airflow/.local/lib/python3.8/site-packages/airflow/example_dags/example_xcom.py for tasks to queue
[2026-03-01T08:22:57.811+0000] {logging_mixin.py:188} INFO - [2026-03-01T08:22:57.810+0000] {dagbag.py:538} INFO - Filling up the DagBag from /home/airflow/.local/lib/python3.8/site-packages/airflow/example_dags/example_xcom.py
[2026-03-01T08:22:57.817+0000] {processor.py:840} INFO - DAG(s) 'example_xcom' retrieved from /home/airflow/.local/lib/python3.8/site-packages/airflow/example_dags/example_xcom.py
[2026-03-01T08:22:57.832+0000] {logging_mixin.py:188} INFO - [2026-03-01T08:22:57.832+0000] {dag.py:3036} INFO - Sync 1 DAGs
[2026-03-01T08:22:57.847+0000] {logging_mixin.py:188} INFO - [2026-03-01T08:22:57.847+0000] {dag.py:3823} INFO - Setting next_dagrun for example_xcom to 2021-01-01 00:00:00+00:00, run_after=2021-01-01 00:00:00+00:00
[2026-03-01T08:22:57.862+0000] {processor.py:183} INFO - Processing /home/airflow/.local/lib/python3.8/site-packages/airflow/example_dags/example_xcom.py took 0.057 seconds
[2026-03-01T08:23:27.958+0000] {processor.py:161} INFO - Started process (PID=1918) to work on /home/airflow/.local/lib/python3.8/site-packages/airflow/example_dags/example_xcom.py
[2026-03-01T08:23:27.960+0000] {processor.py:830} INFO - Processing file /home/airflow/.local/lib/python3.8/site-packages/airflow/example_dags/example_xcom.py for tasks to queue
[2026-03-01T08:23:27.961+0000] {logging_mixin.py:188} INFO - [2026-03-01T08:23:27.961+0000] {dagbag.py:538} INFO - Filling up the DagBag from /home/airflow/.local/lib/python3.8/site-packages/airflow/example_dags/example_xcom.py
[2026-03-01T08:23:27.967+0000] {processor.py:840} INFO - DAG(s) 'example_xcom' retrieved from /home/airflow/.local/lib/python3.8/site-packages/airflow/example_dags/example_xcom.py
[2026-03-01T08:23:27.982+0000] {logging_mixin.py:188} INFO - [2026-03-01T08:23:27.982+0000] {dag.py:3036} INFO - Sync 1 DAGs
[2026-03-01T08:23:27.995+0000] {logging_mixin.py:188} INFO - [2026-03-01T08:23:27.995+0000] {dag.py:3823} INFO - Setting next_dagrun for example_xcom to 2021-01-01 00:00:00+00:00, run_after=2021-01-01 00:00:00+00:00
[2026-03-01T08:23:28.007+0000] {processor.py:183} INFO - Processing /home/airflow/.local/lib/python3.8/site-packages/airflow/example_dags/example_xcom.py took 0.051 seconds
[2026-03-01T08:23:58.340+0000] {processor.py:161} INFO - Started process (PID=1974) to work on /home/airflow/.local/lib/python3.8/site-packages/airflow/example_dags/example_xcom.py
[2026-03-01T08:23:58.341+0000] {processor.py:830} INFO - Processing file /home/airflow/.local/lib/python3.8/site-packages/airflow/example_dags/example_xcom.py for tasks to queue
[2026-03-01T08:23:58.343+0000] {logging_mixin.py:188} INFO - [2026-03-01T08:23:58.342+0000] {dagbag.py:538} INFO - Filling up the DagBag from /home/airflow/.local/lib/python3.8/site-packages/airflow/example_dags/example_xcom.py
[2026-03-01T08:23:58.348+0000] {processor.py:840} INFO - DAG(s) 'example_xcom' retrieved from /home/airflow/.local/lib/python3.8/site-packages/airflow/example_dags/example_xcom.py
[2026-03-01T08:23:58.363+0000] {logging_mixin.py:188} INFO - [2026-03-01T08:23:58.362+0000] {dag.py:3036} INFO - Sync 1 DAGs
[2026-03-01T08:23:58.376+0000] {logging_mixin.py:188} INFO - [2026-03-01T08:23:58.375+0000] {dag.py:3823} INFO - Setting next_dagrun for example_xcom to 2021-01-01 00:00:00+00:00, run_after=2021-01-01 00:00:00+00:00
[2026-03-01T08:23:58.388+0000] {processor.py:183} INFO - Processing /home/airflow/.local/lib/python3.8/site-packages/airflow/example_dags/example_xcom.py took 0.050 seconds
[2026-03-01T08:24:28.522+0000] {processor.py:161} INFO - Started process (PID=2030) to work on /home/airflow/.local/lib/python3.8/site-packages/airflow/example_dags/example_xcom.py
[2026-03-01T08:24:28.523+0000] {processor.py:830} INFO - Processing file /home/airflow/.local/lib/python3.8/site-packages/airflow/example_dags/example_xcom.py for tasks to queue
[2026-03-01T08:24:28.525+0000] {logging_mixin.py:188} INFO - [2026-03-01T08:24:28.524+0000] {dagbag.py:538} INFO - Filling up the DagBag from /home/airflow/.local/lib/python3.8/site-packages/airflow/example_dags/example_xcom.py
[2026-03-01T08:24:28.530+0000] {processor.py:840} INFO - DAG(s) 'example_xcom' retrieved from /home/airflow/.local/lib/python3.8/site-packages/airflow/example_dags/example_xcom.py
[2026-03-01T08:24:28.544+0000] {logging_mixin.py:188} INFO - [2026-03-01T08:24:28.544+0000] {dag.py:3036} INFO - Sync 1 DAGs
[2026-03-01T08:24:28.556+0000] {logging_mixin.py:188} INFO - [2026-03-01T08:24:28.556+0000] {dag.py:3823} INFO - Setting next_dagrun for example_xcom to 2021-01-01 00:00:00+00:00, run_after=2021-01-01 00:00:00+00:00
[2026-03-01T08:24:28.568+0000] {processor.py:183} INFO - Processing /home/airflow/.local/lib/python3.8/site-packages/airflow/example_dags/example_xcom.py took 0.048 seconds
[2026-03-01T08:24:58.791+0000] {processor.py:161} INFO - Started process (PID=2090) to work on /home/airflow/.local/lib/python3.8/site-packages/airflow/example_dags/example_xcom.py
[2026-03-01T08:24:58.792+0000] {processor.py:830} INFO - Processing file /home/airflow/.local/lib/python3.8/site-packages/airflow/example_dags/example_xcom.py for tasks to queue
[2026-03-01T08:24:58.793+0000] {logging_mixin.py:188} INFO - [2026-03-01T08:24:58.793+0000] {dagbag.py:538} INFO - Filling up the DagBag from /home/airflow/.local/lib/python3.8/site-packages/airflow/example_dags/example_xcom.py
[2026-03-01T08:24:58.798+0000] {processor.py:840} INFO - DAG(s) 'example_xcom' retrieved from /home/airflow/.local/lib/python3.8/site-packages/airflow/example_dags/example_xcom.py
[2026-03-01T08:24:58.812+0000] {logging_mixin.py:188} INFO - [2026-03-01T08:24:58.812+0000] {dag.py:3036} INFO - Sync 1 DAGs
[2026-03-01T08:24:58.826+0000] {logging_mixin.py:188} INFO - [2026-03-01T08:24:58.826+0000] {dag.py:3823} INFO - Setting next_dagrun for example_xcom to 2021-01-01 00:00:00+00:00, run_after=2021-01-01 00:00:00+00:00
[2026-03-01T08:24:58.839+0000] {processor.py:183} INFO - Processing /home/airflow/.local/lib/python3.8/site-packages/airflow/example_dags/example_xcom.py took 0.051 seconds
[2026-03-01T08:25:29.163+0000] {processor.py:161} INFO - Started process (PID=2146) to work on /home/airflow/.local/lib/python3.8/site-packages/airflow/example_dags/example_xcom.py
[2026-03-01T08:25:29.164+0000] {processor.py:830} INFO - Processing file /home/airflow/.local/lib/python3.8/site-packages/airflow/example_dags/example_xcom.py for tasks to queue
[2026-03-01T08:25:29.166+0000] {logging_mixin.py:188} INFO - [2026-03-01T08:25:29.165+0000] {dagbag.py:538} INFO - Filling up the DagBag from /home/airflow/.local/lib/python3.8/site-packages/airflow/example_dags/example_xcom.py
[2026-03-01T08:25:29.171+0000] {processor.py:840} INFO - DAG(s) 'example_xcom' retrieved from /home/airflow/.local/lib/python3.8/site-packages/airflow/example_dags/example_xcom.py
[2026-03-01T08:25:29.185+0000] {logging_mixin.py:188} INFO - [2026-03-01T08:25:29.185+0000] {dag.py:3036} INFO - Sync 1 DAGs
[2026-03-01T08:25:29.198+0000] {logging_mixin.py:188} INFO - [2026-03-01T08:25:29.198+0000] {dag.py:3823} INFO - Setting next_dagrun for example_xcom to 2021-01-01 00:00:00+00:00, run_after=2021-01-01 00:00:00+00:00
[2026-03-01T08:25:29.209+0000] {processor.py:183} INFO - Processing /home/airflow/.local/lib/python3.8/site-packages/airflow/example_dags/example_xcom.py took 0.048 seconds
[2026-03-01T08:25:59.297+0000] {processor.py:161} INFO - Started process (PID=2202) to work on /home/airflow/.local/lib/python3.8/site-packages/airflow/example_dags/example_xcom.py
[2026-03-01T08:25:59.298+0000] {processor.py:830} INFO - Processing file /home/airflow/.local/lib/python3.8/site-packages/airflow/example_dags/example_xcom.py for tasks to queue
[2026-03-01T08:25:59.300+0000] {logging_mixin.py:188} INFO - [2026-03-01T08:25:59.300+0000] {dagbag.py:538} INFO - Filling up the DagBag from /home/airflow/.local/lib/python3.8/site-packages/airflow/example_dags/example_xcom.py
[2026-03-01T08:25:59.305+0000] {processor.py:840} INFO - DAG(s) 'example_xcom' retrieved from /home/airflow/.local/lib/python3.8/site-packages/airflow/example_dags/example_xcom.py
[2026-03-01T08:25:59.319+0000] {logging_mixin.py:188} INFO - [2026-03-01T08:25:59.319+0000] {dag.py:3036} INFO - Sync 1 DAGs
[2026-03-01T08:25:59.334+0000] {logging_mixin.py:188} INFO - [2026-03-01T08:25:59.334+0000] {dag.py:3823} INFO - Setting next_dagrun for example_xcom to 2021-01-01 00:00:00+00:00, run_after=2021-01-01 00:00:00+00:00
[2026-03-01T08:25:59.348+0000] {processor.py:183} INFO - Processing /home/airflow/.local/lib/python3.8/site-packages/airflow/example_dags/example_xcom.py took 0.053 seconds
[2026-03-01T08:26:29.809+0000] {processor.py:161} INFO - Started process (PID=2258) to work on /home/airflow/.local/lib/python3.8/site-packages/airflow/example_dags/example_xcom.py
[2026-03-01T08:26:29.811+0000] {processor.py:830} INFO - Processing file /home/airflow/.local/lib/python3.8/site-packages/airflow/example_dags/example_xcom.py for tasks to queue
[2026-03-01T08:26:29.812+0000] {logging_mixin.py:188} INFO - [2026-03-01T08:26:29.812+0000] {dagbag.py:538} INFO - Filling up the DagBag from /home/airflow/.local/lib/python3.8/site-packages/airflow/example_dags/example_xcom.py
[2026-03-01T08:26:29.818+0000] {processor.py:840} INFO - DAG(s) 'example_xcom' retrieved from /home/airflow/.local/lib/python3.8/site-packages/airflow/example_dags/example_xcom.py
[2026-03-01T08:26:29.833+0000] {logging_mixin.py:188} INFO - [2026-03-01T08:26:29.833+0000] {dag.py:3036} INFO - Sync 1 DAGs
[2026-03-01T08:26:29.846+0000] {logging_mixin.py:188} INFO - [2026-03-01T08:26:29.846+0000] {dag.py:3823} INFO - Setting next_dagrun for example_xcom to 2021-01-01 00:00:00+00:00, run_after=2021-01-01 00:00:00+00:00
[2026-03-01T08:26:29.860+0000] {processor.py:183} INFO - Processing /home/airflow/.local/lib/python3.8/site-packages/airflow/example_dags/example_xcom.py took 0.053 seconds
[2026-03-01T08:27:00.096+0000] {processor.py:161} INFO - Started process (PID=2314) to work on /home/airflow/.local/lib/python3.8/site-packages/airflow/example_dags/example_xcom.py
[2026-03-01T08:27:00.098+0000] {processor.py:830} INFO - Processing file /home/airflow/.local/lib/python3.8/site-packages/airflow/example_dags/example_xcom.py for tasks to queue
[2026-03-01T08:27:00.099+0000] {logging_mixin.py:188} INFO - [2026-03-01T08:27:00.099+0000] {dagbag.py:538} INFO - Filling up the DagBag from /home/airflow/.local/lib/python3.8/site-packages/airflow/example_dags/example_xcom.py
[2026-03-01T08:27:00.105+0000] {processor.py:840} INFO - DAG(s) 'example_xcom' retrieved from /home/airflow/.local/lib/python3.8/site-packages/airflow/example_dags/example_xcom.py
[2026-03-01T08:27:00.119+0000] {logging_mixin.py:188} INFO - [2026-03-01T08:27:00.119+0000] {dag.py:3036} INFO - Sync 1 DAGs
[2026-03-01T08:27:00.132+0000] {logging_mixin.py:188} INFO - [2026-03-01T08:27:00.132+0000] {dag.py:3823} INFO - Setting next_dagrun for example_xcom to 2021-01-01 00:00:00+00:00, run_after=2021-01-01 00:00:00+00:00
[2026-03-01T08:27:00.145+0000] {processor.py:183} INFO - Processing /home/airflow/.local/lib/python3.8/site-packages/airflow/example_dags/example_xcom.py took 0.051 seconds
[2026-03-01T08:27:30.314+0000] {processor.py:161} INFO - Started process (PID=2369) to work on /home/airflow/.local/lib/python3.8/site-packages/airflow/example_dags/example_xcom.py
[2026-03-01T08:27:30.316+0000] {processor.py:830} INFO - Processing file /home/airflow/.local/lib/python3.8/site-packages/airflow/example_dags/example_xcom.py for tasks to queue
[2026-03-01T08:27:30.317+0000] {logging_mixin.py:188} INFO - [2026-03-01T08:27:30.317+0000] {dagbag.py:538} INFO - Filling up the DagBag from /home/airflow/.local/lib/python3.8/site-packages/airflow/example_dags/example_xcom.py
[2026-03-01T08:27:30.322+0000] {processor.py:840} INFO - DAG(s) 'example_xcom' retrieved from /home/airflow/.local/lib/python3.8/site-packages/airflow/example_dags/example_xcom.py
[2026-03-01T08:27:30.338+0000] {logging_mixin.py:188} INFO - [2026-03-01T08:27:30.338+0000] {dag.py:3036} INFO - Sync 1 DAGs
[2026-03-01T08:27:30.351+0000] {logging_mixin.py:188} INFO - [2026-03-01T08:27:30.351+0000] {dag.py:3823} INFO - Setting next_dagrun for example_xcom to 2021-01-01 00:00:00+00:00, run_after=2021-01-01 00:00:00+00:00
[2026-03-01T08:27:30.363+0000] {processor.py:183} INFO - Processing /home/airflow/.local/lib/python3.8/site-packages/airflow/example_dags/example_xcom.py took 0.051 seconds
[2026-03-01T08:28:00.634+0000] {processor.py:161} INFO - Started process (PID=2424) to work on /home/airflow/.local/lib/python3.8/site-packages/airflow/example_dags/example_xcom.py
[2026-03-01T08:28:00.635+0000] {processor.py:830} INFO - Processing file /home/airflow/.local/lib/python3.8/site-packages/airflow/example_dags/example_xcom.py for tasks to queue
[2026-03-01T08:28:00.637+0000] {logging_mixin.py:188} INFO - [2026-03-01T08:28:00.637+0000] {dagbag.py:538} INFO - Filling up the DagBag from /home/airflow/.local/lib/python3.8/site-packages/airflow/example_dags/example_xcom.py
[2026-03-01T08:28:00.643+0000] {processor.py:840} INFO - DAG(s) 'example_xcom' retrieved from /home/airflow/.local/lib/python3.8/site-packages/airflow/example_dags/example_xcom.py
[2026-03-01T08:28:00.658+0000] {logging_mixin.py:188} INFO - [2026-03-01T08:28:00.658+0000] {dag.py:3036} INFO - Sync 1 DAGs
[2026-03-01T08:28:00.671+0000] {logging_mixin.py:188} INFO - [2026-03-01T08:28:00.671+0000] {dag.py:3823} INFO - Setting next_dagrun for example_xcom to 2021-01-01 00:00:00+00:00, run_after=2021-01-01 00:00:00+00:00
[2026-03-01T08:28:00.684+0000] {processor.py:183} INFO - Processing /home/airflow/.local/lib/python3.8/site-packages/airflow/example_dags/example_xcom.py took 0.052 seconds
[2026-03-01T08:28:30.829+0000] {processor.py:161} INFO - Started process (PID=2479) to work on /home/airflow/.local/lib/python3.8/site-packages/airflow/example_dags/example_xcom.py
[2026-03-01T08:28:30.830+0000] {processor.py:830} INFO - Processing file /home/airflow/.local/lib/python3.8/site-packages/airflow/example_dags/example_xcom.py for tasks to queue
[2026-03-01T08:28:30.832+0000] {logging_mixin.py:188} INFO - [2026-03-01T08:28:30.831+0000] {dagbag.py:538} INFO - Filling up the DagBag from /home/airflow/.local/lib/python3.8/site-packages/airflow/example_dags/example_xcom.py
[2026-03-01T08:28:30.837+0000] {processor.py:840} INFO - DAG(s) 'example_xcom' retrieved from /home/airflow/.local/lib/python3.8/site-packages/airflow/example_dags/example_xcom.py
[2026-03-01T08:28:30.852+0000] {logging_mixin.py:188} INFO - [2026-03-01T08:28:30.852+0000] {dag.py:3036} INFO - Sync 1 DAGs
[2026-03-01T08:28:30.865+0000] {logging_mixin.py:188} INFO - [2026-03-01T08:28:30.864+0000] {dag.py:3823} INFO - Setting next_dagrun for example_xcom to 2021-01-01 00:00:00+00:00, run_after=2021-01-01 00:00:00+00:00
[2026-03-01T08:28:30.876+0000] {processor.py:183} INFO - Processing /home/airflow/.local/lib/python3.8/site-packages/airflow/example_dags/example_xcom.py took 0.049 seconds
[2026-03-01T08:29:01.174+0000] {processor.py:161} INFO - Started process (PID=2535) to work on /home/airflow/.local/lib/python3.8/site-packages/airflow/example_dags/example_xcom.py
[2026-03-01T08:29:01.175+0000] {processor.py:830} INFO - Processing file /home/airflow/.local/lib/python3.8/site-packages/airflow/example_dags/example_xcom.py for tasks to queue
[2026-03-01T08:29:01.177+0000] {logging_mixin.py:188} INFO - [2026-03-01T08:29:01.177+0000] {dagbag.py:538} INFO - Filling up the DagBag from /home/airflow/.local/lib/python3.8/site-packages/airflow/example_dags/example_xcom.py
[2026-03-01T08:29:01.182+0000] {processor.py:840} INFO - DAG(s) 'example_xcom' retrieved from /home/airflow/.local/lib/python3.8/site-packages/airflow/example_dags/example_xcom.py
[2026-03-01T08:29:01.198+0000] {logging_mixin.py:188} INFO - [2026-03-01T08:29:01.197+0000] {dag.py:3036} INFO - Sync 1 DAGs
[2026-03-01T08:29:01.211+0000] {logging_mixin.py:188} INFO - [2026-03-01T08:29:01.211+0000] {dag.py:3823} INFO - Setting next_dagrun for example_xcom to 2021-01-01 00:00:00+00:00, run_after=2021-01-01 00:00:00+00:00
[2026-03-01T08:29:01.225+0000] {processor.py:183} INFO - Processing /home/airflow/.local/lib/python3.8/site-packages/airflow/example_dags/example_xcom.py took 0.054 seconds
[2026-03-01T08:29:31.649+0000] {processor.py:161} INFO - Started process (PID=2591) to work on /home/airflow/.local/lib/python3.8/site-packages/airflow/example_dags/example_xcom.py
[2026-03-01T08:29:31.651+0000] {processor.py:830} INFO - Processing file /home/airflow/.local/lib/python3.8/site-packages/airflow/example_dags/example_xcom.py for tasks to queue
[2026-03-01T08:29:31.652+0000] {logging_mixin.py:188} INFO - [2026-03-01T08:29:31.652+0000] {dagbag.py:538} INFO - Filling up the DagBag from /home/airflow/.local/lib/python3.8/site-packages/airflow/example_dags/example_xcom.py
[2026-03-01T08:29:31.658+0000] {processor.py:840} INFO - DAG(s) 'example_xcom' retrieved from /home/airflow/.local/lib/python3.8/site-packages/airflow/example_dags/example_xcom.py
[2026-03-01T08:29:31.676+0000] {logging_mixin.py:188} INFO - [2026-03-01T08:29:31.676+0000] {dag.py:3036} INFO - Sync 1 DAGs
[2026-03-01T08:29:31.691+0000] {logging_mixin.py:188} INFO - [2026-03-01T08:29:31.691+0000] {dag.py:3823} INFO - Setting next_dagrun for example_xcom to 2021-01-01 00:00:00+00:00, run_after=2021-01-01 00:00:00+00:00
[2026-03-01T08:29:31.706+0000] {processor.py:183} INFO - Processing /home/airflow/.local/lib/python3.8/site-packages/airflow/example_dags/example_xcom.py took 0.059 seconds
[2026-03-01T08:30:02.019+0000] {processor.py:161} INFO - Started process (PID=2647) to work on /home/airflow/.local/lib/python3.8/site-packages/airflow/example_dags/example_xcom.py
[2026-03-01T08:30:02.021+0000] {processor.py:830} INFO - Processing file /home/airflow/.local/lib/python3.8/site-packages/airflow/example_dags/example_xcom.py for tasks to queue
[2026-03-01T08:30:02.022+0000] {logging_mixin.py:188} INFO - [2026-03-01T08:30:02.022+0000] {dagbag.py:538} INFO - Filling up the DagBag from /home/airflow/.local/lib/python3.8/site-packages/airflow/example_dags/example_xcom.py
[2026-03-01T08:30:02.027+0000] {processor.py:840} INFO - DAG(s) 'example_xcom' retrieved from /home/airflow/.local/lib/python3.8/site-packages/airflow/example_dags/example_xcom.py
[2026-03-01T08:30:02.043+0000] {logging_mixin.py:188} INFO - [2026-03-01T08:30:02.042+0000] {dag.py:3036} INFO - Sync 1 DAGs
[2026-03-01T08:30:02.055+0000] {logging_mixin.py:188} INFO - [2026-03-01T08:30:02.055+0000] {dag.py:3823} INFO - Setting next_dagrun for example_xcom to 2021-01-01 00:00:00+00:00, run_after=2021-01-01 00:00:00+00:00
[2026-03-01T08:30:02.180+0000] {processor.py:183} INFO - Processing /home/airflow/.local/lib/python3.8/site-packages/airflow/example_dags/example_xcom.py took 0.163 seconds
[2026-03-01T08:30:32.394+0000] {processor.py:161} INFO - Started process (PID=2703) to work on /home/airflow/.local/lib/python3.8/site-packages/airflow/example_dags/example_xcom.py
[2026-03-01T08:30:32.395+0000] {processor.py:830} INFO - Processing file /home/airflow/.local/lib/python3.8/site-packages/airflow/example_dags/example_xcom.py for tasks to queue
[2026-03-01T08:30:32.397+0000] {logging_mixin.py:188} INFO - [2026-03-01T08:30:32.397+0000] {dagbag.py:538} INFO - Filling up the DagBag from /home/airflow/.local/lib/python3.8/site-packages/airflow/example_dags/example_xcom.py
[2026-03-01T08:30:32.402+0000] {processor.py:840} INFO - DAG(s) 'example_xcom' retrieved from /home/airflow/.local/lib/python3.8/site-packages/airflow/example_dags/example_xcom.py
[2026-03-01T08:30:32.417+0000] {logging_mixin.py:188} INFO - [2026-03-01T08:30:32.417+0000] {dag.py:3036} INFO - Sync 1 DAGs
[2026-03-01T08:30:32.431+0000] {logging_mixin.py:188} INFO - [2026-03-01T08:30:32.430+0000] {dag.py:3823} INFO - Setting next_dagrun for example_xcom to 2021-01-01 00:00:00+00:00, run_after=2021-01-01 00:00:00+00:00
[2026-03-01T08:30:32.446+0000] {processor.py:183} INFO - Processing /home/airflow/.local/lib/python3.8/site-packages/airflow/example_dags/example_xcom.py took 0.054 seconds
