[2026-03-01T08:07:45.651+0000] {processor.py:161} INFO - Started process (PID=54) to work on /home/airflow/.local/lib/python3.8/site-packages/airflow/example_dags/example_short_circuit_operator.py
[2026-03-01T08:07:45.653+0000] {processor.py:830} INFO - Processing file /home/airflow/.local/lib/python3.8/site-packages/airflow/example_dags/example_short_circuit_operator.py for tasks to queue
[2026-03-01T08:07:45.655+0000] {logging_mixin.py:188} INFO - [2026-03-01T08:07:45.655+0000] {dagbag.py:538} INFO - Filling up the DagBag from /home/airflow/.local/lib/python3.8/site-packages/airflow/example_dags/example_short_circuit_operator.py
[2026-03-01T08:07:45.670+0000] {processor.py:840} INFO - DAG(s) 'example_short_circuit_operator' retrieved from /home/airflow/.local/lib/python3.8/site-packages/airflow/example_dags/example_short_circuit_operator.py
[2026-03-01T08:07:45.846+0000] {logging_mixin.py:188} INFO - [2026-03-01T08:07:45.846+0000] {override.py:1769} INFO - Created Permission View: can edit on DAG:example_short_circuit_operator
[2026-03-01T08:07:45.855+0000] {logging_mixin.py:188} INFO - [2026-03-01T08:07:45.855+0000] {override.py:1769} INFO - Created Permission View: can delete on DAG:example_short_circuit_operator
[2026-03-01T08:07:45.861+0000] {logging_mixin.py:188} INFO - [2026-03-01T08:07:45.860+0000] {override.py:1769} INFO - Created Permission View: can read on DAG:example_short_circuit_operator
[2026-03-01T08:07:45.861+0000] {logging_mixin.py:188} INFO - [2026-03-01T08:07:45.861+0000] {dag.py:3036} INFO - Sync 1 DAGs
[2026-03-01T08:07:45.870+0000] {logging_mixin.py:188} INFO - [2026-03-01T08:07:45.869+0000] {dag.py:3058} INFO - Creating ORM DAG for example_short_circuit_operator
[2026-03-01T08:07:45.878+0000] {logging_mixin.py:188} INFO - [2026-03-01T08:07:45.878+0000] {dag.py:3823} INFO - Setting next_dagrun for example_short_circuit_operator to 2026-02-28 00:00:00+00:00, run_after=2026-03-01 00:00:00+00:00
[2026-03-01T08:07:45.893+0000] {processor.py:183} INFO - Processing /home/airflow/.local/lib/python3.8/site-packages/airflow/example_dags/example_short_circuit_operator.py took 0.245 seconds
[2026-03-01T08:08:16.491+0000] {processor.py:161} INFO - Started process (PID=110) to work on /home/airflow/.local/lib/python3.8/site-packages/airflow/example_dags/example_short_circuit_operator.py
[2026-03-01T08:08:16.492+0000] {processor.py:830} INFO - Processing file /home/airflow/.local/lib/python3.8/site-packages/airflow/example_dags/example_short_circuit_operator.py for tasks to queue
[2026-03-01T08:08:16.494+0000] {logging_mixin.py:188} INFO - [2026-03-01T08:08:16.493+0000] {dagbag.py:538} INFO - Filling up the DagBag from /home/airflow/.local/lib/python3.8/site-packages/airflow/example_dags/example_short_circuit_operator.py
[2026-03-01T08:08:16.500+0000] {processor.py:840} INFO - DAG(s) 'example_short_circuit_operator' retrieved from /home/airflow/.local/lib/python3.8/site-packages/airflow/example_dags/example_short_circuit_operator.py
[2026-03-01T08:08:16.516+0000] {logging_mixin.py:188} INFO - [2026-03-01T08:08:16.515+0000] {dag.py:3036} INFO - Sync 1 DAGs
[2026-03-01T08:08:16.529+0000] {logging_mixin.py:188} INFO - [2026-03-01T08:08:16.529+0000] {dag.py:3823} INFO - Setting next_dagrun for example_short_circuit_operator to 2026-02-28 00:00:00+00:00, run_after=2026-03-01 00:00:00+00:00
[2026-03-01T08:08:16.545+0000] {processor.py:183} INFO - Processing /home/airflow/.local/lib/python3.8/site-packages/airflow/example_dags/example_short_circuit_operator.py took 0.056 seconds
[2026-03-01T08:08:46.841+0000] {processor.py:161} INFO - Started process (PID=165) to work on /home/airflow/.local/lib/python3.8/site-packages/airflow/example_dags/example_short_circuit_operator.py
[2026-03-01T08:08:46.842+0000] {processor.py:830} INFO - Processing file /home/airflow/.local/lib/python3.8/site-packages/airflow/example_dags/example_short_circuit_operator.py for tasks to queue
[2026-03-01T08:08:46.845+0000] {logging_mixin.py:188} INFO - [2026-03-01T08:08:46.845+0000] {dagbag.py:538} INFO - Filling up the DagBag from /home/airflow/.local/lib/python3.8/site-packages/airflow/example_dags/example_short_circuit_operator.py
[2026-03-01T08:08:46.850+0000] {processor.py:840} INFO - DAG(s) 'example_short_circuit_operator' retrieved from /home/airflow/.local/lib/python3.8/site-packages/airflow/example_dags/example_short_circuit_operator.py
[2026-03-01T08:08:46.868+0000] {logging_mixin.py:188} INFO - [2026-03-01T08:08:46.868+0000] {dag.py:3036} INFO - Sync 1 DAGs
[2026-03-01T08:08:46.884+0000] {logging_mixin.py:188} INFO - [2026-03-01T08:08:46.884+0000] {dag.py:3823} INFO - Setting next_dagrun for example_short_circuit_operator to 2026-02-28 00:00:00+00:00, run_after=2026-03-01 00:00:00+00:00
[2026-03-01T08:08:46.900+0000] {processor.py:183} INFO - Processing /home/airflow/.local/lib/python3.8/site-packages/airflow/example_dags/example_short_circuit_operator.py took 0.062 seconds
[2026-03-01T08:09:17.370+0000] {processor.py:161} INFO - Started process (PID=220) to work on /home/airflow/.local/lib/python3.8/site-packages/airflow/example_dags/example_short_circuit_operator.py
[2026-03-01T08:09:17.371+0000] {processor.py:830} INFO - Processing file /home/airflow/.local/lib/python3.8/site-packages/airflow/example_dags/example_short_circuit_operator.py for tasks to queue
[2026-03-01T08:09:17.372+0000] {logging_mixin.py:188} INFO - [2026-03-01T08:09:17.372+0000] {dagbag.py:538} INFO - Filling up the DagBag from /home/airflow/.local/lib/python3.8/site-packages/airflow/example_dags/example_short_circuit_operator.py
[2026-03-01T08:09:17.377+0000] {processor.py:840} INFO - DAG(s) 'example_short_circuit_operator' retrieved from /home/airflow/.local/lib/python3.8/site-packages/airflow/example_dags/example_short_circuit_operator.py
[2026-03-01T08:09:17.393+0000] {logging_mixin.py:188} INFO - [2026-03-01T08:09:17.393+0000] {dag.py:3036} INFO - Sync 1 DAGs
[2026-03-01T08:09:17.407+0000] {logging_mixin.py:188} INFO - [2026-03-01T08:09:17.407+0000] {dag.py:3823} INFO - Setting next_dagrun for example_short_circuit_operator to 2026-02-28 00:00:00+00:00, run_after=2026-03-01 00:00:00+00:00
[2026-03-01T08:09:17.423+0000] {processor.py:183} INFO - Processing /home/airflow/.local/lib/python3.8/site-packages/airflow/example_dags/example_short_circuit_operator.py took 0.056 seconds
[2026-03-01T08:09:47.626+0000] {processor.py:161} INFO - Started process (PID=275) to work on /home/airflow/.local/lib/python3.8/site-packages/airflow/example_dags/example_short_circuit_operator.py
[2026-03-01T08:09:47.627+0000] {processor.py:830} INFO - Processing file /home/airflow/.local/lib/python3.8/site-packages/airflow/example_dags/example_short_circuit_operator.py for tasks to queue
[2026-03-01T08:09:47.628+0000] {logging_mixin.py:188} INFO - [2026-03-01T08:09:47.628+0000] {dagbag.py:538} INFO - Filling up the DagBag from /home/airflow/.local/lib/python3.8/site-packages/airflow/example_dags/example_short_circuit_operator.py
[2026-03-01T08:09:47.633+0000] {processor.py:840} INFO - DAG(s) 'example_short_circuit_operator' retrieved from /home/airflow/.local/lib/python3.8/site-packages/airflow/example_dags/example_short_circuit_operator.py
[2026-03-01T08:09:47.649+0000] {logging_mixin.py:188} INFO - [2026-03-01T08:09:47.649+0000] {dag.py:3036} INFO - Sync 1 DAGs
[2026-03-01T08:09:47.665+0000] {logging_mixin.py:188} INFO - [2026-03-01T08:09:47.664+0000] {dag.py:3823} INFO - Setting next_dagrun for example_short_circuit_operator to 2026-02-28 00:00:00+00:00, run_after=2026-03-01 00:00:00+00:00
[2026-03-01T08:09:47.682+0000] {processor.py:183} INFO - Processing /home/airflow/.local/lib/python3.8/site-packages/airflow/example_dags/example_short_circuit_operator.py took 0.058 seconds
[2026-03-01T08:10:18.222+0000] {processor.py:161} INFO - Started process (PID=330) to work on /home/airflow/.local/lib/python3.8/site-packages/airflow/example_dags/example_short_circuit_operator.py
[2026-03-01T08:10:18.223+0000] {processor.py:830} INFO - Processing file /home/airflow/.local/lib/python3.8/site-packages/airflow/example_dags/example_short_circuit_operator.py for tasks to queue
[2026-03-01T08:10:18.225+0000] {logging_mixin.py:188} INFO - [2026-03-01T08:10:18.225+0000] {dagbag.py:538} INFO - Filling up the DagBag from /home/airflow/.local/lib/python3.8/site-packages/airflow/example_dags/example_short_circuit_operator.py
[2026-03-01T08:10:18.229+0000] {processor.py:840} INFO - DAG(s) 'example_short_circuit_operator' retrieved from /home/airflow/.local/lib/python3.8/site-packages/airflow/example_dags/example_short_circuit_operator.py
[2026-03-01T08:10:18.244+0000] {logging_mixin.py:188} INFO - [2026-03-01T08:10:18.243+0000] {dag.py:3036} INFO - Sync 1 DAGs
[2026-03-01T08:10:18.256+0000] {logging_mixin.py:188} INFO - [2026-03-01T08:10:18.256+0000] {dag.py:3823} INFO - Setting next_dagrun for example_short_circuit_operator to 2026-02-28 00:00:00+00:00, run_after=2026-03-01 00:00:00+00:00
[2026-03-01T08:10:18.271+0000] {processor.py:183} INFO - Processing /home/airflow/.local/lib/python3.8/site-packages/airflow/example_dags/example_short_circuit_operator.py took 0.052 seconds
[2026-03-01T08:10:48.641+0000] {processor.py:161} INFO - Started process (PID=385) to work on /home/airflow/.local/lib/python3.8/site-packages/airflow/example_dags/example_short_circuit_operator.py
[2026-03-01T08:10:48.642+0000] {processor.py:830} INFO - Processing file /home/airflow/.local/lib/python3.8/site-packages/airflow/example_dags/example_short_circuit_operator.py for tasks to queue
[2026-03-01T08:10:48.644+0000] {logging_mixin.py:188} INFO - [2026-03-01T08:10:48.644+0000] {dagbag.py:538} INFO - Filling up the DagBag from /home/airflow/.local/lib/python3.8/site-packages/airflow/example_dags/example_short_circuit_operator.py
[2026-03-01T08:10:48.649+0000] {processor.py:840} INFO - DAG(s) 'example_short_circuit_operator' retrieved from /home/airflow/.local/lib/python3.8/site-packages/airflow/example_dags/example_short_circuit_operator.py
[2026-03-01T08:10:48.665+0000] {logging_mixin.py:188} INFO - [2026-03-01T08:10:48.665+0000] {dag.py:3036} INFO - Sync 1 DAGs
[2026-03-01T08:10:48.680+0000] {logging_mixin.py:188} INFO - [2026-03-01T08:10:48.680+0000] {dag.py:3823} INFO - Setting next_dagrun for example_short_circuit_operator to 2026-02-28 00:00:00+00:00, run_after=2026-03-01 00:00:00+00:00
[2026-03-01T08:10:48.694+0000] {processor.py:183} INFO - Processing /home/airflow/.local/lib/python3.8/site-packages/airflow/example_dags/example_short_circuit_operator.py took 0.056 seconds
[2026-03-01T08:11:19.103+0000] {processor.py:161} INFO - Started process (PID=446) to work on /home/airflow/.local/lib/python3.8/site-packages/airflow/example_dags/example_short_circuit_operator.py
[2026-03-01T08:11:19.104+0000] {processor.py:830} INFO - Processing file /home/airflow/.local/lib/python3.8/site-packages/airflow/example_dags/example_short_circuit_operator.py for tasks to queue
[2026-03-01T08:11:19.106+0000] {logging_mixin.py:188} INFO - [2026-03-01T08:11:19.106+0000] {dagbag.py:538} INFO - Filling up the DagBag from /home/airflow/.local/lib/python3.8/site-packages/airflow/example_dags/example_short_circuit_operator.py
[2026-03-01T08:11:19.112+0000] {processor.py:840} INFO - DAG(s) 'example_short_circuit_operator' retrieved from /home/airflow/.local/lib/python3.8/site-packages/airflow/example_dags/example_short_circuit_operator.py
[2026-03-01T08:11:19.133+0000] {logging_mixin.py:188} INFO - [2026-03-01T08:11:19.133+0000] {dag.py:3036} INFO - Sync 1 DAGs
[2026-03-01T08:11:19.153+0000] {logging_mixin.py:188} INFO - [2026-03-01T08:11:19.153+0000] {dag.py:3823} INFO - Setting next_dagrun for example_short_circuit_operator to 2026-02-28 00:00:00+00:00, run_after=2026-03-01 00:00:00+00:00
[2026-03-01T08:11:19.173+0000] {processor.py:183} INFO - Processing /home/airflow/.local/lib/python3.8/site-packages/airflow/example_dags/example_short_circuit_operator.py took 0.072 seconds
[2026-03-01T08:11:49.521+0000] {processor.py:161} INFO - Started process (PID=501) to work on /home/airflow/.local/lib/python3.8/site-packages/airflow/example_dags/example_short_circuit_operator.py
[2026-03-01T08:11:49.522+0000] {processor.py:830} INFO - Processing file /home/airflow/.local/lib/python3.8/site-packages/airflow/example_dags/example_short_circuit_operator.py for tasks to queue
[2026-03-01T08:11:49.523+0000] {logging_mixin.py:188} INFO - [2026-03-01T08:11:49.523+0000] {dagbag.py:538} INFO - Filling up the DagBag from /home/airflow/.local/lib/python3.8/site-packages/airflow/example_dags/example_short_circuit_operator.py
[2026-03-01T08:11:49.528+0000] {processor.py:840} INFO - DAG(s) 'example_short_circuit_operator' retrieved from /home/airflow/.local/lib/python3.8/site-packages/airflow/example_dags/example_short_circuit_operator.py
[2026-03-01T08:11:49.545+0000] {logging_mixin.py:188} INFO - [2026-03-01T08:11:49.545+0000] {dag.py:3036} INFO - Sync 1 DAGs
[2026-03-01T08:11:49.560+0000] {logging_mixin.py:188} INFO - [2026-03-01T08:11:49.560+0000] {dag.py:3823} INFO - Setting next_dagrun for example_short_circuit_operator to 2026-02-28 00:00:00+00:00, run_after=2026-03-01 00:00:00+00:00
[2026-03-01T08:11:49.577+0000] {processor.py:183} INFO - Processing /home/airflow/.local/lib/python3.8/site-packages/airflow/example_dags/example_short_circuit_operator.py took 0.059 seconds
[2026-03-01T08:12:19.607+0000] {processor.py:161} INFO - Started process (PID=585) to work on /home/airflow/.local/lib/python3.8/site-packages/airflow/example_dags/example_short_circuit_operator.py
[2026-03-01T08:12:19.608+0000] {processor.py:830} INFO - Processing file /home/airflow/.local/lib/python3.8/site-packages/airflow/example_dags/example_short_circuit_operator.py for tasks to queue
[2026-03-01T08:12:19.610+0000] {logging_mixin.py:188} INFO - [2026-03-01T08:12:19.610+0000] {dagbag.py:538} INFO - Filling up the DagBag from /home/airflow/.local/lib/python3.8/site-packages/airflow/example_dags/example_short_circuit_operator.py
[2026-03-01T08:12:19.614+0000] {processor.py:840} INFO - DAG(s) 'example_short_circuit_operator' retrieved from /home/airflow/.local/lib/python3.8/site-packages/airflow/example_dags/example_short_circuit_operator.py
[2026-03-01T08:12:19.630+0000] {logging_mixin.py:188} INFO - [2026-03-01T08:12:19.629+0000] {dag.py:3036} INFO - Sync 1 DAGs
[2026-03-01T08:12:19.643+0000] {logging_mixin.py:188} INFO - [2026-03-01T08:12:19.643+0000] {dag.py:3823} INFO - Setting next_dagrun for example_short_circuit_operator to 2026-02-28 00:00:00+00:00, run_after=2026-03-01 00:00:00+00:00
[2026-03-01T08:12:19.656+0000] {processor.py:183} INFO - Processing /home/airflow/.local/lib/python3.8/site-packages/airflow/example_dags/example_short_circuit_operator.py took 0.051 seconds
[2026-03-01T08:12:49.847+0000] {processor.py:161} INFO - Started process (PID=645) to work on /home/airflow/.local/lib/python3.8/site-packages/airflow/example_dags/example_short_circuit_operator.py
[2026-03-01T08:12:49.848+0000] {processor.py:830} INFO - Processing file /home/airflow/.local/lib/python3.8/site-packages/airflow/example_dags/example_short_circuit_operator.py for tasks to queue
[2026-03-01T08:12:49.850+0000] {logging_mixin.py:188} INFO - [2026-03-01T08:12:49.850+0000] {dagbag.py:538} INFO - Filling up the DagBag from /home/airflow/.local/lib/python3.8/site-packages/airflow/example_dags/example_short_circuit_operator.py
[2026-03-01T08:12:49.855+0000] {processor.py:840} INFO - DAG(s) 'example_short_circuit_operator' retrieved from /home/airflow/.local/lib/python3.8/site-packages/airflow/example_dags/example_short_circuit_operator.py
[2026-03-01T08:12:49.874+0000] {logging_mixin.py:188} INFO - [2026-03-01T08:12:49.874+0000] {dag.py:3036} INFO - Sync 1 DAGs
[2026-03-01T08:12:49.888+0000] {logging_mixin.py:188} INFO - [2026-03-01T08:12:49.887+0000] {dag.py:3823} INFO - Setting next_dagrun for example_short_circuit_operator to 2026-02-28 00:00:00+00:00, run_after=2026-03-01 00:00:00+00:00
[2026-03-01T08:12:49.908+0000] {processor.py:183} INFO - Processing /home/airflow/.local/lib/python3.8/site-packages/airflow/example_dags/example_short_circuit_operator.py took 0.064 seconds
[2026-03-01T08:13:20.155+0000] {processor.py:161} INFO - Started process (PID=700) to work on /home/airflow/.local/lib/python3.8/site-packages/airflow/example_dags/example_short_circuit_operator.py
[2026-03-01T08:13:20.156+0000] {processor.py:830} INFO - Processing file /home/airflow/.local/lib/python3.8/site-packages/airflow/example_dags/example_short_circuit_operator.py for tasks to queue
[2026-03-01T08:13:20.159+0000] {logging_mixin.py:188} INFO - [2026-03-01T08:13:20.158+0000] {dagbag.py:538} INFO - Filling up the DagBag from /home/airflow/.local/lib/python3.8/site-packages/airflow/example_dags/example_short_circuit_operator.py
[2026-03-01T08:13:20.165+0000] {processor.py:840} INFO - DAG(s) 'example_short_circuit_operator' retrieved from /home/airflow/.local/lib/python3.8/site-packages/airflow/example_dags/example_short_circuit_operator.py
[2026-03-01T08:13:20.182+0000] {logging_mixin.py:188} INFO - [2026-03-01T08:13:20.181+0000] {dag.py:3036} INFO - Sync 1 DAGs
[2026-03-01T08:13:20.196+0000] {logging_mixin.py:188} INFO - [2026-03-01T08:13:20.196+0000] {dag.py:3823} INFO - Setting next_dagrun for example_short_circuit_operator to 2026-02-28 00:00:00+00:00, run_after=2026-03-01 00:00:00+00:00
[2026-03-01T08:13:20.212+0000] {processor.py:183} INFO - Processing /home/airflow/.local/lib/python3.8/site-packages/airflow/example_dags/example_short_circuit_operator.py took 0.059 seconds
[2026-03-01T08:13:50.277+0000] {processor.py:161} INFO - Started process (PID=778) to work on /home/airflow/.local/lib/python3.8/site-packages/airflow/example_dags/example_short_circuit_operator.py
[2026-03-01T08:13:50.278+0000] {processor.py:830} INFO - Processing file /home/airflow/.local/lib/python3.8/site-packages/airflow/example_dags/example_short_circuit_operator.py for tasks to queue
[2026-03-01T08:13:50.280+0000] {logging_mixin.py:188} INFO - [2026-03-01T08:13:50.280+0000] {dagbag.py:538} INFO - Filling up the DagBag from /home/airflow/.local/lib/python3.8/site-packages/airflow/example_dags/example_short_circuit_operator.py
[2026-03-01T08:13:50.285+0000] {processor.py:840} INFO - DAG(s) 'example_short_circuit_operator' retrieved from /home/airflow/.local/lib/python3.8/site-packages/airflow/example_dags/example_short_circuit_operator.py
[2026-03-01T08:13:50.300+0000] {logging_mixin.py:188} INFO - [2026-03-01T08:13:50.300+0000] {dag.py:3036} INFO - Sync 1 DAGs
[2026-03-01T08:13:50.314+0000] {logging_mixin.py:188} INFO - [2026-03-01T08:13:50.314+0000] {dag.py:3823} INFO - Setting next_dagrun for example_short_circuit_operator to 2026-02-28 00:00:00+00:00, run_after=2026-03-01 00:00:00+00:00
[2026-03-01T08:13:50.327+0000] {processor.py:183} INFO - Processing /home/airflow/.local/lib/python3.8/site-packages/airflow/example_dags/example_short_circuit_operator.py took 0.052 seconds
[2026-03-01T08:14:20.612+0000] {processor.py:161} INFO - Started process (PID=855) to work on /home/airflow/.local/lib/python3.8/site-packages/airflow/example_dags/example_short_circuit_operator.py
[2026-03-01T08:14:20.613+0000] {processor.py:830} INFO - Processing file /home/airflow/.local/lib/python3.8/site-packages/airflow/example_dags/example_short_circuit_operator.py for tasks to queue
[2026-03-01T08:14:20.615+0000] {logging_mixin.py:188} INFO - [2026-03-01T08:14:20.615+0000] {dagbag.py:538} INFO - Filling up the DagBag from /home/airflow/.local/lib/python3.8/site-packages/airflow/example_dags/example_short_circuit_operator.py
[2026-03-01T08:14:20.621+0000] {processor.py:840} INFO - DAG(s) 'example_short_circuit_operator' retrieved from /home/airflow/.local/lib/python3.8/site-packages/airflow/example_dags/example_short_circuit_operator.py
[2026-03-01T08:14:20.634+0000] {logging_mixin.py:188} INFO - [2026-03-01T08:14:20.634+0000] {dag.py:3036} INFO - Sync 1 DAGs
[2026-03-01T08:14:20.650+0000] {logging_mixin.py:188} INFO - [2026-03-01T08:14:20.650+0000] {dag.py:3823} INFO - Setting next_dagrun for example_short_circuit_operator to 2026-02-28 00:00:00+00:00, run_after=2026-03-01 00:00:00+00:00
[2026-03-01T08:14:20.674+0000] {processor.py:183} INFO - Processing /home/airflow/.local/lib/python3.8/site-packages/airflow/example_dags/example_short_circuit_operator.py took 0.065 seconds
[2026-03-01T08:14:50.819+0000] {processor.py:161} INFO - Started process (PID=910) to work on /home/airflow/.local/lib/python3.8/site-packages/airflow/example_dags/example_short_circuit_operator.py
[2026-03-01T08:14:50.820+0000] {processor.py:830} INFO - Processing file /home/airflow/.local/lib/python3.8/site-packages/airflow/example_dags/example_short_circuit_operator.py for tasks to queue
[2026-03-01T08:14:50.822+0000] {logging_mixin.py:188} INFO - [2026-03-01T08:14:50.822+0000] {dagbag.py:538} INFO - Filling up the DagBag from /home/airflow/.local/lib/python3.8/site-packages/airflow/example_dags/example_short_circuit_operator.py
[2026-03-01T08:14:50.827+0000] {processor.py:840} INFO - DAG(s) 'example_short_circuit_operator' retrieved from /home/airflow/.local/lib/python3.8/site-packages/airflow/example_dags/example_short_circuit_operator.py
[2026-03-01T08:14:50.891+0000] {logging_mixin.py:188} INFO - [2026-03-01T08:14:50.891+0000] {dag.py:3036} INFO - Sync 1 DAGs
[2026-03-01T08:14:50.904+0000] {logging_mixin.py:188} INFO - [2026-03-01T08:14:50.904+0000] {dag.py:3823} INFO - Setting next_dagrun for example_short_circuit_operator to 2026-02-28 00:00:00+00:00, run_after=2026-03-01 00:00:00+00:00
[2026-03-01T08:14:50.922+0000] {processor.py:183} INFO - Processing /home/airflow/.local/lib/python3.8/site-packages/airflow/example_dags/example_short_circuit_operator.py took 0.106 seconds
[2026-03-01T08:15:21.014+0000] {processor.py:161} INFO - Started process (PID=965) to work on /home/airflow/.local/lib/python3.8/site-packages/airflow/example_dags/example_short_circuit_operator.py
[2026-03-01T08:15:21.015+0000] {processor.py:830} INFO - Processing file /home/airflow/.local/lib/python3.8/site-packages/airflow/example_dags/example_short_circuit_operator.py for tasks to queue
[2026-03-01T08:15:21.017+0000] {logging_mixin.py:188} INFO - [2026-03-01T08:15:21.017+0000] {dagbag.py:538} INFO - Filling up the DagBag from /home/airflow/.local/lib/python3.8/site-packages/airflow/example_dags/example_short_circuit_operator.py
[2026-03-01T08:15:21.022+0000] {processor.py:840} INFO - DAG(s) 'example_short_circuit_operator' retrieved from /home/airflow/.local/lib/python3.8/site-packages/airflow/example_dags/example_short_circuit_operator.py
[2026-03-01T08:15:21.037+0000] {logging_mixin.py:188} INFO - [2026-03-01T08:15:21.037+0000] {dag.py:3036} INFO - Sync 1 DAGs
[2026-03-01T08:15:21.053+0000] {logging_mixin.py:188} INFO - [2026-03-01T08:15:21.053+0000] {dag.py:3823} INFO - Setting next_dagrun for example_short_circuit_operator to 2026-02-28 00:00:00+00:00, run_after=2026-03-01 00:00:00+00:00
[2026-03-01T08:15:21.071+0000] {processor.py:183} INFO - Processing /home/airflow/.local/lib/python3.8/site-packages/airflow/example_dags/example_short_circuit_operator.py took 0.059 seconds
[2026-03-01T08:15:51.214+0000] {processor.py:161} INFO - Started process (PID=1020) to work on /home/airflow/.local/lib/python3.8/site-packages/airflow/example_dags/example_short_circuit_operator.py
[2026-03-01T08:15:51.215+0000] {processor.py:830} INFO - Processing file /home/airflow/.local/lib/python3.8/site-packages/airflow/example_dags/example_short_circuit_operator.py for tasks to queue
[2026-03-01T08:15:51.216+0000] {logging_mixin.py:188} INFO - [2026-03-01T08:15:51.216+0000] {dagbag.py:538} INFO - Filling up the DagBag from /home/airflow/.local/lib/python3.8/site-packages/airflow/example_dags/example_short_circuit_operator.py
[2026-03-01T08:15:51.222+0000] {processor.py:840} INFO - DAG(s) 'example_short_circuit_operator' retrieved from /home/airflow/.local/lib/python3.8/site-packages/airflow/example_dags/example_short_circuit_operator.py
[2026-03-01T08:15:51.238+0000] {logging_mixin.py:188} INFO - [2026-03-01T08:15:51.238+0000] {dag.py:3036} INFO - Sync 1 DAGs
[2026-03-01T08:15:51.253+0000] {logging_mixin.py:188} INFO - [2026-03-01T08:15:51.253+0000] {dag.py:3823} INFO - Setting next_dagrun for example_short_circuit_operator to 2026-02-28 00:00:00+00:00, run_after=2026-03-01 00:00:00+00:00
[2026-03-01T08:15:51.266+0000] {processor.py:183} INFO - Processing /home/airflow/.local/lib/python3.8/site-packages/airflow/example_dags/example_short_circuit_operator.py took 0.055 seconds
[2026-03-01T08:16:21.508+0000] {processor.py:161} INFO - Started process (PID=1098) to work on /home/airflow/.local/lib/python3.8/site-packages/airflow/example_dags/example_short_circuit_operator.py
[2026-03-01T08:16:21.510+0000] {processor.py:830} INFO - Processing file /home/airflow/.local/lib/python3.8/site-packages/airflow/example_dags/example_short_circuit_operator.py for tasks to queue
[2026-03-01T08:16:21.512+0000] {logging_mixin.py:188} INFO - [2026-03-01T08:16:21.512+0000] {dagbag.py:538} INFO - Filling up the DagBag from /home/airflow/.local/lib/python3.8/site-packages/airflow/example_dags/example_short_circuit_operator.py
[2026-03-01T08:16:21.519+0000] {processor.py:840} INFO - DAG(s) 'example_short_circuit_operator' retrieved from /home/airflow/.local/lib/python3.8/site-packages/airflow/example_dags/example_short_circuit_operator.py
[2026-03-01T08:16:21.538+0000] {logging_mixin.py:188} INFO - [2026-03-01T08:16:21.538+0000] {dag.py:3036} INFO - Sync 1 DAGs
[2026-03-01T08:16:21.552+0000] {logging_mixin.py:188} INFO - [2026-03-01T08:16:21.552+0000] {dag.py:3823} INFO - Setting next_dagrun for example_short_circuit_operator to 2026-02-28 00:00:00+00:00, run_after=2026-03-01 00:00:00+00:00
[2026-03-01T08:16:21.571+0000] {processor.py:183} INFO - Processing /home/airflow/.local/lib/python3.8/site-packages/airflow/example_dags/example_short_circuit_operator.py took 0.066 seconds
[2026-03-01T08:16:51.826+0000] {processor.py:161} INFO - Started process (PID=1159) to work on /home/airflow/.local/lib/python3.8/site-packages/airflow/example_dags/example_short_circuit_operator.py
[2026-03-01T08:16:51.827+0000] {processor.py:830} INFO - Processing file /home/airflow/.local/lib/python3.8/site-packages/airflow/example_dags/example_short_circuit_operator.py for tasks to queue
[2026-03-01T08:16:51.828+0000] {logging_mixin.py:188} INFO - [2026-03-01T08:16:51.828+0000] {dagbag.py:538} INFO - Filling up the DagBag from /home/airflow/.local/lib/python3.8/site-packages/airflow/example_dags/example_short_circuit_operator.py
[2026-03-01T08:16:51.833+0000] {processor.py:840} INFO - DAG(s) 'example_short_circuit_operator' retrieved from /home/airflow/.local/lib/python3.8/site-packages/airflow/example_dags/example_short_circuit_operator.py
[2026-03-01T08:16:51.849+0000] {logging_mixin.py:188} INFO - [2026-03-01T08:16:51.849+0000] {dag.py:3036} INFO - Sync 1 DAGs
[2026-03-01T08:16:51.861+0000] {logging_mixin.py:188} INFO - [2026-03-01T08:16:51.861+0000] {dag.py:3823} INFO - Setting next_dagrun for example_short_circuit_operator to 2026-02-28 00:00:00+00:00, run_after=2026-03-01 00:00:00+00:00
[2026-03-01T08:16:51.874+0000] {processor.py:183} INFO - Processing /home/airflow/.local/lib/python3.8/site-packages/airflow/example_dags/example_short_circuit_operator.py took 0.050 seconds
[2026-03-01T08:17:22.175+0000] {processor.py:161} INFO - Started process (PID=1214) to work on /home/airflow/.local/lib/python3.8/site-packages/airflow/example_dags/example_short_circuit_operator.py
[2026-03-01T08:17:22.176+0000] {processor.py:830} INFO - Processing file /home/airflow/.local/lib/python3.8/site-packages/airflow/example_dags/example_short_circuit_operator.py for tasks to queue
[2026-03-01T08:17:22.178+0000] {logging_mixin.py:188} INFO - [2026-03-01T08:17:22.177+0000] {dagbag.py:538} INFO - Filling up the DagBag from /home/airflow/.local/lib/python3.8/site-packages/airflow/example_dags/example_short_circuit_operator.py
[2026-03-01T08:17:22.182+0000] {processor.py:840} INFO - DAG(s) 'example_short_circuit_operator' retrieved from /home/airflow/.local/lib/python3.8/site-packages/airflow/example_dags/example_short_circuit_operator.py
[2026-03-01T08:17:22.199+0000] {logging_mixin.py:188} INFO - [2026-03-01T08:17:22.198+0000] {dag.py:3036} INFO - Sync 1 DAGs
[2026-03-01T08:17:22.214+0000] {logging_mixin.py:188} INFO - [2026-03-01T08:17:22.214+0000] {dag.py:3823} INFO - Setting next_dagrun for example_short_circuit_operator to 2026-02-28 00:00:00+00:00, run_after=2026-03-01 00:00:00+00:00
[2026-03-01T08:17:22.225+0000] {processor.py:183} INFO - Processing /home/airflow/.local/lib/python3.8/site-packages/airflow/example_dags/example_short_circuit_operator.py took 0.052 seconds
[2026-03-01T08:17:52.375+0000] {processor.py:161} INFO - Started process (PID=1293) to work on /home/airflow/.local/lib/python3.8/site-packages/airflow/example_dags/example_short_circuit_operator.py
[2026-03-01T08:17:52.375+0000] {processor.py:830} INFO - Processing file /home/airflow/.local/lib/python3.8/site-packages/airflow/example_dags/example_short_circuit_operator.py for tasks to queue
[2026-03-01T08:17:52.378+0000] {logging_mixin.py:188} INFO - [2026-03-01T08:17:52.377+0000] {dagbag.py:538} INFO - Filling up the DagBag from /home/airflow/.local/lib/python3.8/site-packages/airflow/example_dags/example_short_circuit_operator.py
[2026-03-01T08:17:52.382+0000] {processor.py:840} INFO - DAG(s) 'example_short_circuit_operator' retrieved from /home/airflow/.local/lib/python3.8/site-packages/airflow/example_dags/example_short_circuit_operator.py
[2026-03-01T08:17:52.398+0000] {logging_mixin.py:188} INFO - [2026-03-01T08:17:52.398+0000] {dag.py:3036} INFO - Sync 1 DAGs
[2026-03-01T08:17:52.411+0000] {logging_mixin.py:188} INFO - [2026-03-01T08:17:52.411+0000] {dag.py:3823} INFO - Setting next_dagrun for example_short_circuit_operator to 2026-02-28 00:00:00+00:00, run_after=2026-03-01 00:00:00+00:00
[2026-03-01T08:17:52.431+0000] {processor.py:183} INFO - Processing /home/airflow/.local/lib/python3.8/site-packages/airflow/example_dags/example_short_circuit_operator.py took 0.059 seconds
[2026-03-01T08:18:22.789+0000] {processor.py:161} INFO - Started process (PID=1349) to work on /home/airflow/.local/lib/python3.8/site-packages/airflow/example_dags/example_short_circuit_operator.py
[2026-03-01T08:18:22.790+0000] {processor.py:830} INFO - Processing file /home/airflow/.local/lib/python3.8/site-packages/airflow/example_dags/example_short_circuit_operator.py for tasks to queue
[2026-03-01T08:18:22.792+0000] {logging_mixin.py:188} INFO - [2026-03-01T08:18:22.791+0000] {dagbag.py:538} INFO - Filling up the DagBag from /home/airflow/.local/lib/python3.8/site-packages/airflow/example_dags/example_short_circuit_operator.py
[2026-03-01T08:18:22.797+0000] {processor.py:840} INFO - DAG(s) 'example_short_circuit_operator' retrieved from /home/airflow/.local/lib/python3.8/site-packages/airflow/example_dags/example_short_circuit_operator.py
[2026-03-01T08:18:22.814+0000] {logging_mixin.py:188} INFO - [2026-03-01T08:18:22.813+0000] {dag.py:3036} INFO - Sync 1 DAGs
[2026-03-01T08:18:22.829+0000] {logging_mixin.py:188} INFO - [2026-03-01T08:18:22.829+0000] {dag.py:3823} INFO - Setting next_dagrun for example_short_circuit_operator to 2026-02-28 00:00:00+00:00, run_after=2026-03-01 00:00:00+00:00
[2026-03-01T08:18:22.853+0000] {processor.py:183} INFO - Processing /home/airflow/.local/lib/python3.8/site-packages/airflow/example_dags/example_short_circuit_operator.py took 0.066 seconds
[2026-03-01T08:18:53.273+0000] {processor.py:161} INFO - Started process (PID=1405) to work on /home/airflow/.local/lib/python3.8/site-packages/airflow/example_dags/example_short_circuit_operator.py
[2026-03-01T08:18:53.274+0000] {processor.py:830} INFO - Processing file /home/airflow/.local/lib/python3.8/site-packages/airflow/example_dags/example_short_circuit_operator.py for tasks to queue
[2026-03-01T08:18:53.276+0000] {logging_mixin.py:188} INFO - [2026-03-01T08:18:53.275+0000] {dagbag.py:538} INFO - Filling up the DagBag from /home/airflow/.local/lib/python3.8/site-packages/airflow/example_dags/example_short_circuit_operator.py
[2026-03-01T08:18:53.280+0000] {processor.py:840} INFO - DAG(s) 'example_short_circuit_operator' retrieved from /home/airflow/.local/lib/python3.8/site-packages/airflow/example_dags/example_short_circuit_operator.py
[2026-03-01T08:18:53.296+0000] {logging_mixin.py:188} INFO - [2026-03-01T08:18:53.296+0000] {dag.py:3036} INFO - Sync 1 DAGs
[2026-03-01T08:18:53.308+0000] {logging_mixin.py:188} INFO - [2026-03-01T08:18:53.308+0000] {dag.py:3823} INFO - Setting next_dagrun for example_short_circuit_operator to 2026-02-28 00:00:00+00:00, run_after=2026-03-01 00:00:00+00:00
[2026-03-01T08:18:53.323+0000] {processor.py:183} INFO - Processing /home/airflow/.local/lib/python3.8/site-packages/airflow/example_dags/example_short_circuit_operator.py took 0.052 seconds
[2026-03-01T08:19:23.471+0000] {processor.py:161} INFO - Started process (PID=1461) to work on /home/airflow/.local/lib/python3.8/site-packages/airflow/example_dags/example_short_circuit_operator.py
[2026-03-01T08:19:23.472+0000] {processor.py:830} INFO - Processing file /home/airflow/.local/lib/python3.8/site-packages/airflow/example_dags/example_short_circuit_operator.py for tasks to queue
[2026-03-01T08:19:23.474+0000] {logging_mixin.py:188} INFO - [2026-03-01T08:19:23.474+0000] {dagbag.py:538} INFO - Filling up the DagBag from /home/airflow/.local/lib/python3.8/site-packages/airflow/example_dags/example_short_circuit_operator.py
[2026-03-01T08:19:23.479+0000] {processor.py:840} INFO - DAG(s) 'example_short_circuit_operator' retrieved from /home/airflow/.local/lib/python3.8/site-packages/airflow/example_dags/example_short_circuit_operator.py
[2026-03-01T08:19:23.496+0000] {logging_mixin.py:188} INFO - [2026-03-01T08:19:23.496+0000] {dag.py:3036} INFO - Sync 1 DAGs
[2026-03-01T08:19:23.511+0000] {logging_mixin.py:188} INFO - [2026-03-01T08:19:23.511+0000] {dag.py:3823} INFO - Setting next_dagrun for example_short_circuit_operator to 2026-02-28 00:00:00+00:00, run_after=2026-03-01 00:00:00+00:00
[2026-03-01T08:19:23.525+0000] {processor.py:183} INFO - Processing /home/airflow/.local/lib/python3.8/site-packages/airflow/example_dags/example_short_circuit_operator.py took 0.057 seconds
[2026-03-01T08:19:53.677+0000] {processor.py:161} INFO - Started process (PID=1517) to work on /home/airflow/.local/lib/python3.8/site-packages/airflow/example_dags/example_short_circuit_operator.py
[2026-03-01T08:19:53.678+0000] {processor.py:830} INFO - Processing file /home/airflow/.local/lib/python3.8/site-packages/airflow/example_dags/example_short_circuit_operator.py for tasks to queue
[2026-03-01T08:19:53.680+0000] {logging_mixin.py:188} INFO - [2026-03-01T08:19:53.679+0000] {dagbag.py:538} INFO - Filling up the DagBag from /home/airflow/.local/lib/python3.8/site-packages/airflow/example_dags/example_short_circuit_operator.py
[2026-03-01T08:19:53.685+0000] {processor.py:840} INFO - DAG(s) 'example_short_circuit_operator' retrieved from /home/airflow/.local/lib/python3.8/site-packages/airflow/example_dags/example_short_circuit_operator.py
[2026-03-01T08:19:53.703+0000] {logging_mixin.py:188} INFO - [2026-03-01T08:19:53.703+0000] {dag.py:3036} INFO - Sync 1 DAGs
[2026-03-01T08:19:53.719+0000] {logging_mixin.py:188} INFO - [2026-03-01T08:19:53.719+0000] {dag.py:3823} INFO - Setting next_dagrun for example_short_circuit_operator to 2026-02-28 00:00:00+00:00, run_after=2026-03-01 00:00:00+00:00
[2026-03-01T08:19:53.738+0000] {processor.py:183} INFO - Processing /home/airflow/.local/lib/python3.8/site-packages/airflow/example_dags/example_short_circuit_operator.py took 0.063 seconds
[2026-03-01T08:20:24.059+0000] {processor.py:161} INFO - Started process (PID=1573) to work on /home/airflow/.local/lib/python3.8/site-packages/airflow/example_dags/example_short_circuit_operator.py
[2026-03-01T08:20:24.060+0000] {processor.py:830} INFO - Processing file /home/airflow/.local/lib/python3.8/site-packages/airflow/example_dags/example_short_circuit_operator.py for tasks to queue
[2026-03-01T08:20:24.061+0000] {logging_mixin.py:188} INFO - [2026-03-01T08:20:24.061+0000] {dagbag.py:538} INFO - Filling up the DagBag from /home/airflow/.local/lib/python3.8/site-packages/airflow/example_dags/example_short_circuit_operator.py
[2026-03-01T08:20:24.067+0000] {processor.py:840} INFO - DAG(s) 'example_short_circuit_operator' retrieved from /home/airflow/.local/lib/python3.8/site-packages/airflow/example_dags/example_short_circuit_operator.py
[2026-03-01T08:20:24.083+0000] {logging_mixin.py:188} INFO - [2026-03-01T08:20:24.082+0000] {dag.py:3036} INFO - Sync 1 DAGs
[2026-03-01T08:20:24.095+0000] {logging_mixin.py:188} INFO - [2026-03-01T08:20:24.095+0000] {dag.py:3823} INFO - Setting next_dagrun for example_short_circuit_operator to 2026-02-28 00:00:00+00:00, run_after=2026-03-01 00:00:00+00:00
[2026-03-01T08:20:24.112+0000] {processor.py:183} INFO - Processing /home/airflow/.local/lib/python3.8/site-packages/airflow/example_dags/example_short_circuit_operator.py took 0.055 seconds
[2026-03-01T08:20:54.191+0000] {processor.py:161} INFO - Started process (PID=1629) to work on /home/airflow/.local/lib/python3.8/site-packages/airflow/example_dags/example_short_circuit_operator.py
[2026-03-01T08:20:54.192+0000] {processor.py:830} INFO - Processing file /home/airflow/.local/lib/python3.8/site-packages/airflow/example_dags/example_short_circuit_operator.py for tasks to queue
[2026-03-01T08:20:54.193+0000] {logging_mixin.py:188} INFO - [2026-03-01T08:20:54.193+0000] {dagbag.py:538} INFO - Filling up the DagBag from /home/airflow/.local/lib/python3.8/site-packages/airflow/example_dags/example_short_circuit_operator.py
[2026-03-01T08:20:54.197+0000] {processor.py:840} INFO - DAG(s) 'example_short_circuit_operator' retrieved from /home/airflow/.local/lib/python3.8/site-packages/airflow/example_dags/example_short_circuit_operator.py
[2026-03-01T08:20:54.213+0000] {logging_mixin.py:188} INFO - [2026-03-01T08:20:54.213+0000] {dag.py:3036} INFO - Sync 1 DAGs
[2026-03-01T08:20:54.225+0000] {logging_mixin.py:188} INFO - [2026-03-01T08:20:54.225+0000] {dag.py:3823} INFO - Setting next_dagrun for example_short_circuit_operator to 2026-02-28 00:00:00+00:00, run_after=2026-03-01 00:00:00+00:00
[2026-03-01T08:20:54.241+0000] {processor.py:183} INFO - Processing /home/airflow/.local/lib/python3.8/site-packages/airflow/example_dags/example_short_circuit_operator.py took 0.052 seconds
[2026-03-01T08:21:24.456+0000] {processor.py:161} INFO - Started process (PID=1685) to work on /home/airflow/.local/lib/python3.8/site-packages/airflow/example_dags/example_short_circuit_operator.py
[2026-03-01T08:21:24.457+0000] {processor.py:830} INFO - Processing file /home/airflow/.local/lib/python3.8/site-packages/airflow/example_dags/example_short_circuit_operator.py for tasks to queue
[2026-03-01T08:21:24.458+0000] {logging_mixin.py:188} INFO - [2026-03-01T08:21:24.458+0000] {dagbag.py:538} INFO - Filling up the DagBag from /home/airflow/.local/lib/python3.8/site-packages/airflow/example_dags/example_short_circuit_operator.py
[2026-03-01T08:21:24.463+0000] {processor.py:840} INFO - DAG(s) 'example_short_circuit_operator' retrieved from /home/airflow/.local/lib/python3.8/site-packages/airflow/example_dags/example_short_circuit_operator.py
[2026-03-01T08:21:24.478+0000] {logging_mixin.py:188} INFO - [2026-03-01T08:21:24.478+0000] {dag.py:3036} INFO - Sync 1 DAGs
[2026-03-01T08:21:24.490+0000] {logging_mixin.py:188} INFO - [2026-03-01T08:21:24.490+0000] {dag.py:3823} INFO - Setting next_dagrun for example_short_circuit_operator to 2026-02-28 00:00:00+00:00, run_after=2026-03-01 00:00:00+00:00
[2026-03-01T08:21:24.502+0000] {processor.py:183} INFO - Processing /home/airflow/.local/lib/python3.8/site-packages/airflow/example_dags/example_short_circuit_operator.py took 0.049 seconds
[2026-03-01T08:21:54.818+0000] {processor.py:161} INFO - Started process (PID=1741) to work on /home/airflow/.local/lib/python3.8/site-packages/airflow/example_dags/example_short_circuit_operator.py
[2026-03-01T08:21:54.819+0000] {processor.py:830} INFO - Processing file /home/airflow/.local/lib/python3.8/site-packages/airflow/example_dags/example_short_circuit_operator.py for tasks to queue
[2026-03-01T08:21:54.821+0000] {logging_mixin.py:188} INFO - [2026-03-01T08:21:54.821+0000] {dagbag.py:538} INFO - Filling up the DagBag from /home/airflow/.local/lib/python3.8/site-packages/airflow/example_dags/example_short_circuit_operator.py
[2026-03-01T08:21:54.828+0000] {processor.py:840} INFO - DAG(s) 'example_short_circuit_operator' retrieved from /home/airflow/.local/lib/python3.8/site-packages/airflow/example_dags/example_short_circuit_operator.py
[2026-03-01T08:21:54.846+0000] {logging_mixin.py:188} INFO - [2026-03-01T08:21:54.846+0000] {dag.py:3036} INFO - Sync 1 DAGs
[2026-03-01T08:21:54.862+0000] {logging_mixin.py:188} INFO - [2026-03-01T08:21:54.861+0000] {dag.py:3823} INFO - Setting next_dagrun for example_short_circuit_operator to 2026-02-28 00:00:00+00:00, run_after=2026-03-01 00:00:00+00:00
[2026-03-01T08:21:54.879+0000] {processor.py:183} INFO - Processing /home/airflow/.local/lib/python3.8/site-packages/airflow/example_dags/example_short_circuit_operator.py took 0.064 seconds
[2026-03-01T08:22:25.155+0000] {processor.py:161} INFO - Started process (PID=1797) to work on /home/airflow/.local/lib/python3.8/site-packages/airflow/example_dags/example_short_circuit_operator.py
[2026-03-01T08:22:25.156+0000] {processor.py:830} INFO - Processing file /home/airflow/.local/lib/python3.8/site-packages/airflow/example_dags/example_short_circuit_operator.py for tasks to queue
[2026-03-01T08:22:25.157+0000] {logging_mixin.py:188} INFO - [2026-03-01T08:22:25.157+0000] {dagbag.py:538} INFO - Filling up the DagBag from /home/airflow/.local/lib/python3.8/site-packages/airflow/example_dags/example_short_circuit_operator.py
[2026-03-01T08:22:25.162+0000] {processor.py:840} INFO - DAG(s) 'example_short_circuit_operator' retrieved from /home/airflow/.local/lib/python3.8/site-packages/airflow/example_dags/example_short_circuit_operator.py
[2026-03-01T08:22:25.178+0000] {logging_mixin.py:188} INFO - [2026-03-01T08:22:25.178+0000] {dag.py:3036} INFO - Sync 1 DAGs
[2026-03-01T08:22:25.192+0000] {logging_mixin.py:188} INFO - [2026-03-01T08:22:25.192+0000] {dag.py:3823} INFO - Setting next_dagrun for example_short_circuit_operator to 2026-02-28 00:00:00+00:00, run_after=2026-03-01 00:00:00+00:00
[2026-03-01T08:22:25.205+0000] {processor.py:183} INFO - Processing /home/airflow/.local/lib/python3.8/site-packages/airflow/example_dags/example_short_circuit_operator.py took 0.053 seconds
[2026-03-01T08:22:55.535+0000] {processor.py:161} INFO - Started process (PID=1853) to work on /home/airflow/.local/lib/python3.8/site-packages/airflow/example_dags/example_short_circuit_operator.py
[2026-03-01T08:22:55.536+0000] {processor.py:830} INFO - Processing file /home/airflow/.local/lib/python3.8/site-packages/airflow/example_dags/example_short_circuit_operator.py for tasks to queue
[2026-03-01T08:22:55.537+0000] {logging_mixin.py:188} INFO - [2026-03-01T08:22:55.537+0000] {dagbag.py:538} INFO - Filling up the DagBag from /home/airflow/.local/lib/python3.8/site-packages/airflow/example_dags/example_short_circuit_operator.py
[2026-03-01T08:22:55.542+0000] {processor.py:840} INFO - DAG(s) 'example_short_circuit_operator' retrieved from /home/airflow/.local/lib/python3.8/site-packages/airflow/example_dags/example_short_circuit_operator.py
[2026-03-01T08:22:55.558+0000] {logging_mixin.py:188} INFO - [2026-03-01T08:22:55.558+0000] {dag.py:3036} INFO - Sync 1 DAGs
[2026-03-01T08:22:55.572+0000] {logging_mixin.py:188} INFO - [2026-03-01T08:22:55.572+0000] {dag.py:3823} INFO - Setting next_dagrun for example_short_circuit_operator to 2026-02-28 00:00:00+00:00, run_after=2026-03-01 00:00:00+00:00
[2026-03-01T08:22:55.585+0000] {processor.py:183} INFO - Processing /home/airflow/.local/lib/python3.8/site-packages/airflow/example_dags/example_short_circuit_operator.py took 0.053 seconds
[2026-03-01T08:23:25.704+0000] {processor.py:161} INFO - Started process (PID=1909) to work on /home/airflow/.local/lib/python3.8/site-packages/airflow/example_dags/example_short_circuit_operator.py
[2026-03-01T08:23:25.705+0000] {processor.py:830} INFO - Processing file /home/airflow/.local/lib/python3.8/site-packages/airflow/example_dags/example_short_circuit_operator.py for tasks to queue
[2026-03-01T08:23:25.707+0000] {logging_mixin.py:188} INFO - [2026-03-01T08:23:25.706+0000] {dagbag.py:538} INFO - Filling up the DagBag from /home/airflow/.local/lib/python3.8/site-packages/airflow/example_dags/example_short_circuit_operator.py
[2026-03-01T08:23:25.711+0000] {processor.py:840} INFO - DAG(s) 'example_short_circuit_operator' retrieved from /home/airflow/.local/lib/python3.8/site-packages/airflow/example_dags/example_short_circuit_operator.py
[2026-03-01T08:23:25.728+0000] {logging_mixin.py:188} INFO - [2026-03-01T08:23:25.727+0000] {dag.py:3036} INFO - Sync 1 DAGs
[2026-03-01T08:23:25.740+0000] {logging_mixin.py:188} INFO - [2026-03-01T08:23:25.740+0000] {dag.py:3823} INFO - Setting next_dagrun for example_short_circuit_operator to 2026-02-28 00:00:00+00:00, run_after=2026-03-01 00:00:00+00:00
[2026-03-01T08:23:25.755+0000] {processor.py:183} INFO - Processing /home/airflow/.local/lib/python3.8/site-packages/airflow/example_dags/example_short_circuit_operator.py took 0.054 seconds
[2026-03-01T08:23:56.037+0000] {processor.py:161} INFO - Started process (PID=1965) to work on /home/airflow/.local/lib/python3.8/site-packages/airflow/example_dags/example_short_circuit_operator.py
[2026-03-01T08:23:56.038+0000] {processor.py:830} INFO - Processing file /home/airflow/.local/lib/python3.8/site-packages/airflow/example_dags/example_short_circuit_operator.py for tasks to queue
[2026-03-01T08:23:56.039+0000] {logging_mixin.py:188} INFO - [2026-03-01T08:23:56.039+0000] {dagbag.py:538} INFO - Filling up the DagBag from /home/airflow/.local/lib/python3.8/site-packages/airflow/example_dags/example_short_circuit_operator.py
[2026-03-01T08:23:56.044+0000] {processor.py:840} INFO - DAG(s) 'example_short_circuit_operator' retrieved from /home/airflow/.local/lib/python3.8/site-packages/airflow/example_dags/example_short_circuit_operator.py
[2026-03-01T08:23:56.060+0000] {logging_mixin.py:188} INFO - [2026-03-01T08:23:56.060+0000] {dag.py:3036} INFO - Sync 1 DAGs
[2026-03-01T08:23:56.073+0000] {logging_mixin.py:188} INFO - [2026-03-01T08:23:56.073+0000] {dag.py:3823} INFO - Setting next_dagrun for example_short_circuit_operator to 2026-02-28 00:00:00+00:00, run_after=2026-03-01 00:00:00+00:00
[2026-03-01T08:23:56.084+0000] {processor.py:183} INFO - Processing /home/airflow/.local/lib/python3.8/site-packages/airflow/example_dags/example_short_circuit_operator.py took 0.049 seconds
[2026-03-01T08:24:26.202+0000] {processor.py:161} INFO - Started process (PID=2021) to work on /home/airflow/.local/lib/python3.8/site-packages/airflow/example_dags/example_short_circuit_operator.py
[2026-03-01T08:24:26.203+0000] {processor.py:830} INFO - Processing file /home/airflow/.local/lib/python3.8/site-packages/airflow/example_dags/example_short_circuit_operator.py for tasks to queue
[2026-03-01T08:24:26.204+0000] {logging_mixin.py:188} INFO - [2026-03-01T08:24:26.204+0000] {dagbag.py:538} INFO - Filling up the DagBag from /home/airflow/.local/lib/python3.8/site-packages/airflow/example_dags/example_short_circuit_operator.py
[2026-03-01T08:24:26.211+0000] {processor.py:840} INFO - DAG(s) 'example_short_circuit_operator' retrieved from /home/airflow/.local/lib/python3.8/site-packages/airflow/example_dags/example_short_circuit_operator.py
[2026-03-01T08:24:26.229+0000] {logging_mixin.py:188} INFO - [2026-03-01T08:24:26.229+0000] {dag.py:3036} INFO - Sync 1 DAGs
[2026-03-01T08:24:26.244+0000] {logging_mixin.py:188} INFO - [2026-03-01T08:24:26.244+0000] {dag.py:3823} INFO - Setting next_dagrun for example_short_circuit_operator to 2026-02-28 00:00:00+00:00, run_after=2026-03-01 00:00:00+00:00
[2026-03-01T08:24:26.256+0000] {processor.py:183} INFO - Processing /home/airflow/.local/lib/python3.8/site-packages/airflow/example_dags/example_short_circuit_operator.py took 0.057 seconds
[2026-03-01T08:24:56.495+0000] {processor.py:161} INFO - Started process (PID=2081) to work on /home/airflow/.local/lib/python3.8/site-packages/airflow/example_dags/example_short_circuit_operator.py
[2026-03-01T08:24:56.497+0000] {processor.py:830} INFO - Processing file /home/airflow/.local/lib/python3.8/site-packages/airflow/example_dags/example_short_circuit_operator.py for tasks to queue
[2026-03-01T08:24:56.498+0000] {logging_mixin.py:188} INFO - [2026-03-01T08:24:56.498+0000] {dagbag.py:538} INFO - Filling up the DagBag from /home/airflow/.local/lib/python3.8/site-packages/airflow/example_dags/example_short_circuit_operator.py
[2026-03-01T08:24:56.503+0000] {processor.py:840} INFO - DAG(s) 'example_short_circuit_operator' retrieved from /home/airflow/.local/lib/python3.8/site-packages/airflow/example_dags/example_short_circuit_operator.py
[2026-03-01T08:24:56.519+0000] {logging_mixin.py:188} INFO - [2026-03-01T08:24:56.519+0000] {dag.py:3036} INFO - Sync 1 DAGs
[2026-03-01T08:24:56.534+0000] {logging_mixin.py:188} INFO - [2026-03-01T08:24:56.534+0000] {dag.py:3823} INFO - Setting next_dagrun for example_short_circuit_operator to 2026-02-28 00:00:00+00:00, run_after=2026-03-01 00:00:00+00:00
[2026-03-01T08:24:56.550+0000] {processor.py:183} INFO - Processing /home/airflow/.local/lib/python3.8/site-packages/airflow/example_dags/example_short_circuit_operator.py took 0.057 seconds
[2026-03-01T08:25:26.831+0000] {processor.py:161} INFO - Started process (PID=2137) to work on /home/airflow/.local/lib/python3.8/site-packages/airflow/example_dags/example_short_circuit_operator.py
[2026-03-01T08:25:26.833+0000] {processor.py:830} INFO - Processing file /home/airflow/.local/lib/python3.8/site-packages/airflow/example_dags/example_short_circuit_operator.py for tasks to queue
[2026-03-01T08:25:26.836+0000] {logging_mixin.py:188} INFO - [2026-03-01T08:25:26.835+0000] {dagbag.py:538} INFO - Filling up the DagBag from /home/airflow/.local/lib/python3.8/site-packages/airflow/example_dags/example_short_circuit_operator.py
[2026-03-01T08:25:26.842+0000] {processor.py:840} INFO - DAG(s) 'example_short_circuit_operator' retrieved from /home/airflow/.local/lib/python3.8/site-packages/airflow/example_dags/example_short_circuit_operator.py
[2026-03-01T08:25:26.861+0000] {logging_mixin.py:188} INFO - [2026-03-01T08:25:26.861+0000] {dag.py:3036} INFO - Sync 1 DAGs
[2026-03-01T08:25:26.876+0000] {logging_mixin.py:188} INFO - [2026-03-01T08:25:26.876+0000] {dag.py:3823} INFO - Setting next_dagrun for example_short_circuit_operator to 2026-02-28 00:00:00+00:00, run_after=2026-03-01 00:00:00+00:00
[2026-03-01T08:25:26.896+0000] {processor.py:183} INFO - Processing /home/airflow/.local/lib/python3.8/site-packages/airflow/example_dags/example_short_circuit_operator.py took 0.068 seconds
[2026-03-01T08:25:57.049+0000] {processor.py:161} INFO - Started process (PID=2193) to work on /home/airflow/.local/lib/python3.8/site-packages/airflow/example_dags/example_short_circuit_operator.py
[2026-03-01T08:25:57.050+0000] {processor.py:830} INFO - Processing file /home/airflow/.local/lib/python3.8/site-packages/airflow/example_dags/example_short_circuit_operator.py for tasks to queue
[2026-03-01T08:25:57.052+0000] {logging_mixin.py:188} INFO - [2026-03-01T08:25:57.052+0000] {dagbag.py:538} INFO - Filling up the DagBag from /home/airflow/.local/lib/python3.8/site-packages/airflow/example_dags/example_short_circuit_operator.py
[2026-03-01T08:25:57.058+0000] {processor.py:840} INFO - DAG(s) 'example_short_circuit_operator' retrieved from /home/airflow/.local/lib/python3.8/site-packages/airflow/example_dags/example_short_circuit_operator.py
[2026-03-01T08:25:57.075+0000] {logging_mixin.py:188} INFO - [2026-03-01T08:25:57.075+0000] {dag.py:3036} INFO - Sync 1 DAGs
[2026-03-01T08:25:57.091+0000] {logging_mixin.py:188} INFO - [2026-03-01T08:25:57.091+0000] {dag.py:3823} INFO - Setting next_dagrun for example_short_circuit_operator to 2026-02-28 00:00:00+00:00, run_after=2026-03-01 00:00:00+00:00
[2026-03-01T08:25:57.107+0000] {processor.py:183} INFO - Processing /home/airflow/.local/lib/python3.8/site-packages/airflow/example_dags/example_short_circuit_operator.py took 0.061 seconds
[2026-03-01T08:26:27.492+0000] {processor.py:161} INFO - Started process (PID=2249) to work on /home/airflow/.local/lib/python3.8/site-packages/airflow/example_dags/example_short_circuit_operator.py
[2026-03-01T08:26:27.493+0000] {processor.py:830} INFO - Processing file /home/airflow/.local/lib/python3.8/site-packages/airflow/example_dags/example_short_circuit_operator.py for tasks to queue
[2026-03-01T08:26:27.494+0000] {logging_mixin.py:188} INFO - [2026-03-01T08:26:27.494+0000] {dagbag.py:538} INFO - Filling up the DagBag from /home/airflow/.local/lib/python3.8/site-packages/airflow/example_dags/example_short_circuit_operator.py
[2026-03-01T08:26:27.499+0000] {processor.py:840} INFO - DAG(s) 'example_short_circuit_operator' retrieved from /home/airflow/.local/lib/python3.8/site-packages/airflow/example_dags/example_short_circuit_operator.py
[2026-03-01T08:26:27.514+0000] {logging_mixin.py:188} INFO - [2026-03-01T08:26:27.514+0000] {dag.py:3036} INFO - Sync 1 DAGs
[2026-03-01T08:26:27.526+0000] {logging_mixin.py:188} INFO - [2026-03-01T08:26:27.526+0000] {dag.py:3823} INFO - Setting next_dagrun for example_short_circuit_operator to 2026-02-28 00:00:00+00:00, run_after=2026-03-01 00:00:00+00:00
[2026-03-01T08:26:27.543+0000] {processor.py:183} INFO - Processing /home/airflow/.local/lib/python3.8/site-packages/airflow/example_dags/example_short_circuit_operator.py took 0.053 seconds
[2026-03-01T08:26:57.836+0000] {processor.py:161} INFO - Started process (PID=2305) to work on /home/airflow/.local/lib/python3.8/site-packages/airflow/example_dags/example_short_circuit_operator.py
[2026-03-01T08:26:57.838+0000] {processor.py:830} INFO - Processing file /home/airflow/.local/lib/python3.8/site-packages/airflow/example_dags/example_short_circuit_operator.py for tasks to queue
[2026-03-01T08:26:57.840+0000] {logging_mixin.py:188} INFO - [2026-03-01T08:26:57.839+0000] {dagbag.py:538} INFO - Filling up the DagBag from /home/airflow/.local/lib/python3.8/site-packages/airflow/example_dags/example_short_circuit_operator.py
[2026-03-01T08:26:57.848+0000] {processor.py:840} INFO - DAG(s) 'example_short_circuit_operator' retrieved from /home/airflow/.local/lib/python3.8/site-packages/airflow/example_dags/example_short_circuit_operator.py
[2026-03-01T08:26:57.861+0000] {logging_mixin.py:188} INFO - [2026-03-01T08:26:57.861+0000] {dag.py:3036} INFO - Sync 1 DAGs
[2026-03-01T08:26:57.874+0000] {logging_mixin.py:188} INFO - [2026-03-01T08:26:57.874+0000] {dag.py:3823} INFO - Setting next_dagrun for example_short_circuit_operator to 2026-02-28 00:00:00+00:00, run_after=2026-03-01 00:00:00+00:00
[2026-03-01T08:26:57.888+0000] {processor.py:183} INFO - Processing /home/airflow/.local/lib/python3.8/site-packages/airflow/example_dags/example_short_circuit_operator.py took 0.054 seconds
[2026-03-01T08:27:27.967+0000] {processor.py:161} INFO - Started process (PID=2360) to work on /home/airflow/.local/lib/python3.8/site-packages/airflow/example_dags/example_short_circuit_operator.py
[2026-03-01T08:27:27.968+0000] {processor.py:830} INFO - Processing file /home/airflow/.local/lib/python3.8/site-packages/airflow/example_dags/example_short_circuit_operator.py for tasks to queue
[2026-03-01T08:27:27.970+0000] {logging_mixin.py:188} INFO - [2026-03-01T08:27:27.970+0000] {dagbag.py:538} INFO - Filling up the DagBag from /home/airflow/.local/lib/python3.8/site-packages/airflow/example_dags/example_short_circuit_operator.py
[2026-03-01T08:27:27.976+0000] {processor.py:840} INFO - DAG(s) 'example_short_circuit_operator' retrieved from /home/airflow/.local/lib/python3.8/site-packages/airflow/example_dags/example_short_circuit_operator.py
[2026-03-01T08:27:27.995+0000] {logging_mixin.py:188} INFO - [2026-03-01T08:27:27.994+0000] {dag.py:3036} INFO - Sync 1 DAGs
[2026-03-01T08:27:28.009+0000] {logging_mixin.py:188} INFO - [2026-03-01T08:27:28.009+0000] {dag.py:3823} INFO - Setting next_dagrun for example_short_circuit_operator to 2026-02-28 00:00:00+00:00, run_after=2026-03-01 00:00:00+00:00
[2026-03-01T08:27:28.026+0000] {processor.py:183} INFO - Processing /home/airflow/.local/lib/python3.8/site-packages/airflow/example_dags/example_short_circuit_operator.py took 0.061 seconds
[2026-03-01T08:27:58.355+0000] {processor.py:161} INFO - Started process (PID=2415) to work on /home/airflow/.local/lib/python3.8/site-packages/airflow/example_dags/example_short_circuit_operator.py
[2026-03-01T08:27:58.357+0000] {processor.py:830} INFO - Processing file /home/airflow/.local/lib/python3.8/site-packages/airflow/example_dags/example_short_circuit_operator.py for tasks to queue
[2026-03-01T08:27:58.360+0000] {logging_mixin.py:188} INFO - [2026-03-01T08:27:58.360+0000] {dagbag.py:538} INFO - Filling up the DagBag from /home/airflow/.local/lib/python3.8/site-packages/airflow/example_dags/example_short_circuit_operator.py
[2026-03-01T08:27:58.365+0000] {processor.py:840} INFO - DAG(s) 'example_short_circuit_operator' retrieved from /home/airflow/.local/lib/python3.8/site-packages/airflow/example_dags/example_short_circuit_operator.py
[2026-03-01T08:27:58.382+0000] {logging_mixin.py:188} INFO - [2026-03-01T08:27:58.381+0000] {dag.py:3036} INFO - Sync 1 DAGs
[2026-03-01T08:27:58.396+0000] {logging_mixin.py:188} INFO - [2026-03-01T08:27:58.396+0000] {dag.py:3823} INFO - Setting next_dagrun for example_short_circuit_operator to 2026-02-28 00:00:00+00:00, run_after=2026-03-01 00:00:00+00:00
[2026-03-01T08:27:58.415+0000] {processor.py:183} INFO - Processing /home/airflow/.local/lib/python3.8/site-packages/airflow/example_dags/example_short_circuit_operator.py took 0.062 seconds
[2026-03-01T08:28:28.498+0000] {processor.py:161} INFO - Started process (PID=2470) to work on /home/airflow/.local/lib/python3.8/site-packages/airflow/example_dags/example_short_circuit_operator.py
[2026-03-01T08:28:28.499+0000] {processor.py:830} INFO - Processing file /home/airflow/.local/lib/python3.8/site-packages/airflow/example_dags/example_short_circuit_operator.py for tasks to queue
[2026-03-01T08:28:28.500+0000] {logging_mixin.py:188} INFO - [2026-03-01T08:28:28.500+0000] {dagbag.py:538} INFO - Filling up the DagBag from /home/airflow/.local/lib/python3.8/site-packages/airflow/example_dags/example_short_circuit_operator.py
[2026-03-01T08:28:28.505+0000] {processor.py:840} INFO - DAG(s) 'example_short_circuit_operator' retrieved from /home/airflow/.local/lib/python3.8/site-packages/airflow/example_dags/example_short_circuit_operator.py
[2026-03-01T08:28:28.523+0000] {logging_mixin.py:188} INFO - [2026-03-01T08:28:28.523+0000] {dag.py:3036} INFO - Sync 1 DAGs
[2026-03-01T08:28:28.537+0000] {logging_mixin.py:188} INFO - [2026-03-01T08:28:28.537+0000] {dag.py:3823} INFO - Setting next_dagrun for example_short_circuit_operator to 2026-02-28 00:00:00+00:00, run_after=2026-03-01 00:00:00+00:00
[2026-03-01T08:28:28.552+0000] {processor.py:183} INFO - Processing /home/airflow/.local/lib/python3.8/site-packages/airflow/example_dags/example_short_circuit_operator.py took 0.057 seconds
[2026-03-01T08:28:58.857+0000] {processor.py:161} INFO - Started process (PID=2526) to work on /home/airflow/.local/lib/python3.8/site-packages/airflow/example_dags/example_short_circuit_operator.py
[2026-03-01T08:28:58.858+0000] {processor.py:830} INFO - Processing file /home/airflow/.local/lib/python3.8/site-packages/airflow/example_dags/example_short_circuit_operator.py for tasks to queue
[2026-03-01T08:28:58.859+0000] {logging_mixin.py:188} INFO - [2026-03-01T08:28:58.859+0000] {dagbag.py:538} INFO - Filling up the DagBag from /home/airflow/.local/lib/python3.8/site-packages/airflow/example_dags/example_short_circuit_operator.py
[2026-03-01T08:28:58.864+0000] {processor.py:840} INFO - DAG(s) 'example_short_circuit_operator' retrieved from /home/airflow/.local/lib/python3.8/site-packages/airflow/example_dags/example_short_circuit_operator.py
[2026-03-01T08:28:58.881+0000] {logging_mixin.py:188} INFO - [2026-03-01T08:28:58.880+0000] {dag.py:3036} INFO - Sync 1 DAGs
[2026-03-01T08:28:58.894+0000] {logging_mixin.py:188} INFO - [2026-03-01T08:28:58.894+0000] {dag.py:3823} INFO - Setting next_dagrun for example_short_circuit_operator to 2026-02-28 00:00:00+00:00, run_after=2026-03-01 00:00:00+00:00
[2026-03-01T08:28:58.908+0000] {processor.py:183} INFO - Processing /home/airflow/.local/lib/python3.8/site-packages/airflow/example_dags/example_short_circuit_operator.py took 0.054 seconds
[2026-03-01T08:29:29.338+0000] {processor.py:161} INFO - Started process (PID=2582) to work on /home/airflow/.local/lib/python3.8/site-packages/airflow/example_dags/example_short_circuit_operator.py
[2026-03-01T08:29:29.339+0000] {processor.py:830} INFO - Processing file /home/airflow/.local/lib/python3.8/site-packages/airflow/example_dags/example_short_circuit_operator.py for tasks to queue
[2026-03-01T08:29:29.340+0000] {logging_mixin.py:188} INFO - [2026-03-01T08:29:29.340+0000] {dagbag.py:538} INFO - Filling up the DagBag from /home/airflow/.local/lib/python3.8/site-packages/airflow/example_dags/example_short_circuit_operator.py
[2026-03-01T08:29:29.345+0000] {processor.py:840} INFO - DAG(s) 'example_short_circuit_operator' retrieved from /home/airflow/.local/lib/python3.8/site-packages/airflow/example_dags/example_short_circuit_operator.py
[2026-03-01T08:29:29.362+0000] {logging_mixin.py:188} INFO - [2026-03-01T08:29:29.361+0000] {dag.py:3036} INFO - Sync 1 DAGs
[2026-03-01T08:29:29.377+0000] {logging_mixin.py:188} INFO - [2026-03-01T08:29:29.377+0000] {dag.py:3823} INFO - Setting next_dagrun for example_short_circuit_operator to 2026-02-28 00:00:00+00:00, run_after=2026-03-01 00:00:00+00:00
[2026-03-01T08:29:29.394+0000] {processor.py:183} INFO - Processing /home/airflow/.local/lib/python3.8/site-packages/airflow/example_dags/example_short_circuit_operator.py took 0.059 seconds
[2026-03-01T08:29:59.652+0000] {processor.py:161} INFO - Started process (PID=2638) to work on /home/airflow/.local/lib/python3.8/site-packages/airflow/example_dags/example_short_circuit_operator.py
[2026-03-01T08:29:59.653+0000] {processor.py:830} INFO - Processing file /home/airflow/.local/lib/python3.8/site-packages/airflow/example_dags/example_short_circuit_operator.py for tasks to queue
[2026-03-01T08:29:59.655+0000] {logging_mixin.py:188} INFO - [2026-03-01T08:29:59.654+0000] {dagbag.py:538} INFO - Filling up the DagBag from /home/airflow/.local/lib/python3.8/site-packages/airflow/example_dags/example_short_circuit_operator.py
[2026-03-01T08:29:59.659+0000] {processor.py:840} INFO - DAG(s) 'example_short_circuit_operator' retrieved from /home/airflow/.local/lib/python3.8/site-packages/airflow/example_dags/example_short_circuit_operator.py
[2026-03-01T08:29:59.677+0000] {logging_mixin.py:188} INFO - [2026-03-01T08:29:59.676+0000] {dag.py:3036} INFO - Sync 1 DAGs
[2026-03-01T08:29:59.691+0000] {logging_mixin.py:188} INFO - [2026-03-01T08:29:59.691+0000] {dag.py:3823} INFO - Setting next_dagrun for example_short_circuit_operator to 2026-02-28 00:00:00+00:00, run_after=2026-03-01 00:00:00+00:00
[2026-03-01T08:29:59.705+0000] {processor.py:183} INFO - Processing /home/airflow/.local/lib/python3.8/site-packages/airflow/example_dags/example_short_circuit_operator.py took 0.055 seconds
[2026-03-01T08:30:30.126+0000] {processor.py:161} INFO - Started process (PID=2694) to work on /home/airflow/.local/lib/python3.8/site-packages/airflow/example_dags/example_short_circuit_operator.py
[2026-03-01T08:30:30.127+0000] {processor.py:830} INFO - Processing file /home/airflow/.local/lib/python3.8/site-packages/airflow/example_dags/example_short_circuit_operator.py for tasks to queue
[2026-03-01T08:30:30.129+0000] {logging_mixin.py:188} INFO - [2026-03-01T08:30:30.128+0000] {dagbag.py:538} INFO - Filling up the DagBag from /home/airflow/.local/lib/python3.8/site-packages/airflow/example_dags/example_short_circuit_operator.py
[2026-03-01T08:30:30.134+0000] {processor.py:840} INFO - DAG(s) 'example_short_circuit_operator' retrieved from /home/airflow/.local/lib/python3.8/site-packages/airflow/example_dags/example_short_circuit_operator.py
[2026-03-01T08:30:30.150+0000] {logging_mixin.py:188} INFO - [2026-03-01T08:30:30.149+0000] {dag.py:3036} INFO - Sync 1 DAGs
[2026-03-01T08:30:30.163+0000] {logging_mixin.py:188} INFO - [2026-03-01T08:30:30.163+0000] {dag.py:3823} INFO - Setting next_dagrun for example_short_circuit_operator to 2026-02-28 00:00:00+00:00, run_after=2026-03-01 00:00:00+00:00
[2026-03-01T08:30:30.182+0000] {processor.py:183} INFO - Processing /home/airflow/.local/lib/python3.8/site-packages/airflow/example_dags/example_short_circuit_operator.py took 0.059 seconds
