[2026-03-01T08:07:49.958+0000] {processor.py:161} INFO - Started process (PID=101) to work on /home/airflow/.local/lib/python3.8/site-packages/airflow/example_dags/example_kubernetes_executor.py
[2026-03-01T08:07:49.959+0000] {processor.py:830} INFO - Processing file /home/airflow/.local/lib/python3.8/site-packages/airflow/example_dags/example_kubernetes_executor.py for tasks to queue
[2026-03-01T08:07:49.962+0000] {logging_mixin.py:188} INFO - [2026-03-01T08:07:49.961+0000] {dagbag.py:538} INFO - Filling up the DagBag from /home/airflow/.local/lib/python3.8/site-packages/airflow/example_dags/example_kubernetes_executor.py
[2026-03-01T08:07:49.976+0000] {processor.py:840} INFO - DAG(s) 'example_kubernetes_executor' retrieved from /home/airflow/.local/lib/python3.8/site-packages/airflow/example_dags/example_kubernetes_executor.py
[2026-03-01T08:07:50.095+0000] {logging_mixin.py:188} INFO - [2026-03-01T08:07:50.095+0000] {override.py:1769} INFO - Created Permission View: can edit on DAG:example_kubernetes_executor
[2026-03-01T08:07:50.107+0000] {logging_mixin.py:188} INFO - [2026-03-01T08:07:50.106+0000] {override.py:1769} INFO - Created Permission View: can delete on DAG:example_kubernetes_executor
[2026-03-01T08:07:50.114+0000] {logging_mixin.py:188} INFO - [2026-03-01T08:07:50.113+0000] {override.py:1769} INFO - Created Permission View: can read on DAG:example_kubernetes_executor
[2026-03-01T08:07:50.114+0000] {logging_mixin.py:188} INFO - [2026-03-01T08:07:50.114+0000] {dag.py:3036} INFO - Sync 1 DAGs
[2026-03-01T08:07:50.126+0000] {logging_mixin.py:188} INFO - [2026-03-01T08:07:50.125+0000] {dag.py:3058} INFO - Creating ORM DAG for example_kubernetes_executor
[2026-03-01T08:07:50.127+0000] {logging_mixin.py:188} INFO - [2026-03-01T08:07:50.126+0000] {dag.py:3823} INFO - Setting next_dagrun for example_kubernetes_executor to None, run_after=None
[2026-03-01T08:07:50.142+0000] {processor.py:183} INFO - Processing /home/airflow/.local/lib/python3.8/site-packages/airflow/example_dags/example_kubernetes_executor.py took 0.188 seconds
[2026-03-01T08:08:20.243+0000] {processor.py:161} INFO - Started process (PID=156) to work on /home/airflow/.local/lib/python3.8/site-packages/airflow/example_dags/example_kubernetes_executor.py
[2026-03-01T08:08:20.244+0000] {processor.py:830} INFO - Processing file /home/airflow/.local/lib/python3.8/site-packages/airflow/example_dags/example_kubernetes_executor.py for tasks to queue
[2026-03-01T08:08:20.246+0000] {logging_mixin.py:188} INFO - [2026-03-01T08:08:20.245+0000] {dagbag.py:538} INFO - Filling up the DagBag from /home/airflow/.local/lib/python3.8/site-packages/airflow/example_dags/example_kubernetes_executor.py
[2026-03-01T08:08:20.254+0000] {processor.py:840} INFO - DAG(s) 'example_kubernetes_executor' retrieved from /home/airflow/.local/lib/python3.8/site-packages/airflow/example_dags/example_kubernetes_executor.py
[2026-03-01T08:08:20.276+0000] {logging_mixin.py:188} INFO - [2026-03-01T08:08:20.276+0000] {dag.py:3036} INFO - Sync 1 DAGs
[2026-03-01T08:08:20.284+0000] {logging_mixin.py:188} INFO - [2026-03-01T08:08:20.284+0000] {dag.py:3823} INFO - Setting next_dagrun for example_kubernetes_executor to None, run_after=None
[2026-03-01T08:08:20.296+0000] {processor.py:183} INFO - Processing /home/airflow/.local/lib/python3.8/site-packages/airflow/example_dags/example_kubernetes_executor.py took 0.055 seconds
[2026-03-01T08:08:50.835+0000] {processor.py:161} INFO - Started process (PID=211) to work on /home/airflow/.local/lib/python3.8/site-packages/airflow/example_dags/example_kubernetes_executor.py
[2026-03-01T08:08:50.836+0000] {processor.py:830} INFO - Processing file /home/airflow/.local/lib/python3.8/site-packages/airflow/example_dags/example_kubernetes_executor.py for tasks to queue
[2026-03-01T08:08:50.838+0000] {logging_mixin.py:188} INFO - [2026-03-01T08:08:50.838+0000] {dagbag.py:538} INFO - Filling up the DagBag from /home/airflow/.local/lib/python3.8/site-packages/airflow/example_dags/example_kubernetes_executor.py
[2026-03-01T08:08:50.847+0000] {processor.py:840} INFO - DAG(s) 'example_kubernetes_executor' retrieved from /home/airflow/.local/lib/python3.8/site-packages/airflow/example_dags/example_kubernetes_executor.py
[2026-03-01T08:08:50.874+0000] {logging_mixin.py:188} INFO - [2026-03-01T08:08:50.873+0000] {dag.py:3036} INFO - Sync 1 DAGs
[2026-03-01T08:08:50.881+0000] {logging_mixin.py:188} INFO - [2026-03-01T08:08:50.881+0000] {dag.py:3823} INFO - Setting next_dagrun for example_kubernetes_executor to None, run_after=None
[2026-03-01T08:08:50.894+0000] {processor.py:183} INFO - Processing /home/airflow/.local/lib/python3.8/site-packages/airflow/example_dags/example_kubernetes_executor.py took 0.061 seconds
[2026-03-01T08:09:21.139+0000] {processor.py:161} INFO - Started process (PID=266) to work on /home/airflow/.local/lib/python3.8/site-packages/airflow/example_dags/example_kubernetes_executor.py
[2026-03-01T08:09:21.141+0000] {processor.py:830} INFO - Processing file /home/airflow/.local/lib/python3.8/site-packages/airflow/example_dags/example_kubernetes_executor.py for tasks to queue
[2026-03-01T08:09:21.142+0000] {logging_mixin.py:188} INFO - [2026-03-01T08:09:21.142+0000] {dagbag.py:538} INFO - Filling up the DagBag from /home/airflow/.local/lib/python3.8/site-packages/airflow/example_dags/example_kubernetes_executor.py
[2026-03-01T08:09:21.151+0000] {processor.py:840} INFO - DAG(s) 'example_kubernetes_executor' retrieved from /home/airflow/.local/lib/python3.8/site-packages/airflow/example_dags/example_kubernetes_executor.py
[2026-03-01T08:09:21.178+0000] {logging_mixin.py:188} INFO - [2026-03-01T08:09:21.178+0000] {dag.py:3036} INFO - Sync 1 DAGs
[2026-03-01T08:09:21.186+0000] {logging_mixin.py:188} INFO - [2026-03-01T08:09:21.186+0000] {dag.py:3823} INFO - Setting next_dagrun for example_kubernetes_executor to None, run_after=None
[2026-03-01T08:09:21.200+0000] {processor.py:183} INFO - Processing /home/airflow/.local/lib/python3.8/site-packages/airflow/example_dags/example_kubernetes_executor.py took 0.063 seconds
[2026-03-01T08:09:51.666+0000] {processor.py:161} INFO - Started process (PID=321) to work on /home/airflow/.local/lib/python3.8/site-packages/airflow/example_dags/example_kubernetes_executor.py
[2026-03-01T08:09:51.669+0000] {processor.py:830} INFO - Processing file /home/airflow/.local/lib/python3.8/site-packages/airflow/example_dags/example_kubernetes_executor.py for tasks to queue
[2026-03-01T08:09:51.671+0000] {logging_mixin.py:188} INFO - [2026-03-01T08:09:51.671+0000] {dagbag.py:538} INFO - Filling up the DagBag from /home/airflow/.local/lib/python3.8/site-packages/airflow/example_dags/example_kubernetes_executor.py
[2026-03-01T08:09:51.680+0000] {processor.py:840} INFO - DAG(s) 'example_kubernetes_executor' retrieved from /home/airflow/.local/lib/python3.8/site-packages/airflow/example_dags/example_kubernetes_executor.py
[2026-03-01T08:09:51.706+0000] {logging_mixin.py:188} INFO - [2026-03-01T08:09:51.706+0000] {dag.py:3036} INFO - Sync 1 DAGs
[2026-03-01T08:09:51.714+0000] {logging_mixin.py:188} INFO - [2026-03-01T08:09:51.714+0000] {dag.py:3823} INFO - Setting next_dagrun for example_kubernetes_executor to None, run_after=None
[2026-03-01T08:09:51.730+0000] {processor.py:183} INFO - Processing /home/airflow/.local/lib/python3.8/site-packages/airflow/example_dags/example_kubernetes_executor.py took 0.066 seconds
[2026-03-01T08:10:22.112+0000] {processor.py:161} INFO - Started process (PID=376) to work on /home/airflow/.local/lib/python3.8/site-packages/airflow/example_dags/example_kubernetes_executor.py
[2026-03-01T08:10:22.113+0000] {processor.py:830} INFO - Processing file /home/airflow/.local/lib/python3.8/site-packages/airflow/example_dags/example_kubernetes_executor.py for tasks to queue
[2026-03-01T08:10:22.115+0000] {logging_mixin.py:188} INFO - [2026-03-01T08:10:22.115+0000] {dagbag.py:538} INFO - Filling up the DagBag from /home/airflow/.local/lib/python3.8/site-packages/airflow/example_dags/example_kubernetes_executor.py
[2026-03-01T08:10:22.126+0000] {processor.py:840} INFO - DAG(s) 'example_kubernetes_executor' retrieved from /home/airflow/.local/lib/python3.8/site-packages/airflow/example_dags/example_kubernetes_executor.py
[2026-03-01T08:10:22.156+0000] {logging_mixin.py:188} INFO - [2026-03-01T08:10:22.155+0000] {dag.py:3036} INFO - Sync 1 DAGs
[2026-03-01T08:10:22.165+0000] {logging_mixin.py:188} INFO - [2026-03-01T08:10:22.165+0000] {dag.py:3823} INFO - Setting next_dagrun for example_kubernetes_executor to None, run_after=None
[2026-03-01T08:10:22.182+0000] {processor.py:183} INFO - Processing /home/airflow/.local/lib/python3.8/site-packages/airflow/example_dags/example_kubernetes_executor.py took 0.074 seconds
[2026-03-01T08:10:52.695+0000] {processor.py:161} INFO - Started process (PID=431) to work on /home/airflow/.local/lib/python3.8/site-packages/airflow/example_dags/example_kubernetes_executor.py
[2026-03-01T08:10:52.696+0000] {processor.py:830} INFO - Processing file /home/airflow/.local/lib/python3.8/site-packages/airflow/example_dags/example_kubernetes_executor.py for tasks to queue
[2026-03-01T08:10:52.697+0000] {logging_mixin.py:188} INFO - [2026-03-01T08:10:52.697+0000] {dagbag.py:538} INFO - Filling up the DagBag from /home/airflow/.local/lib/python3.8/site-packages/airflow/example_dags/example_kubernetes_executor.py
[2026-03-01T08:10:52.706+0000] {processor.py:840} INFO - DAG(s) 'example_kubernetes_executor' retrieved from /home/airflow/.local/lib/python3.8/site-packages/airflow/example_dags/example_kubernetes_executor.py
[2026-03-01T08:10:52.730+0000] {logging_mixin.py:188} INFO - [2026-03-01T08:10:52.730+0000] {dag.py:3036} INFO - Sync 1 DAGs
[2026-03-01T08:10:52.739+0000] {logging_mixin.py:188} INFO - [2026-03-01T08:10:52.739+0000] {dag.py:3823} INFO - Setting next_dagrun for example_kubernetes_executor to None, run_after=None
[2026-03-01T08:10:52.753+0000] {processor.py:183} INFO - Processing /home/airflow/.local/lib/python3.8/site-packages/airflow/example_dags/example_kubernetes_executor.py took 0.061 seconds
[2026-03-01T08:11:23.107+0000] {processor.py:161} INFO - Started process (PID=492) to work on /home/airflow/.local/lib/python3.8/site-packages/airflow/example_dags/example_kubernetes_executor.py
[2026-03-01T08:11:23.108+0000] {processor.py:830} INFO - Processing file /home/airflow/.local/lib/python3.8/site-packages/airflow/example_dags/example_kubernetes_executor.py for tasks to queue
[2026-03-01T08:11:23.109+0000] {logging_mixin.py:188} INFO - [2026-03-01T08:11:23.109+0000] {dagbag.py:538} INFO - Filling up the DagBag from /home/airflow/.local/lib/python3.8/site-packages/airflow/example_dags/example_kubernetes_executor.py
[2026-03-01T08:11:23.117+0000] {processor.py:840} INFO - DAG(s) 'example_kubernetes_executor' retrieved from /home/airflow/.local/lib/python3.8/site-packages/airflow/example_dags/example_kubernetes_executor.py
[2026-03-01T08:11:23.142+0000] {logging_mixin.py:188} INFO - [2026-03-01T08:11:23.142+0000] {dag.py:3036} INFO - Sync 1 DAGs
[2026-03-01T08:11:23.150+0000] {logging_mixin.py:188} INFO - [2026-03-01T08:11:23.150+0000] {dag.py:3823} INFO - Setting next_dagrun for example_kubernetes_executor to None, run_after=None
[2026-03-01T08:11:23.161+0000] {processor.py:183} INFO - Processing /home/airflow/.local/lib/python3.8/site-packages/airflow/example_dags/example_kubernetes_executor.py took 0.057 seconds
[2026-03-01T08:11:53.212+0000] {processor.py:161} INFO - Started process (PID=554) to work on /home/airflow/.local/lib/python3.8/site-packages/airflow/example_dags/example_kubernetes_executor.py
[2026-03-01T08:11:53.213+0000] {processor.py:830} INFO - Processing file /home/airflow/.local/lib/python3.8/site-packages/airflow/example_dags/example_kubernetes_executor.py for tasks to queue
[2026-03-01T08:11:53.214+0000] {logging_mixin.py:188} INFO - [2026-03-01T08:11:53.214+0000] {dagbag.py:538} INFO - Filling up the DagBag from /home/airflow/.local/lib/python3.8/site-packages/airflow/example_dags/example_kubernetes_executor.py
[2026-03-01T08:11:53.223+0000] {processor.py:840} INFO - DAG(s) 'example_kubernetes_executor' retrieved from /home/airflow/.local/lib/python3.8/site-packages/airflow/example_dags/example_kubernetes_executor.py
[2026-03-01T08:11:53.249+0000] {logging_mixin.py:188} INFO - [2026-03-01T08:11:53.248+0000] {dag.py:3036} INFO - Sync 1 DAGs
[2026-03-01T08:11:53.256+0000] {logging_mixin.py:188} INFO - [2026-03-01T08:11:53.256+0000] {dag.py:3823} INFO - Setting next_dagrun for example_kubernetes_executor to None, run_after=None
[2026-03-01T08:11:53.268+0000] {processor.py:183} INFO - Processing /home/airflow/.local/lib/python3.8/site-packages/airflow/example_dags/example_kubernetes_executor.py took 0.059 seconds
[2026-03-01T08:12:24.330+0000] {processor.py:161} INFO - Started process (PID=631) to work on /home/airflow/.local/lib/python3.8/site-packages/airflow/example_dags/example_kubernetes_executor.py
[2026-03-01T08:12:24.331+0000] {processor.py:830} INFO - Processing file /home/airflow/.local/lib/python3.8/site-packages/airflow/example_dags/example_kubernetes_executor.py for tasks to queue
[2026-03-01T08:12:24.332+0000] {logging_mixin.py:188} INFO - [2026-03-01T08:12:24.332+0000] {dagbag.py:538} INFO - Filling up the DagBag from /home/airflow/.local/lib/python3.8/site-packages/airflow/example_dags/example_kubernetes_executor.py
[2026-03-01T08:12:24.340+0000] {processor.py:840} INFO - DAG(s) 'example_kubernetes_executor' retrieved from /home/airflow/.local/lib/python3.8/site-packages/airflow/example_dags/example_kubernetes_executor.py
[2026-03-01T08:12:24.363+0000] {logging_mixin.py:188} INFO - [2026-03-01T08:12:24.363+0000] {dag.py:3036} INFO - Sync 1 DAGs
[2026-03-01T08:12:24.371+0000] {logging_mixin.py:188} INFO - [2026-03-01T08:12:24.371+0000] {dag.py:3823} INFO - Setting next_dagrun for example_kubernetes_executor to None, run_after=None
[2026-03-01T08:12:24.392+0000] {processor.py:183} INFO - Processing /home/airflow/.local/lib/python3.8/site-packages/airflow/example_dags/example_kubernetes_executor.py took 0.064 seconds
[2026-03-01T08:12:54.672+0000] {processor.py:161} INFO - Started process (PID=685) to work on /home/airflow/.local/lib/python3.8/site-packages/airflow/example_dags/example_kubernetes_executor.py
[2026-03-01T08:12:54.673+0000] {processor.py:830} INFO - Processing file /home/airflow/.local/lib/python3.8/site-packages/airflow/example_dags/example_kubernetes_executor.py for tasks to queue
[2026-03-01T08:12:54.675+0000] {logging_mixin.py:188} INFO - [2026-03-01T08:12:54.674+0000] {dagbag.py:538} INFO - Filling up the DagBag from /home/airflow/.local/lib/python3.8/site-packages/airflow/example_dags/example_kubernetes_executor.py
[2026-03-01T08:12:54.684+0000] {processor.py:840} INFO - DAG(s) 'example_kubernetes_executor' retrieved from /home/airflow/.local/lib/python3.8/site-packages/airflow/example_dags/example_kubernetes_executor.py
[2026-03-01T08:12:54.709+0000] {logging_mixin.py:188} INFO - [2026-03-01T08:12:54.709+0000] {dag.py:3036} INFO - Sync 1 DAGs
[2026-03-01T08:12:54.716+0000] {logging_mixin.py:188} INFO - [2026-03-01T08:12:54.716+0000] {dag.py:3823} INFO - Setting next_dagrun for example_kubernetes_executor to None, run_after=None
[2026-03-01T08:12:54.730+0000] {processor.py:183} INFO - Processing /home/airflow/.local/lib/python3.8/site-packages/airflow/example_dags/example_kubernetes_executor.py took 0.061 seconds
[2026-03-01T08:13:24.848+0000] {processor.py:161} INFO - Started process (PID=740) to work on /home/airflow/.local/lib/python3.8/site-packages/airflow/example_dags/example_kubernetes_executor.py
[2026-03-01T08:13:24.849+0000] {processor.py:830} INFO - Processing file /home/airflow/.local/lib/python3.8/site-packages/airflow/example_dags/example_kubernetes_executor.py for tasks to queue
[2026-03-01T08:13:24.851+0000] {logging_mixin.py:188} INFO - [2026-03-01T08:13:24.851+0000] {dagbag.py:538} INFO - Filling up the DagBag from /home/airflow/.local/lib/python3.8/site-packages/airflow/example_dags/example_kubernetes_executor.py
[2026-03-01T08:13:24.861+0000] {processor.py:840} INFO - DAG(s) 'example_kubernetes_executor' retrieved from /home/airflow/.local/lib/python3.8/site-packages/airflow/example_dags/example_kubernetes_executor.py
[2026-03-01T08:13:24.886+0000] {logging_mixin.py:188} INFO - [2026-03-01T08:13:24.886+0000] {dag.py:3036} INFO - Sync 1 DAGs
[2026-03-01T08:13:24.894+0000] {logging_mixin.py:188} INFO - [2026-03-01T08:13:24.894+0000] {dag.py:3823} INFO - Setting next_dagrun for example_kubernetes_executor to None, run_after=None
[2026-03-01T08:13:24.908+0000] {processor.py:183} INFO - Processing /home/airflow/.local/lib/python3.8/site-packages/airflow/example_dags/example_kubernetes_executor.py took 0.062 seconds
[2026-03-01T08:13:55.204+0000] {processor.py:161} INFO - Started process (PID=818) to work on /home/airflow/.local/lib/python3.8/site-packages/airflow/example_dags/example_kubernetes_executor.py
[2026-03-01T08:13:55.206+0000] {processor.py:830} INFO - Processing file /home/airflow/.local/lib/python3.8/site-packages/airflow/example_dags/example_kubernetes_executor.py for tasks to queue
[2026-03-01T08:13:55.208+0000] {logging_mixin.py:188} INFO - [2026-03-01T08:13:55.207+0000] {dagbag.py:538} INFO - Filling up the DagBag from /home/airflow/.local/lib/python3.8/site-packages/airflow/example_dags/example_kubernetes_executor.py
[2026-03-01T08:13:55.216+0000] {processor.py:840} INFO - DAG(s) 'example_kubernetes_executor' retrieved from /home/airflow/.local/lib/python3.8/site-packages/airflow/example_dags/example_kubernetes_executor.py
[2026-03-01T08:13:55.243+0000] {logging_mixin.py:188} INFO - [2026-03-01T08:13:55.243+0000] {dag.py:3036} INFO - Sync 1 DAGs
[2026-03-01T08:13:55.250+0000] {logging_mixin.py:188} INFO - [2026-03-01T08:13:55.250+0000] {dag.py:3823} INFO - Setting next_dagrun for example_kubernetes_executor to None, run_after=None
[2026-03-01T08:13:55.265+0000] {processor.py:183} INFO - Processing /home/airflow/.local/lib/python3.8/site-packages/airflow/example_dags/example_kubernetes_executor.py took 0.063 seconds
[2026-03-01T08:14:25.368+0000] {processor.py:161} INFO - Started process (PID=895) to work on /home/airflow/.local/lib/python3.8/site-packages/airflow/example_dags/example_kubernetes_executor.py
[2026-03-01T08:14:25.369+0000] {processor.py:830} INFO - Processing file /home/airflow/.local/lib/python3.8/site-packages/airflow/example_dags/example_kubernetes_executor.py for tasks to queue
[2026-03-01T08:14:25.372+0000] {logging_mixin.py:188} INFO - [2026-03-01T08:14:25.371+0000] {dagbag.py:538} INFO - Filling up the DagBag from /home/airflow/.local/lib/python3.8/site-packages/airflow/example_dags/example_kubernetes_executor.py
[2026-03-01T08:14:25.380+0000] {processor.py:840} INFO - DAG(s) 'example_kubernetes_executor' retrieved from /home/airflow/.local/lib/python3.8/site-packages/airflow/example_dags/example_kubernetes_executor.py
[2026-03-01T08:14:25.390+0000] {logging_mixin.py:188} INFO - [2026-03-01T08:14:25.390+0000] {dag.py:3036} INFO - Sync 1 DAGs
[2026-03-01T08:14:25.399+0000] {logging_mixin.py:188} INFO - [2026-03-01T08:14:25.399+0000] {dag.py:3823} INFO - Setting next_dagrun for example_kubernetes_executor to None, run_after=None
[2026-03-01T08:14:25.413+0000] {processor.py:183} INFO - Processing /home/airflow/.local/lib/python3.8/site-packages/airflow/example_dags/example_kubernetes_executor.py took 0.047 seconds
[2026-03-01T08:14:56.207+0000] {processor.py:161} INFO - Started process (PID=950) to work on /home/airflow/.local/lib/python3.8/site-packages/airflow/example_dags/example_kubernetes_executor.py
[2026-03-01T08:14:56.208+0000] {processor.py:830} INFO - Processing file /home/airflow/.local/lib/python3.8/site-packages/airflow/example_dags/example_kubernetes_executor.py for tasks to queue
[2026-03-01T08:14:56.210+0000] {logging_mixin.py:188} INFO - [2026-03-01T08:14:56.209+0000] {dagbag.py:538} INFO - Filling up the DagBag from /home/airflow/.local/lib/python3.8/site-packages/airflow/example_dags/example_kubernetes_executor.py
[2026-03-01T08:14:56.219+0000] {processor.py:840} INFO - DAG(s) 'example_kubernetes_executor' retrieved from /home/airflow/.local/lib/python3.8/site-packages/airflow/example_dags/example_kubernetes_executor.py
[2026-03-01T08:14:56.285+0000] {logging_mixin.py:188} INFO - [2026-03-01T08:14:56.285+0000] {dag.py:3036} INFO - Sync 1 DAGs
[2026-03-01T08:14:56.291+0000] {logging_mixin.py:188} INFO - [2026-03-01T08:14:56.291+0000] {dag.py:3823} INFO - Setting next_dagrun for example_kubernetes_executor to None, run_after=None
[2026-03-01T08:14:56.305+0000] {processor.py:183} INFO - Processing /home/airflow/.local/lib/python3.8/site-packages/airflow/example_dags/example_kubernetes_executor.py took 0.100 seconds
[2026-03-01T08:15:26.640+0000] {processor.py:161} INFO - Started process (PID=1005) to work on /home/airflow/.local/lib/python3.8/site-packages/airflow/example_dags/example_kubernetes_executor.py
[2026-03-01T08:15:26.641+0000] {processor.py:830} INFO - Processing file /home/airflow/.local/lib/python3.8/site-packages/airflow/example_dags/example_kubernetes_executor.py for tasks to queue
[2026-03-01T08:15:26.643+0000] {logging_mixin.py:188} INFO - [2026-03-01T08:15:26.643+0000] {dagbag.py:538} INFO - Filling up the DagBag from /home/airflow/.local/lib/python3.8/site-packages/airflow/example_dags/example_kubernetes_executor.py
[2026-03-01T08:15:26.652+0000] {processor.py:840} INFO - DAG(s) 'example_kubernetes_executor' retrieved from /home/airflow/.local/lib/python3.8/site-packages/airflow/example_dags/example_kubernetes_executor.py
[2026-03-01T08:15:26.677+0000] {logging_mixin.py:188} INFO - [2026-03-01T08:15:26.677+0000] {dag.py:3036} INFO - Sync 1 DAGs
[2026-03-01T08:15:26.685+0000] {logging_mixin.py:188} INFO - [2026-03-01T08:15:26.685+0000] {dag.py:3823} INFO - Setting next_dagrun for example_kubernetes_executor to None, run_after=None
[2026-03-01T08:15:26.698+0000] {processor.py:183} INFO - Processing /home/airflow/.local/lib/python3.8/site-packages/airflow/example_dags/example_kubernetes_executor.py took 0.061 seconds
[2026-03-01T08:15:57.054+0000] {processor.py:161} INFO - Started process (PID=1067) to work on /home/airflow/.local/lib/python3.8/site-packages/airflow/example_dags/example_kubernetes_executor.py
[2026-03-01T08:15:57.055+0000] {processor.py:830} INFO - Processing file /home/airflow/.local/lib/python3.8/site-packages/airflow/example_dags/example_kubernetes_executor.py for tasks to queue
[2026-03-01T08:15:57.057+0000] {logging_mixin.py:188} INFO - [2026-03-01T08:15:57.057+0000] {dagbag.py:538} INFO - Filling up the DagBag from /home/airflow/.local/lib/python3.8/site-packages/airflow/example_dags/example_kubernetes_executor.py
[2026-03-01T08:15:57.065+0000] {processor.py:840} INFO - DAG(s) 'example_kubernetes_executor' retrieved from /home/airflow/.local/lib/python3.8/site-packages/airflow/example_dags/example_kubernetes_executor.py
[2026-03-01T08:15:57.090+0000] {logging_mixin.py:188} INFO - [2026-03-01T08:15:57.090+0000] {dag.py:3036} INFO - Sync 1 DAGs
[2026-03-01T08:15:57.106+0000] {logging_mixin.py:188} INFO - [2026-03-01T08:15:57.105+0000] {dag.py:3823} INFO - Setting next_dagrun for example_kubernetes_executor to None, run_after=None
[2026-03-01T08:15:57.136+0000] {processor.py:183} INFO - Processing /home/airflow/.local/lib/python3.8/site-packages/airflow/example_dags/example_kubernetes_executor.py took 0.085 seconds
[2026-03-01T08:16:27.360+0000] {processor.py:161} INFO - Started process (PID=1138) to work on /home/airflow/.local/lib/python3.8/site-packages/airflow/example_dags/example_kubernetes_executor.py
[2026-03-01T08:16:27.361+0000] {processor.py:830} INFO - Processing file /home/airflow/.local/lib/python3.8/site-packages/airflow/example_dags/example_kubernetes_executor.py for tasks to queue
[2026-03-01T08:16:27.363+0000] {logging_mixin.py:188} INFO - [2026-03-01T08:16:27.363+0000] {dagbag.py:538} INFO - Filling up the DagBag from /home/airflow/.local/lib/python3.8/site-packages/airflow/example_dags/example_kubernetes_executor.py
[2026-03-01T08:16:27.372+0000] {processor.py:840} INFO - DAG(s) 'example_kubernetes_executor' retrieved from /home/airflow/.local/lib/python3.8/site-packages/airflow/example_dags/example_kubernetes_executor.py
[2026-03-01T08:16:27.399+0000] {logging_mixin.py:188} INFO - [2026-03-01T08:16:27.399+0000] {dag.py:3036} INFO - Sync 1 DAGs
[2026-03-01T08:16:27.408+0000] {logging_mixin.py:188} INFO - [2026-03-01T08:16:27.408+0000] {dag.py:3823} INFO - Setting next_dagrun for example_kubernetes_executor to None, run_after=None
[2026-03-01T08:16:27.424+0000] {processor.py:183} INFO - Processing /home/airflow/.local/lib/python3.8/site-packages/airflow/example_dags/example_kubernetes_executor.py took 0.067 seconds
[2026-03-01T08:16:57.691+0000] {processor.py:161} INFO - Started process (PID=1199) to work on /home/airflow/.local/lib/python3.8/site-packages/airflow/example_dags/example_kubernetes_executor.py
[2026-03-01T08:16:57.692+0000] {processor.py:830} INFO - Processing file /home/airflow/.local/lib/python3.8/site-packages/airflow/example_dags/example_kubernetes_executor.py for tasks to queue
[2026-03-01T08:16:57.693+0000] {logging_mixin.py:188} INFO - [2026-03-01T08:16:57.693+0000] {dagbag.py:538} INFO - Filling up the DagBag from /home/airflow/.local/lib/python3.8/site-packages/airflow/example_dags/example_kubernetes_executor.py
[2026-03-01T08:16:57.702+0000] {processor.py:840} INFO - DAG(s) 'example_kubernetes_executor' retrieved from /home/airflow/.local/lib/python3.8/site-packages/airflow/example_dags/example_kubernetes_executor.py
[2026-03-01T08:16:57.727+0000] {logging_mixin.py:188} INFO - [2026-03-01T08:16:57.727+0000] {dag.py:3036} INFO - Sync 1 DAGs
[2026-03-01T08:16:57.736+0000] {logging_mixin.py:188} INFO - [2026-03-01T08:16:57.736+0000] {dag.py:3823} INFO - Setting next_dagrun for example_kubernetes_executor to None, run_after=None
[2026-03-01T08:16:57.751+0000] {processor.py:183} INFO - Processing /home/airflow/.local/lib/python3.8/site-packages/airflow/example_dags/example_kubernetes_executor.py took 0.063 seconds
[2026-03-01T08:17:27.853+0000] {processor.py:161} INFO - Started process (PID=1277) to work on /home/airflow/.local/lib/python3.8/site-packages/airflow/example_dags/example_kubernetes_executor.py
[2026-03-01T08:17:27.854+0000] {processor.py:830} INFO - Processing file /home/airflow/.local/lib/python3.8/site-packages/airflow/example_dags/example_kubernetes_executor.py for tasks to queue
[2026-03-01T08:17:27.856+0000] {logging_mixin.py:188} INFO - [2026-03-01T08:17:27.855+0000] {dagbag.py:538} INFO - Filling up the DagBag from /home/airflow/.local/lib/python3.8/site-packages/airflow/example_dags/example_kubernetes_executor.py
[2026-03-01T08:17:27.864+0000] {processor.py:840} INFO - DAG(s) 'example_kubernetes_executor' retrieved from /home/airflow/.local/lib/python3.8/site-packages/airflow/example_dags/example_kubernetes_executor.py
[2026-03-01T08:17:27.892+0000] {logging_mixin.py:188} INFO - [2026-03-01T08:17:27.892+0000] {dag.py:3036} INFO - Sync 1 DAGs
[2026-03-01T08:17:27.900+0000] {logging_mixin.py:188} INFO - [2026-03-01T08:17:27.900+0000] {dag.py:3823} INFO - Setting next_dagrun for example_kubernetes_executor to None, run_after=None
[2026-03-01T08:17:27.913+0000] {processor.py:183} INFO - Processing /home/airflow/.local/lib/python3.8/site-packages/airflow/example_dags/example_kubernetes_executor.py took 0.062 seconds
[2026-03-01T08:17:58.074+0000] {processor.py:161} INFO - Started process (PID=1333) to work on /home/airflow/.local/lib/python3.8/site-packages/airflow/example_dags/example_kubernetes_executor.py
[2026-03-01T08:17:58.075+0000] {processor.py:830} INFO - Processing file /home/airflow/.local/lib/python3.8/site-packages/airflow/example_dags/example_kubernetes_executor.py for tasks to queue
[2026-03-01T08:17:58.076+0000] {logging_mixin.py:188} INFO - [2026-03-01T08:17:58.076+0000] {dagbag.py:538} INFO - Filling up the DagBag from /home/airflow/.local/lib/python3.8/site-packages/airflow/example_dags/example_kubernetes_executor.py
[2026-03-01T08:17:58.085+0000] {processor.py:840} INFO - DAG(s) 'example_kubernetes_executor' retrieved from /home/airflow/.local/lib/python3.8/site-packages/airflow/example_dags/example_kubernetes_executor.py
[2026-03-01T08:17:58.116+0000] {logging_mixin.py:188} INFO - [2026-03-01T08:17:58.116+0000] {dag.py:3036} INFO - Sync 1 DAGs
[2026-03-01T08:17:58.124+0000] {logging_mixin.py:188} INFO - [2026-03-01T08:17:58.124+0000] {dag.py:3823} INFO - Setting next_dagrun for example_kubernetes_executor to None, run_after=None
[2026-03-01T08:17:58.140+0000] {processor.py:183} INFO - Processing /home/airflow/.local/lib/python3.8/site-packages/airflow/example_dags/example_kubernetes_executor.py took 0.069 seconds
[2026-03-01T08:18:28.764+0000] {processor.py:161} INFO - Started process (PID=1389) to work on /home/airflow/.local/lib/python3.8/site-packages/airflow/example_dags/example_kubernetes_executor.py
[2026-03-01T08:18:28.765+0000] {processor.py:830} INFO - Processing file /home/airflow/.local/lib/python3.8/site-packages/airflow/example_dags/example_kubernetes_executor.py for tasks to queue
[2026-03-01T08:18:28.767+0000] {logging_mixin.py:188} INFO - [2026-03-01T08:18:28.767+0000] {dagbag.py:538} INFO - Filling up the DagBag from /home/airflow/.local/lib/python3.8/site-packages/airflow/example_dags/example_kubernetes_executor.py
[2026-03-01T08:18:28.775+0000] {processor.py:840} INFO - DAG(s) 'example_kubernetes_executor' retrieved from /home/airflow/.local/lib/python3.8/site-packages/airflow/example_dags/example_kubernetes_executor.py
[2026-03-01T08:18:28.802+0000] {logging_mixin.py:188} INFO - [2026-03-01T08:18:28.802+0000] {dag.py:3036} INFO - Sync 1 DAGs
[2026-03-01T08:18:28.810+0000] {logging_mixin.py:188} INFO - [2026-03-01T08:18:28.810+0000] {dag.py:3823} INFO - Setting next_dagrun for example_kubernetes_executor to None, run_after=None
[2026-03-01T08:18:28.824+0000] {processor.py:183} INFO - Processing /home/airflow/.local/lib/python3.8/site-packages/airflow/example_dags/example_kubernetes_executor.py took 0.063 seconds
[2026-03-01T08:18:58.880+0000] {processor.py:161} INFO - Started process (PID=1445) to work on /home/airflow/.local/lib/python3.8/site-packages/airflow/example_dags/example_kubernetes_executor.py
[2026-03-01T08:18:58.881+0000] {processor.py:830} INFO - Processing file /home/airflow/.local/lib/python3.8/site-packages/airflow/example_dags/example_kubernetes_executor.py for tasks to queue
[2026-03-01T08:18:58.882+0000] {logging_mixin.py:188} INFO - [2026-03-01T08:18:58.882+0000] {dagbag.py:538} INFO - Filling up the DagBag from /home/airflow/.local/lib/python3.8/site-packages/airflow/example_dags/example_kubernetes_executor.py
[2026-03-01T08:18:58.891+0000] {processor.py:840} INFO - DAG(s) 'example_kubernetes_executor' retrieved from /home/airflow/.local/lib/python3.8/site-packages/airflow/example_dags/example_kubernetes_executor.py
[2026-03-01T08:18:58.934+0000] {logging_mixin.py:188} INFO - [2026-03-01T08:18:58.934+0000] {dag.py:3036} INFO - Sync 1 DAGs
[2026-03-01T08:18:58.943+0000] {logging_mixin.py:188} INFO - [2026-03-01T08:18:58.943+0000] {dag.py:3823} INFO - Setting next_dagrun for example_kubernetes_executor to None, run_after=None
[2026-03-01T08:18:58.958+0000] {processor.py:183} INFO - Processing /home/airflow/.local/lib/python3.8/site-packages/airflow/example_dags/example_kubernetes_executor.py took 0.081 seconds
[2026-03-01T08:19:29.212+0000] {processor.py:161} INFO - Started process (PID=1501) to work on /home/airflow/.local/lib/python3.8/site-packages/airflow/example_dags/example_kubernetes_executor.py
[2026-03-01T08:19:29.213+0000] {processor.py:830} INFO - Processing file /home/airflow/.local/lib/python3.8/site-packages/airflow/example_dags/example_kubernetes_executor.py for tasks to queue
[2026-03-01T08:19:29.215+0000] {logging_mixin.py:188} INFO - [2026-03-01T08:19:29.214+0000] {dagbag.py:538} INFO - Filling up the DagBag from /home/airflow/.local/lib/python3.8/site-packages/airflow/example_dags/example_kubernetes_executor.py
[2026-03-01T08:19:29.223+0000] {processor.py:840} INFO - DAG(s) 'example_kubernetes_executor' retrieved from /home/airflow/.local/lib/python3.8/site-packages/airflow/example_dags/example_kubernetes_executor.py
[2026-03-01T08:19:29.251+0000] {logging_mixin.py:188} INFO - [2026-03-01T08:19:29.251+0000] {dag.py:3036} INFO - Sync 1 DAGs
[2026-03-01T08:19:29.259+0000] {logging_mixin.py:188} INFO - [2026-03-01T08:19:29.259+0000] {dag.py:3823} INFO - Setting next_dagrun for example_kubernetes_executor to None, run_after=None
[2026-03-01T08:19:29.273+0000] {processor.py:183} INFO - Processing /home/airflow/.local/lib/python3.8/site-packages/airflow/example_dags/example_kubernetes_executor.py took 0.064 seconds
[2026-03-01T08:19:59.533+0000] {processor.py:161} INFO - Started process (PID=1557) to work on /home/airflow/.local/lib/python3.8/site-packages/airflow/example_dags/example_kubernetes_executor.py
[2026-03-01T08:19:59.534+0000] {processor.py:830} INFO - Processing file /home/airflow/.local/lib/python3.8/site-packages/airflow/example_dags/example_kubernetes_executor.py for tasks to queue
[2026-03-01T08:19:59.536+0000] {logging_mixin.py:188} INFO - [2026-03-01T08:19:59.536+0000] {dagbag.py:538} INFO - Filling up the DagBag from /home/airflow/.local/lib/python3.8/site-packages/airflow/example_dags/example_kubernetes_executor.py
[2026-03-01T08:19:59.545+0000] {processor.py:840} INFO - DAG(s) 'example_kubernetes_executor' retrieved from /home/airflow/.local/lib/python3.8/site-packages/airflow/example_dags/example_kubernetes_executor.py
[2026-03-01T08:19:59.574+0000] {logging_mixin.py:188} INFO - [2026-03-01T08:19:59.574+0000] {dag.py:3036} INFO - Sync 1 DAGs
[2026-03-01T08:19:59.582+0000] {logging_mixin.py:188} INFO - [2026-03-01T08:19:59.581+0000] {dag.py:3823} INFO - Setting next_dagrun for example_kubernetes_executor to None, run_after=None
[2026-03-01T08:19:59.594+0000] {processor.py:183} INFO - Processing /home/airflow/.local/lib/python3.8/site-packages/airflow/example_dags/example_kubernetes_executor.py took 0.064 seconds
[2026-03-01T08:20:29.758+0000] {processor.py:161} INFO - Started process (PID=1613) to work on /home/airflow/.local/lib/python3.8/site-packages/airflow/example_dags/example_kubernetes_executor.py
[2026-03-01T08:20:29.759+0000] {processor.py:830} INFO - Processing file /home/airflow/.local/lib/python3.8/site-packages/airflow/example_dags/example_kubernetes_executor.py for tasks to queue
[2026-03-01T08:20:29.761+0000] {logging_mixin.py:188} INFO - [2026-03-01T08:20:29.761+0000] {dagbag.py:538} INFO - Filling up the DagBag from /home/airflow/.local/lib/python3.8/site-packages/airflow/example_dags/example_kubernetes_executor.py
[2026-03-01T08:20:29.771+0000] {processor.py:840} INFO - DAG(s) 'example_kubernetes_executor' retrieved from /home/airflow/.local/lib/python3.8/site-packages/airflow/example_dags/example_kubernetes_executor.py
[2026-03-01T08:20:29.803+0000] {logging_mixin.py:188} INFO - [2026-03-01T08:20:29.802+0000] {dag.py:3036} INFO - Sync 1 DAGs
[2026-03-01T08:20:29.812+0000] {logging_mixin.py:188} INFO - [2026-03-01T08:20:29.812+0000] {dag.py:3823} INFO - Setting next_dagrun for example_kubernetes_executor to None, run_after=None
[2026-03-01T08:20:29.829+0000] {processor.py:183} INFO - Processing /home/airflow/.local/lib/python3.8/site-packages/airflow/example_dags/example_kubernetes_executor.py took 0.073 seconds
[2026-03-01T08:21:00.668+0000] {processor.py:161} INFO - Started process (PID=1669) to work on /home/airflow/.local/lib/python3.8/site-packages/airflow/example_dags/example_kubernetes_executor.py
[2026-03-01T08:21:00.669+0000] {processor.py:830} INFO - Processing file /home/airflow/.local/lib/python3.8/site-packages/airflow/example_dags/example_kubernetes_executor.py for tasks to queue
[2026-03-01T08:21:00.670+0000] {logging_mixin.py:188} INFO - [2026-03-01T08:21:00.670+0000] {dagbag.py:538} INFO - Filling up the DagBag from /home/airflow/.local/lib/python3.8/site-packages/airflow/example_dags/example_kubernetes_executor.py
[2026-03-01T08:21:00.680+0000] {processor.py:840} INFO - DAG(s) 'example_kubernetes_executor' retrieved from /home/airflow/.local/lib/python3.8/site-packages/airflow/example_dags/example_kubernetes_executor.py
[2026-03-01T08:21:00.717+0000] {logging_mixin.py:188} INFO - [2026-03-01T08:21:00.717+0000] {dag.py:3036} INFO - Sync 1 DAGs
[2026-03-01T08:21:00.725+0000] {logging_mixin.py:188} INFO - [2026-03-01T08:21:00.725+0000] {dag.py:3823} INFO - Setting next_dagrun for example_kubernetes_executor to None, run_after=None
[2026-03-01T08:21:00.737+0000] {processor.py:183} INFO - Processing /home/airflow/.local/lib/python3.8/site-packages/airflow/example_dags/example_kubernetes_executor.py took 0.071 seconds
[2026-03-01T08:21:31.079+0000] {processor.py:161} INFO - Started process (PID=1725) to work on /home/airflow/.local/lib/python3.8/site-packages/airflow/example_dags/example_kubernetes_executor.py
[2026-03-01T08:21:31.080+0000] {processor.py:830} INFO - Processing file /home/airflow/.local/lib/python3.8/site-packages/airflow/example_dags/example_kubernetes_executor.py for tasks to queue
[2026-03-01T08:21:31.082+0000] {logging_mixin.py:188} INFO - [2026-03-01T08:21:31.081+0000] {dagbag.py:538} INFO - Filling up the DagBag from /home/airflow/.local/lib/python3.8/site-packages/airflow/example_dags/example_kubernetes_executor.py
[2026-03-01T08:21:31.091+0000] {processor.py:840} INFO - DAG(s) 'example_kubernetes_executor' retrieved from /home/airflow/.local/lib/python3.8/site-packages/airflow/example_dags/example_kubernetes_executor.py
[2026-03-01T08:21:31.119+0000] {logging_mixin.py:188} INFO - [2026-03-01T08:21:31.119+0000] {dag.py:3036} INFO - Sync 1 DAGs
[2026-03-01T08:21:31.128+0000] {logging_mixin.py:188} INFO - [2026-03-01T08:21:31.128+0000] {dag.py:3823} INFO - Setting next_dagrun for example_kubernetes_executor to None, run_after=None
[2026-03-01T08:21:31.141+0000] {processor.py:183} INFO - Processing /home/airflow/.local/lib/python3.8/site-packages/airflow/example_dags/example_kubernetes_executor.py took 0.065 seconds
[2026-03-01T08:22:01.403+0000] {processor.py:161} INFO - Started process (PID=1781) to work on /home/airflow/.local/lib/python3.8/site-packages/airflow/example_dags/example_kubernetes_executor.py
[2026-03-01T08:22:01.404+0000] {processor.py:830} INFO - Processing file /home/airflow/.local/lib/python3.8/site-packages/airflow/example_dags/example_kubernetes_executor.py for tasks to queue
[2026-03-01T08:22:01.406+0000] {logging_mixin.py:188} INFO - [2026-03-01T08:22:01.405+0000] {dagbag.py:538} INFO - Filling up the DagBag from /home/airflow/.local/lib/python3.8/site-packages/airflow/example_dags/example_kubernetes_executor.py
[2026-03-01T08:22:01.415+0000] {processor.py:840} INFO - DAG(s) 'example_kubernetes_executor' retrieved from /home/airflow/.local/lib/python3.8/site-packages/airflow/example_dags/example_kubernetes_executor.py
[2026-03-01T08:22:01.442+0000] {logging_mixin.py:188} INFO - [2026-03-01T08:22:01.442+0000] {dag.py:3036} INFO - Sync 1 DAGs
[2026-03-01T08:22:01.451+0000] {logging_mixin.py:188} INFO - [2026-03-01T08:22:01.451+0000] {dag.py:3823} INFO - Setting next_dagrun for example_kubernetes_executor to None, run_after=None
[2026-03-01T08:22:01.465+0000] {processor.py:183} INFO - Processing /home/airflow/.local/lib/python3.8/site-packages/airflow/example_dags/example_kubernetes_executor.py took 0.065 seconds
[2026-03-01T08:22:31.746+0000] {processor.py:161} INFO - Started process (PID=1837) to work on /home/airflow/.local/lib/python3.8/site-packages/airflow/example_dags/example_kubernetes_executor.py
[2026-03-01T08:22:31.747+0000] {processor.py:830} INFO - Processing file /home/airflow/.local/lib/python3.8/site-packages/airflow/example_dags/example_kubernetes_executor.py for tasks to queue
[2026-03-01T08:22:31.749+0000] {logging_mixin.py:188} INFO - [2026-03-01T08:22:31.748+0000] {dagbag.py:538} INFO - Filling up the DagBag from /home/airflow/.local/lib/python3.8/site-packages/airflow/example_dags/example_kubernetes_executor.py
[2026-03-01T08:22:31.757+0000] {processor.py:840} INFO - DAG(s) 'example_kubernetes_executor' retrieved from /home/airflow/.local/lib/python3.8/site-packages/airflow/example_dags/example_kubernetes_executor.py
[2026-03-01T08:22:31.783+0000] {logging_mixin.py:188} INFO - [2026-03-01T08:22:31.783+0000] {dag.py:3036} INFO - Sync 1 DAGs
[2026-03-01T08:22:31.791+0000] {logging_mixin.py:188} INFO - [2026-03-01T08:22:31.791+0000] {dag.py:3823} INFO - Setting next_dagrun for example_kubernetes_executor to None, run_after=None
[2026-03-01T08:22:31.802+0000] {processor.py:183} INFO - Processing /home/airflow/.local/lib/python3.8/site-packages/airflow/example_dags/example_kubernetes_executor.py took 0.058 seconds
[2026-03-01T08:23:02.302+0000] {processor.py:161} INFO - Started process (PID=1893) to work on /home/airflow/.local/lib/python3.8/site-packages/airflow/example_dags/example_kubernetes_executor.py
[2026-03-01T08:23:02.303+0000] {processor.py:830} INFO - Processing file /home/airflow/.local/lib/python3.8/site-packages/airflow/example_dags/example_kubernetes_executor.py for tasks to queue
[2026-03-01T08:23:02.305+0000] {logging_mixin.py:188} INFO - [2026-03-01T08:23:02.304+0000] {dagbag.py:538} INFO - Filling up the DagBag from /home/airflow/.local/lib/python3.8/site-packages/airflow/example_dags/example_kubernetes_executor.py
[2026-03-01T08:23:02.314+0000] {processor.py:840} INFO - DAG(s) 'example_kubernetes_executor' retrieved from /home/airflow/.local/lib/python3.8/site-packages/airflow/example_dags/example_kubernetes_executor.py
[2026-03-01T08:23:02.338+0000] {logging_mixin.py:188} INFO - [2026-03-01T08:23:02.338+0000] {dag.py:3036} INFO - Sync 1 DAGs
[2026-03-01T08:23:02.345+0000] {logging_mixin.py:188} INFO - [2026-03-01T08:23:02.345+0000] {dag.py:3823} INFO - Setting next_dagrun for example_kubernetes_executor to None, run_after=None
[2026-03-01T08:23:02.357+0000] {processor.py:183} INFO - Processing /home/airflow/.local/lib/python3.8/site-packages/airflow/example_dags/example_kubernetes_executor.py took 0.057 seconds
[2026-03-01T08:23:32.580+0000] {processor.py:161} INFO - Started process (PID=1949) to work on /home/airflow/.local/lib/python3.8/site-packages/airflow/example_dags/example_kubernetes_executor.py
[2026-03-01T08:23:32.581+0000] {processor.py:830} INFO - Processing file /home/airflow/.local/lib/python3.8/site-packages/airflow/example_dags/example_kubernetes_executor.py for tasks to queue
[2026-03-01T08:23:32.583+0000] {logging_mixin.py:188} INFO - [2026-03-01T08:23:32.583+0000] {dagbag.py:538} INFO - Filling up the DagBag from /home/airflow/.local/lib/python3.8/site-packages/airflow/example_dags/example_kubernetes_executor.py
[2026-03-01T08:23:32.591+0000] {processor.py:840} INFO - DAG(s) 'example_kubernetes_executor' retrieved from /home/airflow/.local/lib/python3.8/site-packages/airflow/example_dags/example_kubernetes_executor.py
[2026-03-01T08:23:32.616+0000] {logging_mixin.py:188} INFO - [2026-03-01T08:23:32.616+0000] {dag.py:3036} INFO - Sync 1 DAGs
[2026-03-01T08:23:32.624+0000] {logging_mixin.py:188} INFO - [2026-03-01T08:23:32.623+0000] {dag.py:3823} INFO - Setting next_dagrun for example_kubernetes_executor to None, run_after=None
[2026-03-01T08:23:32.636+0000] {processor.py:183} INFO - Processing /home/airflow/.local/lib/python3.8/site-packages/airflow/example_dags/example_kubernetes_executor.py took 0.058 seconds
[2026-03-01T08:24:02.767+0000] {processor.py:161} INFO - Started process (PID=2005) to work on /home/airflow/.local/lib/python3.8/site-packages/airflow/example_dags/example_kubernetes_executor.py
[2026-03-01T08:24:02.768+0000] {processor.py:830} INFO - Processing file /home/airflow/.local/lib/python3.8/site-packages/airflow/example_dags/example_kubernetes_executor.py for tasks to queue
[2026-03-01T08:24:02.769+0000] {logging_mixin.py:188} INFO - [2026-03-01T08:24:02.769+0000] {dagbag.py:538} INFO - Filling up the DagBag from /home/airflow/.local/lib/python3.8/site-packages/airflow/example_dags/example_kubernetes_executor.py
[2026-03-01T08:24:02.777+0000] {processor.py:840} INFO - DAG(s) 'example_kubernetes_executor' retrieved from /home/airflow/.local/lib/python3.8/site-packages/airflow/example_dags/example_kubernetes_executor.py
[2026-03-01T08:24:02.803+0000] {logging_mixin.py:188} INFO - [2026-03-01T08:24:02.802+0000] {dag.py:3036} INFO - Sync 1 DAGs
[2026-03-01T08:24:02.810+0000] {logging_mixin.py:188} INFO - [2026-03-01T08:24:02.810+0000] {dag.py:3823} INFO - Setting next_dagrun for example_kubernetes_executor to None, run_after=None
[2026-03-01T08:24:02.822+0000] {processor.py:183} INFO - Processing /home/airflow/.local/lib/python3.8/site-packages/airflow/example_dags/example_kubernetes_executor.py took 0.058 seconds
[2026-03-01T08:24:33.079+0000] {processor.py:161} INFO - Started process (PID=2061) to work on /home/airflow/.local/lib/python3.8/site-packages/airflow/example_dags/example_kubernetes_executor.py
[2026-03-01T08:24:33.080+0000] {processor.py:830} INFO - Processing file /home/airflow/.local/lib/python3.8/site-packages/airflow/example_dags/example_kubernetes_executor.py for tasks to queue
[2026-03-01T08:24:33.082+0000] {logging_mixin.py:188} INFO - [2026-03-01T08:24:33.082+0000] {dagbag.py:538} INFO - Filling up the DagBag from /home/airflow/.local/lib/python3.8/site-packages/airflow/example_dags/example_kubernetes_executor.py
[2026-03-01T08:24:33.091+0000] {processor.py:840} INFO - DAG(s) 'example_kubernetes_executor' retrieved from /home/airflow/.local/lib/python3.8/site-packages/airflow/example_dags/example_kubernetes_executor.py
[2026-03-01T08:24:33.119+0000] {logging_mixin.py:188} INFO - [2026-03-01T08:24:33.118+0000] {dag.py:3036} INFO - Sync 1 DAGs
[2026-03-01T08:24:33.127+0000] {logging_mixin.py:188} INFO - [2026-03-01T08:24:33.127+0000] {dag.py:3823} INFO - Setting next_dagrun for example_kubernetes_executor to None, run_after=None
[2026-03-01T08:24:33.141+0000] {processor.py:183} INFO - Processing /home/airflow/.local/lib/python3.8/site-packages/airflow/example_dags/example_kubernetes_executor.py took 0.064 seconds
[2026-03-01T08:25:03.327+0000] {processor.py:161} INFO - Started process (PID=2121) to work on /home/airflow/.local/lib/python3.8/site-packages/airflow/example_dags/example_kubernetes_executor.py
[2026-03-01T08:25:03.329+0000] {processor.py:830} INFO - Processing file /home/airflow/.local/lib/python3.8/site-packages/airflow/example_dags/example_kubernetes_executor.py for tasks to queue
[2026-03-01T08:25:03.331+0000] {logging_mixin.py:188} INFO - [2026-03-01T08:25:03.331+0000] {dagbag.py:538} INFO - Filling up the DagBag from /home/airflow/.local/lib/python3.8/site-packages/airflow/example_dags/example_kubernetes_executor.py
[2026-03-01T08:25:03.340+0000] {processor.py:840} INFO - DAG(s) 'example_kubernetes_executor' retrieved from /home/airflow/.local/lib/python3.8/site-packages/airflow/example_dags/example_kubernetes_executor.py
[2026-03-01T08:25:03.366+0000] {logging_mixin.py:188} INFO - [2026-03-01T08:25:03.366+0000] {dag.py:3036} INFO - Sync 1 DAGs
[2026-03-01T08:25:03.375+0000] {logging_mixin.py:188} INFO - [2026-03-01T08:25:03.374+0000] {dag.py:3823} INFO - Setting next_dagrun for example_kubernetes_executor to None, run_after=None
[2026-03-01T08:25:03.390+0000] {processor.py:183} INFO - Processing /home/airflow/.local/lib/python3.8/site-packages/airflow/example_dags/example_kubernetes_executor.py took 0.064 seconds
[2026-03-01T08:25:33.531+0000] {processor.py:161} INFO - Started process (PID=2177) to work on /home/airflow/.local/lib/python3.8/site-packages/airflow/example_dags/example_kubernetes_executor.py
[2026-03-01T08:25:33.532+0000] {processor.py:830} INFO - Processing file /home/airflow/.local/lib/python3.8/site-packages/airflow/example_dags/example_kubernetes_executor.py for tasks to queue
[2026-03-01T08:25:33.533+0000] {logging_mixin.py:188} INFO - [2026-03-01T08:25:33.533+0000] {dagbag.py:538} INFO - Filling up the DagBag from /home/airflow/.local/lib/python3.8/site-packages/airflow/example_dags/example_kubernetes_executor.py
[2026-03-01T08:25:33.544+0000] {processor.py:840} INFO - DAG(s) 'example_kubernetes_executor' retrieved from /home/airflow/.local/lib/python3.8/site-packages/airflow/example_dags/example_kubernetes_executor.py
[2026-03-01T08:25:33.575+0000] {logging_mixin.py:188} INFO - [2026-03-01T08:25:33.575+0000] {dag.py:3036} INFO - Sync 1 DAGs
[2026-03-01T08:25:33.584+0000] {logging_mixin.py:188} INFO - [2026-03-01T08:25:33.583+0000] {dag.py:3823} INFO - Setting next_dagrun for example_kubernetes_executor to None, run_after=None
[2026-03-01T08:25:33.599+0000] {processor.py:183} INFO - Processing /home/airflow/.local/lib/python3.8/site-packages/airflow/example_dags/example_kubernetes_executor.py took 0.071 seconds
[2026-03-01T08:26:03.760+0000] {processor.py:161} INFO - Started process (PID=2232) to work on /home/airflow/.local/lib/python3.8/site-packages/airflow/example_dags/example_kubernetes_executor.py
[2026-03-01T08:26:03.761+0000] {processor.py:830} INFO - Processing file /home/airflow/.local/lib/python3.8/site-packages/airflow/example_dags/example_kubernetes_executor.py for tasks to queue
[2026-03-01T08:26:03.763+0000] {logging_mixin.py:188} INFO - [2026-03-01T08:26:03.762+0000] {dagbag.py:538} INFO - Filling up the DagBag from /home/airflow/.local/lib/python3.8/site-packages/airflow/example_dags/example_kubernetes_executor.py
[2026-03-01T08:26:03.772+0000] {processor.py:840} INFO - DAG(s) 'example_kubernetes_executor' retrieved from /home/airflow/.local/lib/python3.8/site-packages/airflow/example_dags/example_kubernetes_executor.py
[2026-03-01T08:26:03.798+0000] {logging_mixin.py:188} INFO - [2026-03-01T08:26:03.798+0000] {dag.py:3036} INFO - Sync 1 DAGs
[2026-03-01T08:26:03.806+0000] {logging_mixin.py:188} INFO - [2026-03-01T08:26:03.806+0000] {dag.py:3823} INFO - Setting next_dagrun for example_kubernetes_executor to None, run_after=None
[2026-03-01T08:26:03.818+0000] {processor.py:183} INFO - Processing /home/airflow/.local/lib/python3.8/site-packages/airflow/example_dags/example_kubernetes_executor.py took 0.061 seconds
[2026-03-01T08:26:33.971+0000] {processor.py:161} INFO - Started process (PID=2288) to work on /home/airflow/.local/lib/python3.8/site-packages/airflow/example_dags/example_kubernetes_executor.py
[2026-03-01T08:26:33.972+0000] {processor.py:830} INFO - Processing file /home/airflow/.local/lib/python3.8/site-packages/airflow/example_dags/example_kubernetes_executor.py for tasks to queue
[2026-03-01T08:26:33.973+0000] {logging_mixin.py:188} INFO - [2026-03-01T08:26:33.973+0000] {dagbag.py:538} INFO - Filling up the DagBag from /home/airflow/.local/lib/python3.8/site-packages/airflow/example_dags/example_kubernetes_executor.py
[2026-03-01T08:26:33.982+0000] {processor.py:840} INFO - DAG(s) 'example_kubernetes_executor' retrieved from /home/airflow/.local/lib/python3.8/site-packages/airflow/example_dags/example_kubernetes_executor.py
[2026-03-01T08:26:34.009+0000] {logging_mixin.py:188} INFO - [2026-03-01T08:26:34.009+0000] {dag.py:3036} INFO - Sync 1 DAGs
[2026-03-01T08:26:34.016+0000] {logging_mixin.py:188} INFO - [2026-03-01T08:26:34.016+0000] {dag.py:3823} INFO - Setting next_dagrun for example_kubernetes_executor to None, run_after=None
[2026-03-01T08:26:34.029+0000] {processor.py:183} INFO - Processing /home/airflow/.local/lib/python3.8/site-packages/airflow/example_dags/example_kubernetes_executor.py took 0.061 seconds
[2026-03-01T08:27:04.493+0000] {processor.py:161} INFO - Started process (PID=2344) to work on /home/airflow/.local/lib/python3.8/site-packages/airflow/example_dags/example_kubernetes_executor.py
[2026-03-01T08:27:04.494+0000] {processor.py:830} INFO - Processing file /home/airflow/.local/lib/python3.8/site-packages/airflow/example_dags/example_kubernetes_executor.py for tasks to queue
[2026-03-01T08:27:04.495+0000] {logging_mixin.py:188} INFO - [2026-03-01T08:27:04.495+0000] {dagbag.py:538} INFO - Filling up the DagBag from /home/airflow/.local/lib/python3.8/site-packages/airflow/example_dags/example_kubernetes_executor.py
[2026-03-01T08:27:04.504+0000] {processor.py:840} INFO - DAG(s) 'example_kubernetes_executor' retrieved from /home/airflow/.local/lib/python3.8/site-packages/airflow/example_dags/example_kubernetes_executor.py
[2026-03-01T08:27:04.532+0000] {logging_mixin.py:188} INFO - [2026-03-01T08:27:04.532+0000] {dag.py:3036} INFO - Sync 1 DAGs
[2026-03-01T08:27:04.540+0000] {logging_mixin.py:188} INFO - [2026-03-01T08:27:04.539+0000] {dag.py:3823} INFO - Setting next_dagrun for example_kubernetes_executor to None, run_after=None
[2026-03-01T08:27:04.554+0000] {processor.py:183} INFO - Processing /home/airflow/.local/lib/python3.8/site-packages/airflow/example_dags/example_kubernetes_executor.py took 0.064 seconds
[2026-03-01T08:27:34.789+0000] {processor.py:161} INFO - Started process (PID=2399) to work on /home/airflow/.local/lib/python3.8/site-packages/airflow/example_dags/example_kubernetes_executor.py
[2026-03-01T08:27:34.790+0000] {processor.py:830} INFO - Processing file /home/airflow/.local/lib/python3.8/site-packages/airflow/example_dags/example_kubernetes_executor.py for tasks to queue
[2026-03-01T08:27:34.792+0000] {logging_mixin.py:188} INFO - [2026-03-01T08:27:34.791+0000] {dagbag.py:538} INFO - Filling up the DagBag from /home/airflow/.local/lib/python3.8/site-packages/airflow/example_dags/example_kubernetes_executor.py
[2026-03-01T08:27:34.801+0000] {processor.py:840} INFO - DAG(s) 'example_kubernetes_executor' retrieved from /home/airflow/.local/lib/python3.8/site-packages/airflow/example_dags/example_kubernetes_executor.py
[2026-03-01T08:27:34.827+0000] {logging_mixin.py:188} INFO - [2026-03-01T08:27:34.827+0000] {dag.py:3036} INFO - Sync 1 DAGs
[2026-03-01T08:27:34.835+0000] {logging_mixin.py:188} INFO - [2026-03-01T08:27:34.835+0000] {dag.py:3823} INFO - Setting next_dagrun for example_kubernetes_executor to None, run_after=None
[2026-03-01T08:27:34.847+0000] {processor.py:183} INFO - Processing /home/airflow/.local/lib/python3.8/site-packages/airflow/example_dags/example_kubernetes_executor.py took 0.061 seconds
[2026-03-01T08:28:04.996+0000] {processor.py:161} INFO - Started process (PID=2454) to work on /home/airflow/.local/lib/python3.8/site-packages/airflow/example_dags/example_kubernetes_executor.py
[2026-03-01T08:28:04.997+0000] {processor.py:830} INFO - Processing file /home/airflow/.local/lib/python3.8/site-packages/airflow/example_dags/example_kubernetes_executor.py for tasks to queue
[2026-03-01T08:28:04.998+0000] {logging_mixin.py:188} INFO - [2026-03-01T08:28:04.998+0000] {dagbag.py:538} INFO - Filling up the DagBag from /home/airflow/.local/lib/python3.8/site-packages/airflow/example_dags/example_kubernetes_executor.py
[2026-03-01T08:28:05.006+0000] {processor.py:840} INFO - DAG(s) 'example_kubernetes_executor' retrieved from /home/airflow/.local/lib/python3.8/site-packages/airflow/example_dags/example_kubernetes_executor.py
[2026-03-01T08:28:05.032+0000] {logging_mixin.py:188} INFO - [2026-03-01T08:28:05.031+0000] {dag.py:3036} INFO - Sync 1 DAGs
[2026-03-01T08:28:05.040+0000] {logging_mixin.py:188} INFO - [2026-03-01T08:28:05.039+0000] {dag.py:3823} INFO - Setting next_dagrun for example_kubernetes_executor to None, run_after=None
[2026-03-01T08:28:05.053+0000] {processor.py:183} INFO - Processing /home/airflow/.local/lib/python3.8/site-packages/airflow/example_dags/example_kubernetes_executor.py took 0.059 seconds
[2026-03-01T08:28:35.164+0000] {processor.py:161} INFO - Started process (PID=2509) to work on /home/airflow/.local/lib/python3.8/site-packages/airflow/example_dags/example_kubernetes_executor.py
[2026-03-01T08:28:35.165+0000] {processor.py:830} INFO - Processing file /home/airflow/.local/lib/python3.8/site-packages/airflow/example_dags/example_kubernetes_executor.py for tasks to queue
[2026-03-01T08:28:35.167+0000] {logging_mixin.py:188} INFO - [2026-03-01T08:28:35.166+0000] {dagbag.py:538} INFO - Filling up the DagBag from /home/airflow/.local/lib/python3.8/site-packages/airflow/example_dags/example_kubernetes_executor.py
[2026-03-01T08:28:35.175+0000] {processor.py:840} INFO - DAG(s) 'example_kubernetes_executor' retrieved from /home/airflow/.local/lib/python3.8/site-packages/airflow/example_dags/example_kubernetes_executor.py
[2026-03-01T08:28:35.200+0000] {logging_mixin.py:188} INFO - [2026-03-01T08:28:35.200+0000] {dag.py:3036} INFO - Sync 1 DAGs
[2026-03-01T08:28:35.209+0000] {logging_mixin.py:188} INFO - [2026-03-01T08:28:35.209+0000] {dag.py:3823} INFO - Setting next_dagrun for example_kubernetes_executor to None, run_after=None
[2026-03-01T08:28:35.223+0000] {processor.py:183} INFO - Processing /home/airflow/.local/lib/python3.8/site-packages/airflow/example_dags/example_kubernetes_executor.py took 0.062 seconds
[2026-03-01T08:29:05.602+0000] {processor.py:161} INFO - Started process (PID=2565) to work on /home/airflow/.local/lib/python3.8/site-packages/airflow/example_dags/example_kubernetes_executor.py
[2026-03-01T08:29:05.603+0000] {processor.py:830} INFO - Processing file /home/airflow/.local/lib/python3.8/site-packages/airflow/example_dags/example_kubernetes_executor.py for tasks to queue
[2026-03-01T08:29:05.605+0000] {logging_mixin.py:188} INFO - [2026-03-01T08:29:05.604+0000] {dagbag.py:538} INFO - Filling up the DagBag from /home/airflow/.local/lib/python3.8/site-packages/airflow/example_dags/example_kubernetes_executor.py
[2026-03-01T08:29:05.613+0000] {processor.py:840} INFO - DAG(s) 'example_kubernetes_executor' retrieved from /home/airflow/.local/lib/python3.8/site-packages/airflow/example_dags/example_kubernetes_executor.py
[2026-03-01T08:29:05.639+0000] {logging_mixin.py:188} INFO - [2026-03-01T08:29:05.639+0000] {dag.py:3036} INFO - Sync 1 DAGs
[2026-03-01T08:29:05.646+0000] {logging_mixin.py:188} INFO - [2026-03-01T08:29:05.646+0000] {dag.py:3823} INFO - Setting next_dagrun for example_kubernetes_executor to None, run_after=None
[2026-03-01T08:29:05.659+0000] {processor.py:183} INFO - Processing /home/airflow/.local/lib/python3.8/site-packages/airflow/example_dags/example_kubernetes_executor.py took 0.060 seconds
[2026-03-01T08:29:35.947+0000] {processor.py:161} INFO - Started process (PID=2621) to work on /home/airflow/.local/lib/python3.8/site-packages/airflow/example_dags/example_kubernetes_executor.py
[2026-03-01T08:29:35.949+0000] {processor.py:830} INFO - Processing file /home/airflow/.local/lib/python3.8/site-packages/airflow/example_dags/example_kubernetes_executor.py for tasks to queue
[2026-03-01T08:29:35.951+0000] {logging_mixin.py:188} INFO - [2026-03-01T08:29:35.950+0000] {dagbag.py:538} INFO - Filling up the DagBag from /home/airflow/.local/lib/python3.8/site-packages/airflow/example_dags/example_kubernetes_executor.py
[2026-03-01T08:29:35.959+0000] {processor.py:840} INFO - DAG(s) 'example_kubernetes_executor' retrieved from /home/airflow/.local/lib/python3.8/site-packages/airflow/example_dags/example_kubernetes_executor.py
[2026-03-01T08:29:35.988+0000] {logging_mixin.py:188} INFO - [2026-03-01T08:29:35.988+0000] {dag.py:3036} INFO - Sync 1 DAGs
[2026-03-01T08:29:35.996+0000] {logging_mixin.py:188} INFO - [2026-03-01T08:29:35.996+0000] {dag.py:3823} INFO - Setting next_dagrun for example_kubernetes_executor to None, run_after=None
[2026-03-01T08:29:36.008+0000] {processor.py:183} INFO - Processing /home/airflow/.local/lib/python3.8/site-packages/airflow/example_dags/example_kubernetes_executor.py took 0.063 seconds
[2026-03-01T08:30:06.639+0000] {processor.py:161} INFO - Started process (PID=2677) to work on /home/airflow/.local/lib/python3.8/site-packages/airflow/example_dags/example_kubernetes_executor.py
[2026-03-01T08:30:06.640+0000] {processor.py:830} INFO - Processing file /home/airflow/.local/lib/python3.8/site-packages/airflow/example_dags/example_kubernetes_executor.py for tasks to queue
[2026-03-01T08:30:06.641+0000] {logging_mixin.py:188} INFO - [2026-03-01T08:30:06.641+0000] {dagbag.py:538} INFO - Filling up the DagBag from /home/airflow/.local/lib/python3.8/site-packages/airflow/example_dags/example_kubernetes_executor.py
[2026-03-01T08:30:06.650+0000] {processor.py:840} INFO - DAG(s) 'example_kubernetes_executor' retrieved from /home/airflow/.local/lib/python3.8/site-packages/airflow/example_dags/example_kubernetes_executor.py
[2026-03-01T08:30:06.676+0000] {logging_mixin.py:188} INFO - [2026-03-01T08:30:06.676+0000] {dag.py:3036} INFO - Sync 1 DAGs
[2026-03-01T08:30:06.683+0000] {logging_mixin.py:188} INFO - [2026-03-01T08:30:06.683+0000] {dag.py:3823} INFO - Setting next_dagrun for example_kubernetes_executor to None, run_after=None
[2026-03-01T08:30:06.695+0000] {processor.py:183} INFO - Processing /home/airflow/.local/lib/python3.8/site-packages/airflow/example_dags/example_kubernetes_executor.py took 0.059 seconds
