[2026-03-01T08:07:48.180+0000] {processor.py:161} INFO - Started process (PID=78) to work on /home/airflow/.local/lib/python3.8/site-packages/airflow/example_dags/example_complex.py
[2026-03-01T08:07:48.181+0000] {processor.py:830} INFO - Processing file /home/airflow/.local/lib/python3.8/site-packages/airflow/example_dags/example_complex.py for tasks to queue
[2026-03-01T08:07:48.183+0000] {logging_mixin.py:188} INFO - [2026-03-01T08:07:48.183+0000] {dagbag.py:538} INFO - Filling up the DagBag from /home/airflow/.local/lib/python3.8/site-packages/airflow/example_dags/example_complex.py
[2026-03-01T08:07:48.193+0000] {processor.py:840} INFO - DAG(s) 'example_complex' retrieved from /home/airflow/.local/lib/python3.8/site-packages/airflow/example_dags/example_complex.py
[2026-03-01T08:07:48.280+0000] {logging_mixin.py:188} INFO - [2026-03-01T08:07:48.280+0000] {override.py:1769} INFO - Created Permission View: can edit on DAG:example_complex
[2026-03-01T08:07:48.291+0000] {logging_mixin.py:188} INFO - [2026-03-01T08:07:48.290+0000] {override.py:1769} INFO - Created Permission View: can delete on DAG:example_complex
[2026-03-01T08:07:48.297+0000] {logging_mixin.py:188} INFO - [2026-03-01T08:07:48.296+0000] {override.py:1769} INFO - Created Permission View: can read on DAG:example_complex
[2026-03-01T08:07:48.297+0000] {logging_mixin.py:188} INFO - [2026-03-01T08:07:48.297+0000] {dag.py:3036} INFO - Sync 1 DAGs
[2026-03-01T08:07:48.308+0000] {logging_mixin.py:188} INFO - [2026-03-01T08:07:48.308+0000] {dag.py:3058} INFO - Creating ORM DAG for example_complex
[2026-03-01T08:07:48.309+0000] {logging_mixin.py:188} INFO - [2026-03-01T08:07:48.309+0000] {dag.py:3823} INFO - Setting next_dagrun for example_complex to None, run_after=None
[2026-03-01T08:07:48.329+0000] {processor.py:183} INFO - Processing /home/airflow/.local/lib/python3.8/site-packages/airflow/example_dags/example_complex.py took 0.153 seconds
[2026-03-01T08:08:18.420+0000] {processor.py:161} INFO - Started process (PID=134) to work on /home/airflow/.local/lib/python3.8/site-packages/airflow/example_dags/example_complex.py
[2026-03-01T08:08:18.421+0000] {processor.py:830} INFO - Processing file /home/airflow/.local/lib/python3.8/site-packages/airflow/example_dags/example_complex.py for tasks to queue
[2026-03-01T08:08:18.423+0000] {logging_mixin.py:188} INFO - [2026-03-01T08:08:18.423+0000] {dagbag.py:538} INFO - Filling up the DagBag from /home/airflow/.local/lib/python3.8/site-packages/airflow/example_dags/example_complex.py
[2026-03-01T08:08:18.431+0000] {processor.py:840} INFO - DAG(s) 'example_complex' retrieved from /home/airflow/.local/lib/python3.8/site-packages/airflow/example_dags/example_complex.py
[2026-03-01T08:08:18.451+0000] {logging_mixin.py:188} INFO - [2026-03-01T08:08:18.451+0000] {dag.py:3036} INFO - Sync 1 DAGs
[2026-03-01T08:08:18.459+0000] {logging_mixin.py:188} INFO - [2026-03-01T08:08:18.459+0000] {dag.py:3823} INFO - Setting next_dagrun for example_complex to None, run_after=None
[2026-03-01T08:08:18.472+0000] {processor.py:183} INFO - Processing /home/airflow/.local/lib/python3.8/site-packages/airflow/example_dags/example_complex.py took 0.056 seconds
[2026-03-01T08:08:48.950+0000] {processor.py:161} INFO - Started process (PID=189) to work on /home/airflow/.local/lib/python3.8/site-packages/airflow/example_dags/example_complex.py
[2026-03-01T08:08:48.951+0000] {processor.py:830} INFO - Processing file /home/airflow/.local/lib/python3.8/site-packages/airflow/example_dags/example_complex.py for tasks to queue
[2026-03-01T08:08:48.953+0000] {logging_mixin.py:188} INFO - [2026-03-01T08:08:48.953+0000] {dagbag.py:538} INFO - Filling up the DagBag from /home/airflow/.local/lib/python3.8/site-packages/airflow/example_dags/example_complex.py
[2026-03-01T08:08:48.959+0000] {processor.py:840} INFO - DAG(s) 'example_complex' retrieved from /home/airflow/.local/lib/python3.8/site-packages/airflow/example_dags/example_complex.py
[2026-03-01T08:08:48.982+0000] {logging_mixin.py:188} INFO - [2026-03-01T08:08:48.982+0000] {dag.py:3036} INFO - Sync 1 DAGs
[2026-03-01T08:08:48.991+0000] {logging_mixin.py:188} INFO - [2026-03-01T08:08:48.991+0000] {dag.py:3823} INFO - Setting next_dagrun for example_complex to None, run_after=None
[2026-03-01T08:08:49.006+0000] {processor.py:183} INFO - Processing /home/airflow/.local/lib/python3.8/site-packages/airflow/example_dags/example_complex.py took 0.059 seconds
[2026-03-01T08:09:19.323+0000] {processor.py:161} INFO - Started process (PID=244) to work on /home/airflow/.local/lib/python3.8/site-packages/airflow/example_dags/example_complex.py
[2026-03-01T08:09:19.324+0000] {processor.py:830} INFO - Processing file /home/airflow/.local/lib/python3.8/site-packages/airflow/example_dags/example_complex.py for tasks to queue
[2026-03-01T08:09:19.325+0000] {logging_mixin.py:188} INFO - [2026-03-01T08:09:19.325+0000] {dagbag.py:538} INFO - Filling up the DagBag from /home/airflow/.local/lib/python3.8/site-packages/airflow/example_dags/example_complex.py
[2026-03-01T08:09:19.333+0000] {processor.py:840} INFO - DAG(s) 'example_complex' retrieved from /home/airflow/.local/lib/python3.8/site-packages/airflow/example_dags/example_complex.py
[2026-03-01T08:09:19.360+0000] {logging_mixin.py:188} INFO - [2026-03-01T08:09:19.359+0000] {dag.py:3036} INFO - Sync 1 DAGs
[2026-03-01T08:09:19.370+0000] {logging_mixin.py:188} INFO - [2026-03-01T08:09:19.370+0000] {dag.py:3823} INFO - Setting next_dagrun for example_complex to None, run_after=None
[2026-03-01T08:09:19.387+0000] {processor.py:183} INFO - Processing /home/airflow/.local/lib/python3.8/site-packages/airflow/example_dags/example_complex.py took 0.067 seconds
[2026-03-01T08:09:49.724+0000] {processor.py:161} INFO - Started process (PID=305) to work on /home/airflow/.local/lib/python3.8/site-packages/airflow/example_dags/example_complex.py
[2026-03-01T08:09:49.725+0000] {processor.py:830} INFO - Processing file /home/airflow/.local/lib/python3.8/site-packages/airflow/example_dags/example_complex.py for tasks to queue
[2026-03-01T08:09:49.727+0000] {logging_mixin.py:188} INFO - [2026-03-01T08:09:49.727+0000] {dagbag.py:538} INFO - Filling up the DagBag from /home/airflow/.local/lib/python3.8/site-packages/airflow/example_dags/example_complex.py
[2026-03-01T08:09:49.734+0000] {processor.py:840} INFO - DAG(s) 'example_complex' retrieved from /home/airflow/.local/lib/python3.8/site-packages/airflow/example_dags/example_complex.py
[2026-03-01T08:09:49.753+0000] {logging_mixin.py:188} INFO - [2026-03-01T08:09:49.752+0000] {dag.py:3036} INFO - Sync 1 DAGs
[2026-03-01T08:09:49.761+0000] {logging_mixin.py:188} INFO - [2026-03-01T08:09:49.761+0000] {dag.py:3823} INFO - Setting next_dagrun for example_complex to None, run_after=None
[2026-03-01T08:09:49.784+0000] {processor.py:183} INFO - Processing /home/airflow/.local/lib/python3.8/site-packages/airflow/example_dags/example_complex.py took 0.063 seconds
[2026-03-01T08:10:20.246+0000] {processor.py:161} INFO - Started process (PID=360) to work on /home/airflow/.local/lib/python3.8/site-packages/airflow/example_dags/example_complex.py
[2026-03-01T08:10:20.247+0000] {processor.py:830} INFO - Processing file /home/airflow/.local/lib/python3.8/site-packages/airflow/example_dags/example_complex.py for tasks to queue
[2026-03-01T08:10:20.249+0000] {logging_mixin.py:188} INFO - [2026-03-01T08:10:20.249+0000] {dagbag.py:538} INFO - Filling up the DagBag from /home/airflow/.local/lib/python3.8/site-packages/airflow/example_dags/example_complex.py
[2026-03-01T08:10:20.256+0000] {processor.py:840} INFO - DAG(s) 'example_complex' retrieved from /home/airflow/.local/lib/python3.8/site-packages/airflow/example_dags/example_complex.py
[2026-03-01T08:10:20.274+0000] {logging_mixin.py:188} INFO - [2026-03-01T08:10:20.273+0000] {dag.py:3036} INFO - Sync 1 DAGs
[2026-03-01T08:10:20.281+0000] {logging_mixin.py:188} INFO - [2026-03-01T08:10:20.281+0000] {dag.py:3823} INFO - Setting next_dagrun for example_complex to None, run_after=None
[2026-03-01T08:10:20.295+0000] {processor.py:183} INFO - Processing /home/airflow/.local/lib/python3.8/site-packages/airflow/example_dags/example_complex.py took 0.052 seconds
[2026-03-01T08:10:50.837+0000] {processor.py:161} INFO - Started process (PID=415) to work on /home/airflow/.local/lib/python3.8/site-packages/airflow/example_dags/example_complex.py
[2026-03-01T08:10:50.838+0000] {processor.py:830} INFO - Processing file /home/airflow/.local/lib/python3.8/site-packages/airflow/example_dags/example_complex.py for tasks to queue
[2026-03-01T08:10:50.840+0000] {logging_mixin.py:188} INFO - [2026-03-01T08:10:50.840+0000] {dagbag.py:538} INFO - Filling up the DagBag from /home/airflow/.local/lib/python3.8/site-packages/airflow/example_dags/example_complex.py
[2026-03-01T08:10:50.847+0000] {processor.py:840} INFO - DAG(s) 'example_complex' retrieved from /home/airflow/.local/lib/python3.8/site-packages/airflow/example_dags/example_complex.py
[2026-03-01T08:10:50.868+0000] {logging_mixin.py:188} INFO - [2026-03-01T08:10:50.868+0000] {dag.py:3036} INFO - Sync 1 DAGs
[2026-03-01T08:10:50.877+0000] {logging_mixin.py:188} INFO - [2026-03-01T08:10:50.877+0000] {dag.py:3823} INFO - Setting next_dagrun for example_complex to None, run_after=None
[2026-03-01T08:10:50.892+0000] {processor.py:183} INFO - Processing /home/airflow/.local/lib/python3.8/site-packages/airflow/example_dags/example_complex.py took 0.057 seconds
[2026-03-01T08:11:21.308+0000] {processor.py:161} INFO - Started process (PID=476) to work on /home/airflow/.local/lib/python3.8/site-packages/airflow/example_dags/example_complex.py
[2026-03-01T08:11:21.309+0000] {processor.py:830} INFO - Processing file /home/airflow/.local/lib/python3.8/site-packages/airflow/example_dags/example_complex.py for tasks to queue
[2026-03-01T08:11:21.310+0000] {logging_mixin.py:188} INFO - [2026-03-01T08:11:21.310+0000] {dagbag.py:538} INFO - Filling up the DagBag from /home/airflow/.local/lib/python3.8/site-packages/airflow/example_dags/example_complex.py
[2026-03-01T08:11:21.317+0000] {processor.py:840} INFO - DAG(s) 'example_complex' retrieved from /home/airflow/.local/lib/python3.8/site-packages/airflow/example_dags/example_complex.py
[2026-03-01T08:11:21.338+0000] {logging_mixin.py:188} INFO - [2026-03-01T08:11:21.338+0000] {dag.py:3036} INFO - Sync 1 DAGs
[2026-03-01T08:11:21.347+0000] {logging_mixin.py:188} INFO - [2026-03-01T08:11:21.347+0000] {dag.py:3823} INFO - Setting next_dagrun for example_complex to None, run_after=None
[2026-03-01T08:11:21.363+0000] {processor.py:183} INFO - Processing /home/airflow/.local/lib/python3.8/site-packages/airflow/example_dags/example_complex.py took 0.057 seconds
[2026-03-01T08:11:51.485+0000] {processor.py:161} INFO - Started process (PID=531) to work on /home/airflow/.local/lib/python3.8/site-packages/airflow/example_dags/example_complex.py
[2026-03-01T08:11:51.486+0000] {processor.py:830} INFO - Processing file /home/airflow/.local/lib/python3.8/site-packages/airflow/example_dags/example_complex.py for tasks to queue
[2026-03-01T08:11:51.488+0000] {logging_mixin.py:188} INFO - [2026-03-01T08:11:51.487+0000] {dagbag.py:538} INFO - Filling up the DagBag from /home/airflow/.local/lib/python3.8/site-packages/airflow/example_dags/example_complex.py
[2026-03-01T08:11:51.494+0000] {processor.py:840} INFO - DAG(s) 'example_complex' retrieved from /home/airflow/.local/lib/python3.8/site-packages/airflow/example_dags/example_complex.py
[2026-03-01T08:11:51.515+0000] {logging_mixin.py:188} INFO - [2026-03-01T08:11:51.514+0000] {dag.py:3036} INFO - Sync 1 DAGs
[2026-03-01T08:11:51.523+0000] {logging_mixin.py:188} INFO - [2026-03-01T08:11:51.523+0000] {dag.py:3823} INFO - Setting next_dagrun for example_complex to None, run_after=None
[2026-03-01T08:11:51.536+0000] {processor.py:183} INFO - Processing /home/airflow/.local/lib/python3.8/site-packages/airflow/example_dags/example_complex.py took 0.054 seconds
[2026-03-01T08:12:22.491+0000] {processor.py:161} INFO - Started process (PID=615) to work on /home/airflow/.local/lib/python3.8/site-packages/airflow/example_dags/example_complex.py
[2026-03-01T08:12:22.492+0000] {processor.py:830} INFO - Processing file /home/airflow/.local/lib/python3.8/site-packages/airflow/example_dags/example_complex.py for tasks to queue
[2026-03-01T08:12:22.494+0000] {logging_mixin.py:188} INFO - [2026-03-01T08:12:22.494+0000] {dagbag.py:538} INFO - Filling up the DagBag from /home/airflow/.local/lib/python3.8/site-packages/airflow/example_dags/example_complex.py
[2026-03-01T08:12:22.501+0000] {processor.py:840} INFO - DAG(s) 'example_complex' retrieved from /home/airflow/.local/lib/python3.8/site-packages/airflow/example_dags/example_complex.py
[2026-03-01T08:12:22.521+0000] {logging_mixin.py:188} INFO - [2026-03-01T08:12:22.520+0000] {dag.py:3036} INFO - Sync 1 DAGs
[2026-03-01T08:12:22.529+0000] {logging_mixin.py:188} INFO - [2026-03-01T08:12:22.529+0000] {dag.py:3823} INFO - Setting next_dagrun for example_complex to None, run_after=None
[2026-03-01T08:12:22.542+0000] {processor.py:183} INFO - Processing /home/airflow/.local/lib/python3.8/site-packages/airflow/example_dags/example_complex.py took 0.054 seconds
[2026-03-01T08:12:52.862+0000] {processor.py:161} INFO - Started process (PID=669) to work on /home/airflow/.local/lib/python3.8/site-packages/airflow/example_dags/example_complex.py
[2026-03-01T08:12:52.863+0000] {processor.py:830} INFO - Processing file /home/airflow/.local/lib/python3.8/site-packages/airflow/example_dags/example_complex.py for tasks to queue
[2026-03-01T08:12:52.864+0000] {logging_mixin.py:188} INFO - [2026-03-01T08:12:52.864+0000] {dagbag.py:538} INFO - Filling up the DagBag from /home/airflow/.local/lib/python3.8/site-packages/airflow/example_dags/example_complex.py
[2026-03-01T08:12:52.871+0000] {processor.py:840} INFO - DAG(s) 'example_complex' retrieved from /home/airflow/.local/lib/python3.8/site-packages/airflow/example_dags/example_complex.py
[2026-03-01T08:12:52.889+0000] {logging_mixin.py:188} INFO - [2026-03-01T08:12:52.889+0000] {dag.py:3036} INFO - Sync 1 DAGs
[2026-03-01T08:12:52.897+0000] {logging_mixin.py:188} INFO - [2026-03-01T08:12:52.897+0000] {dag.py:3823} INFO - Setting next_dagrun for example_complex to None, run_after=None
[2026-03-01T08:12:52.910+0000] {processor.py:183} INFO - Processing /home/airflow/.local/lib/python3.8/site-packages/airflow/example_dags/example_complex.py took 0.050 seconds
[2026-03-01T08:13:23.040+0000] {processor.py:161} INFO - Started process (PID=724) to work on /home/airflow/.local/lib/python3.8/site-packages/airflow/example_dags/example_complex.py
[2026-03-01T08:13:23.041+0000] {processor.py:830} INFO - Processing file /home/airflow/.local/lib/python3.8/site-packages/airflow/example_dags/example_complex.py for tasks to queue
[2026-03-01T08:13:23.043+0000] {logging_mixin.py:188} INFO - [2026-03-01T08:13:23.043+0000] {dagbag.py:538} INFO - Filling up the DagBag from /home/airflow/.local/lib/python3.8/site-packages/airflow/example_dags/example_complex.py
[2026-03-01T08:13:23.049+0000] {processor.py:840} INFO - DAG(s) 'example_complex' retrieved from /home/airflow/.local/lib/python3.8/site-packages/airflow/example_dags/example_complex.py
[2026-03-01T08:13:23.066+0000] {logging_mixin.py:188} INFO - [2026-03-01T08:13:23.066+0000] {dag.py:3036} INFO - Sync 1 DAGs
[2026-03-01T08:13:23.076+0000] {logging_mixin.py:188} INFO - [2026-03-01T08:13:23.076+0000] {dag.py:3823} INFO - Setting next_dagrun for example_complex to None, run_after=None
[2026-03-01T08:13:23.088+0000] {processor.py:183} INFO - Processing /home/airflow/.local/lib/python3.8/site-packages/airflow/example_dags/example_complex.py took 0.050 seconds
[2026-03-01T08:13:53.390+0000] {processor.py:161} INFO - Started process (PID=802) to work on /home/airflow/.local/lib/python3.8/site-packages/airflow/example_dags/example_complex.py
[2026-03-01T08:13:53.391+0000] {processor.py:830} INFO - Processing file /home/airflow/.local/lib/python3.8/site-packages/airflow/example_dags/example_complex.py for tasks to queue
[2026-03-01T08:13:53.393+0000] {logging_mixin.py:188} INFO - [2026-03-01T08:13:53.393+0000] {dagbag.py:538} INFO - Filling up the DagBag from /home/airflow/.local/lib/python3.8/site-packages/airflow/example_dags/example_complex.py
[2026-03-01T08:13:53.402+0000] {processor.py:840} INFO - DAG(s) 'example_complex' retrieved from /home/airflow/.local/lib/python3.8/site-packages/airflow/example_dags/example_complex.py
[2026-03-01T08:13:53.422+0000] {logging_mixin.py:188} INFO - [2026-03-01T08:13:53.421+0000] {dag.py:3036} INFO - Sync 1 DAGs
[2026-03-01T08:13:53.430+0000] {logging_mixin.py:188} INFO - [2026-03-01T08:13:53.430+0000] {dag.py:3823} INFO - Setting next_dagrun for example_complex to None, run_after=None
[2026-03-01T08:13:53.445+0000] {processor.py:183} INFO - Processing /home/airflow/.local/lib/python3.8/site-packages/airflow/example_dags/example_complex.py took 0.057 seconds
[2026-03-01T08:14:23.703+0000] {processor.py:161} INFO - Started process (PID=879) to work on /home/airflow/.local/lib/python3.8/site-packages/airflow/example_dags/example_complex.py
[2026-03-01T08:14:23.704+0000] {processor.py:830} INFO - Processing file /home/airflow/.local/lib/python3.8/site-packages/airflow/example_dags/example_complex.py for tasks to queue
[2026-03-01T08:14:23.705+0000] {logging_mixin.py:188} INFO - [2026-03-01T08:14:23.705+0000] {dagbag.py:538} INFO - Filling up the DagBag from /home/airflow/.local/lib/python3.8/site-packages/airflow/example_dags/example_complex.py
[2026-03-01T08:14:23.711+0000] {processor.py:840} INFO - DAG(s) 'example_complex' retrieved from /home/airflow/.local/lib/python3.8/site-packages/airflow/example_dags/example_complex.py
[2026-03-01T08:14:23.721+0000] {logging_mixin.py:188} INFO - [2026-03-01T08:14:23.721+0000] {dag.py:3036} INFO - Sync 1 DAGs
[2026-03-01T08:14:23.729+0000] {logging_mixin.py:188} INFO - [2026-03-01T08:14:23.729+0000] {dag.py:3823} INFO - Setting next_dagrun for example_complex to None, run_after=None
[2026-03-01T08:14:23.742+0000] {processor.py:183} INFO - Processing /home/airflow/.local/lib/python3.8/site-packages/airflow/example_dags/example_complex.py took 0.042 seconds
[2026-03-01T08:14:54.412+0000] {processor.py:161} INFO - Started process (PID=934) to work on /home/airflow/.local/lib/python3.8/site-packages/airflow/example_dags/example_complex.py
[2026-03-01T08:14:54.414+0000] {processor.py:830} INFO - Processing file /home/airflow/.local/lib/python3.8/site-packages/airflow/example_dags/example_complex.py for tasks to queue
[2026-03-01T08:14:54.417+0000] {logging_mixin.py:188} INFO - [2026-03-01T08:14:54.416+0000] {dagbag.py:538} INFO - Filling up the DagBag from /home/airflow/.local/lib/python3.8/site-packages/airflow/example_dags/example_complex.py
[2026-03-01T08:14:54.423+0000] {processor.py:840} INFO - DAG(s) 'example_complex' retrieved from /home/airflow/.local/lib/python3.8/site-packages/airflow/example_dags/example_complex.py
[2026-03-01T08:14:54.485+0000] {logging_mixin.py:188} INFO - [2026-03-01T08:14:54.485+0000] {dag.py:3036} INFO - Sync 1 DAGs
[2026-03-01T08:14:54.491+0000] {logging_mixin.py:188} INFO - [2026-03-01T08:14:54.491+0000] {dag.py:3823} INFO - Setting next_dagrun for example_complex to None, run_after=None
[2026-03-01T08:14:54.508+0000] {processor.py:183} INFO - Processing /home/airflow/.local/lib/python3.8/site-packages/airflow/example_dags/example_complex.py took 0.098 seconds
[2026-03-01T08:15:24.861+0000] {processor.py:161} INFO - Started process (PID=989) to work on /home/airflow/.local/lib/python3.8/site-packages/airflow/example_dags/example_complex.py
[2026-03-01T08:15:24.862+0000] {processor.py:830} INFO - Processing file /home/airflow/.local/lib/python3.8/site-packages/airflow/example_dags/example_complex.py for tasks to queue
[2026-03-01T08:15:24.864+0000] {logging_mixin.py:188} INFO - [2026-03-01T08:15:24.864+0000] {dagbag.py:538} INFO - Filling up the DagBag from /home/airflow/.local/lib/python3.8/site-packages/airflow/example_dags/example_complex.py
[2026-03-01T08:15:24.870+0000] {processor.py:840} INFO - DAG(s) 'example_complex' retrieved from /home/airflow/.local/lib/python3.8/site-packages/airflow/example_dags/example_complex.py
[2026-03-01T08:15:24.889+0000] {logging_mixin.py:188} INFO - [2026-03-01T08:15:24.889+0000] {dag.py:3036} INFO - Sync 1 DAGs
[2026-03-01T08:15:24.897+0000] {logging_mixin.py:188} INFO - [2026-03-01T08:15:24.897+0000] {dag.py:3823} INFO - Setting next_dagrun for example_complex to None, run_after=None
[2026-03-01T08:15:24.910+0000] {processor.py:183} INFO - Processing /home/airflow/.local/lib/python3.8/site-packages/airflow/example_dags/example_complex.py took 0.051 seconds
[2026-03-01T08:15:55.112+0000] {processor.py:161} INFO - Started process (PID=1044) to work on /home/airflow/.local/lib/python3.8/site-packages/airflow/example_dags/example_complex.py
[2026-03-01T08:15:55.113+0000] {processor.py:830} INFO - Processing file /home/airflow/.local/lib/python3.8/site-packages/airflow/example_dags/example_complex.py for tasks to queue
[2026-03-01T08:15:55.115+0000] {logging_mixin.py:188} INFO - [2026-03-01T08:15:55.114+0000] {dagbag.py:538} INFO - Filling up the DagBag from /home/airflow/.local/lib/python3.8/site-packages/airflow/example_dags/example_complex.py
[2026-03-01T08:15:55.121+0000] {processor.py:840} INFO - DAG(s) 'example_complex' retrieved from /home/airflow/.local/lib/python3.8/site-packages/airflow/example_dags/example_complex.py
[2026-03-01T08:15:55.141+0000] {logging_mixin.py:188} INFO - [2026-03-01T08:15:55.141+0000] {dag.py:3036} INFO - Sync 1 DAGs
[2026-03-01T08:15:55.149+0000] {logging_mixin.py:188} INFO - [2026-03-01T08:15:55.149+0000] {dag.py:3823} INFO - Setting next_dagrun for example_complex to None, run_after=None
[2026-03-01T08:15:55.165+0000] {processor.py:183} INFO - Processing /home/airflow/.local/lib/python3.8/site-packages/airflow/example_dags/example_complex.py took 0.056 seconds
[2026-03-01T08:16:25.502+0000] {processor.py:161} INFO - Started process (PID=1122) to work on /home/airflow/.local/lib/python3.8/site-packages/airflow/example_dags/example_complex.py
[2026-03-01T08:16:25.503+0000] {processor.py:830} INFO - Processing file /home/airflow/.local/lib/python3.8/site-packages/airflow/example_dags/example_complex.py for tasks to queue
[2026-03-01T08:16:25.505+0000] {logging_mixin.py:188} INFO - [2026-03-01T08:16:25.505+0000] {dagbag.py:538} INFO - Filling up the DagBag from /home/airflow/.local/lib/python3.8/site-packages/airflow/example_dags/example_complex.py
[2026-03-01T08:16:25.513+0000] {processor.py:840} INFO - DAG(s) 'example_complex' retrieved from /home/airflow/.local/lib/python3.8/site-packages/airflow/example_dags/example_complex.py
[2026-03-01T08:16:25.541+0000] {logging_mixin.py:188} INFO - [2026-03-01T08:16:25.541+0000] {dag.py:3036} INFO - Sync 1 DAGs
[2026-03-01T08:16:25.550+0000] {logging_mixin.py:188} INFO - [2026-03-01T08:16:25.549+0000] {dag.py:3823} INFO - Setting next_dagrun for example_complex to None, run_after=None
[2026-03-01T08:16:25.566+0000] {processor.py:183} INFO - Processing /home/airflow/.local/lib/python3.8/site-packages/airflow/example_dags/example_complex.py took 0.067 seconds
[2026-03-01T08:16:55.799+0000] {processor.py:161} INFO - Started process (PID=1183) to work on /home/airflow/.local/lib/python3.8/site-packages/airflow/example_dags/example_complex.py
[2026-03-01T08:16:55.800+0000] {processor.py:830} INFO - Processing file /home/airflow/.local/lib/python3.8/site-packages/airflow/example_dags/example_complex.py for tasks to queue
[2026-03-01T08:16:55.802+0000] {logging_mixin.py:188} INFO - [2026-03-01T08:16:55.801+0000] {dagbag.py:538} INFO - Filling up the DagBag from /home/airflow/.local/lib/python3.8/site-packages/airflow/example_dags/example_complex.py
[2026-03-01T08:16:55.809+0000] {processor.py:840} INFO - DAG(s) 'example_complex' retrieved from /home/airflow/.local/lib/python3.8/site-packages/airflow/example_dags/example_complex.py
[2026-03-01T08:16:55.829+0000] {logging_mixin.py:188} INFO - [2026-03-01T08:16:55.828+0000] {dag.py:3036} INFO - Sync 1 DAGs
[2026-03-01T08:16:55.837+0000] {logging_mixin.py:188} INFO - [2026-03-01T08:16:55.836+0000] {dag.py:3823} INFO - Setting next_dagrun for example_complex to None, run_after=None
[2026-03-01T08:16:55.850+0000] {processor.py:183} INFO - Processing /home/airflow/.local/lib/python3.8/site-packages/airflow/example_dags/example_complex.py took 0.054 seconds
[2026-03-01T08:17:26.080+0000] {processor.py:161} INFO - Started process (PID=1261) to work on /home/airflow/.local/lib/python3.8/site-packages/airflow/example_dags/example_complex.py
[2026-03-01T08:17:26.081+0000] {processor.py:830} INFO - Processing file /home/airflow/.local/lib/python3.8/site-packages/airflow/example_dags/example_complex.py for tasks to queue
[2026-03-01T08:17:26.082+0000] {logging_mixin.py:188} INFO - [2026-03-01T08:17:26.082+0000] {dagbag.py:538} INFO - Filling up the DagBag from /home/airflow/.local/lib/python3.8/site-packages/airflow/example_dags/example_complex.py
[2026-03-01T08:17:26.088+0000] {processor.py:840} INFO - DAG(s) 'example_complex' retrieved from /home/airflow/.local/lib/python3.8/site-packages/airflow/example_dags/example_complex.py
[2026-03-01T08:17:26.108+0000] {logging_mixin.py:188} INFO - [2026-03-01T08:17:26.108+0000] {dag.py:3036} INFO - Sync 1 DAGs
[2026-03-01T08:17:26.115+0000] {logging_mixin.py:188} INFO - [2026-03-01T08:17:26.115+0000] {dag.py:3823} INFO - Setting next_dagrun for example_complex to None, run_after=None
[2026-03-01T08:17:26.126+0000] {processor.py:183} INFO - Processing /home/airflow/.local/lib/python3.8/site-packages/airflow/example_dags/example_complex.py took 0.049 seconds
[2026-03-01T08:17:56.403+0000] {processor.py:161} INFO - Started process (PID=1317) to work on /home/airflow/.local/lib/python3.8/site-packages/airflow/example_dags/example_complex.py
[2026-03-01T08:17:56.404+0000] {processor.py:830} INFO - Processing file /home/airflow/.local/lib/python3.8/site-packages/airflow/example_dags/example_complex.py for tasks to queue
[2026-03-01T08:17:56.405+0000] {logging_mixin.py:188} INFO - [2026-03-01T08:17:56.405+0000] {dagbag.py:538} INFO - Filling up the DagBag from /home/airflow/.local/lib/python3.8/site-packages/airflow/example_dags/example_complex.py
[2026-03-01T08:17:56.412+0000] {processor.py:840} INFO - DAG(s) 'example_complex' retrieved from /home/airflow/.local/lib/python3.8/site-packages/airflow/example_dags/example_complex.py
[2026-03-01T08:17:56.431+0000] {logging_mixin.py:188} INFO - [2026-03-01T08:17:56.431+0000] {dag.py:3036} INFO - Sync 1 DAGs
[2026-03-01T08:17:56.438+0000] {logging_mixin.py:188} INFO - [2026-03-01T08:17:56.438+0000] {dag.py:3823} INFO - Setting next_dagrun for example_complex to None, run_after=None
[2026-03-01T08:17:56.453+0000] {processor.py:183} INFO - Processing /home/airflow/.local/lib/python3.8/site-packages/airflow/example_dags/example_complex.py took 0.052 seconds
[2026-03-01T08:18:26.874+0000] {processor.py:161} INFO - Started process (PID=1373) to work on /home/airflow/.local/lib/python3.8/site-packages/airflow/example_dags/example_complex.py
[2026-03-01T08:18:26.875+0000] {processor.py:830} INFO - Processing file /home/airflow/.local/lib/python3.8/site-packages/airflow/example_dags/example_complex.py for tasks to queue
[2026-03-01T08:18:26.877+0000] {logging_mixin.py:188} INFO - [2026-03-01T08:18:26.876+0000] {dagbag.py:538} INFO - Filling up the DagBag from /home/airflow/.local/lib/python3.8/site-packages/airflow/example_dags/example_complex.py
[2026-03-01T08:18:26.883+0000] {processor.py:840} INFO - DAG(s) 'example_complex' retrieved from /home/airflow/.local/lib/python3.8/site-packages/airflow/example_dags/example_complex.py
[2026-03-01T08:18:26.903+0000] {logging_mixin.py:188} INFO - [2026-03-01T08:18:26.903+0000] {dag.py:3036} INFO - Sync 1 DAGs
[2026-03-01T08:18:26.911+0000] {logging_mixin.py:188} INFO - [2026-03-01T08:18:26.911+0000] {dag.py:3823} INFO - Setting next_dagrun for example_complex to None, run_after=None
[2026-03-01T08:18:26.929+0000] {processor.py:183} INFO - Processing /home/airflow/.local/lib/python3.8/site-packages/airflow/example_dags/example_complex.py took 0.058 seconds
[2026-03-01T08:18:57.217+0000] {processor.py:161} INFO - Started process (PID=1429) to work on /home/airflow/.local/lib/python3.8/site-packages/airflow/example_dags/example_complex.py
[2026-03-01T08:18:57.218+0000] {processor.py:830} INFO - Processing file /home/airflow/.local/lib/python3.8/site-packages/airflow/example_dags/example_complex.py for tasks to queue
[2026-03-01T08:18:57.219+0000] {logging_mixin.py:188} INFO - [2026-03-01T08:18:57.219+0000] {dagbag.py:538} INFO - Filling up the DagBag from /home/airflow/.local/lib/python3.8/site-packages/airflow/example_dags/example_complex.py
[2026-03-01T08:18:57.227+0000] {processor.py:840} INFO - DAG(s) 'example_complex' retrieved from /home/airflow/.local/lib/python3.8/site-packages/airflow/example_dags/example_complex.py
[2026-03-01T08:18:57.245+0000] {logging_mixin.py:188} INFO - [2026-03-01T08:18:57.245+0000] {dag.py:3036} INFO - Sync 1 DAGs
[2026-03-01T08:18:57.253+0000] {logging_mixin.py:188} INFO - [2026-03-01T08:18:57.253+0000] {dag.py:3823} INFO - Setting next_dagrun for example_complex to None, run_after=None
[2026-03-01T08:18:57.265+0000] {processor.py:183} INFO - Processing /home/airflow/.local/lib/python3.8/site-packages/airflow/example_dags/example_complex.py took 0.051 seconds
[2026-03-01T08:19:27.458+0000] {processor.py:161} INFO - Started process (PID=1485) to work on /home/airflow/.local/lib/python3.8/site-packages/airflow/example_dags/example_complex.py
[2026-03-01T08:19:27.460+0000] {processor.py:830} INFO - Processing file /home/airflow/.local/lib/python3.8/site-packages/airflow/example_dags/example_complex.py for tasks to queue
[2026-03-01T08:19:27.461+0000] {logging_mixin.py:188} INFO - [2026-03-01T08:19:27.461+0000] {dagbag.py:538} INFO - Filling up the DagBag from /home/airflow/.local/lib/python3.8/site-packages/airflow/example_dags/example_complex.py
[2026-03-01T08:19:27.468+0000] {processor.py:840} INFO - DAG(s) 'example_complex' retrieved from /home/airflow/.local/lib/python3.8/site-packages/airflow/example_dags/example_complex.py
[2026-03-01T08:19:27.487+0000] {logging_mixin.py:188} INFO - [2026-03-01T08:19:27.487+0000] {dag.py:3036} INFO - Sync 1 DAGs
[2026-03-01T08:19:27.495+0000] {logging_mixin.py:188} INFO - [2026-03-01T08:19:27.495+0000] {dag.py:3823} INFO - Setting next_dagrun for example_complex to None, run_after=None
[2026-03-01T08:19:27.508+0000] {processor.py:183} INFO - Processing /home/airflow/.local/lib/python3.8/site-packages/airflow/example_dags/example_complex.py took 0.052 seconds
[2026-03-01T08:19:57.629+0000] {processor.py:161} INFO - Started process (PID=1541) to work on /home/airflow/.local/lib/python3.8/site-packages/airflow/example_dags/example_complex.py
[2026-03-01T08:19:57.630+0000] {processor.py:830} INFO - Processing file /home/airflow/.local/lib/python3.8/site-packages/airflow/example_dags/example_complex.py for tasks to queue
[2026-03-01T08:19:57.632+0000] {logging_mixin.py:188} INFO - [2026-03-01T08:19:57.632+0000] {dagbag.py:538} INFO - Filling up the DagBag from /home/airflow/.local/lib/python3.8/site-packages/airflow/example_dags/example_complex.py
[2026-03-01T08:19:57.639+0000] {processor.py:840} INFO - DAG(s) 'example_complex' retrieved from /home/airflow/.local/lib/python3.8/site-packages/airflow/example_dags/example_complex.py
[2026-03-01T08:19:57.658+0000] {logging_mixin.py:188} INFO - [2026-03-01T08:19:57.658+0000] {dag.py:3036} INFO - Sync 1 DAGs
[2026-03-01T08:19:57.667+0000] {logging_mixin.py:188} INFO - [2026-03-01T08:19:57.666+0000] {dag.py:3823} INFO - Setting next_dagrun for example_complex to None, run_after=None
[2026-03-01T08:19:57.680+0000] {processor.py:183} INFO - Processing /home/airflow/.local/lib/python3.8/site-packages/airflow/example_dags/example_complex.py took 0.053 seconds
[2026-03-01T08:20:27.995+0000] {processor.py:161} INFO - Started process (PID=1597) to work on /home/airflow/.local/lib/python3.8/site-packages/airflow/example_dags/example_complex.py
[2026-03-01T08:20:27.996+0000] {processor.py:830} INFO - Processing file /home/airflow/.local/lib/python3.8/site-packages/airflow/example_dags/example_complex.py for tasks to queue
[2026-03-01T08:20:27.998+0000] {logging_mixin.py:188} INFO - [2026-03-01T08:20:27.997+0000] {dagbag.py:538} INFO - Filling up the DagBag from /home/airflow/.local/lib/python3.8/site-packages/airflow/example_dags/example_complex.py
[2026-03-01T08:20:28.004+0000] {processor.py:840} INFO - DAG(s) 'example_complex' retrieved from /home/airflow/.local/lib/python3.8/site-packages/airflow/example_dags/example_complex.py
[2026-03-01T08:20:28.022+0000] {logging_mixin.py:188} INFO - [2026-03-01T08:20:28.022+0000] {dag.py:3036} INFO - Sync 1 DAGs
[2026-03-01T08:20:28.030+0000] {logging_mixin.py:188} INFO - [2026-03-01T08:20:28.029+0000] {dag.py:3823} INFO - Setting next_dagrun for example_complex to None, run_after=None
[2026-03-01T08:20:28.042+0000] {processor.py:183} INFO - Processing /home/airflow/.local/lib/python3.8/site-packages/airflow/example_dags/example_complex.py took 0.050 seconds
[2026-03-01T08:20:58.998+0000] {processor.py:161} INFO - Started process (PID=1653) to work on /home/airflow/.local/lib/python3.8/site-packages/airflow/example_dags/example_complex.py
[2026-03-01T08:20:58.999+0000] {processor.py:830} INFO - Processing file /home/airflow/.local/lib/python3.8/site-packages/airflow/example_dags/example_complex.py for tasks to queue
[2026-03-01T08:20:59.001+0000] {logging_mixin.py:188} INFO - [2026-03-01T08:20:59.001+0000] {dagbag.py:538} INFO - Filling up the DagBag from /home/airflow/.local/lib/python3.8/site-packages/airflow/example_dags/example_complex.py
[2026-03-01T08:20:59.009+0000] {processor.py:840} INFO - DAG(s) 'example_complex' retrieved from /home/airflow/.local/lib/python3.8/site-packages/airflow/example_dags/example_complex.py
[2026-03-01T08:20:59.030+0000] {logging_mixin.py:188} INFO - [2026-03-01T08:20:59.030+0000] {dag.py:3036} INFO - Sync 1 DAGs
[2026-03-01T08:20:59.038+0000] {logging_mixin.py:188} INFO - [2026-03-01T08:20:59.038+0000] {dag.py:3823} INFO - Setting next_dagrun for example_complex to None, run_after=None
[2026-03-01T08:20:59.052+0000] {processor.py:183} INFO - Processing /home/airflow/.local/lib/python3.8/site-packages/airflow/example_dags/example_complex.py took 0.057 seconds
[2026-03-01T08:21:29.245+0000] {processor.py:161} INFO - Started process (PID=1709) to work on /home/airflow/.local/lib/python3.8/site-packages/airflow/example_dags/example_complex.py
[2026-03-01T08:21:29.246+0000] {processor.py:830} INFO - Processing file /home/airflow/.local/lib/python3.8/site-packages/airflow/example_dags/example_complex.py for tasks to queue
[2026-03-01T08:21:29.247+0000] {logging_mixin.py:188} INFO - [2026-03-01T08:21:29.247+0000] {dagbag.py:538} INFO - Filling up the DagBag from /home/airflow/.local/lib/python3.8/site-packages/airflow/example_dags/example_complex.py
[2026-03-01T08:21:29.253+0000] {processor.py:840} INFO - DAG(s) 'example_complex' retrieved from /home/airflow/.local/lib/python3.8/site-packages/airflow/example_dags/example_complex.py
[2026-03-01T08:21:29.272+0000] {logging_mixin.py:188} INFO - [2026-03-01T08:21:29.272+0000] {dag.py:3036} INFO - Sync 1 DAGs
[2026-03-01T08:21:29.279+0000] {logging_mixin.py:188} INFO - [2026-03-01T08:21:29.279+0000] {dag.py:3823} INFO - Setting next_dagrun for example_complex to None, run_after=None
[2026-03-01T08:21:29.292+0000] {processor.py:183} INFO - Processing /home/airflow/.local/lib/python3.8/site-packages/airflow/example_dags/example_complex.py took 0.050 seconds
[2026-03-01T08:21:59.691+0000] {processor.py:161} INFO - Started process (PID=1765) to work on /home/airflow/.local/lib/python3.8/site-packages/airflow/example_dags/example_complex.py
[2026-03-01T08:21:59.692+0000] {processor.py:830} INFO - Processing file /home/airflow/.local/lib/python3.8/site-packages/airflow/example_dags/example_complex.py for tasks to queue
[2026-03-01T08:21:59.693+0000] {logging_mixin.py:188} INFO - [2026-03-01T08:21:59.693+0000] {dagbag.py:538} INFO - Filling up the DagBag from /home/airflow/.local/lib/python3.8/site-packages/airflow/example_dags/example_complex.py
[2026-03-01T08:21:59.700+0000] {processor.py:840} INFO - DAG(s) 'example_complex' retrieved from /home/airflow/.local/lib/python3.8/site-packages/airflow/example_dags/example_complex.py
[2026-03-01T08:21:59.718+0000] {logging_mixin.py:188} INFO - [2026-03-01T08:21:59.718+0000] {dag.py:3036} INFO - Sync 1 DAGs
[2026-03-01T08:21:59.726+0000] {logging_mixin.py:188} INFO - [2026-03-01T08:21:59.726+0000] {dag.py:3823} INFO - Setting next_dagrun for example_complex to None, run_after=None
[2026-03-01T08:21:59.738+0000] {processor.py:183} INFO - Processing /home/airflow/.local/lib/python3.8/site-packages/airflow/example_dags/example_complex.py took 0.049 seconds
[2026-03-01T08:22:30.021+0000] {processor.py:161} INFO - Started process (PID=1821) to work on /home/airflow/.local/lib/python3.8/site-packages/airflow/example_dags/example_complex.py
[2026-03-01T08:22:30.022+0000] {processor.py:830} INFO - Processing file /home/airflow/.local/lib/python3.8/site-packages/airflow/example_dags/example_complex.py for tasks to queue
[2026-03-01T08:22:30.024+0000] {logging_mixin.py:188} INFO - [2026-03-01T08:22:30.024+0000] {dagbag.py:538} INFO - Filling up the DagBag from /home/airflow/.local/lib/python3.8/site-packages/airflow/example_dags/example_complex.py
[2026-03-01T08:22:30.030+0000] {processor.py:840} INFO - DAG(s) 'example_complex' retrieved from /home/airflow/.local/lib/python3.8/site-packages/airflow/example_dags/example_complex.py
[2026-03-01T08:22:30.050+0000] {logging_mixin.py:188} INFO - [2026-03-01T08:22:30.050+0000] {dag.py:3036} INFO - Sync 1 DAGs
[2026-03-01T08:22:30.059+0000] {logging_mixin.py:188} INFO - [2026-03-01T08:22:30.059+0000] {dag.py:3823} INFO - Setting next_dagrun for example_complex to None, run_after=None
[2026-03-01T08:22:30.075+0000] {processor.py:183} INFO - Processing /home/airflow/.local/lib/python3.8/site-packages/airflow/example_dags/example_complex.py took 0.056 seconds
[2026-03-01T08:23:00.480+0000] {processor.py:161} INFO - Started process (PID=1877) to work on /home/airflow/.local/lib/python3.8/site-packages/airflow/example_dags/example_complex.py
[2026-03-01T08:23:00.481+0000] {processor.py:830} INFO - Processing file /home/airflow/.local/lib/python3.8/site-packages/airflow/example_dags/example_complex.py for tasks to queue
[2026-03-01T08:23:00.484+0000] {logging_mixin.py:188} INFO - [2026-03-01T08:23:00.483+0000] {dagbag.py:538} INFO - Filling up the DagBag from /home/airflow/.local/lib/python3.8/site-packages/airflow/example_dags/example_complex.py
[2026-03-01T08:23:00.491+0000] {processor.py:840} INFO - DAG(s) 'example_complex' retrieved from /home/airflow/.local/lib/python3.8/site-packages/airflow/example_dags/example_complex.py
[2026-03-01T08:23:00.510+0000] {logging_mixin.py:188} INFO - [2026-03-01T08:23:00.510+0000] {dag.py:3036} INFO - Sync 1 DAGs
[2026-03-01T08:23:00.518+0000] {logging_mixin.py:188} INFO - [2026-03-01T08:23:00.517+0000] {dag.py:3823} INFO - Setting next_dagrun for example_complex to None, run_after=None
[2026-03-01T08:23:00.533+0000] {processor.py:183} INFO - Processing /home/airflow/.local/lib/python3.8/site-packages/airflow/example_dags/example_complex.py took 0.055 seconds
[2026-03-01T08:23:30.654+0000] {processor.py:161} INFO - Started process (PID=1933) to work on /home/airflow/.local/lib/python3.8/site-packages/airflow/example_dags/example_complex.py
[2026-03-01T08:23:30.655+0000] {processor.py:830} INFO - Processing file /home/airflow/.local/lib/python3.8/site-packages/airflow/example_dags/example_complex.py for tasks to queue
[2026-03-01T08:23:30.657+0000] {logging_mixin.py:188} INFO - [2026-03-01T08:23:30.656+0000] {dagbag.py:538} INFO - Filling up the DagBag from /home/airflow/.local/lib/python3.8/site-packages/airflow/example_dags/example_complex.py
[2026-03-01T08:23:30.663+0000] {processor.py:840} INFO - DAG(s) 'example_complex' retrieved from /home/airflow/.local/lib/python3.8/site-packages/airflow/example_dags/example_complex.py
[2026-03-01T08:23:30.685+0000] {logging_mixin.py:188} INFO - [2026-03-01T08:23:30.685+0000] {dag.py:3036} INFO - Sync 1 DAGs
[2026-03-01T08:23:30.693+0000] {logging_mixin.py:188} INFO - [2026-03-01T08:23:30.693+0000] {dag.py:3823} INFO - Setting next_dagrun for example_complex to None, run_after=None
[2026-03-01T08:23:30.707+0000] {processor.py:183} INFO - Processing /home/airflow/.local/lib/python3.8/site-packages/airflow/example_dags/example_complex.py took 0.056 seconds
[2026-03-01T08:24:00.968+0000] {processor.py:161} INFO - Started process (PID=1989) to work on /home/airflow/.local/lib/python3.8/site-packages/airflow/example_dags/example_complex.py
[2026-03-01T08:24:00.969+0000] {processor.py:830} INFO - Processing file /home/airflow/.local/lib/python3.8/site-packages/airflow/example_dags/example_complex.py for tasks to queue
[2026-03-01T08:24:00.971+0000] {logging_mixin.py:188} INFO - [2026-03-01T08:24:00.970+0000] {dagbag.py:538} INFO - Filling up the DagBag from /home/airflow/.local/lib/python3.8/site-packages/airflow/example_dags/example_complex.py
[2026-03-01T08:24:00.977+0000] {processor.py:840} INFO - DAG(s) 'example_complex' retrieved from /home/airflow/.local/lib/python3.8/site-packages/airflow/example_dags/example_complex.py
[2026-03-01T08:24:00.996+0000] {logging_mixin.py:188} INFO - [2026-03-01T08:24:00.996+0000] {dag.py:3036} INFO - Sync 1 DAGs
[2026-03-01T08:24:01.004+0000] {logging_mixin.py:188} INFO - [2026-03-01T08:24:01.004+0000] {dag.py:3823} INFO - Setting next_dagrun for example_complex to None, run_after=None
[2026-03-01T08:24:01.018+0000] {processor.py:183} INFO - Processing /home/airflow/.local/lib/python3.8/site-packages/airflow/example_dags/example_complex.py took 0.053 seconds
[2026-03-01T08:24:31.236+0000] {processor.py:161} INFO - Started process (PID=2045) to work on /home/airflow/.local/lib/python3.8/site-packages/airflow/example_dags/example_complex.py
[2026-03-01T08:24:31.237+0000] {processor.py:830} INFO - Processing file /home/airflow/.local/lib/python3.8/site-packages/airflow/example_dags/example_complex.py for tasks to queue
[2026-03-01T08:24:31.239+0000] {logging_mixin.py:188} INFO - [2026-03-01T08:24:31.239+0000] {dagbag.py:538} INFO - Filling up the DagBag from /home/airflow/.local/lib/python3.8/site-packages/airflow/example_dags/example_complex.py
[2026-03-01T08:24:31.246+0000] {processor.py:840} INFO - DAG(s) 'example_complex' retrieved from /home/airflow/.local/lib/python3.8/site-packages/airflow/example_dags/example_complex.py
[2026-03-01T08:24:31.267+0000] {logging_mixin.py:188} INFO - [2026-03-01T08:24:31.267+0000] {dag.py:3036} INFO - Sync 1 DAGs
[2026-03-01T08:24:31.275+0000] {logging_mixin.py:188} INFO - [2026-03-01T08:24:31.274+0000] {dag.py:3823} INFO - Setting next_dagrun for example_complex to None, run_after=None
[2026-03-01T08:24:31.288+0000] {processor.py:183} INFO - Processing /home/airflow/.local/lib/python3.8/site-packages/airflow/example_dags/example_complex.py took 0.054 seconds
[2026-03-01T08:25:01.499+0000] {processor.py:161} INFO - Started process (PID=2105) to work on /home/airflow/.local/lib/python3.8/site-packages/airflow/example_dags/example_complex.py
[2026-03-01T08:25:01.500+0000] {processor.py:830} INFO - Processing file /home/airflow/.local/lib/python3.8/site-packages/airflow/example_dags/example_complex.py for tasks to queue
[2026-03-01T08:25:01.502+0000] {logging_mixin.py:188} INFO - [2026-03-01T08:25:01.502+0000] {dagbag.py:538} INFO - Filling up the DagBag from /home/airflow/.local/lib/python3.8/site-packages/airflow/example_dags/example_complex.py
[2026-03-01T08:25:01.508+0000] {processor.py:840} INFO - DAG(s) 'example_complex' retrieved from /home/airflow/.local/lib/python3.8/site-packages/airflow/example_dags/example_complex.py
[2026-03-01T08:25:01.529+0000] {logging_mixin.py:188} INFO - [2026-03-01T08:25:01.529+0000] {dag.py:3036} INFO - Sync 1 DAGs
[2026-03-01T08:25:01.537+0000] {logging_mixin.py:188} INFO - [2026-03-01T08:25:01.537+0000] {dag.py:3823} INFO - Setting next_dagrun for example_complex to None, run_after=None
[2026-03-01T08:25:01.551+0000] {processor.py:183} INFO - Processing /home/airflow/.local/lib/python3.8/site-packages/airflow/example_dags/example_complex.py took 0.055 seconds
[2026-03-01T08:25:31.775+0000] {processor.py:161} INFO - Started process (PID=2161) to work on /home/airflow/.local/lib/python3.8/site-packages/airflow/example_dags/example_complex.py
[2026-03-01T08:25:31.776+0000] {processor.py:830} INFO - Processing file /home/airflow/.local/lib/python3.8/site-packages/airflow/example_dags/example_complex.py for tasks to queue
[2026-03-01T08:25:31.778+0000] {logging_mixin.py:188} INFO - [2026-03-01T08:25:31.778+0000] {dagbag.py:538} INFO - Filling up the DagBag from /home/airflow/.local/lib/python3.8/site-packages/airflow/example_dags/example_complex.py
[2026-03-01T08:25:31.784+0000] {processor.py:840} INFO - DAG(s) 'example_complex' retrieved from /home/airflow/.local/lib/python3.8/site-packages/airflow/example_dags/example_complex.py
[2026-03-01T08:25:31.802+0000] {logging_mixin.py:188} INFO - [2026-03-01T08:25:31.801+0000] {dag.py:3036} INFO - Sync 1 DAGs
[2026-03-01T08:25:31.810+0000] {logging_mixin.py:188} INFO - [2026-03-01T08:25:31.810+0000] {dag.py:3823} INFO - Setting next_dagrun for example_complex to None, run_after=None
[2026-03-01T08:25:31.825+0000] {processor.py:183} INFO - Processing /home/airflow/.local/lib/python3.8/site-packages/airflow/example_dags/example_complex.py took 0.052 seconds
[2026-03-01T08:26:01.908+0000] {processor.py:161} INFO - Started process (PID=2217) to work on /home/airflow/.local/lib/python3.8/site-packages/airflow/example_dags/example_complex.py
[2026-03-01T08:26:01.909+0000] {processor.py:830} INFO - Processing file /home/airflow/.local/lib/python3.8/site-packages/airflow/example_dags/example_complex.py for tasks to queue
[2026-03-01T08:26:01.910+0000] {logging_mixin.py:188} INFO - [2026-03-01T08:26:01.910+0000] {dagbag.py:538} INFO - Filling up the DagBag from /home/airflow/.local/lib/python3.8/site-packages/airflow/example_dags/example_complex.py
[2026-03-01T08:26:01.916+0000] {processor.py:840} INFO - DAG(s) 'example_complex' retrieved from /home/airflow/.local/lib/python3.8/site-packages/airflow/example_dags/example_complex.py
[2026-03-01T08:26:01.934+0000] {logging_mixin.py:188} INFO - [2026-03-01T08:26:01.934+0000] {dag.py:3036} INFO - Sync 1 DAGs
[2026-03-01T08:26:01.941+0000] {logging_mixin.py:188} INFO - [2026-03-01T08:26:01.941+0000] {dag.py:3823} INFO - Setting next_dagrun for example_complex to None, run_after=None
[2026-03-01T08:26:01.954+0000] {processor.py:183} INFO - Processing /home/airflow/.local/lib/python3.8/site-packages/airflow/example_dags/example_complex.py took 0.048 seconds
[2026-03-01T08:26:32.379+0000] {processor.py:161} INFO - Started process (PID=2273) to work on /home/airflow/.local/lib/python3.8/site-packages/airflow/example_dags/example_complex.py
[2026-03-01T08:26:32.380+0000] {processor.py:830} INFO - Processing file /home/airflow/.local/lib/python3.8/site-packages/airflow/example_dags/example_complex.py for tasks to queue
[2026-03-01T08:26:32.382+0000] {logging_mixin.py:188} INFO - [2026-03-01T08:26:32.382+0000] {dagbag.py:538} INFO - Filling up the DagBag from /home/airflow/.local/lib/python3.8/site-packages/airflow/example_dags/example_complex.py
[2026-03-01T08:26:32.389+0000] {processor.py:840} INFO - DAG(s) 'example_complex' retrieved from /home/airflow/.local/lib/python3.8/site-packages/airflow/example_dags/example_complex.py
[2026-03-01T08:26:32.408+0000] {logging_mixin.py:188} INFO - [2026-03-01T08:26:32.408+0000] {dag.py:3036} INFO - Sync 1 DAGs
[2026-03-01T08:26:32.416+0000] {logging_mixin.py:188} INFO - [2026-03-01T08:26:32.416+0000] {dag.py:3823} INFO - Setting next_dagrun for example_complex to None, run_after=None
[2026-03-01T08:26:32.430+0000] {processor.py:183} INFO - Processing /home/airflow/.local/lib/python3.8/site-packages/airflow/example_dags/example_complex.py took 0.053 seconds
[2026-03-01T08:27:02.718+0000] {processor.py:161} INFO - Started process (PID=2329) to work on /home/airflow/.local/lib/python3.8/site-packages/airflow/example_dags/example_complex.py
[2026-03-01T08:27:02.719+0000] {processor.py:830} INFO - Processing file /home/airflow/.local/lib/python3.8/site-packages/airflow/example_dags/example_complex.py for tasks to queue
[2026-03-01T08:27:02.720+0000] {logging_mixin.py:188} INFO - [2026-03-01T08:27:02.720+0000] {dagbag.py:538} INFO - Filling up the DagBag from /home/airflow/.local/lib/python3.8/site-packages/airflow/example_dags/example_complex.py
[2026-03-01T08:27:02.726+0000] {processor.py:840} INFO - DAG(s) 'example_complex' retrieved from /home/airflow/.local/lib/python3.8/site-packages/airflow/example_dags/example_complex.py
[2026-03-01T08:27:02.745+0000] {logging_mixin.py:188} INFO - [2026-03-01T08:27:02.745+0000] {dag.py:3036} INFO - Sync 1 DAGs
[2026-03-01T08:27:02.753+0000] {logging_mixin.py:188} INFO - [2026-03-01T08:27:02.753+0000] {dag.py:3823} INFO - Setting next_dagrun for example_complex to None, run_after=None
[2026-03-01T08:27:02.766+0000] {processor.py:183} INFO - Processing /home/airflow/.local/lib/python3.8/site-packages/airflow/example_dags/example_complex.py took 0.050 seconds
[2026-03-01T08:27:32.996+0000] {processor.py:161} INFO - Started process (PID=2384) to work on /home/airflow/.local/lib/python3.8/site-packages/airflow/example_dags/example_complex.py
[2026-03-01T08:27:32.996+0000] {processor.py:830} INFO - Processing file /home/airflow/.local/lib/python3.8/site-packages/airflow/example_dags/example_complex.py for tasks to queue
[2026-03-01T08:27:32.998+0000] {logging_mixin.py:188} INFO - [2026-03-01T08:27:32.998+0000] {dagbag.py:538} INFO - Filling up the DagBag from /home/airflow/.local/lib/python3.8/site-packages/airflow/example_dags/example_complex.py
[2026-03-01T08:27:33.004+0000] {processor.py:840} INFO - DAG(s) 'example_complex' retrieved from /home/airflow/.local/lib/python3.8/site-packages/airflow/example_dags/example_complex.py
[2026-03-01T08:27:33.021+0000] {logging_mixin.py:188} INFO - [2026-03-01T08:27:33.021+0000] {dag.py:3036} INFO - Sync 1 DAGs
[2026-03-01T08:27:33.028+0000] {logging_mixin.py:188} INFO - [2026-03-01T08:27:33.028+0000] {dag.py:3823} INFO - Setting next_dagrun for example_complex to None, run_after=None
[2026-03-01T08:27:33.039+0000] {processor.py:183} INFO - Processing /home/airflow/.local/lib/python3.8/site-packages/airflow/example_dags/example_complex.py took 0.046 seconds
[2026-03-01T08:28:03.193+0000] {processor.py:161} INFO - Started process (PID=2439) to work on /home/airflow/.local/lib/python3.8/site-packages/airflow/example_dags/example_complex.py
[2026-03-01T08:28:03.194+0000] {processor.py:830} INFO - Processing file /home/airflow/.local/lib/python3.8/site-packages/airflow/example_dags/example_complex.py for tasks to queue
[2026-03-01T08:28:03.195+0000] {logging_mixin.py:188} INFO - [2026-03-01T08:28:03.195+0000] {dagbag.py:538} INFO - Filling up the DagBag from /home/airflow/.local/lib/python3.8/site-packages/airflow/example_dags/example_complex.py
[2026-03-01T08:28:03.202+0000] {processor.py:840} INFO - DAG(s) 'example_complex' retrieved from /home/airflow/.local/lib/python3.8/site-packages/airflow/example_dags/example_complex.py
[2026-03-01T08:28:03.221+0000] {logging_mixin.py:188} INFO - [2026-03-01T08:28:03.221+0000] {dag.py:3036} INFO - Sync 1 DAGs
[2026-03-01T08:28:03.229+0000] {logging_mixin.py:188} INFO - [2026-03-01T08:28:03.229+0000] {dag.py:3823} INFO - Setting next_dagrun for example_complex to None, run_after=None
[2026-03-01T08:28:03.242+0000] {processor.py:183} INFO - Processing /home/airflow/.local/lib/python3.8/site-packages/airflow/example_dags/example_complex.py took 0.052 seconds
[2026-03-01T08:28:33.372+0000] {processor.py:161} INFO - Started process (PID=2494) to work on /home/airflow/.local/lib/python3.8/site-packages/airflow/example_dags/example_complex.py
[2026-03-01T08:28:33.373+0000] {processor.py:830} INFO - Processing file /home/airflow/.local/lib/python3.8/site-packages/airflow/example_dags/example_complex.py for tasks to queue
[2026-03-01T08:28:33.374+0000] {logging_mixin.py:188} INFO - [2026-03-01T08:28:33.374+0000] {dagbag.py:538} INFO - Filling up the DagBag from /home/airflow/.local/lib/python3.8/site-packages/airflow/example_dags/example_complex.py
[2026-03-01T08:28:33.381+0000] {processor.py:840} INFO - DAG(s) 'example_complex' retrieved from /home/airflow/.local/lib/python3.8/site-packages/airflow/example_dags/example_complex.py
[2026-03-01T08:28:33.399+0000] {logging_mixin.py:188} INFO - [2026-03-01T08:28:33.399+0000] {dag.py:3036} INFO - Sync 1 DAGs
[2026-03-01T08:28:33.408+0000] {logging_mixin.py:188} INFO - [2026-03-01T08:28:33.407+0000] {dag.py:3823} INFO - Setting next_dagrun for example_complex to None, run_after=None
[2026-03-01T08:28:33.420+0000] {processor.py:183} INFO - Processing /home/airflow/.local/lib/python3.8/site-packages/airflow/example_dags/example_complex.py took 0.051 seconds
[2026-03-01T08:29:03.727+0000] {processor.py:161} INFO - Started process (PID=2550) to work on /home/airflow/.local/lib/python3.8/site-packages/airflow/example_dags/example_complex.py
[2026-03-01T08:29:03.729+0000] {processor.py:830} INFO - Processing file /home/airflow/.local/lib/python3.8/site-packages/airflow/example_dags/example_complex.py for tasks to queue
[2026-03-01T08:29:03.730+0000] {logging_mixin.py:188} INFO - [2026-03-01T08:29:03.730+0000] {dagbag.py:538} INFO - Filling up the DagBag from /home/airflow/.local/lib/python3.8/site-packages/airflow/example_dags/example_complex.py
[2026-03-01T08:29:03.737+0000] {processor.py:840} INFO - DAG(s) 'example_complex' retrieved from /home/airflow/.local/lib/python3.8/site-packages/airflow/example_dags/example_complex.py
[2026-03-01T08:29:03.755+0000] {logging_mixin.py:188} INFO - [2026-03-01T08:29:03.755+0000] {dag.py:3036} INFO - Sync 1 DAGs
[2026-03-01T08:29:03.762+0000] {logging_mixin.py:188} INFO - [2026-03-01T08:29:03.762+0000] {dag.py:3823} INFO - Setting next_dagrun for example_complex to None, run_after=None
[2026-03-01T08:29:03.776+0000] {processor.py:183} INFO - Processing /home/airflow/.local/lib/python3.8/site-packages/airflow/example_dags/example_complex.py took 0.051 seconds
[2026-03-01T08:29:34.243+0000] {processor.py:161} INFO - Started process (PID=2606) to work on /home/airflow/.local/lib/python3.8/site-packages/airflow/example_dags/example_complex.py
[2026-03-01T08:29:34.245+0000] {processor.py:830} INFO - Processing file /home/airflow/.local/lib/python3.8/site-packages/airflow/example_dags/example_complex.py for tasks to queue
[2026-03-01T08:29:34.246+0000] {logging_mixin.py:188} INFO - [2026-03-01T08:29:34.246+0000] {dagbag.py:538} INFO - Filling up the DagBag from /home/airflow/.local/lib/python3.8/site-packages/airflow/example_dags/example_complex.py
[2026-03-01T08:29:34.254+0000] {processor.py:840} INFO - DAG(s) 'example_complex' retrieved from /home/airflow/.local/lib/python3.8/site-packages/airflow/example_dags/example_complex.py
[2026-03-01T08:29:34.275+0000] {logging_mixin.py:188} INFO - [2026-03-01T08:29:34.274+0000] {dag.py:3036} INFO - Sync 1 DAGs
[2026-03-01T08:29:34.283+0000] {logging_mixin.py:188} INFO - [2026-03-01T08:29:34.283+0000] {dag.py:3823} INFO - Setting next_dagrun for example_complex to None, run_after=None
[2026-03-01T08:29:34.297+0000] {processor.py:183} INFO - Processing /home/airflow/.local/lib/python3.8/site-packages/airflow/example_dags/example_complex.py took 0.056 seconds
[2026-03-01T08:30:04.994+0000] {processor.py:161} INFO - Started process (PID=2662) to work on /home/airflow/.local/lib/python3.8/site-packages/airflow/example_dags/example_complex.py
[2026-03-01T08:30:04.995+0000] {processor.py:830} INFO - Processing file /home/airflow/.local/lib/python3.8/site-packages/airflow/example_dags/example_complex.py for tasks to queue
[2026-03-01T08:30:04.997+0000] {logging_mixin.py:188} INFO - [2026-03-01T08:30:04.997+0000] {dagbag.py:538} INFO - Filling up the DagBag from /home/airflow/.local/lib/python3.8/site-packages/airflow/example_dags/example_complex.py
[2026-03-01T08:30:05.003+0000] {processor.py:840} INFO - DAG(s) 'example_complex' retrieved from /home/airflow/.local/lib/python3.8/site-packages/airflow/example_dags/example_complex.py
[2026-03-01T08:30:05.022+0000] {logging_mixin.py:188} INFO - [2026-03-01T08:30:05.021+0000] {dag.py:3036} INFO - Sync 1 DAGs
[2026-03-01T08:30:05.029+0000] {logging_mixin.py:188} INFO - [2026-03-01T08:30:05.028+0000] {dag.py:3823} INFO - Setting next_dagrun for example_complex to None, run_after=None
[2026-03-01T08:30:05.040+0000] {processor.py:183} INFO - Processing /home/airflow/.local/lib/python3.8/site-packages/airflow/example_dags/example_complex.py took 0.049 seconds
