[2026-03-01T08:07:47.452+0000] {processor.py:161} INFO - Started process (PID=71) to work on /home/airflow/.local/lib/python3.8/site-packages/airflow/example_dags/example_latest_only_with_trigger.py
[2026-03-01T08:07:47.454+0000] {processor.py:830} INFO - Processing file /home/airflow/.local/lib/python3.8/site-packages/airflow/example_dags/example_latest_only_with_trigger.py for tasks to queue
[2026-03-01T08:07:47.456+0000] {logging_mixin.py:188} INFO - [2026-03-01T08:07:47.456+0000] {dagbag.py:538} INFO - Filling up the DagBag from /home/airflow/.local/lib/python3.8/site-packages/airflow/example_dags/example_latest_only_with_trigger.py
[2026-03-01T08:07:47.465+0000] {processor.py:840} INFO - DAG(s) 'latest_only_with_trigger' retrieved from /home/airflow/.local/lib/python3.8/site-packages/airflow/example_dags/example_latest_only_with_trigger.py
[2026-03-01T08:07:47.549+0000] {logging_mixin.py:188} INFO - [2026-03-01T08:07:47.549+0000] {override.py:1769} INFO - Created Permission View: can edit on DAG:latest_only_with_trigger
[2026-03-01T08:07:47.558+0000] {logging_mixin.py:188} INFO - [2026-03-01T08:07:47.558+0000] {override.py:1769} INFO - Created Permission View: can delete on DAG:latest_only_with_trigger
[2026-03-01T08:07:47.564+0000] {logging_mixin.py:188} INFO - [2026-03-01T08:07:47.563+0000] {override.py:1769} INFO - Created Permission View: can read on DAG:latest_only_with_trigger
[2026-03-01T08:07:47.564+0000] {logging_mixin.py:188} INFO - [2026-03-01T08:07:47.564+0000] {dag.py:3036} INFO - Sync 1 DAGs
[2026-03-01T08:07:47.574+0000] {logging_mixin.py:188} INFO - [2026-03-01T08:07:47.574+0000] {dag.py:3058} INFO - Creating ORM DAG for latest_only_with_trigger
[2026-03-01T08:07:47.583+0000] {logging_mixin.py:188} INFO - [2026-03-01T08:07:47.583+0000] {dag.py:3823} INFO - Setting next_dagrun for latest_only_with_trigger to 2026-03-01 04:00:00+00:00, run_after=2026-03-01 08:00:00+00:00
[2026-03-01T08:07:47.600+0000] {processor.py:183} INFO - Processing /home/airflow/.local/lib/python3.8/site-packages/airflow/example_dags/example_latest_only_with_trigger.py took 0.152 seconds
[2026-03-01T08:08:18.142+0000] {processor.py:161} INFO - Started process (PID=127) to work on /home/airflow/.local/lib/python3.8/site-packages/airflow/example_dags/example_latest_only_with_trigger.py
[2026-03-01T08:08:18.143+0000] {processor.py:830} INFO - Processing file /home/airflow/.local/lib/python3.8/site-packages/airflow/example_dags/example_latest_only_with_trigger.py for tasks to queue
[2026-03-01T08:08:18.144+0000] {logging_mixin.py:188} INFO - [2026-03-01T08:08:18.144+0000] {dagbag.py:538} INFO - Filling up the DagBag from /home/airflow/.local/lib/python3.8/site-packages/airflow/example_dags/example_latest_only_with_trigger.py
[2026-03-01T08:08:18.149+0000] {processor.py:840} INFO - DAG(s) 'latest_only_with_trigger' retrieved from /home/airflow/.local/lib/python3.8/site-packages/airflow/example_dags/example_latest_only_with_trigger.py
[2026-03-01T08:08:18.164+0000] {logging_mixin.py:188} INFO - [2026-03-01T08:08:18.164+0000] {dag.py:3036} INFO - Sync 1 DAGs
[2026-03-01T08:08:18.177+0000] {logging_mixin.py:188} INFO - [2026-03-01T08:08:18.177+0000] {dag.py:3823} INFO - Setting next_dagrun for latest_only_with_trigger to 2026-03-01 04:00:00+00:00, run_after=2026-03-01 08:00:00+00:00
[2026-03-01T08:08:18.189+0000] {processor.py:183} INFO - Processing /home/airflow/.local/lib/python3.8/site-packages/airflow/example_dags/example_latest_only_with_trigger.py took 0.049 seconds
[2026-03-01T08:08:48.697+0000] {processor.py:161} INFO - Started process (PID=182) to work on /home/airflow/.local/lib/python3.8/site-packages/airflow/example_dags/example_latest_only_with_trigger.py
[2026-03-01T08:08:48.698+0000] {processor.py:830} INFO - Processing file /home/airflow/.local/lib/python3.8/site-packages/airflow/example_dags/example_latest_only_with_trigger.py for tasks to queue
[2026-03-01T08:08:48.700+0000] {logging_mixin.py:188} INFO - [2026-03-01T08:08:48.700+0000] {dagbag.py:538} INFO - Filling up the DagBag from /home/airflow/.local/lib/python3.8/site-packages/airflow/example_dags/example_latest_only_with_trigger.py
[2026-03-01T08:08:48.705+0000] {processor.py:840} INFO - DAG(s) 'latest_only_with_trigger' retrieved from /home/airflow/.local/lib/python3.8/site-packages/airflow/example_dags/example_latest_only_with_trigger.py
[2026-03-01T08:08:48.719+0000] {logging_mixin.py:188} INFO - [2026-03-01T08:08:48.719+0000] {dag.py:3036} INFO - Sync 1 DAGs
[2026-03-01T08:08:48.732+0000] {logging_mixin.py:188} INFO - [2026-03-01T08:08:48.732+0000] {dag.py:3823} INFO - Setting next_dagrun for latest_only_with_trigger to 2026-03-01 04:00:00+00:00, run_after=2026-03-01 08:00:00+00:00
[2026-03-01T08:08:48.744+0000] {processor.py:183} INFO - Processing /home/airflow/.local/lib/python3.8/site-packages/airflow/example_dags/example_latest_only_with_trigger.py took 0.050 seconds
[2026-03-01T08:09:18.985+0000] {processor.py:161} INFO - Started process (PID=237) to work on /home/airflow/.local/lib/python3.8/site-packages/airflow/example_dags/example_latest_only_with_trigger.py
[2026-03-01T08:09:18.986+0000] {processor.py:830} INFO - Processing file /home/airflow/.local/lib/python3.8/site-packages/airflow/example_dags/example_latest_only_with_trigger.py for tasks to queue
[2026-03-01T08:09:18.987+0000] {logging_mixin.py:188} INFO - [2026-03-01T08:09:18.987+0000] {dagbag.py:538} INFO - Filling up the DagBag from /home/airflow/.local/lib/python3.8/site-packages/airflow/example_dags/example_latest_only_with_trigger.py
[2026-03-01T08:09:18.993+0000] {processor.py:840} INFO - DAG(s) 'latest_only_with_trigger' retrieved from /home/airflow/.local/lib/python3.8/site-packages/airflow/example_dags/example_latest_only_with_trigger.py
[2026-03-01T08:09:19.013+0000] {logging_mixin.py:188} INFO - [2026-03-01T08:09:19.013+0000] {dag.py:3036} INFO - Sync 1 DAGs
[2026-03-01T08:09:19.032+0000] {logging_mixin.py:188} INFO - [2026-03-01T08:09:19.032+0000] {dag.py:3823} INFO - Setting next_dagrun for latest_only_with_trigger to 2026-03-01 04:00:00+00:00, run_after=2026-03-01 08:00:00+00:00
[2026-03-01T08:09:19.057+0000] {processor.py:183} INFO - Processing /home/airflow/.local/lib/python3.8/site-packages/airflow/example_dags/example_latest_only_with_trigger.py took 0.075 seconds
[2026-03-01T08:09:49.296+0000] {processor.py:161} INFO - Started process (PID=292) to work on /home/airflow/.local/lib/python3.8/site-packages/airflow/example_dags/example_latest_only_with_trigger.py
[2026-03-01T08:09:49.297+0000] {processor.py:830} INFO - Processing file /home/airflow/.local/lib/python3.8/site-packages/airflow/example_dags/example_latest_only_with_trigger.py for tasks to queue
[2026-03-01T08:09:49.299+0000] {logging_mixin.py:188} INFO - [2026-03-01T08:09:49.299+0000] {dagbag.py:538} INFO - Filling up the DagBag from /home/airflow/.local/lib/python3.8/site-packages/airflow/example_dags/example_latest_only_with_trigger.py
[2026-03-01T08:09:49.304+0000] {processor.py:840} INFO - DAG(s) 'latest_only_with_trigger' retrieved from /home/airflow/.local/lib/python3.8/site-packages/airflow/example_dags/example_latest_only_with_trigger.py
[2026-03-01T08:09:49.321+0000] {logging_mixin.py:188} INFO - [2026-03-01T08:09:49.321+0000] {dag.py:3036} INFO - Sync 1 DAGs
[2026-03-01T08:09:49.336+0000] {logging_mixin.py:188} INFO - [2026-03-01T08:09:49.336+0000] {dag.py:3823} INFO - Setting next_dagrun for latest_only_with_trigger to 2026-03-01 04:00:00+00:00, run_after=2026-03-01 08:00:00+00:00
[2026-03-01T08:09:49.350+0000] {processor.py:183} INFO - Processing /home/airflow/.local/lib/python3.8/site-packages/airflow/example_dags/example_latest_only_with_trigger.py took 0.056 seconds
[2026-03-01T08:10:19.924+0000] {processor.py:161} INFO - Started process (PID=353) to work on /home/airflow/.local/lib/python3.8/site-packages/airflow/example_dags/example_latest_only_with_trigger.py
[2026-03-01T08:10:19.925+0000] {processor.py:830} INFO - Processing file /home/airflow/.local/lib/python3.8/site-packages/airflow/example_dags/example_latest_only_with_trigger.py for tasks to queue
[2026-03-01T08:10:19.927+0000] {logging_mixin.py:188} INFO - [2026-03-01T08:10:19.927+0000] {dagbag.py:538} INFO - Filling up the DagBag from /home/airflow/.local/lib/python3.8/site-packages/airflow/example_dags/example_latest_only_with_trigger.py
[2026-03-01T08:10:19.931+0000] {processor.py:840} INFO - DAG(s) 'latest_only_with_trigger' retrieved from /home/airflow/.local/lib/python3.8/site-packages/airflow/example_dags/example_latest_only_with_trigger.py
[2026-03-01T08:10:19.947+0000] {logging_mixin.py:188} INFO - [2026-03-01T08:10:19.947+0000] {dag.py:3036} INFO - Sync 1 DAGs
[2026-03-01T08:10:19.962+0000] {logging_mixin.py:188} INFO - [2026-03-01T08:10:19.961+0000] {dag.py:3823} INFO - Setting next_dagrun for latest_only_with_trigger to 2026-03-01 04:00:00+00:00, run_after=2026-03-01 08:00:00+00:00
[2026-03-01T08:10:19.980+0000] {processor.py:183} INFO - Processing /home/airflow/.local/lib/python3.8/site-packages/airflow/example_dags/example_latest_only_with_trigger.py took 0.058 seconds
[2026-03-01T08:10:50.501+0000] {processor.py:161} INFO - Started process (PID=408) to work on /home/airflow/.local/lib/python3.8/site-packages/airflow/example_dags/example_latest_only_with_trigger.py
[2026-03-01T08:10:50.502+0000] {processor.py:830} INFO - Processing file /home/airflow/.local/lib/python3.8/site-packages/airflow/example_dags/example_latest_only_with_trigger.py for tasks to queue
[2026-03-01T08:10:50.504+0000] {logging_mixin.py:188} INFO - [2026-03-01T08:10:50.504+0000] {dagbag.py:538} INFO - Filling up the DagBag from /home/airflow/.local/lib/python3.8/site-packages/airflow/example_dags/example_latest_only_with_trigger.py
[2026-03-01T08:10:50.510+0000] {processor.py:840} INFO - DAG(s) 'latest_only_with_trigger' retrieved from /home/airflow/.local/lib/python3.8/site-packages/airflow/example_dags/example_latest_only_with_trigger.py
[2026-03-01T08:10:50.531+0000] {logging_mixin.py:188} INFO - [2026-03-01T08:10:50.531+0000] {dag.py:3036} INFO - Sync 1 DAGs
[2026-03-01T08:10:50.545+0000] {logging_mixin.py:188} INFO - [2026-03-01T08:10:50.545+0000] {dag.py:3823} INFO - Setting next_dagrun for latest_only_with_trigger to 2026-03-01 04:00:00+00:00, run_after=2026-03-01 08:00:00+00:00
[2026-03-01T08:10:50.563+0000] {processor.py:183} INFO - Processing /home/airflow/.local/lib/python3.8/site-packages/airflow/example_dags/example_latest_only_with_trigger.py took 0.065 seconds
[2026-03-01T08:11:21.001+0000] {processor.py:161} INFO - Started process (PID=469) to work on /home/airflow/.local/lib/python3.8/site-packages/airflow/example_dags/example_latest_only_with_trigger.py
[2026-03-01T08:11:21.003+0000] {processor.py:830} INFO - Processing file /home/airflow/.local/lib/python3.8/site-packages/airflow/example_dags/example_latest_only_with_trigger.py for tasks to queue
[2026-03-01T08:11:21.006+0000] {logging_mixin.py:188} INFO - [2026-03-01T08:11:21.006+0000] {dagbag.py:538} INFO - Filling up the DagBag from /home/airflow/.local/lib/python3.8/site-packages/airflow/example_dags/example_latest_only_with_trigger.py
[2026-03-01T08:11:21.011+0000] {processor.py:840} INFO - DAG(s) 'latest_only_with_trigger' retrieved from /home/airflow/.local/lib/python3.8/site-packages/airflow/example_dags/example_latest_only_with_trigger.py
[2026-03-01T08:11:21.028+0000] {logging_mixin.py:188} INFO - [2026-03-01T08:11:21.027+0000] {dag.py:3036} INFO - Sync 1 DAGs
[2026-03-01T08:11:21.042+0000] {logging_mixin.py:188} INFO - [2026-03-01T08:11:21.042+0000] {dag.py:3823} INFO - Setting next_dagrun for latest_only_with_trigger to 2026-03-01 04:00:00+00:00, run_after=2026-03-01 08:00:00+00:00
[2026-03-01T08:11:21.054+0000] {processor.py:183} INFO - Processing /home/airflow/.local/lib/python3.8/site-packages/airflow/example_dags/example_latest_only_with_trigger.py took 0.056 seconds
[2026-03-01T08:11:51.207+0000] {processor.py:161} INFO - Started process (PID=524) to work on /home/airflow/.local/lib/python3.8/site-packages/airflow/example_dags/example_latest_only_with_trigger.py
[2026-03-01T08:11:51.208+0000] {processor.py:830} INFO - Processing file /home/airflow/.local/lib/python3.8/site-packages/airflow/example_dags/example_latest_only_with_trigger.py for tasks to queue
[2026-03-01T08:11:51.210+0000] {logging_mixin.py:188} INFO - [2026-03-01T08:11:51.210+0000] {dagbag.py:538} INFO - Filling up the DagBag from /home/airflow/.local/lib/python3.8/site-packages/airflow/example_dags/example_latest_only_with_trigger.py
[2026-03-01T08:11:51.215+0000] {processor.py:840} INFO - DAG(s) 'latest_only_with_trigger' retrieved from /home/airflow/.local/lib/python3.8/site-packages/airflow/example_dags/example_latest_only_with_trigger.py
[2026-03-01T08:11:51.230+0000] {logging_mixin.py:188} INFO - [2026-03-01T08:11:51.230+0000] {dag.py:3036} INFO - Sync 1 DAGs
[2026-03-01T08:11:51.243+0000] {logging_mixin.py:188} INFO - [2026-03-01T08:11:51.243+0000] {dag.py:3823} INFO - Setting next_dagrun for latest_only_with_trigger to 2026-03-01 04:00:00+00:00, run_after=2026-03-01 08:00:00+00:00
[2026-03-01T08:11:51.256+0000] {processor.py:183} INFO - Processing /home/airflow/.local/lib/python3.8/site-packages/airflow/example_dags/example_latest_only_with_trigger.py took 0.052 seconds
[2026-03-01T08:12:22.224+0000] {processor.py:161} INFO - Started process (PID=608) to work on /home/airflow/.local/lib/python3.8/site-packages/airflow/example_dags/example_latest_only_with_trigger.py
[2026-03-01T08:12:22.226+0000] {processor.py:830} INFO - Processing file /home/airflow/.local/lib/python3.8/site-packages/airflow/example_dags/example_latest_only_with_trigger.py for tasks to queue
[2026-03-01T08:12:22.227+0000] {logging_mixin.py:188} INFO - [2026-03-01T08:12:22.227+0000] {dagbag.py:538} INFO - Filling up the DagBag from /home/airflow/.local/lib/python3.8/site-packages/airflow/example_dags/example_latest_only_with_trigger.py
[2026-03-01T08:12:22.232+0000] {processor.py:840} INFO - DAG(s) 'latest_only_with_trigger' retrieved from /home/airflow/.local/lib/python3.8/site-packages/airflow/example_dags/example_latest_only_with_trigger.py
[2026-03-01T08:12:22.248+0000] {logging_mixin.py:188} INFO - [2026-03-01T08:12:22.248+0000] {dag.py:3036} INFO - Sync 1 DAGs
[2026-03-01T08:12:22.262+0000] {logging_mixin.py:188} INFO - [2026-03-01T08:12:22.262+0000] {dag.py:3823} INFO - Setting next_dagrun for latest_only_with_trigger to 2026-03-01 04:00:00+00:00, run_after=2026-03-01 08:00:00+00:00
[2026-03-01T08:12:22.275+0000] {processor.py:183} INFO - Processing /home/airflow/.local/lib/python3.8/site-packages/airflow/example_dags/example_latest_only_with_trigger.py took 0.054 seconds
[2026-03-01T08:12:52.635+0000] {processor.py:161} INFO - Started process (PID=662) to work on /home/airflow/.local/lib/python3.8/site-packages/airflow/example_dags/example_latest_only_with_trigger.py
[2026-03-01T08:12:52.636+0000] {processor.py:830} INFO - Processing file /home/airflow/.local/lib/python3.8/site-packages/airflow/example_dags/example_latest_only_with_trigger.py for tasks to queue
[2026-03-01T08:12:52.637+0000] {logging_mixin.py:188} INFO - [2026-03-01T08:12:52.637+0000] {dagbag.py:538} INFO - Filling up the DagBag from /home/airflow/.local/lib/python3.8/site-packages/airflow/example_dags/example_latest_only_with_trigger.py
[2026-03-01T08:12:52.641+0000] {processor.py:840} INFO - DAG(s) 'latest_only_with_trigger' retrieved from /home/airflow/.local/lib/python3.8/site-packages/airflow/example_dags/example_latest_only_with_trigger.py
[2026-03-01T08:12:52.656+0000] {logging_mixin.py:188} INFO - [2026-03-01T08:12:52.655+0000] {dag.py:3036} INFO - Sync 1 DAGs
[2026-03-01T08:12:52.670+0000] {logging_mixin.py:188} INFO - [2026-03-01T08:12:52.669+0000] {dag.py:3823} INFO - Setting next_dagrun for latest_only_with_trigger to 2026-03-01 04:00:00+00:00, run_after=2026-03-01 08:00:00+00:00
[2026-03-01T08:12:52.682+0000] {processor.py:183} INFO - Processing /home/airflow/.local/lib/python3.8/site-packages/airflow/example_dags/example_latest_only_with_trigger.py took 0.050 seconds
[2026-03-01T08:13:22.816+0000] {processor.py:161} INFO - Started process (PID=717) to work on /home/airflow/.local/lib/python3.8/site-packages/airflow/example_dags/example_latest_only_with_trigger.py
[2026-03-01T08:13:22.816+0000] {processor.py:830} INFO - Processing file /home/airflow/.local/lib/python3.8/site-packages/airflow/example_dags/example_latest_only_with_trigger.py for tasks to queue
[2026-03-01T08:13:22.818+0000] {logging_mixin.py:188} INFO - [2026-03-01T08:13:22.818+0000] {dagbag.py:538} INFO - Filling up the DagBag from /home/airflow/.local/lib/python3.8/site-packages/airflow/example_dags/example_latest_only_with_trigger.py
[2026-03-01T08:13:22.822+0000] {processor.py:840} INFO - DAG(s) 'latest_only_with_trigger' retrieved from /home/airflow/.local/lib/python3.8/site-packages/airflow/example_dags/example_latest_only_with_trigger.py
[2026-03-01T08:13:22.837+0000] {logging_mixin.py:188} INFO - [2026-03-01T08:13:22.837+0000] {dag.py:3036} INFO - Sync 1 DAGs
[2026-03-01T08:13:22.850+0000] {logging_mixin.py:188} INFO - [2026-03-01T08:13:22.849+0000] {dag.py:3823} INFO - Setting next_dagrun for latest_only_with_trigger to 2026-03-01 04:00:00+00:00, run_after=2026-03-01 08:00:00+00:00
[2026-03-01T08:13:22.861+0000] {processor.py:183} INFO - Processing /home/airflow/.local/lib/python3.8/site-packages/airflow/example_dags/example_latest_only_with_trigger.py took 0.048 seconds
[2026-03-01T08:13:53.058+0000] {processor.py:161} INFO - Started process (PID=795) to work on /home/airflow/.local/lib/python3.8/site-packages/airflow/example_dags/example_latest_only_with_trigger.py
[2026-03-01T08:13:53.059+0000] {processor.py:830} INFO - Processing file /home/airflow/.local/lib/python3.8/site-packages/airflow/example_dags/example_latest_only_with_trigger.py for tasks to queue
[2026-03-01T08:13:53.061+0000] {logging_mixin.py:188} INFO - [2026-03-01T08:13:53.061+0000] {dagbag.py:538} INFO - Filling up the DagBag from /home/airflow/.local/lib/python3.8/site-packages/airflow/example_dags/example_latest_only_with_trigger.py
[2026-03-01T08:13:53.065+0000] {processor.py:840} INFO - DAG(s) 'latest_only_with_trigger' retrieved from /home/airflow/.local/lib/python3.8/site-packages/airflow/example_dags/example_latest_only_with_trigger.py
[2026-03-01T08:13:53.080+0000] {logging_mixin.py:188} INFO - [2026-03-01T08:13:53.080+0000] {dag.py:3036} INFO - Sync 1 DAGs
[2026-03-01T08:13:53.093+0000] {logging_mixin.py:188} INFO - [2026-03-01T08:13:53.093+0000] {dag.py:3823} INFO - Setting next_dagrun for latest_only_with_trigger to 2026-03-01 04:00:00+00:00, run_after=2026-03-01 08:00:00+00:00
[2026-03-01T08:13:53.110+0000] {processor.py:183} INFO - Processing /home/airflow/.local/lib/python3.8/site-packages/airflow/example_dags/example_latest_only_with_trigger.py took 0.054 seconds
[2026-03-01T08:14:23.315+0000] {processor.py:161} INFO - Started process (PID=872) to work on /home/airflow/.local/lib/python3.8/site-packages/airflow/example_dags/example_latest_only_with_trigger.py
[2026-03-01T08:14:23.316+0000] {processor.py:830} INFO - Processing file /home/airflow/.local/lib/python3.8/site-packages/airflow/example_dags/example_latest_only_with_trigger.py for tasks to queue
[2026-03-01T08:14:23.317+0000] {logging_mixin.py:188} INFO - [2026-03-01T08:14:23.317+0000] {dagbag.py:538} INFO - Filling up the DagBag from /home/airflow/.local/lib/python3.8/site-packages/airflow/example_dags/example_latest_only_with_trigger.py
[2026-03-01T08:14:23.321+0000] {processor.py:840} INFO - DAG(s) 'latest_only_with_trigger' retrieved from /home/airflow/.local/lib/python3.8/site-packages/airflow/example_dags/example_latest_only_with_trigger.py
[2026-03-01T08:14:23.330+0000] {logging_mixin.py:188} INFO - [2026-03-01T08:14:23.330+0000] {dag.py:3036} INFO - Sync 1 DAGs
[2026-03-01T08:14:23.344+0000] {logging_mixin.py:188} INFO - [2026-03-01T08:14:23.344+0000] {dag.py:3823} INFO - Setting next_dagrun for latest_only_with_trigger to 2026-03-01 04:00:00+00:00, run_after=2026-03-01 08:00:00+00:00
[2026-03-01T08:14:23.357+0000] {processor.py:183} INFO - Processing /home/airflow/.local/lib/python3.8/site-packages/airflow/example_dags/example_latest_only_with_trigger.py took 0.045 seconds
[2026-03-01T08:14:53.849+0000] {processor.py:161} INFO - Started process (PID=927) to work on /home/airflow/.local/lib/python3.8/site-packages/airflow/example_dags/example_latest_only_with_trigger.py
[2026-03-01T08:14:53.850+0000] {processor.py:830} INFO - Processing file /home/airflow/.local/lib/python3.8/site-packages/airflow/example_dags/example_latest_only_with_trigger.py for tasks to queue
[2026-03-01T08:14:53.854+0000] {logging_mixin.py:188} INFO - [2026-03-01T08:14:53.853+0000] {dagbag.py:538} INFO - Filling up the DagBag from /home/airflow/.local/lib/python3.8/site-packages/airflow/example_dags/example_latest_only_with_trigger.py
[2026-03-01T08:14:53.859+0000] {processor.py:840} INFO - DAG(s) 'latest_only_with_trigger' retrieved from /home/airflow/.local/lib/python3.8/site-packages/airflow/example_dags/example_latest_only_with_trigger.py
[2026-03-01T08:14:53.916+0000] {logging_mixin.py:188} INFO - [2026-03-01T08:14:53.916+0000] {dag.py:3036} INFO - Sync 1 DAGs
[2026-03-01T08:14:53.927+0000] {logging_mixin.py:188} INFO - [2026-03-01T08:14:53.927+0000] {dag.py:3823} INFO - Setting next_dagrun for latest_only_with_trigger to 2026-03-01 04:00:00+00:00, run_after=2026-03-01 08:00:00+00:00
[2026-03-01T08:14:53.942+0000] {processor.py:183} INFO - Processing /home/airflow/.local/lib/python3.8/site-packages/airflow/example_dags/example_latest_only_with_trigger.py took 0.095 seconds
[2026-03-01T08:15:24.578+0000] {processor.py:161} INFO - Started process (PID=982) to work on /home/airflow/.local/lib/python3.8/site-packages/airflow/example_dags/example_latest_only_with_trigger.py
[2026-03-01T08:15:24.579+0000] {processor.py:830} INFO - Processing file /home/airflow/.local/lib/python3.8/site-packages/airflow/example_dags/example_latest_only_with_trigger.py for tasks to queue
[2026-03-01T08:15:24.581+0000] {logging_mixin.py:188} INFO - [2026-03-01T08:15:24.580+0000] {dagbag.py:538} INFO - Filling up the DagBag from /home/airflow/.local/lib/python3.8/site-packages/airflow/example_dags/example_latest_only_with_trigger.py
[2026-03-01T08:15:24.587+0000] {processor.py:840} INFO - DAG(s) 'latest_only_with_trigger' retrieved from /home/airflow/.local/lib/python3.8/site-packages/airflow/example_dags/example_latest_only_with_trigger.py
[2026-03-01T08:15:24.602+0000] {logging_mixin.py:188} INFO - [2026-03-01T08:15:24.601+0000] {dag.py:3036} INFO - Sync 1 DAGs
[2026-03-01T08:15:24.614+0000] {logging_mixin.py:188} INFO - [2026-03-01T08:15:24.614+0000] {dag.py:3823} INFO - Setting next_dagrun for latest_only_with_trigger to 2026-03-01 04:00:00+00:00, run_after=2026-03-01 08:00:00+00:00
[2026-03-01T08:15:24.626+0000] {processor.py:183} INFO - Processing /home/airflow/.local/lib/python3.8/site-packages/airflow/example_dags/example_latest_only_with_trigger.py took 0.050 seconds
[2026-03-01T08:15:54.788+0000] {processor.py:161} INFO - Started process (PID=1037) to work on /home/airflow/.local/lib/python3.8/site-packages/airflow/example_dags/example_latest_only_with_trigger.py
[2026-03-01T08:15:54.789+0000] {processor.py:830} INFO - Processing file /home/airflow/.local/lib/python3.8/site-packages/airflow/example_dags/example_latest_only_with_trigger.py for tasks to queue
[2026-03-01T08:15:54.791+0000] {logging_mixin.py:188} INFO - [2026-03-01T08:15:54.791+0000] {dagbag.py:538} INFO - Filling up the DagBag from /home/airflow/.local/lib/python3.8/site-packages/airflow/example_dags/example_latest_only_with_trigger.py
[2026-03-01T08:15:54.795+0000] {processor.py:840} INFO - DAG(s) 'latest_only_with_trigger' retrieved from /home/airflow/.local/lib/python3.8/site-packages/airflow/example_dags/example_latest_only_with_trigger.py
[2026-03-01T08:15:54.811+0000] {logging_mixin.py:188} INFO - [2026-03-01T08:15:54.811+0000] {dag.py:3036} INFO - Sync 1 DAGs
[2026-03-01T08:15:54.825+0000] {logging_mixin.py:188} INFO - [2026-03-01T08:15:54.825+0000] {dag.py:3823} INFO - Setting next_dagrun for latest_only_with_trigger to 2026-03-01 04:00:00+00:00, run_after=2026-03-01 08:00:00+00:00
[2026-03-01T08:15:54.846+0000] {processor.py:183} INFO - Processing /home/airflow/.local/lib/python3.8/site-packages/airflow/example_dags/example_latest_only_with_trigger.py took 0.060 seconds
[2026-03-01T08:16:25.130+0000] {processor.py:161} INFO - Started process (PID=1114) to work on /home/airflow/.local/lib/python3.8/site-packages/airflow/example_dags/example_latest_only_with_trigger.py
[2026-03-01T08:16:25.131+0000] {processor.py:830} INFO - Processing file /home/airflow/.local/lib/python3.8/site-packages/airflow/example_dags/example_latest_only_with_trigger.py for tasks to queue
[2026-03-01T08:16:25.133+0000] {logging_mixin.py:188} INFO - [2026-03-01T08:16:25.133+0000] {dagbag.py:538} INFO - Filling up the DagBag from /home/airflow/.local/lib/python3.8/site-packages/airflow/example_dags/example_latest_only_with_trigger.py
[2026-03-01T08:16:25.138+0000] {processor.py:840} INFO - DAG(s) 'latest_only_with_trigger' retrieved from /home/airflow/.local/lib/python3.8/site-packages/airflow/example_dags/example_latest_only_with_trigger.py
[2026-03-01T08:16:25.156+0000] {logging_mixin.py:188} INFO - [2026-03-01T08:16:25.156+0000] {dag.py:3036} INFO - Sync 1 DAGs
[2026-03-01T08:16:25.171+0000] {logging_mixin.py:188} INFO - [2026-03-01T08:16:25.171+0000] {dag.py:3823} INFO - Setting next_dagrun for latest_only_with_trigger to 2026-03-01 04:00:00+00:00, run_after=2026-03-01 08:00:00+00:00
[2026-03-01T08:16:25.185+0000] {processor.py:183} INFO - Processing /home/airflow/.local/lib/python3.8/site-packages/airflow/example_dags/example_latest_only_with_trigger.py took 0.058 seconds
[2026-03-01T08:16:55.391+0000] {processor.py:161} INFO - Started process (PID=1175) to work on /home/airflow/.local/lib/python3.8/site-packages/airflow/example_dags/example_latest_only_with_trigger.py
[2026-03-01T08:16:55.392+0000] {processor.py:830} INFO - Processing file /home/airflow/.local/lib/python3.8/site-packages/airflow/example_dags/example_latest_only_with_trigger.py for tasks to queue
[2026-03-01T08:16:55.393+0000] {logging_mixin.py:188} INFO - [2026-03-01T08:16:55.393+0000] {dagbag.py:538} INFO - Filling up the DagBag from /home/airflow/.local/lib/python3.8/site-packages/airflow/example_dags/example_latest_only_with_trigger.py
[2026-03-01T08:16:55.398+0000] {processor.py:840} INFO - DAG(s) 'latest_only_with_trigger' retrieved from /home/airflow/.local/lib/python3.8/site-packages/airflow/example_dags/example_latest_only_with_trigger.py
[2026-03-01T08:16:55.415+0000] {logging_mixin.py:188} INFO - [2026-03-01T08:16:55.415+0000] {dag.py:3036} INFO - Sync 1 DAGs
[2026-03-01T08:16:55.431+0000] {logging_mixin.py:188} INFO - [2026-03-01T08:16:55.430+0000] {dag.py:3823} INFO - Setting next_dagrun for latest_only_with_trigger to 2026-03-01 04:00:00+00:00, run_after=2026-03-01 08:00:00+00:00
[2026-03-01T08:16:55.446+0000] {processor.py:183} INFO - Processing /home/airflow/.local/lib/python3.8/site-packages/airflow/example_dags/example_latest_only_with_trigger.py took 0.058 seconds
[2026-03-01T08:17:25.740+0000] {processor.py:161} INFO - Started process (PID=1253) to work on /home/airflow/.local/lib/python3.8/site-packages/airflow/example_dags/example_latest_only_with_trigger.py
[2026-03-01T08:17:25.741+0000] {processor.py:830} INFO - Processing file /home/airflow/.local/lib/python3.8/site-packages/airflow/example_dags/example_latest_only_with_trigger.py for tasks to queue
[2026-03-01T08:17:25.742+0000] {logging_mixin.py:188} INFO - [2026-03-01T08:17:25.742+0000] {dagbag.py:538} INFO - Filling up the DagBag from /home/airflow/.local/lib/python3.8/site-packages/airflow/example_dags/example_latest_only_with_trigger.py
[2026-03-01T08:17:25.746+0000] {processor.py:840} INFO - DAG(s) 'latest_only_with_trigger' retrieved from /home/airflow/.local/lib/python3.8/site-packages/airflow/example_dags/example_latest_only_with_trigger.py
[2026-03-01T08:17:25.761+0000] {logging_mixin.py:188} INFO - [2026-03-01T08:17:25.761+0000] {dag.py:3036} INFO - Sync 1 DAGs
[2026-03-01T08:17:25.775+0000] {logging_mixin.py:188} INFO - [2026-03-01T08:17:25.775+0000] {dag.py:3823} INFO - Setting next_dagrun for latest_only_with_trigger to 2026-03-01 04:00:00+00:00, run_after=2026-03-01 08:00:00+00:00
[2026-03-01T08:17:25.789+0000] {processor.py:183} INFO - Processing /home/airflow/.local/lib/python3.8/site-packages/airflow/example_dags/example_latest_only_with_trigger.py took 0.052 seconds
[2026-03-01T08:17:55.969+0000] {processor.py:161} INFO - Started process (PID=1309) to work on /home/airflow/.local/lib/python3.8/site-packages/airflow/example_dags/example_latest_only_with_trigger.py
[2026-03-01T08:17:55.970+0000] {processor.py:830} INFO - Processing file /home/airflow/.local/lib/python3.8/site-packages/airflow/example_dags/example_latest_only_with_trigger.py for tasks to queue
[2026-03-01T08:17:55.972+0000] {logging_mixin.py:188} INFO - [2026-03-01T08:17:55.972+0000] {dagbag.py:538} INFO - Filling up the DagBag from /home/airflow/.local/lib/python3.8/site-packages/airflow/example_dags/example_latest_only_with_trigger.py
[2026-03-01T08:17:55.977+0000] {processor.py:840} INFO - DAG(s) 'latest_only_with_trigger' retrieved from /home/airflow/.local/lib/python3.8/site-packages/airflow/example_dags/example_latest_only_with_trigger.py
[2026-03-01T08:17:55.997+0000] {logging_mixin.py:188} INFO - [2026-03-01T08:17:55.996+0000] {dag.py:3036} INFO - Sync 1 DAGs
[2026-03-01T08:17:56.010+0000] {logging_mixin.py:188} INFO - [2026-03-01T08:17:56.010+0000] {dag.py:3823} INFO - Setting next_dagrun for latest_only_with_trigger to 2026-03-01 04:00:00+00:00, run_after=2026-03-01 08:00:00+00:00
[2026-03-01T08:17:56.024+0000] {processor.py:183} INFO - Processing /home/airflow/.local/lib/python3.8/site-packages/airflow/example_dags/example_latest_only_with_trigger.py took 0.058 seconds
[2026-03-01T08:18:26.417+0000] {processor.py:161} INFO - Started process (PID=1365) to work on /home/airflow/.local/lib/python3.8/site-packages/airflow/example_dags/example_latest_only_with_trigger.py
[2026-03-01T08:18:26.418+0000] {processor.py:830} INFO - Processing file /home/airflow/.local/lib/python3.8/site-packages/airflow/example_dags/example_latest_only_with_trigger.py for tasks to queue
[2026-03-01T08:18:26.420+0000] {logging_mixin.py:188} INFO - [2026-03-01T08:18:26.420+0000] {dagbag.py:538} INFO - Filling up the DagBag from /home/airflow/.local/lib/python3.8/site-packages/airflow/example_dags/example_latest_only_with_trigger.py
[2026-03-01T08:18:26.424+0000] {processor.py:840} INFO - DAG(s) 'latest_only_with_trigger' retrieved from /home/airflow/.local/lib/python3.8/site-packages/airflow/example_dags/example_latest_only_with_trigger.py
[2026-03-01T08:18:26.440+0000] {logging_mixin.py:188} INFO - [2026-03-01T08:18:26.440+0000] {dag.py:3036} INFO - Sync 1 DAGs
[2026-03-01T08:18:26.454+0000] {logging_mixin.py:188} INFO - [2026-03-01T08:18:26.454+0000] {dag.py:3823} INFO - Setting next_dagrun for latest_only_with_trigger to 2026-03-01 04:00:00+00:00, run_after=2026-03-01 08:00:00+00:00
[2026-03-01T08:18:26.476+0000] {processor.py:183} INFO - Processing /home/airflow/.local/lib/python3.8/site-packages/airflow/example_dags/example_latest_only_with_trigger.py took 0.062 seconds
[2026-03-01T08:18:56.830+0000] {processor.py:161} INFO - Started process (PID=1421) to work on /home/airflow/.local/lib/python3.8/site-packages/airflow/example_dags/example_latest_only_with_trigger.py
[2026-03-01T08:18:56.830+0000] {processor.py:830} INFO - Processing file /home/airflow/.local/lib/python3.8/site-packages/airflow/example_dags/example_latest_only_with_trigger.py for tasks to queue
[2026-03-01T08:18:56.832+0000] {logging_mixin.py:188} INFO - [2026-03-01T08:18:56.832+0000] {dagbag.py:538} INFO - Filling up the DagBag from /home/airflow/.local/lib/python3.8/site-packages/airflow/example_dags/example_latest_only_with_trigger.py
[2026-03-01T08:18:56.836+0000] {processor.py:840} INFO - DAG(s) 'latest_only_with_trigger' retrieved from /home/airflow/.local/lib/python3.8/site-packages/airflow/example_dags/example_latest_only_with_trigger.py
[2026-03-01T08:18:56.851+0000] {logging_mixin.py:188} INFO - [2026-03-01T08:18:56.851+0000] {dag.py:3036} INFO - Sync 1 DAGs
[2026-03-01T08:18:56.865+0000] {logging_mixin.py:188} INFO - [2026-03-01T08:18:56.865+0000] {dag.py:3823} INFO - Setting next_dagrun for latest_only_with_trigger to 2026-03-01 04:00:00+00:00, run_after=2026-03-01 08:00:00+00:00
[2026-03-01T08:18:56.877+0000] {processor.py:183} INFO - Processing /home/airflow/.local/lib/python3.8/site-packages/airflow/example_dags/example_latest_only_with_trigger.py took 0.050 seconds
[2026-03-01T08:19:27.169+0000] {processor.py:161} INFO - Started process (PID=1479) to work on /home/airflow/.local/lib/python3.8/site-packages/airflow/example_dags/example_latest_only_with_trigger.py
[2026-03-01T08:19:27.171+0000] {processor.py:830} INFO - Processing file /home/airflow/.local/lib/python3.8/site-packages/airflow/example_dags/example_latest_only_with_trigger.py for tasks to queue
[2026-03-01T08:19:27.173+0000] {logging_mixin.py:188} INFO - [2026-03-01T08:19:27.172+0000] {dagbag.py:538} INFO - Filling up the DagBag from /home/airflow/.local/lib/python3.8/site-packages/airflow/example_dags/example_latest_only_with_trigger.py
[2026-03-01T08:19:27.177+0000] {processor.py:840} INFO - DAG(s) 'latest_only_with_trigger' retrieved from /home/airflow/.local/lib/python3.8/site-packages/airflow/example_dags/example_latest_only_with_trigger.py
[2026-03-01T08:19:27.194+0000] {logging_mixin.py:188} INFO - [2026-03-01T08:19:27.194+0000] {dag.py:3036} INFO - Sync 1 DAGs
[2026-03-01T08:19:27.209+0000] {logging_mixin.py:188} INFO - [2026-03-01T08:19:27.209+0000] {dag.py:3823} INFO - Setting next_dagrun for latest_only_with_trigger to 2026-03-01 04:00:00+00:00, run_after=2026-03-01 08:00:00+00:00
[2026-03-01T08:19:27.224+0000] {processor.py:183} INFO - Processing /home/airflow/.local/lib/python3.8/site-packages/airflow/example_dags/example_latest_only_with_trigger.py took 0.058 seconds
[2026-03-01T08:19:57.370+0000] {processor.py:161} INFO - Started process (PID=1534) to work on /home/airflow/.local/lib/python3.8/site-packages/airflow/example_dags/example_latest_only_with_trigger.py
[2026-03-01T08:19:57.371+0000] {processor.py:830} INFO - Processing file /home/airflow/.local/lib/python3.8/site-packages/airflow/example_dags/example_latest_only_with_trigger.py for tasks to queue
[2026-03-01T08:19:57.373+0000] {logging_mixin.py:188} INFO - [2026-03-01T08:19:57.372+0000] {dagbag.py:538} INFO - Filling up the DagBag from /home/airflow/.local/lib/python3.8/site-packages/airflow/example_dags/example_latest_only_with_trigger.py
[2026-03-01T08:19:57.377+0000] {processor.py:840} INFO - DAG(s) 'latest_only_with_trigger' retrieved from /home/airflow/.local/lib/python3.8/site-packages/airflow/example_dags/example_latest_only_with_trigger.py
[2026-03-01T08:19:57.393+0000] {logging_mixin.py:188} INFO - [2026-03-01T08:19:57.393+0000] {dag.py:3036} INFO - Sync 1 DAGs
[2026-03-01T08:19:57.406+0000] {logging_mixin.py:188} INFO - [2026-03-01T08:19:57.406+0000] {dag.py:3823} INFO - Setting next_dagrun for latest_only_with_trigger to 2026-03-01 04:00:00+00:00, run_after=2026-03-01 08:00:00+00:00
[2026-03-01T08:19:57.417+0000] {processor.py:183} INFO - Processing /home/airflow/.local/lib/python3.8/site-packages/airflow/example_dags/example_latest_only_with_trigger.py took 0.051 seconds
[2026-03-01T08:20:27.676+0000] {processor.py:161} INFO - Started process (PID=1590) to work on /home/airflow/.local/lib/python3.8/site-packages/airflow/example_dags/example_latest_only_with_trigger.py
[2026-03-01T08:20:27.677+0000] {processor.py:830} INFO - Processing file /home/airflow/.local/lib/python3.8/site-packages/airflow/example_dags/example_latest_only_with_trigger.py for tasks to queue
[2026-03-01T08:20:27.678+0000] {logging_mixin.py:188} INFO - [2026-03-01T08:20:27.678+0000] {dagbag.py:538} INFO - Filling up the DagBag from /home/airflow/.local/lib/python3.8/site-packages/airflow/example_dags/example_latest_only_with_trigger.py
[2026-03-01T08:20:27.686+0000] {processor.py:840} INFO - DAG(s) 'latest_only_with_trigger' retrieved from /home/airflow/.local/lib/python3.8/site-packages/airflow/example_dags/example_latest_only_with_trigger.py
[2026-03-01T08:20:27.701+0000] {logging_mixin.py:188} INFO - [2026-03-01T08:20:27.701+0000] {dag.py:3036} INFO - Sync 1 DAGs
[2026-03-01T08:20:27.714+0000] {logging_mixin.py:188} INFO - [2026-03-01T08:20:27.714+0000] {dag.py:3823} INFO - Setting next_dagrun for latest_only_with_trigger to 2026-03-01 04:00:00+00:00, run_after=2026-03-01 08:00:00+00:00
[2026-03-01T08:20:27.728+0000] {processor.py:183} INFO - Processing /home/airflow/.local/lib/python3.8/site-packages/airflow/example_dags/example_latest_only_with_trigger.py took 0.055 seconds
[2026-03-01T08:20:58.682+0000] {processor.py:161} INFO - Started process (PID=1646) to work on /home/airflow/.local/lib/python3.8/site-packages/airflow/example_dags/example_latest_only_with_trigger.py
[2026-03-01T08:20:58.682+0000] {processor.py:830} INFO - Processing file /home/airflow/.local/lib/python3.8/site-packages/airflow/example_dags/example_latest_only_with_trigger.py for tasks to queue
[2026-03-01T08:20:58.684+0000] {logging_mixin.py:188} INFO - [2026-03-01T08:20:58.684+0000] {dagbag.py:538} INFO - Filling up the DagBag from /home/airflow/.local/lib/python3.8/site-packages/airflow/example_dags/example_latest_only_with_trigger.py
[2026-03-01T08:20:58.689+0000] {processor.py:840} INFO - DAG(s) 'latest_only_with_trigger' retrieved from /home/airflow/.local/lib/python3.8/site-packages/airflow/example_dags/example_latest_only_with_trigger.py
[2026-03-01T08:20:58.706+0000] {logging_mixin.py:188} INFO - [2026-03-01T08:20:58.706+0000] {dag.py:3036} INFO - Sync 1 DAGs
[2026-03-01T08:20:58.719+0000] {logging_mixin.py:188} INFO - [2026-03-01T08:20:58.719+0000] {dag.py:3823} INFO - Setting next_dagrun for latest_only_with_trigger to 2026-03-01 04:00:00+00:00, run_after=2026-03-01 08:00:00+00:00
[2026-03-01T08:20:58.733+0000] {processor.py:183} INFO - Processing /home/airflow/.local/lib/python3.8/site-packages/airflow/example_dags/example_latest_only_with_trigger.py took 0.054 seconds
[2026-03-01T08:21:28.921+0000] {processor.py:161} INFO - Started process (PID=1702) to work on /home/airflow/.local/lib/python3.8/site-packages/airflow/example_dags/example_latest_only_with_trigger.py
[2026-03-01T08:21:28.922+0000] {processor.py:830} INFO - Processing file /home/airflow/.local/lib/python3.8/site-packages/airflow/example_dags/example_latest_only_with_trigger.py for tasks to queue
[2026-03-01T08:21:28.924+0000] {logging_mixin.py:188} INFO - [2026-03-01T08:21:28.924+0000] {dagbag.py:538} INFO - Filling up the DagBag from /home/airflow/.local/lib/python3.8/site-packages/airflow/example_dags/example_latest_only_with_trigger.py
[2026-03-01T08:21:28.929+0000] {processor.py:840} INFO - DAG(s) 'latest_only_with_trigger' retrieved from /home/airflow/.local/lib/python3.8/site-packages/airflow/example_dags/example_latest_only_with_trigger.py
[2026-03-01T08:21:28.947+0000] {logging_mixin.py:188} INFO - [2026-03-01T08:21:28.946+0000] {dag.py:3036} INFO - Sync 1 DAGs
[2026-03-01T08:21:28.962+0000] {logging_mixin.py:188} INFO - [2026-03-01T08:21:28.962+0000] {dag.py:3823} INFO - Setting next_dagrun for latest_only_with_trigger to 2026-03-01 04:00:00+00:00, run_after=2026-03-01 08:00:00+00:00
[2026-03-01T08:21:28.980+0000] {processor.py:183} INFO - Processing /home/airflow/.local/lib/python3.8/site-packages/airflow/example_dags/example_latest_only_with_trigger.py took 0.061 seconds
[2026-03-01T08:21:59.329+0000] {processor.py:161} INFO - Started process (PID=1758) to work on /home/airflow/.local/lib/python3.8/site-packages/airflow/example_dags/example_latest_only_with_trigger.py
[2026-03-01T08:21:59.331+0000] {processor.py:830} INFO - Processing file /home/airflow/.local/lib/python3.8/site-packages/airflow/example_dags/example_latest_only_with_trigger.py for tasks to queue
[2026-03-01T08:21:59.332+0000] {logging_mixin.py:188} INFO - [2026-03-01T08:21:59.332+0000] {dagbag.py:538} INFO - Filling up the DagBag from /home/airflow/.local/lib/python3.8/site-packages/airflow/example_dags/example_latest_only_with_trigger.py
[2026-03-01T08:21:59.336+0000] {processor.py:840} INFO - DAG(s) 'latest_only_with_trigger' retrieved from /home/airflow/.local/lib/python3.8/site-packages/airflow/example_dags/example_latest_only_with_trigger.py
[2026-03-01T08:21:59.351+0000] {logging_mixin.py:188} INFO - [2026-03-01T08:21:59.351+0000] {dag.py:3036} INFO - Sync 1 DAGs
[2026-03-01T08:21:59.365+0000] {logging_mixin.py:188} INFO - [2026-03-01T08:21:59.365+0000] {dag.py:3823} INFO - Setting next_dagrun for latest_only_with_trigger to 2026-03-01 04:00:00+00:00, run_after=2026-03-01 08:00:00+00:00
[2026-03-01T08:21:59.378+0000] {processor.py:183} INFO - Processing /home/airflow/.local/lib/python3.8/site-packages/airflow/example_dags/example_latest_only_with_trigger.py took 0.051 seconds
[2026-03-01T08:22:29.627+0000] {processor.py:161} INFO - Started process (PID=1814) to work on /home/airflow/.local/lib/python3.8/site-packages/airflow/example_dags/example_latest_only_with_trigger.py
[2026-03-01T08:22:29.628+0000] {processor.py:830} INFO - Processing file /home/airflow/.local/lib/python3.8/site-packages/airflow/example_dags/example_latest_only_with_trigger.py for tasks to queue
[2026-03-01T08:22:29.630+0000] {logging_mixin.py:188} INFO - [2026-03-01T08:22:29.629+0000] {dagbag.py:538} INFO - Filling up the DagBag from /home/airflow/.local/lib/python3.8/site-packages/airflow/example_dags/example_latest_only_with_trigger.py
[2026-03-01T08:22:29.635+0000] {processor.py:840} INFO - DAG(s) 'latest_only_with_trigger' retrieved from /home/airflow/.local/lib/python3.8/site-packages/airflow/example_dags/example_latest_only_with_trigger.py
[2026-03-01T08:22:29.653+0000] {logging_mixin.py:188} INFO - [2026-03-01T08:22:29.653+0000] {dag.py:3036} INFO - Sync 1 DAGs
[2026-03-01T08:22:29.667+0000] {logging_mixin.py:188} INFO - [2026-03-01T08:22:29.667+0000] {dag.py:3823} INFO - Setting next_dagrun for latest_only_with_trigger to 2026-03-01 04:00:00+00:00, run_after=2026-03-01 08:00:00+00:00
[2026-03-01T08:22:29.686+0000] {processor.py:183} INFO - Processing /home/airflow/.local/lib/python3.8/site-packages/airflow/example_dags/example_latest_only_with_trigger.py took 0.062 seconds
[2026-03-01T08:23:00.074+0000] {processor.py:161} INFO - Started process (PID=1870) to work on /home/airflow/.local/lib/python3.8/site-packages/airflow/example_dags/example_latest_only_with_trigger.py
[2026-03-01T08:23:00.076+0000] {processor.py:830} INFO - Processing file /home/airflow/.local/lib/python3.8/site-packages/airflow/example_dags/example_latest_only_with_trigger.py for tasks to queue
[2026-03-01T08:23:00.077+0000] {logging_mixin.py:188} INFO - [2026-03-01T08:23:00.077+0000] {dagbag.py:538} INFO - Filling up the DagBag from /home/airflow/.local/lib/python3.8/site-packages/airflow/example_dags/example_latest_only_with_trigger.py
[2026-03-01T08:23:00.081+0000] {processor.py:840} INFO - DAG(s) 'latest_only_with_trigger' retrieved from /home/airflow/.local/lib/python3.8/site-packages/airflow/example_dags/example_latest_only_with_trigger.py
[2026-03-01T08:23:00.097+0000] {logging_mixin.py:188} INFO - [2026-03-01T08:23:00.097+0000] {dag.py:3036} INFO - Sync 1 DAGs
[2026-03-01T08:23:00.111+0000] {logging_mixin.py:188} INFO - [2026-03-01T08:23:00.111+0000] {dag.py:3823} INFO - Setting next_dagrun for latest_only_with_trigger to 2026-03-01 04:00:00+00:00, run_after=2026-03-01 08:00:00+00:00
[2026-03-01T08:23:00.127+0000] {processor.py:183} INFO - Processing /home/airflow/.local/lib/python3.8/site-packages/airflow/example_dags/example_latest_only_with_trigger.py took 0.055 seconds
[2026-03-01T08:23:30.230+0000] {processor.py:161} INFO - Started process (PID=1926) to work on /home/airflow/.local/lib/python3.8/site-packages/airflow/example_dags/example_latest_only_with_trigger.py
[2026-03-01T08:23:30.231+0000] {processor.py:830} INFO - Processing file /home/airflow/.local/lib/python3.8/site-packages/airflow/example_dags/example_latest_only_with_trigger.py for tasks to queue
[2026-03-01T08:23:30.233+0000] {logging_mixin.py:188} INFO - [2026-03-01T08:23:30.233+0000] {dagbag.py:538} INFO - Filling up the DagBag from /home/airflow/.local/lib/python3.8/site-packages/airflow/example_dags/example_latest_only_with_trigger.py
[2026-03-01T08:23:30.238+0000] {processor.py:840} INFO - DAG(s) 'latest_only_with_trigger' retrieved from /home/airflow/.local/lib/python3.8/site-packages/airflow/example_dags/example_latest_only_with_trigger.py
[2026-03-01T08:23:30.255+0000] {logging_mixin.py:188} INFO - [2026-03-01T08:23:30.254+0000] {dag.py:3036} INFO - Sync 1 DAGs
[2026-03-01T08:23:30.269+0000] {logging_mixin.py:188} INFO - [2026-03-01T08:23:30.269+0000] {dag.py:3823} INFO - Setting next_dagrun for latest_only_with_trigger to 2026-03-01 04:00:00+00:00, run_after=2026-03-01 08:00:00+00:00
[2026-03-01T08:23:30.288+0000] {processor.py:183} INFO - Processing /home/airflow/.local/lib/python3.8/site-packages/airflow/example_dags/example_latest_only_with_trigger.py took 0.061 seconds
[2026-03-01T08:24:00.614+0000] {processor.py:161} INFO - Started process (PID=1982) to work on /home/airflow/.local/lib/python3.8/site-packages/airflow/example_dags/example_latest_only_with_trigger.py
[2026-03-01T08:24:00.616+0000] {processor.py:830} INFO - Processing file /home/airflow/.local/lib/python3.8/site-packages/airflow/example_dags/example_latest_only_with_trigger.py for tasks to queue
[2026-03-01T08:24:00.617+0000] {logging_mixin.py:188} INFO - [2026-03-01T08:24:00.617+0000] {dagbag.py:538} INFO - Filling up the DagBag from /home/airflow/.local/lib/python3.8/site-packages/airflow/example_dags/example_latest_only_with_trigger.py
[2026-03-01T08:24:00.623+0000] {processor.py:840} INFO - DAG(s) 'latest_only_with_trigger' retrieved from /home/airflow/.local/lib/python3.8/site-packages/airflow/example_dags/example_latest_only_with_trigger.py
[2026-03-01T08:24:00.649+0000] {logging_mixin.py:188} INFO - [2026-03-01T08:24:00.648+0000] {dag.py:3036} INFO - Sync 1 DAGs
[2026-03-01T08:24:00.667+0000] {logging_mixin.py:188} INFO - [2026-03-01T08:24:00.667+0000] {dag.py:3823} INFO - Setting next_dagrun for latest_only_with_trigger to 2026-03-01 04:00:00+00:00, run_after=2026-03-01 08:00:00+00:00
[2026-03-01T08:24:00.685+0000] {processor.py:183} INFO - Processing /home/airflow/.local/lib/python3.8/site-packages/airflow/example_dags/example_latest_only_with_trigger.py took 0.074 seconds
[2026-03-01T08:24:30.876+0000] {processor.py:161} INFO - Started process (PID=2038) to work on /home/airflow/.local/lib/python3.8/site-packages/airflow/example_dags/example_latest_only_with_trigger.py
[2026-03-01T08:24:30.878+0000] {processor.py:830} INFO - Processing file /home/airflow/.local/lib/python3.8/site-packages/airflow/example_dags/example_latest_only_with_trigger.py for tasks to queue
[2026-03-01T08:24:30.880+0000] {logging_mixin.py:188} INFO - [2026-03-01T08:24:30.880+0000] {dagbag.py:538} INFO - Filling up the DagBag from /home/airflow/.local/lib/python3.8/site-packages/airflow/example_dags/example_latest_only_with_trigger.py
[2026-03-01T08:24:30.886+0000] {processor.py:840} INFO - DAG(s) 'latest_only_with_trigger' retrieved from /home/airflow/.local/lib/python3.8/site-packages/airflow/example_dags/example_latest_only_with_trigger.py
[2026-03-01T08:24:30.904+0000] {logging_mixin.py:188} INFO - [2026-03-01T08:24:30.904+0000] {dag.py:3036} INFO - Sync 1 DAGs
[2026-03-01T08:24:30.920+0000] {logging_mixin.py:188} INFO - [2026-03-01T08:24:30.920+0000] {dag.py:3823} INFO - Setting next_dagrun for latest_only_with_trigger to 2026-03-01 04:00:00+00:00, run_after=2026-03-01 08:00:00+00:00
[2026-03-01T08:24:30.935+0000] {processor.py:183} INFO - Processing /home/airflow/.local/lib/python3.8/site-packages/airflow/example_dags/example_latest_only_with_trigger.py took 0.062 seconds
[2026-03-01T08:25:01.033+0000] {processor.py:161} INFO - Started process (PID=2098) to work on /home/airflow/.local/lib/python3.8/site-packages/airflow/example_dags/example_latest_only_with_trigger.py
[2026-03-01T08:25:01.035+0000] {processor.py:830} INFO - Processing file /home/airflow/.local/lib/python3.8/site-packages/airflow/example_dags/example_latest_only_with_trigger.py for tasks to queue
[2026-03-01T08:25:01.036+0000] {logging_mixin.py:188} INFO - [2026-03-01T08:25:01.036+0000] {dagbag.py:538} INFO - Filling up the DagBag from /home/airflow/.local/lib/python3.8/site-packages/airflow/example_dags/example_latest_only_with_trigger.py
[2026-03-01T08:25:01.040+0000] {processor.py:840} INFO - DAG(s) 'latest_only_with_trigger' retrieved from /home/airflow/.local/lib/python3.8/site-packages/airflow/example_dags/example_latest_only_with_trigger.py
[2026-03-01T08:25:01.055+0000] {logging_mixin.py:188} INFO - [2026-03-01T08:25:01.055+0000] {dag.py:3036} INFO - Sync 1 DAGs
[2026-03-01T08:25:01.069+0000] {logging_mixin.py:188} INFO - [2026-03-01T08:25:01.069+0000] {dag.py:3823} INFO - Setting next_dagrun for latest_only_with_trigger to 2026-03-01 08:00:00+00:00, run_after=2026-03-01 12:00:00+00:00
[2026-03-01T08:25:01.087+0000] {processor.py:183} INFO - Processing /home/airflow/.local/lib/python3.8/site-packages/airflow/example_dags/example_latest_only_with_trigger.py took 0.056 seconds
[2026-03-01T08:25:31.405+0000] {processor.py:161} INFO - Started process (PID=2154) to work on /home/airflow/.local/lib/python3.8/site-packages/airflow/example_dags/example_latest_only_with_trigger.py
[2026-03-01T08:25:31.406+0000] {processor.py:830} INFO - Processing file /home/airflow/.local/lib/python3.8/site-packages/airflow/example_dags/example_latest_only_with_trigger.py for tasks to queue
[2026-03-01T08:25:31.408+0000] {logging_mixin.py:188} INFO - [2026-03-01T08:25:31.407+0000] {dagbag.py:538} INFO - Filling up the DagBag from /home/airflow/.local/lib/python3.8/site-packages/airflow/example_dags/example_latest_only_with_trigger.py
[2026-03-01T08:25:31.412+0000] {processor.py:840} INFO - DAG(s) 'latest_only_with_trigger' retrieved from /home/airflow/.local/lib/python3.8/site-packages/airflow/example_dags/example_latest_only_with_trigger.py
[2026-03-01T08:25:31.427+0000] {logging_mixin.py:188} INFO - [2026-03-01T08:25:31.427+0000] {dag.py:3036} INFO - Sync 1 DAGs
[2026-03-01T08:25:31.440+0000] {logging_mixin.py:188} INFO - [2026-03-01T08:25:31.439+0000] {dag.py:3823} INFO - Setting next_dagrun for latest_only_with_trigger to 2026-03-01 08:00:00+00:00, run_after=2026-03-01 12:00:00+00:00
[2026-03-01T08:25:31.455+0000] {processor.py:183} INFO - Processing /home/airflow/.local/lib/python3.8/site-packages/airflow/example_dags/example_latest_only_with_trigger.py took 0.053 seconds
[2026-03-01T08:26:01.564+0000] {processor.py:161} INFO - Started process (PID=2210) to work on /home/airflow/.local/lib/python3.8/site-packages/airflow/example_dags/example_latest_only_with_trigger.py
[2026-03-01T08:26:01.566+0000] {processor.py:830} INFO - Processing file /home/airflow/.local/lib/python3.8/site-packages/airflow/example_dags/example_latest_only_with_trigger.py for tasks to queue
[2026-03-01T08:26:01.568+0000] {logging_mixin.py:188} INFO - [2026-03-01T08:26:01.568+0000] {dagbag.py:538} INFO - Filling up the DagBag from /home/airflow/.local/lib/python3.8/site-packages/airflow/example_dags/example_latest_only_with_trigger.py
[2026-03-01T08:26:01.573+0000] {processor.py:840} INFO - DAG(s) 'latest_only_with_trigger' retrieved from /home/airflow/.local/lib/python3.8/site-packages/airflow/example_dags/example_latest_only_with_trigger.py
[2026-03-01T08:26:01.591+0000] {logging_mixin.py:188} INFO - [2026-03-01T08:26:01.590+0000] {dag.py:3036} INFO - Sync 1 DAGs
[2026-03-01T08:26:01.607+0000] {logging_mixin.py:188} INFO - [2026-03-01T08:26:01.607+0000] {dag.py:3823} INFO - Setting next_dagrun for latest_only_with_trigger to 2026-03-01 08:00:00+00:00, run_after=2026-03-01 12:00:00+00:00
[2026-03-01T08:26:01.624+0000] {processor.py:183} INFO - Processing /home/airflow/.local/lib/python3.8/site-packages/airflow/example_dags/example_latest_only_with_trigger.py took 0.063 seconds
[2026-03-01T08:26:32.065+0000] {processor.py:161} INFO - Started process (PID=2266) to work on /home/airflow/.local/lib/python3.8/site-packages/airflow/example_dags/example_latest_only_with_trigger.py
[2026-03-01T08:26:32.066+0000] {processor.py:830} INFO - Processing file /home/airflow/.local/lib/python3.8/site-packages/airflow/example_dags/example_latest_only_with_trigger.py for tasks to queue
[2026-03-01T08:26:32.067+0000] {logging_mixin.py:188} INFO - [2026-03-01T08:26:32.067+0000] {dagbag.py:538} INFO - Filling up the DagBag from /home/airflow/.local/lib/python3.8/site-packages/airflow/example_dags/example_latest_only_with_trigger.py
[2026-03-01T08:26:32.071+0000] {processor.py:840} INFO - DAG(s) 'latest_only_with_trigger' retrieved from /home/airflow/.local/lib/python3.8/site-packages/airflow/example_dags/example_latest_only_with_trigger.py
[2026-03-01T08:26:32.087+0000] {logging_mixin.py:188} INFO - [2026-03-01T08:26:32.087+0000] {dag.py:3036} INFO - Sync 1 DAGs
[2026-03-01T08:26:32.101+0000] {logging_mixin.py:188} INFO - [2026-03-01T08:26:32.101+0000] {dag.py:3823} INFO - Setting next_dagrun for latest_only_with_trigger to 2026-03-01 08:00:00+00:00, run_after=2026-03-01 12:00:00+00:00
[2026-03-01T08:26:32.113+0000] {processor.py:183} INFO - Processing /home/airflow/.local/lib/python3.8/site-packages/airflow/example_dags/example_latest_only_with_trigger.py took 0.051 seconds
[2026-03-01T08:27:02.357+0000] {processor.py:161} INFO - Started process (PID=2322) to work on /home/airflow/.local/lib/python3.8/site-packages/airflow/example_dags/example_latest_only_with_trigger.py
[2026-03-01T08:27:02.358+0000] {processor.py:830} INFO - Processing file /home/airflow/.local/lib/python3.8/site-packages/airflow/example_dags/example_latest_only_with_trigger.py for tasks to queue
[2026-03-01T08:27:02.359+0000] {logging_mixin.py:188} INFO - [2026-03-01T08:27:02.359+0000] {dagbag.py:538} INFO - Filling up the DagBag from /home/airflow/.local/lib/python3.8/site-packages/airflow/example_dags/example_latest_only_with_trigger.py
[2026-03-01T08:27:02.364+0000] {processor.py:840} INFO - DAG(s) 'latest_only_with_trigger' retrieved from /home/airflow/.local/lib/python3.8/site-packages/airflow/example_dags/example_latest_only_with_trigger.py
[2026-03-01T08:27:02.379+0000] {logging_mixin.py:188} INFO - [2026-03-01T08:27:02.379+0000] {dag.py:3036} INFO - Sync 1 DAGs
[2026-03-01T08:27:02.393+0000] {logging_mixin.py:188} INFO - [2026-03-01T08:27:02.393+0000] {dag.py:3823} INFO - Setting next_dagrun for latest_only_with_trigger to 2026-03-01 08:00:00+00:00, run_after=2026-03-01 12:00:00+00:00
[2026-03-01T08:27:02.410+0000] {processor.py:183} INFO - Processing /home/airflow/.local/lib/python3.8/site-packages/airflow/example_dags/example_latest_only_with_trigger.py took 0.055 seconds
[2026-03-01T08:27:32.497+0000] {processor.py:161} INFO - Started process (PID=2377) to work on /home/airflow/.local/lib/python3.8/site-packages/airflow/example_dags/example_latest_only_with_trigger.py
[2026-03-01T08:27:32.498+0000] {processor.py:830} INFO - Processing file /home/airflow/.local/lib/python3.8/site-packages/airflow/example_dags/example_latest_only_with_trigger.py for tasks to queue
[2026-03-01T08:27:32.500+0000] {logging_mixin.py:188} INFO - [2026-03-01T08:27:32.500+0000] {dagbag.py:538} INFO - Filling up the DagBag from /home/airflow/.local/lib/python3.8/site-packages/airflow/example_dags/example_latest_only_with_trigger.py
[2026-03-01T08:27:32.504+0000] {processor.py:840} INFO - DAG(s) 'latest_only_with_trigger' retrieved from /home/airflow/.local/lib/python3.8/site-packages/airflow/example_dags/example_latest_only_with_trigger.py
[2026-03-01T08:27:32.523+0000] {logging_mixin.py:188} INFO - [2026-03-01T08:27:32.523+0000] {dag.py:3036} INFO - Sync 1 DAGs
[2026-03-01T08:27:32.539+0000] {logging_mixin.py:188} INFO - [2026-03-01T08:27:32.539+0000] {dag.py:3823} INFO - Setting next_dagrun for latest_only_with_trigger to 2026-03-01 08:00:00+00:00, run_after=2026-03-01 12:00:00+00:00
[2026-03-01T08:27:32.554+0000] {processor.py:183} INFO - Processing /home/airflow/.local/lib/python3.8/site-packages/airflow/example_dags/example_latest_only_with_trigger.py took 0.060 seconds
[2026-03-01T08:28:02.896+0000] {processor.py:161} INFO - Started process (PID=2432) to work on /home/airflow/.local/lib/python3.8/site-packages/airflow/example_dags/example_latest_only_with_trigger.py
[2026-03-01T08:28:02.897+0000] {processor.py:830} INFO - Processing file /home/airflow/.local/lib/python3.8/site-packages/airflow/example_dags/example_latest_only_with_trigger.py for tasks to queue
[2026-03-01T08:28:02.899+0000] {logging_mixin.py:188} INFO - [2026-03-01T08:28:02.898+0000] {dagbag.py:538} INFO - Filling up the DagBag from /home/airflow/.local/lib/python3.8/site-packages/airflow/example_dags/example_latest_only_with_trigger.py
[2026-03-01T08:28:02.903+0000] {processor.py:840} INFO - DAG(s) 'latest_only_with_trigger' retrieved from /home/airflow/.local/lib/python3.8/site-packages/airflow/example_dags/example_latest_only_with_trigger.py
[2026-03-01T08:28:02.921+0000] {logging_mixin.py:188} INFO - [2026-03-01T08:28:02.921+0000] {dag.py:3036} INFO - Sync 1 DAGs
[2026-03-01T08:28:02.935+0000] {logging_mixin.py:188} INFO - [2026-03-01T08:28:02.934+0000] {dag.py:3823} INFO - Setting next_dagrun for latest_only_with_trigger to 2026-03-01 08:00:00+00:00, run_after=2026-03-01 12:00:00+00:00
[2026-03-01T08:28:02.951+0000] {processor.py:183} INFO - Processing /home/airflow/.local/lib/python3.8/site-packages/airflow/example_dags/example_latest_only_with_trigger.py took 0.057 seconds
[2026-03-01T08:28:33.076+0000] {processor.py:161} INFO - Started process (PID=2487) to work on /home/airflow/.local/lib/python3.8/site-packages/airflow/example_dags/example_latest_only_with_trigger.py
[2026-03-01T08:28:33.077+0000] {processor.py:830} INFO - Processing file /home/airflow/.local/lib/python3.8/site-packages/airflow/example_dags/example_latest_only_with_trigger.py for tasks to queue
[2026-03-01T08:28:33.079+0000] {logging_mixin.py:188} INFO - [2026-03-01T08:28:33.079+0000] {dagbag.py:538} INFO - Filling up the DagBag from /home/airflow/.local/lib/python3.8/site-packages/airflow/example_dags/example_latest_only_with_trigger.py
[2026-03-01T08:28:33.083+0000] {processor.py:840} INFO - DAG(s) 'latest_only_with_trigger' retrieved from /home/airflow/.local/lib/python3.8/site-packages/airflow/example_dags/example_latest_only_with_trigger.py
[2026-03-01T08:28:33.098+0000] {logging_mixin.py:188} INFO - [2026-03-01T08:28:33.098+0000] {dag.py:3036} INFO - Sync 1 DAGs
[2026-03-01T08:28:33.111+0000] {logging_mixin.py:188} INFO - [2026-03-01T08:28:33.111+0000] {dag.py:3823} INFO - Setting next_dagrun for latest_only_with_trigger to 2026-03-01 08:00:00+00:00, run_after=2026-03-01 12:00:00+00:00
[2026-03-01T08:28:33.126+0000] {processor.py:183} INFO - Processing /home/airflow/.local/lib/python3.8/site-packages/airflow/example_dags/example_latest_only_with_trigger.py took 0.053 seconds
[2026-03-01T08:29:03.433+0000] {processor.py:161} INFO - Started process (PID=2543) to work on /home/airflow/.local/lib/python3.8/site-packages/airflow/example_dags/example_latest_only_with_trigger.py
[2026-03-01T08:29:03.434+0000] {processor.py:830} INFO - Processing file /home/airflow/.local/lib/python3.8/site-packages/airflow/example_dags/example_latest_only_with_trigger.py for tasks to queue
[2026-03-01T08:29:03.436+0000] {logging_mixin.py:188} INFO - [2026-03-01T08:29:03.435+0000] {dagbag.py:538} INFO - Filling up the DagBag from /home/airflow/.local/lib/python3.8/site-packages/airflow/example_dags/example_latest_only_with_trigger.py
[2026-03-01T08:29:03.440+0000] {processor.py:840} INFO - DAG(s) 'latest_only_with_trigger' retrieved from /home/airflow/.local/lib/python3.8/site-packages/airflow/example_dags/example_latest_only_with_trigger.py
[2026-03-01T08:29:03.455+0000] {logging_mixin.py:188} INFO - [2026-03-01T08:29:03.455+0000] {dag.py:3036} INFO - Sync 1 DAGs
[2026-03-01T08:29:03.471+0000] {logging_mixin.py:188} INFO - [2026-03-01T08:29:03.471+0000] {dag.py:3823} INFO - Setting next_dagrun for latest_only_with_trigger to 2026-03-01 08:00:00+00:00, run_after=2026-03-01 12:00:00+00:00
[2026-03-01T08:29:03.487+0000] {processor.py:183} INFO - Processing /home/airflow/.local/lib/python3.8/site-packages/airflow/example_dags/example_latest_only_with_trigger.py took 0.056 seconds
[2026-03-01T08:29:33.923+0000] {processor.py:161} INFO - Started process (PID=2599) to work on /home/airflow/.local/lib/python3.8/site-packages/airflow/example_dags/example_latest_only_with_trigger.py
[2026-03-01T08:29:33.924+0000] {processor.py:830} INFO - Processing file /home/airflow/.local/lib/python3.8/site-packages/airflow/example_dags/example_latest_only_with_trigger.py for tasks to queue
[2026-03-01T08:29:33.926+0000] {logging_mixin.py:188} INFO - [2026-03-01T08:29:33.925+0000] {dagbag.py:538} INFO - Filling up the DagBag from /home/airflow/.local/lib/python3.8/site-packages/airflow/example_dags/example_latest_only_with_trigger.py
[2026-03-01T08:29:33.929+0000] {processor.py:840} INFO - DAG(s) 'latest_only_with_trigger' retrieved from /home/airflow/.local/lib/python3.8/site-packages/airflow/example_dags/example_latest_only_with_trigger.py
[2026-03-01T08:29:33.943+0000] {logging_mixin.py:188} INFO - [2026-03-01T08:29:33.943+0000] {dag.py:3036} INFO - Sync 1 DAGs
[2026-03-01T08:29:33.955+0000] {logging_mixin.py:188} INFO - [2026-03-01T08:29:33.955+0000] {dag.py:3823} INFO - Setting next_dagrun for latest_only_with_trigger to 2026-03-01 08:00:00+00:00, run_after=2026-03-01 12:00:00+00:00
[2026-03-01T08:29:33.970+0000] {processor.py:183} INFO - Processing /home/airflow/.local/lib/python3.8/site-packages/airflow/example_dags/example_latest_only_with_trigger.py took 0.052 seconds
[2026-03-01T08:30:04.576+0000] {processor.py:161} INFO - Started process (PID=2655) to work on /home/airflow/.local/lib/python3.8/site-packages/airflow/example_dags/example_latest_only_with_trigger.py
[2026-03-01T08:30:04.577+0000] {processor.py:830} INFO - Processing file /home/airflow/.local/lib/python3.8/site-packages/airflow/example_dags/example_latest_only_with_trigger.py for tasks to queue
[2026-03-01T08:30:04.579+0000] {logging_mixin.py:188} INFO - [2026-03-01T08:30:04.578+0000] {dagbag.py:538} INFO - Filling up the DagBag from /home/airflow/.local/lib/python3.8/site-packages/airflow/example_dags/example_latest_only_with_trigger.py
[2026-03-01T08:30:04.583+0000] {processor.py:840} INFO - DAG(s) 'latest_only_with_trigger' retrieved from /home/airflow/.local/lib/python3.8/site-packages/airflow/example_dags/example_latest_only_with_trigger.py
[2026-03-01T08:30:04.598+0000] {logging_mixin.py:188} INFO - [2026-03-01T08:30:04.598+0000] {dag.py:3036} INFO - Sync 1 DAGs
[2026-03-01T08:30:04.612+0000] {logging_mixin.py:188} INFO - [2026-03-01T08:30:04.612+0000] {dag.py:3823} INFO - Setting next_dagrun for latest_only_with_trigger to 2026-03-01 08:00:00+00:00, run_after=2026-03-01 12:00:00+00:00
[2026-03-01T08:30:04.734+0000] {processor.py:183} INFO - Processing /home/airflow/.local/lib/python3.8/site-packages/airflow/example_dags/example_latest_only_with_trigger.py took 0.161 seconds
[2026-03-01T08:30:35.021+0000] {processor.py:161} INFO - Started process (PID=2711) to work on /home/airflow/.local/lib/python3.8/site-packages/airflow/example_dags/example_latest_only_with_trigger.py
[2026-03-01T08:30:35.024+0000] {processor.py:830} INFO - Processing file /home/airflow/.local/lib/python3.8/site-packages/airflow/example_dags/example_latest_only_with_trigger.py for tasks to queue
[2026-03-01T08:30:35.027+0000] {logging_mixin.py:188} INFO - [2026-03-01T08:30:35.027+0000] {dagbag.py:538} INFO - Filling up the DagBag from /home/airflow/.local/lib/python3.8/site-packages/airflow/example_dags/example_latest_only_with_trigger.py
[2026-03-01T08:30:35.032+0000] {processor.py:840} INFO - DAG(s) 'latest_only_with_trigger' retrieved from /home/airflow/.local/lib/python3.8/site-packages/airflow/example_dags/example_latest_only_with_trigger.py
[2026-03-01T08:30:35.049+0000] {logging_mixin.py:188} INFO - [2026-03-01T08:30:35.049+0000] {dag.py:3036} INFO - Sync 1 DAGs
[2026-03-01T08:30:35.065+0000] {logging_mixin.py:188} INFO - [2026-03-01T08:30:35.065+0000] {dag.py:3823} INFO - Setting next_dagrun for latest_only_with_trigger to 2026-03-01 08:00:00+00:00, run_after=2026-03-01 12:00:00+00:00
[2026-03-01T08:30:35.086+0000] {processor.py:183} INFO - Processing /home/airflow/.local/lib/python3.8/site-packages/airflow/example_dags/example_latest_only_with_trigger.py took 0.068 seconds
