[2026-03-01T08:07:50.013+0000] {processor.py:161} INFO - Started process (PID=102) to work on /home/airflow/.local/lib/python3.8/site-packages/airflow/example_dags/example_branch_day_of_week_operator.py
[2026-03-01T08:07:50.015+0000] {processor.py:830} INFO - Processing file /home/airflow/.local/lib/python3.8/site-packages/airflow/example_dags/example_branch_day_of_week_operator.py for tasks to queue
[2026-03-01T08:07:50.017+0000] {logging_mixin.py:188} INFO - [2026-03-01T08:07:50.017+0000] {dagbag.py:538} INFO - Filling up the DagBag from /home/airflow/.local/lib/python3.8/site-packages/airflow/example_dags/example_branch_day_of_week_operator.py
[2026-03-01T08:07:50.028+0000] {processor.py:840} INFO - DAG(s) 'example_weekday_branch_operator' retrieved from /home/airflow/.local/lib/python3.8/site-packages/airflow/example_dags/example_branch_day_of_week_operator.py
[2026-03-01T08:07:50.124+0000] {logging_mixin.py:188} INFO - [2026-03-01T08:07:50.124+0000] {override.py:1769} INFO - Created Permission View: can edit on DAG:example_weekday_branch_operator
[2026-03-01T08:07:50.135+0000] {logging_mixin.py:188} INFO - [2026-03-01T08:07:50.135+0000] {override.py:1769} INFO - Created Permission View: can delete on DAG:example_weekday_branch_operator
[2026-03-01T08:07:50.142+0000] {logging_mixin.py:188} INFO - [2026-03-01T08:07:50.141+0000] {override.py:1769} INFO - Created Permission View: can read on DAG:example_weekday_branch_operator
[2026-03-01T08:07:50.143+0000] {logging_mixin.py:188} INFO - [2026-03-01T08:07:50.142+0000] {dag.py:3036} INFO - Sync 1 DAGs
[2026-03-01T08:07:50.155+0000] {logging_mixin.py:188} INFO - [2026-03-01T08:07:50.155+0000] {dag.py:3058} INFO - Creating ORM DAG for example_weekday_branch_operator
[2026-03-01T08:07:50.166+0000] {logging_mixin.py:188} INFO - [2026-03-01T08:07:50.166+0000] {dag.py:3823} INFO - Setting next_dagrun for example_weekday_branch_operator to 2026-02-28 00:00:00+00:00, run_after=2026-03-01 00:00:00+00:00
[2026-03-01T08:07:50.182+0000] {processor.py:183} INFO - Processing /home/airflow/.local/lib/python3.8/site-packages/airflow/example_dags/example_branch_day_of_week_operator.py took 0.173 seconds
[2026-03-01T08:08:20.319+0000] {processor.py:161} INFO - Started process (PID=157) to work on /home/airflow/.local/lib/python3.8/site-packages/airflow/example_dags/example_branch_day_of_week_operator.py
[2026-03-01T08:08:20.321+0000] {processor.py:830} INFO - Processing file /home/airflow/.local/lib/python3.8/site-packages/airflow/example_dags/example_branch_day_of_week_operator.py for tasks to queue
[2026-03-01T08:08:20.322+0000] {logging_mixin.py:188} INFO - [2026-03-01T08:08:20.322+0000] {dagbag.py:538} INFO - Filling up the DagBag from /home/airflow/.local/lib/python3.8/site-packages/airflow/example_dags/example_branch_day_of_week_operator.py
[2026-03-01T08:08:20.328+0000] {processor.py:840} INFO - DAG(s) 'example_weekday_branch_operator' retrieved from /home/airflow/.local/lib/python3.8/site-packages/airflow/example_dags/example_branch_day_of_week_operator.py
[2026-03-01T08:08:20.345+0000] {logging_mixin.py:188} INFO - [2026-03-01T08:08:20.344+0000] {dag.py:3036} INFO - Sync 1 DAGs
[2026-03-01T08:08:20.358+0000] {logging_mixin.py:188} INFO - [2026-03-01T08:08:20.358+0000] {dag.py:3823} INFO - Setting next_dagrun for example_weekday_branch_operator to 2026-02-28 00:00:00+00:00, run_after=2026-03-01 00:00:00+00:00
[2026-03-01T08:08:20.370+0000] {processor.py:183} INFO - Processing /home/airflow/.local/lib/python3.8/site-packages/airflow/example_dags/example_branch_day_of_week_operator.py took 0.053 seconds
[2026-03-01T08:08:50.934+0000] {processor.py:161} INFO - Started process (PID=212) to work on /home/airflow/.local/lib/python3.8/site-packages/airflow/example_dags/example_branch_day_of_week_operator.py
[2026-03-01T08:08:50.936+0000] {processor.py:830} INFO - Processing file /home/airflow/.local/lib/python3.8/site-packages/airflow/example_dags/example_branch_day_of_week_operator.py for tasks to queue
[2026-03-01T08:08:50.938+0000] {logging_mixin.py:188} INFO - [2026-03-01T08:08:50.937+0000] {dagbag.py:538} INFO - Filling up the DagBag from /home/airflow/.local/lib/python3.8/site-packages/airflow/example_dags/example_branch_day_of_week_operator.py
[2026-03-01T08:08:50.943+0000] {processor.py:840} INFO - DAG(s) 'example_weekday_branch_operator' retrieved from /home/airflow/.local/lib/python3.8/site-packages/airflow/example_dags/example_branch_day_of_week_operator.py
[2026-03-01T08:08:50.960+0000] {logging_mixin.py:188} INFO - [2026-03-01T08:08:50.960+0000] {dag.py:3036} INFO - Sync 1 DAGs
[2026-03-01T08:08:50.974+0000] {logging_mixin.py:188} INFO - [2026-03-01T08:08:50.974+0000] {dag.py:3823} INFO - Setting next_dagrun for example_weekday_branch_operator to 2026-02-28 00:00:00+00:00, run_after=2026-03-01 00:00:00+00:00
[2026-03-01T08:08:50.988+0000] {processor.py:183} INFO - Processing /home/airflow/.local/lib/python3.8/site-packages/airflow/example_dags/example_branch_day_of_week_operator.py took 0.056 seconds
[2026-03-01T08:09:21.228+0000] {processor.py:161} INFO - Started process (PID=267) to work on /home/airflow/.local/lib/python3.8/site-packages/airflow/example_dags/example_branch_day_of_week_operator.py
[2026-03-01T08:09:21.229+0000] {processor.py:830} INFO - Processing file /home/airflow/.local/lib/python3.8/site-packages/airflow/example_dags/example_branch_day_of_week_operator.py for tasks to queue
[2026-03-01T08:09:21.231+0000] {logging_mixin.py:188} INFO - [2026-03-01T08:09:21.230+0000] {dagbag.py:538} INFO - Filling up the DagBag from /home/airflow/.local/lib/python3.8/site-packages/airflow/example_dags/example_branch_day_of_week_operator.py
[2026-03-01T08:09:21.237+0000] {processor.py:840} INFO - DAG(s) 'example_weekday_branch_operator' retrieved from /home/airflow/.local/lib/python3.8/site-packages/airflow/example_dags/example_branch_day_of_week_operator.py
[2026-03-01T08:09:21.254+0000] {logging_mixin.py:188} INFO - [2026-03-01T08:09:21.253+0000] {dag.py:3036} INFO - Sync 1 DAGs
[2026-03-01T08:09:21.268+0000] {logging_mixin.py:188} INFO - [2026-03-01T08:09:21.268+0000] {dag.py:3823} INFO - Setting next_dagrun for example_weekday_branch_operator to 2026-02-28 00:00:00+00:00, run_after=2026-03-01 00:00:00+00:00
[2026-03-01T08:09:21.283+0000] {processor.py:183} INFO - Processing /home/airflow/.local/lib/python3.8/site-packages/airflow/example_dags/example_branch_day_of_week_operator.py took 0.059 seconds
[2026-03-01T08:09:51.762+0000] {processor.py:161} INFO - Started process (PID=322) to work on /home/airflow/.local/lib/python3.8/site-packages/airflow/example_dags/example_branch_day_of_week_operator.py
[2026-03-01T08:09:51.765+0000] {processor.py:830} INFO - Processing file /home/airflow/.local/lib/python3.8/site-packages/airflow/example_dags/example_branch_day_of_week_operator.py for tasks to queue
[2026-03-01T08:09:51.767+0000] {logging_mixin.py:188} INFO - [2026-03-01T08:09:51.766+0000] {dagbag.py:538} INFO - Filling up the DagBag from /home/airflow/.local/lib/python3.8/site-packages/airflow/example_dags/example_branch_day_of_week_operator.py
[2026-03-01T08:09:51.773+0000] {processor.py:840} INFO - DAG(s) 'example_weekday_branch_operator' retrieved from /home/airflow/.local/lib/python3.8/site-packages/airflow/example_dags/example_branch_day_of_week_operator.py
[2026-03-01T08:09:51.788+0000] {logging_mixin.py:188} INFO - [2026-03-01T08:09:51.788+0000] {dag.py:3036} INFO - Sync 1 DAGs
[2026-03-01T08:09:51.802+0000] {logging_mixin.py:188} INFO - [2026-03-01T08:09:51.802+0000] {dag.py:3823} INFO - Setting next_dagrun for example_weekday_branch_operator to 2026-02-28 00:00:00+00:00, run_after=2026-03-01 00:00:00+00:00
[2026-03-01T08:09:51.815+0000] {processor.py:183} INFO - Processing /home/airflow/.local/lib/python3.8/site-packages/airflow/example_dags/example_branch_day_of_week_operator.py took 0.056 seconds
[2026-03-01T08:10:22.216+0000] {processor.py:161} INFO - Started process (PID=377) to work on /home/airflow/.local/lib/python3.8/site-packages/airflow/example_dags/example_branch_day_of_week_operator.py
[2026-03-01T08:10:22.217+0000] {processor.py:830} INFO - Processing file /home/airflow/.local/lib/python3.8/site-packages/airflow/example_dags/example_branch_day_of_week_operator.py for tasks to queue
[2026-03-01T08:10:22.219+0000] {logging_mixin.py:188} INFO - [2026-03-01T08:10:22.219+0000] {dagbag.py:538} INFO - Filling up the DagBag from /home/airflow/.local/lib/python3.8/site-packages/airflow/example_dags/example_branch_day_of_week_operator.py
[2026-03-01T08:10:22.225+0000] {processor.py:840} INFO - DAG(s) 'example_weekday_branch_operator' retrieved from /home/airflow/.local/lib/python3.8/site-packages/airflow/example_dags/example_branch_day_of_week_operator.py
[2026-03-01T08:10:22.242+0000] {logging_mixin.py:188} INFO - [2026-03-01T08:10:22.241+0000] {dag.py:3036} INFO - Sync 1 DAGs
[2026-03-01T08:10:22.255+0000] {logging_mixin.py:188} INFO - [2026-03-01T08:10:22.255+0000] {dag.py:3823} INFO - Setting next_dagrun for example_weekday_branch_operator to 2026-02-28 00:00:00+00:00, run_after=2026-03-01 00:00:00+00:00
[2026-03-01T08:10:22.271+0000] {processor.py:183} INFO - Processing /home/airflow/.local/lib/python3.8/site-packages/airflow/example_dags/example_branch_day_of_week_operator.py took 0.058 seconds
[2026-03-01T08:10:52.774+0000] {processor.py:161} INFO - Started process (PID=432) to work on /home/airflow/.local/lib/python3.8/site-packages/airflow/example_dags/example_branch_day_of_week_operator.py
[2026-03-01T08:10:52.775+0000] {processor.py:830} INFO - Processing file /home/airflow/.local/lib/python3.8/site-packages/airflow/example_dags/example_branch_day_of_week_operator.py for tasks to queue
[2026-03-01T08:10:52.776+0000] {logging_mixin.py:188} INFO - [2026-03-01T08:10:52.776+0000] {dagbag.py:538} INFO - Filling up the DagBag from /home/airflow/.local/lib/python3.8/site-packages/airflow/example_dags/example_branch_day_of_week_operator.py
[2026-03-01T08:10:52.781+0000] {processor.py:840} INFO - DAG(s) 'example_weekday_branch_operator' retrieved from /home/airflow/.local/lib/python3.8/site-packages/airflow/example_dags/example_branch_day_of_week_operator.py
[2026-03-01T08:10:52.797+0000] {logging_mixin.py:188} INFO - [2026-03-01T08:10:52.797+0000] {dag.py:3036} INFO - Sync 1 DAGs
[2026-03-01T08:10:52.812+0000] {logging_mixin.py:188} INFO - [2026-03-01T08:10:52.812+0000] {dag.py:3823} INFO - Setting next_dagrun for example_weekday_branch_operator to 2026-02-28 00:00:00+00:00, run_after=2026-03-01 00:00:00+00:00
[2026-03-01T08:10:52.825+0000] {processor.py:183} INFO - Processing /home/airflow/.local/lib/python3.8/site-packages/airflow/example_dags/example_branch_day_of_week_operator.py took 0.053 seconds
[2026-03-01T08:11:23.107+0000] {processor.py:161} INFO - Started process (PID=493) to work on /home/airflow/.local/lib/python3.8/site-packages/airflow/example_dags/example_branch_day_of_week_operator.py
[2026-03-01T08:11:23.108+0000] {processor.py:830} INFO - Processing file /home/airflow/.local/lib/python3.8/site-packages/airflow/example_dags/example_branch_day_of_week_operator.py for tasks to queue
[2026-03-01T08:11:23.109+0000] {logging_mixin.py:188} INFO - [2026-03-01T08:11:23.109+0000] {dagbag.py:538} INFO - Filling up the DagBag from /home/airflow/.local/lib/python3.8/site-packages/airflow/example_dags/example_branch_day_of_week_operator.py
[2026-03-01T08:11:23.116+0000] {processor.py:840} INFO - DAG(s) 'example_weekday_branch_operator' retrieved from /home/airflow/.local/lib/python3.8/site-packages/airflow/example_dags/example_branch_day_of_week_operator.py
[2026-03-01T08:11:23.132+0000] {logging_mixin.py:188} INFO - [2026-03-01T08:11:23.132+0000] {dag.py:3036} INFO - Sync 1 DAGs
[2026-03-01T08:11:23.147+0000] {logging_mixin.py:188} INFO - [2026-03-01T08:11:23.147+0000] {dag.py:3823} INFO - Setting next_dagrun for example_weekday_branch_operator to 2026-02-28 00:00:00+00:00, run_after=2026-03-01 00:00:00+00:00
[2026-03-01T08:11:23.159+0000] {processor.py:183} INFO - Processing /home/airflow/.local/lib/python3.8/site-packages/airflow/example_dags/example_branch_day_of_week_operator.py took 0.055 seconds
[2026-03-01T08:11:53.182+0000] {processor.py:161} INFO - Started process (PID=553) to work on /home/airflow/.local/lib/python3.8/site-packages/airflow/example_dags/example_branch_day_of_week_operator.py
[2026-03-01T08:11:53.183+0000] {processor.py:830} INFO - Processing file /home/airflow/.local/lib/python3.8/site-packages/airflow/example_dags/example_branch_day_of_week_operator.py for tasks to queue
[2026-03-01T08:11:53.184+0000] {logging_mixin.py:188} INFO - [2026-03-01T08:11:53.184+0000] {dagbag.py:538} INFO - Filling up the DagBag from /home/airflow/.local/lib/python3.8/site-packages/airflow/example_dags/example_branch_day_of_week_operator.py
[2026-03-01T08:11:53.189+0000] {processor.py:840} INFO - DAG(s) 'example_weekday_branch_operator' retrieved from /home/airflow/.local/lib/python3.8/site-packages/airflow/example_dags/example_branch_day_of_week_operator.py
[2026-03-01T08:11:53.203+0000] {logging_mixin.py:188} INFO - [2026-03-01T08:11:53.203+0000] {dag.py:3036} INFO - Sync 1 DAGs
[2026-03-01T08:11:53.218+0000] {logging_mixin.py:188} INFO - [2026-03-01T08:11:53.218+0000] {dag.py:3823} INFO - Setting next_dagrun for example_weekday_branch_operator to 2026-02-28 00:00:00+00:00, run_after=2026-03-01 00:00:00+00:00
[2026-03-01T08:11:53.231+0000] {processor.py:183} INFO - Processing /home/airflow/.local/lib/python3.8/site-packages/airflow/example_dags/example_branch_day_of_week_operator.py took 0.052 seconds
[2026-03-01T08:12:24.420+0000] {processor.py:161} INFO - Started process (PID=632) to work on /home/airflow/.local/lib/python3.8/site-packages/airflow/example_dags/example_branch_day_of_week_operator.py
[2026-03-01T08:12:24.422+0000] {processor.py:830} INFO - Processing file /home/airflow/.local/lib/python3.8/site-packages/airflow/example_dags/example_branch_day_of_week_operator.py for tasks to queue
[2026-03-01T08:12:24.423+0000] {logging_mixin.py:188} INFO - [2026-03-01T08:12:24.423+0000] {dagbag.py:538} INFO - Filling up the DagBag from /home/airflow/.local/lib/python3.8/site-packages/airflow/example_dags/example_branch_day_of_week_operator.py
[2026-03-01T08:12:24.428+0000] {processor.py:840} INFO - DAG(s) 'example_weekday_branch_operator' retrieved from /home/airflow/.local/lib/python3.8/site-packages/airflow/example_dags/example_branch_day_of_week_operator.py
[2026-03-01T08:12:24.443+0000] {logging_mixin.py:188} INFO - [2026-03-01T08:12:24.443+0000] {dag.py:3036} INFO - Sync 1 DAGs
[2026-03-01T08:12:24.457+0000] {logging_mixin.py:188} INFO - [2026-03-01T08:12:24.457+0000] {dag.py:3823} INFO - Setting next_dagrun for example_weekday_branch_operator to 2026-02-28 00:00:00+00:00, run_after=2026-03-01 00:00:00+00:00
[2026-03-01T08:12:24.469+0000] {processor.py:183} INFO - Processing /home/airflow/.local/lib/python3.8/site-packages/airflow/example_dags/example_branch_day_of_week_operator.py took 0.050 seconds
[2026-03-01T08:12:54.763+0000] {processor.py:161} INFO - Started process (PID=686) to work on /home/airflow/.local/lib/python3.8/site-packages/airflow/example_dags/example_branch_day_of_week_operator.py
[2026-03-01T08:12:54.764+0000] {processor.py:830} INFO - Processing file /home/airflow/.local/lib/python3.8/site-packages/airflow/example_dags/example_branch_day_of_week_operator.py for tasks to queue
[2026-03-01T08:12:54.766+0000] {logging_mixin.py:188} INFO - [2026-03-01T08:12:54.766+0000] {dagbag.py:538} INFO - Filling up the DagBag from /home/airflow/.local/lib/python3.8/site-packages/airflow/example_dags/example_branch_day_of_week_operator.py
[2026-03-01T08:12:54.771+0000] {processor.py:840} INFO - DAG(s) 'example_weekday_branch_operator' retrieved from /home/airflow/.local/lib/python3.8/site-packages/airflow/example_dags/example_branch_day_of_week_operator.py
[2026-03-01T08:12:54.787+0000] {logging_mixin.py:188} INFO - [2026-03-01T08:12:54.787+0000] {dag.py:3036} INFO - Sync 1 DAGs
[2026-03-01T08:12:54.800+0000] {logging_mixin.py:188} INFO - [2026-03-01T08:12:54.800+0000] {dag.py:3823} INFO - Setting next_dagrun for example_weekday_branch_operator to 2026-02-28 00:00:00+00:00, run_after=2026-03-01 00:00:00+00:00
[2026-03-01T08:12:54.812+0000] {processor.py:183} INFO - Processing /home/airflow/.local/lib/python3.8/site-packages/airflow/example_dags/example_branch_day_of_week_operator.py took 0.052 seconds
[2026-03-01T08:13:24.848+0000] {processor.py:161} INFO - Started process (PID=741) to work on /home/airflow/.local/lib/python3.8/site-packages/airflow/example_dags/example_branch_day_of_week_operator.py
[2026-03-01T08:13:24.849+0000] {processor.py:830} INFO - Processing file /home/airflow/.local/lib/python3.8/site-packages/airflow/example_dags/example_branch_day_of_week_operator.py for tasks to queue
[2026-03-01T08:13:24.850+0000] {logging_mixin.py:188} INFO - [2026-03-01T08:13:24.850+0000] {dagbag.py:538} INFO - Filling up the DagBag from /home/airflow/.local/lib/python3.8/site-packages/airflow/example_dags/example_branch_day_of_week_operator.py
[2026-03-01T08:13:24.857+0000] {processor.py:840} INFO - DAG(s) 'example_weekday_branch_operator' retrieved from /home/airflow/.local/lib/python3.8/site-packages/airflow/example_dags/example_branch_day_of_week_operator.py
[2026-03-01T08:13:24.873+0000] {logging_mixin.py:188} INFO - [2026-03-01T08:13:24.873+0000] {dag.py:3036} INFO - Sync 1 DAGs
[2026-03-01T08:13:24.888+0000] {logging_mixin.py:188} INFO - [2026-03-01T08:13:24.888+0000] {dag.py:3823} INFO - Setting next_dagrun for example_weekday_branch_operator to 2026-02-28 00:00:00+00:00, run_after=2026-03-01 00:00:00+00:00
[2026-03-01T08:13:24.902+0000] {processor.py:183} INFO - Processing /home/airflow/.local/lib/python3.8/site-packages/airflow/example_dags/example_branch_day_of_week_operator.py took 0.056 seconds
[2026-03-01T08:13:55.223+0000] {processor.py:161} INFO - Started process (PID=819) to work on /home/airflow/.local/lib/python3.8/site-packages/airflow/example_dags/example_branch_day_of_week_operator.py
[2026-03-01T08:13:55.224+0000] {processor.py:830} INFO - Processing file /home/airflow/.local/lib/python3.8/site-packages/airflow/example_dags/example_branch_day_of_week_operator.py for tasks to queue
[2026-03-01T08:13:55.226+0000] {logging_mixin.py:188} INFO - [2026-03-01T08:13:55.226+0000] {dagbag.py:538} INFO - Filling up the DagBag from /home/airflow/.local/lib/python3.8/site-packages/airflow/example_dags/example_branch_day_of_week_operator.py
[2026-03-01T08:13:55.231+0000] {processor.py:840} INFO - DAG(s) 'example_weekday_branch_operator' retrieved from /home/airflow/.local/lib/python3.8/site-packages/airflow/example_dags/example_branch_day_of_week_operator.py
[2026-03-01T08:13:55.247+0000] {logging_mixin.py:188} INFO - [2026-03-01T08:13:55.247+0000] {dag.py:3036} INFO - Sync 1 DAGs
[2026-03-01T08:13:55.262+0000] {logging_mixin.py:188} INFO - [2026-03-01T08:13:55.262+0000] {dag.py:3823} INFO - Setting next_dagrun for example_weekday_branch_operator to 2026-02-28 00:00:00+00:00, run_after=2026-03-01 00:00:00+00:00
[2026-03-01T08:13:55.276+0000] {processor.py:183} INFO - Processing /home/airflow/.local/lib/python3.8/site-packages/airflow/example_dags/example_branch_day_of_week_operator.py took 0.055 seconds
[2026-03-01T08:14:25.439+0000] {processor.py:161} INFO - Started process (PID=896) to work on /home/airflow/.local/lib/python3.8/site-packages/airflow/example_dags/example_branch_day_of_week_operator.py
[2026-03-01T08:14:25.440+0000] {processor.py:830} INFO - Processing file /home/airflow/.local/lib/python3.8/site-packages/airflow/example_dags/example_branch_day_of_week_operator.py for tasks to queue
[2026-03-01T08:14:25.442+0000] {logging_mixin.py:188} INFO - [2026-03-01T08:14:25.442+0000] {dagbag.py:538} INFO - Filling up the DagBag from /home/airflow/.local/lib/python3.8/site-packages/airflow/example_dags/example_branch_day_of_week_operator.py
[2026-03-01T08:14:25.447+0000] {processor.py:840} INFO - DAG(s) 'example_weekday_branch_operator' retrieved from /home/airflow/.local/lib/python3.8/site-packages/airflow/example_dags/example_branch_day_of_week_operator.py
[2026-03-01T08:14:25.456+0000] {logging_mixin.py:188} INFO - [2026-03-01T08:14:25.456+0000] {dag.py:3036} INFO - Sync 1 DAGs
[2026-03-01T08:14:25.473+0000] {logging_mixin.py:188} INFO - [2026-03-01T08:14:25.472+0000] {dag.py:3823} INFO - Setting next_dagrun for example_weekday_branch_operator to 2026-02-28 00:00:00+00:00, run_after=2026-03-01 00:00:00+00:00
[2026-03-01T08:14:25.490+0000] {processor.py:183} INFO - Processing /home/airflow/.local/lib/python3.8/site-packages/airflow/example_dags/example_branch_day_of_week_operator.py took 0.053 seconds
[2026-03-01T08:14:56.315+0000] {processor.py:161} INFO - Started process (PID=951) to work on /home/airflow/.local/lib/python3.8/site-packages/airflow/example_dags/example_branch_day_of_week_operator.py
[2026-03-01T08:14:56.317+0000] {processor.py:830} INFO - Processing file /home/airflow/.local/lib/python3.8/site-packages/airflow/example_dags/example_branch_day_of_week_operator.py for tasks to queue
[2026-03-01T08:14:56.319+0000] {logging_mixin.py:188} INFO - [2026-03-01T08:14:56.318+0000] {dagbag.py:538} INFO - Filling up the DagBag from /home/airflow/.local/lib/python3.8/site-packages/airflow/example_dags/example_branch_day_of_week_operator.py
[2026-03-01T08:14:56.324+0000] {processor.py:840} INFO - DAG(s) 'example_weekday_branch_operator' retrieved from /home/airflow/.local/lib/python3.8/site-packages/airflow/example_dags/example_branch_day_of_week_operator.py
[2026-03-01T08:14:56.386+0000] {logging_mixin.py:188} INFO - [2026-03-01T08:14:56.385+0000] {dag.py:3036} INFO - Sync 1 DAGs
[2026-03-01T08:14:56.398+0000] {logging_mixin.py:188} INFO - [2026-03-01T08:14:56.398+0000] {dag.py:3823} INFO - Setting next_dagrun for example_weekday_branch_operator to 2026-02-28 00:00:00+00:00, run_after=2026-03-01 00:00:00+00:00
[2026-03-01T08:14:56.415+0000] {processor.py:183} INFO - Processing /home/airflow/.local/lib/python3.8/site-packages/airflow/example_dags/example_branch_day_of_week_operator.py took 0.102 seconds
[2026-03-01T08:15:26.769+0000] {processor.py:161} INFO - Started process (PID=1006) to work on /home/airflow/.local/lib/python3.8/site-packages/airflow/example_dags/example_branch_day_of_week_operator.py
[2026-03-01T08:15:26.771+0000] {processor.py:830} INFO - Processing file /home/airflow/.local/lib/python3.8/site-packages/airflow/example_dags/example_branch_day_of_week_operator.py for tasks to queue
[2026-03-01T08:15:26.772+0000] {logging_mixin.py:188} INFO - [2026-03-01T08:15:26.772+0000] {dagbag.py:538} INFO - Filling up the DagBag from /home/airflow/.local/lib/python3.8/site-packages/airflow/example_dags/example_branch_day_of_week_operator.py
[2026-03-01T08:15:26.778+0000] {processor.py:840} INFO - DAG(s) 'example_weekday_branch_operator' retrieved from /home/airflow/.local/lib/python3.8/site-packages/airflow/example_dags/example_branch_day_of_week_operator.py
[2026-03-01T08:15:26.793+0000] {logging_mixin.py:188} INFO - [2026-03-01T08:15:26.793+0000] {dag.py:3036} INFO - Sync 1 DAGs
[2026-03-01T08:15:26.806+0000] {logging_mixin.py:188} INFO - [2026-03-01T08:15:26.806+0000] {dag.py:3823} INFO - Setting next_dagrun for example_weekday_branch_operator to 2026-02-28 00:00:00+00:00, run_after=2026-03-01 00:00:00+00:00
[2026-03-01T08:15:26.817+0000] {processor.py:183} INFO - Processing /home/airflow/.local/lib/python3.8/site-packages/airflow/example_dags/example_branch_day_of_week_operator.py took 0.050 seconds
[2026-03-01T08:15:57.054+0000] {processor.py:161} INFO - Started process (PID=1068) to work on /home/airflow/.local/lib/python3.8/site-packages/airflow/example_dags/example_branch_day_of_week_operator.py
[2026-03-01T08:15:57.055+0000] {processor.py:830} INFO - Processing file /home/airflow/.local/lib/python3.8/site-packages/airflow/example_dags/example_branch_day_of_week_operator.py for tasks to queue
[2026-03-01T08:15:57.057+0000] {logging_mixin.py:188} INFO - [2026-03-01T08:15:57.056+0000] {dagbag.py:538} INFO - Filling up the DagBag from /home/airflow/.local/lib/python3.8/site-packages/airflow/example_dags/example_branch_day_of_week_operator.py
[2026-03-01T08:15:57.062+0000] {processor.py:840} INFO - DAG(s) 'example_weekday_branch_operator' retrieved from /home/airflow/.local/lib/python3.8/site-packages/airflow/example_dags/example_branch_day_of_week_operator.py
[2026-03-01T08:15:57.078+0000] {logging_mixin.py:188} INFO - [2026-03-01T08:15:57.078+0000] {dag.py:3036} INFO - Sync 1 DAGs
[2026-03-01T08:15:57.093+0000] {logging_mixin.py:188} INFO - [2026-03-01T08:15:57.093+0000] {dag.py:3823} INFO - Setting next_dagrun for example_weekday_branch_operator to 2026-02-28 00:00:00+00:00, run_after=2026-03-01 00:00:00+00:00
[2026-03-01T08:15:57.121+0000] {processor.py:183} INFO - Processing /home/airflow/.local/lib/python3.8/site-packages/airflow/example_dags/example_branch_day_of_week_operator.py took 0.070 seconds
[2026-03-01T08:16:27.450+0000] {processor.py:161} INFO - Started process (PID=1139) to work on /home/airflow/.local/lib/python3.8/site-packages/airflow/example_dags/example_branch_day_of_week_operator.py
[2026-03-01T08:16:27.451+0000] {processor.py:830} INFO - Processing file /home/airflow/.local/lib/python3.8/site-packages/airflow/example_dags/example_branch_day_of_week_operator.py for tasks to queue
[2026-03-01T08:16:27.453+0000] {logging_mixin.py:188} INFO - [2026-03-01T08:16:27.453+0000] {dagbag.py:538} INFO - Filling up the DagBag from /home/airflow/.local/lib/python3.8/site-packages/airflow/example_dags/example_branch_day_of_week_operator.py
[2026-03-01T08:16:27.458+0000] {processor.py:840} INFO - DAG(s) 'example_weekday_branch_operator' retrieved from /home/airflow/.local/lib/python3.8/site-packages/airflow/example_dags/example_branch_day_of_week_operator.py
[2026-03-01T08:16:27.475+0000] {logging_mixin.py:188} INFO - [2026-03-01T08:16:27.474+0000] {dag.py:3036} INFO - Sync 1 DAGs
[2026-03-01T08:16:27.489+0000] {logging_mixin.py:188} INFO - [2026-03-01T08:16:27.489+0000] {dag.py:3823} INFO - Setting next_dagrun for example_weekday_branch_operator to 2026-02-28 00:00:00+00:00, run_after=2026-03-01 00:00:00+00:00
[2026-03-01T08:16:27.502+0000] {processor.py:183} INFO - Processing /home/airflow/.local/lib/python3.8/site-packages/airflow/example_dags/example_branch_day_of_week_operator.py took 0.054 seconds
[2026-03-01T08:16:57.792+0000] {processor.py:161} INFO - Started process (PID=1200) to work on /home/airflow/.local/lib/python3.8/site-packages/airflow/example_dags/example_branch_day_of_week_operator.py
[2026-03-01T08:16:57.794+0000] {processor.py:830} INFO - Processing file /home/airflow/.local/lib/python3.8/site-packages/airflow/example_dags/example_branch_day_of_week_operator.py for tasks to queue
[2026-03-01T08:16:57.796+0000] {logging_mixin.py:188} INFO - [2026-03-01T08:16:57.795+0000] {dagbag.py:538} INFO - Filling up the DagBag from /home/airflow/.local/lib/python3.8/site-packages/airflow/example_dags/example_branch_day_of_week_operator.py
[2026-03-01T08:16:57.802+0000] {processor.py:840} INFO - DAG(s) 'example_weekday_branch_operator' retrieved from /home/airflow/.local/lib/python3.8/site-packages/airflow/example_dags/example_branch_day_of_week_operator.py
[2026-03-01T08:16:57.820+0000] {logging_mixin.py:188} INFO - [2026-03-01T08:16:57.820+0000] {dag.py:3036} INFO - Sync 1 DAGs
[2026-03-01T08:16:57.836+0000] {logging_mixin.py:188} INFO - [2026-03-01T08:16:57.836+0000] {dag.py:3823} INFO - Setting next_dagrun for example_weekday_branch_operator to 2026-02-28 00:00:00+00:00, run_after=2026-03-01 00:00:00+00:00
[2026-03-01T08:16:57.849+0000] {processor.py:183} INFO - Processing /home/airflow/.local/lib/python3.8/site-packages/airflow/example_dags/example_branch_day_of_week_operator.py took 0.059 seconds
[2026-03-01T08:17:27.949+0000] {processor.py:161} INFO - Started process (PID=1278) to work on /home/airflow/.local/lib/python3.8/site-packages/airflow/example_dags/example_branch_day_of_week_operator.py
[2026-03-01T08:17:27.951+0000] {processor.py:830} INFO - Processing file /home/airflow/.local/lib/python3.8/site-packages/airflow/example_dags/example_branch_day_of_week_operator.py for tasks to queue
[2026-03-01T08:17:27.953+0000] {logging_mixin.py:188} INFO - [2026-03-01T08:17:27.953+0000] {dagbag.py:538} INFO - Filling up the DagBag from /home/airflow/.local/lib/python3.8/site-packages/airflow/example_dags/example_branch_day_of_week_operator.py
[2026-03-01T08:17:27.959+0000] {processor.py:840} INFO - DAG(s) 'example_weekday_branch_operator' retrieved from /home/airflow/.local/lib/python3.8/site-packages/airflow/example_dags/example_branch_day_of_week_operator.py
[2026-03-01T08:17:27.976+0000] {logging_mixin.py:188} INFO - [2026-03-01T08:17:27.976+0000] {dag.py:3036} INFO - Sync 1 DAGs
[2026-03-01T08:17:27.992+0000] {logging_mixin.py:188} INFO - [2026-03-01T08:17:27.992+0000] {dag.py:3823} INFO - Setting next_dagrun for example_weekday_branch_operator to 2026-02-28 00:00:00+00:00, run_after=2026-03-01 00:00:00+00:00
[2026-03-01T08:17:28.007+0000] {processor.py:183} INFO - Processing /home/airflow/.local/lib/python3.8/site-packages/airflow/example_dags/example_branch_day_of_week_operator.py took 0.060 seconds
[2026-03-01T08:17:58.123+0000] {processor.py:161} INFO - Started process (PID=1334) to work on /home/airflow/.local/lib/python3.8/site-packages/airflow/example_dags/example_branch_day_of_week_operator.py
[2026-03-01T08:17:58.124+0000] {processor.py:830} INFO - Processing file /home/airflow/.local/lib/python3.8/site-packages/airflow/example_dags/example_branch_day_of_week_operator.py for tasks to queue
[2026-03-01T08:17:58.125+0000] {logging_mixin.py:188} INFO - [2026-03-01T08:17:58.125+0000] {dagbag.py:538} INFO - Filling up the DagBag from /home/airflow/.local/lib/python3.8/site-packages/airflow/example_dags/example_branch_day_of_week_operator.py
[2026-03-01T08:17:58.132+0000] {processor.py:840} INFO - DAG(s) 'example_weekday_branch_operator' retrieved from /home/airflow/.local/lib/python3.8/site-packages/airflow/example_dags/example_branch_day_of_week_operator.py
[2026-03-01T08:17:58.148+0000] {logging_mixin.py:188} INFO - [2026-03-01T08:17:58.148+0000] {dag.py:3036} INFO - Sync 1 DAGs
[2026-03-01T08:17:58.162+0000] {logging_mixin.py:188} INFO - [2026-03-01T08:17:58.162+0000] {dag.py:3823} INFO - Setting next_dagrun for example_weekday_branch_operator to 2026-02-28 00:00:00+00:00, run_after=2026-03-01 00:00:00+00:00
[2026-03-01T08:17:58.175+0000] {processor.py:183} INFO - Processing /home/airflow/.local/lib/python3.8/site-packages/airflow/example_dags/example_branch_day_of_week_operator.py took 0.055 seconds
[2026-03-01T08:18:28.859+0000] {processor.py:161} INFO - Started process (PID=1390) to work on /home/airflow/.local/lib/python3.8/site-packages/airflow/example_dags/example_branch_day_of_week_operator.py
[2026-03-01T08:18:28.860+0000] {processor.py:830} INFO - Processing file /home/airflow/.local/lib/python3.8/site-packages/airflow/example_dags/example_branch_day_of_week_operator.py for tasks to queue
[2026-03-01T08:18:28.862+0000] {logging_mixin.py:188} INFO - [2026-03-01T08:18:28.862+0000] {dagbag.py:538} INFO - Filling up the DagBag from /home/airflow/.local/lib/python3.8/site-packages/airflow/example_dags/example_branch_day_of_week_operator.py
[2026-03-01T08:18:28.867+0000] {processor.py:840} INFO - DAG(s) 'example_weekday_branch_operator' retrieved from /home/airflow/.local/lib/python3.8/site-packages/airflow/example_dags/example_branch_day_of_week_operator.py
[2026-03-01T08:18:28.884+0000] {logging_mixin.py:188} INFO - [2026-03-01T08:18:28.883+0000] {dag.py:3036} INFO - Sync 1 DAGs
[2026-03-01T08:18:28.898+0000] {logging_mixin.py:188} INFO - [2026-03-01T08:18:28.898+0000] {dag.py:3823} INFO - Setting next_dagrun for example_weekday_branch_operator to 2026-02-28 00:00:00+00:00, run_after=2026-03-01 00:00:00+00:00
[2026-03-01T08:18:28.912+0000] {processor.py:183} INFO - Processing /home/airflow/.local/lib/python3.8/site-packages/airflow/example_dags/example_branch_day_of_week_operator.py took 0.056 seconds
[2026-03-01T08:18:58.995+0000] {processor.py:161} INFO - Started process (PID=1446) to work on /home/airflow/.local/lib/python3.8/site-packages/airflow/example_dags/example_branch_day_of_week_operator.py
[2026-03-01T08:18:58.996+0000] {processor.py:830} INFO - Processing file /home/airflow/.local/lib/python3.8/site-packages/airflow/example_dags/example_branch_day_of_week_operator.py for tasks to queue
[2026-03-01T08:18:58.997+0000] {logging_mixin.py:188} INFO - [2026-03-01T08:18:58.997+0000] {dagbag.py:538} INFO - Filling up the DagBag from /home/airflow/.local/lib/python3.8/site-packages/airflow/example_dags/example_branch_day_of_week_operator.py
[2026-03-01T08:18:59.002+0000] {processor.py:840} INFO - DAG(s) 'example_weekday_branch_operator' retrieved from /home/airflow/.local/lib/python3.8/site-packages/airflow/example_dags/example_branch_day_of_week_operator.py
[2026-03-01T08:18:59.018+0000] {logging_mixin.py:188} INFO - [2026-03-01T08:18:59.018+0000] {dag.py:3036} INFO - Sync 1 DAGs
[2026-03-01T08:18:59.032+0000] {logging_mixin.py:188} INFO - [2026-03-01T08:18:59.032+0000] {dag.py:3823} INFO - Setting next_dagrun for example_weekday_branch_operator to 2026-02-28 00:00:00+00:00, run_after=2026-03-01 00:00:00+00:00
[2026-03-01T08:18:59.046+0000] {processor.py:183} INFO - Processing /home/airflow/.local/lib/python3.8/site-packages/airflow/example_dags/example_branch_day_of_week_operator.py took 0.053 seconds
[2026-03-01T08:19:29.267+0000] {processor.py:161} INFO - Started process (PID=1502) to work on /home/airflow/.local/lib/python3.8/site-packages/airflow/example_dags/example_branch_day_of_week_operator.py
[2026-03-01T08:19:29.269+0000] {processor.py:830} INFO - Processing file /home/airflow/.local/lib/python3.8/site-packages/airflow/example_dags/example_branch_day_of_week_operator.py for tasks to queue
[2026-03-01T08:19:29.270+0000] {logging_mixin.py:188} INFO - [2026-03-01T08:19:29.270+0000] {dagbag.py:538} INFO - Filling up the DagBag from /home/airflow/.local/lib/python3.8/site-packages/airflow/example_dags/example_branch_day_of_week_operator.py
[2026-03-01T08:19:29.276+0000] {processor.py:840} INFO - DAG(s) 'example_weekday_branch_operator' retrieved from /home/airflow/.local/lib/python3.8/site-packages/airflow/example_dags/example_branch_day_of_week_operator.py
[2026-03-01T08:19:29.295+0000] {logging_mixin.py:188} INFO - [2026-03-01T08:19:29.294+0000] {dag.py:3036} INFO - Sync 1 DAGs
[2026-03-01T08:19:29.311+0000] {logging_mixin.py:188} INFO - [2026-03-01T08:19:29.311+0000] {dag.py:3823} INFO - Setting next_dagrun for example_weekday_branch_operator to 2026-02-28 00:00:00+00:00, run_after=2026-03-01 00:00:00+00:00
[2026-03-01T08:19:29.325+0000] {processor.py:183} INFO - Processing /home/airflow/.local/lib/python3.8/site-packages/airflow/example_dags/example_branch_day_of_week_operator.py took 0.061 seconds
[2026-03-01T08:19:59.625+0000] {processor.py:161} INFO - Started process (PID=1558) to work on /home/airflow/.local/lib/python3.8/site-packages/airflow/example_dags/example_branch_day_of_week_operator.py
[2026-03-01T08:19:59.626+0000] {processor.py:830} INFO - Processing file /home/airflow/.local/lib/python3.8/site-packages/airflow/example_dags/example_branch_day_of_week_operator.py for tasks to queue
[2026-03-01T08:19:59.628+0000] {logging_mixin.py:188} INFO - [2026-03-01T08:19:59.628+0000] {dagbag.py:538} INFO - Filling up the DagBag from /home/airflow/.local/lib/python3.8/site-packages/airflow/example_dags/example_branch_day_of_week_operator.py
[2026-03-01T08:19:59.633+0000] {processor.py:840} INFO - DAG(s) 'example_weekday_branch_operator' retrieved from /home/airflow/.local/lib/python3.8/site-packages/airflow/example_dags/example_branch_day_of_week_operator.py
[2026-03-01T08:19:59.650+0000] {logging_mixin.py:188} INFO - [2026-03-01T08:19:59.650+0000] {dag.py:3036} INFO - Sync 1 DAGs
[2026-03-01T08:19:59.665+0000] {logging_mixin.py:188} INFO - [2026-03-01T08:19:59.665+0000] {dag.py:3823} INFO - Setting next_dagrun for example_weekday_branch_operator to 2026-02-28 00:00:00+00:00, run_after=2026-03-01 00:00:00+00:00
[2026-03-01T08:19:59.682+0000] {processor.py:183} INFO - Processing /home/airflow/.local/lib/python3.8/site-packages/airflow/example_dags/example_branch_day_of_week_operator.py took 0.059 seconds
[2026-03-01T08:20:29.780+0000] {processor.py:161} INFO - Started process (PID=1614) to work on /home/airflow/.local/lib/python3.8/site-packages/airflow/example_dags/example_branch_day_of_week_operator.py
[2026-03-01T08:20:29.781+0000] {processor.py:830} INFO - Processing file /home/airflow/.local/lib/python3.8/site-packages/airflow/example_dags/example_branch_day_of_week_operator.py for tasks to queue
[2026-03-01T08:20:29.784+0000] {logging_mixin.py:188} INFO - [2026-03-01T08:20:29.783+0000] {dagbag.py:538} INFO - Filling up the DagBag from /home/airflow/.local/lib/python3.8/site-packages/airflow/example_dags/example_branch_day_of_week_operator.py
[2026-03-01T08:20:29.791+0000] {processor.py:840} INFO - DAG(s) 'example_weekday_branch_operator' retrieved from /home/airflow/.local/lib/python3.8/site-packages/airflow/example_dags/example_branch_day_of_week_operator.py
[2026-03-01T08:20:29.809+0000] {logging_mixin.py:188} INFO - [2026-03-01T08:20:29.809+0000] {dag.py:3036} INFO - Sync 1 DAGs
[2026-03-01T08:20:29.825+0000] {logging_mixin.py:188} INFO - [2026-03-01T08:20:29.825+0000] {dag.py:3823} INFO - Setting next_dagrun for example_weekday_branch_operator to 2026-02-28 00:00:00+00:00, run_after=2026-03-01 00:00:00+00:00
[2026-03-01T08:20:29.841+0000] {processor.py:183} INFO - Processing /home/airflow/.local/lib/python3.8/site-packages/airflow/example_dags/example_branch_day_of_week_operator.py took 0.064 seconds
[2026-03-01T08:21:00.717+0000] {processor.py:161} INFO - Started process (PID=1670) to work on /home/airflow/.local/lib/python3.8/site-packages/airflow/example_dags/example_branch_day_of_week_operator.py
[2026-03-01T08:21:00.718+0000] {processor.py:830} INFO - Processing file /home/airflow/.local/lib/python3.8/site-packages/airflow/example_dags/example_branch_day_of_week_operator.py for tasks to queue
[2026-03-01T08:21:00.720+0000] {logging_mixin.py:188} INFO - [2026-03-01T08:21:00.719+0000] {dagbag.py:538} INFO - Filling up the DagBag from /home/airflow/.local/lib/python3.8/site-packages/airflow/example_dags/example_branch_day_of_week_operator.py
[2026-03-01T08:21:00.725+0000] {processor.py:840} INFO - DAG(s) 'example_weekday_branch_operator' retrieved from /home/airflow/.local/lib/python3.8/site-packages/airflow/example_dags/example_branch_day_of_week_operator.py
[2026-03-01T08:21:00.742+0000] {logging_mixin.py:188} INFO - [2026-03-01T08:21:00.742+0000] {dag.py:3036} INFO - Sync 1 DAGs
[2026-03-01T08:21:00.755+0000] {logging_mixin.py:188} INFO - [2026-03-01T08:21:00.755+0000] {dag.py:3823} INFO - Setting next_dagrun for example_weekday_branch_operator to 2026-02-28 00:00:00+00:00, run_after=2026-03-01 00:00:00+00:00
[2026-03-01T08:21:00.768+0000] {processor.py:183} INFO - Processing /home/airflow/.local/lib/python3.8/site-packages/airflow/example_dags/example_branch_day_of_week_operator.py took 0.054 seconds
[2026-03-01T08:21:31.103+0000] {processor.py:161} INFO - Started process (PID=1726) to work on /home/airflow/.local/lib/python3.8/site-packages/airflow/example_dags/example_branch_day_of_week_operator.py
[2026-03-01T08:21:31.104+0000] {processor.py:830} INFO - Processing file /home/airflow/.local/lib/python3.8/site-packages/airflow/example_dags/example_branch_day_of_week_operator.py for tasks to queue
[2026-03-01T08:21:31.106+0000] {logging_mixin.py:188} INFO - [2026-03-01T08:21:31.106+0000] {dagbag.py:538} INFO - Filling up the DagBag from /home/airflow/.local/lib/python3.8/site-packages/airflow/example_dags/example_branch_day_of_week_operator.py
[2026-03-01T08:21:31.111+0000] {processor.py:840} INFO - DAG(s) 'example_weekday_branch_operator' retrieved from /home/airflow/.local/lib/python3.8/site-packages/airflow/example_dags/example_branch_day_of_week_operator.py
[2026-03-01T08:21:31.129+0000] {logging_mixin.py:188} INFO - [2026-03-01T08:21:31.129+0000] {dag.py:3036} INFO - Sync 1 DAGs
[2026-03-01T08:21:31.143+0000] {logging_mixin.py:188} INFO - [2026-03-01T08:21:31.143+0000] {dag.py:3823} INFO - Setting next_dagrun for example_weekday_branch_operator to 2026-02-28 00:00:00+00:00, run_after=2026-03-01 00:00:00+00:00
[2026-03-01T08:21:31.156+0000] {processor.py:183} INFO - Processing /home/airflow/.local/lib/python3.8/site-packages/airflow/example_dags/example_branch_day_of_week_operator.py took 0.055 seconds
[2026-03-01T08:22:01.448+0000] {processor.py:161} INFO - Started process (PID=1782) to work on /home/airflow/.local/lib/python3.8/site-packages/airflow/example_dags/example_branch_day_of_week_operator.py
[2026-03-01T08:22:01.449+0000] {processor.py:830} INFO - Processing file /home/airflow/.local/lib/python3.8/site-packages/airflow/example_dags/example_branch_day_of_week_operator.py for tasks to queue
[2026-03-01T08:22:01.451+0000] {logging_mixin.py:188} INFO - [2026-03-01T08:22:01.451+0000] {dagbag.py:538} INFO - Filling up the DagBag from /home/airflow/.local/lib/python3.8/site-packages/airflow/example_dags/example_branch_day_of_week_operator.py
[2026-03-01T08:22:01.457+0000] {processor.py:840} INFO - DAG(s) 'example_weekday_branch_operator' retrieved from /home/airflow/.local/lib/python3.8/site-packages/airflow/example_dags/example_branch_day_of_week_operator.py
[2026-03-01T08:22:01.473+0000] {logging_mixin.py:188} INFO - [2026-03-01T08:22:01.473+0000] {dag.py:3036} INFO - Sync 1 DAGs
[2026-03-01T08:22:01.490+0000] {logging_mixin.py:188} INFO - [2026-03-01T08:22:01.490+0000] {dag.py:3823} INFO - Setting next_dagrun for example_weekday_branch_operator to 2026-02-28 00:00:00+00:00, run_after=2026-03-01 00:00:00+00:00
[2026-03-01T08:22:01.506+0000] {processor.py:183} INFO - Processing /home/airflow/.local/lib/python3.8/site-packages/airflow/example_dags/example_branch_day_of_week_operator.py took 0.060 seconds
[2026-03-01T08:22:31.789+0000] {processor.py:161} INFO - Started process (PID=1838) to work on /home/airflow/.local/lib/python3.8/site-packages/airflow/example_dags/example_branch_day_of_week_operator.py
[2026-03-01T08:22:31.790+0000] {processor.py:830} INFO - Processing file /home/airflow/.local/lib/python3.8/site-packages/airflow/example_dags/example_branch_day_of_week_operator.py for tasks to queue
[2026-03-01T08:22:31.791+0000] {logging_mixin.py:188} INFO - [2026-03-01T08:22:31.791+0000] {dagbag.py:538} INFO - Filling up the DagBag from /home/airflow/.local/lib/python3.8/site-packages/airflow/example_dags/example_branch_day_of_week_operator.py
[2026-03-01T08:22:31.797+0000] {processor.py:840} INFO - DAG(s) 'example_weekday_branch_operator' retrieved from /home/airflow/.local/lib/python3.8/site-packages/airflow/example_dags/example_branch_day_of_week_operator.py
[2026-03-01T08:22:31.813+0000] {logging_mixin.py:188} INFO - [2026-03-01T08:22:31.812+0000] {dag.py:3036} INFO - Sync 1 DAGs
[2026-03-01T08:22:31.828+0000] {logging_mixin.py:188} INFO - [2026-03-01T08:22:31.828+0000] {dag.py:3823} INFO - Setting next_dagrun for example_weekday_branch_operator to 2026-02-28 00:00:00+00:00, run_after=2026-03-01 00:00:00+00:00
[2026-03-01T08:22:31.840+0000] {processor.py:183} INFO - Processing /home/airflow/.local/lib/python3.8/site-packages/airflow/example_dags/example_branch_day_of_week_operator.py took 0.054 seconds
[2026-03-01T08:23:02.302+0000] {processor.py:161} INFO - Started process (PID=1894) to work on /home/airflow/.local/lib/python3.8/site-packages/airflow/example_dags/example_branch_day_of_week_operator.py
[2026-03-01T08:23:02.303+0000] {processor.py:830} INFO - Processing file /home/airflow/.local/lib/python3.8/site-packages/airflow/example_dags/example_branch_day_of_week_operator.py for tasks to queue
[2026-03-01T08:23:02.305+0000] {logging_mixin.py:188} INFO - [2026-03-01T08:23:02.304+0000] {dagbag.py:538} INFO - Filling up the DagBag from /home/airflow/.local/lib/python3.8/site-packages/airflow/example_dags/example_branch_day_of_week_operator.py
[2026-03-01T08:23:02.309+0000] {processor.py:840} INFO - DAG(s) 'example_weekday_branch_operator' retrieved from /home/airflow/.local/lib/python3.8/site-packages/airflow/example_dags/example_branch_day_of_week_operator.py
[2026-03-01T08:23:02.324+0000] {logging_mixin.py:188} INFO - [2026-03-01T08:23:02.324+0000] {dag.py:3036} INFO - Sync 1 DAGs
[2026-03-01T08:23:02.338+0000] {logging_mixin.py:188} INFO - [2026-03-01T08:23:02.338+0000] {dag.py:3823} INFO - Setting next_dagrun for example_weekday_branch_operator to 2026-02-28 00:00:00+00:00, run_after=2026-03-01 00:00:00+00:00
[2026-03-01T08:23:02.349+0000] {processor.py:183} INFO - Processing /home/airflow/.local/lib/python3.8/site-packages/airflow/example_dags/example_branch_day_of_week_operator.py took 0.049 seconds
[2026-03-01T08:23:32.636+0000] {processor.py:161} INFO - Started process (PID=1950) to work on /home/airflow/.local/lib/python3.8/site-packages/airflow/example_dags/example_branch_day_of_week_operator.py
[2026-03-01T08:23:32.637+0000] {processor.py:830} INFO - Processing file /home/airflow/.local/lib/python3.8/site-packages/airflow/example_dags/example_branch_day_of_week_operator.py for tasks to queue
[2026-03-01T08:23:32.639+0000] {logging_mixin.py:188} INFO - [2026-03-01T08:23:32.639+0000] {dagbag.py:538} INFO - Filling up the DagBag from /home/airflow/.local/lib/python3.8/site-packages/airflow/example_dags/example_branch_day_of_week_operator.py
[2026-03-01T08:23:32.644+0000] {processor.py:840} INFO - DAG(s) 'example_weekday_branch_operator' retrieved from /home/airflow/.local/lib/python3.8/site-packages/airflow/example_dags/example_branch_day_of_week_operator.py
[2026-03-01T08:23:32.658+0000] {logging_mixin.py:188} INFO - [2026-03-01T08:23:32.658+0000] {dag.py:3036} INFO - Sync 1 DAGs
[2026-03-01T08:23:32.671+0000] {logging_mixin.py:188} INFO - [2026-03-01T08:23:32.671+0000] {dag.py:3823} INFO - Setting next_dagrun for example_weekday_branch_operator to 2026-02-28 00:00:00+00:00, run_after=2026-03-01 00:00:00+00:00
[2026-03-01T08:23:32.682+0000] {processor.py:183} INFO - Processing /home/airflow/.local/lib/python3.8/site-packages/airflow/example_dags/example_branch_day_of_week_operator.py took 0.048 seconds
[2026-03-01T08:24:02.780+0000] {processor.py:161} INFO - Started process (PID=2006) to work on /home/airflow/.local/lib/python3.8/site-packages/airflow/example_dags/example_branch_day_of_week_operator.py
[2026-03-01T08:24:02.781+0000] {processor.py:830} INFO - Processing file /home/airflow/.local/lib/python3.8/site-packages/airflow/example_dags/example_branch_day_of_week_operator.py for tasks to queue
[2026-03-01T08:24:02.783+0000] {logging_mixin.py:188} INFO - [2026-03-01T08:24:02.783+0000] {dagbag.py:538} INFO - Filling up the DagBag from /home/airflow/.local/lib/python3.8/site-packages/airflow/example_dags/example_branch_day_of_week_operator.py
[2026-03-01T08:24:02.788+0000] {processor.py:840} INFO - DAG(s) 'example_weekday_branch_operator' retrieved from /home/airflow/.local/lib/python3.8/site-packages/airflow/example_dags/example_branch_day_of_week_operator.py
[2026-03-01T08:24:02.803+0000] {logging_mixin.py:188} INFO - [2026-03-01T08:24:02.803+0000] {dag.py:3036} INFO - Sync 1 DAGs
[2026-03-01T08:24:02.816+0000] {logging_mixin.py:188} INFO - [2026-03-01T08:24:02.816+0000] {dag.py:3823} INFO - Setting next_dagrun for example_weekday_branch_operator to 2026-02-28 00:00:00+00:00, run_after=2026-03-01 00:00:00+00:00
[2026-03-01T08:24:02.828+0000] {processor.py:183} INFO - Processing /home/airflow/.local/lib/python3.8/site-packages/airflow/example_dags/example_branch_day_of_week_operator.py took 0.050 seconds
[2026-03-01T08:24:33.116+0000] {processor.py:161} INFO - Started process (PID=2062) to work on /home/airflow/.local/lib/python3.8/site-packages/airflow/example_dags/example_branch_day_of_week_operator.py
[2026-03-01T08:24:33.117+0000] {processor.py:830} INFO - Processing file /home/airflow/.local/lib/python3.8/site-packages/airflow/example_dags/example_branch_day_of_week_operator.py for tasks to queue
[2026-03-01T08:24:33.119+0000] {logging_mixin.py:188} INFO - [2026-03-01T08:24:33.118+0000] {dagbag.py:538} INFO - Filling up the DagBag from /home/airflow/.local/lib/python3.8/site-packages/airflow/example_dags/example_branch_day_of_week_operator.py
[2026-03-01T08:24:33.124+0000] {processor.py:840} INFO - DAG(s) 'example_weekday_branch_operator' retrieved from /home/airflow/.local/lib/python3.8/site-packages/airflow/example_dags/example_branch_day_of_week_operator.py
[2026-03-01T08:24:33.140+0000] {logging_mixin.py:188} INFO - [2026-03-01T08:24:33.140+0000] {dag.py:3036} INFO - Sync 1 DAGs
[2026-03-01T08:24:33.156+0000] {logging_mixin.py:188} INFO - [2026-03-01T08:24:33.156+0000] {dag.py:3823} INFO - Setting next_dagrun for example_weekday_branch_operator to 2026-02-28 00:00:00+00:00, run_after=2026-03-01 00:00:00+00:00
[2026-03-01T08:24:33.169+0000] {processor.py:183} INFO - Processing /home/airflow/.local/lib/python3.8/site-packages/airflow/example_dags/example_branch_day_of_week_operator.py took 0.056 seconds
[2026-03-01T08:25:03.348+0000] {processor.py:161} INFO - Started process (PID=2122) to work on /home/airflow/.local/lib/python3.8/site-packages/airflow/example_dags/example_branch_day_of_week_operator.py
[2026-03-01T08:25:03.349+0000] {processor.py:830} INFO - Processing file /home/airflow/.local/lib/python3.8/site-packages/airflow/example_dags/example_branch_day_of_week_operator.py for tasks to queue
[2026-03-01T08:25:03.351+0000] {logging_mixin.py:188} INFO - [2026-03-01T08:25:03.350+0000] {dagbag.py:538} INFO - Filling up the DagBag from /home/airflow/.local/lib/python3.8/site-packages/airflow/example_dags/example_branch_day_of_week_operator.py
[2026-03-01T08:25:03.356+0000] {processor.py:840} INFO - DAG(s) 'example_weekday_branch_operator' retrieved from /home/airflow/.local/lib/python3.8/site-packages/airflow/example_dags/example_branch_day_of_week_operator.py
[2026-03-01T08:25:03.372+0000] {logging_mixin.py:188} INFO - [2026-03-01T08:25:03.372+0000] {dag.py:3036} INFO - Sync 1 DAGs
[2026-03-01T08:25:03.386+0000] {logging_mixin.py:188} INFO - [2026-03-01T08:25:03.386+0000] {dag.py:3823} INFO - Setting next_dagrun for example_weekday_branch_operator to 2026-02-28 00:00:00+00:00, run_after=2026-03-01 00:00:00+00:00
[2026-03-01T08:25:03.401+0000] {processor.py:183} INFO - Processing /home/airflow/.local/lib/python3.8/site-packages/airflow/example_dags/example_branch_day_of_week_operator.py took 0.055 seconds
[2026-03-01T08:25:33.624+0000] {processor.py:161} INFO - Started process (PID=2178) to work on /home/airflow/.local/lib/python3.8/site-packages/airflow/example_dags/example_branch_day_of_week_operator.py
[2026-03-01T08:25:33.625+0000] {processor.py:830} INFO - Processing file /home/airflow/.local/lib/python3.8/site-packages/airflow/example_dags/example_branch_day_of_week_operator.py for tasks to queue
[2026-03-01T08:25:33.626+0000] {logging_mixin.py:188} INFO - [2026-03-01T08:25:33.626+0000] {dagbag.py:538} INFO - Filling up the DagBag from /home/airflow/.local/lib/python3.8/site-packages/airflow/example_dags/example_branch_day_of_week_operator.py
[2026-03-01T08:25:33.632+0000] {processor.py:840} INFO - DAG(s) 'example_weekday_branch_operator' retrieved from /home/airflow/.local/lib/python3.8/site-packages/airflow/example_dags/example_branch_day_of_week_operator.py
[2026-03-01T08:25:33.649+0000] {logging_mixin.py:188} INFO - [2026-03-01T08:25:33.649+0000] {dag.py:3036} INFO - Sync 1 DAGs
[2026-03-01T08:25:33.665+0000] {logging_mixin.py:188} INFO - [2026-03-01T08:25:33.664+0000] {dag.py:3823} INFO - Setting next_dagrun for example_weekday_branch_operator to 2026-02-28 00:00:00+00:00, run_after=2026-03-01 00:00:00+00:00
[2026-03-01T08:25:33.679+0000] {processor.py:183} INFO - Processing /home/airflow/.local/lib/python3.8/site-packages/airflow/example_dags/example_branch_day_of_week_operator.py took 0.058 seconds
[2026-03-01T08:26:04.118+0000] {processor.py:161} INFO - Started process (PID=2234) to work on /home/airflow/.local/lib/python3.8/site-packages/airflow/example_dags/example_branch_day_of_week_operator.py
[2026-03-01T08:26:04.119+0000] {processor.py:830} INFO - Processing file /home/airflow/.local/lib/python3.8/site-packages/airflow/example_dags/example_branch_day_of_week_operator.py for tasks to queue
[2026-03-01T08:26:04.121+0000] {logging_mixin.py:188} INFO - [2026-03-01T08:26:04.121+0000] {dagbag.py:538} INFO - Filling up the DagBag from /home/airflow/.local/lib/python3.8/site-packages/airflow/example_dags/example_branch_day_of_week_operator.py
[2026-03-01T08:26:04.126+0000] {processor.py:840} INFO - DAG(s) 'example_weekday_branch_operator' retrieved from /home/airflow/.local/lib/python3.8/site-packages/airflow/example_dags/example_branch_day_of_week_operator.py
[2026-03-01T08:26:04.143+0000] {logging_mixin.py:188} INFO - [2026-03-01T08:26:04.143+0000] {dag.py:3036} INFO - Sync 1 DAGs
[2026-03-01T08:26:04.158+0000] {logging_mixin.py:188} INFO - [2026-03-01T08:26:04.157+0000] {dag.py:3823} INFO - Setting next_dagrun for example_weekday_branch_operator to 2026-02-28 00:00:00+00:00, run_after=2026-03-01 00:00:00+00:00
[2026-03-01T08:26:04.173+0000] {processor.py:183} INFO - Processing /home/airflow/.local/lib/python3.8/site-packages/airflow/example_dags/example_branch_day_of_week_operator.py took 0.058 seconds
[2026-03-01T08:26:35.036+0000] {processor.py:161} INFO - Started process (PID=2290) to work on /home/airflow/.local/lib/python3.8/site-packages/airflow/example_dags/example_branch_day_of_week_operator.py
[2026-03-01T08:26:35.037+0000] {processor.py:830} INFO - Processing file /home/airflow/.local/lib/python3.8/site-packages/airflow/example_dags/example_branch_day_of_week_operator.py for tasks to queue
[2026-03-01T08:26:35.039+0000] {logging_mixin.py:188} INFO - [2026-03-01T08:26:35.038+0000] {dagbag.py:538} INFO - Filling up the DagBag from /home/airflow/.local/lib/python3.8/site-packages/airflow/example_dags/example_branch_day_of_week_operator.py
[2026-03-01T08:26:35.044+0000] {processor.py:840} INFO - DAG(s) 'example_weekday_branch_operator' retrieved from /home/airflow/.local/lib/python3.8/site-packages/airflow/example_dags/example_branch_day_of_week_operator.py
[2026-03-01T08:26:35.057+0000] {logging_mixin.py:188} INFO - [2026-03-01T08:26:35.057+0000] {dag.py:3036} INFO - Sync 1 DAGs
[2026-03-01T08:26:35.070+0000] {logging_mixin.py:188} INFO - [2026-03-01T08:26:35.070+0000] {dag.py:3823} INFO - Setting next_dagrun for example_weekday_branch_operator to 2026-02-28 00:00:00+00:00, run_after=2026-03-01 00:00:00+00:00
[2026-03-01T08:26:35.081+0000] {processor.py:183} INFO - Processing /home/airflow/.local/lib/python3.8/site-packages/airflow/example_dags/example_branch_day_of_week_operator.py took 0.048 seconds
[2026-03-01T08:27:05.495+0000] {processor.py:161} INFO - Started process (PID=2346) to work on /home/airflow/.local/lib/python3.8/site-packages/airflow/example_dags/example_branch_day_of_week_operator.py
[2026-03-01T08:27:05.496+0000] {processor.py:830} INFO - Processing file /home/airflow/.local/lib/python3.8/site-packages/airflow/example_dags/example_branch_day_of_week_operator.py for tasks to queue
[2026-03-01T08:27:05.498+0000] {logging_mixin.py:188} INFO - [2026-03-01T08:27:05.498+0000] {dagbag.py:538} INFO - Filling up the DagBag from /home/airflow/.local/lib/python3.8/site-packages/airflow/example_dags/example_branch_day_of_week_operator.py
[2026-03-01T08:27:05.503+0000] {processor.py:840} INFO - DAG(s) 'example_weekday_branch_operator' retrieved from /home/airflow/.local/lib/python3.8/site-packages/airflow/example_dags/example_branch_day_of_week_operator.py
[2026-03-01T08:27:05.518+0000] {logging_mixin.py:188} INFO - [2026-03-01T08:27:05.518+0000] {dag.py:3036} INFO - Sync 1 DAGs
[2026-03-01T08:27:05.532+0000] {logging_mixin.py:188} INFO - [2026-03-01T08:27:05.532+0000] {dag.py:3823} INFO - Setting next_dagrun for example_weekday_branch_operator to 2026-02-28 00:00:00+00:00, run_after=2026-03-01 00:00:00+00:00
[2026-03-01T08:27:05.546+0000] {processor.py:183} INFO - Processing /home/airflow/.local/lib/python3.8/site-packages/airflow/example_dags/example_branch_day_of_week_operator.py took 0.053 seconds
[2026-03-01T08:27:35.805+0000] {processor.py:161} INFO - Started process (PID=2401) to work on /home/airflow/.local/lib/python3.8/site-packages/airflow/example_dags/example_branch_day_of_week_operator.py
[2026-03-01T08:27:35.807+0000] {processor.py:830} INFO - Processing file /home/airflow/.local/lib/python3.8/site-packages/airflow/example_dags/example_branch_day_of_week_operator.py for tasks to queue
[2026-03-01T08:27:35.808+0000] {logging_mixin.py:188} INFO - [2026-03-01T08:27:35.808+0000] {dagbag.py:538} INFO - Filling up the DagBag from /home/airflow/.local/lib/python3.8/site-packages/airflow/example_dags/example_branch_day_of_week_operator.py
[2026-03-01T08:27:35.813+0000] {processor.py:840} INFO - DAG(s) 'example_weekday_branch_operator' retrieved from /home/airflow/.local/lib/python3.8/site-packages/airflow/example_dags/example_branch_day_of_week_operator.py
[2026-03-01T08:27:35.828+0000] {logging_mixin.py:188} INFO - [2026-03-01T08:27:35.828+0000] {dag.py:3036} INFO - Sync 1 DAGs
[2026-03-01T08:27:35.841+0000] {logging_mixin.py:188} INFO - [2026-03-01T08:27:35.841+0000] {dag.py:3823} INFO - Setting next_dagrun for example_weekday_branch_operator to 2026-02-28 00:00:00+00:00, run_after=2026-03-01 00:00:00+00:00
[2026-03-01T08:27:35.855+0000] {processor.py:183} INFO - Processing /home/airflow/.local/lib/python3.8/site-packages/airflow/example_dags/example_branch_day_of_week_operator.py took 0.052 seconds
[2026-03-01T08:28:06.006+0000] {processor.py:161} INFO - Started process (PID=2455) to work on /home/airflow/.local/lib/python3.8/site-packages/airflow/example_dags/example_branch_day_of_week_operator.py
[2026-03-01T08:28:06.007+0000] {processor.py:830} INFO - Processing file /home/airflow/.local/lib/python3.8/site-packages/airflow/example_dags/example_branch_day_of_week_operator.py for tasks to queue
[2026-03-01T08:28:06.009+0000] {logging_mixin.py:188} INFO - [2026-03-01T08:28:06.009+0000] {dagbag.py:538} INFO - Filling up the DagBag from /home/airflow/.local/lib/python3.8/site-packages/airflow/example_dags/example_branch_day_of_week_operator.py
[2026-03-01T08:28:06.014+0000] {processor.py:840} INFO - DAG(s) 'example_weekday_branch_operator' retrieved from /home/airflow/.local/lib/python3.8/site-packages/airflow/example_dags/example_branch_day_of_week_operator.py
[2026-03-01T08:28:06.031+0000] {logging_mixin.py:188} INFO - [2026-03-01T08:28:06.031+0000] {dag.py:3036} INFO - Sync 1 DAGs
[2026-03-01T08:28:06.045+0000] {logging_mixin.py:188} INFO - [2026-03-01T08:28:06.045+0000] {dag.py:3823} INFO - Setting next_dagrun for example_weekday_branch_operator to 2026-02-28 00:00:00+00:00, run_after=2026-03-01 00:00:00+00:00
[2026-03-01T08:28:06.062+0000] {processor.py:183} INFO - Processing /home/airflow/.local/lib/python3.8/site-packages/airflow/example_dags/example_branch_day_of_week_operator.py took 0.059 seconds
[2026-03-01T08:28:36.162+0000] {processor.py:161} INFO - Started process (PID=2510) to work on /home/airflow/.local/lib/python3.8/site-packages/airflow/example_dags/example_branch_day_of_week_operator.py
[2026-03-01T08:28:36.163+0000] {processor.py:830} INFO - Processing file /home/airflow/.local/lib/python3.8/site-packages/airflow/example_dags/example_branch_day_of_week_operator.py for tasks to queue
[2026-03-01T08:28:36.165+0000] {logging_mixin.py:188} INFO - [2026-03-01T08:28:36.164+0000] {dagbag.py:538} INFO - Filling up the DagBag from /home/airflow/.local/lib/python3.8/site-packages/airflow/example_dags/example_branch_day_of_week_operator.py
[2026-03-01T08:28:36.169+0000] {processor.py:840} INFO - DAG(s) 'example_weekday_branch_operator' retrieved from /home/airflow/.local/lib/python3.8/site-packages/airflow/example_dags/example_branch_day_of_week_operator.py
[2026-03-01T08:28:36.185+0000] {logging_mixin.py:188} INFO - [2026-03-01T08:28:36.185+0000] {dag.py:3036} INFO - Sync 1 DAGs
[2026-03-01T08:28:36.199+0000] {logging_mixin.py:188} INFO - [2026-03-01T08:28:36.199+0000] {dag.py:3823} INFO - Setting next_dagrun for example_weekday_branch_operator to 2026-02-28 00:00:00+00:00, run_after=2026-03-01 00:00:00+00:00
[2026-03-01T08:28:36.212+0000] {processor.py:183} INFO - Processing /home/airflow/.local/lib/python3.8/site-packages/airflow/example_dags/example_branch_day_of_week_operator.py took 0.053 seconds
[2026-03-01T08:29:06.611+0000] {processor.py:161} INFO - Started process (PID=2566) to work on /home/airflow/.local/lib/python3.8/site-packages/airflow/example_dags/example_branch_day_of_week_operator.py
[2026-03-01T08:29:06.612+0000] {processor.py:830} INFO - Processing file /home/airflow/.local/lib/python3.8/site-packages/airflow/example_dags/example_branch_day_of_week_operator.py for tasks to queue
[2026-03-01T08:29:06.614+0000] {logging_mixin.py:188} INFO - [2026-03-01T08:29:06.613+0000] {dagbag.py:538} INFO - Filling up the DagBag from /home/airflow/.local/lib/python3.8/site-packages/airflow/example_dags/example_branch_day_of_week_operator.py
[2026-03-01T08:29:06.619+0000] {processor.py:840} INFO - DAG(s) 'example_weekday_branch_operator' retrieved from /home/airflow/.local/lib/python3.8/site-packages/airflow/example_dags/example_branch_day_of_week_operator.py
[2026-03-01T08:29:06.637+0000] {logging_mixin.py:188} INFO - [2026-03-01T08:29:06.637+0000] {dag.py:3036} INFO - Sync 1 DAGs
[2026-03-01T08:29:06.652+0000] {logging_mixin.py:188} INFO - [2026-03-01T08:29:06.652+0000] {dag.py:3823} INFO - Setting next_dagrun for example_weekday_branch_operator to 2026-02-28 00:00:00+00:00, run_after=2026-03-01 00:00:00+00:00
[2026-03-01T08:29:06.667+0000] {processor.py:183} INFO - Processing /home/airflow/.local/lib/python3.8/site-packages/airflow/example_dags/example_branch_day_of_week_operator.py took 0.058 seconds
[2026-03-01T08:29:36.970+0000] {processor.py:161} INFO - Started process (PID=2622) to work on /home/airflow/.local/lib/python3.8/site-packages/airflow/example_dags/example_branch_day_of_week_operator.py
[2026-03-01T08:29:36.971+0000] {processor.py:830} INFO - Processing file /home/airflow/.local/lib/python3.8/site-packages/airflow/example_dags/example_branch_day_of_week_operator.py for tasks to queue
[2026-03-01T08:29:36.972+0000] {logging_mixin.py:188} INFO - [2026-03-01T08:29:36.972+0000] {dagbag.py:538} INFO - Filling up the DagBag from /home/airflow/.local/lib/python3.8/site-packages/airflow/example_dags/example_branch_day_of_week_operator.py
[2026-03-01T08:29:36.978+0000] {processor.py:840} INFO - DAG(s) 'example_weekday_branch_operator' retrieved from /home/airflow/.local/lib/python3.8/site-packages/airflow/example_dags/example_branch_day_of_week_operator.py
[2026-03-01T08:29:36.994+0000] {logging_mixin.py:188} INFO - [2026-03-01T08:29:36.994+0000] {dag.py:3036} INFO - Sync 1 DAGs
[2026-03-01T08:29:37.009+0000] {logging_mixin.py:188} INFO - [2026-03-01T08:29:37.009+0000] {dag.py:3823} INFO - Setting next_dagrun for example_weekday_branch_operator to 2026-02-28 00:00:00+00:00, run_after=2026-03-01 00:00:00+00:00
[2026-03-01T08:29:37.025+0000] {processor.py:183} INFO - Processing /home/airflow/.local/lib/python3.8/site-packages/airflow/example_dags/example_branch_day_of_week_operator.py took 0.059 seconds
[2026-03-01T08:30:07.647+0000] {processor.py:161} INFO - Started process (PID=2679) to work on /home/airflow/.local/lib/python3.8/site-packages/airflow/example_dags/example_branch_day_of_week_operator.py
[2026-03-01T08:30:07.648+0000] {processor.py:830} INFO - Processing file /home/airflow/.local/lib/python3.8/site-packages/airflow/example_dags/example_branch_day_of_week_operator.py for tasks to queue
[2026-03-01T08:30:07.649+0000] {logging_mixin.py:188} INFO - [2026-03-01T08:30:07.649+0000] {dagbag.py:538} INFO - Filling up the DagBag from /home/airflow/.local/lib/python3.8/site-packages/airflow/example_dags/example_branch_day_of_week_operator.py
[2026-03-01T08:30:07.655+0000] {processor.py:840} INFO - DAG(s) 'example_weekday_branch_operator' retrieved from /home/airflow/.local/lib/python3.8/site-packages/airflow/example_dags/example_branch_day_of_week_operator.py
[2026-03-01T08:30:07.670+0000] {logging_mixin.py:188} INFO - [2026-03-01T08:30:07.669+0000] {dag.py:3036} INFO - Sync 1 DAGs
[2026-03-01T08:30:07.683+0000] {logging_mixin.py:188} INFO - [2026-03-01T08:30:07.683+0000] {dag.py:3823} INFO - Setting next_dagrun for example_weekday_branch_operator to 2026-02-28 00:00:00+00:00, run_after=2026-03-01 00:00:00+00:00
[2026-03-01T08:30:07.699+0000] {processor.py:183} INFO - Processing /home/airflow/.local/lib/python3.8/site-packages/airflow/example_dags/example_branch_day_of_week_operator.py took 0.055 seconds
