[2026-03-01T08:07:49.507+0000] {processor.py:161} INFO - Started process (PID=97) to work on /home/airflow/.local/lib/python3.8/site-packages/airflow/example_dags/example_skip_dag.py
[2026-03-01T08:07:49.508+0000] {processor.py:830} INFO - Processing file /home/airflow/.local/lib/python3.8/site-packages/airflow/example_dags/example_skip_dag.py for tasks to queue
[2026-03-01T08:07:49.510+0000] {logging_mixin.py:188} INFO - [2026-03-01T08:07:49.510+0000] {dagbag.py:538} INFO - Filling up the DagBag from /home/airflow/.local/lib/python3.8/site-packages/airflow/example_dags/example_skip_dag.py
[2026-03-01T08:07:49.518+0000] {processor.py:840} INFO - DAG(s) 'example_skip_dag' retrieved from /home/airflow/.local/lib/python3.8/site-packages/airflow/example_dags/example_skip_dag.py
[2026-03-01T08:07:49.611+0000] {logging_mixin.py:188} INFO - [2026-03-01T08:07:49.611+0000] {override.py:1769} INFO - Created Permission View: can edit on DAG:example_skip_dag
[2026-03-01T08:07:49.623+0000] {logging_mixin.py:188} INFO - [2026-03-01T08:07:49.622+0000] {override.py:1769} INFO - Created Permission View: can delete on DAG:example_skip_dag
[2026-03-01T08:07:49.630+0000] {logging_mixin.py:188} INFO - [2026-03-01T08:07:49.629+0000] {override.py:1769} INFO - Created Permission View: can read on DAG:example_skip_dag
[2026-03-01T08:07:49.630+0000] {logging_mixin.py:188} INFO - [2026-03-01T08:07:49.630+0000] {dag.py:3036} INFO - Sync 1 DAGs
[2026-03-01T08:07:49.640+0000] {logging_mixin.py:188} INFO - [2026-03-01T08:07:49.640+0000] {dag.py:3058} INFO - Creating ORM DAG for example_skip_dag
[2026-03-01T08:07:49.649+0000] {logging_mixin.py:188} INFO - [2026-03-01T08:07:49.649+0000] {dag.py:3823} INFO - Setting next_dagrun for example_skip_dag to 2026-02-28 00:00:00+00:00, run_after=2026-03-01 00:00:00+00:00
[2026-03-01T08:07:49.667+0000] {processor.py:183} INFO - Processing /home/airflow/.local/lib/python3.8/site-packages/airflow/example_dags/example_skip_dag.py took 0.164 seconds
[2026-03-01T08:08:20.098+0000] {processor.py:161} INFO - Started process (PID=152) to work on /home/airflow/.local/lib/python3.8/site-packages/airflow/example_dags/example_skip_dag.py
[2026-03-01T08:08:20.099+0000] {processor.py:830} INFO - Processing file /home/airflow/.local/lib/python3.8/site-packages/airflow/example_dags/example_skip_dag.py for tasks to queue
[2026-03-01T08:08:20.101+0000] {logging_mixin.py:188} INFO - [2026-03-01T08:08:20.101+0000] {dagbag.py:538} INFO - Filling up the DagBag from /home/airflow/.local/lib/python3.8/site-packages/airflow/example_dags/example_skip_dag.py
[2026-03-01T08:08:20.105+0000] {processor.py:840} INFO - DAG(s) 'example_skip_dag' retrieved from /home/airflow/.local/lib/python3.8/site-packages/airflow/example_dags/example_skip_dag.py
[2026-03-01T08:08:20.120+0000] {logging_mixin.py:188} INFO - [2026-03-01T08:08:20.119+0000] {dag.py:3036} INFO - Sync 1 DAGs
[2026-03-01T08:08:20.132+0000] {logging_mixin.py:188} INFO - [2026-03-01T08:08:20.132+0000] {dag.py:3823} INFO - Setting next_dagrun for example_skip_dag to 2026-02-28 00:00:00+00:00, run_after=2026-03-01 00:00:00+00:00
[2026-03-01T08:08:20.144+0000] {processor.py:183} INFO - Processing /home/airflow/.local/lib/python3.8/site-packages/airflow/example_dags/example_skip_dag.py took 0.048 seconds
[2026-03-01T08:08:50.686+0000] {processor.py:161} INFO - Started process (PID=207) to work on /home/airflow/.local/lib/python3.8/site-packages/airflow/example_dags/example_skip_dag.py
[2026-03-01T08:08:50.687+0000] {processor.py:830} INFO - Processing file /home/airflow/.local/lib/python3.8/site-packages/airflow/example_dags/example_skip_dag.py for tasks to queue
[2026-03-01T08:08:50.689+0000] {logging_mixin.py:188} INFO - [2026-03-01T08:08:50.689+0000] {dagbag.py:538} INFO - Filling up the DagBag from /home/airflow/.local/lib/python3.8/site-packages/airflow/example_dags/example_skip_dag.py
[2026-03-01T08:08:50.693+0000] {processor.py:840} INFO - DAG(s) 'example_skip_dag' retrieved from /home/airflow/.local/lib/python3.8/site-packages/airflow/example_dags/example_skip_dag.py
[2026-03-01T08:08:50.708+0000] {logging_mixin.py:188} INFO - [2026-03-01T08:08:50.708+0000] {dag.py:3036} INFO - Sync 1 DAGs
[2026-03-01T08:08:50.723+0000] {logging_mixin.py:188} INFO - [2026-03-01T08:08:50.723+0000] {dag.py:3823} INFO - Setting next_dagrun for example_skip_dag to 2026-02-28 00:00:00+00:00, run_after=2026-03-01 00:00:00+00:00
[2026-03-01T08:08:50.738+0000] {processor.py:183} INFO - Processing /home/airflow/.local/lib/python3.8/site-packages/airflow/example_dags/example_skip_dag.py took 0.054 seconds
[2026-03-01T08:09:20.979+0000] {processor.py:161} INFO - Started process (PID=262) to work on /home/airflow/.local/lib/python3.8/site-packages/airflow/example_dags/example_skip_dag.py
[2026-03-01T08:09:20.980+0000] {processor.py:830} INFO - Processing file /home/airflow/.local/lib/python3.8/site-packages/airflow/example_dags/example_skip_dag.py for tasks to queue
[2026-03-01T08:09:20.982+0000] {logging_mixin.py:188} INFO - [2026-03-01T08:09:20.982+0000] {dagbag.py:538} INFO - Filling up the DagBag from /home/airflow/.local/lib/python3.8/site-packages/airflow/example_dags/example_skip_dag.py
[2026-03-01T08:09:20.987+0000] {processor.py:840} INFO - DAG(s) 'example_skip_dag' retrieved from /home/airflow/.local/lib/python3.8/site-packages/airflow/example_dags/example_skip_dag.py
[2026-03-01T08:09:21.001+0000] {logging_mixin.py:188} INFO - [2026-03-01T08:09:21.001+0000] {dag.py:3036} INFO - Sync 1 DAGs
[2026-03-01T08:09:21.014+0000] {logging_mixin.py:188} INFO - [2026-03-01T08:09:21.014+0000] {dag.py:3823} INFO - Setting next_dagrun for example_skip_dag to 2026-02-28 00:00:00+00:00, run_after=2026-03-01 00:00:00+00:00
[2026-03-01T08:09:21.030+0000] {processor.py:183} INFO - Processing /home/airflow/.local/lib/python3.8/site-packages/airflow/example_dags/example_skip_dag.py took 0.054 seconds
[2026-03-01T08:09:51.364+0000] {processor.py:161} INFO - Started process (PID=317) to work on /home/airflow/.local/lib/python3.8/site-packages/airflow/example_dags/example_skip_dag.py
[2026-03-01T08:09:51.365+0000] {processor.py:830} INFO - Processing file /home/airflow/.local/lib/python3.8/site-packages/airflow/example_dags/example_skip_dag.py for tasks to queue
[2026-03-01T08:09:51.367+0000] {logging_mixin.py:188} INFO - [2026-03-01T08:09:51.366+0000] {dagbag.py:538} INFO - Filling up the DagBag from /home/airflow/.local/lib/python3.8/site-packages/airflow/example_dags/example_skip_dag.py
[2026-03-01T08:09:51.371+0000] {processor.py:840} INFO - DAG(s) 'example_skip_dag' retrieved from /home/airflow/.local/lib/python3.8/site-packages/airflow/example_dags/example_skip_dag.py
[2026-03-01T08:09:51.384+0000] {logging_mixin.py:188} INFO - [2026-03-01T08:09:51.384+0000] {dag.py:3036} INFO - Sync 1 DAGs
[2026-03-01T08:09:51.399+0000] {logging_mixin.py:188} INFO - [2026-03-01T08:09:51.398+0000] {dag.py:3823} INFO - Setting next_dagrun for example_skip_dag to 2026-02-28 00:00:00+00:00, run_after=2026-03-01 00:00:00+00:00
[2026-03-01T08:09:51.411+0000] {processor.py:183} INFO - Processing /home/airflow/.local/lib/python3.8/site-packages/airflow/example_dags/example_skip_dag.py took 0.049 seconds
[2026-03-01T08:10:21.838+0000] {processor.py:161} INFO - Started process (PID=372) to work on /home/airflow/.local/lib/python3.8/site-packages/airflow/example_dags/example_skip_dag.py
[2026-03-01T08:10:21.839+0000] {processor.py:830} INFO - Processing file /home/airflow/.local/lib/python3.8/site-packages/airflow/example_dags/example_skip_dag.py for tasks to queue
[2026-03-01T08:10:21.842+0000] {logging_mixin.py:188} INFO - [2026-03-01T08:10:21.841+0000] {dagbag.py:538} INFO - Filling up the DagBag from /home/airflow/.local/lib/python3.8/site-packages/airflow/example_dags/example_skip_dag.py
[2026-03-01T08:10:21.847+0000] {processor.py:840} INFO - DAG(s) 'example_skip_dag' retrieved from /home/airflow/.local/lib/python3.8/site-packages/airflow/example_dags/example_skip_dag.py
[2026-03-01T08:10:21.864+0000] {logging_mixin.py:188} INFO - [2026-03-01T08:10:21.864+0000] {dag.py:3036} INFO - Sync 1 DAGs
[2026-03-01T08:10:21.881+0000] {logging_mixin.py:188} INFO - [2026-03-01T08:10:21.881+0000] {dag.py:3823} INFO - Setting next_dagrun for example_skip_dag to 2026-02-28 00:00:00+00:00, run_after=2026-03-01 00:00:00+00:00
[2026-03-01T08:10:21.899+0000] {processor.py:183} INFO - Processing /home/airflow/.local/lib/python3.8/site-packages/airflow/example_dags/example_skip_dag.py took 0.064 seconds
[2026-03-01T08:10:52.550+0000] {processor.py:161} INFO - Started process (PID=427) to work on /home/airflow/.local/lib/python3.8/site-packages/airflow/example_dags/example_skip_dag.py
[2026-03-01T08:10:52.551+0000] {processor.py:830} INFO - Processing file /home/airflow/.local/lib/python3.8/site-packages/airflow/example_dags/example_skip_dag.py for tasks to queue
[2026-03-01T08:10:52.553+0000] {logging_mixin.py:188} INFO - [2026-03-01T08:10:52.553+0000] {dagbag.py:538} INFO - Filling up the DagBag from /home/airflow/.local/lib/python3.8/site-packages/airflow/example_dags/example_skip_dag.py
[2026-03-01T08:10:52.558+0000] {processor.py:840} INFO - DAG(s) 'example_skip_dag' retrieved from /home/airflow/.local/lib/python3.8/site-packages/airflow/example_dags/example_skip_dag.py
[2026-03-01T08:10:52.571+0000] {logging_mixin.py:188} INFO - [2026-03-01T08:10:52.571+0000] {dag.py:3036} INFO - Sync 1 DAGs
[2026-03-01T08:10:52.583+0000] {logging_mixin.py:188} INFO - [2026-03-01T08:10:52.583+0000] {dag.py:3823} INFO - Setting next_dagrun for example_skip_dag to 2026-02-28 00:00:00+00:00, run_after=2026-03-01 00:00:00+00:00
[2026-03-01T08:10:52.596+0000] {processor.py:183} INFO - Processing /home/airflow/.local/lib/python3.8/site-packages/airflow/example_dags/example_skip_dag.py took 0.048 seconds
[2026-03-01T08:11:22.894+0000] {processor.py:161} INFO - Started process (PID=488) to work on /home/airflow/.local/lib/python3.8/site-packages/airflow/example_dags/example_skip_dag.py
[2026-03-01T08:11:22.894+0000] {processor.py:830} INFO - Processing file /home/airflow/.local/lib/python3.8/site-packages/airflow/example_dags/example_skip_dag.py for tasks to queue
[2026-03-01T08:11:22.896+0000] {logging_mixin.py:188} INFO - [2026-03-01T08:11:22.896+0000] {dagbag.py:538} INFO - Filling up the DagBag from /home/airflow/.local/lib/python3.8/site-packages/airflow/example_dags/example_skip_dag.py
[2026-03-01T08:11:22.900+0000] {processor.py:840} INFO - DAG(s) 'example_skip_dag' retrieved from /home/airflow/.local/lib/python3.8/site-packages/airflow/example_dags/example_skip_dag.py
[2026-03-01T08:11:22.913+0000] {logging_mixin.py:188} INFO - [2026-03-01T08:11:22.913+0000] {dag.py:3036} INFO - Sync 1 DAGs
[2026-03-01T08:11:22.927+0000] {logging_mixin.py:188} INFO - [2026-03-01T08:11:22.927+0000] {dag.py:3823} INFO - Setting next_dagrun for example_skip_dag to 2026-02-28 00:00:00+00:00, run_after=2026-03-01 00:00:00+00:00
[2026-03-01T08:11:22.939+0000] {processor.py:183} INFO - Processing /home/airflow/.local/lib/python3.8/site-packages/airflow/example_dags/example_skip_dag.py took 0.048 seconds
[2026-03-01T08:11:53.050+0000] {processor.py:161} INFO - Started process (PID=549) to work on /home/airflow/.local/lib/python3.8/site-packages/airflow/example_dags/example_skip_dag.py
[2026-03-01T08:11:53.051+0000] {processor.py:830} INFO - Processing file /home/airflow/.local/lib/python3.8/site-packages/airflow/example_dags/example_skip_dag.py for tasks to queue
[2026-03-01T08:11:53.052+0000] {logging_mixin.py:188} INFO - [2026-03-01T08:11:53.052+0000] {dagbag.py:538} INFO - Filling up the DagBag from /home/airflow/.local/lib/python3.8/site-packages/airflow/example_dags/example_skip_dag.py
[2026-03-01T08:11:53.057+0000] {processor.py:840} INFO - DAG(s) 'example_skip_dag' retrieved from /home/airflow/.local/lib/python3.8/site-packages/airflow/example_dags/example_skip_dag.py
[2026-03-01T08:11:53.072+0000] {logging_mixin.py:188} INFO - [2026-03-01T08:11:53.072+0000] {dag.py:3036} INFO - Sync 1 DAGs
[2026-03-01T08:11:53.085+0000] {logging_mixin.py:188} INFO - [2026-03-01T08:11:53.085+0000] {dag.py:3823} INFO - Setting next_dagrun for example_skip_dag to 2026-02-28 00:00:00+00:00, run_after=2026-03-01 00:00:00+00:00
[2026-03-01T08:11:53.097+0000] {processor.py:183} INFO - Processing /home/airflow/.local/lib/python3.8/site-packages/airflow/example_dags/example_skip_dag.py took 0.050 seconds
[2026-03-01T08:12:24.187+0000] {processor.py:161} INFO - Started process (PID=627) to work on /home/airflow/.local/lib/python3.8/site-packages/airflow/example_dags/example_skip_dag.py
[2026-03-01T08:12:24.188+0000] {processor.py:830} INFO - Processing file /home/airflow/.local/lib/python3.8/site-packages/airflow/example_dags/example_skip_dag.py for tasks to queue
[2026-03-01T08:12:24.189+0000] {logging_mixin.py:188} INFO - [2026-03-01T08:12:24.189+0000] {dagbag.py:538} INFO - Filling up the DagBag from /home/airflow/.local/lib/python3.8/site-packages/airflow/example_dags/example_skip_dag.py
[2026-03-01T08:12:24.193+0000] {processor.py:840} INFO - DAG(s) 'example_skip_dag' retrieved from /home/airflow/.local/lib/python3.8/site-packages/airflow/example_dags/example_skip_dag.py
[2026-03-01T08:12:24.207+0000] {logging_mixin.py:188} INFO - [2026-03-01T08:12:24.207+0000] {dag.py:3036} INFO - Sync 1 DAGs
[2026-03-01T08:12:24.220+0000] {logging_mixin.py:188} INFO - [2026-03-01T08:12:24.220+0000] {dag.py:3823} INFO - Setting next_dagrun for example_skip_dag to 2026-02-28 00:00:00+00:00, run_after=2026-03-01 00:00:00+00:00
[2026-03-01T08:12:24.232+0000] {processor.py:183} INFO - Processing /home/airflow/.local/lib/python3.8/site-packages/airflow/example_dags/example_skip_dag.py took 0.048 seconds
[2026-03-01T08:12:54.525+0000] {processor.py:161} INFO - Started process (PID=681) to work on /home/airflow/.local/lib/python3.8/site-packages/airflow/example_dags/example_skip_dag.py
[2026-03-01T08:12:54.526+0000] {processor.py:830} INFO - Processing file /home/airflow/.local/lib/python3.8/site-packages/airflow/example_dags/example_skip_dag.py for tasks to queue
[2026-03-01T08:12:54.527+0000] {logging_mixin.py:188} INFO - [2026-03-01T08:12:54.527+0000] {dagbag.py:538} INFO - Filling up the DagBag from /home/airflow/.local/lib/python3.8/site-packages/airflow/example_dags/example_skip_dag.py
[2026-03-01T08:12:54.532+0000] {processor.py:840} INFO - DAG(s) 'example_skip_dag' retrieved from /home/airflow/.local/lib/python3.8/site-packages/airflow/example_dags/example_skip_dag.py
[2026-03-01T08:12:54.546+0000] {logging_mixin.py:188} INFO - [2026-03-01T08:12:54.546+0000] {dag.py:3036} INFO - Sync 1 DAGs
[2026-03-01T08:12:54.559+0000] {logging_mixin.py:188} INFO - [2026-03-01T08:12:54.559+0000] {dag.py:3823} INFO - Setting next_dagrun for example_skip_dag to 2026-02-28 00:00:00+00:00, run_after=2026-03-01 00:00:00+00:00
[2026-03-01T08:12:54.571+0000] {processor.py:183} INFO - Processing /home/airflow/.local/lib/python3.8/site-packages/airflow/example_dags/example_skip_dag.py took 0.048 seconds
[2026-03-01T08:13:24.642+0000] {processor.py:161} INFO - Started process (PID=736) to work on /home/airflow/.local/lib/python3.8/site-packages/airflow/example_dags/example_skip_dag.py
[2026-03-01T08:13:24.643+0000] {processor.py:830} INFO - Processing file /home/airflow/.local/lib/python3.8/site-packages/airflow/example_dags/example_skip_dag.py for tasks to queue
[2026-03-01T08:13:24.645+0000] {logging_mixin.py:188} INFO - [2026-03-01T08:13:24.645+0000] {dagbag.py:538} INFO - Filling up the DagBag from /home/airflow/.local/lib/python3.8/site-packages/airflow/example_dags/example_skip_dag.py
[2026-03-01T08:13:24.649+0000] {processor.py:840} INFO - DAG(s) 'example_skip_dag' retrieved from /home/airflow/.local/lib/python3.8/site-packages/airflow/example_dags/example_skip_dag.py
[2026-03-01T08:13:24.663+0000] {logging_mixin.py:188} INFO - [2026-03-01T08:13:24.663+0000] {dag.py:3036} INFO - Sync 1 DAGs
[2026-03-01T08:13:24.676+0000] {logging_mixin.py:188} INFO - [2026-03-01T08:13:24.676+0000] {dag.py:3823} INFO - Setting next_dagrun for example_skip_dag to 2026-02-28 00:00:00+00:00, run_after=2026-03-01 00:00:00+00:00
[2026-03-01T08:13:24.688+0000] {processor.py:183} INFO - Processing /home/airflow/.local/lib/python3.8/site-packages/airflow/example_dags/example_skip_dag.py took 0.048 seconds
[2026-03-01T08:13:55.064+0000] {processor.py:161} INFO - Started process (PID=814) to work on /home/airflow/.local/lib/python3.8/site-packages/airflow/example_dags/example_skip_dag.py
[2026-03-01T08:13:55.065+0000] {processor.py:830} INFO - Processing file /home/airflow/.local/lib/python3.8/site-packages/airflow/example_dags/example_skip_dag.py for tasks to queue
[2026-03-01T08:13:55.066+0000] {logging_mixin.py:188} INFO - [2026-03-01T08:13:55.066+0000] {dagbag.py:538} INFO - Filling up the DagBag from /home/airflow/.local/lib/python3.8/site-packages/airflow/example_dags/example_skip_dag.py
[2026-03-01T08:13:55.071+0000] {processor.py:840} INFO - DAG(s) 'example_skip_dag' retrieved from /home/airflow/.local/lib/python3.8/site-packages/airflow/example_dags/example_skip_dag.py
[2026-03-01T08:13:55.085+0000] {logging_mixin.py:188} INFO - [2026-03-01T08:13:55.085+0000] {dag.py:3036} INFO - Sync 1 DAGs
[2026-03-01T08:13:55.099+0000] {logging_mixin.py:188} INFO - [2026-03-01T08:13:55.098+0000] {dag.py:3823} INFO - Setting next_dagrun for example_skip_dag to 2026-02-28 00:00:00+00:00, run_after=2026-03-01 00:00:00+00:00
[2026-03-01T08:13:55.121+0000] {processor.py:183} INFO - Processing /home/airflow/.local/lib/python3.8/site-packages/airflow/example_dags/example_skip_dag.py took 0.059 seconds
[2026-03-01T08:14:25.239+0000] {processor.py:161} INFO - Started process (PID=891) to work on /home/airflow/.local/lib/python3.8/site-packages/airflow/example_dags/example_skip_dag.py
[2026-03-01T08:14:25.240+0000] {processor.py:830} INFO - Processing file /home/airflow/.local/lib/python3.8/site-packages/airflow/example_dags/example_skip_dag.py for tasks to queue
[2026-03-01T08:14:25.242+0000] {logging_mixin.py:188} INFO - [2026-03-01T08:14:25.242+0000] {dagbag.py:538} INFO - Filling up the DagBag from /home/airflow/.local/lib/python3.8/site-packages/airflow/example_dags/example_skip_dag.py
[2026-03-01T08:14:25.246+0000] {processor.py:840} INFO - DAG(s) 'example_skip_dag' retrieved from /home/airflow/.local/lib/python3.8/site-packages/airflow/example_dags/example_skip_dag.py
[2026-03-01T08:14:25.255+0000] {logging_mixin.py:188} INFO - [2026-03-01T08:14:25.255+0000] {dag.py:3036} INFO - Sync 1 DAGs
[2026-03-01T08:14:25.269+0000] {logging_mixin.py:188} INFO - [2026-03-01T08:14:25.269+0000] {dag.py:3823} INFO - Setting next_dagrun for example_skip_dag to 2026-02-28 00:00:00+00:00, run_after=2026-03-01 00:00:00+00:00
[2026-03-01T08:14:25.281+0000] {processor.py:183} INFO - Processing /home/airflow/.local/lib/python3.8/site-packages/airflow/example_dags/example_skip_dag.py took 0.044 seconds
[2026-03-01T08:14:55.991+0000] {processor.py:161} INFO - Started process (PID=946) to work on /home/airflow/.local/lib/python3.8/site-packages/airflow/example_dags/example_skip_dag.py
[2026-03-01T08:14:55.992+0000] {processor.py:830} INFO - Processing file /home/airflow/.local/lib/python3.8/site-packages/airflow/example_dags/example_skip_dag.py for tasks to queue
[2026-03-01T08:14:55.993+0000] {logging_mixin.py:188} INFO - [2026-03-01T08:14:55.993+0000] {dagbag.py:538} INFO - Filling up the DagBag from /home/airflow/.local/lib/python3.8/site-packages/airflow/example_dags/example_skip_dag.py
[2026-03-01T08:14:55.999+0000] {processor.py:840} INFO - DAG(s) 'example_skip_dag' retrieved from /home/airflow/.local/lib/python3.8/site-packages/airflow/example_dags/example_skip_dag.py
[2026-03-01T08:14:56.054+0000] {logging_mixin.py:188} INFO - [2026-03-01T08:14:56.054+0000] {dag.py:3036} INFO - Sync 1 DAGs
[2026-03-01T08:14:56.068+0000] {logging_mixin.py:188} INFO - [2026-03-01T08:14:56.067+0000] {dag.py:3823} INFO - Setting next_dagrun for example_skip_dag to 2026-02-28 00:00:00+00:00, run_after=2026-03-01 00:00:00+00:00
[2026-03-01T08:14:56.080+0000] {processor.py:183} INFO - Processing /home/airflow/.local/lib/python3.8/site-packages/airflow/example_dags/example_skip_dag.py took 0.092 seconds
[2026-03-01T08:15:26.469+0000] {processor.py:161} INFO - Started process (PID=1001) to work on /home/airflow/.local/lib/python3.8/site-packages/airflow/example_dags/example_skip_dag.py
[2026-03-01T08:15:26.470+0000] {processor.py:830} INFO - Processing file /home/airflow/.local/lib/python3.8/site-packages/airflow/example_dags/example_skip_dag.py for tasks to queue
[2026-03-01T08:15:26.471+0000] {logging_mixin.py:188} INFO - [2026-03-01T08:15:26.471+0000] {dagbag.py:538} INFO - Filling up the DagBag from /home/airflow/.local/lib/python3.8/site-packages/airflow/example_dags/example_skip_dag.py
[2026-03-01T08:15:26.475+0000] {processor.py:840} INFO - DAG(s) 'example_skip_dag' retrieved from /home/airflow/.local/lib/python3.8/site-packages/airflow/example_dags/example_skip_dag.py
[2026-03-01T08:15:26.489+0000] {logging_mixin.py:188} INFO - [2026-03-01T08:15:26.489+0000] {dag.py:3036} INFO - Sync 1 DAGs
[2026-03-01T08:15:26.502+0000] {logging_mixin.py:188} INFO - [2026-03-01T08:15:26.502+0000] {dag.py:3823} INFO - Setting next_dagrun for example_skip_dag to 2026-02-28 00:00:00+00:00, run_after=2026-03-01 00:00:00+00:00
[2026-03-01T08:15:26.517+0000] {processor.py:183} INFO - Processing /home/airflow/.local/lib/python3.8/site-packages/airflow/example_dags/example_skip_dag.py took 0.050 seconds
[2026-03-01T08:15:56.803+0000] {processor.py:161} INFO - Started process (PID=1063) to work on /home/airflow/.local/lib/python3.8/site-packages/airflow/example_dags/example_skip_dag.py
[2026-03-01T08:15:56.804+0000] {processor.py:830} INFO - Processing file /home/airflow/.local/lib/python3.8/site-packages/airflow/example_dags/example_skip_dag.py for tasks to queue
[2026-03-01T08:15:56.806+0000] {logging_mixin.py:188} INFO - [2026-03-01T08:15:56.805+0000] {dagbag.py:538} INFO - Filling up the DagBag from /home/airflow/.local/lib/python3.8/site-packages/airflow/example_dags/example_skip_dag.py
[2026-03-01T08:15:56.811+0000] {processor.py:840} INFO - DAG(s) 'example_skip_dag' retrieved from /home/airflow/.local/lib/python3.8/site-packages/airflow/example_dags/example_skip_dag.py
[2026-03-01T08:15:56.825+0000] {logging_mixin.py:188} INFO - [2026-03-01T08:15:56.825+0000] {dag.py:3036} INFO - Sync 1 DAGs
[2026-03-01T08:15:56.839+0000] {logging_mixin.py:188} INFO - [2026-03-01T08:15:56.839+0000] {dag.py:3823} INFO - Setting next_dagrun for example_skip_dag to 2026-02-28 00:00:00+00:00, run_after=2026-03-01 00:00:00+00:00
[2026-03-01T08:15:56.853+0000] {processor.py:183} INFO - Processing /home/airflow/.local/lib/python3.8/site-packages/airflow/example_dags/example_skip_dag.py took 0.053 seconds
[2026-03-01T08:16:27.115+0000] {processor.py:161} INFO - Started process (PID=1134) to work on /home/airflow/.local/lib/python3.8/site-packages/airflow/example_dags/example_skip_dag.py
[2026-03-01T08:16:27.117+0000] {processor.py:830} INFO - Processing file /home/airflow/.local/lib/python3.8/site-packages/airflow/example_dags/example_skip_dag.py for tasks to queue
[2026-03-01T08:16:27.118+0000] {logging_mixin.py:188} INFO - [2026-03-01T08:16:27.118+0000] {dagbag.py:538} INFO - Filling up the DagBag from /home/airflow/.local/lib/python3.8/site-packages/airflow/example_dags/example_skip_dag.py
[2026-03-01T08:16:27.124+0000] {processor.py:840} INFO - DAG(s) 'example_skip_dag' retrieved from /home/airflow/.local/lib/python3.8/site-packages/airflow/example_dags/example_skip_dag.py
[2026-03-01T08:16:27.139+0000] {logging_mixin.py:188} INFO - [2026-03-01T08:16:27.139+0000] {dag.py:3036} INFO - Sync 1 DAGs
[2026-03-01T08:16:27.154+0000] {logging_mixin.py:188} INFO - [2026-03-01T08:16:27.153+0000] {dag.py:3823} INFO - Setting next_dagrun for example_skip_dag to 2026-02-28 00:00:00+00:00, run_after=2026-03-01 00:00:00+00:00
[2026-03-01T08:16:27.167+0000] {processor.py:183} INFO - Processing /home/airflow/.local/lib/python3.8/site-packages/airflow/example_dags/example_skip_dag.py took 0.054 seconds
[2026-03-01T08:16:57.462+0000] {processor.py:161} INFO - Started process (PID=1195) to work on /home/airflow/.local/lib/python3.8/site-packages/airflow/example_dags/example_skip_dag.py
[2026-03-01T08:16:57.463+0000] {processor.py:830} INFO - Processing file /home/airflow/.local/lib/python3.8/site-packages/airflow/example_dags/example_skip_dag.py for tasks to queue
[2026-03-01T08:16:57.464+0000] {logging_mixin.py:188} INFO - [2026-03-01T08:16:57.464+0000] {dagbag.py:538} INFO - Filling up the DagBag from /home/airflow/.local/lib/python3.8/site-packages/airflow/example_dags/example_skip_dag.py
[2026-03-01T08:16:57.469+0000] {processor.py:840} INFO - DAG(s) 'example_skip_dag' retrieved from /home/airflow/.local/lib/python3.8/site-packages/airflow/example_dags/example_skip_dag.py
[2026-03-01T08:16:57.482+0000] {logging_mixin.py:188} INFO - [2026-03-01T08:16:57.482+0000] {dag.py:3036} INFO - Sync 1 DAGs
[2026-03-01T08:16:57.495+0000] {logging_mixin.py:188} INFO - [2026-03-01T08:16:57.495+0000] {dag.py:3823} INFO - Setting next_dagrun for example_skip_dag to 2026-02-28 00:00:00+00:00, run_after=2026-03-01 00:00:00+00:00
[2026-03-01T08:16:57.507+0000] {processor.py:183} INFO - Processing /home/airflow/.local/lib/python3.8/site-packages/airflow/example_dags/example_skip_dag.py took 0.047 seconds
[2026-03-01T08:17:27.687+0000] {processor.py:161} INFO - Started process (PID=1273) to work on /home/airflow/.local/lib/python3.8/site-packages/airflow/example_dags/example_skip_dag.py
[2026-03-01T08:17:27.689+0000] {processor.py:830} INFO - Processing file /home/airflow/.local/lib/python3.8/site-packages/airflow/example_dags/example_skip_dag.py for tasks to queue
[2026-03-01T08:17:27.692+0000] {logging_mixin.py:188} INFO - [2026-03-01T08:17:27.691+0000] {dagbag.py:538} INFO - Filling up the DagBag from /home/airflow/.local/lib/python3.8/site-packages/airflow/example_dags/example_skip_dag.py
[2026-03-01T08:17:27.698+0000] {processor.py:840} INFO - DAG(s) 'example_skip_dag' retrieved from /home/airflow/.local/lib/python3.8/site-packages/airflow/example_dags/example_skip_dag.py
[2026-03-01T08:17:27.712+0000] {logging_mixin.py:188} INFO - [2026-03-01T08:17:27.712+0000] {dag.py:3036} INFO - Sync 1 DAGs
[2026-03-01T08:17:27.726+0000] {logging_mixin.py:188} INFO - [2026-03-01T08:17:27.726+0000] {dag.py:3823} INFO - Setting next_dagrun for example_skip_dag to 2026-02-28 00:00:00+00:00, run_after=2026-03-01 00:00:00+00:00
[2026-03-01T08:17:27.739+0000] {processor.py:183} INFO - Processing /home/airflow/.local/lib/python3.8/site-packages/airflow/example_dags/example_skip_dag.py took 0.054 seconds
[2026-03-01T08:17:57.928+0000] {processor.py:161} INFO - Started process (PID=1329) to work on /home/airflow/.local/lib/python3.8/site-packages/airflow/example_dags/example_skip_dag.py
[2026-03-01T08:17:57.929+0000] {processor.py:830} INFO - Processing file /home/airflow/.local/lib/python3.8/site-packages/airflow/example_dags/example_skip_dag.py for tasks to queue
[2026-03-01T08:17:57.932+0000] {logging_mixin.py:188} INFO - [2026-03-01T08:17:57.931+0000] {dagbag.py:538} INFO - Filling up the DagBag from /home/airflow/.local/lib/python3.8/site-packages/airflow/example_dags/example_skip_dag.py
[2026-03-01T08:17:57.937+0000] {processor.py:840} INFO - DAG(s) 'example_skip_dag' retrieved from /home/airflow/.local/lib/python3.8/site-packages/airflow/example_dags/example_skip_dag.py
[2026-03-01T08:17:57.953+0000] {logging_mixin.py:188} INFO - [2026-03-01T08:17:57.952+0000] {dag.py:3036} INFO - Sync 1 DAGs
[2026-03-01T08:17:57.968+0000] {logging_mixin.py:188} INFO - [2026-03-01T08:17:57.968+0000] {dag.py:3823} INFO - Setting next_dagrun for example_skip_dag to 2026-02-28 00:00:00+00:00, run_after=2026-03-01 00:00:00+00:00
[2026-03-01T08:17:57.980+0000] {processor.py:183} INFO - Processing /home/airflow/.local/lib/python3.8/site-packages/airflow/example_dags/example_skip_dag.py took 0.054 seconds
[2026-03-01T08:18:28.595+0000] {processor.py:161} INFO - Started process (PID=1385) to work on /home/airflow/.local/lib/python3.8/site-packages/airflow/example_dags/example_skip_dag.py
[2026-03-01T08:18:28.596+0000] {processor.py:830} INFO - Processing file /home/airflow/.local/lib/python3.8/site-packages/airflow/example_dags/example_skip_dag.py for tasks to queue
[2026-03-01T08:18:28.598+0000] {logging_mixin.py:188} INFO - [2026-03-01T08:18:28.598+0000] {dagbag.py:538} INFO - Filling up the DagBag from /home/airflow/.local/lib/python3.8/site-packages/airflow/example_dags/example_skip_dag.py
[2026-03-01T08:18:28.603+0000] {processor.py:840} INFO - DAG(s) 'example_skip_dag' retrieved from /home/airflow/.local/lib/python3.8/site-packages/airflow/example_dags/example_skip_dag.py
[2026-03-01T08:18:28.620+0000] {logging_mixin.py:188} INFO - [2026-03-01T08:18:28.620+0000] {dag.py:3036} INFO - Sync 1 DAGs
[2026-03-01T08:18:28.635+0000] {logging_mixin.py:188} INFO - [2026-03-01T08:18:28.635+0000] {dag.py:3823} INFO - Setting next_dagrun for example_skip_dag to 2026-02-28 00:00:00+00:00, run_after=2026-03-01 00:00:00+00:00
[2026-03-01T08:18:28.649+0000] {processor.py:183} INFO - Processing /home/airflow/.local/lib/python3.8/site-packages/airflow/example_dags/example_skip_dag.py took 0.057 seconds
[2026-03-01T08:18:58.727+0000] {processor.py:161} INFO - Started process (PID=1441) to work on /home/airflow/.local/lib/python3.8/site-packages/airflow/example_dags/example_skip_dag.py
[2026-03-01T08:18:58.728+0000] {processor.py:830} INFO - Processing file /home/airflow/.local/lib/python3.8/site-packages/airflow/example_dags/example_skip_dag.py for tasks to queue
[2026-03-01T08:18:58.730+0000] {logging_mixin.py:188} INFO - [2026-03-01T08:18:58.730+0000] {dagbag.py:538} INFO - Filling up the DagBag from /home/airflow/.local/lib/python3.8/site-packages/airflow/example_dags/example_skip_dag.py
[2026-03-01T08:18:58.736+0000] {processor.py:840} INFO - DAG(s) 'example_skip_dag' retrieved from /home/airflow/.local/lib/python3.8/site-packages/airflow/example_dags/example_skip_dag.py
[2026-03-01T08:18:58.754+0000] {logging_mixin.py:188} INFO - [2026-03-01T08:18:58.754+0000] {dag.py:3036} INFO - Sync 1 DAGs
[2026-03-01T08:18:58.768+0000] {logging_mixin.py:188} INFO - [2026-03-01T08:18:58.768+0000] {dag.py:3823} INFO - Setting next_dagrun for example_skip_dag to 2026-02-28 00:00:00+00:00, run_after=2026-03-01 00:00:00+00:00
[2026-03-01T08:18:58.786+0000] {processor.py:183} INFO - Processing /home/airflow/.local/lib/python3.8/site-packages/airflow/example_dags/example_skip_dag.py took 0.061 seconds
[2026-03-01T08:19:29.051+0000] {processor.py:161} INFO - Started process (PID=1497) to work on /home/airflow/.local/lib/python3.8/site-packages/airflow/example_dags/example_skip_dag.py
[2026-03-01T08:19:29.052+0000] {processor.py:830} INFO - Processing file /home/airflow/.local/lib/python3.8/site-packages/airflow/example_dags/example_skip_dag.py for tasks to queue
[2026-03-01T08:19:29.055+0000] {logging_mixin.py:188} INFO - [2026-03-01T08:19:29.054+0000] {dagbag.py:538} INFO - Filling up the DagBag from /home/airflow/.local/lib/python3.8/site-packages/airflow/example_dags/example_skip_dag.py
[2026-03-01T08:19:29.060+0000] {processor.py:840} INFO - DAG(s) 'example_skip_dag' retrieved from /home/airflow/.local/lib/python3.8/site-packages/airflow/example_dags/example_skip_dag.py
[2026-03-01T08:19:29.076+0000] {logging_mixin.py:188} INFO - [2026-03-01T08:19:29.075+0000] {dag.py:3036} INFO - Sync 1 DAGs
[2026-03-01T08:19:29.089+0000] {logging_mixin.py:188} INFO - [2026-03-01T08:19:29.089+0000] {dag.py:3823} INFO - Setting next_dagrun for example_skip_dag to 2026-02-28 00:00:00+00:00, run_after=2026-03-01 00:00:00+00:00
[2026-03-01T08:19:29.104+0000] {processor.py:183} INFO - Processing /home/airflow/.local/lib/python3.8/site-packages/airflow/example_dags/example_skip_dag.py took 0.055 seconds
[2026-03-01T08:19:59.277+0000] {processor.py:161} INFO - Started process (PID=1553) to work on /home/airflow/.local/lib/python3.8/site-packages/airflow/example_dags/example_skip_dag.py
[2026-03-01T08:19:59.278+0000] {processor.py:830} INFO - Processing file /home/airflow/.local/lib/python3.8/site-packages/airflow/example_dags/example_skip_dag.py for tasks to queue
[2026-03-01T08:19:59.280+0000] {logging_mixin.py:188} INFO - [2026-03-01T08:19:59.280+0000] {dagbag.py:538} INFO - Filling up the DagBag from /home/airflow/.local/lib/python3.8/site-packages/airflow/example_dags/example_skip_dag.py
[2026-03-01T08:19:59.285+0000] {processor.py:840} INFO - DAG(s) 'example_skip_dag' retrieved from /home/airflow/.local/lib/python3.8/site-packages/airflow/example_dags/example_skip_dag.py
[2026-03-01T08:19:59.300+0000] {logging_mixin.py:188} INFO - [2026-03-01T08:19:59.300+0000] {dag.py:3036} INFO - Sync 1 DAGs
[2026-03-01T08:19:59.314+0000] {logging_mixin.py:188} INFO - [2026-03-01T08:19:59.314+0000] {dag.py:3823} INFO - Setting next_dagrun for example_skip_dag to 2026-02-28 00:00:00+00:00, run_after=2026-03-01 00:00:00+00:00
[2026-03-01T08:19:59.326+0000] {processor.py:183} INFO - Processing /home/airflow/.local/lib/python3.8/site-packages/airflow/example_dags/example_skip_dag.py took 0.052 seconds
[2026-03-01T08:20:29.604+0000] {processor.py:161} INFO - Started process (PID=1609) to work on /home/airflow/.local/lib/python3.8/site-packages/airflow/example_dags/example_skip_dag.py
[2026-03-01T08:20:29.605+0000] {processor.py:830} INFO - Processing file /home/airflow/.local/lib/python3.8/site-packages/airflow/example_dags/example_skip_dag.py for tasks to queue
[2026-03-01T08:20:29.607+0000] {logging_mixin.py:188} INFO - [2026-03-01T08:20:29.607+0000] {dagbag.py:538} INFO - Filling up the DagBag from /home/airflow/.local/lib/python3.8/site-packages/airflow/example_dags/example_skip_dag.py
[2026-03-01T08:20:29.612+0000] {processor.py:840} INFO - DAG(s) 'example_skip_dag' retrieved from /home/airflow/.local/lib/python3.8/site-packages/airflow/example_dags/example_skip_dag.py
[2026-03-01T08:20:29.628+0000] {logging_mixin.py:188} INFO - [2026-03-01T08:20:29.628+0000] {dag.py:3036} INFO - Sync 1 DAGs
[2026-03-01T08:20:29.642+0000] {logging_mixin.py:188} INFO - [2026-03-01T08:20:29.641+0000] {dag.py:3823} INFO - Setting next_dagrun for example_skip_dag to 2026-02-28 00:00:00+00:00, run_after=2026-03-01 00:00:00+00:00
[2026-03-01T08:20:29.654+0000] {processor.py:183} INFO - Processing /home/airflow/.local/lib/python3.8/site-packages/airflow/example_dags/example_skip_dag.py took 0.052 seconds
[2026-03-01T08:21:00.530+0000] {processor.py:161} INFO - Started process (PID=1665) to work on /home/airflow/.local/lib/python3.8/site-packages/airflow/example_dags/example_skip_dag.py
[2026-03-01T08:21:00.530+0000] {processor.py:830} INFO - Processing file /home/airflow/.local/lib/python3.8/site-packages/airflow/example_dags/example_skip_dag.py for tasks to queue
[2026-03-01T08:21:00.532+0000] {logging_mixin.py:188} INFO - [2026-03-01T08:21:00.532+0000] {dagbag.py:538} INFO - Filling up the DagBag from /home/airflow/.local/lib/python3.8/site-packages/airflow/example_dags/example_skip_dag.py
[2026-03-01T08:21:00.536+0000] {processor.py:840} INFO - DAG(s) 'example_skip_dag' retrieved from /home/airflow/.local/lib/python3.8/site-packages/airflow/example_dags/example_skip_dag.py
[2026-03-01T08:21:00.552+0000] {logging_mixin.py:188} INFO - [2026-03-01T08:21:00.552+0000] {dag.py:3036} INFO - Sync 1 DAGs
[2026-03-01T08:21:00.565+0000] {logging_mixin.py:188} INFO - [2026-03-01T08:21:00.565+0000] {dag.py:3823} INFO - Setting next_dagrun for example_skip_dag to 2026-02-28 00:00:00+00:00, run_after=2026-03-01 00:00:00+00:00
[2026-03-01T08:21:00.577+0000] {processor.py:183} INFO - Processing /home/airflow/.local/lib/python3.8/site-packages/airflow/example_dags/example_skip_dag.py took 0.050 seconds
[2026-03-01T08:21:30.933+0000] {processor.py:161} INFO - Started process (PID=1721) to work on /home/airflow/.local/lib/python3.8/site-packages/airflow/example_dags/example_skip_dag.py
[2026-03-01T08:21:30.934+0000] {processor.py:830} INFO - Processing file /home/airflow/.local/lib/python3.8/site-packages/airflow/example_dags/example_skip_dag.py for tasks to queue
[2026-03-01T08:21:30.936+0000] {logging_mixin.py:188} INFO - [2026-03-01T08:21:30.935+0000] {dagbag.py:538} INFO - Filling up the DagBag from /home/airflow/.local/lib/python3.8/site-packages/airflow/example_dags/example_skip_dag.py
[2026-03-01T08:21:30.940+0000] {processor.py:840} INFO - DAG(s) 'example_skip_dag' retrieved from /home/airflow/.local/lib/python3.8/site-packages/airflow/example_dags/example_skip_dag.py
[2026-03-01T08:21:30.957+0000] {logging_mixin.py:188} INFO - [2026-03-01T08:21:30.957+0000] {dag.py:3036} INFO - Sync 1 DAGs
[2026-03-01T08:21:30.971+0000] {logging_mixin.py:188} INFO - [2026-03-01T08:21:30.971+0000] {dag.py:3823} INFO - Setting next_dagrun for example_skip_dag to 2026-02-28 00:00:00+00:00, run_after=2026-03-01 00:00:00+00:00
[2026-03-01T08:21:30.983+0000] {processor.py:183} INFO - Processing /home/airflow/.local/lib/python3.8/site-packages/airflow/example_dags/example_skip_dag.py took 0.053 seconds
[2026-03-01T08:22:01.250+0000] {processor.py:161} INFO - Started process (PID=1777) to work on /home/airflow/.local/lib/python3.8/site-packages/airflow/example_dags/example_skip_dag.py
[2026-03-01T08:22:01.251+0000] {processor.py:830} INFO - Processing file /home/airflow/.local/lib/python3.8/site-packages/airflow/example_dags/example_skip_dag.py for tasks to queue
[2026-03-01T08:22:01.253+0000] {logging_mixin.py:188} INFO - [2026-03-01T08:22:01.253+0000] {dagbag.py:538} INFO - Filling up the DagBag from /home/airflow/.local/lib/python3.8/site-packages/airflow/example_dags/example_skip_dag.py
[2026-03-01T08:22:01.259+0000] {processor.py:840} INFO - DAG(s) 'example_skip_dag' retrieved from /home/airflow/.local/lib/python3.8/site-packages/airflow/example_dags/example_skip_dag.py
[2026-03-01T08:22:01.276+0000] {logging_mixin.py:188} INFO - [2026-03-01T08:22:01.276+0000] {dag.py:3036} INFO - Sync 1 DAGs
[2026-03-01T08:22:01.291+0000] {logging_mixin.py:188} INFO - [2026-03-01T08:22:01.291+0000] {dag.py:3823} INFO - Setting next_dagrun for example_skip_dag to 2026-02-28 00:00:00+00:00, run_after=2026-03-01 00:00:00+00:00
[2026-03-01T08:22:01.305+0000] {processor.py:183} INFO - Processing /home/airflow/.local/lib/python3.8/site-packages/airflow/example_dags/example_skip_dag.py took 0.058 seconds
[2026-03-01T08:22:31.592+0000] {processor.py:161} INFO - Started process (PID=1833) to work on /home/airflow/.local/lib/python3.8/site-packages/airflow/example_dags/example_skip_dag.py
[2026-03-01T08:22:31.593+0000] {processor.py:830} INFO - Processing file /home/airflow/.local/lib/python3.8/site-packages/airflow/example_dags/example_skip_dag.py for tasks to queue
[2026-03-01T08:22:31.594+0000] {logging_mixin.py:188} INFO - [2026-03-01T08:22:31.594+0000] {dagbag.py:538} INFO - Filling up the DagBag from /home/airflow/.local/lib/python3.8/site-packages/airflow/example_dags/example_skip_dag.py
[2026-03-01T08:22:31.599+0000] {processor.py:840} INFO - DAG(s) 'example_skip_dag' retrieved from /home/airflow/.local/lib/python3.8/site-packages/airflow/example_dags/example_skip_dag.py
[2026-03-01T08:22:31.615+0000] {logging_mixin.py:188} INFO - [2026-03-01T08:22:31.615+0000] {dag.py:3036} INFO - Sync 1 DAGs
[2026-03-01T08:22:31.631+0000] {logging_mixin.py:188} INFO - [2026-03-01T08:22:31.631+0000] {dag.py:3823} INFO - Setting next_dagrun for example_skip_dag to 2026-02-28 00:00:00+00:00, run_after=2026-03-01 00:00:00+00:00
[2026-03-01T08:22:31.644+0000] {processor.py:183} INFO - Processing /home/airflow/.local/lib/python3.8/site-packages/airflow/example_dags/example_skip_dag.py took 0.055 seconds
[2026-03-01T08:23:02.078+0000] {processor.py:161} INFO - Started process (PID=1889) to work on /home/airflow/.local/lib/python3.8/site-packages/airflow/example_dags/example_skip_dag.py
[2026-03-01T08:23:02.079+0000] {processor.py:830} INFO - Processing file /home/airflow/.local/lib/python3.8/site-packages/airflow/example_dags/example_skip_dag.py for tasks to queue
[2026-03-01T08:23:02.081+0000] {logging_mixin.py:188} INFO - [2026-03-01T08:23:02.080+0000] {dagbag.py:538} INFO - Filling up the DagBag from /home/airflow/.local/lib/python3.8/site-packages/airflow/example_dags/example_skip_dag.py
[2026-03-01T08:23:02.086+0000] {processor.py:840} INFO - DAG(s) 'example_skip_dag' retrieved from /home/airflow/.local/lib/python3.8/site-packages/airflow/example_dags/example_skip_dag.py
[2026-03-01T08:23:02.100+0000] {logging_mixin.py:188} INFO - [2026-03-01T08:23:02.100+0000] {dag.py:3036} INFO - Sync 1 DAGs
[2026-03-01T08:23:02.114+0000] {logging_mixin.py:188} INFO - [2026-03-01T08:23:02.114+0000] {dag.py:3823} INFO - Setting next_dagrun for example_skip_dag to 2026-02-28 00:00:00+00:00, run_after=2026-03-01 00:00:00+00:00
[2026-03-01T08:23:02.131+0000] {processor.py:183} INFO - Processing /home/airflow/.local/lib/python3.8/site-packages/airflow/example_dags/example_skip_dag.py took 0.055 seconds
[2026-03-01T08:23:32.373+0000] {processor.py:161} INFO - Started process (PID=1945) to work on /home/airflow/.local/lib/python3.8/site-packages/airflow/example_dags/example_skip_dag.py
[2026-03-01T08:23:32.374+0000] {processor.py:830} INFO - Processing file /home/airflow/.local/lib/python3.8/site-packages/airflow/example_dags/example_skip_dag.py for tasks to queue
[2026-03-01T08:23:32.376+0000] {logging_mixin.py:188} INFO - [2026-03-01T08:23:32.375+0000] {dagbag.py:538} INFO - Filling up the DagBag from /home/airflow/.local/lib/python3.8/site-packages/airflow/example_dags/example_skip_dag.py
[2026-03-01T08:23:32.380+0000] {processor.py:840} INFO - DAG(s) 'example_skip_dag' retrieved from /home/airflow/.local/lib/python3.8/site-packages/airflow/example_dags/example_skip_dag.py
[2026-03-01T08:23:32.395+0000] {logging_mixin.py:188} INFO - [2026-03-01T08:23:32.395+0000] {dag.py:3036} INFO - Sync 1 DAGs
[2026-03-01T08:23:32.408+0000] {logging_mixin.py:188} INFO - [2026-03-01T08:23:32.408+0000] {dag.py:3823} INFO - Setting next_dagrun for example_skip_dag to 2026-02-28 00:00:00+00:00, run_after=2026-03-01 00:00:00+00:00
[2026-03-01T08:23:32.420+0000] {processor.py:183} INFO - Processing /home/airflow/.local/lib/python3.8/site-packages/airflow/example_dags/example_skip_dag.py took 0.050 seconds
[2026-03-01T08:24:02.566+0000] {processor.py:161} INFO - Started process (PID=2000) to work on /home/airflow/.local/lib/python3.8/site-packages/airflow/example_dags/example_skip_dag.py
[2026-03-01T08:24:02.567+0000] {processor.py:830} INFO - Processing file /home/airflow/.local/lib/python3.8/site-packages/airflow/example_dags/example_skip_dag.py for tasks to queue
[2026-03-01T08:24:02.569+0000] {logging_mixin.py:188} INFO - [2026-03-01T08:24:02.569+0000] {dagbag.py:538} INFO - Filling up the DagBag from /home/airflow/.local/lib/python3.8/site-packages/airflow/example_dags/example_skip_dag.py
[2026-03-01T08:24:02.575+0000] {processor.py:840} INFO - DAG(s) 'example_skip_dag' retrieved from /home/airflow/.local/lib/python3.8/site-packages/airflow/example_dags/example_skip_dag.py
[2026-03-01T08:24:02.590+0000] {logging_mixin.py:188} INFO - [2026-03-01T08:24:02.590+0000] {dag.py:3036} INFO - Sync 1 DAGs
[2026-03-01T08:24:02.604+0000] {logging_mixin.py:188} INFO - [2026-03-01T08:24:02.604+0000] {dag.py:3823} INFO - Setting next_dagrun for example_skip_dag to 2026-02-28 00:00:00+00:00, run_after=2026-03-01 00:00:00+00:00
[2026-03-01T08:24:02.616+0000] {processor.py:183} INFO - Processing /home/airflow/.local/lib/python3.8/site-packages/airflow/example_dags/example_skip_dag.py took 0.052 seconds
[2026-03-01T08:24:32.801+0000] {processor.py:161} INFO - Started process (PID=2057) to work on /home/airflow/.local/lib/python3.8/site-packages/airflow/example_dags/example_skip_dag.py
[2026-03-01T08:24:32.802+0000] {processor.py:830} INFO - Processing file /home/airflow/.local/lib/python3.8/site-packages/airflow/example_dags/example_skip_dag.py for tasks to queue
[2026-03-01T08:24:32.804+0000] {logging_mixin.py:188} INFO - [2026-03-01T08:24:32.803+0000] {dagbag.py:538} INFO - Filling up the DagBag from /home/airflow/.local/lib/python3.8/site-packages/airflow/example_dags/example_skip_dag.py
[2026-03-01T08:24:32.808+0000] {processor.py:840} INFO - DAG(s) 'example_skip_dag' retrieved from /home/airflow/.local/lib/python3.8/site-packages/airflow/example_dags/example_skip_dag.py
[2026-03-01T08:24:32.824+0000] {logging_mixin.py:188} INFO - [2026-03-01T08:24:32.823+0000] {dag.py:3036} INFO - Sync 1 DAGs
[2026-03-01T08:24:32.838+0000] {logging_mixin.py:188} INFO - [2026-03-01T08:24:32.838+0000] {dag.py:3823} INFO - Setting next_dagrun for example_skip_dag to 2026-02-28 00:00:00+00:00, run_after=2026-03-01 00:00:00+00:00
[2026-03-01T08:24:32.851+0000] {processor.py:183} INFO - Processing /home/airflow/.local/lib/python3.8/site-packages/airflow/example_dags/example_skip_dag.py took 0.053 seconds
[2026-03-01T08:25:03.040+0000] {processor.py:161} INFO - Started process (PID=2116) to work on /home/airflow/.local/lib/python3.8/site-packages/airflow/example_dags/example_skip_dag.py
[2026-03-01T08:25:03.041+0000] {processor.py:830} INFO - Processing file /home/airflow/.local/lib/python3.8/site-packages/airflow/example_dags/example_skip_dag.py for tasks to queue
[2026-03-01T08:25:03.043+0000] {logging_mixin.py:188} INFO - [2026-03-01T08:25:03.043+0000] {dagbag.py:538} INFO - Filling up the DagBag from /home/airflow/.local/lib/python3.8/site-packages/airflow/example_dags/example_skip_dag.py
[2026-03-01T08:25:03.047+0000] {processor.py:840} INFO - DAG(s) 'example_skip_dag' retrieved from /home/airflow/.local/lib/python3.8/site-packages/airflow/example_dags/example_skip_dag.py
[2026-03-01T08:25:03.062+0000] {logging_mixin.py:188} INFO - [2026-03-01T08:25:03.062+0000] {dag.py:3036} INFO - Sync 1 DAGs
[2026-03-01T08:25:03.075+0000] {logging_mixin.py:188} INFO - [2026-03-01T08:25:03.074+0000] {dag.py:3823} INFO - Setting next_dagrun for example_skip_dag to 2026-02-28 00:00:00+00:00, run_after=2026-03-01 00:00:00+00:00
[2026-03-01T08:25:03.087+0000] {processor.py:183} INFO - Processing /home/airflow/.local/lib/python3.8/site-packages/airflow/example_dags/example_skip_dag.py took 0.050 seconds
[2026-03-01T08:25:33.312+0000] {processor.py:161} INFO - Started process (PID=2172) to work on /home/airflow/.local/lib/python3.8/site-packages/airflow/example_dags/example_skip_dag.py
[2026-03-01T08:25:33.313+0000] {processor.py:830} INFO - Processing file /home/airflow/.local/lib/python3.8/site-packages/airflow/example_dags/example_skip_dag.py for tasks to queue
[2026-03-01T08:25:33.315+0000] {logging_mixin.py:188} INFO - [2026-03-01T08:25:33.315+0000] {dagbag.py:538} INFO - Filling up the DagBag from /home/airflow/.local/lib/python3.8/site-packages/airflow/example_dags/example_skip_dag.py
[2026-03-01T08:25:33.320+0000] {processor.py:840} INFO - DAG(s) 'example_skip_dag' retrieved from /home/airflow/.local/lib/python3.8/site-packages/airflow/example_dags/example_skip_dag.py
[2026-03-01T08:25:33.336+0000] {logging_mixin.py:188} INFO - [2026-03-01T08:25:33.336+0000] {dag.py:3036} INFO - Sync 1 DAGs
[2026-03-01T08:25:33.350+0000] {logging_mixin.py:188} INFO - [2026-03-01T08:25:33.350+0000] {dag.py:3823} INFO - Setting next_dagrun for example_skip_dag to 2026-02-28 00:00:00+00:00, run_after=2026-03-01 00:00:00+00:00
[2026-03-01T08:25:33.364+0000] {processor.py:183} INFO - Processing /home/airflow/.local/lib/python3.8/site-packages/airflow/example_dags/example_skip_dag.py took 0.054 seconds
[2026-03-01T08:26:03.607+0000] {processor.py:161} INFO - Started process (PID=2228) to work on /home/airflow/.local/lib/python3.8/site-packages/airflow/example_dags/example_skip_dag.py
[2026-03-01T08:26:03.608+0000] {processor.py:830} INFO - Processing file /home/airflow/.local/lib/python3.8/site-packages/airflow/example_dags/example_skip_dag.py for tasks to queue
[2026-03-01T08:26:03.610+0000] {logging_mixin.py:188} INFO - [2026-03-01T08:26:03.609+0000] {dagbag.py:538} INFO - Filling up the DagBag from /home/airflow/.local/lib/python3.8/site-packages/airflow/example_dags/example_skip_dag.py
[2026-03-01T08:26:03.614+0000] {processor.py:840} INFO - DAG(s) 'example_skip_dag' retrieved from /home/airflow/.local/lib/python3.8/site-packages/airflow/example_dags/example_skip_dag.py
[2026-03-01T08:26:03.631+0000] {logging_mixin.py:188} INFO - [2026-03-01T08:26:03.630+0000] {dag.py:3036} INFO - Sync 1 DAGs
[2026-03-01T08:26:03.643+0000] {logging_mixin.py:188} INFO - [2026-03-01T08:26:03.643+0000] {dag.py:3823} INFO - Setting next_dagrun for example_skip_dag to 2026-02-28 00:00:00+00:00, run_after=2026-03-01 00:00:00+00:00
[2026-03-01T08:26:03.656+0000] {processor.py:183} INFO - Processing /home/airflow/.local/lib/python3.8/site-packages/airflow/example_dags/example_skip_dag.py took 0.051 seconds
[2026-03-01T08:26:33.829+0000] {processor.py:161} INFO - Started process (PID=2284) to work on /home/airflow/.local/lib/python3.8/site-packages/airflow/example_dags/example_skip_dag.py
[2026-03-01T08:26:33.830+0000] {processor.py:830} INFO - Processing file /home/airflow/.local/lib/python3.8/site-packages/airflow/example_dags/example_skip_dag.py for tasks to queue
[2026-03-01T08:26:33.832+0000] {logging_mixin.py:188} INFO - [2026-03-01T08:26:33.832+0000] {dagbag.py:538} INFO - Filling up the DagBag from /home/airflow/.local/lib/python3.8/site-packages/airflow/example_dags/example_skip_dag.py
[2026-03-01T08:26:33.837+0000] {processor.py:840} INFO - DAG(s) 'example_skip_dag' retrieved from /home/airflow/.local/lib/python3.8/site-packages/airflow/example_dags/example_skip_dag.py
[2026-03-01T08:26:33.852+0000] {logging_mixin.py:188} INFO - [2026-03-01T08:26:33.852+0000] {dag.py:3036} INFO - Sync 1 DAGs
[2026-03-01T08:26:33.865+0000] {logging_mixin.py:188} INFO - [2026-03-01T08:26:33.865+0000] {dag.py:3823} INFO - Setting next_dagrun for example_skip_dag to 2026-02-28 00:00:00+00:00, run_after=2026-03-01 00:00:00+00:00
[2026-03-01T08:26:33.878+0000] {processor.py:183} INFO - Processing /home/airflow/.local/lib/python3.8/site-packages/airflow/example_dags/example_skip_dag.py took 0.052 seconds
[2026-03-01T08:27:04.264+0000] {processor.py:161} INFO - Started process (PID=2340) to work on /home/airflow/.local/lib/python3.8/site-packages/airflow/example_dags/example_skip_dag.py
[2026-03-01T08:27:04.265+0000] {processor.py:830} INFO - Processing file /home/airflow/.local/lib/python3.8/site-packages/airflow/example_dags/example_skip_dag.py for tasks to queue
[2026-03-01T08:27:04.266+0000] {logging_mixin.py:188} INFO - [2026-03-01T08:27:04.266+0000] {dagbag.py:538} INFO - Filling up the DagBag from /home/airflow/.local/lib/python3.8/site-packages/airflow/example_dags/example_skip_dag.py
[2026-03-01T08:27:04.270+0000] {processor.py:840} INFO - DAG(s) 'example_skip_dag' retrieved from /home/airflow/.local/lib/python3.8/site-packages/airflow/example_dags/example_skip_dag.py
[2026-03-01T08:27:04.284+0000] {logging_mixin.py:188} INFO - [2026-03-01T08:27:04.284+0000] {dag.py:3036} INFO - Sync 1 DAGs
[2026-03-01T08:27:04.296+0000] {logging_mixin.py:188} INFO - [2026-03-01T08:27:04.296+0000] {dag.py:3823} INFO - Setting next_dagrun for example_skip_dag to 2026-02-28 00:00:00+00:00, run_after=2026-03-01 00:00:00+00:00
[2026-03-01T08:27:04.308+0000] {processor.py:183} INFO - Processing /home/airflow/.local/lib/python3.8/site-packages/airflow/example_dags/example_skip_dag.py took 0.047 seconds
[2026-03-01T08:27:34.506+0000] {processor.py:161} INFO - Started process (PID=2395) to work on /home/airflow/.local/lib/python3.8/site-packages/airflow/example_dags/example_skip_dag.py
[2026-03-01T08:27:34.507+0000] {processor.py:830} INFO - Processing file /home/airflow/.local/lib/python3.8/site-packages/airflow/example_dags/example_skip_dag.py for tasks to queue
[2026-03-01T08:27:34.509+0000] {logging_mixin.py:188} INFO - [2026-03-01T08:27:34.508+0000] {dagbag.py:538} INFO - Filling up the DagBag from /home/airflow/.local/lib/python3.8/site-packages/airflow/example_dags/example_skip_dag.py
[2026-03-01T08:27:34.514+0000] {processor.py:840} INFO - DAG(s) 'example_skip_dag' retrieved from /home/airflow/.local/lib/python3.8/site-packages/airflow/example_dags/example_skip_dag.py
[2026-03-01T08:27:34.528+0000] {logging_mixin.py:188} INFO - [2026-03-01T08:27:34.528+0000] {dag.py:3036} INFO - Sync 1 DAGs
[2026-03-01T08:27:34.541+0000] {logging_mixin.py:188} INFO - [2026-03-01T08:27:34.541+0000] {dag.py:3823} INFO - Setting next_dagrun for example_skip_dag to 2026-02-28 00:00:00+00:00, run_after=2026-03-01 00:00:00+00:00
[2026-03-01T08:27:34.552+0000] {processor.py:183} INFO - Processing /home/airflow/.local/lib/python3.8/site-packages/airflow/example_dags/example_skip_dag.py took 0.049 seconds
[2026-03-01T08:28:04.700+0000] {processor.py:161} INFO - Started process (PID=2450) to work on /home/airflow/.local/lib/python3.8/site-packages/airflow/example_dags/example_skip_dag.py
[2026-03-01T08:28:04.701+0000] {processor.py:830} INFO - Processing file /home/airflow/.local/lib/python3.8/site-packages/airflow/example_dags/example_skip_dag.py for tasks to queue
[2026-03-01T08:28:04.703+0000] {logging_mixin.py:188} INFO - [2026-03-01T08:28:04.703+0000] {dagbag.py:538} INFO - Filling up the DagBag from /home/airflow/.local/lib/python3.8/site-packages/airflow/example_dags/example_skip_dag.py
[2026-03-01T08:28:04.708+0000] {processor.py:840} INFO - DAG(s) 'example_skip_dag' retrieved from /home/airflow/.local/lib/python3.8/site-packages/airflow/example_dags/example_skip_dag.py
[2026-03-01T08:28:04.722+0000] {logging_mixin.py:188} INFO - [2026-03-01T08:28:04.722+0000] {dag.py:3036} INFO - Sync 1 DAGs
[2026-03-01T08:28:04.736+0000] {logging_mixin.py:188} INFO - [2026-03-01T08:28:04.736+0000] {dag.py:3823} INFO - Setting next_dagrun for example_skip_dag to 2026-02-28 00:00:00+00:00, run_after=2026-03-01 00:00:00+00:00
[2026-03-01T08:28:04.749+0000] {processor.py:183} INFO - Processing /home/airflow/.local/lib/python3.8/site-packages/airflow/example_dags/example_skip_dag.py took 0.052 seconds
[2026-03-01T08:28:34.941+0000] {processor.py:161} INFO - Started process (PID=2505) to work on /home/airflow/.local/lib/python3.8/site-packages/airflow/example_dags/example_skip_dag.py
[2026-03-01T08:28:34.942+0000] {processor.py:830} INFO - Processing file /home/airflow/.local/lib/python3.8/site-packages/airflow/example_dags/example_skip_dag.py for tasks to queue
[2026-03-01T08:28:34.944+0000] {logging_mixin.py:188} INFO - [2026-03-01T08:28:34.944+0000] {dagbag.py:538} INFO - Filling up the DagBag from /home/airflow/.local/lib/python3.8/site-packages/airflow/example_dags/example_skip_dag.py
[2026-03-01T08:28:34.949+0000] {processor.py:840} INFO - DAG(s) 'example_skip_dag' retrieved from /home/airflow/.local/lib/python3.8/site-packages/airflow/example_dags/example_skip_dag.py
[2026-03-01T08:28:34.962+0000] {logging_mixin.py:188} INFO - [2026-03-01T08:28:34.962+0000] {dag.py:3036} INFO - Sync 1 DAGs
[2026-03-01T08:28:34.975+0000] {logging_mixin.py:188} INFO - [2026-03-01T08:28:34.975+0000] {dag.py:3823} INFO - Setting next_dagrun for example_skip_dag to 2026-02-28 00:00:00+00:00, run_after=2026-03-01 00:00:00+00:00
[2026-03-01T08:28:34.988+0000] {processor.py:183} INFO - Processing /home/airflow/.local/lib/python3.8/site-packages/airflow/example_dags/example_skip_dag.py took 0.049 seconds
[2026-03-01T08:29:05.350+0000] {processor.py:161} INFO - Started process (PID=2561) to work on /home/airflow/.local/lib/python3.8/site-packages/airflow/example_dags/example_skip_dag.py
[2026-03-01T08:29:05.352+0000] {processor.py:830} INFO - Processing file /home/airflow/.local/lib/python3.8/site-packages/airflow/example_dags/example_skip_dag.py for tasks to queue
[2026-03-01T08:29:05.354+0000] {logging_mixin.py:188} INFO - [2026-03-01T08:29:05.353+0000] {dagbag.py:538} INFO - Filling up the DagBag from /home/airflow/.local/lib/python3.8/site-packages/airflow/example_dags/example_skip_dag.py
[2026-03-01T08:29:05.359+0000] {processor.py:840} INFO - DAG(s) 'example_skip_dag' retrieved from /home/airflow/.local/lib/python3.8/site-packages/airflow/example_dags/example_skip_dag.py
[2026-03-01T08:29:05.373+0000] {logging_mixin.py:188} INFO - [2026-03-01T08:29:05.373+0000] {dag.py:3036} INFO - Sync 1 DAGs
[2026-03-01T08:29:05.388+0000] {logging_mixin.py:188} INFO - [2026-03-01T08:29:05.387+0000] {dag.py:3823} INFO - Setting next_dagrun for example_skip_dag to 2026-02-28 00:00:00+00:00, run_after=2026-03-01 00:00:00+00:00
[2026-03-01T08:29:05.401+0000] {processor.py:183} INFO - Processing /home/airflow/.local/lib/python3.8/site-packages/airflow/example_dags/example_skip_dag.py took 0.053 seconds
[2026-03-01T08:29:35.795+0000] {processor.py:161} INFO - Started process (PID=2617) to work on /home/airflow/.local/lib/python3.8/site-packages/airflow/example_dags/example_skip_dag.py
[2026-03-01T08:29:35.796+0000] {processor.py:830} INFO - Processing file /home/airflow/.local/lib/python3.8/site-packages/airflow/example_dags/example_skip_dag.py for tasks to queue
[2026-03-01T08:29:35.797+0000] {logging_mixin.py:188} INFO - [2026-03-01T08:29:35.797+0000] {dagbag.py:538} INFO - Filling up the DagBag from /home/airflow/.local/lib/python3.8/site-packages/airflow/example_dags/example_skip_dag.py
[2026-03-01T08:29:35.802+0000] {processor.py:840} INFO - DAG(s) 'example_skip_dag' retrieved from /home/airflow/.local/lib/python3.8/site-packages/airflow/example_dags/example_skip_dag.py
[2026-03-01T08:29:35.817+0000] {logging_mixin.py:188} INFO - [2026-03-01T08:29:35.816+0000] {dag.py:3036} INFO - Sync 1 DAGs
[2026-03-01T08:29:35.830+0000] {logging_mixin.py:188} INFO - [2026-03-01T08:29:35.830+0000] {dag.py:3823} INFO - Setting next_dagrun for example_skip_dag to 2026-02-28 00:00:00+00:00, run_after=2026-03-01 00:00:00+00:00
[2026-03-01T08:29:35.843+0000] {processor.py:183} INFO - Processing /home/airflow/.local/lib/python3.8/site-packages/airflow/example_dags/example_skip_dag.py took 0.050 seconds
[2026-03-01T08:30:06.419+0000] {processor.py:161} INFO - Started process (PID=2673) to work on /home/airflow/.local/lib/python3.8/site-packages/airflow/example_dags/example_skip_dag.py
[2026-03-01T08:30:06.420+0000] {processor.py:830} INFO - Processing file /home/airflow/.local/lib/python3.8/site-packages/airflow/example_dags/example_skip_dag.py for tasks to queue
[2026-03-01T08:30:06.422+0000] {logging_mixin.py:188} INFO - [2026-03-01T08:30:06.421+0000] {dagbag.py:538} INFO - Filling up the DagBag from /home/airflow/.local/lib/python3.8/site-packages/airflow/example_dags/example_skip_dag.py
[2026-03-01T08:30:06.426+0000] {processor.py:840} INFO - DAG(s) 'example_skip_dag' retrieved from /home/airflow/.local/lib/python3.8/site-packages/airflow/example_dags/example_skip_dag.py
[2026-03-01T08:30:06.440+0000] {logging_mixin.py:188} INFO - [2026-03-01T08:30:06.440+0000] {dag.py:3036} INFO - Sync 1 DAGs
[2026-03-01T08:30:06.454+0000] {logging_mixin.py:188} INFO - [2026-03-01T08:30:06.454+0000] {dag.py:3823} INFO - Setting next_dagrun for example_skip_dag to 2026-02-28 00:00:00+00:00, run_after=2026-03-01 00:00:00+00:00
[2026-03-01T08:30:06.467+0000] {processor.py:183} INFO - Processing /home/airflow/.local/lib/python3.8/site-packages/airflow/example_dags/example_skip_dag.py took 0.050 seconds
