[2026-03-01T08:07:46.448+0000] {processor.py:161} INFO - Started process (PID=61) to work on /home/airflow/.local/lib/python3.8/site-packages/airflow/example_dags/example_branch_python_dop_operator_3.py
[2026-03-01T08:07:46.450+0000] {processor.py:830} INFO - Processing file /home/airflow/.local/lib/python3.8/site-packages/airflow/example_dags/example_branch_python_dop_operator_3.py for tasks to queue
[2026-03-01T08:07:46.452+0000] {logging_mixin.py:188} INFO - [2026-03-01T08:07:46.451+0000] {dagbag.py:538} INFO - Filling up the DagBag from /home/airflow/.local/lib/python3.8/site-packages/airflow/example_dags/example_branch_python_dop_operator_3.py
[2026-03-01T08:07:46.462+0000] {processor.py:840} INFO - DAG(s) 'example_branch_dop_operator_v3' retrieved from /home/airflow/.local/lib/python3.8/site-packages/airflow/example_dags/example_branch_python_dop_operator_3.py
[2026-03-01T08:07:46.548+0000] {logging_mixin.py:188} INFO - [2026-03-01T08:07:46.548+0000] {override.py:1769} INFO - Created Permission View: can edit on DAG:example_branch_dop_operator_v3
[2026-03-01T08:07:46.557+0000] {logging_mixin.py:188} INFO - [2026-03-01T08:07:46.557+0000] {override.py:1769} INFO - Created Permission View: can delete on DAG:example_branch_dop_operator_v3
[2026-03-01T08:07:46.564+0000] {logging_mixin.py:188} INFO - [2026-03-01T08:07:46.564+0000] {override.py:1769} INFO - Created Permission View: can read on DAG:example_branch_dop_operator_v3
[2026-03-01T08:07:46.565+0000] {logging_mixin.py:188} INFO - [2026-03-01T08:07:46.565+0000] {dag.py:3036} INFO - Sync 1 DAGs
[2026-03-01T08:07:46.574+0000] {logging_mixin.py:188} INFO - [2026-03-01T08:07:46.574+0000] {dag.py:3058} INFO - Creating ORM DAG for example_branch_dop_operator_v3
[2026-03-01T08:07:46.587+0000] {logging_mixin.py:188} INFO - [2026-03-01T08:07:46.587+0000] {dag.py:3823} INFO - Setting next_dagrun for example_branch_dop_operator_v3 to 2026-03-01 08:06:00+00:00, run_after=2026-03-01 08:07:00+00:00
[2026-03-01T08:07:46.602+0000] {processor.py:183} INFO - Processing /home/airflow/.local/lib/python3.8/site-packages/airflow/example_dags/example_branch_python_dop_operator_3.py took 0.158 seconds
[2026-03-01T08:08:16.786+0000] {processor.py:161} INFO - Started process (PID=117) to work on /home/airflow/.local/lib/python3.8/site-packages/airflow/example_dags/example_branch_python_dop_operator_3.py
[2026-03-01T08:08:16.787+0000] {processor.py:830} INFO - Processing file /home/airflow/.local/lib/python3.8/site-packages/airflow/example_dags/example_branch_python_dop_operator_3.py for tasks to queue
[2026-03-01T08:08:16.789+0000] {logging_mixin.py:188} INFO - [2026-03-01T08:08:16.788+0000] {dagbag.py:538} INFO - Filling up the DagBag from /home/airflow/.local/lib/python3.8/site-packages/airflow/example_dags/example_branch_python_dop_operator_3.py
[2026-03-01T08:08:16.795+0000] {processor.py:840} INFO - DAG(s) 'example_branch_dop_operator_v3' retrieved from /home/airflow/.local/lib/python3.8/site-packages/airflow/example_dags/example_branch_python_dop_operator_3.py
[2026-03-01T08:08:16.809+0000] {logging_mixin.py:188} INFO - [2026-03-01T08:08:16.809+0000] {dag.py:3036} INFO - Sync 1 DAGs
[2026-03-01T08:08:16.824+0000] {logging_mixin.py:188} INFO - [2026-03-01T08:08:16.823+0000] {dag.py:3823} INFO - Setting next_dagrun for example_branch_dop_operator_v3 to 2026-03-01 08:07:00+00:00, run_after=2026-03-01 08:08:00+00:00
[2026-03-01T08:08:16.836+0000] {processor.py:183} INFO - Processing /home/airflow/.local/lib/python3.8/site-packages/airflow/example_dags/example_branch_python_dop_operator_3.py took 0.053 seconds
[2026-03-01T08:08:47.181+0000] {processor.py:161} INFO - Started process (PID=172) to work on /home/airflow/.local/lib/python3.8/site-packages/airflow/example_dags/example_branch_python_dop_operator_3.py
[2026-03-01T08:08:47.182+0000] {processor.py:830} INFO - Processing file /home/airflow/.local/lib/python3.8/site-packages/airflow/example_dags/example_branch_python_dop_operator_3.py for tasks to queue
[2026-03-01T08:08:47.184+0000] {logging_mixin.py:188} INFO - [2026-03-01T08:08:47.183+0000] {dagbag.py:538} INFO - Filling up the DagBag from /home/airflow/.local/lib/python3.8/site-packages/airflow/example_dags/example_branch_python_dop_operator_3.py
[2026-03-01T08:08:47.189+0000] {processor.py:840} INFO - DAG(s) 'example_branch_dop_operator_v3' retrieved from /home/airflow/.local/lib/python3.8/site-packages/airflow/example_dags/example_branch_python_dop_operator_3.py
[2026-03-01T08:08:47.204+0000] {logging_mixin.py:188} INFO - [2026-03-01T08:08:47.204+0000] {dag.py:3036} INFO - Sync 1 DAGs
[2026-03-01T08:08:47.219+0000] {logging_mixin.py:188} INFO - [2026-03-01T08:08:47.219+0000] {dag.py:3823} INFO - Setting next_dagrun for example_branch_dop_operator_v3 to 2026-03-01 08:07:00+00:00, run_after=2026-03-01 08:08:00+00:00
[2026-03-01T08:08:47.234+0000] {processor.py:183} INFO - Processing /home/airflow/.local/lib/python3.8/site-packages/airflow/example_dags/example_branch_python_dop_operator_3.py took 0.055 seconds
[2026-03-01T08:09:17.595+0000] {processor.py:161} INFO - Started process (PID=227) to work on /home/airflow/.local/lib/python3.8/site-packages/airflow/example_dags/example_branch_python_dop_operator_3.py
[2026-03-01T08:09:17.596+0000] {processor.py:830} INFO - Processing file /home/airflow/.local/lib/python3.8/site-packages/airflow/example_dags/example_branch_python_dop_operator_3.py for tasks to queue
[2026-03-01T08:09:17.598+0000] {logging_mixin.py:188} INFO - [2026-03-01T08:09:17.597+0000] {dagbag.py:538} INFO - Filling up the DagBag from /home/airflow/.local/lib/python3.8/site-packages/airflow/example_dags/example_branch_python_dop_operator_3.py
[2026-03-01T08:09:17.603+0000] {processor.py:840} INFO - DAG(s) 'example_branch_dop_operator_v3' retrieved from /home/airflow/.local/lib/python3.8/site-packages/airflow/example_dags/example_branch_python_dop_operator_3.py
[2026-03-01T08:09:17.618+0000] {logging_mixin.py:188} INFO - [2026-03-01T08:09:17.618+0000] {dag.py:3036} INFO - Sync 1 DAGs
[2026-03-01T08:09:17.634+0000] {logging_mixin.py:188} INFO - [2026-03-01T08:09:17.634+0000] {dag.py:3823} INFO - Setting next_dagrun for example_branch_dop_operator_v3 to 2026-03-01 08:08:00+00:00, run_after=2026-03-01 08:09:00+00:00
[2026-03-01T08:09:17.647+0000] {processor.py:183} INFO - Processing /home/airflow/.local/lib/python3.8/site-packages/airflow/example_dags/example_branch_python_dop_operator_3.py took 0.054 seconds
[2026-03-01T08:09:47.866+0000] {processor.py:161} INFO - Started process (PID=282) to work on /home/airflow/.local/lib/python3.8/site-packages/airflow/example_dags/example_branch_python_dop_operator_3.py
[2026-03-01T08:09:47.867+0000] {processor.py:830} INFO - Processing file /home/airflow/.local/lib/python3.8/site-packages/airflow/example_dags/example_branch_python_dop_operator_3.py for tasks to queue
[2026-03-01T08:09:47.868+0000] {logging_mixin.py:188} INFO - [2026-03-01T08:09:47.868+0000] {dagbag.py:538} INFO - Filling up the DagBag from /home/airflow/.local/lib/python3.8/site-packages/airflow/example_dags/example_branch_python_dop_operator_3.py
[2026-03-01T08:09:47.875+0000] {processor.py:840} INFO - DAG(s) 'example_branch_dop_operator_v3' retrieved from /home/airflow/.local/lib/python3.8/site-packages/airflow/example_dags/example_branch_python_dop_operator_3.py
[2026-03-01T08:09:47.889+0000] {logging_mixin.py:188} INFO - [2026-03-01T08:09:47.889+0000] {dag.py:3036} INFO - Sync 1 DAGs
[2026-03-01T08:09:47.904+0000] {logging_mixin.py:188} INFO - [2026-03-01T08:09:47.904+0000] {dag.py:3823} INFO - Setting next_dagrun for example_branch_dop_operator_v3 to 2026-03-01 08:08:00+00:00, run_after=2026-03-01 08:09:00+00:00
[2026-03-01T08:09:47.917+0000] {processor.py:183} INFO - Processing /home/airflow/.local/lib/python3.8/site-packages/airflow/example_dags/example_branch_python_dop_operator_3.py took 0.053 seconds
[2026-03-01T08:10:18.527+0000] {processor.py:161} INFO - Started process (PID=337) to work on /home/airflow/.local/lib/python3.8/site-packages/airflow/example_dags/example_branch_python_dop_operator_3.py
[2026-03-01T08:10:18.528+0000] {processor.py:830} INFO - Processing file /home/airflow/.local/lib/python3.8/site-packages/airflow/example_dags/example_branch_python_dop_operator_3.py for tasks to queue
[2026-03-01T08:10:18.530+0000] {logging_mixin.py:188} INFO - [2026-03-01T08:10:18.530+0000] {dagbag.py:538} INFO - Filling up the DagBag from /home/airflow/.local/lib/python3.8/site-packages/airflow/example_dags/example_branch_python_dop_operator_3.py
[2026-03-01T08:10:18.536+0000] {processor.py:840} INFO - DAG(s) 'example_branch_dop_operator_v3' retrieved from /home/airflow/.local/lib/python3.8/site-packages/airflow/example_dags/example_branch_python_dop_operator_3.py
[2026-03-01T08:10:18.551+0000] {logging_mixin.py:188} INFO - [2026-03-01T08:10:18.551+0000] {dag.py:3036} INFO - Sync 1 DAGs
[2026-03-01T08:10:18.565+0000] {logging_mixin.py:188} INFO - [2026-03-01T08:10:18.565+0000] {dag.py:3823} INFO - Setting next_dagrun for example_branch_dop_operator_v3 to 2026-03-01 08:09:00+00:00, run_after=2026-03-01 08:10:00+00:00
[2026-03-01T08:10:18.583+0000] {processor.py:183} INFO - Processing /home/airflow/.local/lib/python3.8/site-packages/airflow/example_dags/example_branch_python_dop_operator_3.py took 0.058 seconds
[2026-03-01T08:10:49.014+0000] {processor.py:161} INFO - Started process (PID=392) to work on /home/airflow/.local/lib/python3.8/site-packages/airflow/example_dags/example_branch_python_dop_operator_3.py
[2026-03-01T08:10:49.016+0000] {processor.py:830} INFO - Processing file /home/airflow/.local/lib/python3.8/site-packages/airflow/example_dags/example_branch_python_dop_operator_3.py for tasks to queue
[2026-03-01T08:10:49.018+0000] {logging_mixin.py:188} INFO - [2026-03-01T08:10:49.018+0000] {dagbag.py:538} INFO - Filling up the DagBag from /home/airflow/.local/lib/python3.8/site-packages/airflow/example_dags/example_branch_python_dop_operator_3.py
[2026-03-01T08:10:49.024+0000] {processor.py:840} INFO - DAG(s) 'example_branch_dop_operator_v3' retrieved from /home/airflow/.local/lib/python3.8/site-packages/airflow/example_dags/example_branch_python_dop_operator_3.py
[2026-03-01T08:10:49.042+0000] {logging_mixin.py:188} INFO - [2026-03-01T08:10:49.042+0000] {dag.py:3036} INFO - Sync 1 DAGs
[2026-03-01T08:10:49.063+0000] {logging_mixin.py:188} INFO - [2026-03-01T08:10:49.062+0000] {dag.py:3823} INFO - Setting next_dagrun for example_branch_dop_operator_v3 to 2026-03-01 08:09:00+00:00, run_after=2026-03-01 08:10:00+00:00
[2026-03-01T08:10:49.090+0000] {processor.py:183} INFO - Processing /home/airflow/.local/lib/python3.8/site-packages/airflow/example_dags/example_branch_python_dop_operator_3.py took 0.078 seconds
[2026-03-01T08:11:19.465+0000] {processor.py:161} INFO - Started process (PID=453) to work on /home/airflow/.local/lib/python3.8/site-packages/airflow/example_dags/example_branch_python_dop_operator_3.py
[2026-03-01T08:11:19.467+0000] {processor.py:830} INFO - Processing file /home/airflow/.local/lib/python3.8/site-packages/airflow/example_dags/example_branch_python_dop_operator_3.py for tasks to queue
[2026-03-01T08:11:19.468+0000] {logging_mixin.py:188} INFO - [2026-03-01T08:11:19.468+0000] {dagbag.py:538} INFO - Filling up the DagBag from /home/airflow/.local/lib/python3.8/site-packages/airflow/example_dags/example_branch_python_dop_operator_3.py
[2026-03-01T08:11:19.474+0000] {processor.py:840} INFO - DAG(s) 'example_branch_dop_operator_v3' retrieved from /home/airflow/.local/lib/python3.8/site-packages/airflow/example_dags/example_branch_python_dop_operator_3.py
[2026-03-01T08:11:19.489+0000] {logging_mixin.py:188} INFO - [2026-03-01T08:11:19.489+0000] {dag.py:3036} INFO - Sync 1 DAGs
[2026-03-01T08:11:19.505+0000] {logging_mixin.py:188} INFO - [2026-03-01T08:11:19.505+0000] {dag.py:3823} INFO - Setting next_dagrun for example_branch_dop_operator_v3 to 2026-03-01 08:10:00+00:00, run_after=2026-03-01 08:11:00+00:00
[2026-03-01T08:11:19.518+0000] {processor.py:183} INFO - Processing /home/airflow/.local/lib/python3.8/site-packages/airflow/example_dags/example_branch_python_dop_operator_3.py took 0.056 seconds
[2026-03-01T08:11:49.882+0000] {processor.py:161} INFO - Started process (PID=514) to work on /home/airflow/.local/lib/python3.8/site-packages/airflow/example_dags/example_branch_python_dop_operator_3.py
[2026-03-01T08:11:49.884+0000] {processor.py:830} INFO - Processing file /home/airflow/.local/lib/python3.8/site-packages/airflow/example_dags/example_branch_python_dop_operator_3.py for tasks to queue
[2026-03-01T08:11:49.885+0000] {logging_mixin.py:188} INFO - [2026-03-01T08:11:49.885+0000] {dagbag.py:538} INFO - Filling up the DagBag from /home/airflow/.local/lib/python3.8/site-packages/airflow/example_dags/example_branch_python_dop_operator_3.py
[2026-03-01T08:11:49.891+0000] {processor.py:840} INFO - DAG(s) 'example_branch_dop_operator_v3' retrieved from /home/airflow/.local/lib/python3.8/site-packages/airflow/example_dags/example_branch_python_dop_operator_3.py
[2026-03-01T08:11:49.906+0000] {logging_mixin.py:188} INFO - [2026-03-01T08:11:49.906+0000] {dag.py:3036} INFO - Sync 1 DAGs
[2026-03-01T08:11:49.921+0000] {logging_mixin.py:188} INFO - [2026-03-01T08:11:49.921+0000] {dag.py:3823} INFO - Setting next_dagrun for example_branch_dop_operator_v3 to 2026-03-01 08:10:00+00:00, run_after=2026-03-01 08:11:00+00:00
[2026-03-01T08:11:49.933+0000] {processor.py:183} INFO - Processing /home/airflow/.local/lib/python3.8/site-packages/airflow/example_dags/example_branch_python_dop_operator_3.py took 0.053 seconds
[2026-03-01T08:12:20.886+0000] {processor.py:161} INFO - Started process (PID=598) to work on /home/airflow/.local/lib/python3.8/site-packages/airflow/example_dags/example_branch_python_dop_operator_3.py
[2026-03-01T08:12:20.887+0000] {processor.py:830} INFO - Processing file /home/airflow/.local/lib/python3.8/site-packages/airflow/example_dags/example_branch_python_dop_operator_3.py for tasks to queue
[2026-03-01T08:12:20.889+0000] {logging_mixin.py:188} INFO - [2026-03-01T08:12:20.888+0000] {dagbag.py:538} INFO - Filling up the DagBag from /home/airflow/.local/lib/python3.8/site-packages/airflow/example_dags/example_branch_python_dop_operator_3.py
[2026-03-01T08:12:20.895+0000] {processor.py:840} INFO - DAG(s) 'example_branch_dop_operator_v3' retrieved from /home/airflow/.local/lib/python3.8/site-packages/airflow/example_dags/example_branch_python_dop_operator_3.py
[2026-03-01T08:12:20.912+0000] {logging_mixin.py:188} INFO - [2026-03-01T08:12:20.911+0000] {dag.py:3036} INFO - Sync 1 DAGs
[2026-03-01T08:12:20.928+0000] {logging_mixin.py:188} INFO - [2026-03-01T08:12:20.928+0000] {dag.py:3823} INFO - Setting next_dagrun for example_branch_dop_operator_v3 to 2026-03-01 08:11:00+00:00, run_after=2026-03-01 08:12:00+00:00
[2026-03-01T08:12:20.951+0000] {processor.py:183} INFO - Processing /home/airflow/.local/lib/python3.8/site-packages/airflow/example_dags/example_branch_python_dop_operator_3.py took 0.067 seconds
[2026-03-01T08:12:51.108+0000] {processor.py:161} INFO - Started process (PID=652) to work on /home/airflow/.local/lib/python3.8/site-packages/airflow/example_dags/example_branch_python_dop_operator_3.py
[2026-03-01T08:12:51.109+0000] {processor.py:830} INFO - Processing file /home/airflow/.local/lib/python3.8/site-packages/airflow/example_dags/example_branch_python_dop_operator_3.py for tasks to queue
[2026-03-01T08:12:51.111+0000] {logging_mixin.py:188} INFO - [2026-03-01T08:12:51.111+0000] {dagbag.py:538} INFO - Filling up the DagBag from /home/airflow/.local/lib/python3.8/site-packages/airflow/example_dags/example_branch_python_dop_operator_3.py
[2026-03-01T08:12:51.117+0000] {processor.py:840} INFO - DAG(s) 'example_branch_dop_operator_v3' retrieved from /home/airflow/.local/lib/python3.8/site-packages/airflow/example_dags/example_branch_python_dop_operator_3.py
[2026-03-01T08:12:51.133+0000] {logging_mixin.py:188} INFO - [2026-03-01T08:12:51.133+0000] {dag.py:3036} INFO - Sync 1 DAGs
[2026-03-01T08:12:51.151+0000] {logging_mixin.py:188} INFO - [2026-03-01T08:12:51.151+0000] {dag.py:3823} INFO - Setting next_dagrun for example_branch_dop_operator_v3 to 2026-03-01 08:11:00+00:00, run_after=2026-03-01 08:12:00+00:00
[2026-03-01T08:12:51.165+0000] {processor.py:183} INFO - Processing /home/airflow/.local/lib/python3.8/site-packages/airflow/example_dags/example_branch_python_dop_operator_3.py took 0.060 seconds
[2026-03-01T08:13:21.332+0000] {processor.py:161} INFO - Started process (PID=707) to work on /home/airflow/.local/lib/python3.8/site-packages/airflow/example_dags/example_branch_python_dop_operator_3.py
[2026-03-01T08:13:21.333+0000] {processor.py:830} INFO - Processing file /home/airflow/.local/lib/python3.8/site-packages/airflow/example_dags/example_branch_python_dop_operator_3.py for tasks to queue
[2026-03-01T08:13:21.334+0000] {logging_mixin.py:188} INFO - [2026-03-01T08:13:21.334+0000] {dagbag.py:538} INFO - Filling up the DagBag from /home/airflow/.local/lib/python3.8/site-packages/airflow/example_dags/example_branch_python_dop_operator_3.py
[2026-03-01T08:13:21.340+0000] {processor.py:840} INFO - DAG(s) 'example_branch_dop_operator_v3' retrieved from /home/airflow/.local/lib/python3.8/site-packages/airflow/example_dags/example_branch_python_dop_operator_3.py
[2026-03-01T08:13:21.355+0000] {logging_mixin.py:188} INFO - [2026-03-01T08:13:21.355+0000] {dag.py:3036} INFO - Sync 1 DAGs
[2026-03-01T08:13:21.370+0000] {logging_mixin.py:188} INFO - [2026-03-01T08:13:21.370+0000] {dag.py:3823} INFO - Setting next_dagrun for example_branch_dop_operator_v3 to 2026-03-01 08:12:00+00:00, run_after=2026-03-01 08:13:00+00:00
[2026-03-01T08:13:21.384+0000] {processor.py:183} INFO - Processing /home/airflow/.local/lib/python3.8/site-packages/airflow/example_dags/example_branch_python_dop_operator_3.py took 0.054 seconds
[2026-03-01T08:13:51.633+0000] {processor.py:161} INFO - Started process (PID=785) to work on /home/airflow/.local/lib/python3.8/site-packages/airflow/example_dags/example_branch_python_dop_operator_3.py
[2026-03-01T08:13:51.635+0000] {processor.py:830} INFO - Processing file /home/airflow/.local/lib/python3.8/site-packages/airflow/example_dags/example_branch_python_dop_operator_3.py for tasks to queue
[2026-03-01T08:13:51.636+0000] {logging_mixin.py:188} INFO - [2026-03-01T08:13:51.636+0000] {dagbag.py:538} INFO - Filling up the DagBag from /home/airflow/.local/lib/python3.8/site-packages/airflow/example_dags/example_branch_python_dop_operator_3.py
[2026-03-01T08:13:51.642+0000] {processor.py:840} INFO - DAG(s) 'example_branch_dop_operator_v3' retrieved from /home/airflow/.local/lib/python3.8/site-packages/airflow/example_dags/example_branch_python_dop_operator_3.py
[2026-03-01T08:13:51.658+0000] {logging_mixin.py:188} INFO - [2026-03-01T08:13:51.658+0000] {dag.py:3036} INFO - Sync 1 DAGs
[2026-03-01T08:13:51.673+0000] {logging_mixin.py:188} INFO - [2026-03-01T08:13:51.673+0000] {dag.py:3823} INFO - Setting next_dagrun for example_branch_dop_operator_v3 to 2026-03-01 08:12:00+00:00, run_after=2026-03-01 08:13:00+00:00
[2026-03-01T08:13:51.687+0000] {processor.py:183} INFO - Processing /home/airflow/.local/lib/python3.8/site-packages/airflow/example_dags/example_branch_python_dop_operator_3.py took 0.057 seconds
[2026-03-01T08:14:21.956+0000] {processor.py:161} INFO - Started process (PID=862) to work on /home/airflow/.local/lib/python3.8/site-packages/airflow/example_dags/example_branch_python_dop_operator_3.py
[2026-03-01T08:14:21.957+0000] {processor.py:830} INFO - Processing file /home/airflow/.local/lib/python3.8/site-packages/airflow/example_dags/example_branch_python_dop_operator_3.py for tasks to queue
[2026-03-01T08:14:21.962+0000] {logging_mixin.py:188} INFO - [2026-03-01T08:14:21.962+0000] {dagbag.py:538} INFO - Filling up the DagBag from /home/airflow/.local/lib/python3.8/site-packages/airflow/example_dags/example_branch_python_dop_operator_3.py
[2026-03-01T08:14:21.968+0000] {processor.py:840} INFO - DAG(s) 'example_branch_dop_operator_v3' retrieved from /home/airflow/.local/lib/python3.8/site-packages/airflow/example_dags/example_branch_python_dop_operator_3.py
[2026-03-01T08:14:21.976+0000] {logging_mixin.py:188} INFO - [2026-03-01T08:14:21.976+0000] {dag.py:3036} INFO - Sync 1 DAGs
[2026-03-01T08:14:21.992+0000] {logging_mixin.py:188} INFO - [2026-03-01T08:14:21.991+0000] {dag.py:3823} INFO - Setting next_dagrun for example_branch_dop_operator_v3 to 2026-03-01 08:13:00+00:00, run_after=2026-03-01 08:14:00+00:00
[2026-03-01T08:14:22.003+0000] {processor.py:183} INFO - Processing /home/airflow/.local/lib/python3.8/site-packages/airflow/example_dags/example_branch_python_dop_operator_3.py took 0.050 seconds
[2026-03-01T08:14:52.205+0000] {processor.py:161} INFO - Started process (PID=917) to work on /home/airflow/.local/lib/python3.8/site-packages/airflow/example_dags/example_branch_python_dop_operator_3.py
[2026-03-01T08:14:52.206+0000] {processor.py:830} INFO - Processing file /home/airflow/.local/lib/python3.8/site-packages/airflow/example_dags/example_branch_python_dop_operator_3.py for tasks to queue
[2026-03-01T08:14:52.207+0000] {logging_mixin.py:188} INFO - [2026-03-01T08:14:52.207+0000] {dagbag.py:538} INFO - Filling up the DagBag from /home/airflow/.local/lib/python3.8/site-packages/airflow/example_dags/example_branch_python_dop_operator_3.py
[2026-03-01T08:14:52.213+0000] {processor.py:840} INFO - DAG(s) 'example_branch_dop_operator_v3' retrieved from /home/airflow/.local/lib/python3.8/site-packages/airflow/example_dags/example_branch_python_dop_operator_3.py
[2026-03-01T08:14:52.269+0000] {logging_mixin.py:188} INFO - [2026-03-01T08:14:52.269+0000] {dag.py:3036} INFO - Sync 1 DAGs
[2026-03-01T08:14:52.282+0000] {logging_mixin.py:188} INFO - [2026-03-01T08:14:52.282+0000] {dag.py:3823} INFO - Setting next_dagrun for example_branch_dop_operator_v3 to 2026-03-01 08:13:00+00:00, run_after=2026-03-01 08:14:00+00:00
[2026-03-01T08:14:52.298+0000] {processor.py:183} INFO - Processing /home/airflow/.local/lib/python3.8/site-packages/airflow/example_dags/example_branch_python_dop_operator_3.py took 0.096 seconds
[2026-03-01T08:15:23.189+0000] {processor.py:161} INFO - Started process (PID=972) to work on /home/airflow/.local/lib/python3.8/site-packages/airflow/example_dags/example_branch_python_dop_operator_3.py
[2026-03-01T08:15:23.190+0000] {processor.py:830} INFO - Processing file /home/airflow/.local/lib/python3.8/site-packages/airflow/example_dags/example_branch_python_dop_operator_3.py for tasks to queue
[2026-03-01T08:15:23.192+0000] {logging_mixin.py:188} INFO - [2026-03-01T08:15:23.192+0000] {dagbag.py:538} INFO - Filling up the DagBag from /home/airflow/.local/lib/python3.8/site-packages/airflow/example_dags/example_branch_python_dop_operator_3.py
[2026-03-01T08:15:23.199+0000] {processor.py:840} INFO - DAG(s) 'example_branch_dop_operator_v3' retrieved from /home/airflow/.local/lib/python3.8/site-packages/airflow/example_dags/example_branch_python_dop_operator_3.py
[2026-03-01T08:15:23.215+0000] {logging_mixin.py:188} INFO - [2026-03-01T08:15:23.215+0000] {dag.py:3036} INFO - Sync 1 DAGs
[2026-03-01T08:15:23.232+0000] {logging_mixin.py:188} INFO - [2026-03-01T08:15:23.232+0000] {dag.py:3823} INFO - Setting next_dagrun for example_branch_dop_operator_v3 to 2026-03-01 08:14:00+00:00, run_after=2026-03-01 08:15:00+00:00
[2026-03-01T08:15:23.248+0000] {processor.py:183} INFO - Processing /home/airflow/.local/lib/python3.8/site-packages/airflow/example_dags/example_branch_python_dop_operator_3.py took 0.062 seconds
[2026-03-01T08:15:53.390+0000] {processor.py:161} INFO - Started process (PID=1027) to work on /home/airflow/.local/lib/python3.8/site-packages/airflow/example_dags/example_branch_python_dop_operator_3.py
[2026-03-01T08:15:53.391+0000] {processor.py:830} INFO - Processing file /home/airflow/.local/lib/python3.8/site-packages/airflow/example_dags/example_branch_python_dop_operator_3.py for tasks to queue
[2026-03-01T08:15:53.394+0000] {logging_mixin.py:188} INFO - [2026-03-01T08:15:53.394+0000] {dagbag.py:538} INFO - Filling up the DagBag from /home/airflow/.local/lib/python3.8/site-packages/airflow/example_dags/example_branch_python_dop_operator_3.py
[2026-03-01T08:15:53.401+0000] {processor.py:840} INFO - DAG(s) 'example_branch_dop_operator_v3' retrieved from /home/airflow/.local/lib/python3.8/site-packages/airflow/example_dags/example_branch_python_dop_operator_3.py
[2026-03-01T08:15:53.416+0000] {logging_mixin.py:188} INFO - [2026-03-01T08:15:53.416+0000] {dag.py:3036} INFO - Sync 1 DAGs
[2026-03-01T08:15:53.431+0000] {logging_mixin.py:188} INFO - [2026-03-01T08:15:53.430+0000] {dag.py:3823} INFO - Setting next_dagrun for example_branch_dop_operator_v3 to 2026-03-01 08:14:00+00:00, run_after=2026-03-01 08:15:00+00:00
[2026-03-01T08:15:53.452+0000] {processor.py:183} INFO - Processing /home/airflow/.local/lib/python3.8/site-packages/airflow/example_dags/example_branch_python_dop_operator_3.py took 0.065 seconds
[2026-03-01T08:16:23.679+0000] {processor.py:161} INFO - Started process (PID=1105) to work on /home/airflow/.local/lib/python3.8/site-packages/airflow/example_dags/example_branch_python_dop_operator_3.py
[2026-03-01T08:16:23.680+0000] {processor.py:830} INFO - Processing file /home/airflow/.local/lib/python3.8/site-packages/airflow/example_dags/example_branch_python_dop_operator_3.py for tasks to queue
[2026-03-01T08:16:23.684+0000] {logging_mixin.py:188} INFO - [2026-03-01T08:16:23.684+0000] {dagbag.py:538} INFO - Filling up the DagBag from /home/airflow/.local/lib/python3.8/site-packages/airflow/example_dags/example_branch_python_dop_operator_3.py
[2026-03-01T08:16:23.691+0000] {processor.py:840} INFO - DAG(s) 'example_branch_dop_operator_v3' retrieved from /home/airflow/.local/lib/python3.8/site-packages/airflow/example_dags/example_branch_python_dop_operator_3.py
[2026-03-01T08:16:23.706+0000] {logging_mixin.py:188} INFO - [2026-03-01T08:16:23.706+0000] {dag.py:3036} INFO - Sync 1 DAGs
[2026-03-01T08:16:23.721+0000] {logging_mixin.py:188} INFO - [2026-03-01T08:16:23.721+0000] {dag.py:3823} INFO - Setting next_dagrun for example_branch_dop_operator_v3 to 2026-03-01 08:15:00+00:00, run_after=2026-03-01 08:16:00+00:00
[2026-03-01T08:16:23.742+0000] {processor.py:183} INFO - Processing /home/airflow/.local/lib/python3.8/site-packages/airflow/example_dags/example_branch_python_dop_operator_3.py took 0.066 seconds
[2026-03-01T08:16:54.029+0000] {processor.py:161} INFO - Started process (PID=1166) to work on /home/airflow/.local/lib/python3.8/site-packages/airflow/example_dags/example_branch_python_dop_operator_3.py
[2026-03-01T08:16:54.030+0000] {processor.py:830} INFO - Processing file /home/airflow/.local/lib/python3.8/site-packages/airflow/example_dags/example_branch_python_dop_operator_3.py for tasks to queue
[2026-03-01T08:16:54.032+0000] {logging_mixin.py:188} INFO - [2026-03-01T08:16:54.032+0000] {dagbag.py:538} INFO - Filling up the DagBag from /home/airflow/.local/lib/python3.8/site-packages/airflow/example_dags/example_branch_python_dop_operator_3.py
[2026-03-01T08:16:54.038+0000] {processor.py:840} INFO - DAG(s) 'example_branch_dop_operator_v3' retrieved from /home/airflow/.local/lib/python3.8/site-packages/airflow/example_dags/example_branch_python_dop_operator_3.py
[2026-03-01T08:16:54.054+0000] {logging_mixin.py:188} INFO - [2026-03-01T08:16:54.053+0000] {dag.py:3036} INFO - Sync 1 DAGs
[2026-03-01T08:16:54.072+0000] {logging_mixin.py:188} INFO - [2026-03-01T08:16:54.071+0000] {dag.py:3823} INFO - Setting next_dagrun for example_branch_dop_operator_v3 to 2026-03-01 08:15:00+00:00, run_after=2026-03-01 08:16:00+00:00
[2026-03-01T08:16:54.086+0000] {processor.py:183} INFO - Processing /home/airflow/.local/lib/python3.8/site-packages/airflow/example_dags/example_branch_python_dop_operator_3.py took 0.059 seconds
[2026-03-01T08:17:24.344+0000] {processor.py:161} INFO - Started process (PID=1228) to work on /home/airflow/.local/lib/python3.8/site-packages/airflow/example_dags/example_branch_python_dop_operator_3.py
[2026-03-01T08:17:24.345+0000] {processor.py:830} INFO - Processing file /home/airflow/.local/lib/python3.8/site-packages/airflow/example_dags/example_branch_python_dop_operator_3.py for tasks to queue
[2026-03-01T08:17:24.347+0000] {logging_mixin.py:188} INFO - [2026-03-01T08:17:24.347+0000] {dagbag.py:538} INFO - Filling up the DagBag from /home/airflow/.local/lib/python3.8/site-packages/airflow/example_dags/example_branch_python_dop_operator_3.py
[2026-03-01T08:17:24.354+0000] {processor.py:840} INFO - DAG(s) 'example_branch_dop_operator_v3' retrieved from /home/airflow/.local/lib/python3.8/site-packages/airflow/example_dags/example_branch_python_dop_operator_3.py
[2026-03-01T08:17:24.369+0000] {logging_mixin.py:188} INFO - [2026-03-01T08:17:24.368+0000] {dag.py:3036} INFO - Sync 1 DAGs
[2026-03-01T08:17:24.384+0000] {logging_mixin.py:188} INFO - [2026-03-01T08:17:24.384+0000] {dag.py:3823} INFO - Setting next_dagrun for example_branch_dop_operator_v3 to 2026-03-01 08:16:00+00:00, run_after=2026-03-01 08:17:00+00:00
[2026-03-01T08:17:24.396+0000] {processor.py:183} INFO - Processing /home/airflow/.local/lib/python3.8/site-packages/airflow/example_dags/example_branch_python_dop_operator_3.py took 0.055 seconds
[2026-03-01T08:17:54.563+0000] {processor.py:161} INFO - Started process (PID=1300) to work on /home/airflow/.local/lib/python3.8/site-packages/airflow/example_dags/example_branch_python_dop_operator_3.py
[2026-03-01T08:17:54.564+0000] {processor.py:830} INFO - Processing file /home/airflow/.local/lib/python3.8/site-packages/airflow/example_dags/example_branch_python_dop_operator_3.py for tasks to queue
[2026-03-01T08:17:54.565+0000] {logging_mixin.py:188} INFO - [2026-03-01T08:17:54.565+0000] {dagbag.py:538} INFO - Filling up the DagBag from /home/airflow/.local/lib/python3.8/site-packages/airflow/example_dags/example_branch_python_dop_operator_3.py
[2026-03-01T08:17:54.571+0000] {processor.py:840} INFO - DAG(s) 'example_branch_dop_operator_v3' retrieved from /home/airflow/.local/lib/python3.8/site-packages/airflow/example_dags/example_branch_python_dop_operator_3.py
[2026-03-01T08:17:54.587+0000] {logging_mixin.py:188} INFO - [2026-03-01T08:17:54.586+0000] {dag.py:3036} INFO - Sync 1 DAGs
[2026-03-01T08:17:54.603+0000] {logging_mixin.py:188} INFO - [2026-03-01T08:17:54.603+0000] {dag.py:3823} INFO - Setting next_dagrun for example_branch_dop_operator_v3 to 2026-03-01 08:16:00+00:00, run_after=2026-03-01 08:17:00+00:00
[2026-03-01T08:17:54.616+0000] {processor.py:183} INFO - Processing /home/airflow/.local/lib/python3.8/site-packages/airflow/example_dags/example_branch_python_dop_operator_3.py took 0.057 seconds
[2026-03-01T08:18:25.035+0000] {processor.py:161} INFO - Started process (PID=1356) to work on /home/airflow/.local/lib/python3.8/site-packages/airflow/example_dags/example_branch_python_dop_operator_3.py
[2026-03-01T08:18:25.036+0000] {processor.py:830} INFO - Processing file /home/airflow/.local/lib/python3.8/site-packages/airflow/example_dags/example_branch_python_dop_operator_3.py for tasks to queue
[2026-03-01T08:18:25.037+0000] {logging_mixin.py:188} INFO - [2026-03-01T08:18:25.037+0000] {dagbag.py:538} INFO - Filling up the DagBag from /home/airflow/.local/lib/python3.8/site-packages/airflow/example_dags/example_branch_python_dop_operator_3.py
[2026-03-01T08:18:25.044+0000] {processor.py:840} INFO - DAG(s) 'example_branch_dop_operator_v3' retrieved from /home/airflow/.local/lib/python3.8/site-packages/airflow/example_dags/example_branch_python_dop_operator_3.py
[2026-03-01T08:18:25.058+0000] {logging_mixin.py:188} INFO - [2026-03-01T08:18:25.058+0000] {dag.py:3036} INFO - Sync 1 DAGs
[2026-03-01T08:18:25.072+0000] {logging_mixin.py:188} INFO - [2026-03-01T08:18:25.072+0000] {dag.py:3823} INFO - Setting next_dagrun for example_branch_dop_operator_v3 to 2026-03-01 08:17:00+00:00, run_after=2026-03-01 08:18:00+00:00
[2026-03-01T08:18:25.085+0000] {processor.py:183} INFO - Processing /home/airflow/.local/lib/python3.8/site-packages/airflow/example_dags/example_branch_python_dop_operator_3.py took 0.053 seconds
[2026-03-01T08:18:55.449+0000] {processor.py:161} INFO - Started process (PID=1412) to work on /home/airflow/.local/lib/python3.8/site-packages/airflow/example_dags/example_branch_python_dop_operator_3.py
[2026-03-01T08:18:55.449+0000] {processor.py:830} INFO - Processing file /home/airflow/.local/lib/python3.8/site-packages/airflow/example_dags/example_branch_python_dop_operator_3.py for tasks to queue
[2026-03-01T08:18:55.451+0000] {logging_mixin.py:188} INFO - [2026-03-01T08:18:55.451+0000] {dagbag.py:538} INFO - Filling up the DagBag from /home/airflow/.local/lib/python3.8/site-packages/airflow/example_dags/example_branch_python_dop_operator_3.py
[2026-03-01T08:18:55.457+0000] {processor.py:840} INFO - DAG(s) 'example_branch_dop_operator_v3' retrieved from /home/airflow/.local/lib/python3.8/site-packages/airflow/example_dags/example_branch_python_dop_operator_3.py
[2026-03-01T08:18:55.471+0000] {logging_mixin.py:188} INFO - [2026-03-01T08:18:55.471+0000] {dag.py:3036} INFO - Sync 1 DAGs
[2026-03-01T08:18:55.485+0000] {logging_mixin.py:188} INFO - [2026-03-01T08:18:55.485+0000] {dag.py:3823} INFO - Setting next_dagrun for example_branch_dop_operator_v3 to 2026-03-01 08:17:00+00:00, run_after=2026-03-01 08:18:00+00:00
[2026-03-01T08:18:55.498+0000] {processor.py:183} INFO - Processing /home/airflow/.local/lib/python3.8/site-packages/airflow/example_dags/example_branch_python_dop_operator_3.py took 0.052 seconds
[2026-03-01T08:19:25.729+0000] {processor.py:161} INFO - Started process (PID=1468) to work on /home/airflow/.local/lib/python3.8/site-packages/airflow/example_dags/example_branch_python_dop_operator_3.py
[2026-03-01T08:19:25.730+0000] {processor.py:830} INFO - Processing file /home/airflow/.local/lib/python3.8/site-packages/airflow/example_dags/example_branch_python_dop_operator_3.py for tasks to queue
[2026-03-01T08:19:25.732+0000] {logging_mixin.py:188} INFO - [2026-03-01T08:19:25.732+0000] {dagbag.py:538} INFO - Filling up the DagBag from /home/airflow/.local/lib/python3.8/site-packages/airflow/example_dags/example_branch_python_dop_operator_3.py
[2026-03-01T08:19:25.741+0000] {processor.py:840} INFO - DAG(s) 'example_branch_dop_operator_v3' retrieved from /home/airflow/.local/lib/python3.8/site-packages/airflow/example_dags/example_branch_python_dop_operator_3.py
[2026-03-01T08:19:25.757+0000] {logging_mixin.py:188} INFO - [2026-03-01T08:19:25.757+0000] {dag.py:3036} INFO - Sync 1 DAGs
[2026-03-01T08:19:25.773+0000] {logging_mixin.py:188} INFO - [2026-03-01T08:19:25.773+0000] {dag.py:3823} INFO - Setting next_dagrun for example_branch_dop_operator_v3 to 2026-03-01 08:18:00+00:00, run_after=2026-03-01 08:19:00+00:00
[2026-03-01T08:19:25.789+0000] {processor.py:183} INFO - Processing /home/airflow/.local/lib/python3.8/site-packages/airflow/example_dags/example_branch_python_dop_operator_3.py took 0.062 seconds
[2026-03-01T08:19:55.880+0000] {processor.py:161} INFO - Started process (PID=1524) to work on /home/airflow/.local/lib/python3.8/site-packages/airflow/example_dags/example_branch_python_dop_operator_3.py
[2026-03-01T08:19:55.881+0000] {processor.py:830} INFO - Processing file /home/airflow/.local/lib/python3.8/site-packages/airflow/example_dags/example_branch_python_dop_operator_3.py for tasks to queue
[2026-03-01T08:19:55.882+0000] {logging_mixin.py:188} INFO - [2026-03-01T08:19:55.882+0000] {dagbag.py:538} INFO - Filling up the DagBag from /home/airflow/.local/lib/python3.8/site-packages/airflow/example_dags/example_branch_python_dop_operator_3.py
[2026-03-01T08:19:55.889+0000] {processor.py:840} INFO - DAG(s) 'example_branch_dop_operator_v3' retrieved from /home/airflow/.local/lib/python3.8/site-packages/airflow/example_dags/example_branch_python_dop_operator_3.py
[2026-03-01T08:19:55.905+0000] {logging_mixin.py:188} INFO - [2026-03-01T08:19:55.905+0000] {dag.py:3036} INFO - Sync 1 DAGs
[2026-03-01T08:19:55.919+0000] {logging_mixin.py:188} INFO - [2026-03-01T08:19:55.919+0000] {dag.py:3823} INFO - Setting next_dagrun for example_branch_dop_operator_v3 to 2026-03-01 08:18:00+00:00, run_after=2026-03-01 08:19:00+00:00
[2026-03-01T08:19:55.933+0000] {processor.py:183} INFO - Processing /home/airflow/.local/lib/python3.8/site-packages/airflow/example_dags/example_branch_python_dop_operator_3.py took 0.056 seconds
[2026-03-01T08:20:26.241+0000] {processor.py:161} INFO - Started process (PID=1580) to work on /home/airflow/.local/lib/python3.8/site-packages/airflow/example_dags/example_branch_python_dop_operator_3.py
[2026-03-01T08:20:26.243+0000] {processor.py:830} INFO - Processing file /home/airflow/.local/lib/python3.8/site-packages/airflow/example_dags/example_branch_python_dop_operator_3.py for tasks to queue
[2026-03-01T08:20:26.244+0000] {logging_mixin.py:188} INFO - [2026-03-01T08:20:26.244+0000] {dagbag.py:538} INFO - Filling up the DagBag from /home/airflow/.local/lib/python3.8/site-packages/airflow/example_dags/example_branch_python_dop_operator_3.py
[2026-03-01T08:20:26.251+0000] {processor.py:840} INFO - DAG(s) 'example_branch_dop_operator_v3' retrieved from /home/airflow/.local/lib/python3.8/site-packages/airflow/example_dags/example_branch_python_dop_operator_3.py
[2026-03-01T08:20:26.266+0000] {logging_mixin.py:188} INFO - [2026-03-01T08:20:26.265+0000] {dag.py:3036} INFO - Sync 1 DAGs
[2026-03-01T08:20:26.281+0000] {logging_mixin.py:188} INFO - [2026-03-01T08:20:26.281+0000] {dag.py:3823} INFO - Setting next_dagrun for example_branch_dop_operator_v3 to 2026-03-01 08:19:00+00:00, run_after=2026-03-01 08:20:00+00:00
[2026-03-01T08:20:26.295+0000] {processor.py:183} INFO - Processing /home/airflow/.local/lib/python3.8/site-packages/airflow/example_dags/example_branch_python_dop_operator_3.py took 0.056 seconds
[2026-03-01T08:20:56.393+0000] {processor.py:161} INFO - Started process (PID=1636) to work on /home/airflow/.local/lib/python3.8/site-packages/airflow/example_dags/example_branch_python_dop_operator_3.py
[2026-03-01T08:20:56.394+0000] {processor.py:830} INFO - Processing file /home/airflow/.local/lib/python3.8/site-packages/airflow/example_dags/example_branch_python_dop_operator_3.py for tasks to queue
[2026-03-01T08:20:56.396+0000] {logging_mixin.py:188} INFO - [2026-03-01T08:20:56.395+0000] {dagbag.py:538} INFO - Filling up the DagBag from /home/airflow/.local/lib/python3.8/site-packages/airflow/example_dags/example_branch_python_dop_operator_3.py
[2026-03-01T08:20:56.401+0000] {processor.py:840} INFO - DAG(s) 'example_branch_dop_operator_v3' retrieved from /home/airflow/.local/lib/python3.8/site-packages/airflow/example_dags/example_branch_python_dop_operator_3.py
[2026-03-01T08:20:56.415+0000] {logging_mixin.py:188} INFO - [2026-03-01T08:20:56.415+0000] {dag.py:3036} INFO - Sync 1 DAGs
[2026-03-01T08:20:56.429+0000] {logging_mixin.py:188} INFO - [2026-03-01T08:20:56.429+0000] {dag.py:3823} INFO - Setting next_dagrun for example_branch_dop_operator_v3 to 2026-03-01 08:19:00+00:00, run_after=2026-03-01 08:20:00+00:00
[2026-03-01T08:20:56.441+0000] {processor.py:183} INFO - Processing /home/airflow/.local/lib/python3.8/site-packages/airflow/example_dags/example_branch_python_dop_operator_3.py took 0.050 seconds
[2026-03-01T08:21:26.619+0000] {processor.py:161} INFO - Started process (PID=1692) to work on /home/airflow/.local/lib/python3.8/site-packages/airflow/example_dags/example_branch_python_dop_operator_3.py
[2026-03-01T08:21:26.619+0000] {processor.py:830} INFO - Processing file /home/airflow/.local/lib/python3.8/site-packages/airflow/example_dags/example_branch_python_dop_operator_3.py for tasks to queue
[2026-03-01T08:21:26.621+0000] {logging_mixin.py:188} INFO - [2026-03-01T08:21:26.621+0000] {dagbag.py:538} INFO - Filling up the DagBag from /home/airflow/.local/lib/python3.8/site-packages/airflow/example_dags/example_branch_python_dop_operator_3.py
[2026-03-01T08:21:26.626+0000] {processor.py:840} INFO - DAG(s) 'example_branch_dop_operator_v3' retrieved from /home/airflow/.local/lib/python3.8/site-packages/airflow/example_dags/example_branch_python_dop_operator_3.py
[2026-03-01T08:21:26.640+0000] {logging_mixin.py:188} INFO - [2026-03-01T08:21:26.640+0000] {dag.py:3036} INFO - Sync 1 DAGs
[2026-03-01T08:21:26.655+0000] {logging_mixin.py:188} INFO - [2026-03-01T08:21:26.655+0000] {dag.py:3823} INFO - Setting next_dagrun for example_branch_dop_operator_v3 to 2026-03-01 08:20:00+00:00, run_after=2026-03-01 08:21:00+00:00
[2026-03-01T08:21:26.667+0000] {processor.py:183} INFO - Processing /home/airflow/.local/lib/python3.8/site-packages/airflow/example_dags/example_branch_python_dop_operator_3.py took 0.050 seconds
[2026-03-01T08:21:57.010+0000] {processor.py:161} INFO - Started process (PID=1748) to work on /home/airflow/.local/lib/python3.8/site-packages/airflow/example_dags/example_branch_python_dop_operator_3.py
[2026-03-01T08:21:57.011+0000] {processor.py:830} INFO - Processing file /home/airflow/.local/lib/python3.8/site-packages/airflow/example_dags/example_branch_python_dop_operator_3.py for tasks to queue
[2026-03-01T08:21:57.013+0000] {logging_mixin.py:188} INFO - [2026-03-01T08:21:57.012+0000] {dagbag.py:538} INFO - Filling up the DagBag from /home/airflow/.local/lib/python3.8/site-packages/airflow/example_dags/example_branch_python_dop_operator_3.py
[2026-03-01T08:21:57.018+0000] {processor.py:840} INFO - DAG(s) 'example_branch_dop_operator_v3' retrieved from /home/airflow/.local/lib/python3.8/site-packages/airflow/example_dags/example_branch_python_dop_operator_3.py
[2026-03-01T08:21:57.033+0000] {logging_mixin.py:188} INFO - [2026-03-01T08:21:57.033+0000] {dag.py:3036} INFO - Sync 1 DAGs
[2026-03-01T08:21:57.049+0000] {logging_mixin.py:188} INFO - [2026-03-01T08:21:57.049+0000] {dag.py:3823} INFO - Setting next_dagrun for example_branch_dop_operator_v3 to 2026-03-01 08:20:00+00:00, run_after=2026-03-01 08:21:00+00:00
[2026-03-01T08:21:57.061+0000] {processor.py:183} INFO - Processing /home/airflow/.local/lib/python3.8/site-packages/airflow/example_dags/example_branch_python_dop_operator_3.py took 0.054 seconds
[2026-03-01T08:22:27.359+0000] {processor.py:161} INFO - Started process (PID=1804) to work on /home/airflow/.local/lib/python3.8/site-packages/airflow/example_dags/example_branch_python_dop_operator_3.py
[2026-03-01T08:22:27.360+0000] {processor.py:830} INFO - Processing file /home/airflow/.local/lib/python3.8/site-packages/airflow/example_dags/example_branch_python_dop_operator_3.py for tasks to queue
[2026-03-01T08:22:27.362+0000] {logging_mixin.py:188} INFO - [2026-03-01T08:22:27.362+0000] {dagbag.py:538} INFO - Filling up the DagBag from /home/airflow/.local/lib/python3.8/site-packages/airflow/example_dags/example_branch_python_dop_operator_3.py
[2026-03-01T08:22:27.369+0000] {processor.py:840} INFO - DAG(s) 'example_branch_dop_operator_v3' retrieved from /home/airflow/.local/lib/python3.8/site-packages/airflow/example_dags/example_branch_python_dop_operator_3.py
[2026-03-01T08:22:27.384+0000] {logging_mixin.py:188} INFO - [2026-03-01T08:22:27.384+0000] {dag.py:3036} INFO - Sync 1 DAGs
[2026-03-01T08:22:27.401+0000] {logging_mixin.py:188} INFO - [2026-03-01T08:22:27.400+0000] {dag.py:3823} INFO - Setting next_dagrun for example_branch_dop_operator_v3 to 2026-03-01 08:21:00+00:00, run_after=2026-03-01 08:22:00+00:00
[2026-03-01T08:22:27.417+0000] {processor.py:183} INFO - Processing /home/airflow/.local/lib/python3.8/site-packages/airflow/example_dags/example_branch_python_dop_operator_3.py took 0.060 seconds
[2026-03-01T08:22:57.721+0000] {processor.py:161} INFO - Started process (PID=1860) to work on /home/airflow/.local/lib/python3.8/site-packages/airflow/example_dags/example_branch_python_dop_operator_3.py
[2026-03-01T08:22:57.722+0000] {processor.py:830} INFO - Processing file /home/airflow/.local/lib/python3.8/site-packages/airflow/example_dags/example_branch_python_dop_operator_3.py for tasks to queue
[2026-03-01T08:22:57.723+0000] {logging_mixin.py:188} INFO - [2026-03-01T08:22:57.723+0000] {dagbag.py:538} INFO - Filling up the DagBag from /home/airflow/.local/lib/python3.8/site-packages/airflow/example_dags/example_branch_python_dop_operator_3.py
[2026-03-01T08:22:57.730+0000] {processor.py:840} INFO - DAG(s) 'example_branch_dop_operator_v3' retrieved from /home/airflow/.local/lib/python3.8/site-packages/airflow/example_dags/example_branch_python_dop_operator_3.py
[2026-03-01T08:22:57.748+0000] {logging_mixin.py:188} INFO - [2026-03-01T08:22:57.748+0000] {dag.py:3036} INFO - Sync 1 DAGs
[2026-03-01T08:22:57.764+0000] {logging_mixin.py:188} INFO - [2026-03-01T08:22:57.764+0000] {dag.py:3823} INFO - Setting next_dagrun for example_branch_dop_operator_v3 to 2026-03-01 08:21:00+00:00, run_after=2026-03-01 08:22:00+00:00
[2026-03-01T08:22:57.779+0000] {processor.py:183} INFO - Processing /home/airflow/.local/lib/python3.8/site-packages/airflow/example_dags/example_branch_python_dop_operator_3.py took 0.060 seconds
[2026-03-01T08:23:27.884+0000] {processor.py:161} INFO - Started process (PID=1916) to work on /home/airflow/.local/lib/python3.8/site-packages/airflow/example_dags/example_branch_python_dop_operator_3.py
[2026-03-01T08:23:27.885+0000] {processor.py:830} INFO - Processing file /home/airflow/.local/lib/python3.8/site-packages/airflow/example_dags/example_branch_python_dop_operator_3.py for tasks to queue
[2026-03-01T08:23:27.887+0000] {logging_mixin.py:188} INFO - [2026-03-01T08:23:27.887+0000] {dagbag.py:538} INFO - Filling up the DagBag from /home/airflow/.local/lib/python3.8/site-packages/airflow/example_dags/example_branch_python_dop_operator_3.py
[2026-03-01T08:23:27.892+0000] {processor.py:840} INFO - DAG(s) 'example_branch_dop_operator_v3' retrieved from /home/airflow/.local/lib/python3.8/site-packages/airflow/example_dags/example_branch_python_dop_operator_3.py
[2026-03-01T08:23:27.907+0000] {logging_mixin.py:188} INFO - [2026-03-01T08:23:27.907+0000] {dag.py:3036} INFO - Sync 1 DAGs
[2026-03-01T08:23:27.923+0000] {logging_mixin.py:188} INFO - [2026-03-01T08:23:27.923+0000] {dag.py:3823} INFO - Setting next_dagrun for example_branch_dop_operator_v3 to 2026-03-01 08:22:00+00:00, run_after=2026-03-01 08:23:00+00:00
[2026-03-01T08:23:27.936+0000] {processor.py:183} INFO - Processing /home/airflow/.local/lib/python3.8/site-packages/airflow/example_dags/example_branch_python_dop_operator_3.py took 0.054 seconds
[2026-03-01T08:23:58.267+0000] {processor.py:161} INFO - Started process (PID=1972) to work on /home/airflow/.local/lib/python3.8/site-packages/airflow/example_dags/example_branch_python_dop_operator_3.py
[2026-03-01T08:23:58.268+0000] {processor.py:830} INFO - Processing file /home/airflow/.local/lib/python3.8/site-packages/airflow/example_dags/example_branch_python_dop_operator_3.py for tasks to queue
[2026-03-01T08:23:58.270+0000] {logging_mixin.py:188} INFO - [2026-03-01T08:23:58.269+0000] {dagbag.py:538} INFO - Filling up the DagBag from /home/airflow/.local/lib/python3.8/site-packages/airflow/example_dags/example_branch_python_dop_operator_3.py
[2026-03-01T08:23:58.276+0000] {processor.py:840} INFO - DAG(s) 'example_branch_dop_operator_v3' retrieved from /home/airflow/.local/lib/python3.8/site-packages/airflow/example_dags/example_branch_python_dop_operator_3.py
[2026-03-01T08:23:58.291+0000] {logging_mixin.py:188} INFO - [2026-03-01T08:23:58.290+0000] {dag.py:3036} INFO - Sync 1 DAGs
[2026-03-01T08:23:58.305+0000] {logging_mixin.py:188} INFO - [2026-03-01T08:23:58.305+0000] {dag.py:3823} INFO - Setting next_dagrun for example_branch_dop_operator_v3 to 2026-03-01 08:22:00+00:00, run_after=2026-03-01 08:23:00+00:00
[2026-03-01T08:23:58.317+0000] {processor.py:183} INFO - Processing /home/airflow/.local/lib/python3.8/site-packages/airflow/example_dags/example_branch_python_dop_operator_3.py took 0.053 seconds
[2026-03-01T08:24:28.447+0000] {processor.py:161} INFO - Started process (PID=2028) to work on /home/airflow/.local/lib/python3.8/site-packages/airflow/example_dags/example_branch_python_dop_operator_3.py
[2026-03-01T08:24:28.448+0000] {processor.py:830} INFO - Processing file /home/airflow/.local/lib/python3.8/site-packages/airflow/example_dags/example_branch_python_dop_operator_3.py for tasks to queue
[2026-03-01T08:24:28.450+0000] {logging_mixin.py:188} INFO - [2026-03-01T08:24:28.450+0000] {dagbag.py:538} INFO - Filling up the DagBag from /home/airflow/.local/lib/python3.8/site-packages/airflow/example_dags/example_branch_python_dop_operator_3.py
[2026-03-01T08:24:28.455+0000] {processor.py:840} INFO - DAG(s) 'example_branch_dop_operator_v3' retrieved from /home/airflow/.local/lib/python3.8/site-packages/airflow/example_dags/example_branch_python_dop_operator_3.py
[2026-03-01T08:24:28.470+0000] {logging_mixin.py:188} INFO - [2026-03-01T08:24:28.470+0000] {dag.py:3036} INFO - Sync 1 DAGs
[2026-03-01T08:24:28.486+0000] {logging_mixin.py:188} INFO - [2026-03-01T08:24:28.486+0000] {dag.py:3823} INFO - Setting next_dagrun for example_branch_dop_operator_v3 to 2026-03-01 08:23:00+00:00, run_after=2026-03-01 08:24:00+00:00
[2026-03-01T08:24:28.499+0000] {processor.py:183} INFO - Processing /home/airflow/.local/lib/python3.8/site-packages/airflow/example_dags/example_branch_python_dop_operator_3.py took 0.054 seconds
[2026-03-01T08:24:58.725+0000] {processor.py:161} INFO - Started process (PID=2088) to work on /home/airflow/.local/lib/python3.8/site-packages/airflow/example_dags/example_branch_python_dop_operator_3.py
[2026-03-01T08:24:58.726+0000] {processor.py:830} INFO - Processing file /home/airflow/.local/lib/python3.8/site-packages/airflow/example_dags/example_branch_python_dop_operator_3.py for tasks to queue
[2026-03-01T08:24:58.727+0000] {logging_mixin.py:188} INFO - [2026-03-01T08:24:58.727+0000] {dagbag.py:538} INFO - Filling up the DagBag from /home/airflow/.local/lib/python3.8/site-packages/airflow/example_dags/example_branch_python_dop_operator_3.py
[2026-03-01T08:24:58.732+0000] {processor.py:840} INFO - DAG(s) 'example_branch_dop_operator_v3' retrieved from /home/airflow/.local/lib/python3.8/site-packages/airflow/example_dags/example_branch_python_dop_operator_3.py
[2026-03-01T08:24:58.745+0000] {logging_mixin.py:188} INFO - [2026-03-01T08:24:58.745+0000] {dag.py:3036} INFO - Sync 1 DAGs
[2026-03-01T08:24:58.759+0000] {logging_mixin.py:188} INFO - [2026-03-01T08:24:58.759+0000] {dag.py:3823} INFO - Setting next_dagrun for example_branch_dop_operator_v3 to 2026-03-01 08:23:00+00:00, run_after=2026-03-01 08:24:00+00:00
[2026-03-01T08:24:58.771+0000] {processor.py:183} INFO - Processing /home/airflow/.local/lib/python3.8/site-packages/airflow/example_dags/example_branch_python_dop_operator_3.py took 0.049 seconds
[2026-03-01T08:25:29.091+0000] {processor.py:161} INFO - Started process (PID=2144) to work on /home/airflow/.local/lib/python3.8/site-packages/airflow/example_dags/example_branch_python_dop_operator_3.py
[2026-03-01T08:25:29.092+0000] {processor.py:830} INFO - Processing file /home/airflow/.local/lib/python3.8/site-packages/airflow/example_dags/example_branch_python_dop_operator_3.py for tasks to queue
[2026-03-01T08:25:29.094+0000] {logging_mixin.py:188} INFO - [2026-03-01T08:25:29.093+0000] {dagbag.py:538} INFO - Filling up the DagBag from /home/airflow/.local/lib/python3.8/site-packages/airflow/example_dags/example_branch_python_dop_operator_3.py
[2026-03-01T08:25:29.100+0000] {processor.py:840} INFO - DAG(s) 'example_branch_dop_operator_v3' retrieved from /home/airflow/.local/lib/python3.8/site-packages/airflow/example_dags/example_branch_python_dop_operator_3.py
[2026-03-01T08:25:29.114+0000] {logging_mixin.py:188} INFO - [2026-03-01T08:25:29.114+0000] {dag.py:3036} INFO - Sync 1 DAGs
[2026-03-01T08:25:29.129+0000] {logging_mixin.py:188} INFO - [2026-03-01T08:25:29.129+0000] {dag.py:3823} INFO - Setting next_dagrun for example_branch_dop_operator_v3 to 2026-03-01 08:24:00+00:00, run_after=2026-03-01 08:25:00+00:00
[2026-03-01T08:25:29.141+0000] {processor.py:183} INFO - Processing /home/airflow/.local/lib/python3.8/site-packages/airflow/example_dags/example_branch_python_dop_operator_3.py took 0.052 seconds
[2026-03-01T08:25:59.225+0000] {processor.py:161} INFO - Started process (PID=2200) to work on /home/airflow/.local/lib/python3.8/site-packages/airflow/example_dags/example_branch_python_dop_operator_3.py
[2026-03-01T08:25:59.226+0000] {processor.py:830} INFO - Processing file /home/airflow/.local/lib/python3.8/site-packages/airflow/example_dags/example_branch_python_dop_operator_3.py for tasks to queue
[2026-03-01T08:25:59.227+0000] {logging_mixin.py:188} INFO - [2026-03-01T08:25:59.227+0000] {dagbag.py:538} INFO - Filling up the DagBag from /home/airflow/.local/lib/python3.8/site-packages/airflow/example_dags/example_branch_python_dop_operator_3.py
[2026-03-01T08:25:59.234+0000] {processor.py:840} INFO - DAG(s) 'example_branch_dop_operator_v3' retrieved from /home/airflow/.local/lib/python3.8/site-packages/airflow/example_dags/example_branch_python_dop_operator_3.py
[2026-03-01T08:25:59.247+0000] {logging_mixin.py:188} INFO - [2026-03-01T08:25:59.247+0000] {dag.py:3036} INFO - Sync 1 DAGs
[2026-03-01T08:25:59.262+0000] {logging_mixin.py:188} INFO - [2026-03-01T08:25:59.262+0000] {dag.py:3823} INFO - Setting next_dagrun for example_branch_dop_operator_v3 to 2026-03-01 08:24:00+00:00, run_after=2026-03-01 08:25:00+00:00
[2026-03-01T08:25:59.274+0000] {processor.py:183} INFO - Processing /home/airflow/.local/lib/python3.8/site-packages/airflow/example_dags/example_branch_python_dop_operator_3.py took 0.052 seconds
[2026-03-01T08:26:29.733+0000] {processor.py:161} INFO - Started process (PID=2256) to work on /home/airflow/.local/lib/python3.8/site-packages/airflow/example_dags/example_branch_python_dop_operator_3.py
[2026-03-01T08:26:29.734+0000] {processor.py:830} INFO - Processing file /home/airflow/.local/lib/python3.8/site-packages/airflow/example_dags/example_branch_python_dop_operator_3.py for tasks to queue
[2026-03-01T08:26:29.736+0000] {logging_mixin.py:188} INFO - [2026-03-01T08:26:29.735+0000] {dagbag.py:538} INFO - Filling up the DagBag from /home/airflow/.local/lib/python3.8/site-packages/airflow/example_dags/example_branch_python_dop_operator_3.py
[2026-03-01T08:26:29.742+0000] {processor.py:840} INFO - DAG(s) 'example_branch_dop_operator_v3' retrieved from /home/airflow/.local/lib/python3.8/site-packages/airflow/example_dags/example_branch_python_dop_operator_3.py
[2026-03-01T08:26:29.757+0000] {logging_mixin.py:188} INFO - [2026-03-01T08:26:29.757+0000] {dag.py:3036} INFO - Sync 1 DAGs
[2026-03-01T08:26:29.772+0000] {logging_mixin.py:188} INFO - [2026-03-01T08:26:29.772+0000] {dag.py:3823} INFO - Setting next_dagrun for example_branch_dop_operator_v3 to 2026-03-01 08:25:00+00:00, run_after=2026-03-01 08:26:00+00:00
[2026-03-01T08:26:29.787+0000] {processor.py:183} INFO - Processing /home/airflow/.local/lib/python3.8/site-packages/airflow/example_dags/example_branch_python_dop_operator_3.py took 0.057 seconds
[2026-03-01T08:27:00.015+0000] {processor.py:161} INFO - Started process (PID=2312) to work on /home/airflow/.local/lib/python3.8/site-packages/airflow/example_dags/example_branch_python_dop_operator_3.py
[2026-03-01T08:27:00.016+0000] {processor.py:830} INFO - Processing file /home/airflow/.local/lib/python3.8/site-packages/airflow/example_dags/example_branch_python_dop_operator_3.py for tasks to queue
[2026-03-01T08:27:00.018+0000] {logging_mixin.py:188} INFO - [2026-03-01T08:27:00.017+0000] {dagbag.py:538} INFO - Filling up the DagBag from /home/airflow/.local/lib/python3.8/site-packages/airflow/example_dags/example_branch_python_dop_operator_3.py
[2026-03-01T08:27:00.024+0000] {processor.py:840} INFO - DAG(s) 'example_branch_dop_operator_v3' retrieved from /home/airflow/.local/lib/python3.8/site-packages/airflow/example_dags/example_branch_python_dop_operator_3.py
[2026-03-01T08:27:00.041+0000] {logging_mixin.py:188} INFO - [2026-03-01T08:27:00.041+0000] {dag.py:3036} INFO - Sync 1 DAGs
[2026-03-01T08:27:00.056+0000] {logging_mixin.py:188} INFO - [2026-03-01T08:27:00.056+0000] {dag.py:3823} INFO - Setting next_dagrun for example_branch_dop_operator_v3 to 2026-03-01 08:26:00+00:00, run_after=2026-03-01 08:27:00+00:00
[2026-03-01T08:27:00.071+0000] {processor.py:183} INFO - Processing /home/airflow/.local/lib/python3.8/site-packages/airflow/example_dags/example_branch_python_dop_operator_3.py took 0.058 seconds
[2026-03-01T08:27:30.226+0000] {processor.py:161} INFO - Started process (PID=2367) to work on /home/airflow/.local/lib/python3.8/site-packages/airflow/example_dags/example_branch_python_dop_operator_3.py
[2026-03-01T08:27:30.227+0000] {processor.py:830} INFO - Processing file /home/airflow/.local/lib/python3.8/site-packages/airflow/example_dags/example_branch_python_dop_operator_3.py for tasks to queue
[2026-03-01T08:27:30.229+0000] {logging_mixin.py:188} INFO - [2026-03-01T08:27:30.228+0000] {dagbag.py:538} INFO - Filling up the DagBag from /home/airflow/.local/lib/python3.8/site-packages/airflow/example_dags/example_branch_python_dop_operator_3.py
[2026-03-01T08:27:30.235+0000] {processor.py:840} INFO - DAG(s) 'example_branch_dop_operator_v3' retrieved from /home/airflow/.local/lib/python3.8/site-packages/airflow/example_dags/example_branch_python_dop_operator_3.py
[2026-03-01T08:27:30.249+0000] {logging_mixin.py:188} INFO - [2026-03-01T08:27:30.249+0000] {dag.py:3036} INFO - Sync 1 DAGs
[2026-03-01T08:27:30.264+0000] {logging_mixin.py:188} INFO - [2026-03-01T08:27:30.264+0000] {dag.py:3823} INFO - Setting next_dagrun for example_branch_dop_operator_v3 to 2026-03-01 08:26:00+00:00, run_after=2026-03-01 08:27:00+00:00
[2026-03-01T08:27:30.277+0000] {processor.py:183} INFO - Processing /home/airflow/.local/lib/python3.8/site-packages/airflow/example_dags/example_branch_python_dop_operator_3.py took 0.053 seconds
[2026-03-01T08:28:00.552+0000] {processor.py:161} INFO - Started process (PID=2422) to work on /home/airflow/.local/lib/python3.8/site-packages/airflow/example_dags/example_branch_python_dop_operator_3.py
[2026-03-01T08:28:00.554+0000] {processor.py:830} INFO - Processing file /home/airflow/.local/lib/python3.8/site-packages/airflow/example_dags/example_branch_python_dop_operator_3.py for tasks to queue
[2026-03-01T08:28:00.556+0000] {logging_mixin.py:188} INFO - [2026-03-01T08:28:00.556+0000] {dagbag.py:538} INFO - Filling up the DagBag from /home/airflow/.local/lib/python3.8/site-packages/airflow/example_dags/example_branch_python_dop_operator_3.py
[2026-03-01T08:28:00.562+0000] {processor.py:840} INFO - DAG(s) 'example_branch_dop_operator_v3' retrieved from /home/airflow/.local/lib/python3.8/site-packages/airflow/example_dags/example_branch_python_dop_operator_3.py
[2026-03-01T08:28:00.577+0000] {logging_mixin.py:188} INFO - [2026-03-01T08:28:00.577+0000] {dag.py:3036} INFO - Sync 1 DAGs
[2026-03-01T08:28:00.594+0000] {logging_mixin.py:188} INFO - [2026-03-01T08:28:00.594+0000] {dag.py:3823} INFO - Setting next_dagrun for example_branch_dop_operator_v3 to 2026-03-01 08:27:00+00:00, run_after=2026-03-01 08:28:00+00:00
[2026-03-01T08:28:00.608+0000] {processor.py:183} INFO - Processing /home/airflow/.local/lib/python3.8/site-packages/airflow/example_dags/example_branch_python_dop_operator_3.py took 0.058 seconds
[2026-03-01T08:28:30.748+0000] {processor.py:161} INFO - Started process (PID=2477) to work on /home/airflow/.local/lib/python3.8/site-packages/airflow/example_dags/example_branch_python_dop_operator_3.py
[2026-03-01T08:28:30.749+0000] {processor.py:830} INFO - Processing file /home/airflow/.local/lib/python3.8/site-packages/airflow/example_dags/example_branch_python_dop_operator_3.py for tasks to queue
[2026-03-01T08:28:30.751+0000] {logging_mixin.py:188} INFO - [2026-03-01T08:28:30.751+0000] {dagbag.py:538} INFO - Filling up the DagBag from /home/airflow/.local/lib/python3.8/site-packages/airflow/example_dags/example_branch_python_dop_operator_3.py
[2026-03-01T08:28:30.757+0000] {processor.py:840} INFO - DAG(s) 'example_branch_dop_operator_v3' retrieved from /home/airflow/.local/lib/python3.8/site-packages/airflow/example_dags/example_branch_python_dop_operator_3.py
[2026-03-01T08:28:30.772+0000] {logging_mixin.py:188} INFO - [2026-03-01T08:28:30.772+0000] {dag.py:3036} INFO - Sync 1 DAGs
[2026-03-01T08:28:30.787+0000] {logging_mixin.py:188} INFO - [2026-03-01T08:28:30.787+0000] {dag.py:3823} INFO - Setting next_dagrun for example_branch_dop_operator_v3 to 2026-03-01 08:27:00+00:00, run_after=2026-03-01 08:28:00+00:00
[2026-03-01T08:28:30.801+0000] {processor.py:183} INFO - Processing /home/airflow/.local/lib/python3.8/site-packages/airflow/example_dags/example_branch_python_dop_operator_3.py took 0.054 seconds
[2026-03-01T08:29:01.094+0000] {processor.py:161} INFO - Started process (PID=2533) to work on /home/airflow/.local/lib/python3.8/site-packages/airflow/example_dags/example_branch_python_dop_operator_3.py
[2026-03-01T08:29:01.095+0000] {processor.py:830} INFO - Processing file /home/airflow/.local/lib/python3.8/site-packages/airflow/example_dags/example_branch_python_dop_operator_3.py for tasks to queue
[2026-03-01T08:29:01.096+0000] {logging_mixin.py:188} INFO - [2026-03-01T08:29:01.096+0000] {dagbag.py:538} INFO - Filling up the DagBag from /home/airflow/.local/lib/python3.8/site-packages/airflow/example_dags/example_branch_python_dop_operator_3.py
[2026-03-01T08:29:01.103+0000] {processor.py:840} INFO - DAG(s) 'example_branch_dop_operator_v3' retrieved from /home/airflow/.local/lib/python3.8/site-packages/airflow/example_dags/example_branch_python_dop_operator_3.py
[2026-03-01T08:29:01.117+0000] {logging_mixin.py:188} INFO - [2026-03-01T08:29:01.117+0000] {dag.py:3036} INFO - Sync 1 DAGs
[2026-03-01T08:29:01.132+0000] {logging_mixin.py:188} INFO - [2026-03-01T08:29:01.132+0000] {dag.py:3823} INFO - Setting next_dagrun for example_branch_dop_operator_v3 to 2026-03-01 08:28:00+00:00, run_after=2026-03-01 08:29:00+00:00
[2026-03-01T08:29:01.147+0000] {processor.py:183} INFO - Processing /home/airflow/.local/lib/python3.8/site-packages/airflow/example_dags/example_branch_python_dop_operator_3.py took 0.055 seconds
[2026-03-01T08:29:31.555+0000] {processor.py:161} INFO - Started process (PID=2589) to work on /home/airflow/.local/lib/python3.8/site-packages/airflow/example_dags/example_branch_python_dop_operator_3.py
[2026-03-01T08:29:31.556+0000] {processor.py:830} INFO - Processing file /home/airflow/.local/lib/python3.8/site-packages/airflow/example_dags/example_branch_python_dop_operator_3.py for tasks to queue
[2026-03-01T08:29:31.558+0000] {logging_mixin.py:188} INFO - [2026-03-01T08:29:31.558+0000] {dagbag.py:538} INFO - Filling up the DagBag from /home/airflow/.local/lib/python3.8/site-packages/airflow/example_dags/example_branch_python_dop_operator_3.py
[2026-03-01T08:29:31.567+0000] {processor.py:840} INFO - DAG(s) 'example_branch_dop_operator_v3' retrieved from /home/airflow/.local/lib/python3.8/site-packages/airflow/example_dags/example_branch_python_dop_operator_3.py
[2026-03-01T08:29:31.590+0000] {logging_mixin.py:188} INFO - [2026-03-01T08:29:31.590+0000] {dag.py:3036} INFO - Sync 1 DAGs
[2026-03-01T08:29:31.609+0000] {logging_mixin.py:188} INFO - [2026-03-01T08:29:31.609+0000] {dag.py:3823} INFO - Setting next_dagrun for example_branch_dop_operator_v3 to 2026-03-01 08:28:00+00:00, run_after=2026-03-01 08:29:00+00:00
[2026-03-01T08:29:31.625+0000] {processor.py:183} INFO - Processing /home/airflow/.local/lib/python3.8/site-packages/airflow/example_dags/example_branch_python_dop_operator_3.py took 0.073 seconds
[2026-03-01T08:30:01.896+0000] {processor.py:161} INFO - Started process (PID=2645) to work on /home/airflow/.local/lib/python3.8/site-packages/airflow/example_dags/example_branch_python_dop_operator_3.py
[2026-03-01T08:30:01.897+0000] {processor.py:830} INFO - Processing file /home/airflow/.local/lib/python3.8/site-packages/airflow/example_dags/example_branch_python_dop_operator_3.py for tasks to queue
[2026-03-01T08:30:01.899+0000] {logging_mixin.py:188} INFO - [2026-03-01T08:30:01.899+0000] {dagbag.py:538} INFO - Filling up the DagBag from /home/airflow/.local/lib/python3.8/site-packages/airflow/example_dags/example_branch_python_dop_operator_3.py
[2026-03-01T08:30:01.906+0000] {processor.py:840} INFO - DAG(s) 'example_branch_dop_operator_v3' retrieved from /home/airflow/.local/lib/python3.8/site-packages/airflow/example_dags/example_branch_python_dop_operator_3.py
[2026-03-01T08:30:01.923+0000] {logging_mixin.py:188} INFO - [2026-03-01T08:30:01.923+0000] {dag.py:3036} INFO - Sync 1 DAGs
[2026-03-01T08:30:01.940+0000] {logging_mixin.py:188} INFO - [2026-03-01T08:30:01.940+0000] {dag.py:3823} INFO - Setting next_dagrun for example_branch_dop_operator_v3 to 2026-03-01 08:29:00+00:00, run_after=2026-03-01 08:30:00+00:00
[2026-03-01T08:30:01.956+0000] {processor.py:183} INFO - Processing /home/airflow/.local/lib/python3.8/site-packages/airflow/example_dags/example_branch_python_dop_operator_3.py took 0.064 seconds
[2026-03-01T08:30:32.318+0000] {processor.py:161} INFO - Started process (PID=2701) to work on /home/airflow/.local/lib/python3.8/site-packages/airflow/example_dags/example_branch_python_dop_operator_3.py
[2026-03-01T08:30:32.319+0000] {processor.py:830} INFO - Processing file /home/airflow/.local/lib/python3.8/site-packages/airflow/example_dags/example_branch_python_dop_operator_3.py for tasks to queue
[2026-03-01T08:30:32.321+0000] {logging_mixin.py:188} INFO - [2026-03-01T08:30:32.321+0000] {dagbag.py:538} INFO - Filling up the DagBag from /home/airflow/.local/lib/python3.8/site-packages/airflow/example_dags/example_branch_python_dop_operator_3.py
[2026-03-01T08:30:32.327+0000] {processor.py:840} INFO - DAG(s) 'example_branch_dop_operator_v3' retrieved from /home/airflow/.local/lib/python3.8/site-packages/airflow/example_dags/example_branch_python_dop_operator_3.py
[2026-03-01T08:30:32.342+0000] {logging_mixin.py:188} INFO - [2026-03-01T08:30:32.341+0000] {dag.py:3036} INFO - Sync 1 DAGs
[2026-03-01T08:30:32.356+0000] {logging_mixin.py:188} INFO - [2026-03-01T08:30:32.356+0000] {dag.py:3823} INFO - Setting next_dagrun for example_branch_dop_operator_v3 to 2026-03-01 08:29:00+00:00, run_after=2026-03-01 08:30:00+00:00
[2026-03-01T08:30:32.369+0000] {processor.py:183} INFO - Processing /home/airflow/.local/lib/python3.8/site-packages/airflow/example_dags/example_branch_python_dop_operator_3.py took 0.053 seconds
