[2026-03-01T08:07:47.216+0000] {processor.py:161} INFO - Started process (PID=68) to work on /home/airflow/.local/lib/python3.8/site-packages/airflow/example_dags/example_xcomargs.py
[2026-03-01T08:07:47.218+0000] {processor.py:830} INFO - Processing file /home/airflow/.local/lib/python3.8/site-packages/airflow/example_dags/example_xcomargs.py for tasks to queue
[2026-03-01T08:07:47.220+0000] {logging_mixin.py:188} INFO - [2026-03-01T08:07:47.219+0000] {dagbag.py:538} INFO - Filling up the DagBag from /home/airflow/.local/lib/python3.8/site-packages/airflow/example_dags/example_xcomargs.py
[2026-03-01T08:07:47.230+0000] {processor.py:840} INFO - DAG(s) 'example_xcom_args', 'example_xcom_args_with_operators' retrieved from /home/airflow/.local/lib/python3.8/site-packages/airflow/example_dags/example_xcomargs.py
[2026-03-01T08:07:47.325+0000] {logging_mixin.py:188} INFO - [2026-03-01T08:07:47.324+0000] {override.py:1769} INFO - Created Permission View: can edit on DAG:example_xcom_args
[2026-03-01T08:07:47.340+0000] {logging_mixin.py:188} INFO - [2026-03-01T08:07:47.339+0000] {override.py:1769} INFO - Created Permission View: can delete on DAG:example_xcom_args
[2026-03-01T08:07:47.351+0000] {logging_mixin.py:188} INFO - [2026-03-01T08:07:47.350+0000] {override.py:1769} INFO - Created Permission View: can read on DAG:example_xcom_args
[2026-03-01T08:07:47.372+0000] {logging_mixin.py:188} INFO - [2026-03-01T08:07:47.371+0000] {override.py:1769} INFO - Created Permission View: can edit on DAG:example_xcom_args_with_operators
[2026-03-01T08:07:47.380+0000] {logging_mixin.py:188} INFO - [2026-03-01T08:07:47.380+0000] {override.py:1769} INFO - Created Permission View: can delete on DAG:example_xcom_args_with_operators
[2026-03-01T08:07:47.388+0000] {logging_mixin.py:188} INFO - [2026-03-01T08:07:47.388+0000] {override.py:1769} INFO - Created Permission View: can read on DAG:example_xcom_args_with_operators
[2026-03-01T08:07:47.389+0000] {logging_mixin.py:188} INFO - [2026-03-01T08:07:47.389+0000] {dag.py:3036} INFO - Sync 2 DAGs
[2026-03-01T08:07:47.400+0000] {logging_mixin.py:188} INFO - [2026-03-01T08:07:47.400+0000] {dag.py:3058} INFO - Creating ORM DAG for example_xcom_args
[2026-03-01T08:07:47.402+0000] {logging_mixin.py:188} INFO - [2026-03-01T08:07:47.402+0000] {dag.py:3058} INFO - Creating ORM DAG for example_xcom_args_with_operators
[2026-03-01T08:07:47.403+0000] {logging_mixin.py:188} INFO - [2026-03-01T08:07:47.403+0000] {dag.py:3823} INFO - Setting next_dagrun for example_xcom_args to None, run_after=None
[2026-03-01T08:07:47.403+0000] {logging_mixin.py:188} INFO - [2026-03-01T08:07:47.403+0000] {dag.py:3823} INFO - Setting next_dagrun for example_xcom_args_with_operators to None, run_after=None
[2026-03-01T08:07:47.421+0000] {processor.py:183} INFO - Processing /home/airflow/.local/lib/python3.8/site-packages/airflow/example_dags/example_xcomargs.py took 0.209 seconds
[2026-03-01T08:08:18.013+0000] {processor.py:161} INFO - Started process (PID=124) to work on /home/airflow/.local/lib/python3.8/site-packages/airflow/example_dags/example_xcomargs.py
[2026-03-01T08:08:18.015+0000] {processor.py:830} INFO - Processing file /home/airflow/.local/lib/python3.8/site-packages/airflow/example_dags/example_xcomargs.py for tasks to queue
[2026-03-01T08:08:18.016+0000] {logging_mixin.py:188} INFO - [2026-03-01T08:08:18.016+0000] {dagbag.py:538} INFO - Filling up the DagBag from /home/airflow/.local/lib/python3.8/site-packages/airflow/example_dags/example_xcomargs.py
[2026-03-01T08:08:18.021+0000] {processor.py:840} INFO - DAG(s) 'example_xcom_args', 'example_xcom_args_with_operators' retrieved from /home/airflow/.local/lib/python3.8/site-packages/airflow/example_dags/example_xcomargs.py
[2026-03-01T08:08:18.038+0000] {logging_mixin.py:188} INFO - [2026-03-01T08:08:18.038+0000] {dag.py:3036} INFO - Sync 2 DAGs
[2026-03-01T08:08:18.046+0000] {logging_mixin.py:188} INFO - [2026-03-01T08:08:18.046+0000] {dag.py:3823} INFO - Setting next_dagrun for example_xcom_args to None, run_after=None
[2026-03-01T08:08:18.049+0000] {logging_mixin.py:188} INFO - [2026-03-01T08:08:18.049+0000] {dag.py:3823} INFO - Setting next_dagrun for example_xcom_args_with_operators to None, run_after=None
[2026-03-01T08:08:18.060+0000] {processor.py:183} INFO - Processing /home/airflow/.local/lib/python3.8/site-packages/airflow/example_dags/example_xcomargs.py took 0.049 seconds
[2026-03-01T08:08:48.513+0000] {processor.py:161} INFO - Started process (PID=179) to work on /home/airflow/.local/lib/python3.8/site-packages/airflow/example_dags/example_xcomargs.py
[2026-03-01T08:08:48.515+0000] {processor.py:830} INFO - Processing file /home/airflow/.local/lib/python3.8/site-packages/airflow/example_dags/example_xcomargs.py for tasks to queue
[2026-03-01T08:08:48.516+0000] {logging_mixin.py:188} INFO - [2026-03-01T08:08:48.516+0000] {dagbag.py:538} INFO - Filling up the DagBag from /home/airflow/.local/lib/python3.8/site-packages/airflow/example_dags/example_xcomargs.py
[2026-03-01T08:08:48.521+0000] {processor.py:840} INFO - DAG(s) 'example_xcom_args', 'example_xcom_args_with_operators' retrieved from /home/airflow/.local/lib/python3.8/site-packages/airflow/example_dags/example_xcomargs.py
[2026-03-01T08:08:48.537+0000] {logging_mixin.py:188} INFO - [2026-03-01T08:08:48.537+0000] {dag.py:3036} INFO - Sync 2 DAGs
[2026-03-01T08:08:48.544+0000] {logging_mixin.py:188} INFO - [2026-03-01T08:08:48.544+0000] {dag.py:3823} INFO - Setting next_dagrun for example_xcom_args to None, run_after=None
[2026-03-01T08:08:48.546+0000] {logging_mixin.py:188} INFO - [2026-03-01T08:08:48.546+0000] {dag.py:3823} INFO - Setting next_dagrun for example_xcom_args_with_operators to None, run_after=None
[2026-03-01T08:08:48.557+0000] {processor.py:183} INFO - Processing /home/airflow/.local/lib/python3.8/site-packages/airflow/example_dags/example_xcomargs.py took 0.047 seconds
[2026-03-01T08:09:18.839+0000] {processor.py:161} INFO - Started process (PID=234) to work on /home/airflow/.local/lib/python3.8/site-packages/airflow/example_dags/example_xcomargs.py
[2026-03-01T08:09:18.841+0000] {processor.py:830} INFO - Processing file /home/airflow/.local/lib/python3.8/site-packages/airflow/example_dags/example_xcomargs.py for tasks to queue
[2026-03-01T08:09:18.842+0000] {logging_mixin.py:188} INFO - [2026-03-01T08:09:18.842+0000] {dagbag.py:538} INFO - Filling up the DagBag from /home/airflow/.local/lib/python3.8/site-packages/airflow/example_dags/example_xcomargs.py
[2026-03-01T08:09:18.851+0000] {processor.py:840} INFO - DAG(s) 'example_xcom_args', 'example_xcom_args_with_operators' retrieved from /home/airflow/.local/lib/python3.8/site-packages/airflow/example_dags/example_xcomargs.py
[2026-03-01T08:09:18.870+0000] {logging_mixin.py:188} INFO - [2026-03-01T08:09:18.870+0000] {dag.py:3036} INFO - Sync 2 DAGs
[2026-03-01T08:09:18.880+0000] {logging_mixin.py:188} INFO - [2026-03-01T08:09:18.880+0000] {dag.py:3823} INFO - Setting next_dagrun for example_xcom_args to None, run_after=None
[2026-03-01T08:09:18.883+0000] {logging_mixin.py:188} INFO - [2026-03-01T08:09:18.883+0000] {dag.py:3823} INFO - Setting next_dagrun for example_xcom_args_with_operators to None, run_after=None
[2026-03-01T08:09:18.898+0000] {processor.py:183} INFO - Processing /home/airflow/.local/lib/python3.8/site-packages/airflow/example_dags/example_xcomargs.py took 0.062 seconds
[2026-03-01T08:09:49.151+0000] {processor.py:161} INFO - Started process (PID=289) to work on /home/airflow/.local/lib/python3.8/site-packages/airflow/example_dags/example_xcomargs.py
[2026-03-01T08:09:49.152+0000] {processor.py:830} INFO - Processing file /home/airflow/.local/lib/python3.8/site-packages/airflow/example_dags/example_xcomargs.py for tasks to queue
[2026-03-01T08:09:49.154+0000] {logging_mixin.py:188} INFO - [2026-03-01T08:09:49.154+0000] {dagbag.py:538} INFO - Filling up the DagBag from /home/airflow/.local/lib/python3.8/site-packages/airflow/example_dags/example_xcomargs.py
[2026-03-01T08:09:49.160+0000] {processor.py:840} INFO - DAG(s) 'example_xcom_args', 'example_xcom_args_with_operators' retrieved from /home/airflow/.local/lib/python3.8/site-packages/airflow/example_dags/example_xcomargs.py
[2026-03-01T08:09:49.182+0000] {logging_mixin.py:188} INFO - [2026-03-01T08:09:49.182+0000] {dag.py:3036} INFO - Sync 2 DAGs
[2026-03-01T08:09:49.192+0000] {logging_mixin.py:188} INFO - [2026-03-01T08:09:49.191+0000] {dag.py:3823} INFO - Setting next_dagrun for example_xcom_args to None, run_after=None
[2026-03-01T08:09:49.194+0000] {logging_mixin.py:188} INFO - [2026-03-01T08:09:49.194+0000] {dag.py:3823} INFO - Setting next_dagrun for example_xcom_args_with_operators to None, run_after=None
[2026-03-01T08:09:49.209+0000] {processor.py:183} INFO - Processing /home/airflow/.local/lib/python3.8/site-packages/airflow/example_dags/example_xcomargs.py took 0.060 seconds
[2026-03-01T08:10:19.845+0000] {processor.py:161} INFO - Started process (PID=350) to work on /home/airflow/.local/lib/python3.8/site-packages/airflow/example_dags/example_xcomargs.py
[2026-03-01T08:10:19.846+0000] {processor.py:830} INFO - Processing file /home/airflow/.local/lib/python3.8/site-packages/airflow/example_dags/example_xcomargs.py for tasks to queue
[2026-03-01T08:10:19.847+0000] {logging_mixin.py:188} INFO - [2026-03-01T08:10:19.847+0000] {dagbag.py:538} INFO - Filling up the DagBag from /home/airflow/.local/lib/python3.8/site-packages/airflow/example_dags/example_xcomargs.py
[2026-03-01T08:10:19.853+0000] {processor.py:840} INFO - DAG(s) 'example_xcom_args_with_operators', 'example_xcom_args' retrieved from /home/airflow/.local/lib/python3.8/site-packages/airflow/example_dags/example_xcomargs.py
[2026-03-01T08:10:19.868+0000] {logging_mixin.py:188} INFO - [2026-03-01T08:10:19.867+0000] {dag.py:3036} INFO - Sync 2 DAGs
[2026-03-01T08:10:19.875+0000] {logging_mixin.py:188} INFO - [2026-03-01T08:10:19.875+0000] {dag.py:3823} INFO - Setting next_dagrun for example_xcom_args to None, run_after=None
[2026-03-01T08:10:19.877+0000] {logging_mixin.py:188} INFO - [2026-03-01T08:10:19.877+0000] {dag.py:3823} INFO - Setting next_dagrun for example_xcom_args_with_operators to None, run_after=None
[2026-03-01T08:10:19.892+0000] {processor.py:183} INFO - Processing /home/airflow/.local/lib/python3.8/site-packages/airflow/example_dags/example_xcomargs.py took 0.050 seconds
[2026-03-01T08:10:50.310+0000] {processor.py:161} INFO - Started process (PID=405) to work on /home/airflow/.local/lib/python3.8/site-packages/airflow/example_dags/example_xcomargs.py
[2026-03-01T08:10:50.311+0000] {processor.py:830} INFO - Processing file /home/airflow/.local/lib/python3.8/site-packages/airflow/example_dags/example_xcomargs.py for tasks to queue
[2026-03-01T08:10:50.313+0000] {logging_mixin.py:188} INFO - [2026-03-01T08:10:50.312+0000] {dagbag.py:538} INFO - Filling up the DagBag from /home/airflow/.local/lib/python3.8/site-packages/airflow/example_dags/example_xcomargs.py
[2026-03-01T08:10:50.318+0000] {processor.py:840} INFO - DAG(s) 'example_xcom_args', 'example_xcom_args_with_operators' retrieved from /home/airflow/.local/lib/python3.8/site-packages/airflow/example_dags/example_xcomargs.py
[2026-03-01T08:10:50.333+0000] {logging_mixin.py:188} INFO - [2026-03-01T08:10:50.333+0000] {dag.py:3036} INFO - Sync 2 DAGs
[2026-03-01T08:10:50.341+0000] {logging_mixin.py:188} INFO - [2026-03-01T08:10:50.341+0000] {dag.py:3823} INFO - Setting next_dagrun for example_xcom_args to None, run_after=None
[2026-03-01T08:10:50.343+0000] {logging_mixin.py:188} INFO - [2026-03-01T08:10:50.343+0000] {dag.py:3823} INFO - Setting next_dagrun for example_xcom_args_with_operators to None, run_after=None
[2026-03-01T08:10:50.353+0000] {processor.py:183} INFO - Processing /home/airflow/.local/lib/python3.8/site-packages/airflow/example_dags/example_xcomargs.py took 0.046 seconds
[2026-03-01T08:11:20.786+0000] {processor.py:161} INFO - Started process (PID=466) to work on /home/airflow/.local/lib/python3.8/site-packages/airflow/example_dags/example_xcomargs.py
[2026-03-01T08:11:20.787+0000] {processor.py:830} INFO - Processing file /home/airflow/.local/lib/python3.8/site-packages/airflow/example_dags/example_xcomargs.py for tasks to queue
[2026-03-01T08:11:20.789+0000] {logging_mixin.py:188} INFO - [2026-03-01T08:11:20.789+0000] {dagbag.py:538} INFO - Filling up the DagBag from /home/airflow/.local/lib/python3.8/site-packages/airflow/example_dags/example_xcomargs.py
[2026-03-01T08:11:20.795+0000] {processor.py:840} INFO - DAG(s) 'example_xcom_args_with_operators', 'example_xcom_args' retrieved from /home/airflow/.local/lib/python3.8/site-packages/airflow/example_dags/example_xcomargs.py
[2026-03-01T08:11:20.812+0000] {logging_mixin.py:188} INFO - [2026-03-01T08:11:20.812+0000] {dag.py:3036} INFO - Sync 2 DAGs
[2026-03-01T08:11:20.820+0000] {logging_mixin.py:188} INFO - [2026-03-01T08:11:20.820+0000] {dag.py:3823} INFO - Setting next_dagrun for example_xcom_args to None, run_after=None
[2026-03-01T08:11:20.822+0000] {logging_mixin.py:188} INFO - [2026-03-01T08:11:20.822+0000] {dag.py:3823} INFO - Setting next_dagrun for example_xcom_args_with_operators to None, run_after=None
[2026-03-01T08:11:20.835+0000] {processor.py:183} INFO - Processing /home/airflow/.local/lib/python3.8/site-packages/airflow/example_dags/example_xcomargs.py took 0.051 seconds
[2026-03-01T08:11:51.065+0000] {processor.py:161} INFO - Started process (PID=521) to work on /home/airflow/.local/lib/python3.8/site-packages/airflow/example_dags/example_xcomargs.py
[2026-03-01T08:11:51.066+0000] {processor.py:830} INFO - Processing file /home/airflow/.local/lib/python3.8/site-packages/airflow/example_dags/example_xcomargs.py for tasks to queue
[2026-03-01T08:11:51.068+0000] {logging_mixin.py:188} INFO - [2026-03-01T08:11:51.068+0000] {dagbag.py:538} INFO - Filling up the DagBag from /home/airflow/.local/lib/python3.8/site-packages/airflow/example_dags/example_xcomargs.py
[2026-03-01T08:11:51.074+0000] {processor.py:840} INFO - DAG(s) 'example_xcom_args', 'example_xcom_args_with_operators' retrieved from /home/airflow/.local/lib/python3.8/site-packages/airflow/example_dags/example_xcomargs.py
[2026-03-01T08:11:51.089+0000] {logging_mixin.py:188} INFO - [2026-03-01T08:11:51.089+0000] {dag.py:3036} INFO - Sync 2 DAGs
[2026-03-01T08:11:51.097+0000] {logging_mixin.py:188} INFO - [2026-03-01T08:11:51.097+0000] {dag.py:3823} INFO - Setting next_dagrun for example_xcom_args to None, run_after=None
[2026-03-01T08:11:51.100+0000] {logging_mixin.py:188} INFO - [2026-03-01T08:11:51.099+0000] {dag.py:3823} INFO - Setting next_dagrun for example_xcom_args_with_operators to None, run_after=None
[2026-03-01T08:11:51.111+0000] {processor.py:183} INFO - Processing /home/airflow/.local/lib/python3.8/site-packages/airflow/example_dags/example_xcomargs.py took 0.048 seconds
[2026-03-01T08:12:22.075+0000] {processor.py:161} INFO - Started process (PID=605) to work on /home/airflow/.local/lib/python3.8/site-packages/airflow/example_dags/example_xcomargs.py
[2026-03-01T08:12:22.076+0000] {processor.py:830} INFO - Processing file /home/airflow/.local/lib/python3.8/site-packages/airflow/example_dags/example_xcomargs.py for tasks to queue
[2026-03-01T08:12:22.077+0000] {logging_mixin.py:188} INFO - [2026-03-01T08:12:22.077+0000] {dagbag.py:538} INFO - Filling up the DagBag from /home/airflow/.local/lib/python3.8/site-packages/airflow/example_dags/example_xcomargs.py
[2026-03-01T08:12:22.084+0000] {processor.py:840} INFO - DAG(s) 'example_xcom_args_with_operators', 'example_xcom_args' retrieved from /home/airflow/.local/lib/python3.8/site-packages/airflow/example_dags/example_xcomargs.py
[2026-03-01T08:12:22.100+0000] {logging_mixin.py:188} INFO - [2026-03-01T08:12:22.100+0000] {dag.py:3036} INFO - Sync 2 DAGs
[2026-03-01T08:12:22.107+0000] {logging_mixin.py:188} INFO - [2026-03-01T08:12:22.107+0000] {dag.py:3823} INFO - Setting next_dagrun for example_xcom_args to None, run_after=None
[2026-03-01T08:12:22.111+0000] {logging_mixin.py:188} INFO - [2026-03-01T08:12:22.110+0000] {dag.py:3823} INFO - Setting next_dagrun for example_xcom_args_with_operators to None, run_after=None
[2026-03-01T08:12:22.126+0000] {processor.py:183} INFO - Processing /home/airflow/.local/lib/python3.8/site-packages/airflow/example_dags/example_xcomargs.py took 0.054 seconds
[2026-03-01T08:12:52.445+0000] {processor.py:161} INFO - Started process (PID=659) to work on /home/airflow/.local/lib/python3.8/site-packages/airflow/example_dags/example_xcomargs.py
[2026-03-01T08:12:52.446+0000] {processor.py:830} INFO - Processing file /home/airflow/.local/lib/python3.8/site-packages/airflow/example_dags/example_xcomargs.py for tasks to queue
[2026-03-01T08:12:52.448+0000] {logging_mixin.py:188} INFO - [2026-03-01T08:12:52.448+0000] {dagbag.py:538} INFO - Filling up the DagBag from /home/airflow/.local/lib/python3.8/site-packages/airflow/example_dags/example_xcomargs.py
[2026-03-01T08:12:52.453+0000] {processor.py:840} INFO - DAG(s) 'example_xcom_args', 'example_xcom_args_with_operators' retrieved from /home/airflow/.local/lib/python3.8/site-packages/airflow/example_dags/example_xcomargs.py
[2026-03-01T08:12:52.470+0000] {logging_mixin.py:188} INFO - [2026-03-01T08:12:52.470+0000] {dag.py:3036} INFO - Sync 2 DAGs
[2026-03-01T08:12:52.478+0000] {logging_mixin.py:188} INFO - [2026-03-01T08:12:52.478+0000] {dag.py:3823} INFO - Setting next_dagrun for example_xcom_args to None, run_after=None
[2026-03-01T08:12:52.481+0000] {logging_mixin.py:188} INFO - [2026-03-01T08:12:52.481+0000] {dag.py:3823} INFO - Setting next_dagrun for example_xcom_args_with_operators to None, run_after=None
[2026-03-01T08:12:52.492+0000] {processor.py:183} INFO - Processing /home/airflow/.local/lib/python3.8/site-packages/airflow/example_dags/example_xcomargs.py took 0.049 seconds
[2026-03-01T08:13:22.644+0000] {processor.py:161} INFO - Started process (PID=714) to work on /home/airflow/.local/lib/python3.8/site-packages/airflow/example_dags/example_xcomargs.py
[2026-03-01T08:13:22.645+0000] {processor.py:830} INFO - Processing file /home/airflow/.local/lib/python3.8/site-packages/airflow/example_dags/example_xcomargs.py for tasks to queue
[2026-03-01T08:13:22.647+0000] {logging_mixin.py:188} INFO - [2026-03-01T08:13:22.646+0000] {dagbag.py:538} INFO - Filling up the DagBag from /home/airflow/.local/lib/python3.8/site-packages/airflow/example_dags/example_xcomargs.py
[2026-03-01T08:13:22.652+0000] {processor.py:840} INFO - DAG(s) 'example_xcom_args_with_operators', 'example_xcom_args' retrieved from /home/airflow/.local/lib/python3.8/site-packages/airflow/example_dags/example_xcomargs.py
[2026-03-01T08:13:22.668+0000] {logging_mixin.py:188} INFO - [2026-03-01T08:13:22.668+0000] {dag.py:3036} INFO - Sync 2 DAGs
[2026-03-01T08:13:22.676+0000] {logging_mixin.py:188} INFO - [2026-03-01T08:13:22.676+0000] {dag.py:3823} INFO - Setting next_dagrun for example_xcom_args to None, run_after=None
[2026-03-01T08:13:22.679+0000] {logging_mixin.py:188} INFO - [2026-03-01T08:13:22.678+0000] {dag.py:3823} INFO - Setting next_dagrun for example_xcom_args_with_operators to None, run_after=None
[2026-03-01T08:13:22.690+0000] {processor.py:183} INFO - Processing /home/airflow/.local/lib/python3.8/site-packages/airflow/example_dags/example_xcomargs.py took 0.048 seconds
[2026-03-01T08:13:52.900+0000] {processor.py:161} INFO - Started process (PID=792) to work on /home/airflow/.local/lib/python3.8/site-packages/airflow/example_dags/example_xcomargs.py
[2026-03-01T08:13:52.902+0000] {processor.py:830} INFO - Processing file /home/airflow/.local/lib/python3.8/site-packages/airflow/example_dags/example_xcomargs.py for tasks to queue
[2026-03-01T08:13:52.904+0000] {logging_mixin.py:188} INFO - [2026-03-01T08:13:52.903+0000] {dagbag.py:538} INFO - Filling up the DagBag from /home/airflow/.local/lib/python3.8/site-packages/airflow/example_dags/example_xcomargs.py
[2026-03-01T08:13:52.910+0000] {processor.py:840} INFO - DAG(s) 'example_xcom_args', 'example_xcom_args_with_operators' retrieved from /home/airflow/.local/lib/python3.8/site-packages/airflow/example_dags/example_xcomargs.py
[2026-03-01T08:13:52.929+0000] {logging_mixin.py:188} INFO - [2026-03-01T08:13:52.929+0000] {dag.py:3036} INFO - Sync 2 DAGs
[2026-03-01T08:13:52.939+0000] {logging_mixin.py:188} INFO - [2026-03-01T08:13:52.938+0000] {dag.py:3823} INFO - Setting next_dagrun for example_xcom_args to None, run_after=None
[2026-03-01T08:13:52.941+0000] {logging_mixin.py:188} INFO - [2026-03-01T08:13:52.941+0000] {dag.py:3823} INFO - Setting next_dagrun for example_xcom_args_with_operators to None, run_after=None
[2026-03-01T08:13:52.955+0000] {processor.py:183} INFO - Processing /home/airflow/.local/lib/python3.8/site-packages/airflow/example_dags/example_xcomargs.py took 0.058 seconds
[2026-03-01T08:14:23.174+0000] {processor.py:161} INFO - Started process (PID=869) to work on /home/airflow/.local/lib/python3.8/site-packages/airflow/example_dags/example_xcomargs.py
[2026-03-01T08:14:23.176+0000] {processor.py:830} INFO - Processing file /home/airflow/.local/lib/python3.8/site-packages/airflow/example_dags/example_xcomargs.py for tasks to queue
[2026-03-01T08:14:23.177+0000] {logging_mixin.py:188} INFO - [2026-03-01T08:14:23.177+0000] {dagbag.py:538} INFO - Filling up the DagBag from /home/airflow/.local/lib/python3.8/site-packages/airflow/example_dags/example_xcomargs.py
[2026-03-01T08:14:23.183+0000] {processor.py:840} INFO - DAG(s) 'example_xcom_args', 'example_xcom_args_with_operators' retrieved from /home/airflow/.local/lib/python3.8/site-packages/airflow/example_dags/example_xcomargs.py
[2026-03-01T08:14:23.192+0000] {logging_mixin.py:188} INFO - [2026-03-01T08:14:23.192+0000] {dag.py:3036} INFO - Sync 2 DAGs
[2026-03-01T08:14:23.200+0000] {logging_mixin.py:188} INFO - [2026-03-01T08:14:23.200+0000] {dag.py:3823} INFO - Setting next_dagrun for example_xcom_args to None, run_after=None
[2026-03-01T08:14:23.203+0000] {logging_mixin.py:188} INFO - [2026-03-01T08:14:23.203+0000] {dag.py:3823} INFO - Setting next_dagrun for example_xcom_args_with_operators to None, run_after=None
[2026-03-01T08:14:23.223+0000] {processor.py:183} INFO - Processing /home/airflow/.local/lib/python3.8/site-packages/airflow/example_dags/example_xcomargs.py took 0.051 seconds
[2026-03-01T08:14:53.707+0000] {processor.py:161} INFO - Started process (PID=924) to work on /home/airflow/.local/lib/python3.8/site-packages/airflow/example_dags/example_xcomargs.py
[2026-03-01T08:14:53.708+0000] {processor.py:830} INFO - Processing file /home/airflow/.local/lib/python3.8/site-packages/airflow/example_dags/example_xcomargs.py for tasks to queue
[2026-03-01T08:14:53.709+0000] {logging_mixin.py:188} INFO - [2026-03-01T08:14:53.709+0000] {dagbag.py:538} INFO - Filling up the DagBag from /home/airflow/.local/lib/python3.8/site-packages/airflow/example_dags/example_xcomargs.py
[2026-03-01T08:14:53.717+0000] {processor.py:840} INFO - DAG(s) 'example_xcom_args', 'example_xcom_args_with_operators' retrieved from /home/airflow/.local/lib/python3.8/site-packages/airflow/example_dags/example_xcomargs.py
[2026-03-01T08:14:53.779+0000] {logging_mixin.py:188} INFO - [2026-03-01T08:14:53.778+0000] {dag.py:3036} INFO - Sync 2 DAGs
[2026-03-01T08:14:53.785+0000] {logging_mixin.py:188} INFO - [2026-03-01T08:14:53.785+0000] {dag.py:3823} INFO - Setting next_dagrun for example_xcom_args to None, run_after=None
[2026-03-01T08:14:53.787+0000] {logging_mixin.py:188} INFO - [2026-03-01T08:14:53.787+0000] {dag.py:3823} INFO - Setting next_dagrun for example_xcom_args_with_operators to None, run_after=None
[2026-03-01T08:14:53.800+0000] {processor.py:183} INFO - Processing /home/airflow/.local/lib/python3.8/site-packages/airflow/example_dags/example_xcomargs.py took 0.096 seconds
[2026-03-01T08:15:24.438+0000] {processor.py:161} INFO - Started process (PID=979) to work on /home/airflow/.local/lib/python3.8/site-packages/airflow/example_dags/example_xcomargs.py
[2026-03-01T08:15:24.439+0000] {processor.py:830} INFO - Processing file /home/airflow/.local/lib/python3.8/site-packages/airflow/example_dags/example_xcomargs.py for tasks to queue
[2026-03-01T08:15:24.440+0000] {logging_mixin.py:188} INFO - [2026-03-01T08:15:24.440+0000] {dagbag.py:538} INFO - Filling up the DagBag from /home/airflow/.local/lib/python3.8/site-packages/airflow/example_dags/example_xcomargs.py
[2026-03-01T08:15:24.445+0000] {processor.py:840} INFO - DAG(s) 'example_xcom_args_with_operators', 'example_xcom_args' retrieved from /home/airflow/.local/lib/python3.8/site-packages/airflow/example_dags/example_xcomargs.py
[2026-03-01T08:15:24.462+0000] {logging_mixin.py:188} INFO - [2026-03-01T08:15:24.461+0000] {dag.py:3036} INFO - Sync 2 DAGs
[2026-03-01T08:15:24.469+0000] {logging_mixin.py:188} INFO - [2026-03-01T08:15:24.469+0000] {dag.py:3823} INFO - Setting next_dagrun for example_xcom_args to None, run_after=None
[2026-03-01T08:15:24.471+0000] {logging_mixin.py:188} INFO - [2026-03-01T08:15:24.471+0000] {dag.py:3823} INFO - Setting next_dagrun for example_xcom_args_with_operators to None, run_after=None
[2026-03-01T08:15:24.482+0000] {processor.py:183} INFO - Processing /home/airflow/.local/lib/python3.8/site-packages/airflow/example_dags/example_xcomargs.py took 0.046 seconds
[2026-03-01T08:15:54.650+0000] {processor.py:161} INFO - Started process (PID=1034) to work on /home/airflow/.local/lib/python3.8/site-packages/airflow/example_dags/example_xcomargs.py
[2026-03-01T08:15:54.651+0000] {processor.py:830} INFO - Processing file /home/airflow/.local/lib/python3.8/site-packages/airflow/example_dags/example_xcomargs.py for tasks to queue
[2026-03-01T08:15:54.652+0000] {logging_mixin.py:188} INFO - [2026-03-01T08:15:54.652+0000] {dagbag.py:538} INFO - Filling up the DagBag from /home/airflow/.local/lib/python3.8/site-packages/airflow/example_dags/example_xcomargs.py
[2026-03-01T08:15:54.657+0000] {processor.py:840} INFO - DAG(s) 'example_xcom_args_with_operators', 'example_xcom_args' retrieved from /home/airflow/.local/lib/python3.8/site-packages/airflow/example_dags/example_xcomargs.py
[2026-03-01T08:15:54.672+0000] {logging_mixin.py:188} INFO - [2026-03-01T08:15:54.672+0000] {dag.py:3036} INFO - Sync 2 DAGs
[2026-03-01T08:15:54.680+0000] {logging_mixin.py:188} INFO - [2026-03-01T08:15:54.679+0000] {dag.py:3823} INFO - Setting next_dagrun for example_xcom_args to None, run_after=None
[2026-03-01T08:15:54.682+0000] {logging_mixin.py:188} INFO - [2026-03-01T08:15:54.682+0000] {dag.py:3823} INFO - Setting next_dagrun for example_xcom_args_with_operators to None, run_after=None
[2026-03-01T08:15:54.702+0000] {processor.py:183} INFO - Processing /home/airflow/.local/lib/python3.8/site-packages/airflow/example_dags/example_xcomargs.py took 0.055 seconds
[2026-03-01T08:16:24.967+0000] {processor.py:161} INFO - Started process (PID=1112) to work on /home/airflow/.local/lib/python3.8/site-packages/airflow/example_dags/example_xcomargs.py
[2026-03-01T08:16:24.968+0000] {processor.py:830} INFO - Processing file /home/airflow/.local/lib/python3.8/site-packages/airflow/example_dags/example_xcomargs.py for tasks to queue
[2026-03-01T08:16:24.970+0000] {logging_mixin.py:188} INFO - [2026-03-01T08:16:24.969+0000] {dagbag.py:538} INFO - Filling up the DagBag from /home/airflow/.local/lib/python3.8/site-packages/airflow/example_dags/example_xcomargs.py
[2026-03-01T08:16:24.976+0000] {processor.py:840} INFO - DAG(s) 'example_xcom_args', 'example_xcom_args_with_operators' retrieved from /home/airflow/.local/lib/python3.8/site-packages/airflow/example_dags/example_xcomargs.py
[2026-03-01T08:16:24.993+0000] {logging_mixin.py:188} INFO - [2026-03-01T08:16:24.993+0000] {dag.py:3036} INFO - Sync 2 DAGs
[2026-03-01T08:16:25.002+0000] {logging_mixin.py:188} INFO - [2026-03-01T08:16:25.001+0000] {dag.py:3823} INFO - Setting next_dagrun for example_xcom_args to None, run_after=None
[2026-03-01T08:16:25.006+0000] {logging_mixin.py:188} INFO - [2026-03-01T08:16:25.005+0000] {dag.py:3823} INFO - Setting next_dagrun for example_xcom_args_with_operators to None, run_after=None
[2026-03-01T08:16:25.022+0000] {processor.py:183} INFO - Processing /home/airflow/.local/lib/python3.8/site-packages/airflow/example_dags/example_xcomargs.py took 0.058 seconds
[2026-03-01T08:16:55.311+0000] {processor.py:161} INFO - Started process (PID=1173) to work on /home/airflow/.local/lib/python3.8/site-packages/airflow/example_dags/example_xcomargs.py
[2026-03-01T08:16:55.313+0000] {processor.py:830} INFO - Processing file /home/airflow/.local/lib/python3.8/site-packages/airflow/example_dags/example_xcomargs.py for tasks to queue
[2026-03-01T08:16:55.314+0000] {logging_mixin.py:188} INFO - [2026-03-01T08:16:55.314+0000] {dagbag.py:538} INFO - Filling up the DagBag from /home/airflow/.local/lib/python3.8/site-packages/airflow/example_dags/example_xcomargs.py
[2026-03-01T08:16:55.321+0000] {processor.py:840} INFO - DAG(s) 'example_xcom_args', 'example_xcom_args_with_operators' retrieved from /home/airflow/.local/lib/python3.8/site-packages/airflow/example_dags/example_xcomargs.py
[2026-03-01T08:16:55.338+0000] {logging_mixin.py:188} INFO - [2026-03-01T08:16:55.338+0000] {dag.py:3036} INFO - Sync 2 DAGs
[2026-03-01T08:16:55.346+0000] {logging_mixin.py:188} INFO - [2026-03-01T08:16:55.345+0000] {dag.py:3823} INFO - Setting next_dagrun for example_xcom_args to None, run_after=None
[2026-03-01T08:16:55.349+0000] {logging_mixin.py:188} INFO - [2026-03-01T08:16:55.349+0000] {dag.py:3823} INFO - Setting next_dagrun for example_xcom_args_with_operators to None, run_after=None
[2026-03-01T08:16:55.360+0000] {processor.py:183} INFO - Processing /home/airflow/.local/lib/python3.8/site-packages/airflow/example_dags/example_xcomargs.py took 0.051 seconds
[2026-03-01T08:17:25.660+0000] {processor.py:161} INFO - Started process (PID=1251) to work on /home/airflow/.local/lib/python3.8/site-packages/airflow/example_dags/example_xcomargs.py
[2026-03-01T08:17:25.661+0000] {processor.py:830} INFO - Processing file /home/airflow/.local/lib/python3.8/site-packages/airflow/example_dags/example_xcomargs.py for tasks to queue
[2026-03-01T08:17:25.663+0000] {logging_mixin.py:188} INFO - [2026-03-01T08:17:25.662+0000] {dagbag.py:538} INFO - Filling up the DagBag from /home/airflow/.local/lib/python3.8/site-packages/airflow/example_dags/example_xcomargs.py
[2026-03-01T08:17:25.668+0000] {processor.py:840} INFO - DAG(s) 'example_xcom_args', 'example_xcom_args_with_operators' retrieved from /home/airflow/.local/lib/python3.8/site-packages/airflow/example_dags/example_xcomargs.py
[2026-03-01T08:17:25.685+0000] {logging_mixin.py:188} INFO - [2026-03-01T08:17:25.685+0000] {dag.py:3036} INFO - Sync 2 DAGs
[2026-03-01T08:17:25.692+0000] {logging_mixin.py:188} INFO - [2026-03-01T08:17:25.692+0000] {dag.py:3823} INFO - Setting next_dagrun for example_xcom_args to None, run_after=None
[2026-03-01T08:17:25.694+0000] {logging_mixin.py:188} INFO - [2026-03-01T08:17:25.694+0000] {dag.py:3823} INFO - Setting next_dagrun for example_xcom_args_with_operators to None, run_after=None
[2026-03-01T08:17:25.704+0000] {processor.py:183} INFO - Processing /home/airflow/.local/lib/python3.8/site-packages/airflow/example_dags/example_xcomargs.py took 0.047 seconds
[2026-03-01T08:17:55.898+0000] {processor.py:161} INFO - Started process (PID=1307) to work on /home/airflow/.local/lib/python3.8/site-packages/airflow/example_dags/example_xcomargs.py
[2026-03-01T08:17:55.899+0000] {processor.py:830} INFO - Processing file /home/airflow/.local/lib/python3.8/site-packages/airflow/example_dags/example_xcomargs.py for tasks to queue
[2026-03-01T08:17:55.900+0000] {logging_mixin.py:188} INFO - [2026-03-01T08:17:55.900+0000] {dagbag.py:538} INFO - Filling up the DagBag from /home/airflow/.local/lib/python3.8/site-packages/airflow/example_dags/example_xcomargs.py
[2026-03-01T08:17:55.906+0000] {processor.py:840} INFO - DAG(s) 'example_xcom_args_with_operators', 'example_xcom_args' retrieved from /home/airflow/.local/lib/python3.8/site-packages/airflow/example_dags/example_xcomargs.py
[2026-03-01T08:17:55.922+0000] {logging_mixin.py:188} INFO - [2026-03-01T08:17:55.922+0000] {dag.py:3036} INFO - Sync 2 DAGs
[2026-03-01T08:17:55.930+0000] {logging_mixin.py:188} INFO - [2026-03-01T08:17:55.930+0000] {dag.py:3823} INFO - Setting next_dagrun for example_xcom_args to None, run_after=None
[2026-03-01T08:17:55.933+0000] {logging_mixin.py:188} INFO - [2026-03-01T08:17:55.933+0000] {dag.py:3823} INFO - Setting next_dagrun for example_xcom_args_with_operators to None, run_after=None
[2026-03-01T08:17:55.945+0000] {processor.py:183} INFO - Processing /home/airflow/.local/lib/python3.8/site-packages/airflow/example_dags/example_xcomargs.py took 0.049 seconds
[2026-03-01T08:18:26.349+0000] {processor.py:161} INFO - Started process (PID=1363) to work on /home/airflow/.local/lib/python3.8/site-packages/airflow/example_dags/example_xcomargs.py
[2026-03-01T08:18:26.349+0000] {processor.py:830} INFO - Processing file /home/airflow/.local/lib/python3.8/site-packages/airflow/example_dags/example_xcomargs.py for tasks to queue
[2026-03-01T08:18:26.351+0000] {logging_mixin.py:188} INFO - [2026-03-01T08:18:26.351+0000] {dagbag.py:538} INFO - Filling up the DagBag from /home/airflow/.local/lib/python3.8/site-packages/airflow/example_dags/example_xcomargs.py
[2026-03-01T08:18:26.356+0000] {processor.py:840} INFO - DAG(s) 'example_xcom_args', 'example_xcom_args_with_operators' retrieved from /home/airflow/.local/lib/python3.8/site-packages/airflow/example_dags/example_xcomargs.py
[2026-03-01T08:18:26.372+0000] {logging_mixin.py:188} INFO - [2026-03-01T08:18:26.372+0000] {dag.py:3036} INFO - Sync 2 DAGs
[2026-03-01T08:18:26.382+0000] {logging_mixin.py:188} INFO - [2026-03-01T08:18:26.382+0000] {dag.py:3823} INFO - Setting next_dagrun for example_xcom_args to None, run_after=None
[2026-03-01T08:18:26.384+0000] {logging_mixin.py:188} INFO - [2026-03-01T08:18:26.384+0000] {dag.py:3823} INFO - Setting next_dagrun for example_xcom_args_with_operators to None, run_after=None
[2026-03-01T08:18:26.400+0000] {processor.py:183} INFO - Processing /home/airflow/.local/lib/python3.8/site-packages/airflow/example_dags/example_xcomargs.py took 0.054 seconds
[2026-03-01T08:18:56.695+0000] {processor.py:161} INFO - Started process (PID=1419) to work on /home/airflow/.local/lib/python3.8/site-packages/airflow/example_dags/example_xcomargs.py
[2026-03-01T08:18:56.696+0000] {processor.py:830} INFO - Processing file /home/airflow/.local/lib/python3.8/site-packages/airflow/example_dags/example_xcomargs.py for tasks to queue
[2026-03-01T08:18:56.698+0000] {logging_mixin.py:188} INFO - [2026-03-01T08:18:56.697+0000] {dagbag.py:538} INFO - Filling up the DagBag from /home/airflow/.local/lib/python3.8/site-packages/airflow/example_dags/example_xcomargs.py
[2026-03-01T08:18:56.703+0000] {processor.py:840} INFO - DAG(s) 'example_xcom_args_with_operators', 'example_xcom_args' retrieved from /home/airflow/.local/lib/python3.8/site-packages/airflow/example_dags/example_xcomargs.py
[2026-03-01T08:18:56.719+0000] {logging_mixin.py:188} INFO - [2026-03-01T08:18:56.719+0000] {dag.py:3036} INFO - Sync 2 DAGs
[2026-03-01T08:18:56.726+0000] {logging_mixin.py:188} INFO - [2026-03-01T08:18:56.726+0000] {dag.py:3823} INFO - Setting next_dagrun for example_xcom_args to None, run_after=None
[2026-03-01T08:18:56.728+0000] {logging_mixin.py:188} INFO - [2026-03-01T08:18:56.728+0000] {dag.py:3823} INFO - Setting next_dagrun for example_xcom_args_with_operators to None, run_after=None
[2026-03-01T08:18:56.740+0000] {processor.py:183} INFO - Processing /home/airflow/.local/lib/python3.8/site-packages/airflow/example_dags/example_xcomargs.py took 0.047 seconds
[2026-03-01T08:19:26.999+0000] {processor.py:161} INFO - Started process (PID=1475) to work on /home/airflow/.local/lib/python3.8/site-packages/airflow/example_dags/example_xcomargs.py
[2026-03-01T08:19:27.000+0000] {processor.py:830} INFO - Processing file /home/airflow/.local/lib/python3.8/site-packages/airflow/example_dags/example_xcomargs.py for tasks to queue
[2026-03-01T08:19:27.002+0000] {logging_mixin.py:188} INFO - [2026-03-01T08:19:27.002+0000] {dagbag.py:538} INFO - Filling up the DagBag from /home/airflow/.local/lib/python3.8/site-packages/airflow/example_dags/example_xcomargs.py
[2026-03-01T08:19:27.009+0000] {processor.py:840} INFO - DAG(s) 'example_xcom_args', 'example_xcom_args_with_operators' retrieved from /home/airflow/.local/lib/python3.8/site-packages/airflow/example_dags/example_xcomargs.py
[2026-03-01T08:19:27.032+0000] {logging_mixin.py:188} INFO - [2026-03-01T08:19:27.032+0000] {dag.py:3036} INFO - Sync 2 DAGs
[2026-03-01T08:19:27.042+0000] {logging_mixin.py:188} INFO - [2026-03-01T08:19:27.042+0000] {dag.py:3823} INFO - Setting next_dagrun for example_xcom_args to None, run_after=None
[2026-03-01T08:19:27.045+0000] {logging_mixin.py:188} INFO - [2026-03-01T08:19:27.045+0000] {dag.py:3823} INFO - Setting next_dagrun for example_xcom_args_with_operators to None, run_after=None
[2026-03-01T08:19:27.059+0000] {processor.py:183} INFO - Processing /home/airflow/.local/lib/python3.8/site-packages/airflow/example_dags/example_xcomargs.py took 0.063 seconds
[2026-03-01T08:19:57.228+0000] {processor.py:161} INFO - Started process (PID=1531) to work on /home/airflow/.local/lib/python3.8/site-packages/airflow/example_dags/example_xcomargs.py
[2026-03-01T08:19:57.229+0000] {processor.py:830} INFO - Processing file /home/airflow/.local/lib/python3.8/site-packages/airflow/example_dags/example_xcomargs.py for tasks to queue
[2026-03-01T08:19:57.230+0000] {logging_mixin.py:188} INFO - [2026-03-01T08:19:57.230+0000] {dagbag.py:538} INFO - Filling up the DagBag from /home/airflow/.local/lib/python3.8/site-packages/airflow/example_dags/example_xcomargs.py
[2026-03-01T08:19:57.237+0000] {processor.py:840} INFO - DAG(s) 'example_xcom_args', 'example_xcom_args_with_operators' retrieved from /home/airflow/.local/lib/python3.8/site-packages/airflow/example_dags/example_xcomargs.py
[2026-03-01T08:19:57.254+0000] {logging_mixin.py:188} INFO - [2026-03-01T08:19:57.254+0000] {dag.py:3036} INFO - Sync 2 DAGs
[2026-03-01T08:19:57.262+0000] {logging_mixin.py:188} INFO - [2026-03-01T08:19:57.262+0000] {dag.py:3823} INFO - Setting next_dagrun for example_xcom_args to None, run_after=None
[2026-03-01T08:19:57.265+0000] {logging_mixin.py:188} INFO - [2026-03-01T08:19:57.265+0000] {dag.py:3823} INFO - Setting next_dagrun for example_xcom_args_with_operators to None, run_after=None
[2026-03-01T08:19:57.277+0000] {processor.py:183} INFO - Processing /home/airflow/.local/lib/python3.8/site-packages/airflow/example_dags/example_xcomargs.py took 0.052 seconds
[2026-03-01T08:20:27.487+0000] {processor.py:161} INFO - Started process (PID=1587) to work on /home/airflow/.local/lib/python3.8/site-packages/airflow/example_dags/example_xcomargs.py
[2026-03-01T08:20:27.491+0000] {processor.py:830} INFO - Processing file /home/airflow/.local/lib/python3.8/site-packages/airflow/example_dags/example_xcomargs.py for tasks to queue
[2026-03-01T08:20:27.493+0000] {logging_mixin.py:188} INFO - [2026-03-01T08:20:27.492+0000] {dagbag.py:538} INFO - Filling up the DagBag from /home/airflow/.local/lib/python3.8/site-packages/airflow/example_dags/example_xcomargs.py
[2026-03-01T08:20:27.499+0000] {processor.py:840} INFO - DAG(s) 'example_xcom_args_with_operators', 'example_xcom_args' retrieved from /home/airflow/.local/lib/python3.8/site-packages/airflow/example_dags/example_xcomargs.py
[2026-03-01T08:20:27.512+0000] {logging_mixin.py:188} INFO - [2026-03-01T08:20:27.512+0000] {dag.py:3036} INFO - Sync 2 DAGs
[2026-03-01T08:20:27.520+0000] {logging_mixin.py:188} INFO - [2026-03-01T08:20:27.520+0000] {dag.py:3823} INFO - Setting next_dagrun for example_xcom_args to None, run_after=None
[2026-03-01T08:20:27.525+0000] {logging_mixin.py:188} INFO - [2026-03-01T08:20:27.525+0000] {dag.py:3823} INFO - Setting next_dagrun for example_xcom_args_with_operators to None, run_after=None
[2026-03-01T08:20:27.536+0000] {processor.py:183} INFO - Processing /home/airflow/.local/lib/python3.8/site-packages/airflow/example_dags/example_xcomargs.py took 0.052 seconds
[2026-03-01T08:20:57.593+0000] {processor.py:161} INFO - Started process (PID=1643) to work on /home/airflow/.local/lib/python3.8/site-packages/airflow/example_dags/example_xcomargs.py
[2026-03-01T08:20:57.595+0000] {processor.py:830} INFO - Processing file /home/airflow/.local/lib/python3.8/site-packages/airflow/example_dags/example_xcomargs.py for tasks to queue
[2026-03-01T08:20:57.596+0000] {logging_mixin.py:188} INFO - [2026-03-01T08:20:57.596+0000] {dagbag.py:538} INFO - Filling up the DagBag from /home/airflow/.local/lib/python3.8/site-packages/airflow/example_dags/example_xcomargs.py
[2026-03-01T08:20:57.602+0000] {processor.py:840} INFO - DAG(s) 'example_xcom_args_with_operators', 'example_xcom_args' retrieved from /home/airflow/.local/lib/python3.8/site-packages/airflow/example_dags/example_xcomargs.py
[2026-03-01T08:20:57.620+0000] {logging_mixin.py:188} INFO - [2026-03-01T08:20:57.620+0000] {dag.py:3036} INFO - Sync 2 DAGs
[2026-03-01T08:20:57.628+0000] {logging_mixin.py:188} INFO - [2026-03-01T08:20:57.628+0000] {dag.py:3823} INFO - Setting next_dagrun for example_xcom_args to None, run_after=None
[2026-03-01T08:20:57.631+0000] {logging_mixin.py:188} INFO - [2026-03-01T08:20:57.631+0000] {dag.py:3823} INFO - Setting next_dagrun for example_xcom_args_with_operators to None, run_after=None
[2026-03-01T08:20:57.642+0000] {processor.py:183} INFO - Processing /home/airflow/.local/lib/python3.8/site-packages/airflow/example_dags/example_xcomargs.py took 0.051 seconds
[2026-03-01T08:21:27.841+0000] {processor.py:161} INFO - Started process (PID=1699) to work on /home/airflow/.local/lib/python3.8/site-packages/airflow/example_dags/example_xcomargs.py
[2026-03-01T08:21:27.842+0000] {processor.py:830} INFO - Processing file /home/airflow/.local/lib/python3.8/site-packages/airflow/example_dags/example_xcomargs.py for tasks to queue
[2026-03-01T08:21:27.844+0000] {logging_mixin.py:188} INFO - [2026-03-01T08:21:27.844+0000] {dagbag.py:538} INFO - Filling up the DagBag from /home/airflow/.local/lib/python3.8/site-packages/airflow/example_dags/example_xcomargs.py
[2026-03-01T08:21:27.850+0000] {processor.py:840} INFO - DAG(s) 'example_xcom_args', 'example_xcom_args_with_operators' retrieved from /home/airflow/.local/lib/python3.8/site-packages/airflow/example_dags/example_xcomargs.py
[2026-03-01T08:21:27.866+0000] {logging_mixin.py:188} INFO - [2026-03-01T08:21:27.866+0000] {dag.py:3036} INFO - Sync 2 DAGs
[2026-03-01T08:21:27.874+0000] {logging_mixin.py:188} INFO - [2026-03-01T08:21:27.874+0000] {dag.py:3823} INFO - Setting next_dagrun for example_xcom_args to None, run_after=None
[2026-03-01T08:21:27.877+0000] {logging_mixin.py:188} INFO - [2026-03-01T08:21:27.877+0000] {dag.py:3823} INFO - Setting next_dagrun for example_xcom_args_with_operators to None, run_after=None
[2026-03-01T08:21:27.888+0000] {processor.py:183} INFO - Processing /home/airflow/.local/lib/python3.8/site-packages/airflow/example_dags/example_xcomargs.py took 0.049 seconds
[2026-03-01T08:21:58.325+0000] {processor.py:161} INFO - Started process (PID=1755) to work on /home/airflow/.local/lib/python3.8/site-packages/airflow/example_dags/example_xcomargs.py
[2026-03-01T08:21:58.327+0000] {processor.py:830} INFO - Processing file /home/airflow/.local/lib/python3.8/site-packages/airflow/example_dags/example_xcomargs.py for tasks to queue
[2026-03-01T08:21:58.329+0000] {logging_mixin.py:188} INFO - [2026-03-01T08:21:58.328+0000] {dagbag.py:538} INFO - Filling up the DagBag from /home/airflow/.local/lib/python3.8/site-packages/airflow/example_dags/example_xcomargs.py
[2026-03-01T08:21:58.336+0000] {processor.py:840} INFO - DAG(s) 'example_xcom_args_with_operators', 'example_xcom_args' retrieved from /home/airflow/.local/lib/python3.8/site-packages/airflow/example_dags/example_xcomargs.py
[2026-03-01T08:21:58.355+0000] {logging_mixin.py:188} INFO - [2026-03-01T08:21:58.355+0000] {dag.py:3036} INFO - Sync 2 DAGs
[2026-03-01T08:21:58.368+0000] {logging_mixin.py:188} INFO - [2026-03-01T08:21:58.367+0000] {dag.py:3823} INFO - Setting next_dagrun for example_xcom_args to None, run_after=None
[2026-03-01T08:21:58.372+0000] {logging_mixin.py:188} INFO - [2026-03-01T08:21:58.372+0000] {dag.py:3823} INFO - Setting next_dagrun for example_xcom_args_with_operators to None, run_after=None
[2026-03-01T08:21:58.393+0000] {processor.py:183} INFO - Processing /home/airflow/.local/lib/python3.8/site-packages/airflow/example_dags/example_xcomargs.py took 0.070 seconds
[2026-03-01T08:22:28.605+0000] {processor.py:161} INFO - Started process (PID=1811) to work on /home/airflow/.local/lib/python3.8/site-packages/airflow/example_dags/example_xcomargs.py
[2026-03-01T08:22:28.607+0000] {processor.py:830} INFO - Processing file /home/airflow/.local/lib/python3.8/site-packages/airflow/example_dags/example_xcomargs.py for tasks to queue
[2026-03-01T08:22:28.609+0000] {logging_mixin.py:188} INFO - [2026-03-01T08:22:28.608+0000] {dagbag.py:538} INFO - Filling up the DagBag from /home/airflow/.local/lib/python3.8/site-packages/airflow/example_dags/example_xcomargs.py
[2026-03-01T08:22:28.614+0000] {processor.py:840} INFO - DAG(s) 'example_xcom_args', 'example_xcom_args_with_operators' retrieved from /home/airflow/.local/lib/python3.8/site-packages/airflow/example_dags/example_xcomargs.py
[2026-03-01T08:22:28.630+0000] {logging_mixin.py:188} INFO - [2026-03-01T08:22:28.629+0000] {dag.py:3036} INFO - Sync 2 DAGs
[2026-03-01T08:22:28.639+0000] {logging_mixin.py:188} INFO - [2026-03-01T08:22:28.638+0000] {dag.py:3823} INFO - Setting next_dagrun for example_xcom_args to None, run_after=None
[2026-03-01T08:22:28.641+0000] {logging_mixin.py:188} INFO - [2026-03-01T08:22:28.641+0000] {dag.py:3823} INFO - Setting next_dagrun for example_xcom_args_with_operators to None, run_after=None
[2026-03-01T08:22:28.652+0000] {processor.py:183} INFO - Processing /home/airflow/.local/lib/python3.8/site-packages/airflow/example_dags/example_xcomargs.py took 0.050 seconds
[2026-03-01T08:22:58.981+0000] {processor.py:161} INFO - Started process (PID=1867) to work on /home/airflow/.local/lib/python3.8/site-packages/airflow/example_dags/example_xcomargs.py
[2026-03-01T08:22:58.982+0000] {processor.py:830} INFO - Processing file /home/airflow/.local/lib/python3.8/site-packages/airflow/example_dags/example_xcomargs.py for tasks to queue
[2026-03-01T08:22:58.984+0000] {logging_mixin.py:188} INFO - [2026-03-01T08:22:58.984+0000] {dagbag.py:538} INFO - Filling up the DagBag from /home/airflow/.local/lib/python3.8/site-packages/airflow/example_dags/example_xcomargs.py
[2026-03-01T08:22:58.989+0000] {processor.py:840} INFO - DAG(s) 'example_xcom_args_with_operators', 'example_xcom_args' retrieved from /home/airflow/.local/lib/python3.8/site-packages/airflow/example_dags/example_xcomargs.py
[2026-03-01T08:22:59.006+0000] {logging_mixin.py:188} INFO - [2026-03-01T08:22:59.006+0000] {dag.py:3036} INFO - Sync 2 DAGs
[2026-03-01T08:22:59.015+0000] {logging_mixin.py:188} INFO - [2026-03-01T08:22:59.015+0000] {dag.py:3823} INFO - Setting next_dagrun for example_xcom_args to None, run_after=None
[2026-03-01T08:22:59.018+0000] {logging_mixin.py:188} INFO - [2026-03-01T08:22:59.017+0000] {dag.py:3823} INFO - Setting next_dagrun for example_xcom_args_with_operators to None, run_after=None
[2026-03-01T08:22:59.030+0000] {processor.py:183} INFO - Processing /home/airflow/.local/lib/python3.8/site-packages/airflow/example_dags/example_xcomargs.py took 0.051 seconds
[2026-03-01T08:23:29.146+0000] {processor.py:161} INFO - Started process (PID=1923) to work on /home/airflow/.local/lib/python3.8/site-packages/airflow/example_dags/example_xcomargs.py
[2026-03-01T08:23:29.147+0000] {processor.py:830} INFO - Processing file /home/airflow/.local/lib/python3.8/site-packages/airflow/example_dags/example_xcomargs.py for tasks to queue
[2026-03-01T08:23:29.149+0000] {logging_mixin.py:188} INFO - [2026-03-01T08:23:29.149+0000] {dagbag.py:538} INFO - Filling up the DagBag from /home/airflow/.local/lib/python3.8/site-packages/airflow/example_dags/example_xcomargs.py
[2026-03-01T08:23:29.154+0000] {processor.py:840} INFO - DAG(s) 'example_xcom_args_with_operators', 'example_xcom_args' retrieved from /home/airflow/.local/lib/python3.8/site-packages/airflow/example_dags/example_xcomargs.py
[2026-03-01T08:23:29.169+0000] {logging_mixin.py:188} INFO - [2026-03-01T08:23:29.168+0000] {dag.py:3036} INFO - Sync 2 DAGs
[2026-03-01T08:23:29.176+0000] {logging_mixin.py:188} INFO - [2026-03-01T08:23:29.176+0000] {dag.py:3823} INFO - Setting next_dagrun for example_xcom_args to None, run_after=None
[2026-03-01T08:23:29.179+0000] {logging_mixin.py:188} INFO - [2026-03-01T08:23:29.179+0000] {dag.py:3823} INFO - Setting next_dagrun for example_xcom_args_with_operators to None, run_after=None
[2026-03-01T08:23:29.190+0000] {processor.py:183} INFO - Processing /home/airflow/.local/lib/python3.8/site-packages/airflow/example_dags/example_xcomargs.py took 0.046 seconds
[2026-03-01T08:23:59.513+0000] {processor.py:161} INFO - Started process (PID=1979) to work on /home/airflow/.local/lib/python3.8/site-packages/airflow/example_dags/example_xcomargs.py
[2026-03-01T08:23:59.514+0000] {processor.py:830} INFO - Processing file /home/airflow/.local/lib/python3.8/site-packages/airflow/example_dags/example_xcomargs.py for tasks to queue
[2026-03-01T08:23:59.516+0000] {logging_mixin.py:188} INFO - [2026-03-01T08:23:59.516+0000] {dagbag.py:538} INFO - Filling up the DagBag from /home/airflow/.local/lib/python3.8/site-packages/airflow/example_dags/example_xcomargs.py
[2026-03-01T08:23:59.521+0000] {processor.py:840} INFO - DAG(s) 'example_xcom_args', 'example_xcom_args_with_operators' retrieved from /home/airflow/.local/lib/python3.8/site-packages/airflow/example_dags/example_xcomargs.py
[2026-03-01T08:23:59.543+0000] {logging_mixin.py:188} INFO - [2026-03-01T08:23:59.543+0000] {dag.py:3036} INFO - Sync 2 DAGs
[2026-03-01T08:23:59.555+0000] {logging_mixin.py:188} INFO - [2026-03-01T08:23:59.555+0000] {dag.py:3823} INFO - Setting next_dagrun for example_xcom_args to None, run_after=None
[2026-03-01T08:23:59.560+0000] {logging_mixin.py:188} INFO - [2026-03-01T08:23:59.560+0000] {dag.py:3823} INFO - Setting next_dagrun for example_xcom_args_with_operators to None, run_after=None
[2026-03-01T08:23:59.579+0000] {processor.py:183} INFO - Processing /home/airflow/.local/lib/python3.8/site-packages/airflow/example_dags/example_xcomargs.py took 0.069 seconds
[2026-03-01T08:24:29.775+0000] {processor.py:161} INFO - Started process (PID=2035) to work on /home/airflow/.local/lib/python3.8/site-packages/airflow/example_dags/example_xcomargs.py
[2026-03-01T08:24:29.776+0000] {processor.py:830} INFO - Processing file /home/airflow/.local/lib/python3.8/site-packages/airflow/example_dags/example_xcomargs.py for tasks to queue
[2026-03-01T08:24:29.779+0000] {logging_mixin.py:188} INFO - [2026-03-01T08:24:29.779+0000] {dagbag.py:538} INFO - Filling up the DagBag from /home/airflow/.local/lib/python3.8/site-packages/airflow/example_dags/example_xcomargs.py
[2026-03-01T08:24:29.785+0000] {processor.py:840} INFO - DAG(s) 'example_xcom_args', 'example_xcom_args_with_operators' retrieved from /home/airflow/.local/lib/python3.8/site-packages/airflow/example_dags/example_xcomargs.py
[2026-03-01T08:24:29.802+0000] {logging_mixin.py:188} INFO - [2026-03-01T08:24:29.802+0000] {dag.py:3036} INFO - Sync 2 DAGs
[2026-03-01T08:24:29.813+0000] {logging_mixin.py:188} INFO - [2026-03-01T08:24:29.813+0000] {dag.py:3823} INFO - Setting next_dagrun for example_xcom_args to None, run_after=None
[2026-03-01T08:24:29.819+0000] {logging_mixin.py:188} INFO - [2026-03-01T08:24:29.818+0000] {dag.py:3823} INFO - Setting next_dagrun for example_xcom_args_with_operators to None, run_after=None
[2026-03-01T08:24:29.844+0000] {processor.py:183} INFO - Processing /home/airflow/.local/lib/python3.8/site-packages/airflow/example_dags/example_xcomargs.py took 0.072 seconds
[2026-03-01T08:24:59.954+0000] {processor.py:161} INFO - Started process (PID=2095) to work on /home/airflow/.local/lib/python3.8/site-packages/airflow/example_dags/example_xcomargs.py
[2026-03-01T08:24:59.955+0000] {processor.py:830} INFO - Processing file /home/airflow/.local/lib/python3.8/site-packages/airflow/example_dags/example_xcomargs.py for tasks to queue
[2026-03-01T08:24:59.957+0000] {logging_mixin.py:188} INFO - [2026-03-01T08:24:59.957+0000] {dagbag.py:538} INFO - Filling up the DagBag from /home/airflow/.local/lib/python3.8/site-packages/airflow/example_dags/example_xcomargs.py
[2026-03-01T08:24:59.966+0000] {processor.py:840} INFO - DAG(s) 'example_xcom_args_with_operators', 'example_xcom_args' retrieved from /home/airflow/.local/lib/python3.8/site-packages/airflow/example_dags/example_xcomargs.py
[2026-03-01T08:24:59.982+0000] {logging_mixin.py:188} INFO - [2026-03-01T08:24:59.981+0000] {dag.py:3036} INFO - Sync 2 DAGs
[2026-03-01T08:24:59.989+0000] {logging_mixin.py:188} INFO - [2026-03-01T08:24:59.989+0000] {dag.py:3823} INFO - Setting next_dagrun for example_xcom_args to None, run_after=None
[2026-03-01T08:24:59.992+0000] {logging_mixin.py:188} INFO - [2026-03-01T08:24:59.992+0000] {dag.py:3823} INFO - Setting next_dagrun for example_xcom_args_with_operators to None, run_after=None
[2026-03-01T08:25:00.002+0000] {processor.py:183} INFO - Processing /home/airflow/.local/lib/python3.8/site-packages/airflow/example_dags/example_xcomargs.py took 0.050 seconds
[2026-03-01T08:25:30.318+0000] {processor.py:161} INFO - Started process (PID=2151) to work on /home/airflow/.local/lib/python3.8/site-packages/airflow/example_dags/example_xcomargs.py
[2026-03-01T08:25:30.319+0000] {processor.py:830} INFO - Processing file /home/airflow/.local/lib/python3.8/site-packages/airflow/example_dags/example_xcomargs.py for tasks to queue
[2026-03-01T08:25:30.321+0000] {logging_mixin.py:188} INFO - [2026-03-01T08:25:30.321+0000] {dagbag.py:538} INFO - Filling up the DagBag from /home/airflow/.local/lib/python3.8/site-packages/airflow/example_dags/example_xcomargs.py
[2026-03-01T08:25:30.328+0000] {processor.py:840} INFO - DAG(s) 'example_xcom_args', 'example_xcom_args_with_operators' retrieved from /home/airflow/.local/lib/python3.8/site-packages/airflow/example_dags/example_xcomargs.py
[2026-03-01T08:25:30.345+0000] {logging_mixin.py:188} INFO - [2026-03-01T08:25:30.344+0000] {dag.py:3036} INFO - Sync 2 DAGs
[2026-03-01T08:25:30.353+0000] {logging_mixin.py:188} INFO - [2026-03-01T08:25:30.353+0000] {dag.py:3823} INFO - Setting next_dagrun for example_xcom_args to None, run_after=None
[2026-03-01T08:25:30.355+0000] {logging_mixin.py:188} INFO - [2026-03-01T08:25:30.355+0000] {dag.py:3823} INFO - Setting next_dagrun for example_xcom_args_with_operators to None, run_after=None
[2026-03-01T08:25:30.369+0000] {processor.py:183} INFO - Processing /home/airflow/.local/lib/python3.8/site-packages/airflow/example_dags/example_xcomargs.py took 0.054 seconds
[2026-03-01T08:26:00.467+0000] {processor.py:161} INFO - Started process (PID=2207) to work on /home/airflow/.local/lib/python3.8/site-packages/airflow/example_dags/example_xcomargs.py
[2026-03-01T08:26:00.469+0000] {processor.py:830} INFO - Processing file /home/airflow/.local/lib/python3.8/site-packages/airflow/example_dags/example_xcomargs.py for tasks to queue
[2026-03-01T08:26:00.471+0000] {logging_mixin.py:188} INFO - [2026-03-01T08:26:00.471+0000] {dagbag.py:538} INFO - Filling up the DagBag from /home/airflow/.local/lib/python3.8/site-packages/airflow/example_dags/example_xcomargs.py
[2026-03-01T08:26:00.477+0000] {processor.py:840} INFO - DAG(s) 'example_xcom_args', 'example_xcom_args_with_operators' retrieved from /home/airflow/.local/lib/python3.8/site-packages/airflow/example_dags/example_xcomargs.py
[2026-03-01T08:26:00.497+0000] {logging_mixin.py:188} INFO - [2026-03-01T08:26:00.497+0000] {dag.py:3036} INFO - Sync 2 DAGs
[2026-03-01T08:26:00.506+0000] {logging_mixin.py:188} INFO - [2026-03-01T08:26:00.506+0000] {dag.py:3823} INFO - Setting next_dagrun for example_xcom_args to None, run_after=None
[2026-03-01T08:26:00.509+0000] {logging_mixin.py:188} INFO - [2026-03-01T08:26:00.509+0000] {dag.py:3823} INFO - Setting next_dagrun for example_xcom_args_with_operators to None, run_after=None
[2026-03-01T08:26:00.524+0000] {processor.py:183} INFO - Processing /home/airflow/.local/lib/python3.8/site-packages/airflow/example_dags/example_xcomargs.py took 0.059 seconds
[2026-03-01T08:26:31.054+0000] {processor.py:161} INFO - Started process (PID=2263) to work on /home/airflow/.local/lib/python3.8/site-packages/airflow/example_dags/example_xcomargs.py
[2026-03-01T08:26:31.055+0000] {processor.py:830} INFO - Processing file /home/airflow/.local/lib/python3.8/site-packages/airflow/example_dags/example_xcomargs.py for tasks to queue
[2026-03-01T08:26:31.057+0000] {logging_mixin.py:188} INFO - [2026-03-01T08:26:31.056+0000] {dagbag.py:538} INFO - Filling up the DagBag from /home/airflow/.local/lib/python3.8/site-packages/airflow/example_dags/example_xcomargs.py
[2026-03-01T08:26:31.062+0000] {processor.py:840} INFO - DAG(s) 'example_xcom_args', 'example_xcom_args_with_operators' retrieved from /home/airflow/.local/lib/python3.8/site-packages/airflow/example_dags/example_xcomargs.py
[2026-03-01T08:26:31.081+0000] {logging_mixin.py:188} INFO - [2026-03-01T08:26:31.081+0000] {dag.py:3036} INFO - Sync 2 DAGs
[2026-03-01T08:26:31.090+0000] {logging_mixin.py:188} INFO - [2026-03-01T08:26:31.090+0000] {dag.py:3823} INFO - Setting next_dagrun for example_xcom_args to None, run_after=None
[2026-03-01T08:26:31.093+0000] {logging_mixin.py:188} INFO - [2026-03-01T08:26:31.092+0000] {dag.py:3823} INFO - Setting next_dagrun for example_xcom_args_with_operators to None, run_after=None
[2026-03-01T08:26:31.105+0000] {processor.py:183} INFO - Processing /home/airflow/.local/lib/python3.8/site-packages/airflow/example_dags/example_xcomargs.py took 0.054 seconds
[2026-03-01T08:27:01.267+0000] {processor.py:161} INFO - Started process (PID=2319) to work on /home/airflow/.local/lib/python3.8/site-packages/airflow/example_dags/example_xcomargs.py
[2026-03-01T08:27:01.268+0000] {processor.py:830} INFO - Processing file /home/airflow/.local/lib/python3.8/site-packages/airflow/example_dags/example_xcomargs.py for tasks to queue
[2026-03-01T08:27:01.270+0000] {logging_mixin.py:188} INFO - [2026-03-01T08:27:01.270+0000] {dagbag.py:538} INFO - Filling up the DagBag from /home/airflow/.local/lib/python3.8/site-packages/airflow/example_dags/example_xcomargs.py
[2026-03-01T08:27:01.275+0000] {processor.py:840} INFO - DAG(s) 'example_xcom_args_with_operators', 'example_xcom_args' retrieved from /home/airflow/.local/lib/python3.8/site-packages/airflow/example_dags/example_xcomargs.py
[2026-03-01T08:27:01.291+0000] {logging_mixin.py:188} INFO - [2026-03-01T08:27:01.291+0000] {dag.py:3036} INFO - Sync 2 DAGs
[2026-03-01T08:27:01.299+0000] {logging_mixin.py:188} INFO - [2026-03-01T08:27:01.299+0000] {dag.py:3823} INFO - Setting next_dagrun for example_xcom_args to None, run_after=None
[2026-03-01T08:27:01.302+0000] {logging_mixin.py:188} INFO - [2026-03-01T08:27:01.302+0000] {dag.py:3823} INFO - Setting next_dagrun for example_xcom_args_with_operators to None, run_after=None
[2026-03-01T08:27:01.314+0000] {processor.py:183} INFO - Processing /home/airflow/.local/lib/python3.8/site-packages/airflow/example_dags/example_xcomargs.py took 0.050 seconds
[2026-03-01T08:27:31.410+0000] {processor.py:161} INFO - Started process (PID=2374) to work on /home/airflow/.local/lib/python3.8/site-packages/airflow/example_dags/example_xcomargs.py
[2026-03-01T08:27:31.411+0000] {processor.py:830} INFO - Processing file /home/airflow/.local/lib/python3.8/site-packages/airflow/example_dags/example_xcomargs.py for tasks to queue
[2026-03-01T08:27:31.413+0000] {logging_mixin.py:188} INFO - [2026-03-01T08:27:31.413+0000] {dagbag.py:538} INFO - Filling up the DagBag from /home/airflow/.local/lib/python3.8/site-packages/airflow/example_dags/example_xcomargs.py
[2026-03-01T08:27:31.418+0000] {processor.py:840} INFO - DAG(s) 'example_xcom_args', 'example_xcom_args_with_operators' retrieved from /home/airflow/.local/lib/python3.8/site-packages/airflow/example_dags/example_xcomargs.py
[2026-03-01T08:27:31.435+0000] {logging_mixin.py:188} INFO - [2026-03-01T08:27:31.434+0000] {dag.py:3036} INFO - Sync 2 DAGs
[2026-03-01T08:27:31.443+0000] {logging_mixin.py:188} INFO - [2026-03-01T08:27:31.443+0000] {dag.py:3823} INFO - Setting next_dagrun for example_xcom_args to None, run_after=None
[2026-03-01T08:27:31.446+0000] {logging_mixin.py:188} INFO - [2026-03-01T08:27:31.446+0000] {dag.py:3823} INFO - Setting next_dagrun for example_xcom_args_with_operators to None, run_after=None
[2026-03-01T08:27:31.458+0000] {processor.py:183} INFO - Processing /home/airflow/.local/lib/python3.8/site-packages/airflow/example_dags/example_xcomargs.py took 0.050 seconds
[2026-03-01T08:28:01.809+0000] {processor.py:161} INFO - Started process (PID=2429) to work on /home/airflow/.local/lib/python3.8/site-packages/airflow/example_dags/example_xcomargs.py
[2026-03-01T08:28:01.810+0000] {processor.py:830} INFO - Processing file /home/airflow/.local/lib/python3.8/site-packages/airflow/example_dags/example_xcomargs.py for tasks to queue
[2026-03-01T08:28:01.812+0000] {logging_mixin.py:188} INFO - [2026-03-01T08:28:01.812+0000] {dagbag.py:538} INFO - Filling up the DagBag from /home/airflow/.local/lib/python3.8/site-packages/airflow/example_dags/example_xcomargs.py
[2026-03-01T08:28:01.817+0000] {processor.py:840} INFO - DAG(s) 'example_xcom_args', 'example_xcom_args_with_operators' retrieved from /home/airflow/.local/lib/python3.8/site-packages/airflow/example_dags/example_xcomargs.py
[2026-03-01T08:28:01.833+0000] {logging_mixin.py:188} INFO - [2026-03-01T08:28:01.833+0000] {dag.py:3036} INFO - Sync 2 DAGs
[2026-03-01T08:28:01.842+0000] {logging_mixin.py:188} INFO - [2026-03-01T08:28:01.842+0000] {dag.py:3823} INFO - Setting next_dagrun for example_xcom_args to None, run_after=None
[2026-03-01T08:28:01.845+0000] {logging_mixin.py:188} INFO - [2026-03-01T08:28:01.845+0000] {dag.py:3823} INFO - Setting next_dagrun for example_xcom_args_with_operators to None, run_after=None
[2026-03-01T08:28:01.856+0000] {processor.py:183} INFO - Processing /home/airflow/.local/lib/python3.8/site-packages/airflow/example_dags/example_xcomargs.py took 0.049 seconds
[2026-03-01T08:28:31.943+0000] {processor.py:161} INFO - Started process (PID=2484) to work on /home/airflow/.local/lib/python3.8/site-packages/airflow/example_dags/example_xcomargs.py
[2026-03-01T08:28:31.944+0000] {processor.py:830} INFO - Processing file /home/airflow/.local/lib/python3.8/site-packages/airflow/example_dags/example_xcomargs.py for tasks to queue
[2026-03-01T08:28:31.946+0000] {logging_mixin.py:188} INFO - [2026-03-01T08:28:31.946+0000] {dagbag.py:538} INFO - Filling up the DagBag from /home/airflow/.local/lib/python3.8/site-packages/airflow/example_dags/example_xcomargs.py
[2026-03-01T08:28:31.952+0000] {processor.py:840} INFO - DAG(s) 'example_xcom_args', 'example_xcom_args_with_operators' retrieved from /home/airflow/.local/lib/python3.8/site-packages/airflow/example_dags/example_xcomargs.py
[2026-03-01T08:28:31.969+0000] {logging_mixin.py:188} INFO - [2026-03-01T08:28:31.969+0000] {dag.py:3036} INFO - Sync 2 DAGs
[2026-03-01T08:28:31.977+0000] {logging_mixin.py:188} INFO - [2026-03-01T08:28:31.977+0000] {dag.py:3823} INFO - Setting next_dagrun for example_xcom_args to None, run_after=None
[2026-03-01T08:28:31.980+0000] {logging_mixin.py:188} INFO - [2026-03-01T08:28:31.980+0000] {dag.py:3823} INFO - Setting next_dagrun for example_xcom_args_with_operators to None, run_after=None
[2026-03-01T08:28:31.992+0000] {processor.py:183} INFO - Processing /home/airflow/.local/lib/python3.8/site-packages/airflow/example_dags/example_xcomargs.py took 0.051 seconds
[2026-03-01T08:29:02.353+0000] {processor.py:161} INFO - Started process (PID=2540) to work on /home/airflow/.local/lib/python3.8/site-packages/airflow/example_dags/example_xcomargs.py
[2026-03-01T08:29:02.354+0000] {processor.py:830} INFO - Processing file /home/airflow/.local/lib/python3.8/site-packages/airflow/example_dags/example_xcomargs.py for tasks to queue
[2026-03-01T08:29:02.356+0000] {logging_mixin.py:188} INFO - [2026-03-01T08:29:02.355+0000] {dagbag.py:538} INFO - Filling up the DagBag from /home/airflow/.local/lib/python3.8/site-packages/airflow/example_dags/example_xcomargs.py
[2026-03-01T08:29:02.362+0000] {processor.py:840} INFO - DAG(s) 'example_xcom_args', 'example_xcom_args_with_operators' retrieved from /home/airflow/.local/lib/python3.8/site-packages/airflow/example_dags/example_xcomargs.py
[2026-03-01T08:29:02.378+0000] {logging_mixin.py:188} INFO - [2026-03-01T08:29:02.378+0000] {dag.py:3036} INFO - Sync 2 DAGs
[2026-03-01T08:29:02.386+0000] {logging_mixin.py:188} INFO - [2026-03-01T08:29:02.386+0000] {dag.py:3823} INFO - Setting next_dagrun for example_xcom_args to None, run_after=None
[2026-03-01T08:29:02.388+0000] {logging_mixin.py:188} INFO - [2026-03-01T08:29:02.388+0000] {dag.py:3823} INFO - Setting next_dagrun for example_xcom_args_with_operators to None, run_after=None
[2026-03-01T08:29:02.400+0000] {processor.py:183} INFO - Processing /home/airflow/.local/lib/python3.8/site-packages/airflow/example_dags/example_xcomargs.py took 0.050 seconds
[2026-03-01T08:29:32.828+0000] {processor.py:161} INFO - Started process (PID=2596) to work on /home/airflow/.local/lib/python3.8/site-packages/airflow/example_dags/example_xcomargs.py
[2026-03-01T08:29:32.829+0000] {processor.py:830} INFO - Processing file /home/airflow/.local/lib/python3.8/site-packages/airflow/example_dags/example_xcomargs.py for tasks to queue
[2026-03-01T08:29:32.831+0000] {logging_mixin.py:188} INFO - [2026-03-01T08:29:32.831+0000] {dagbag.py:538} INFO - Filling up the DagBag from /home/airflow/.local/lib/python3.8/site-packages/airflow/example_dags/example_xcomargs.py
[2026-03-01T08:29:32.837+0000] {processor.py:840} INFO - DAG(s) 'example_xcom_args', 'example_xcom_args_with_operators' retrieved from /home/airflow/.local/lib/python3.8/site-packages/airflow/example_dags/example_xcomargs.py
[2026-03-01T08:29:32.854+0000] {logging_mixin.py:188} INFO - [2026-03-01T08:29:32.854+0000] {dag.py:3036} INFO - Sync 2 DAGs
[2026-03-01T08:29:32.862+0000] {logging_mixin.py:188} INFO - [2026-03-01T08:29:32.861+0000] {dag.py:3823} INFO - Setting next_dagrun for example_xcom_args to None, run_after=None
[2026-03-01T08:29:32.864+0000] {logging_mixin.py:188} INFO - [2026-03-01T08:29:32.864+0000] {dag.py:3823} INFO - Setting next_dagrun for example_xcom_args_with_operators to None, run_after=None
[2026-03-01T08:29:32.876+0000] {processor.py:183} INFO - Processing /home/airflow/.local/lib/python3.8/site-packages/airflow/example_dags/example_xcomargs.py took 0.051 seconds
[2026-03-01T08:30:03.475+0000] {processor.py:161} INFO - Started process (PID=2652) to work on /home/airflow/.local/lib/python3.8/site-packages/airflow/example_dags/example_xcomargs.py
[2026-03-01T08:30:03.478+0000] {processor.py:830} INFO - Processing file /home/airflow/.local/lib/python3.8/site-packages/airflow/example_dags/example_xcomargs.py for tasks to queue
[2026-03-01T08:30:03.482+0000] {logging_mixin.py:188} INFO - [2026-03-01T08:30:03.481+0000] {dagbag.py:538} INFO - Filling up the DagBag from /home/airflow/.local/lib/python3.8/site-packages/airflow/example_dags/example_xcomargs.py
[2026-03-01T08:30:03.488+0000] {processor.py:840} INFO - DAG(s) 'example_xcom_args', 'example_xcom_args_with_operators' retrieved from /home/airflow/.local/lib/python3.8/site-packages/airflow/example_dags/example_xcomargs.py
[2026-03-01T08:30:03.507+0000] {logging_mixin.py:188} INFO - [2026-03-01T08:30:03.507+0000] {dag.py:3036} INFO - Sync 2 DAGs
[2026-03-01T08:30:03.515+0000] {logging_mixin.py:188} INFO - [2026-03-01T08:30:03.514+0000] {dag.py:3823} INFO - Setting next_dagrun for example_xcom_args to None, run_after=None
[2026-03-01T08:30:03.520+0000] {logging_mixin.py:188} INFO - [2026-03-01T08:30:03.520+0000] {dag.py:3823} INFO - Setting next_dagrun for example_xcom_args_with_operators to None, run_after=None
[2026-03-01T08:30:03.533+0000] {processor.py:183} INFO - Processing /home/airflow/.local/lib/python3.8/site-packages/airflow/example_dags/example_xcomargs.py took 0.061 seconds
[2026-03-01T08:30:33.658+0000] {processor.py:161} INFO - Started process (PID=2708) to work on /home/airflow/.local/lib/python3.8/site-packages/airflow/example_dags/example_xcomargs.py
[2026-03-01T08:30:33.659+0000] {processor.py:830} INFO - Processing file /home/airflow/.local/lib/python3.8/site-packages/airflow/example_dags/example_xcomargs.py for tasks to queue
[2026-03-01T08:30:33.662+0000] {logging_mixin.py:188} INFO - [2026-03-01T08:30:33.662+0000] {dagbag.py:538} INFO - Filling up the DagBag from /home/airflow/.local/lib/python3.8/site-packages/airflow/example_dags/example_xcomargs.py
[2026-03-01T08:30:33.668+0000] {processor.py:840} INFO - DAG(s) 'example_xcom_args', 'example_xcom_args_with_operators' retrieved from /home/airflow/.local/lib/python3.8/site-packages/airflow/example_dags/example_xcomargs.py
[2026-03-01T08:30:33.688+0000] {logging_mixin.py:188} INFO - [2026-03-01T08:30:33.687+0000] {dag.py:3036} INFO - Sync 2 DAGs
[2026-03-01T08:30:33.696+0000] {logging_mixin.py:188} INFO - [2026-03-01T08:30:33.695+0000] {dag.py:3823} INFO - Setting next_dagrun for example_xcom_args to None, run_after=None
[2026-03-01T08:30:33.699+0000] {logging_mixin.py:188} INFO - [2026-03-01T08:30:33.699+0000] {dag.py:3823} INFO - Setting next_dagrun for example_xcom_args_with_operators to None, run_after=None
[2026-03-01T08:30:33.712+0000] {processor.py:183} INFO - Processing /home/airflow/.local/lib/python3.8/site-packages/airflow/example_dags/example_xcomargs.py took 0.056 seconds
