[2026-03-01T08:07:46.119+0000] {processor.py:161} INFO - Started process (PID=57) to work on /home/airflow/.local/lib/python3.8/site-packages/airflow/example_dags/example_latest_only.py
[2026-03-01T08:07:46.120+0000] {processor.py:830} INFO - Processing file /home/airflow/.local/lib/python3.8/site-packages/airflow/example_dags/example_latest_only.py for tasks to queue
[2026-03-01T08:07:46.122+0000] {logging_mixin.py:188} INFO - [2026-03-01T08:07:46.122+0000] {dagbag.py:538} INFO - Filling up the DagBag from /home/airflow/.local/lib/python3.8/site-packages/airflow/example_dags/example_latest_only.py
[2026-03-01T08:07:46.129+0000] {processor.py:840} INFO - DAG(s) 'latest_only' retrieved from /home/airflow/.local/lib/python3.8/site-packages/airflow/example_dags/example_latest_only.py
[2026-03-01T08:07:46.212+0000] {logging_mixin.py:188} INFO - [2026-03-01T08:07:46.211+0000] {override.py:1769} INFO - Created Permission View: can edit on DAG:latest_only
[2026-03-01T08:07:46.220+0000] {logging_mixin.py:188} INFO - [2026-03-01T08:07:46.220+0000] {override.py:1769} INFO - Created Permission View: can delete on DAG:latest_only
[2026-03-01T08:07:46.226+0000] {logging_mixin.py:188} INFO - [2026-03-01T08:07:46.225+0000] {override.py:1769} INFO - Created Permission View: can read on DAG:latest_only
[2026-03-01T08:07:46.226+0000] {logging_mixin.py:188} INFO - [2026-03-01T08:07:46.226+0000] {dag.py:3036} INFO - Sync 1 DAGs
[2026-03-01T08:07:46.234+0000] {logging_mixin.py:188} INFO - [2026-03-01T08:07:46.234+0000] {dag.py:3058} INFO - Creating ORM DAG for latest_only
[2026-03-01T08:07:46.244+0000] {logging_mixin.py:188} INFO - [2026-03-01T08:07:46.244+0000] {dag.py:3823} INFO - Setting next_dagrun for latest_only to 2026-03-01 04:00:00+00:00, run_after=2026-03-01 08:00:00+00:00
[2026-03-01T08:07:46.261+0000] {processor.py:183} INFO - Processing /home/airflow/.local/lib/python3.8/site-packages/airflow/example_dags/example_latest_only.py took 0.145 seconds
[2026-03-01T08:08:16.577+0000] {processor.py:161} INFO - Started process (PID=113) to work on /home/airflow/.local/lib/python3.8/site-packages/airflow/example_dags/example_latest_only.py
[2026-03-01T08:08:16.578+0000] {processor.py:830} INFO - Processing file /home/airflow/.local/lib/python3.8/site-packages/airflow/example_dags/example_latest_only.py for tasks to queue
[2026-03-01T08:08:16.579+0000] {logging_mixin.py:188} INFO - [2026-03-01T08:08:16.579+0000] {dagbag.py:538} INFO - Filling up the DagBag from /home/airflow/.local/lib/python3.8/site-packages/airflow/example_dags/example_latest_only.py
[2026-03-01T08:08:16.584+0000] {processor.py:840} INFO - DAG(s) 'latest_only' retrieved from /home/airflow/.local/lib/python3.8/site-packages/airflow/example_dags/example_latest_only.py
[2026-03-01T08:08:16.599+0000] {logging_mixin.py:188} INFO - [2026-03-01T08:08:16.599+0000] {dag.py:3036} INFO - Sync 1 DAGs
[2026-03-01T08:08:16.611+0000] {logging_mixin.py:188} INFO - [2026-03-01T08:08:16.611+0000] {dag.py:3823} INFO - Setting next_dagrun for latest_only to 2026-03-01 04:00:00+00:00, run_after=2026-03-01 08:00:00+00:00
[2026-03-01T08:08:16.624+0000] {processor.py:183} INFO - Processing /home/airflow/.local/lib/python3.8/site-packages/airflow/example_dags/example_latest_only.py took 0.049 seconds
[2026-03-01T08:08:46.930+0000] {processor.py:161} INFO - Started process (PID=168) to work on /home/airflow/.local/lib/python3.8/site-packages/airflow/example_dags/example_latest_only.py
[2026-03-01T08:08:46.931+0000] {processor.py:830} INFO - Processing file /home/airflow/.local/lib/python3.8/site-packages/airflow/example_dags/example_latest_only.py for tasks to queue
[2026-03-01T08:08:46.933+0000] {logging_mixin.py:188} INFO - [2026-03-01T08:08:46.933+0000] {dagbag.py:538} INFO - Filling up the DagBag from /home/airflow/.local/lib/python3.8/site-packages/airflow/example_dags/example_latest_only.py
[2026-03-01T08:08:46.937+0000] {processor.py:840} INFO - DAG(s) 'latest_only' retrieved from /home/airflow/.local/lib/python3.8/site-packages/airflow/example_dags/example_latest_only.py
[2026-03-01T08:08:46.952+0000] {logging_mixin.py:188} INFO - [2026-03-01T08:08:46.951+0000] {dag.py:3036} INFO - Sync 1 DAGs
[2026-03-01T08:08:46.967+0000] {logging_mixin.py:188} INFO - [2026-03-01T08:08:46.967+0000] {dag.py:3823} INFO - Setting next_dagrun for latest_only to 2026-03-01 04:00:00+00:00, run_after=2026-03-01 08:00:00+00:00
[2026-03-01T08:08:46.979+0000] {processor.py:183} INFO - Processing /home/airflow/.local/lib/python3.8/site-packages/airflow/example_dags/example_latest_only.py took 0.052 seconds
[2026-03-01T08:09:17.452+0000] {processor.py:161} INFO - Started process (PID=223) to work on /home/airflow/.local/lib/python3.8/site-packages/airflow/example_dags/example_latest_only.py
[2026-03-01T08:09:17.453+0000] {processor.py:830} INFO - Processing file /home/airflow/.local/lib/python3.8/site-packages/airflow/example_dags/example_latest_only.py for tasks to queue
[2026-03-01T08:09:17.455+0000] {logging_mixin.py:188} INFO - [2026-03-01T08:09:17.454+0000] {dagbag.py:538} INFO - Filling up the DagBag from /home/airflow/.local/lib/python3.8/site-packages/airflow/example_dags/example_latest_only.py
[2026-03-01T08:09:17.458+0000] {processor.py:840} INFO - DAG(s) 'latest_only' retrieved from /home/airflow/.local/lib/python3.8/site-packages/airflow/example_dags/example_latest_only.py
[2026-03-01T08:09:17.473+0000] {logging_mixin.py:188} INFO - [2026-03-01T08:09:17.473+0000] {dag.py:3036} INFO - Sync 1 DAGs
[2026-03-01T08:09:17.487+0000] {logging_mixin.py:188} INFO - [2026-03-01T08:09:17.486+0000] {dag.py:3823} INFO - Setting next_dagrun for latest_only to 2026-03-01 04:00:00+00:00, run_after=2026-03-01 08:00:00+00:00
[2026-03-01T08:09:17.499+0000] {processor.py:183} INFO - Processing /home/airflow/.local/lib/python3.8/site-packages/airflow/example_dags/example_latest_only.py took 0.049 seconds
[2026-03-01T08:09:47.710+0000] {processor.py:161} INFO - Started process (PID=278) to work on /home/airflow/.local/lib/python3.8/site-packages/airflow/example_dags/example_latest_only.py
[2026-03-01T08:09:47.711+0000] {processor.py:830} INFO - Processing file /home/airflow/.local/lib/python3.8/site-packages/airflow/example_dags/example_latest_only.py for tasks to queue
[2026-03-01T08:09:47.713+0000] {logging_mixin.py:188} INFO - [2026-03-01T08:09:47.713+0000] {dagbag.py:538} INFO - Filling up the DagBag from /home/airflow/.local/lib/python3.8/site-packages/airflow/example_dags/example_latest_only.py
[2026-03-01T08:09:47.717+0000] {processor.py:840} INFO - DAG(s) 'latest_only' retrieved from /home/airflow/.local/lib/python3.8/site-packages/airflow/example_dags/example_latest_only.py
[2026-03-01T08:09:47.731+0000] {logging_mixin.py:188} INFO - [2026-03-01T08:09:47.731+0000] {dag.py:3036} INFO - Sync 1 DAGs
[2026-03-01T08:09:47.745+0000] {logging_mixin.py:188} INFO - [2026-03-01T08:09:47.744+0000] {dag.py:3823} INFO - Setting next_dagrun for latest_only to 2026-03-01 04:00:00+00:00, run_after=2026-03-01 08:00:00+00:00
[2026-03-01T08:09:47.766+0000] {processor.py:183} INFO - Processing /home/airflow/.local/lib/python3.8/site-packages/airflow/example_dags/example_latest_only.py took 0.058 seconds
[2026-03-01T08:10:18.297+0000] {processor.py:161} INFO - Started process (PID=333) to work on /home/airflow/.local/lib/python3.8/site-packages/airflow/example_dags/example_latest_only.py
[2026-03-01T08:10:18.298+0000] {processor.py:830} INFO - Processing file /home/airflow/.local/lib/python3.8/site-packages/airflow/example_dags/example_latest_only.py for tasks to queue
[2026-03-01T08:10:18.299+0000] {logging_mixin.py:188} INFO - [2026-03-01T08:10:18.299+0000] {dagbag.py:538} INFO - Filling up the DagBag from /home/airflow/.local/lib/python3.8/site-packages/airflow/example_dags/example_latest_only.py
[2026-03-01T08:10:18.304+0000] {processor.py:840} INFO - DAG(s) 'latest_only' retrieved from /home/airflow/.local/lib/python3.8/site-packages/airflow/example_dags/example_latest_only.py
[2026-03-01T08:10:18.319+0000] {logging_mixin.py:188} INFO - [2026-03-01T08:10:18.318+0000] {dag.py:3036} INFO - Sync 1 DAGs
[2026-03-01T08:10:18.331+0000] {logging_mixin.py:188} INFO - [2026-03-01T08:10:18.331+0000] {dag.py:3823} INFO - Setting next_dagrun for latest_only to 2026-03-01 04:00:00+00:00, run_after=2026-03-01 08:00:00+00:00
[2026-03-01T08:10:18.343+0000] {processor.py:183} INFO - Processing /home/airflow/.local/lib/python3.8/site-packages/airflow/example_dags/example_latest_only.py took 0.048 seconds
[2026-03-01T08:10:48.724+0000] {processor.py:161} INFO - Started process (PID=388) to work on /home/airflow/.local/lib/python3.8/site-packages/airflow/example_dags/example_latest_only.py
[2026-03-01T08:10:48.726+0000] {processor.py:830} INFO - Processing file /home/airflow/.local/lib/python3.8/site-packages/airflow/example_dags/example_latest_only.py for tasks to queue
[2026-03-01T08:10:48.727+0000] {logging_mixin.py:188} INFO - [2026-03-01T08:10:48.727+0000] {dagbag.py:538} INFO - Filling up the DagBag from /home/airflow/.local/lib/python3.8/site-packages/airflow/example_dags/example_latest_only.py
[2026-03-01T08:10:48.731+0000] {processor.py:840} INFO - DAG(s) 'latest_only' retrieved from /home/airflow/.local/lib/python3.8/site-packages/airflow/example_dags/example_latest_only.py
[2026-03-01T08:10:48.747+0000] {logging_mixin.py:188} INFO - [2026-03-01T08:10:48.747+0000] {dag.py:3036} INFO - Sync 1 DAGs
[2026-03-01T08:10:48.761+0000] {logging_mixin.py:188} INFO - [2026-03-01T08:10:48.761+0000] {dag.py:3823} INFO - Setting next_dagrun for latest_only to 2026-03-01 04:00:00+00:00, run_after=2026-03-01 08:00:00+00:00
[2026-03-01T08:10:48.784+0000] {processor.py:183} INFO - Processing /home/airflow/.local/lib/python3.8/site-packages/airflow/example_dags/example_latest_only.py took 0.062 seconds
[2026-03-01T08:11:19.202+0000] {processor.py:161} INFO - Started process (PID=449) to work on /home/airflow/.local/lib/python3.8/site-packages/airflow/example_dags/example_latest_only.py
[2026-03-01T08:11:19.203+0000] {processor.py:830} INFO - Processing file /home/airflow/.local/lib/python3.8/site-packages/airflow/example_dags/example_latest_only.py for tasks to queue
[2026-03-01T08:11:19.205+0000] {logging_mixin.py:188} INFO - [2026-03-01T08:11:19.205+0000] {dagbag.py:538} INFO - Filling up the DagBag from /home/airflow/.local/lib/python3.8/site-packages/airflow/example_dags/example_latest_only.py
[2026-03-01T08:11:19.209+0000] {processor.py:840} INFO - DAG(s) 'latest_only' retrieved from /home/airflow/.local/lib/python3.8/site-packages/airflow/example_dags/example_latest_only.py
[2026-03-01T08:11:19.225+0000] {logging_mixin.py:188} INFO - [2026-03-01T08:11:19.224+0000] {dag.py:3036} INFO - Sync 1 DAGs
[2026-03-01T08:11:19.239+0000] {logging_mixin.py:188} INFO - [2026-03-01T08:11:19.239+0000] {dag.py:3823} INFO - Setting next_dagrun for latest_only to 2026-03-01 04:00:00+00:00, run_after=2026-03-01 08:00:00+00:00
[2026-03-01T08:11:19.252+0000] {processor.py:183} INFO - Processing /home/airflow/.local/lib/python3.8/site-packages/airflow/example_dags/example_latest_only.py took 0.053 seconds
[2026-03-01T08:11:49.641+0000] {processor.py:161} INFO - Started process (PID=504) to work on /home/airflow/.local/lib/python3.8/site-packages/airflow/example_dags/example_latest_only.py
[2026-03-01T08:11:49.643+0000] {processor.py:830} INFO - Processing file /home/airflow/.local/lib/python3.8/site-packages/airflow/example_dags/example_latest_only.py for tasks to queue
[2026-03-01T08:11:49.646+0000] {logging_mixin.py:188} INFO - [2026-03-01T08:11:49.645+0000] {dagbag.py:538} INFO - Filling up the DagBag from /home/airflow/.local/lib/python3.8/site-packages/airflow/example_dags/example_latest_only.py
[2026-03-01T08:11:49.650+0000] {processor.py:840} INFO - DAG(s) 'latest_only' retrieved from /home/airflow/.local/lib/python3.8/site-packages/airflow/example_dags/example_latest_only.py
[2026-03-01T08:11:49.667+0000] {logging_mixin.py:188} INFO - [2026-03-01T08:11:49.666+0000] {dag.py:3036} INFO - Sync 1 DAGs
[2026-03-01T08:11:49.683+0000] {logging_mixin.py:188} INFO - [2026-03-01T08:11:49.682+0000] {dag.py:3823} INFO - Setting next_dagrun for latest_only to 2026-03-01 04:00:00+00:00, run_after=2026-03-01 08:00:00+00:00
[2026-03-01T08:11:49.701+0000] {processor.py:183} INFO - Processing /home/airflow/.local/lib/python3.8/site-packages/airflow/example_dags/example_latest_only.py took 0.062 seconds
[2026-03-01T08:12:20.628+0000] {processor.py:161} INFO - Started process (PID=594) to work on /home/airflow/.local/lib/python3.8/site-packages/airflow/example_dags/example_latest_only.py
[2026-03-01T08:12:20.630+0000] {processor.py:830} INFO - Processing file /home/airflow/.local/lib/python3.8/site-packages/airflow/example_dags/example_latest_only.py for tasks to queue
[2026-03-01T08:12:20.631+0000] {logging_mixin.py:188} INFO - [2026-03-01T08:12:20.631+0000] {dagbag.py:538} INFO - Filling up the DagBag from /home/airflow/.local/lib/python3.8/site-packages/airflow/example_dags/example_latest_only.py
[2026-03-01T08:12:20.635+0000] {processor.py:840} INFO - DAG(s) 'latest_only' retrieved from /home/airflow/.local/lib/python3.8/site-packages/airflow/example_dags/example_latest_only.py
[2026-03-01T08:12:20.652+0000] {logging_mixin.py:188} INFO - [2026-03-01T08:12:20.652+0000] {dag.py:3036} INFO - Sync 1 DAGs
[2026-03-01T08:12:20.666+0000] {logging_mixin.py:188} INFO - [2026-03-01T08:12:20.666+0000] {dag.py:3823} INFO - Setting next_dagrun for latest_only to 2026-03-01 04:00:00+00:00, run_after=2026-03-01 08:00:00+00:00
[2026-03-01T08:12:20.679+0000] {processor.py:183} INFO - Processing /home/airflow/.local/lib/python3.8/site-packages/airflow/example_dags/example_latest_only.py took 0.053 seconds
[2026-03-01T08:12:50.852+0000] {processor.py:161} INFO - Started process (PID=648) to work on /home/airflow/.local/lib/python3.8/site-packages/airflow/example_dags/example_latest_only.py
[2026-03-01T08:12:50.853+0000] {processor.py:830} INFO - Processing file /home/airflow/.local/lib/python3.8/site-packages/airflow/example_dags/example_latest_only.py for tasks to queue
[2026-03-01T08:12:50.855+0000] {logging_mixin.py:188} INFO - [2026-03-01T08:12:50.855+0000] {dagbag.py:538} INFO - Filling up the DagBag from /home/airflow/.local/lib/python3.8/site-packages/airflow/example_dags/example_latest_only.py
[2026-03-01T08:12:50.858+0000] {processor.py:840} INFO - DAG(s) 'latest_only' retrieved from /home/airflow/.local/lib/python3.8/site-packages/airflow/example_dags/example_latest_only.py
[2026-03-01T08:12:50.871+0000] {logging_mixin.py:188} INFO - [2026-03-01T08:12:50.871+0000] {dag.py:3036} INFO - Sync 1 DAGs
[2026-03-01T08:12:50.884+0000] {logging_mixin.py:188} INFO - [2026-03-01T08:12:50.884+0000] {dag.py:3823} INFO - Setting next_dagrun for latest_only to 2026-03-01 04:00:00+00:00, run_after=2026-03-01 08:00:00+00:00
[2026-03-01T08:12:50.899+0000] {processor.py:183} INFO - Processing /home/airflow/.local/lib/python3.8/site-packages/airflow/example_dags/example_latest_only.py took 0.049 seconds
[2026-03-01T08:13:21.172+0000] {processor.py:161} INFO - Started process (PID=703) to work on /home/airflow/.local/lib/python3.8/site-packages/airflow/example_dags/example_latest_only.py
[2026-03-01T08:13:21.173+0000] {processor.py:830} INFO - Processing file /home/airflow/.local/lib/python3.8/site-packages/airflow/example_dags/example_latest_only.py for tasks to queue
[2026-03-01T08:13:21.174+0000] {logging_mixin.py:188} INFO - [2026-03-01T08:13:21.174+0000] {dagbag.py:538} INFO - Filling up the DagBag from /home/airflow/.local/lib/python3.8/site-packages/airflow/example_dags/example_latest_only.py
[2026-03-01T08:13:21.179+0000] {processor.py:840} INFO - DAG(s) 'latest_only' retrieved from /home/airflow/.local/lib/python3.8/site-packages/airflow/example_dags/example_latest_only.py
[2026-03-01T08:13:21.196+0000] {logging_mixin.py:188} INFO - [2026-03-01T08:13:21.195+0000] {dag.py:3036} INFO - Sync 1 DAGs
[2026-03-01T08:13:21.211+0000] {logging_mixin.py:188} INFO - [2026-03-01T08:13:21.210+0000] {dag.py:3823} INFO - Setting next_dagrun for latest_only to 2026-03-01 04:00:00+00:00, run_after=2026-03-01 08:00:00+00:00
[2026-03-01T08:13:21.224+0000] {processor.py:183} INFO - Processing /home/airflow/.local/lib/python3.8/site-packages/airflow/example_dags/example_latest_only.py took 0.055 seconds
[2026-03-01T08:13:51.301+0000] {processor.py:161} INFO - Started process (PID=781) to work on /home/airflow/.local/lib/python3.8/site-packages/airflow/example_dags/example_latest_only.py
[2026-03-01T08:13:51.302+0000] {processor.py:830} INFO - Processing file /home/airflow/.local/lib/python3.8/site-packages/airflow/example_dags/example_latest_only.py for tasks to queue
[2026-03-01T08:13:51.304+0000] {logging_mixin.py:188} INFO - [2026-03-01T08:13:51.304+0000] {dagbag.py:538} INFO - Filling up the DagBag from /home/airflow/.local/lib/python3.8/site-packages/airflow/example_dags/example_latest_only.py
[2026-03-01T08:13:51.309+0000] {processor.py:840} INFO - DAG(s) 'latest_only' retrieved from /home/airflow/.local/lib/python3.8/site-packages/airflow/example_dags/example_latest_only.py
[2026-03-01T08:13:51.326+0000] {logging_mixin.py:188} INFO - [2026-03-01T08:13:51.325+0000] {dag.py:3036} INFO - Sync 1 DAGs
[2026-03-01T08:13:51.341+0000] {logging_mixin.py:188} INFO - [2026-03-01T08:13:51.341+0000] {dag.py:3823} INFO - Setting next_dagrun for latest_only to 2026-03-01 04:00:00+00:00, run_after=2026-03-01 08:00:00+00:00
[2026-03-01T08:13:51.399+0000] {processor.py:183} INFO - Processing /home/airflow/.local/lib/python3.8/site-packages/airflow/example_dags/example_latest_only.py took 0.101 seconds
[2026-03-01T08:14:21.637+0000] {processor.py:161} INFO - Started process (PID=858) to work on /home/airflow/.local/lib/python3.8/site-packages/airflow/example_dags/example_latest_only.py
[2026-03-01T08:14:21.638+0000] {processor.py:830} INFO - Processing file /home/airflow/.local/lib/python3.8/site-packages/airflow/example_dags/example_latest_only.py for tasks to queue
[2026-03-01T08:14:21.639+0000] {logging_mixin.py:188} INFO - [2026-03-01T08:14:21.639+0000] {dagbag.py:538} INFO - Filling up the DagBag from /home/airflow/.local/lib/python3.8/site-packages/airflow/example_dags/example_latest_only.py
[2026-03-01T08:14:21.643+0000] {processor.py:840} INFO - DAG(s) 'latest_only' retrieved from /home/airflow/.local/lib/python3.8/site-packages/airflow/example_dags/example_latest_only.py
[2026-03-01T08:14:21.654+0000] {logging_mixin.py:188} INFO - [2026-03-01T08:14:21.653+0000] {dag.py:3036} INFO - Sync 1 DAGs
[2026-03-01T08:14:21.668+0000] {logging_mixin.py:188} INFO - [2026-03-01T08:14:21.668+0000] {dag.py:3823} INFO - Setting next_dagrun for latest_only to 2026-03-01 04:00:00+00:00, run_after=2026-03-01 08:00:00+00:00
[2026-03-01T08:14:21.683+0000] {processor.py:183} INFO - Processing /home/airflow/.local/lib/python3.8/site-packages/airflow/example_dags/example_latest_only.py took 0.049 seconds
[2026-03-01T08:14:51.831+0000] {processor.py:161} INFO - Started process (PID=913) to work on /home/airflow/.local/lib/python3.8/site-packages/airflow/example_dags/example_latest_only.py
[2026-03-01T08:14:51.833+0000] {processor.py:830} INFO - Processing file /home/airflow/.local/lib/python3.8/site-packages/airflow/example_dags/example_latest_only.py for tasks to queue
[2026-03-01T08:14:51.835+0000] {logging_mixin.py:188} INFO - [2026-03-01T08:14:51.834+0000] {dagbag.py:538} INFO - Filling up the DagBag from /home/airflow/.local/lib/python3.8/site-packages/airflow/example_dags/example_latest_only.py
[2026-03-01T08:14:51.838+0000] {processor.py:840} INFO - DAG(s) 'latest_only' retrieved from /home/airflow/.local/lib/python3.8/site-packages/airflow/example_dags/example_latest_only.py
[2026-03-01T08:14:51.900+0000] {logging_mixin.py:188} INFO - [2026-03-01T08:14:51.900+0000] {dag.py:3036} INFO - Sync 1 DAGs
[2026-03-01T08:14:51.912+0000] {logging_mixin.py:188} INFO - [2026-03-01T08:14:51.912+0000] {dag.py:3823} INFO - Setting next_dagrun for latest_only to 2026-03-01 04:00:00+00:00, run_after=2026-03-01 08:00:00+00:00
[2026-03-01T08:14:51.927+0000] {processor.py:183} INFO - Processing /home/airflow/.local/lib/python3.8/site-packages/airflow/example_dags/example_latest_only.py took 0.097 seconds
[2026-03-01T08:15:22.016+0000] {processor.py:161} INFO - Started process (PID=968) to work on /home/airflow/.local/lib/python3.8/site-packages/airflow/example_dags/example_latest_only.py
[2026-03-01T08:15:22.018+0000] {processor.py:830} INFO - Processing file /home/airflow/.local/lib/python3.8/site-packages/airflow/example_dags/example_latest_only.py for tasks to queue
[2026-03-01T08:15:22.020+0000] {logging_mixin.py:188} INFO - [2026-03-01T08:15:22.020+0000] {dagbag.py:538} INFO - Filling up the DagBag from /home/airflow/.local/lib/python3.8/site-packages/airflow/example_dags/example_latest_only.py
[2026-03-01T08:15:22.023+0000] {processor.py:840} INFO - DAG(s) 'latest_only' retrieved from /home/airflow/.local/lib/python3.8/site-packages/airflow/example_dags/example_latest_only.py
[2026-03-01T08:15:22.039+0000] {logging_mixin.py:188} INFO - [2026-03-01T08:15:22.039+0000] {dag.py:3036} INFO - Sync 1 DAGs
[2026-03-01T08:15:22.054+0000] {logging_mixin.py:188} INFO - [2026-03-01T08:15:22.054+0000] {dag.py:3823} INFO - Setting next_dagrun for latest_only to 2026-03-01 04:00:00+00:00, run_after=2026-03-01 08:00:00+00:00
[2026-03-01T08:15:22.073+0000] {processor.py:183} INFO - Processing /home/airflow/.local/lib/python3.8/site-packages/airflow/example_dags/example_latest_only.py took 0.059 seconds
[2026-03-01T08:15:52.226+0000] {processor.py:161} INFO - Started process (PID=1023) to work on /home/airflow/.local/lib/python3.8/site-packages/airflow/example_dags/example_latest_only.py
[2026-03-01T08:15:52.227+0000] {processor.py:830} INFO - Processing file /home/airflow/.local/lib/python3.8/site-packages/airflow/example_dags/example_latest_only.py for tasks to queue
[2026-03-01T08:15:52.229+0000] {logging_mixin.py:188} INFO - [2026-03-01T08:15:52.229+0000] {dagbag.py:538} INFO - Filling up the DagBag from /home/airflow/.local/lib/python3.8/site-packages/airflow/example_dags/example_latest_only.py
[2026-03-01T08:15:52.233+0000] {processor.py:840} INFO - DAG(s) 'latest_only' retrieved from /home/airflow/.local/lib/python3.8/site-packages/airflow/example_dags/example_latest_only.py
[2026-03-01T08:15:52.248+0000] {logging_mixin.py:188} INFO - [2026-03-01T08:15:52.248+0000] {dag.py:3036} INFO - Sync 1 DAGs
[2026-03-01T08:15:52.262+0000] {logging_mixin.py:188} INFO - [2026-03-01T08:15:52.262+0000] {dag.py:3823} INFO - Setting next_dagrun for latest_only to 2026-03-01 04:00:00+00:00, run_after=2026-03-01 08:00:00+00:00
[2026-03-01T08:15:52.285+0000] {processor.py:183} INFO - Processing /home/airflow/.local/lib/python3.8/site-packages/airflow/example_dags/example_latest_only.py took 0.061 seconds
[2026-03-01T08:16:22.524+0000] {processor.py:161} INFO - Started process (PID=1101) to work on /home/airflow/.local/lib/python3.8/site-packages/airflow/example_dags/example_latest_only.py
[2026-03-01T08:16:22.525+0000] {processor.py:830} INFO - Processing file /home/airflow/.local/lib/python3.8/site-packages/airflow/example_dags/example_latest_only.py for tasks to queue
[2026-03-01T08:16:22.527+0000] {logging_mixin.py:188} INFO - [2026-03-01T08:16:22.527+0000] {dagbag.py:538} INFO - Filling up the DagBag from /home/airflow/.local/lib/python3.8/site-packages/airflow/example_dags/example_latest_only.py
[2026-03-01T08:16:22.531+0000] {processor.py:840} INFO - DAG(s) 'latest_only' retrieved from /home/airflow/.local/lib/python3.8/site-packages/airflow/example_dags/example_latest_only.py
[2026-03-01T08:16:22.546+0000] {logging_mixin.py:188} INFO - [2026-03-01T08:16:22.546+0000] {dag.py:3036} INFO - Sync 1 DAGs
[2026-03-01T08:16:22.560+0000] {logging_mixin.py:188} INFO - [2026-03-01T08:16:22.560+0000] {dag.py:3823} INFO - Setting next_dagrun for latest_only to 2026-03-01 04:00:00+00:00, run_after=2026-03-01 08:00:00+00:00
[2026-03-01T08:16:22.582+0000] {processor.py:183} INFO - Processing /home/airflow/.local/lib/python3.8/site-packages/airflow/example_dags/example_latest_only.py took 0.060 seconds
[2026-03-01T08:16:52.841+0000] {processor.py:161} INFO - Started process (PID=1162) to work on /home/airflow/.local/lib/python3.8/site-packages/airflow/example_dags/example_latest_only.py
[2026-03-01T08:16:52.842+0000] {processor.py:830} INFO - Processing file /home/airflow/.local/lib/python3.8/site-packages/airflow/example_dags/example_latest_only.py for tasks to queue
[2026-03-01T08:16:52.844+0000] {logging_mixin.py:188} INFO - [2026-03-01T08:16:52.844+0000] {dagbag.py:538} INFO - Filling up the DagBag from /home/airflow/.local/lib/python3.8/site-packages/airflow/example_dags/example_latest_only.py
[2026-03-01T08:16:52.849+0000] {processor.py:840} INFO - DAG(s) 'latest_only' retrieved from /home/airflow/.local/lib/python3.8/site-packages/airflow/example_dags/example_latest_only.py
[2026-03-01T08:16:52.864+0000] {logging_mixin.py:188} INFO - [2026-03-01T08:16:52.864+0000] {dag.py:3036} INFO - Sync 1 DAGs
[2026-03-01T08:16:52.878+0000] {logging_mixin.py:188} INFO - [2026-03-01T08:16:52.878+0000] {dag.py:3823} INFO - Setting next_dagrun for latest_only to 2026-03-01 04:00:00+00:00, run_after=2026-03-01 08:00:00+00:00
[2026-03-01T08:16:52.892+0000] {processor.py:183} INFO - Processing /home/airflow/.local/lib/python3.8/site-packages/airflow/example_dags/example_latest_only.py took 0.054 seconds
[2026-03-01T08:17:23.189+0000] {processor.py:161} INFO - Started process (PID=1217) to work on /home/airflow/.local/lib/python3.8/site-packages/airflow/example_dags/example_latest_only.py
[2026-03-01T08:17:23.190+0000] {processor.py:830} INFO - Processing file /home/airflow/.local/lib/python3.8/site-packages/airflow/example_dags/example_latest_only.py for tasks to queue
[2026-03-01T08:17:23.192+0000] {logging_mixin.py:188} INFO - [2026-03-01T08:17:23.192+0000] {dagbag.py:538} INFO - Filling up the DagBag from /home/airflow/.local/lib/python3.8/site-packages/airflow/example_dags/example_latest_only.py
[2026-03-01T08:17:23.196+0000] {processor.py:840} INFO - DAG(s) 'latest_only' retrieved from /home/airflow/.local/lib/python3.8/site-packages/airflow/example_dags/example_latest_only.py
[2026-03-01T08:17:23.210+0000] {logging_mixin.py:188} INFO - [2026-03-01T08:17:23.210+0000] {dag.py:3036} INFO - Sync 1 DAGs
[2026-03-01T08:17:23.225+0000] {logging_mixin.py:188} INFO - [2026-03-01T08:17:23.225+0000] {dag.py:3823} INFO - Setting next_dagrun for latest_only to 2026-03-01 04:00:00+00:00, run_after=2026-03-01 08:00:00+00:00
[2026-03-01T08:17:23.236+0000] {processor.py:183} INFO - Processing /home/airflow/.local/lib/python3.8/site-packages/airflow/example_dags/example_latest_only.py took 0.049 seconds
[2026-03-01T08:17:53.405+0000] {processor.py:161} INFO - Started process (PID=1296) to work on /home/airflow/.local/lib/python3.8/site-packages/airflow/example_dags/example_latest_only.py
[2026-03-01T08:17:53.406+0000] {processor.py:830} INFO - Processing file /home/airflow/.local/lib/python3.8/site-packages/airflow/example_dags/example_latest_only.py for tasks to queue
[2026-03-01T08:17:53.408+0000] {logging_mixin.py:188} INFO - [2026-03-01T08:17:53.408+0000] {dagbag.py:538} INFO - Filling up the DagBag from /home/airflow/.local/lib/python3.8/site-packages/airflow/example_dags/example_latest_only.py
[2026-03-01T08:17:53.413+0000] {processor.py:840} INFO - DAG(s) 'latest_only' retrieved from /home/airflow/.local/lib/python3.8/site-packages/airflow/example_dags/example_latest_only.py
[2026-03-01T08:17:53.429+0000] {logging_mixin.py:188} INFO - [2026-03-01T08:17:53.428+0000] {dag.py:3036} INFO - Sync 1 DAGs
[2026-03-01T08:17:53.444+0000] {logging_mixin.py:188} INFO - [2026-03-01T08:17:53.444+0000] {dag.py:3823} INFO - Setting next_dagrun for latest_only to 2026-03-01 04:00:00+00:00, run_after=2026-03-01 08:00:00+00:00
[2026-03-01T08:17:53.458+0000] {processor.py:183} INFO - Processing /home/airflow/.local/lib/python3.8/site-packages/airflow/example_dags/example_latest_only.py took 0.055 seconds
[2026-03-01T08:18:23.878+0000] {processor.py:161} INFO - Started process (PID=1352) to work on /home/airflow/.local/lib/python3.8/site-packages/airflow/example_dags/example_latest_only.py
[2026-03-01T08:18:23.880+0000] {processor.py:830} INFO - Processing file /home/airflow/.local/lib/python3.8/site-packages/airflow/example_dags/example_latest_only.py for tasks to queue
[2026-03-01T08:18:23.881+0000] {logging_mixin.py:188} INFO - [2026-03-01T08:18:23.881+0000] {dagbag.py:538} INFO - Filling up the DagBag from /home/airflow/.local/lib/python3.8/site-packages/airflow/example_dags/example_latest_only.py
[2026-03-01T08:18:23.884+0000] {processor.py:840} INFO - DAG(s) 'latest_only' retrieved from /home/airflow/.local/lib/python3.8/site-packages/airflow/example_dags/example_latest_only.py
[2026-03-01T08:18:23.899+0000] {logging_mixin.py:188} INFO - [2026-03-01T08:18:23.899+0000] {dag.py:3036} INFO - Sync 1 DAGs
[2026-03-01T08:18:23.912+0000] {logging_mixin.py:188} INFO - [2026-03-01T08:18:23.912+0000] {dag.py:3823} INFO - Setting next_dagrun for latest_only to 2026-03-01 04:00:00+00:00, run_after=2026-03-01 08:00:00+00:00
[2026-03-01T08:18:23.936+0000] {processor.py:183} INFO - Processing /home/airflow/.local/lib/python3.8/site-packages/airflow/example_dags/example_latest_only.py took 0.060 seconds
[2026-03-01T08:18:54.295+0000] {processor.py:161} INFO - Started process (PID=1408) to work on /home/airflow/.local/lib/python3.8/site-packages/airflow/example_dags/example_latest_only.py
[2026-03-01T08:18:54.296+0000] {processor.py:830} INFO - Processing file /home/airflow/.local/lib/python3.8/site-packages/airflow/example_dags/example_latest_only.py for tasks to queue
[2026-03-01T08:18:54.298+0000] {logging_mixin.py:188} INFO - [2026-03-01T08:18:54.298+0000] {dagbag.py:538} INFO - Filling up the DagBag from /home/airflow/.local/lib/python3.8/site-packages/airflow/example_dags/example_latest_only.py
[2026-03-01T08:18:54.301+0000] {processor.py:840} INFO - DAG(s) 'latest_only' retrieved from /home/airflow/.local/lib/python3.8/site-packages/airflow/example_dags/example_latest_only.py
[2026-03-01T08:18:54.316+0000] {logging_mixin.py:188} INFO - [2026-03-01T08:18:54.316+0000] {dag.py:3036} INFO - Sync 1 DAGs
[2026-03-01T08:18:54.329+0000] {logging_mixin.py:188} INFO - [2026-03-01T08:18:54.329+0000] {dag.py:3823} INFO - Setting next_dagrun for latest_only to 2026-03-01 04:00:00+00:00, run_after=2026-03-01 08:00:00+00:00
[2026-03-01T08:18:54.344+0000] {processor.py:183} INFO - Processing /home/airflow/.local/lib/python3.8/site-packages/airflow/example_dags/example_latest_only.py took 0.051 seconds
[2026-03-01T08:19:24.555+0000] {processor.py:161} INFO - Started process (PID=1464) to work on /home/airflow/.local/lib/python3.8/site-packages/airflow/example_dags/example_latest_only.py
[2026-03-01T08:19:24.556+0000] {processor.py:830} INFO - Processing file /home/airflow/.local/lib/python3.8/site-packages/airflow/example_dags/example_latest_only.py for tasks to queue
[2026-03-01T08:19:24.558+0000] {logging_mixin.py:188} INFO - [2026-03-01T08:19:24.558+0000] {dagbag.py:538} INFO - Filling up the DagBag from /home/airflow/.local/lib/python3.8/site-packages/airflow/example_dags/example_latest_only.py
[2026-03-01T08:19:24.562+0000] {processor.py:840} INFO - DAG(s) 'latest_only' retrieved from /home/airflow/.local/lib/python3.8/site-packages/airflow/example_dags/example_latest_only.py
[2026-03-01T08:19:24.578+0000] {logging_mixin.py:188} INFO - [2026-03-01T08:19:24.578+0000] {dag.py:3036} INFO - Sync 1 DAGs
[2026-03-01T08:19:24.594+0000] {logging_mixin.py:188} INFO - [2026-03-01T08:19:24.593+0000] {dag.py:3823} INFO - Setting next_dagrun for latest_only to 2026-03-01 04:00:00+00:00, run_after=2026-03-01 08:00:00+00:00
[2026-03-01T08:19:24.611+0000] {processor.py:183} INFO - Processing /home/airflow/.local/lib/python3.8/site-packages/airflow/example_dags/example_latest_only.py took 0.058 seconds
[2026-03-01T08:19:54.702+0000] {processor.py:161} INFO - Started process (PID=1520) to work on /home/airflow/.local/lib/python3.8/site-packages/airflow/example_dags/example_latest_only.py
[2026-03-01T08:19:54.703+0000] {processor.py:830} INFO - Processing file /home/airflow/.local/lib/python3.8/site-packages/airflow/example_dags/example_latest_only.py for tasks to queue
[2026-03-01T08:19:54.705+0000] {logging_mixin.py:188} INFO - [2026-03-01T08:19:54.705+0000] {dagbag.py:538} INFO - Filling up the DagBag from /home/airflow/.local/lib/python3.8/site-packages/airflow/example_dags/example_latest_only.py
[2026-03-01T08:19:54.709+0000] {processor.py:840} INFO - DAG(s) 'latest_only' retrieved from /home/airflow/.local/lib/python3.8/site-packages/airflow/example_dags/example_latest_only.py
[2026-03-01T08:19:54.726+0000] {logging_mixin.py:188} INFO - [2026-03-01T08:19:54.726+0000] {dag.py:3036} INFO - Sync 1 DAGs
[2026-03-01T08:19:54.741+0000] {logging_mixin.py:188} INFO - [2026-03-01T08:19:54.741+0000] {dag.py:3823} INFO - Setting next_dagrun for latest_only to 2026-03-01 04:00:00+00:00, run_after=2026-03-01 08:00:00+00:00
[2026-03-01T08:19:54.754+0000] {processor.py:183} INFO - Processing /home/airflow/.local/lib/python3.8/site-packages/airflow/example_dags/example_latest_only.py took 0.055 seconds
[2026-03-01T08:20:25.081+0000] {processor.py:161} INFO - Started process (PID=1576) to work on /home/airflow/.local/lib/python3.8/site-packages/airflow/example_dags/example_latest_only.py
[2026-03-01T08:20:25.082+0000] {processor.py:830} INFO - Processing file /home/airflow/.local/lib/python3.8/site-packages/airflow/example_dags/example_latest_only.py for tasks to queue
[2026-03-01T08:20:25.084+0000] {logging_mixin.py:188} INFO - [2026-03-01T08:20:25.083+0000] {dagbag.py:538} INFO - Filling up the DagBag from /home/airflow/.local/lib/python3.8/site-packages/airflow/example_dags/example_latest_only.py
[2026-03-01T08:20:25.088+0000] {processor.py:840} INFO - DAG(s) 'latest_only' retrieved from /home/airflow/.local/lib/python3.8/site-packages/airflow/example_dags/example_latest_only.py
[2026-03-01T08:20:25.104+0000] {logging_mixin.py:188} INFO - [2026-03-01T08:20:25.104+0000] {dag.py:3036} INFO - Sync 1 DAGs
[2026-03-01T08:20:25.117+0000] {logging_mixin.py:188} INFO - [2026-03-01T08:20:25.117+0000] {dag.py:3823} INFO - Setting next_dagrun for latest_only to 2026-03-01 04:00:00+00:00, run_after=2026-03-01 08:00:00+00:00
[2026-03-01T08:20:25.129+0000] {processor.py:183} INFO - Processing /home/airflow/.local/lib/python3.8/site-packages/airflow/example_dags/example_latest_only.py took 0.051 seconds
[2026-03-01T08:20:55.224+0000] {processor.py:161} INFO - Started process (PID=1632) to work on /home/airflow/.local/lib/python3.8/site-packages/airflow/example_dags/example_latest_only.py
[2026-03-01T08:20:55.226+0000] {processor.py:830} INFO - Processing file /home/airflow/.local/lib/python3.8/site-packages/airflow/example_dags/example_latest_only.py for tasks to queue
[2026-03-01T08:20:55.227+0000] {logging_mixin.py:188} INFO - [2026-03-01T08:20:55.227+0000] {dagbag.py:538} INFO - Filling up the DagBag from /home/airflow/.local/lib/python3.8/site-packages/airflow/example_dags/example_latest_only.py
[2026-03-01T08:20:55.232+0000] {processor.py:840} INFO - DAG(s) 'latest_only' retrieved from /home/airflow/.local/lib/python3.8/site-packages/airflow/example_dags/example_latest_only.py
[2026-03-01T08:20:55.247+0000] {logging_mixin.py:188} INFO - [2026-03-01T08:20:55.246+0000] {dag.py:3036} INFO - Sync 1 DAGs
[2026-03-01T08:20:55.259+0000] {logging_mixin.py:188} INFO - [2026-03-01T08:20:55.259+0000] {dag.py:3823} INFO - Setting next_dagrun for latest_only to 2026-03-01 04:00:00+00:00, run_after=2026-03-01 08:00:00+00:00
[2026-03-01T08:20:55.272+0000] {processor.py:183} INFO - Processing /home/airflow/.local/lib/python3.8/site-packages/airflow/example_dags/example_latest_only.py took 0.050 seconds
[2026-03-01T08:21:25.471+0000] {processor.py:161} INFO - Started process (PID=1688) to work on /home/airflow/.local/lib/python3.8/site-packages/airflow/example_dags/example_latest_only.py
[2026-03-01T08:21:25.472+0000] {processor.py:830} INFO - Processing file /home/airflow/.local/lib/python3.8/site-packages/airflow/example_dags/example_latest_only.py for tasks to queue
[2026-03-01T08:21:25.473+0000] {logging_mixin.py:188} INFO - [2026-03-01T08:21:25.473+0000] {dagbag.py:538} INFO - Filling up the DagBag from /home/airflow/.local/lib/python3.8/site-packages/airflow/example_dags/example_latest_only.py
[2026-03-01T08:21:25.477+0000] {processor.py:840} INFO - DAG(s) 'latest_only' retrieved from /home/airflow/.local/lib/python3.8/site-packages/airflow/example_dags/example_latest_only.py
[2026-03-01T08:21:25.490+0000] {logging_mixin.py:188} INFO - [2026-03-01T08:21:25.490+0000] {dag.py:3036} INFO - Sync 1 DAGs
[2026-03-01T08:21:25.503+0000] {logging_mixin.py:188} INFO - [2026-03-01T08:21:25.503+0000] {dag.py:3823} INFO - Setting next_dagrun for latest_only to 2026-03-01 04:00:00+00:00, run_after=2026-03-01 08:00:00+00:00
[2026-03-01T08:21:25.514+0000] {processor.py:183} INFO - Processing /home/airflow/.local/lib/python3.8/site-packages/airflow/example_dags/example_latest_only.py took 0.046 seconds
[2026-03-01T08:21:55.831+0000] {processor.py:161} INFO - Started process (PID=1744) to work on /home/airflow/.local/lib/python3.8/site-packages/airflow/example_dags/example_latest_only.py
[2026-03-01T08:21:55.832+0000] {processor.py:830} INFO - Processing file /home/airflow/.local/lib/python3.8/site-packages/airflow/example_dags/example_latest_only.py for tasks to queue
[2026-03-01T08:21:55.833+0000] {logging_mixin.py:188} INFO - [2026-03-01T08:21:55.833+0000] {dagbag.py:538} INFO - Filling up the DagBag from /home/airflow/.local/lib/python3.8/site-packages/airflow/example_dags/example_latest_only.py
[2026-03-01T08:21:55.837+0000] {processor.py:840} INFO - DAG(s) 'latest_only' retrieved from /home/airflow/.local/lib/python3.8/site-packages/airflow/example_dags/example_latest_only.py
[2026-03-01T08:21:55.853+0000] {logging_mixin.py:188} INFO - [2026-03-01T08:21:55.853+0000] {dag.py:3036} INFO - Sync 1 DAGs
[2026-03-01T08:21:55.867+0000] {logging_mixin.py:188} INFO - [2026-03-01T08:21:55.867+0000] {dag.py:3823} INFO - Setting next_dagrun for latest_only to 2026-03-01 04:00:00+00:00, run_after=2026-03-01 08:00:00+00:00
[2026-03-01T08:21:55.879+0000] {processor.py:183} INFO - Processing /home/airflow/.local/lib/python3.8/site-packages/airflow/example_dags/example_latest_only.py took 0.050 seconds
[2026-03-01T08:22:26.174+0000] {processor.py:161} INFO - Started process (PID=1800) to work on /home/airflow/.local/lib/python3.8/site-packages/airflow/example_dags/example_latest_only.py
[2026-03-01T08:22:26.175+0000] {processor.py:830} INFO - Processing file /home/airflow/.local/lib/python3.8/site-packages/airflow/example_dags/example_latest_only.py for tasks to queue
[2026-03-01T08:22:26.177+0000] {logging_mixin.py:188} INFO - [2026-03-01T08:22:26.177+0000] {dagbag.py:538} INFO - Filling up the DagBag from /home/airflow/.local/lib/python3.8/site-packages/airflow/example_dags/example_latest_only.py
[2026-03-01T08:22:26.182+0000] {processor.py:840} INFO - DAG(s) 'latest_only' retrieved from /home/airflow/.local/lib/python3.8/site-packages/airflow/example_dags/example_latest_only.py
[2026-03-01T08:22:26.201+0000] {logging_mixin.py:188} INFO - [2026-03-01T08:22:26.201+0000] {dag.py:3036} INFO - Sync 1 DAGs
[2026-03-01T08:22:26.217+0000] {logging_mixin.py:188} INFO - [2026-03-01T08:22:26.217+0000] {dag.py:3823} INFO - Setting next_dagrun for latest_only to 2026-03-01 04:00:00+00:00, run_after=2026-03-01 08:00:00+00:00
[2026-03-01T08:22:26.231+0000] {processor.py:183} INFO - Processing /home/airflow/.local/lib/python3.8/site-packages/airflow/example_dags/example_latest_only.py took 0.060 seconds
[2026-03-01T08:22:56.555+0000] {processor.py:161} INFO - Started process (PID=1856) to work on /home/airflow/.local/lib/python3.8/site-packages/airflow/example_dags/example_latest_only.py
[2026-03-01T08:22:56.556+0000] {processor.py:830} INFO - Processing file /home/airflow/.local/lib/python3.8/site-packages/airflow/example_dags/example_latest_only.py for tasks to queue
[2026-03-01T08:22:56.558+0000] {logging_mixin.py:188} INFO - [2026-03-01T08:22:56.558+0000] {dagbag.py:538} INFO - Filling up the DagBag from /home/airflow/.local/lib/python3.8/site-packages/airflow/example_dags/example_latest_only.py
[2026-03-01T08:22:56.561+0000] {processor.py:840} INFO - DAG(s) 'latest_only' retrieved from /home/airflow/.local/lib/python3.8/site-packages/airflow/example_dags/example_latest_only.py
[2026-03-01T08:22:56.576+0000] {logging_mixin.py:188} INFO - [2026-03-01T08:22:56.576+0000] {dag.py:3036} INFO - Sync 1 DAGs
[2026-03-01T08:22:56.589+0000] {logging_mixin.py:188} INFO - [2026-03-01T08:22:56.589+0000] {dag.py:3823} INFO - Setting next_dagrun for latest_only to 2026-03-01 04:00:00+00:00, run_after=2026-03-01 08:00:00+00:00
[2026-03-01T08:22:56.601+0000] {processor.py:183} INFO - Processing /home/airflow/.local/lib/python3.8/site-packages/airflow/example_dags/example_latest_only.py took 0.048 seconds
[2026-03-01T08:23:26.724+0000] {processor.py:161} INFO - Started process (PID=1912) to work on /home/airflow/.local/lib/python3.8/site-packages/airflow/example_dags/example_latest_only.py
[2026-03-01T08:23:26.725+0000] {processor.py:830} INFO - Processing file /home/airflow/.local/lib/python3.8/site-packages/airflow/example_dags/example_latest_only.py for tasks to queue
[2026-03-01T08:23:26.727+0000] {logging_mixin.py:188} INFO - [2026-03-01T08:23:26.727+0000] {dagbag.py:538} INFO - Filling up the DagBag from /home/airflow/.local/lib/python3.8/site-packages/airflow/example_dags/example_latest_only.py
[2026-03-01T08:23:26.731+0000] {processor.py:840} INFO - DAG(s) 'latest_only' retrieved from /home/airflow/.local/lib/python3.8/site-packages/airflow/example_dags/example_latest_only.py
[2026-03-01T08:23:26.746+0000] {logging_mixin.py:188} INFO - [2026-03-01T08:23:26.746+0000] {dag.py:3036} INFO - Sync 1 DAGs
[2026-03-01T08:23:26.759+0000] {logging_mixin.py:188} INFO - [2026-03-01T08:23:26.759+0000] {dag.py:3823} INFO - Setting next_dagrun for latest_only to 2026-03-01 04:00:00+00:00, run_after=2026-03-01 08:00:00+00:00
[2026-03-01T08:23:26.772+0000] {processor.py:183} INFO - Processing /home/airflow/.local/lib/python3.8/site-packages/airflow/example_dags/example_latest_only.py took 0.050 seconds
[2026-03-01T08:23:57.109+0000] {processor.py:161} INFO - Started process (PID=1968) to work on /home/airflow/.local/lib/python3.8/site-packages/airflow/example_dags/example_latest_only.py
[2026-03-01T08:23:57.110+0000] {processor.py:830} INFO - Processing file /home/airflow/.local/lib/python3.8/site-packages/airflow/example_dags/example_latest_only.py for tasks to queue
[2026-03-01T08:23:57.112+0000] {logging_mixin.py:188} INFO - [2026-03-01T08:23:57.112+0000] {dagbag.py:538} INFO - Filling up the DagBag from /home/airflow/.local/lib/python3.8/site-packages/airflow/example_dags/example_latest_only.py
[2026-03-01T08:23:57.115+0000] {processor.py:840} INFO - DAG(s) 'latest_only' retrieved from /home/airflow/.local/lib/python3.8/site-packages/airflow/example_dags/example_latest_only.py
[2026-03-01T08:23:57.129+0000] {logging_mixin.py:188} INFO - [2026-03-01T08:23:57.129+0000] {dag.py:3036} INFO - Sync 1 DAGs
[2026-03-01T08:23:57.142+0000] {logging_mixin.py:188} INFO - [2026-03-01T08:23:57.142+0000] {dag.py:3823} INFO - Setting next_dagrun for latest_only to 2026-03-01 04:00:00+00:00, run_after=2026-03-01 08:00:00+00:00
[2026-03-01T08:23:57.153+0000] {processor.py:183} INFO - Processing /home/airflow/.local/lib/python3.8/site-packages/airflow/example_dags/example_latest_only.py took 0.046 seconds
[2026-03-01T08:24:27.271+0000] {processor.py:161} INFO - Started process (PID=2024) to work on /home/airflow/.local/lib/python3.8/site-packages/airflow/example_dags/example_latest_only.py
[2026-03-01T08:24:27.272+0000] {processor.py:830} INFO - Processing file /home/airflow/.local/lib/python3.8/site-packages/airflow/example_dags/example_latest_only.py for tasks to queue
[2026-03-01T08:24:27.273+0000] {logging_mixin.py:188} INFO - [2026-03-01T08:24:27.273+0000] {dagbag.py:538} INFO - Filling up the DagBag from /home/airflow/.local/lib/python3.8/site-packages/airflow/example_dags/example_latest_only.py
[2026-03-01T08:24:27.279+0000] {processor.py:840} INFO - DAG(s) 'latest_only' retrieved from /home/airflow/.local/lib/python3.8/site-packages/airflow/example_dags/example_latest_only.py
[2026-03-01T08:24:27.294+0000] {logging_mixin.py:188} INFO - [2026-03-01T08:24:27.293+0000] {dag.py:3036} INFO - Sync 1 DAGs
[2026-03-01T08:24:27.306+0000] {logging_mixin.py:188} INFO - [2026-03-01T08:24:27.306+0000] {dag.py:3823} INFO - Setting next_dagrun for latest_only to 2026-03-01 04:00:00+00:00, run_after=2026-03-01 08:00:00+00:00
[2026-03-01T08:24:27.320+0000] {processor.py:183} INFO - Processing /home/airflow/.local/lib/python3.8/site-packages/airflow/example_dags/example_latest_only.py took 0.052 seconds
[2026-03-01T08:24:57.574+0000] {processor.py:161} INFO - Started process (PID=2084) to work on /home/airflow/.local/lib/python3.8/site-packages/airflow/example_dags/example_latest_only.py
[2026-03-01T08:24:57.575+0000] {processor.py:830} INFO - Processing file /home/airflow/.local/lib/python3.8/site-packages/airflow/example_dags/example_latest_only.py for tasks to queue
[2026-03-01T08:24:57.576+0000] {logging_mixin.py:188} INFO - [2026-03-01T08:24:57.576+0000] {dagbag.py:538} INFO - Filling up the DagBag from /home/airflow/.local/lib/python3.8/site-packages/airflow/example_dags/example_latest_only.py
[2026-03-01T08:24:57.580+0000] {processor.py:840} INFO - DAG(s) 'latest_only' retrieved from /home/airflow/.local/lib/python3.8/site-packages/airflow/example_dags/example_latest_only.py
[2026-03-01T08:24:57.595+0000] {logging_mixin.py:188} INFO - [2026-03-01T08:24:57.595+0000] {dag.py:3036} INFO - Sync 1 DAGs
[2026-03-01T08:24:57.609+0000] {logging_mixin.py:188} INFO - [2026-03-01T08:24:57.609+0000] {dag.py:3823} INFO - Setting next_dagrun for latest_only to 2026-03-01 04:00:00+00:00, run_after=2026-03-01 08:00:00+00:00
[2026-03-01T08:24:57.621+0000] {processor.py:183} INFO - Processing /home/airflow/.local/lib/python3.8/site-packages/airflow/example_dags/example_latest_only.py took 0.050 seconds
[2026-03-01T08:25:27.937+0000] {processor.py:161} INFO - Started process (PID=2140) to work on /home/airflow/.local/lib/python3.8/site-packages/airflow/example_dags/example_latest_only.py
[2026-03-01T08:25:27.938+0000] {processor.py:830} INFO - Processing file /home/airflow/.local/lib/python3.8/site-packages/airflow/example_dags/example_latest_only.py for tasks to queue
[2026-03-01T08:25:27.939+0000] {logging_mixin.py:188} INFO - [2026-03-01T08:25:27.939+0000] {dagbag.py:538} INFO - Filling up the DagBag from /home/airflow/.local/lib/python3.8/site-packages/airflow/example_dags/example_latest_only.py
[2026-03-01T08:25:27.943+0000] {processor.py:840} INFO - DAG(s) 'latest_only' retrieved from /home/airflow/.local/lib/python3.8/site-packages/airflow/example_dags/example_latest_only.py
[2026-03-01T08:25:27.957+0000] {logging_mixin.py:188} INFO - [2026-03-01T08:25:27.956+0000] {dag.py:3036} INFO - Sync 1 DAGs
[2026-03-01T08:25:27.969+0000] {logging_mixin.py:188} INFO - [2026-03-01T08:25:27.969+0000] {dag.py:3823} INFO - Setting next_dagrun for latest_only to 2026-03-01 04:00:00+00:00, run_after=2026-03-01 08:00:00+00:00
[2026-03-01T08:25:27.984+0000] {processor.py:183} INFO - Processing /home/airflow/.local/lib/python3.8/site-packages/airflow/example_dags/example_latest_only.py took 0.049 seconds
[2026-03-01T08:25:58.069+0000] {processor.py:161} INFO - Started process (PID=2196) to work on /home/airflow/.local/lib/python3.8/site-packages/airflow/example_dags/example_latest_only.py
[2026-03-01T08:25:58.070+0000] {processor.py:830} INFO - Processing file /home/airflow/.local/lib/python3.8/site-packages/airflow/example_dags/example_latest_only.py for tasks to queue
[2026-03-01T08:25:58.071+0000] {logging_mixin.py:188} INFO - [2026-03-01T08:25:58.071+0000] {dagbag.py:538} INFO - Filling up the DagBag from /home/airflow/.local/lib/python3.8/site-packages/airflow/example_dags/example_latest_only.py
[2026-03-01T08:25:58.075+0000] {processor.py:840} INFO - DAG(s) 'latest_only' retrieved from /home/airflow/.local/lib/python3.8/site-packages/airflow/example_dags/example_latest_only.py
[2026-03-01T08:25:58.089+0000] {logging_mixin.py:188} INFO - [2026-03-01T08:25:58.089+0000] {dag.py:3036} INFO - Sync 1 DAGs
[2026-03-01T08:25:58.104+0000] {logging_mixin.py:188} INFO - [2026-03-01T08:25:58.104+0000] {dag.py:3823} INFO - Setting next_dagrun for latest_only to 2026-03-01 04:00:00+00:00, run_after=2026-03-01 08:00:00+00:00
[2026-03-01T08:25:58.119+0000] {processor.py:183} INFO - Processing /home/airflow/.local/lib/python3.8/site-packages/airflow/example_dags/example_latest_only.py took 0.052 seconds
[2026-03-01T08:26:28.543+0000] {processor.py:161} INFO - Started process (PID=2252) to work on /home/airflow/.local/lib/python3.8/site-packages/airflow/example_dags/example_latest_only.py
[2026-03-01T08:26:28.544+0000] {processor.py:830} INFO - Processing file /home/airflow/.local/lib/python3.8/site-packages/airflow/example_dags/example_latest_only.py for tasks to queue
[2026-03-01T08:26:28.546+0000] {logging_mixin.py:188} INFO - [2026-03-01T08:26:28.545+0000] {dagbag.py:538} INFO - Filling up the DagBag from /home/airflow/.local/lib/python3.8/site-packages/airflow/example_dags/example_latest_only.py
[2026-03-01T08:26:28.550+0000] {processor.py:840} INFO - DAG(s) 'latest_only' retrieved from /home/airflow/.local/lib/python3.8/site-packages/airflow/example_dags/example_latest_only.py
[2026-03-01T08:26:28.565+0000] {logging_mixin.py:188} INFO - [2026-03-01T08:26:28.565+0000] {dag.py:3036} INFO - Sync 1 DAGs
[2026-03-01T08:26:28.578+0000] {logging_mixin.py:188} INFO - [2026-03-01T08:26:28.578+0000] {dag.py:3823} INFO - Setting next_dagrun for latest_only to 2026-03-01 04:00:00+00:00, run_after=2026-03-01 08:00:00+00:00
[2026-03-01T08:26:28.591+0000] {processor.py:183} INFO - Processing /home/airflow/.local/lib/python3.8/site-packages/airflow/example_dags/example_latest_only.py took 0.051 seconds
[2026-03-01T08:26:58.859+0000] {processor.py:161} INFO - Started process (PID=2308) to work on /home/airflow/.local/lib/python3.8/site-packages/airflow/example_dags/example_latest_only.py
[2026-03-01T08:26:58.860+0000] {processor.py:830} INFO - Processing file /home/airflow/.local/lib/python3.8/site-packages/airflow/example_dags/example_latest_only.py for tasks to queue
[2026-03-01T08:26:58.862+0000] {logging_mixin.py:188} INFO - [2026-03-01T08:26:58.862+0000] {dagbag.py:538} INFO - Filling up the DagBag from /home/airflow/.local/lib/python3.8/site-packages/airflow/example_dags/example_latest_only.py
[2026-03-01T08:26:58.867+0000] {processor.py:840} INFO - DAG(s) 'latest_only' retrieved from /home/airflow/.local/lib/python3.8/site-packages/airflow/example_dags/example_latest_only.py
[2026-03-01T08:26:58.881+0000] {logging_mixin.py:188} INFO - [2026-03-01T08:26:58.880+0000] {dag.py:3036} INFO - Sync 1 DAGs
[2026-03-01T08:26:58.894+0000] {logging_mixin.py:188} INFO - [2026-03-01T08:26:58.894+0000] {dag.py:3823} INFO - Setting next_dagrun for latest_only to 2026-03-01 04:00:00+00:00, run_after=2026-03-01 08:00:00+00:00
[2026-03-01T08:26:58.906+0000] {processor.py:183} INFO - Processing /home/airflow/.local/lib/python3.8/site-packages/airflow/example_dags/example_latest_only.py took 0.049 seconds
[2026-03-01T08:27:29.044+0000] {processor.py:161} INFO - Started process (PID=2363) to work on /home/airflow/.local/lib/python3.8/site-packages/airflow/example_dags/example_latest_only.py
[2026-03-01T08:27:29.046+0000] {processor.py:830} INFO - Processing file /home/airflow/.local/lib/python3.8/site-packages/airflow/example_dags/example_latest_only.py for tasks to queue
[2026-03-01T08:27:29.047+0000] {logging_mixin.py:188} INFO - [2026-03-01T08:27:29.047+0000] {dagbag.py:538} INFO - Filling up the DagBag from /home/airflow/.local/lib/python3.8/site-packages/airflow/example_dags/example_latest_only.py
[2026-03-01T08:27:29.052+0000] {processor.py:840} INFO - DAG(s) 'latest_only' retrieved from /home/airflow/.local/lib/python3.8/site-packages/airflow/example_dags/example_latest_only.py
[2026-03-01T08:27:29.070+0000] {logging_mixin.py:188} INFO - [2026-03-01T08:27:29.070+0000] {dag.py:3036} INFO - Sync 1 DAGs
[2026-03-01T08:27:29.086+0000] {logging_mixin.py:188} INFO - [2026-03-01T08:27:29.085+0000] {dag.py:3823} INFO - Setting next_dagrun for latest_only to 2026-03-01 04:00:00+00:00, run_after=2026-03-01 08:00:00+00:00
[2026-03-01T08:27:29.100+0000] {processor.py:183} INFO - Processing /home/airflow/.local/lib/python3.8/site-packages/airflow/example_dags/example_latest_only.py took 0.058 seconds
[2026-03-01T08:27:59.375+0000] {processor.py:161} INFO - Started process (PID=2418) to work on /home/airflow/.local/lib/python3.8/site-packages/airflow/example_dags/example_latest_only.py
[2026-03-01T08:27:59.377+0000] {processor.py:830} INFO - Processing file /home/airflow/.local/lib/python3.8/site-packages/airflow/example_dags/example_latest_only.py for tasks to queue
[2026-03-01T08:27:59.378+0000] {logging_mixin.py:188} INFO - [2026-03-01T08:27:59.378+0000] {dagbag.py:538} INFO - Filling up the DagBag from /home/airflow/.local/lib/python3.8/site-packages/airflow/example_dags/example_latest_only.py
[2026-03-01T08:27:59.382+0000] {processor.py:840} INFO - DAG(s) 'latest_only' retrieved from /home/airflow/.local/lib/python3.8/site-packages/airflow/example_dags/example_latest_only.py
[2026-03-01T08:27:59.398+0000] {logging_mixin.py:188} INFO - [2026-03-01T08:27:59.398+0000] {dag.py:3036} INFO - Sync 1 DAGs
[2026-03-01T08:27:59.413+0000] {logging_mixin.py:188} INFO - [2026-03-01T08:27:59.413+0000] {dag.py:3823} INFO - Setting next_dagrun for latest_only to 2026-03-01 04:00:00+00:00, run_after=2026-03-01 08:00:00+00:00
[2026-03-01T08:27:59.430+0000] {processor.py:183} INFO - Processing /home/airflow/.local/lib/python3.8/site-packages/airflow/example_dags/example_latest_only.py took 0.057 seconds
[2026-03-01T08:28:29.575+0000] {processor.py:161} INFO - Started process (PID=2473) to work on /home/airflow/.local/lib/python3.8/site-packages/airflow/example_dags/example_latest_only.py
[2026-03-01T08:28:29.576+0000] {processor.py:830} INFO - Processing file /home/airflow/.local/lib/python3.8/site-packages/airflow/example_dags/example_latest_only.py for tasks to queue
[2026-03-01T08:28:29.577+0000] {logging_mixin.py:188} INFO - [2026-03-01T08:28:29.577+0000] {dagbag.py:538} INFO - Filling up the DagBag from /home/airflow/.local/lib/python3.8/site-packages/airflow/example_dags/example_latest_only.py
[2026-03-01T08:28:29.580+0000] {processor.py:840} INFO - DAG(s) 'latest_only' retrieved from /home/airflow/.local/lib/python3.8/site-packages/airflow/example_dags/example_latest_only.py
[2026-03-01T08:28:29.595+0000] {logging_mixin.py:188} INFO - [2026-03-01T08:28:29.595+0000] {dag.py:3036} INFO - Sync 1 DAGs
[2026-03-01T08:28:29.610+0000] {logging_mixin.py:188} INFO - [2026-03-01T08:28:29.610+0000] {dag.py:3823} INFO - Setting next_dagrun for latest_only to 2026-03-01 04:00:00+00:00, run_after=2026-03-01 08:00:00+00:00
[2026-03-01T08:28:29.625+0000] {processor.py:183} INFO - Processing /home/airflow/.local/lib/python3.8/site-packages/airflow/example_dags/example_latest_only.py took 0.053 seconds
[2026-03-01T08:28:59.937+0000] {processor.py:161} INFO - Started process (PID=2529) to work on /home/airflow/.local/lib/python3.8/site-packages/airflow/example_dags/example_latest_only.py
[2026-03-01T08:28:59.938+0000] {processor.py:830} INFO - Processing file /home/airflow/.local/lib/python3.8/site-packages/airflow/example_dags/example_latest_only.py for tasks to queue
[2026-03-01T08:28:59.940+0000] {logging_mixin.py:188} INFO - [2026-03-01T08:28:59.940+0000] {dagbag.py:538} INFO - Filling up the DagBag from /home/airflow/.local/lib/python3.8/site-packages/airflow/example_dags/example_latest_only.py
[2026-03-01T08:28:59.943+0000] {processor.py:840} INFO - DAG(s) 'latest_only' retrieved from /home/airflow/.local/lib/python3.8/site-packages/airflow/example_dags/example_latest_only.py
[2026-03-01T08:28:59.957+0000] {logging_mixin.py:188} INFO - [2026-03-01T08:28:59.957+0000] {dag.py:3036} INFO - Sync 1 DAGs
[2026-03-01T08:28:59.969+0000] {logging_mixin.py:188} INFO - [2026-03-01T08:28:59.969+0000] {dag.py:3823} INFO - Setting next_dagrun for latest_only to 2026-03-01 04:00:00+00:00, run_after=2026-03-01 08:00:00+00:00
[2026-03-01T08:28:59.983+0000] {processor.py:183} INFO - Processing /home/airflow/.local/lib/python3.8/site-packages/airflow/example_dags/example_latest_only.py took 0.047 seconds
[2026-03-01T08:29:30.368+0000] {processor.py:161} INFO - Started process (PID=2585) to work on /home/airflow/.local/lib/python3.8/site-packages/airflow/example_dags/example_latest_only.py
[2026-03-01T08:29:30.369+0000] {processor.py:830} INFO - Processing file /home/airflow/.local/lib/python3.8/site-packages/airflow/example_dags/example_latest_only.py for tasks to queue
[2026-03-01T08:29:30.370+0000] {logging_mixin.py:188} INFO - [2026-03-01T08:29:30.370+0000] {dagbag.py:538} INFO - Filling up the DagBag from /home/airflow/.local/lib/python3.8/site-packages/airflow/example_dags/example_latest_only.py
[2026-03-01T08:29:30.374+0000] {processor.py:840} INFO - DAG(s) 'latest_only' retrieved from /home/airflow/.local/lib/python3.8/site-packages/airflow/example_dags/example_latest_only.py
[2026-03-01T08:29:30.388+0000] {logging_mixin.py:188} INFO - [2026-03-01T08:29:30.388+0000] {dag.py:3036} INFO - Sync 1 DAGs
[2026-03-01T08:29:30.401+0000] {logging_mixin.py:188} INFO - [2026-03-01T08:29:30.401+0000] {dag.py:3823} INFO - Setting next_dagrun for latest_only to 2026-03-01 04:00:00+00:00, run_after=2026-03-01 08:00:00+00:00
[2026-03-01T08:29:30.418+0000] {processor.py:183} INFO - Processing /home/airflow/.local/lib/python3.8/site-packages/airflow/example_dags/example_latest_only.py took 0.053 seconds
[2026-03-01T08:30:00.717+0000] {processor.py:161} INFO - Started process (PID=2641) to work on /home/airflow/.local/lib/python3.8/site-packages/airflow/example_dags/example_latest_only.py
[2026-03-01T08:30:00.718+0000] {processor.py:830} INFO - Processing file /home/airflow/.local/lib/python3.8/site-packages/airflow/example_dags/example_latest_only.py for tasks to queue
[2026-03-01T08:30:00.720+0000] {logging_mixin.py:188} INFO - [2026-03-01T08:30:00.719+0000] {dagbag.py:538} INFO - Filling up the DagBag from /home/airflow/.local/lib/python3.8/site-packages/airflow/example_dags/example_latest_only.py
[2026-03-01T08:30:00.723+0000] {processor.py:840} INFO - DAG(s) 'latest_only' retrieved from /home/airflow/.local/lib/python3.8/site-packages/airflow/example_dags/example_latest_only.py
[2026-03-01T08:30:00.737+0000] {logging_mixin.py:188} INFO - [2026-03-01T08:30:00.737+0000] {dag.py:3036} INFO - Sync 1 DAGs
[2026-03-01T08:30:00.751+0000] {logging_mixin.py:188} INFO - [2026-03-01T08:30:00.751+0000] {dag.py:3823} INFO - Setting next_dagrun for latest_only to 2026-03-01 04:00:00+00:00, run_after=2026-03-01 08:00:00+00:00
[2026-03-01T08:30:00.765+0000] {processor.py:183} INFO - Processing /home/airflow/.local/lib/python3.8/site-packages/airflow/example_dags/example_latest_only.py took 0.050 seconds
[2026-03-01T08:30:31.152+0000] {processor.py:161} INFO - Started process (PID=2697) to work on /home/airflow/.local/lib/python3.8/site-packages/airflow/example_dags/example_latest_only.py
[2026-03-01T08:30:31.153+0000] {processor.py:830} INFO - Processing file /home/airflow/.local/lib/python3.8/site-packages/airflow/example_dags/example_latest_only.py for tasks to queue
[2026-03-01T08:30:31.155+0000] {logging_mixin.py:188} INFO - [2026-03-01T08:30:31.154+0000] {dagbag.py:538} INFO - Filling up the DagBag from /home/airflow/.local/lib/python3.8/site-packages/airflow/example_dags/example_latest_only.py
[2026-03-01T08:30:31.159+0000] {processor.py:840} INFO - DAG(s) 'latest_only' retrieved from /home/airflow/.local/lib/python3.8/site-packages/airflow/example_dags/example_latest_only.py
[2026-03-01T08:30:31.173+0000] {logging_mixin.py:188} INFO - [2026-03-01T08:30:31.173+0000] {dag.py:3036} INFO - Sync 1 DAGs
[2026-03-01T08:30:31.189+0000] {logging_mixin.py:188} INFO - [2026-03-01T08:30:31.189+0000] {dag.py:3823} INFO - Setting next_dagrun for latest_only to 2026-03-01 04:00:00+00:00, run_after=2026-03-01 08:00:00+00:00
[2026-03-01T08:30:31.207+0000] {processor.py:183} INFO - Processing /home/airflow/.local/lib/python3.8/site-packages/airflow/example_dags/example_latest_only.py took 0.058 seconds
