[2026-03-01T08:07:48.514+0000] {processor.py:161} INFO - Started process (PID=81) to work on /home/airflow/.local/lib/python3.8/site-packages/airflow/example_dags/example_dag_decorator.py
[2026-03-01T08:07:48.516+0000] {processor.py:830} INFO - Processing file /home/airflow/.local/lib/python3.8/site-packages/airflow/example_dags/example_dag_decorator.py for tasks to queue
[2026-03-01T08:07:48.518+0000] {logging_mixin.py:188} INFO - [2026-03-01T08:07:48.518+0000] {dagbag.py:538} INFO - Filling up the DagBag from /home/airflow/.local/lib/python3.8/site-packages/airflow/example_dags/example_dag_decorator.py
[2026-03-01T08:07:48.672+0000] {processor.py:840} INFO - DAG(s) 'example_dag_decorator' retrieved from /home/airflow/.local/lib/python3.8/site-packages/airflow/example_dags/example_dag_decorator.py
[2026-03-01T08:07:48.757+0000] {logging_mixin.py:188} INFO - [2026-03-01T08:07:48.757+0000] {override.py:1769} INFO - Created Permission View: can edit on DAG:example_dag_decorator
[2026-03-01T08:07:48.766+0000] {logging_mixin.py:188} INFO - [2026-03-01T08:07:48.766+0000] {override.py:1769} INFO - Created Permission View: can delete on DAG:example_dag_decorator
[2026-03-01T08:07:48.773+0000] {logging_mixin.py:188} INFO - [2026-03-01T08:07:48.773+0000] {override.py:1769} INFO - Created Permission View: can read on DAG:example_dag_decorator
[2026-03-01T08:07:48.774+0000] {logging_mixin.py:188} INFO - [2026-03-01T08:07:48.774+0000] {dag.py:3036} INFO - Sync 1 DAGs
[2026-03-01T08:07:48.782+0000] {logging_mixin.py:188} INFO - [2026-03-01T08:07:48.782+0000] {dag.py:3058} INFO - Creating ORM DAG for example_dag_decorator
[2026-03-01T08:07:48.783+0000] {logging_mixin.py:188} INFO - [2026-03-01T08:07:48.783+0000] {dag.py:3823} INFO - Setting next_dagrun for example_dag_decorator to None, run_after=None
[2026-03-01T08:07:48.797+0000] {processor.py:183} INFO - Processing /home/airflow/.local/lib/python3.8/site-packages/airflow/example_dags/example_dag_decorator.py took 0.287 seconds
[2026-03-01T08:08:19.556+0000] {processor.py:161} INFO - Started process (PID=143) to work on /home/airflow/.local/lib/python3.8/site-packages/airflow/example_dags/example_dag_decorator.py
[2026-03-01T08:08:19.559+0000] {processor.py:830} INFO - Processing file /home/airflow/.local/lib/python3.8/site-packages/airflow/example_dags/example_dag_decorator.py for tasks to queue
[2026-03-01T08:08:19.561+0000] {logging_mixin.py:188} INFO - [2026-03-01T08:08:19.560+0000] {dagbag.py:538} INFO - Filling up the DagBag from /home/airflow/.local/lib/python3.8/site-packages/airflow/example_dags/example_dag_decorator.py
[2026-03-01T08:08:19.614+0000] {processor.py:840} INFO - DAG(s) 'example_dag_decorator' retrieved from /home/airflow/.local/lib/python3.8/site-packages/airflow/example_dags/example_dag_decorator.py
[2026-03-01T08:08:19.679+0000] {logging_mixin.py:188} INFO - [2026-03-01T08:08:19.679+0000] {dag.py:3036} INFO - Sync 1 DAGs
[2026-03-01T08:08:19.686+0000] {logging_mixin.py:188} INFO - [2026-03-01T08:08:19.686+0000] {dag.py:3823} INFO - Setting next_dagrun for example_dag_decorator to None, run_after=None
[2026-03-01T08:08:19.702+0000] {processor.py:183} INFO - Processing /home/airflow/.local/lib/python3.8/site-packages/airflow/example_dags/example_dag_decorator.py took 0.148 seconds
[2026-03-01T08:08:50.138+0000] {processor.py:161} INFO - Started process (PID=198) to work on /home/airflow/.local/lib/python3.8/site-packages/airflow/example_dags/example_dag_decorator.py
[2026-03-01T08:08:50.140+0000] {processor.py:830} INFO - Processing file /home/airflow/.local/lib/python3.8/site-packages/airflow/example_dags/example_dag_decorator.py for tasks to queue
[2026-03-01T08:08:50.141+0000] {logging_mixin.py:188} INFO - [2026-03-01T08:08:50.141+0000] {dagbag.py:538} INFO - Filling up the DagBag from /home/airflow/.local/lib/python3.8/site-packages/airflow/example_dags/example_dag_decorator.py
[2026-03-01T08:08:50.202+0000] {processor.py:840} INFO - DAG(s) 'example_dag_decorator' retrieved from /home/airflow/.local/lib/python3.8/site-packages/airflow/example_dags/example_dag_decorator.py
[2026-03-01T08:08:50.296+0000] {logging_mixin.py:188} INFO - [2026-03-01T08:08:50.296+0000] {dag.py:3036} INFO - Sync 1 DAGs
[2026-03-01T08:08:50.309+0000] {logging_mixin.py:188} INFO - [2026-03-01T08:08:50.309+0000] {dag.py:3823} INFO - Setting next_dagrun for example_dag_decorator to None, run_after=None
[2026-03-01T08:08:50.328+0000] {processor.py:183} INFO - Processing /home/airflow/.local/lib/python3.8/site-packages/airflow/example_dags/example_dag_decorator.py took 0.192 seconds
[2026-03-01T08:09:20.454+0000] {processor.py:161} INFO - Started process (PID=253) to work on /home/airflow/.local/lib/python3.8/site-packages/airflow/example_dags/example_dag_decorator.py
[2026-03-01T08:09:20.455+0000] {processor.py:830} INFO - Processing file /home/airflow/.local/lib/python3.8/site-packages/airflow/example_dags/example_dag_decorator.py for tasks to queue
[2026-03-01T08:09:20.457+0000] {logging_mixin.py:188} INFO - [2026-03-01T08:09:20.456+0000] {dagbag.py:538} INFO - Filling up the DagBag from /home/airflow/.local/lib/python3.8/site-packages/airflow/example_dags/example_dag_decorator.py
[2026-03-01T08:09:20.520+0000] {processor.py:840} INFO - DAG(s) 'example_dag_decorator' retrieved from /home/airflow/.local/lib/python3.8/site-packages/airflow/example_dags/example_dag_decorator.py
[2026-03-01T08:09:20.577+0000] {logging_mixin.py:188} INFO - [2026-03-01T08:09:20.577+0000] {dag.py:3036} INFO - Sync 1 DAGs
[2026-03-01T08:09:20.582+0000] {logging_mixin.py:188} INFO - [2026-03-01T08:09:20.582+0000] {dag.py:3823} INFO - Setting next_dagrun for example_dag_decorator to None, run_after=None
[2026-03-01T08:09:20.596+0000] {processor.py:183} INFO - Processing /home/airflow/.local/lib/python3.8/site-packages/airflow/example_dags/example_dag_decorator.py took 0.145 seconds
[2026-03-01T08:09:50.912+0000] {processor.py:161} INFO - Started process (PID=308) to work on /home/airflow/.local/lib/python3.8/site-packages/airflow/example_dags/example_dag_decorator.py
[2026-03-01T08:09:50.913+0000] {processor.py:830} INFO - Processing file /home/airflow/.local/lib/python3.8/site-packages/airflow/example_dags/example_dag_decorator.py for tasks to queue
[2026-03-01T08:09:50.915+0000] {logging_mixin.py:188} INFO - [2026-03-01T08:09:50.915+0000] {dagbag.py:538} INFO - Filling up the DagBag from /home/airflow/.local/lib/python3.8/site-packages/airflow/example_dags/example_dag_decorator.py
[2026-03-01T08:09:50.973+0000] {processor.py:840} INFO - DAG(s) 'example_dag_decorator' retrieved from /home/airflow/.local/lib/python3.8/site-packages/airflow/example_dags/example_dag_decorator.py
[2026-03-01T08:09:51.037+0000] {logging_mixin.py:188} INFO - [2026-03-01T08:09:51.037+0000] {dag.py:3036} INFO - Sync 1 DAGs
[2026-03-01T08:09:51.044+0000] {logging_mixin.py:188} INFO - [2026-03-01T08:09:51.044+0000] {dag.py:3823} INFO - Setting next_dagrun for example_dag_decorator to None, run_after=None
[2026-03-01T08:09:51.063+0000] {processor.py:183} INFO - Processing /home/airflow/.local/lib/python3.8/site-packages/airflow/example_dags/example_dag_decorator.py took 0.153 seconds
[2026-03-01T08:10:21.370+0000] {processor.py:161} INFO - Started process (PID=363) to work on /home/airflow/.local/lib/python3.8/site-packages/airflow/example_dags/example_dag_decorator.py
[2026-03-01T08:10:21.372+0000] {processor.py:830} INFO - Processing file /home/airflow/.local/lib/python3.8/site-packages/airflow/example_dags/example_dag_decorator.py for tasks to queue
[2026-03-01T08:10:21.373+0000] {logging_mixin.py:188} INFO - [2026-03-01T08:10:21.373+0000] {dagbag.py:538} INFO - Filling up the DagBag from /home/airflow/.local/lib/python3.8/site-packages/airflow/example_dags/example_dag_decorator.py
[2026-03-01T08:10:21.424+0000] {processor.py:840} INFO - DAG(s) 'example_dag_decorator' retrieved from /home/airflow/.local/lib/python3.8/site-packages/airflow/example_dags/example_dag_decorator.py
[2026-03-01T08:10:21.482+0000] {logging_mixin.py:188} INFO - [2026-03-01T08:10:21.482+0000] {dag.py:3036} INFO - Sync 1 DAGs
[2026-03-01T08:10:21.490+0000] {logging_mixin.py:188} INFO - [2026-03-01T08:10:21.490+0000] {dag.py:3823} INFO - Setting next_dagrun for example_dag_decorator to None, run_after=None
[2026-03-01T08:10:21.508+0000] {processor.py:183} INFO - Processing /home/airflow/.local/lib/python3.8/site-packages/airflow/example_dags/example_dag_decorator.py took 0.141 seconds
[2026-03-01T08:10:51.964+0000] {processor.py:161} INFO - Started process (PID=418) to work on /home/airflow/.local/lib/python3.8/site-packages/airflow/example_dags/example_dag_decorator.py
[2026-03-01T08:10:51.965+0000] {processor.py:830} INFO - Processing file /home/airflow/.local/lib/python3.8/site-packages/airflow/example_dags/example_dag_decorator.py for tasks to queue
[2026-03-01T08:10:51.967+0000] {logging_mixin.py:188} INFO - [2026-03-01T08:10:51.967+0000] {dagbag.py:538} INFO - Filling up the DagBag from /home/airflow/.local/lib/python3.8/site-packages/airflow/example_dags/example_dag_decorator.py
[2026-03-01T08:10:52.015+0000] {processor.py:840} INFO - DAG(s) 'example_dag_decorator' retrieved from /home/airflow/.local/lib/python3.8/site-packages/airflow/example_dags/example_dag_decorator.py
[2026-03-01T08:10:52.072+0000] {logging_mixin.py:188} INFO - [2026-03-01T08:10:52.072+0000] {dag.py:3036} INFO - Sync 1 DAGs
[2026-03-01T08:10:52.078+0000] {logging_mixin.py:188} INFO - [2026-03-01T08:10:52.078+0000] {dag.py:3823} INFO - Setting next_dagrun for example_dag_decorator to None, run_after=None
[2026-03-01T08:10:52.102+0000] {processor.py:183} INFO - Processing /home/airflow/.local/lib/python3.8/site-packages/airflow/example_dags/example_dag_decorator.py took 0.141 seconds
[2026-03-01T08:11:22.484+0000] {processor.py:161} INFO - Started process (PID=479) to work on /home/airflow/.local/lib/python3.8/site-packages/airflow/example_dags/example_dag_decorator.py
[2026-03-01T08:11:22.488+0000] {processor.py:830} INFO - Processing file /home/airflow/.local/lib/python3.8/site-packages/airflow/example_dags/example_dag_decorator.py for tasks to queue
[2026-03-01T08:11:22.492+0000] {logging_mixin.py:188} INFO - [2026-03-01T08:11:22.492+0000] {dagbag.py:538} INFO - Filling up the DagBag from /home/airflow/.local/lib/python3.8/site-packages/airflow/example_dags/example_dag_decorator.py
[2026-03-01T08:11:22.562+0000] {processor.py:840} INFO - DAG(s) 'example_dag_decorator' retrieved from /home/airflow/.local/lib/python3.8/site-packages/airflow/example_dags/example_dag_decorator.py
[2026-03-01T08:11:22.620+0000] {logging_mixin.py:188} INFO - [2026-03-01T08:11:22.619+0000] {dag.py:3036} INFO - Sync 1 DAGs
[2026-03-01T08:11:22.626+0000] {logging_mixin.py:188} INFO - [2026-03-01T08:11:22.626+0000] {dag.py:3823} INFO - Setting next_dagrun for example_dag_decorator to None, run_after=None
[2026-03-01T08:11:22.641+0000] {processor.py:183} INFO - Processing /home/airflow/.local/lib/python3.8/site-packages/airflow/example_dags/example_dag_decorator.py took 0.159 seconds
[2026-03-01T08:11:52.743+0000] {processor.py:161} INFO - Started process (PID=541) to work on /home/airflow/.local/lib/python3.8/site-packages/airflow/example_dags/example_dag_decorator.py
[2026-03-01T08:11:52.744+0000] {processor.py:830} INFO - Processing file /home/airflow/.local/lib/python3.8/site-packages/airflow/example_dags/example_dag_decorator.py for tasks to queue
[2026-03-01T08:11:52.745+0000] {logging_mixin.py:188} INFO - [2026-03-01T08:11:52.745+0000] {dagbag.py:538} INFO - Filling up the DagBag from /home/airflow/.local/lib/python3.8/site-packages/airflow/example_dags/example_dag_decorator.py
[2026-03-01T08:11:52.796+0000] {processor.py:840} INFO - DAG(s) 'example_dag_decorator' retrieved from /home/airflow/.local/lib/python3.8/site-packages/airflow/example_dags/example_dag_decorator.py
[2026-03-01T08:11:52.815+0000] {logging_mixin.py:188} INFO - [2026-03-01T08:11:52.815+0000] {dag.py:3036} INFO - Sync 1 DAGs
[2026-03-01T08:11:52.823+0000] {logging_mixin.py:188} INFO - [2026-03-01T08:11:52.823+0000] {dag.py:3823} INFO - Setting next_dagrun for example_dag_decorator to None, run_after=None
[2026-03-01T08:11:52.837+0000] {processor.py:183} INFO - Processing /home/airflow/.local/lib/python3.8/site-packages/airflow/example_dags/example_dag_decorator.py took 0.097 seconds
[2026-03-01T08:12:23.652+0000] {processor.py:161} INFO - Started process (PID=618) to work on /home/airflow/.local/lib/python3.8/site-packages/airflow/example_dags/example_dag_decorator.py
[2026-03-01T08:12:23.654+0000] {processor.py:830} INFO - Processing file /home/airflow/.local/lib/python3.8/site-packages/airflow/example_dags/example_dag_decorator.py for tasks to queue
[2026-03-01T08:12:23.656+0000] {logging_mixin.py:188} INFO - [2026-03-01T08:12:23.656+0000] {dagbag.py:538} INFO - Filling up the DagBag from /home/airflow/.local/lib/python3.8/site-packages/airflow/example_dags/example_dag_decorator.py
[2026-03-01T08:12:23.705+0000] {processor.py:840} INFO - DAG(s) 'example_dag_decorator' retrieved from /home/airflow/.local/lib/python3.8/site-packages/airflow/example_dags/example_dag_decorator.py
[2026-03-01T08:12:23.760+0000] {logging_mixin.py:188} INFO - [2026-03-01T08:12:23.760+0000] {dag.py:3036} INFO - Sync 1 DAGs
[2026-03-01T08:12:23.766+0000] {logging_mixin.py:188} INFO - [2026-03-01T08:12:23.766+0000] {dag.py:3823} INFO - Setting next_dagrun for example_dag_decorator to None, run_after=None
[2026-03-01T08:12:23.782+0000] {processor.py:183} INFO - Processing /home/airflow/.local/lib/python3.8/site-packages/airflow/example_dags/example_dag_decorator.py took 0.132 seconds
[2026-03-01T08:12:53.967+0000] {processor.py:161} INFO - Started process (PID=672) to work on /home/airflow/.local/lib/python3.8/site-packages/airflow/example_dags/example_dag_decorator.py
[2026-03-01T08:12:53.968+0000] {processor.py:830} INFO - Processing file /home/airflow/.local/lib/python3.8/site-packages/airflow/example_dags/example_dag_decorator.py for tasks to queue
[2026-03-01T08:12:53.970+0000] {logging_mixin.py:188} INFO - [2026-03-01T08:12:53.969+0000] {dagbag.py:538} INFO - Filling up the DagBag from /home/airflow/.local/lib/python3.8/site-packages/airflow/example_dags/example_dag_decorator.py
[2026-03-01T08:12:54.025+0000] {processor.py:840} INFO - DAG(s) 'example_dag_decorator' retrieved from /home/airflow/.local/lib/python3.8/site-packages/airflow/example_dags/example_dag_decorator.py
[2026-03-01T08:12:54.085+0000] {logging_mixin.py:188} INFO - [2026-03-01T08:12:54.084+0000] {dag.py:3036} INFO - Sync 1 DAGs
[2026-03-01T08:12:54.091+0000] {logging_mixin.py:188} INFO - [2026-03-01T08:12:54.090+0000] {dag.py:3823} INFO - Setting next_dagrun for example_dag_decorator to None, run_after=None
[2026-03-01T08:12:54.105+0000] {processor.py:183} INFO - Processing /home/airflow/.local/lib/python3.8/site-packages/airflow/example_dags/example_dag_decorator.py took 0.141 seconds
[2026-03-01T08:13:24.133+0000] {processor.py:161} INFO - Started process (PID=727) to work on /home/airflow/.local/lib/python3.8/site-packages/airflow/example_dags/example_dag_decorator.py
[2026-03-01T08:13:24.134+0000] {processor.py:830} INFO - Processing file /home/airflow/.local/lib/python3.8/site-packages/airflow/example_dags/example_dag_decorator.py for tasks to queue
[2026-03-01T08:13:24.135+0000] {logging_mixin.py:188} INFO - [2026-03-01T08:13:24.135+0000] {dagbag.py:538} INFO - Filling up the DagBag from /home/airflow/.local/lib/python3.8/site-packages/airflow/example_dags/example_dag_decorator.py
[2026-03-01T08:13:24.183+0000] {processor.py:840} INFO - DAG(s) 'example_dag_decorator' retrieved from /home/airflow/.local/lib/python3.8/site-packages/airflow/example_dags/example_dag_decorator.py
[2026-03-01T08:13:24.243+0000] {logging_mixin.py:188} INFO - [2026-03-01T08:13:24.243+0000] {dag.py:3036} INFO - Sync 1 DAGs
[2026-03-01T08:13:24.249+0000] {logging_mixin.py:188} INFO - [2026-03-01T08:13:24.249+0000] {dag.py:3823} INFO - Setting next_dagrun for example_dag_decorator to None, run_after=None
[2026-03-01T08:13:24.263+0000] {processor.py:183} INFO - Processing /home/airflow/.local/lib/python3.8/site-packages/airflow/example_dags/example_dag_decorator.py took 0.133 seconds
[2026-03-01T08:13:54.527+0000] {processor.py:161} INFO - Started process (PID=805) to work on /home/airflow/.local/lib/python3.8/site-packages/airflow/example_dags/example_dag_decorator.py
[2026-03-01T08:13:54.528+0000] {processor.py:830} INFO - Processing file /home/airflow/.local/lib/python3.8/site-packages/airflow/example_dags/example_dag_decorator.py for tasks to queue
[2026-03-01T08:13:54.529+0000] {logging_mixin.py:188} INFO - [2026-03-01T08:13:54.529+0000] {dagbag.py:538} INFO - Filling up the DagBag from /home/airflow/.local/lib/python3.8/site-packages/airflow/example_dags/example_dag_decorator.py
[2026-03-01T08:13:54.578+0000] {processor.py:840} INFO - DAG(s) 'example_dag_decorator' retrieved from /home/airflow/.local/lib/python3.8/site-packages/airflow/example_dags/example_dag_decorator.py
[2026-03-01T08:13:54.637+0000] {logging_mixin.py:188} INFO - [2026-03-01T08:13:54.637+0000] {dag.py:3036} INFO - Sync 1 DAGs
[2026-03-01T08:13:54.644+0000] {logging_mixin.py:188} INFO - [2026-03-01T08:13:54.644+0000] {dag.py:3823} INFO - Setting next_dagrun for example_dag_decorator to None, run_after=None
[2026-03-01T08:13:54.657+0000] {processor.py:183} INFO - Processing /home/airflow/.local/lib/python3.8/site-packages/airflow/example_dags/example_dag_decorator.py took 0.133 seconds
[2026-03-01T08:14:24.770+0000] {processor.py:161} INFO - Started process (PID=882) to work on /home/airflow/.local/lib/python3.8/site-packages/airflow/example_dags/example_dag_decorator.py
[2026-03-01T08:14:24.771+0000] {processor.py:830} INFO - Processing file /home/airflow/.local/lib/python3.8/site-packages/airflow/example_dags/example_dag_decorator.py for tasks to queue
[2026-03-01T08:14:24.773+0000] {logging_mixin.py:188} INFO - [2026-03-01T08:14:24.773+0000] {dagbag.py:538} INFO - Filling up the DagBag from /home/airflow/.local/lib/python3.8/site-packages/airflow/example_dags/example_dag_decorator.py
[2026-03-01T08:14:24.822+0000] {processor.py:840} INFO - DAG(s) 'example_dag_decorator' retrieved from /home/airflow/.local/lib/python3.8/site-packages/airflow/example_dags/example_dag_decorator.py
[2026-03-01T08:14:24.831+0000] {logging_mixin.py:188} INFO - [2026-03-01T08:14:24.831+0000] {dag.py:3036} INFO - Sync 1 DAGs
[2026-03-01T08:14:24.839+0000] {logging_mixin.py:188} INFO - [2026-03-01T08:14:24.839+0000] {dag.py:3823} INFO - Setting next_dagrun for example_dag_decorator to None, run_after=None
[2026-03-01T08:14:24.852+0000] {processor.py:183} INFO - Processing /home/airflow/.local/lib/python3.8/site-packages/airflow/example_dags/example_dag_decorator.py took 0.084 seconds
[2026-03-01T08:14:55.490+0000] {processor.py:161} INFO - Started process (PID=937) to work on /home/airflow/.local/lib/python3.8/site-packages/airflow/example_dags/example_dag_decorator.py
[2026-03-01T08:14:55.491+0000] {processor.py:830} INFO - Processing file /home/airflow/.local/lib/python3.8/site-packages/airflow/example_dags/example_dag_decorator.py for tasks to queue
[2026-03-01T08:14:55.493+0000] {logging_mixin.py:188} INFO - [2026-03-01T08:14:55.492+0000] {dagbag.py:538} INFO - Filling up the DagBag from /home/airflow/.local/lib/python3.8/site-packages/airflow/example_dags/example_dag_decorator.py
[2026-03-01T08:14:55.543+0000] {processor.py:840} INFO - DAG(s) 'example_dag_decorator' retrieved from /home/airflow/.local/lib/python3.8/site-packages/airflow/example_dags/example_dag_decorator.py
[2026-03-01T08:14:55.600+0000] {logging_mixin.py:188} INFO - [2026-03-01T08:14:55.599+0000] {dag.py:3036} INFO - Sync 1 DAGs
[2026-03-01T08:14:55.605+0000] {logging_mixin.py:188} INFO - [2026-03-01T08:14:55.605+0000] {dag.py:3823} INFO - Setting next_dagrun for example_dag_decorator to None, run_after=None
[2026-03-01T08:14:55.619+0000] {processor.py:183} INFO - Processing /home/airflow/.local/lib/python3.8/site-packages/airflow/example_dags/example_dag_decorator.py took 0.132 seconds
[2026-03-01T08:15:26.013+0000] {processor.py:161} INFO - Started process (PID=992) to work on /home/airflow/.local/lib/python3.8/site-packages/airflow/example_dags/example_dag_decorator.py
[2026-03-01T08:15:26.014+0000] {processor.py:830} INFO - Processing file /home/airflow/.local/lib/python3.8/site-packages/airflow/example_dags/example_dag_decorator.py for tasks to queue
[2026-03-01T08:15:26.016+0000] {logging_mixin.py:188} INFO - [2026-03-01T08:15:26.016+0000] {dagbag.py:538} INFO - Filling up the DagBag from /home/airflow/.local/lib/python3.8/site-packages/airflow/example_dags/example_dag_decorator.py
[2026-03-01T08:15:26.065+0000] {processor.py:840} INFO - DAG(s) 'example_dag_decorator' retrieved from /home/airflow/.local/lib/python3.8/site-packages/airflow/example_dags/example_dag_decorator.py
[2026-03-01T08:15:26.121+0000] {logging_mixin.py:188} INFO - [2026-03-01T08:15:26.121+0000] {dag.py:3036} INFO - Sync 1 DAGs
[2026-03-01T08:15:26.128+0000] {logging_mixin.py:188} INFO - [2026-03-01T08:15:26.127+0000] {dag.py:3823} INFO - Setting next_dagrun for example_dag_decorator to None, run_after=None
[2026-03-01T08:15:26.141+0000] {processor.py:183} INFO - Processing /home/airflow/.local/lib/python3.8/site-packages/airflow/example_dags/example_dag_decorator.py took 0.129 seconds
[2026-03-01T08:15:56.291+0000] {processor.py:161} INFO - Started process (PID=1054) to work on /home/airflow/.local/lib/python3.8/site-packages/airflow/example_dags/example_dag_decorator.py
[2026-03-01T08:15:56.292+0000] {processor.py:830} INFO - Processing file /home/airflow/.local/lib/python3.8/site-packages/airflow/example_dags/example_dag_decorator.py for tasks to queue
[2026-03-01T08:15:56.294+0000] {logging_mixin.py:188} INFO - [2026-03-01T08:15:56.293+0000] {dagbag.py:538} INFO - Filling up the DagBag from /home/airflow/.local/lib/python3.8/site-packages/airflow/example_dags/example_dag_decorator.py
[2026-03-01T08:15:56.342+0000] {processor.py:840} INFO - DAG(s) 'example_dag_decorator' retrieved from /home/airflow/.local/lib/python3.8/site-packages/airflow/example_dags/example_dag_decorator.py
[2026-03-01T08:15:56.401+0000] {logging_mixin.py:188} INFO - [2026-03-01T08:15:56.401+0000] {dag.py:3036} INFO - Sync 1 DAGs
[2026-03-01T08:15:56.409+0000] {logging_mixin.py:188} INFO - [2026-03-01T08:15:56.408+0000] {dag.py:3823} INFO - Setting next_dagrun for example_dag_decorator to None, run_after=None
[2026-03-01T08:15:56.429+0000] {processor.py:183} INFO - Processing /home/airflow/.local/lib/python3.8/site-packages/airflow/example_dags/example_dag_decorator.py took 0.141 seconds
[2026-03-01T08:16:26.678+0000] {processor.py:161} INFO - Started process (PID=1125) to work on /home/airflow/.local/lib/python3.8/site-packages/airflow/example_dags/example_dag_decorator.py
[2026-03-01T08:16:26.679+0000] {processor.py:830} INFO - Processing file /home/airflow/.local/lib/python3.8/site-packages/airflow/example_dags/example_dag_decorator.py for tasks to queue
[2026-03-01T08:16:26.680+0000] {logging_mixin.py:188} INFO - [2026-03-01T08:16:26.680+0000] {dagbag.py:538} INFO - Filling up the DagBag from /home/airflow/.local/lib/python3.8/site-packages/airflow/example_dags/example_dag_decorator.py
[2026-03-01T08:16:26.734+0000] {processor.py:840} INFO - DAG(s) 'example_dag_decorator' retrieved from /home/airflow/.local/lib/python3.8/site-packages/airflow/example_dags/example_dag_decorator.py
[2026-03-01T08:16:26.796+0000] {logging_mixin.py:188} INFO - [2026-03-01T08:16:26.796+0000] {dag.py:3036} INFO - Sync 1 DAGs
[2026-03-01T08:16:26.803+0000] {logging_mixin.py:188} INFO - [2026-03-01T08:16:26.803+0000] {dag.py:3823} INFO - Setting next_dagrun for example_dag_decorator to None, run_after=None
[2026-03-01T08:16:26.826+0000] {processor.py:183} INFO - Processing /home/airflow/.local/lib/python3.8/site-packages/airflow/example_dags/example_dag_decorator.py took 0.151 seconds
[2026-03-01T08:16:57.020+0000] {processor.py:161} INFO - Started process (PID=1187) to work on /home/airflow/.local/lib/python3.8/site-packages/airflow/example_dags/example_dag_decorator.py
[2026-03-01T08:16:57.021+0000] {processor.py:830} INFO - Processing file /home/airflow/.local/lib/python3.8/site-packages/airflow/example_dags/example_dag_decorator.py for tasks to queue
[2026-03-01T08:16:57.023+0000] {logging_mixin.py:188} INFO - [2026-03-01T08:16:57.023+0000] {dagbag.py:538} INFO - Filling up the DagBag from /home/airflow/.local/lib/python3.8/site-packages/airflow/example_dags/example_dag_decorator.py
[2026-03-01T08:16:57.073+0000] {processor.py:840} INFO - DAG(s) 'example_dag_decorator' retrieved from /home/airflow/.local/lib/python3.8/site-packages/airflow/example_dags/example_dag_decorator.py
[2026-03-01T08:16:57.134+0000] {logging_mixin.py:188} INFO - [2026-03-01T08:16:57.134+0000] {dag.py:3036} INFO - Sync 1 DAGs
[2026-03-01T08:16:57.141+0000] {logging_mixin.py:188} INFO - [2026-03-01T08:16:57.141+0000] {dag.py:3823} INFO - Setting next_dagrun for example_dag_decorator to None, run_after=None
[2026-03-01T08:16:57.155+0000] {processor.py:183} INFO - Processing /home/airflow/.local/lib/python3.8/site-packages/airflow/example_dags/example_dag_decorator.py took 0.137 seconds
[2026-03-01T08:17:27.262+0000] {processor.py:161} INFO - Started process (PID=1265) to work on /home/airflow/.local/lib/python3.8/site-packages/airflow/example_dags/example_dag_decorator.py
[2026-03-01T08:17:27.263+0000] {processor.py:830} INFO - Processing file /home/airflow/.local/lib/python3.8/site-packages/airflow/example_dags/example_dag_decorator.py for tasks to queue
[2026-03-01T08:17:27.265+0000] {logging_mixin.py:188} INFO - [2026-03-01T08:17:27.265+0000] {dagbag.py:538} INFO - Filling up the DagBag from /home/airflow/.local/lib/python3.8/site-packages/airflow/example_dags/example_dag_decorator.py
[2026-03-01T08:17:27.322+0000] {processor.py:840} INFO - DAG(s) 'example_dag_decorator' retrieved from /home/airflow/.local/lib/python3.8/site-packages/airflow/example_dags/example_dag_decorator.py
[2026-03-01T08:17:27.385+0000] {logging_mixin.py:188} INFO - [2026-03-01T08:17:27.384+0000] {dag.py:3036} INFO - Sync 1 DAGs
[2026-03-01T08:17:27.391+0000] {logging_mixin.py:188} INFO - [2026-03-01T08:17:27.391+0000] {dag.py:3823} INFO - Setting next_dagrun for example_dag_decorator to None, run_after=None
[2026-03-01T08:17:27.404+0000] {processor.py:183} INFO - Processing /home/airflow/.local/lib/python3.8/site-packages/airflow/example_dags/example_dag_decorator.py took 0.145 seconds
[2026-03-01T08:17:57.592+0000] {processor.py:161} INFO - Started process (PID=1322) to work on /home/airflow/.local/lib/python3.8/site-packages/airflow/example_dags/example_dag_decorator.py
[2026-03-01T08:17:57.593+0000] {processor.py:830} INFO - Processing file /home/airflow/.local/lib/python3.8/site-packages/airflow/example_dags/example_dag_decorator.py for tasks to queue
[2026-03-01T08:17:57.595+0000] {logging_mixin.py:188} INFO - [2026-03-01T08:17:57.595+0000] {dagbag.py:538} INFO - Filling up the DagBag from /home/airflow/.local/lib/python3.8/site-packages/airflow/example_dags/example_dag_decorator.py
[2026-03-01T08:17:57.646+0000] {processor.py:840} INFO - DAG(s) 'example_dag_decorator' retrieved from /home/airflow/.local/lib/python3.8/site-packages/airflow/example_dags/example_dag_decorator.py
[2026-03-01T08:17:57.705+0000] {logging_mixin.py:188} INFO - [2026-03-01T08:17:57.705+0000] {dag.py:3036} INFO - Sync 1 DAGs
[2026-03-01T08:17:57.712+0000] {logging_mixin.py:188} INFO - [2026-03-01T08:17:57.712+0000] {dag.py:3823} INFO - Setting next_dagrun for example_dag_decorator to None, run_after=None
[2026-03-01T08:17:57.726+0000] {processor.py:183} INFO - Processing /home/airflow/.local/lib/python3.8/site-packages/airflow/example_dags/example_dag_decorator.py took 0.136 seconds
[2026-03-01T08:18:28.055+0000] {processor.py:161} INFO - Started process (PID=1376) to work on /home/airflow/.local/lib/python3.8/site-packages/airflow/example_dags/example_dag_decorator.py
[2026-03-01T08:18:28.056+0000] {processor.py:830} INFO - Processing file /home/airflow/.local/lib/python3.8/site-packages/airflow/example_dags/example_dag_decorator.py for tasks to queue
[2026-03-01T08:18:28.058+0000] {logging_mixin.py:188} INFO - [2026-03-01T08:18:28.058+0000] {dagbag.py:538} INFO - Filling up the DagBag from /home/airflow/.local/lib/python3.8/site-packages/airflow/example_dags/example_dag_decorator.py
[2026-03-01T08:18:28.114+0000] {processor.py:840} INFO - DAG(s) 'example_dag_decorator' retrieved from /home/airflow/.local/lib/python3.8/site-packages/airflow/example_dags/example_dag_decorator.py
[2026-03-01T08:18:28.180+0000] {logging_mixin.py:188} INFO - [2026-03-01T08:18:28.180+0000] {dag.py:3036} INFO - Sync 1 DAGs
[2026-03-01T08:18:28.188+0000] {logging_mixin.py:188} INFO - [2026-03-01T08:18:28.188+0000] {dag.py:3823} INFO - Setting next_dagrun for example_dag_decorator to None, run_after=None
[2026-03-01T08:18:28.208+0000] {processor.py:183} INFO - Processing /home/airflow/.local/lib/python3.8/site-packages/airflow/example_dags/example_dag_decorator.py took 0.156 seconds
[2026-03-01T08:18:58.378+0000] {processor.py:161} INFO - Started process (PID=1432) to work on /home/airflow/.local/lib/python3.8/site-packages/airflow/example_dags/example_dag_decorator.py
[2026-03-01T08:18:58.379+0000] {processor.py:830} INFO - Processing file /home/airflow/.local/lib/python3.8/site-packages/airflow/example_dags/example_dag_decorator.py for tasks to queue
[2026-03-01T08:18:58.381+0000] {logging_mixin.py:188} INFO - [2026-03-01T08:18:58.381+0000] {dagbag.py:538} INFO - Filling up the DagBag from /home/airflow/.local/lib/python3.8/site-packages/airflow/example_dags/example_dag_decorator.py
[2026-03-01T08:18:58.436+0000] {processor.py:840} INFO - DAG(s) 'example_dag_decorator' retrieved from /home/airflow/.local/lib/python3.8/site-packages/airflow/example_dags/example_dag_decorator.py
[2026-03-01T08:18:58.452+0000] {logging_mixin.py:188} INFO - [2026-03-01T08:18:58.452+0000] {dag.py:3036} INFO - Sync 1 DAGs
[2026-03-01T08:18:58.461+0000] {logging_mixin.py:188} INFO - [2026-03-01T08:18:58.461+0000] {dag.py:3823} INFO - Setting next_dagrun for example_dag_decorator to None, run_after=None
[2026-03-01T08:18:58.474+0000] {processor.py:183} INFO - Processing /home/airflow/.local/lib/python3.8/site-packages/airflow/example_dags/example_dag_decorator.py took 0.098 seconds
[2026-03-01T08:19:28.602+0000] {processor.py:161} INFO - Started process (PID=1488) to work on /home/airflow/.local/lib/python3.8/site-packages/airflow/example_dags/example_dag_decorator.py
[2026-03-01T08:19:28.604+0000] {processor.py:830} INFO - Processing file /home/airflow/.local/lib/python3.8/site-packages/airflow/example_dags/example_dag_decorator.py for tasks to queue
[2026-03-01T08:19:28.605+0000] {logging_mixin.py:188} INFO - [2026-03-01T08:19:28.605+0000] {dagbag.py:538} INFO - Filling up the DagBag from /home/airflow/.local/lib/python3.8/site-packages/airflow/example_dags/example_dag_decorator.py
[2026-03-01T08:19:28.659+0000] {processor.py:840} INFO - DAG(s) 'example_dag_decorator' retrieved from /home/airflow/.local/lib/python3.8/site-packages/airflow/example_dags/example_dag_decorator.py
[2026-03-01T08:19:28.727+0000] {logging_mixin.py:188} INFO - [2026-03-01T08:19:28.726+0000] {dag.py:3036} INFO - Sync 1 DAGs
[2026-03-01T08:19:28.734+0000] {logging_mixin.py:188} INFO - [2026-03-01T08:19:28.734+0000] {dag.py:3823} INFO - Setting next_dagrun for example_dag_decorator to None, run_after=None
[2026-03-01T08:19:28.749+0000] {processor.py:183} INFO - Processing /home/airflow/.local/lib/python3.8/site-packages/airflow/example_dags/example_dag_decorator.py took 0.149 seconds
[2026-03-01T08:19:58.875+0000] {processor.py:161} INFO - Started process (PID=1545) to work on /home/airflow/.local/lib/python3.8/site-packages/airflow/example_dags/example_dag_decorator.py
[2026-03-01T08:19:58.877+0000] {processor.py:830} INFO - Processing file /home/airflow/.local/lib/python3.8/site-packages/airflow/example_dags/example_dag_decorator.py for tasks to queue
[2026-03-01T08:19:58.878+0000] {logging_mixin.py:188} INFO - [2026-03-01T08:19:58.878+0000] {dagbag.py:538} INFO - Filling up the DagBag from /home/airflow/.local/lib/python3.8/site-packages/airflow/example_dags/example_dag_decorator.py
[2026-03-01T08:19:58.932+0000] {processor.py:840} INFO - DAG(s) 'example_dag_decorator' retrieved from /home/airflow/.local/lib/python3.8/site-packages/airflow/example_dags/example_dag_decorator.py
[2026-03-01T08:19:58.987+0000] {logging_mixin.py:188} INFO - [2026-03-01T08:19:58.987+0000] {dag.py:3036} INFO - Sync 1 DAGs
[2026-03-01T08:19:58.993+0000] {logging_mixin.py:188} INFO - [2026-03-01T08:19:58.993+0000] {dag.py:3823} INFO - Setting next_dagrun for example_dag_decorator to None, run_after=None
[2026-03-01T08:19:59.007+0000] {processor.py:183} INFO - Processing /home/airflow/.local/lib/python3.8/site-packages/airflow/example_dags/example_dag_decorator.py took 0.134 seconds
[2026-03-01T08:20:29.112+0000] {processor.py:161} INFO - Started process (PID=1600) to work on /home/airflow/.local/lib/python3.8/site-packages/airflow/example_dags/example_dag_decorator.py
[2026-03-01T08:20:29.113+0000] {processor.py:830} INFO - Processing file /home/airflow/.local/lib/python3.8/site-packages/airflow/example_dags/example_dag_decorator.py for tasks to queue
[2026-03-01T08:20:29.114+0000] {logging_mixin.py:188} INFO - [2026-03-01T08:20:29.114+0000] {dagbag.py:538} INFO - Filling up the DagBag from /home/airflow/.local/lib/python3.8/site-packages/airflow/example_dags/example_dag_decorator.py
[2026-03-01T08:20:29.194+0000] {processor.py:840} INFO - DAG(s) 'example_dag_decorator' retrieved from /home/airflow/.local/lib/python3.8/site-packages/airflow/example_dags/example_dag_decorator.py
[2026-03-01T08:20:29.255+0000] {logging_mixin.py:188} INFO - [2026-03-01T08:20:29.255+0000] {dag.py:3036} INFO - Sync 1 DAGs
[2026-03-01T08:20:29.373+0000] {logging_mixin.py:188} INFO - [2026-03-01T08:20:29.372+0000] {dag.py:3823} INFO - Setting next_dagrun for example_dag_decorator to None, run_after=None
[2026-03-01T08:20:29.389+0000] {processor.py:183} INFO - Processing /home/airflow/.local/lib/python3.8/site-packages/airflow/example_dags/example_dag_decorator.py took 0.279 seconds
[2026-03-01T08:21:00.120+0000] {processor.py:161} INFO - Started process (PID=1656) to work on /home/airflow/.local/lib/python3.8/site-packages/airflow/example_dags/example_dag_decorator.py
[2026-03-01T08:21:00.121+0000] {processor.py:830} INFO - Processing file /home/airflow/.local/lib/python3.8/site-packages/airflow/example_dags/example_dag_decorator.py for tasks to queue
[2026-03-01T08:21:00.122+0000] {logging_mixin.py:188} INFO - [2026-03-01T08:21:00.122+0000] {dagbag.py:538} INFO - Filling up the DagBag from /home/airflow/.local/lib/python3.8/site-packages/airflow/example_dags/example_dag_decorator.py
[2026-03-01T08:21:00.174+0000] {processor.py:840} INFO - DAG(s) 'example_dag_decorator' retrieved from /home/airflow/.local/lib/python3.8/site-packages/airflow/example_dags/example_dag_decorator.py
[2026-03-01T08:21:00.231+0000] {logging_mixin.py:188} INFO - [2026-03-01T08:21:00.231+0000] {dag.py:3036} INFO - Sync 1 DAGs
[2026-03-01T08:21:00.238+0000] {logging_mixin.py:188} INFO - [2026-03-01T08:21:00.238+0000] {dag.py:3823} INFO - Setting next_dagrun for example_dag_decorator to None, run_after=None
[2026-03-01T08:21:00.356+0000] {processor.py:183} INFO - Processing /home/airflow/.local/lib/python3.8/site-packages/airflow/example_dags/example_dag_decorator.py took 0.238 seconds
[2026-03-01T08:21:30.596+0000] {processor.py:161} INFO - Started process (PID=1714) to work on /home/airflow/.local/lib/python3.8/site-packages/airflow/example_dags/example_dag_decorator.py
[2026-03-01T08:21:30.598+0000] {processor.py:830} INFO - Processing file /home/airflow/.local/lib/python3.8/site-packages/airflow/example_dags/example_dag_decorator.py for tasks to queue
[2026-03-01T08:21:30.600+0000] {logging_mixin.py:188} INFO - [2026-03-01T08:21:30.600+0000] {dagbag.py:538} INFO - Filling up the DagBag from /home/airflow/.local/lib/python3.8/site-packages/airflow/example_dags/example_dag_decorator.py
[2026-03-01T08:21:30.662+0000] {processor.py:840} INFO - DAG(s) 'example_dag_decorator' retrieved from /home/airflow/.local/lib/python3.8/site-packages/airflow/example_dags/example_dag_decorator.py
[2026-03-01T08:21:30.722+0000] {logging_mixin.py:188} INFO - [2026-03-01T08:21:30.721+0000] {dag.py:3036} INFO - Sync 1 DAGs
[2026-03-01T08:21:30.728+0000] {logging_mixin.py:188} INFO - [2026-03-01T08:21:30.728+0000] {dag.py:3823} INFO - Setting next_dagrun for example_dag_decorator to None, run_after=None
[2026-03-01T08:21:30.743+0000] {processor.py:183} INFO - Processing /home/airflow/.local/lib/python3.8/site-packages/airflow/example_dags/example_dag_decorator.py took 0.149 seconds
[2026-03-01T08:22:01.001+0000] {processor.py:161} INFO - Started process (PID=1771) to work on /home/airflow/.local/lib/python3.8/site-packages/airflow/example_dags/example_dag_decorator.py
[2026-03-01T08:22:01.003+0000] {processor.py:830} INFO - Processing file /home/airflow/.local/lib/python3.8/site-packages/airflow/example_dags/example_dag_decorator.py for tasks to queue
[2026-03-01T08:22:01.005+0000] {logging_mixin.py:188} INFO - [2026-03-01T08:22:01.005+0000] {dagbag.py:538} INFO - Filling up the DagBag from /home/airflow/.local/lib/python3.8/site-packages/airflow/example_dags/example_dag_decorator.py
[2026-03-01T08:22:01.057+0000] {processor.py:840} INFO - DAG(s) 'example_dag_decorator' retrieved from /home/airflow/.local/lib/python3.8/site-packages/airflow/example_dags/example_dag_decorator.py
[2026-03-01T08:22:01.075+0000] {logging_mixin.py:188} INFO - [2026-03-01T08:22:01.075+0000] {dag.py:3036} INFO - Sync 1 DAGs
[2026-03-01T08:22:01.083+0000] {logging_mixin.py:188} INFO - [2026-03-01T08:22:01.083+0000] {dag.py:3823} INFO - Setting next_dagrun for example_dag_decorator to None, run_after=None
[2026-03-01T08:22:01.099+0000] {processor.py:183} INFO - Processing /home/airflow/.local/lib/python3.8/site-packages/airflow/example_dags/example_dag_decorator.py took 0.100 seconds
[2026-03-01T08:22:31.226+0000] {processor.py:161} INFO - Started process (PID=1827) to work on /home/airflow/.local/lib/python3.8/site-packages/airflow/example_dags/example_dag_decorator.py
[2026-03-01T08:22:31.227+0000] {processor.py:830} INFO - Processing file /home/airflow/.local/lib/python3.8/site-packages/airflow/example_dags/example_dag_decorator.py for tasks to queue
[2026-03-01T08:22:31.229+0000] {logging_mixin.py:188} INFO - [2026-03-01T08:22:31.229+0000] {dagbag.py:538} INFO - Filling up the DagBag from /home/airflow/.local/lib/python3.8/site-packages/airflow/example_dags/example_dag_decorator.py
[2026-03-01T08:22:31.285+0000] {processor.py:840} INFO - DAG(s) 'example_dag_decorator' retrieved from /home/airflow/.local/lib/python3.8/site-packages/airflow/example_dags/example_dag_decorator.py
[2026-03-01T08:22:31.456+0000] {logging_mixin.py:188} INFO - [2026-03-01T08:22:31.456+0000] {dag.py:3036} INFO - Sync 1 DAGs
[2026-03-01T08:22:31.464+0000] {logging_mixin.py:188} INFO - [2026-03-01T08:22:31.463+0000] {dag.py:3823} INFO - Setting next_dagrun for example_dag_decorator to None, run_after=None
[2026-03-01T08:22:31.481+0000] {processor.py:183} INFO - Processing /home/airflow/.local/lib/python3.8/site-packages/airflow/example_dags/example_dag_decorator.py took 0.257 seconds
[2026-03-01T08:23:01.797+0000] {processor.py:161} INFO - Started process (PID=1885) to work on /home/airflow/.local/lib/python3.8/site-packages/airflow/example_dags/example_dag_decorator.py
[2026-03-01T08:23:01.798+0000] {processor.py:830} INFO - Processing file /home/airflow/.local/lib/python3.8/site-packages/airflow/example_dags/example_dag_decorator.py for tasks to queue
[2026-03-01T08:23:01.800+0000] {logging_mixin.py:188} INFO - [2026-03-01T08:23:01.800+0000] {dagbag.py:538} INFO - Filling up the DagBag from /home/airflow/.local/lib/python3.8/site-packages/airflow/example_dags/example_dag_decorator.py
[2026-03-01T08:23:01.847+0000] {processor.py:840} INFO - DAG(s) 'example_dag_decorator' retrieved from /home/airflow/.local/lib/python3.8/site-packages/airflow/example_dags/example_dag_decorator.py
[2026-03-01T08:23:02.005+0000] {logging_mixin.py:188} INFO - [2026-03-01T08:23:02.004+0000] {dag.py:3036} INFO - Sync 1 DAGs
[2026-03-01T08:23:02.012+0000] {logging_mixin.py:188} INFO - [2026-03-01T08:23:02.011+0000] {dag.py:3823} INFO - Setting next_dagrun for example_dag_decorator to None, run_after=None
[2026-03-01T08:23:02.024+0000] {processor.py:183} INFO - Processing /home/airflow/.local/lib/python3.8/site-packages/airflow/example_dags/example_dag_decorator.py took 0.229 seconds
[2026-03-01T08:23:32.303+0000] {processor.py:161} INFO - Started process (PID=1943) to work on /home/airflow/.local/lib/python3.8/site-packages/airflow/example_dags/example_dag_decorator.py
[2026-03-01T08:23:32.304+0000] {processor.py:830} INFO - Processing file /home/airflow/.local/lib/python3.8/site-packages/airflow/example_dags/example_dag_decorator.py for tasks to queue
[2026-03-01T08:23:32.306+0000] {logging_mixin.py:188} INFO - [2026-03-01T08:23:32.306+0000] {dagbag.py:538} INFO - Filling up the DagBag from /home/airflow/.local/lib/python3.8/site-packages/airflow/example_dags/example_dag_decorator.py
[2026-03-01T08:23:32.370+0000] {processor.py:840} INFO - DAG(s) 'example_dag_decorator' retrieved from /home/airflow/.local/lib/python3.8/site-packages/airflow/example_dags/example_dag_decorator.py
[2026-03-01T08:23:32.527+0000] {logging_mixin.py:188} INFO - [2026-03-01T08:23:32.527+0000] {dag.py:3036} INFO - Sync 1 DAGs
[2026-03-01T08:23:32.532+0000] {logging_mixin.py:188} INFO - [2026-03-01T08:23:32.532+0000] {dag.py:3823} INFO - Setting next_dagrun for example_dag_decorator to None, run_after=None
[2026-03-01T08:23:32.543+0000] {processor.py:183} INFO - Processing /home/airflow/.local/lib/python3.8/site-packages/airflow/example_dags/example_dag_decorator.py took 0.243 seconds
[2026-03-01T08:24:02.645+0000] {processor.py:161} INFO - Started process (PID=2002) to work on /home/airflow/.local/lib/python3.8/site-packages/airflow/example_dags/example_dag_decorator.py
[2026-03-01T08:24:02.647+0000] {processor.py:830} INFO - Processing file /home/airflow/.local/lib/python3.8/site-packages/airflow/example_dags/example_dag_decorator.py for tasks to queue
[2026-03-01T08:24:02.649+0000] {logging_mixin.py:188} INFO - [2026-03-01T08:24:02.648+0000] {dagbag.py:538} INFO - Filling up the DagBag from /home/airflow/.local/lib/python3.8/site-packages/airflow/example_dags/example_dag_decorator.py
[2026-03-01T08:24:02.707+0000] {processor.py:840} INFO - DAG(s) 'example_dag_decorator' retrieved from /home/airflow/.local/lib/python3.8/site-packages/airflow/example_dags/example_dag_decorator.py
[2026-03-01T08:24:02.723+0000] {logging_mixin.py:188} INFO - [2026-03-01T08:24:02.723+0000] {dag.py:3036} INFO - Sync 1 DAGs
[2026-03-01T08:24:02.732+0000] {logging_mixin.py:188} INFO - [2026-03-01T08:24:02.732+0000] {dag.py:3823} INFO - Setting next_dagrun for example_dag_decorator to None, run_after=None
[2026-03-01T08:24:02.743+0000] {processor.py:183} INFO - Processing /home/airflow/.local/lib/python3.8/site-packages/airflow/example_dags/example_dag_decorator.py took 0.100 seconds
[2026-03-01T08:24:32.801+0000] {processor.py:161} INFO - Started process (PID=2056) to work on /home/airflow/.local/lib/python3.8/site-packages/airflow/example_dags/example_dag_decorator.py
[2026-03-01T08:24:32.802+0000] {processor.py:830} INFO - Processing file /home/airflow/.local/lib/python3.8/site-packages/airflow/example_dags/example_dag_decorator.py for tasks to queue
[2026-03-01T08:24:32.804+0000] {logging_mixin.py:188} INFO - [2026-03-01T08:24:32.804+0000] {dagbag.py:538} INFO - Filling up the DagBag from /home/airflow/.local/lib/python3.8/site-packages/airflow/example_dags/example_dag_decorator.py
[2026-03-01T08:24:32.857+0000] {processor.py:840} INFO - DAG(s) 'example_dag_decorator' retrieved from /home/airflow/.local/lib/python3.8/site-packages/airflow/example_dags/example_dag_decorator.py
[2026-03-01T08:24:32.917+0000] {logging_mixin.py:188} INFO - [2026-03-01T08:24:32.916+0000] {dag.py:3036} INFO - Sync 1 DAGs
[2026-03-01T08:24:33.036+0000] {logging_mixin.py:188} INFO - [2026-03-01T08:24:33.036+0000] {dag.py:3823} INFO - Setting next_dagrun for example_dag_decorator to None, run_after=None
[2026-03-01T08:24:33.049+0000] {processor.py:183} INFO - Processing /home/airflow/.local/lib/python3.8/site-packages/airflow/example_dags/example_dag_decorator.py took 0.251 seconds
[2026-03-01T08:25:03.200+0000] {processor.py:161} INFO - Started process (PID=2118) to work on /home/airflow/.local/lib/python3.8/site-packages/airflow/example_dags/example_dag_decorator.py
[2026-03-01T08:25:03.201+0000] {processor.py:830} INFO - Processing file /home/airflow/.local/lib/python3.8/site-packages/airflow/example_dags/example_dag_decorator.py for tasks to queue
[2026-03-01T08:25:03.202+0000] {logging_mixin.py:188} INFO - [2026-03-01T08:25:03.202+0000] {dagbag.py:538} INFO - Filling up the DagBag from /home/airflow/.local/lib/python3.8/site-packages/airflow/example_dags/example_dag_decorator.py
[2026-03-01T08:25:03.256+0000] {processor.py:840} INFO - DAG(s) 'example_dag_decorator' retrieved from /home/airflow/.local/lib/python3.8/site-packages/airflow/example_dags/example_dag_decorator.py
[2026-03-01T08:25:03.273+0000] {logging_mixin.py:188} INFO - [2026-03-01T08:25:03.273+0000] {dag.py:3036} INFO - Sync 1 DAGs
[2026-03-01T08:25:03.281+0000] {logging_mixin.py:188} INFO - [2026-03-01T08:25:03.281+0000] {dag.py:3823} INFO - Setting next_dagrun for example_dag_decorator to None, run_after=None
[2026-03-01T08:25:03.294+0000] {processor.py:183} INFO - Processing /home/airflow/.local/lib/python3.8/site-packages/airflow/example_dags/example_dag_decorator.py took 0.096 seconds
[2026-03-01T08:25:33.440+0000] {processor.py:161} INFO - Started process (PID=2175) to work on /home/airflow/.local/lib/python3.8/site-packages/airflow/example_dags/example_dag_decorator.py
[2026-03-01T08:25:33.441+0000] {processor.py:830} INFO - Processing file /home/airflow/.local/lib/python3.8/site-packages/airflow/example_dags/example_dag_decorator.py for tasks to queue
[2026-03-01T08:25:33.443+0000] {logging_mixin.py:188} INFO - [2026-03-01T08:25:33.442+0000] {dagbag.py:538} INFO - Filling up the DagBag from /home/airflow/.local/lib/python3.8/site-packages/airflow/example_dags/example_dag_decorator.py
[2026-03-01T08:25:33.494+0000] {processor.py:840} INFO - DAG(s) 'example_dag_decorator' retrieved from /home/airflow/.local/lib/python3.8/site-packages/airflow/example_dags/example_dag_decorator.py
[2026-03-01T08:25:33.669+0000] {logging_mixin.py:188} INFO - [2026-03-01T08:25:33.669+0000] {dag.py:3036} INFO - Sync 1 DAGs
[2026-03-01T08:25:33.675+0000] {logging_mixin.py:188} INFO - [2026-03-01T08:25:33.675+0000] {dag.py:3823} INFO - Setting next_dagrun for example_dag_decorator to None, run_after=None
[2026-03-01T08:25:33.687+0000] {processor.py:183} INFO - Processing /home/airflow/.local/lib/python3.8/site-packages/airflow/example_dags/example_dag_decorator.py took 0.250 seconds
[2026-03-01T08:26:03.844+0000] {processor.py:161} INFO - Started process (PID=2233) to work on /home/airflow/.local/lib/python3.8/site-packages/airflow/example_dags/example_dag_decorator.py
[2026-03-01T08:26:03.845+0000] {processor.py:830} INFO - Processing file /home/airflow/.local/lib/python3.8/site-packages/airflow/example_dags/example_dag_decorator.py for tasks to queue
[2026-03-01T08:26:03.847+0000] {logging_mixin.py:188} INFO - [2026-03-01T08:26:03.847+0000] {dagbag.py:538} INFO - Filling up the DagBag from /home/airflow/.local/lib/python3.8/site-packages/airflow/example_dags/example_dag_decorator.py
[2026-03-01T08:26:03.899+0000] {processor.py:840} INFO - DAG(s) 'example_dag_decorator' retrieved from /home/airflow/.local/lib/python3.8/site-packages/airflow/example_dags/example_dag_decorator.py
[2026-03-01T08:26:04.066+0000] {logging_mixin.py:188} INFO - [2026-03-01T08:26:04.065+0000] {dag.py:3036} INFO - Sync 1 DAGs
[2026-03-01T08:26:04.073+0000] {logging_mixin.py:188} INFO - [2026-03-01T08:26:04.072+0000] {dag.py:3823} INFO - Setting next_dagrun for example_dag_decorator to None, run_after=None
[2026-03-01T08:26:04.088+0000] {processor.py:183} INFO - Processing /home/airflow/.local/lib/python3.8/site-packages/airflow/example_dags/example_dag_decorator.py took 0.246 seconds
[2026-03-01T08:26:35.037+0000] {processor.py:161} INFO - Started process (PID=2289) to work on /home/airflow/.local/lib/python3.8/site-packages/airflow/example_dags/example_dag_decorator.py
[2026-03-01T08:26:35.037+0000] {processor.py:830} INFO - Processing file /home/airflow/.local/lib/python3.8/site-packages/airflow/example_dags/example_dag_decorator.py for tasks to queue
[2026-03-01T08:26:35.039+0000] {logging_mixin.py:188} INFO - [2026-03-01T08:26:35.039+0000] {dagbag.py:538} INFO - Filling up the DagBag from /home/airflow/.local/lib/python3.8/site-packages/airflow/example_dags/example_dag_decorator.py
[2026-03-01T08:26:35.090+0000] {processor.py:840} INFO - DAG(s) 'example_dag_decorator' retrieved from /home/airflow/.local/lib/python3.8/site-packages/airflow/example_dags/example_dag_decorator.py
[2026-03-01T08:26:35.261+0000] {logging_mixin.py:188} INFO - [2026-03-01T08:26:35.261+0000] {dag.py:3036} INFO - Sync 1 DAGs
[2026-03-01T08:26:35.266+0000] {logging_mixin.py:188} INFO - [2026-03-01T08:26:35.266+0000] {dag.py:3823} INFO - Setting next_dagrun for example_dag_decorator to None, run_after=None
[2026-03-01T08:26:35.279+0000] {processor.py:183} INFO - Processing /home/airflow/.local/lib/python3.8/site-packages/airflow/example_dags/example_dag_decorator.py took 0.244 seconds
[2026-03-01T08:27:05.495+0000] {processor.py:161} INFO - Started process (PID=2345) to work on /home/airflow/.local/lib/python3.8/site-packages/airflow/example_dags/example_dag_decorator.py
[2026-03-01T08:27:05.496+0000] {processor.py:830} INFO - Processing file /home/airflow/.local/lib/python3.8/site-packages/airflow/example_dags/example_dag_decorator.py for tasks to queue
[2026-03-01T08:27:05.498+0000] {logging_mixin.py:188} INFO - [2026-03-01T08:27:05.498+0000] {dagbag.py:538} INFO - Filling up the DagBag from /home/airflow/.local/lib/python3.8/site-packages/airflow/example_dags/example_dag_decorator.py
[2026-03-01T08:27:05.553+0000] {processor.py:840} INFO - DAG(s) 'example_dag_decorator' retrieved from /home/airflow/.local/lib/python3.8/site-packages/airflow/example_dags/example_dag_decorator.py
[2026-03-01T08:27:05.722+0000] {logging_mixin.py:188} INFO - [2026-03-01T08:27:05.722+0000] {dag.py:3036} INFO - Sync 1 DAGs
[2026-03-01T08:27:05.727+0000] {logging_mixin.py:188} INFO - [2026-03-01T08:27:05.727+0000] {dag.py:3823} INFO - Setting next_dagrun for example_dag_decorator to None, run_after=None
[2026-03-01T08:27:05.739+0000] {processor.py:183} INFO - Processing /home/airflow/.local/lib/python3.8/site-packages/airflow/example_dags/example_dag_decorator.py took 0.246 seconds
[2026-03-01T08:27:35.805+0000] {processor.py:161} INFO - Started process (PID=2400) to work on /home/airflow/.local/lib/python3.8/site-packages/airflow/example_dags/example_dag_decorator.py
[2026-03-01T08:27:35.807+0000] {processor.py:830} INFO - Processing file /home/airflow/.local/lib/python3.8/site-packages/airflow/example_dags/example_dag_decorator.py for tasks to queue
[2026-03-01T08:27:35.810+0000] {logging_mixin.py:188} INFO - [2026-03-01T08:27:35.810+0000] {dagbag.py:538} INFO - Filling up the DagBag from /home/airflow/.local/lib/python3.8/site-packages/airflow/example_dags/example_dag_decorator.py
[2026-03-01T08:27:35.861+0000] {processor.py:840} INFO - DAG(s) 'example_dag_decorator' retrieved from /home/airflow/.local/lib/python3.8/site-packages/airflow/example_dags/example_dag_decorator.py
[2026-03-01T08:27:36.027+0000] {logging_mixin.py:188} INFO - [2026-03-01T08:27:36.027+0000] {dag.py:3036} INFO - Sync 1 DAGs
[2026-03-01T08:27:36.034+0000] {logging_mixin.py:188} INFO - [2026-03-01T08:27:36.034+0000] {dag.py:3823} INFO - Setting next_dagrun for example_dag_decorator to None, run_after=None
[2026-03-01T08:27:36.046+0000] {processor.py:183} INFO - Processing /home/airflow/.local/lib/python3.8/site-packages/airflow/example_dags/example_dag_decorator.py took 0.243 seconds
[2026-03-01T08:28:06.087+0000] {processor.py:161} INFO - Started process (PID=2457) to work on /home/airflow/.local/lib/python3.8/site-packages/airflow/example_dags/example_dag_decorator.py
[2026-03-01T08:28:06.088+0000] {processor.py:830} INFO - Processing file /home/airflow/.local/lib/python3.8/site-packages/airflow/example_dags/example_dag_decorator.py for tasks to queue
[2026-03-01T08:28:06.090+0000] {logging_mixin.py:188} INFO - [2026-03-01T08:28:06.089+0000] {dagbag.py:538} INFO - Filling up the DagBag from /home/airflow/.local/lib/python3.8/site-packages/airflow/example_dags/example_dag_decorator.py
[2026-03-01T08:28:06.140+0000] {processor.py:840} INFO - DAG(s) 'example_dag_decorator' retrieved from /home/airflow/.local/lib/python3.8/site-packages/airflow/example_dags/example_dag_decorator.py
[2026-03-01T08:28:06.305+0000] {logging_mixin.py:188} INFO - [2026-03-01T08:28:06.305+0000] {dag.py:3036} INFO - Sync 1 DAGs
[2026-03-01T08:28:06.312+0000] {logging_mixin.py:188} INFO - [2026-03-01T08:28:06.312+0000] {dag.py:3823} INFO - Setting next_dagrun for example_dag_decorator to None, run_after=None
[2026-03-01T08:28:06.325+0000] {processor.py:183} INFO - Processing /home/airflow/.local/lib/python3.8/site-packages/airflow/example_dags/example_dag_decorator.py took 0.241 seconds
[2026-03-01T08:28:36.401+0000] {processor.py:161} INFO - Started process (PID=2514) to work on /home/airflow/.local/lib/python3.8/site-packages/airflow/example_dags/example_dag_decorator.py
[2026-03-01T08:28:36.402+0000] {processor.py:830} INFO - Processing file /home/airflow/.local/lib/python3.8/site-packages/airflow/example_dags/example_dag_decorator.py for tasks to queue
[2026-03-01T08:28:36.404+0000] {logging_mixin.py:188} INFO - [2026-03-01T08:28:36.404+0000] {dagbag.py:538} INFO - Filling up the DagBag from /home/airflow/.local/lib/python3.8/site-packages/airflow/example_dags/example_dag_decorator.py
[2026-03-01T08:28:36.457+0000] {processor.py:840} INFO - DAG(s) 'example_dag_decorator' retrieved from /home/airflow/.local/lib/python3.8/site-packages/airflow/example_dags/example_dag_decorator.py
[2026-03-01T08:28:36.616+0000] {logging_mixin.py:188} INFO - [2026-03-01T08:28:36.616+0000] {dag.py:3036} INFO - Sync 1 DAGs
[2026-03-01T08:28:36.622+0000] {logging_mixin.py:188} INFO - [2026-03-01T08:28:36.622+0000] {dag.py:3823} INFO - Setting next_dagrun for example_dag_decorator to None, run_after=None
[2026-03-01T08:28:36.637+0000] {processor.py:183} INFO - Processing /home/airflow/.local/lib/python3.8/site-packages/airflow/example_dags/example_dag_decorator.py took 0.239 seconds
[2026-03-01T08:29:06.885+0000] {processor.py:161} INFO - Started process (PID=2572) to work on /home/airflow/.local/lib/python3.8/site-packages/airflow/example_dags/example_dag_decorator.py
[2026-03-01T08:29:06.886+0000] {processor.py:830} INFO - Processing file /home/airflow/.local/lib/python3.8/site-packages/airflow/example_dags/example_dag_decorator.py for tasks to queue
[2026-03-01T08:29:06.888+0000] {logging_mixin.py:188} INFO - [2026-03-01T08:29:06.887+0000] {dagbag.py:538} INFO - Filling up the DagBag from /home/airflow/.local/lib/python3.8/site-packages/airflow/example_dags/example_dag_decorator.py
[2026-03-01T08:29:06.941+0000] {processor.py:840} INFO - DAG(s) 'example_dag_decorator' retrieved from /home/airflow/.local/lib/python3.8/site-packages/airflow/example_dags/example_dag_decorator.py
[2026-03-01T08:29:07.113+0000] {logging_mixin.py:188} INFO - [2026-03-01T08:29:07.112+0000] {dag.py:3036} INFO - Sync 1 DAGs
[2026-03-01T08:29:07.118+0000] {logging_mixin.py:188} INFO - [2026-03-01T08:29:07.118+0000] {dag.py:3823} INFO - Setting next_dagrun for example_dag_decorator to None, run_after=None
[2026-03-01T08:29:07.133+0000] {processor.py:183} INFO - Processing /home/airflow/.local/lib/python3.8/site-packages/airflow/example_dags/example_dag_decorator.py took 0.251 seconds
[2026-03-01T08:29:37.182+0000] {processor.py:161} INFO - Started process (PID=2628) to work on /home/airflow/.local/lib/python3.8/site-packages/airflow/example_dags/example_dag_decorator.py
[2026-03-01T08:29:37.183+0000] {processor.py:830} INFO - Processing file /home/airflow/.local/lib/python3.8/site-packages/airflow/example_dags/example_dag_decorator.py for tasks to queue
[2026-03-01T08:29:37.185+0000] {logging_mixin.py:188} INFO - [2026-03-01T08:29:37.184+0000] {dagbag.py:538} INFO - Filling up the DagBag from /home/airflow/.local/lib/python3.8/site-packages/airflow/example_dags/example_dag_decorator.py
[2026-03-01T08:29:37.344+0000] {processor.py:840} INFO - DAG(s) 'example_dag_decorator' retrieved from /home/airflow/.local/lib/python3.8/site-packages/airflow/example_dags/example_dag_decorator.py
[2026-03-01T08:29:37.406+0000] {logging_mixin.py:188} INFO - [2026-03-01T08:29:37.406+0000] {dag.py:3036} INFO - Sync 1 DAGs
[2026-03-01T08:29:37.412+0000] {logging_mixin.py:188} INFO - [2026-03-01T08:29:37.412+0000] {dag.py:3823} INFO - Setting next_dagrun for example_dag_decorator to None, run_after=None
[2026-03-01T08:29:37.427+0000] {processor.py:183} INFO - Processing /home/airflow/.local/lib/python3.8/site-packages/airflow/example_dags/example_dag_decorator.py took 0.248 seconds
[2026-03-01T08:30:07.647+0000] {processor.py:161} INFO - Started process (PID=2678) to work on /home/airflow/.local/lib/python3.8/site-packages/airflow/example_dags/example_dag_decorator.py
[2026-03-01T08:30:07.648+0000] {processor.py:830} INFO - Processing file /home/airflow/.local/lib/python3.8/site-packages/airflow/example_dags/example_dag_decorator.py for tasks to queue
[2026-03-01T08:30:07.649+0000] {logging_mixin.py:188} INFO - [2026-03-01T08:30:07.649+0000] {dagbag.py:538} INFO - Filling up the DagBag from /home/airflow/.local/lib/python3.8/site-packages/airflow/example_dags/example_dag_decorator.py
[2026-03-01T08:30:07.701+0000] {processor.py:840} INFO - DAG(s) 'example_dag_decorator' retrieved from /home/airflow/.local/lib/python3.8/site-packages/airflow/example_dags/example_dag_decorator.py
[2026-03-01T08:30:07.870+0000] {logging_mixin.py:188} INFO - [2026-03-01T08:30:07.870+0000] {dag.py:3036} INFO - Sync 1 DAGs
[2026-03-01T08:30:07.876+0000] {logging_mixin.py:188} INFO - [2026-03-01T08:30:07.875+0000] {dag.py:3823} INFO - Setting next_dagrun for example_dag_decorator to None, run_after=None
[2026-03-01T08:30:07.888+0000] {processor.py:183} INFO - Processing /home/airflow/.local/lib/python3.8/site-packages/airflow/example_dags/example_dag_decorator.py took 0.243 seconds
