[2026-03-01T08:07:49.204+0000] {processor.py:161} INFO - Started process (PID=94) to work on /home/airflow/.local/lib/python3.8/site-packages/airflow/example_dags/example_local_kubernetes_executor.py
[2026-03-01T08:07:49.206+0000] {processor.py:830} INFO - Processing file /home/airflow/.local/lib/python3.8/site-packages/airflow/example_dags/example_local_kubernetes_executor.py for tasks to queue
[2026-03-01T08:07:49.208+0000] {logging_mixin.py:188} INFO - [2026-03-01T08:07:49.208+0000] {dagbag.py:538} INFO - Filling up the DagBag from /home/airflow/.local/lib/python3.8/site-packages/airflow/example_dags/example_local_kubernetes_executor.py
[2026-03-01T08:07:49.219+0000] {processor.py:840} INFO - DAG(s) 'example_local_kubernetes_executor' retrieved from /home/airflow/.local/lib/python3.8/site-packages/airflow/example_dags/example_local_kubernetes_executor.py
[2026-03-01T08:07:49.341+0000] {logging_mixin.py:188} INFO - [2026-03-01T08:07:49.340+0000] {override.py:1769} INFO - Created Permission View: can edit on DAG:example_local_kubernetes_executor
[2026-03-01T08:07:49.351+0000] {logging_mixin.py:188} INFO - [2026-03-01T08:07:49.351+0000] {override.py:1769} INFO - Created Permission View: can delete on DAG:example_local_kubernetes_executor
[2026-03-01T08:07:49.364+0000] {logging_mixin.py:188} INFO - [2026-03-01T08:07:49.363+0000] {override.py:1769} INFO - Created Permission View: can read on DAG:example_local_kubernetes_executor
[2026-03-01T08:07:49.365+0000] {logging_mixin.py:188} INFO - [2026-03-01T08:07:49.365+0000] {dag.py:3036} INFO - Sync 1 DAGs
[2026-03-01T08:07:49.375+0000] {logging_mixin.py:188} INFO - [2026-03-01T08:07:49.375+0000] {dag.py:3058} INFO - Creating ORM DAG for example_local_kubernetes_executor
[2026-03-01T08:07:49.376+0000] {logging_mixin.py:188} INFO - [2026-03-01T08:07:49.376+0000] {dag.py:3823} INFO - Setting next_dagrun for example_local_kubernetes_executor to None, run_after=None
[2026-03-01T08:07:49.393+0000] {processor.py:183} INFO - Processing /home/airflow/.local/lib/python3.8/site-packages/airflow/example_dags/example_local_kubernetes_executor.py took 0.193 seconds
[2026-03-01T08:08:19.921+0000] {processor.py:161} INFO - Started process (PID=149) to work on /home/airflow/.local/lib/python3.8/site-packages/airflow/example_dags/example_local_kubernetes_executor.py
[2026-03-01T08:08:19.922+0000] {processor.py:830} INFO - Processing file /home/airflow/.local/lib/python3.8/site-packages/airflow/example_dags/example_local_kubernetes_executor.py for tasks to queue
[2026-03-01T08:08:19.924+0000] {logging_mixin.py:188} INFO - [2026-03-01T08:08:19.924+0000] {dagbag.py:538} INFO - Filling up the DagBag from /home/airflow/.local/lib/python3.8/site-packages/airflow/example_dags/example_local_kubernetes_executor.py
[2026-03-01T08:08:19.930+0000] {processor.py:840} INFO - DAG(s) 'example_local_kubernetes_executor' retrieved from /home/airflow/.local/lib/python3.8/site-packages/airflow/example_dags/example_local_kubernetes_executor.py
[2026-03-01T08:08:19.960+0000] {logging_mixin.py:188} INFO - [2026-03-01T08:08:19.960+0000] {dag.py:3036} INFO - Sync 1 DAGs
[2026-03-01T08:08:19.968+0000] {logging_mixin.py:188} INFO - [2026-03-01T08:08:19.968+0000] {dag.py:3823} INFO - Setting next_dagrun for example_local_kubernetes_executor to None, run_after=None
[2026-03-01T08:08:19.982+0000] {processor.py:183} INFO - Processing /home/airflow/.local/lib/python3.8/site-packages/airflow/example_dags/example_local_kubernetes_executor.py took 0.063 seconds
[2026-03-01T08:08:50.536+0000] {processor.py:161} INFO - Started process (PID=204) to work on /home/airflow/.local/lib/python3.8/site-packages/airflow/example_dags/example_local_kubernetes_executor.py
[2026-03-01T08:08:50.538+0000] {processor.py:830} INFO - Processing file /home/airflow/.local/lib/python3.8/site-packages/airflow/example_dags/example_local_kubernetes_executor.py for tasks to queue
[2026-03-01T08:08:50.539+0000] {logging_mixin.py:188} INFO - [2026-03-01T08:08:50.539+0000] {dagbag.py:538} INFO - Filling up the DagBag from /home/airflow/.local/lib/python3.8/site-packages/airflow/example_dags/example_local_kubernetes_executor.py
[2026-03-01T08:08:50.545+0000] {processor.py:840} INFO - DAG(s) 'example_local_kubernetes_executor' retrieved from /home/airflow/.local/lib/python3.8/site-packages/airflow/example_dags/example_local_kubernetes_executor.py
[2026-03-01T08:08:50.568+0000] {logging_mixin.py:188} INFO - [2026-03-01T08:08:50.568+0000] {dag.py:3036} INFO - Sync 1 DAGs
[2026-03-01T08:08:50.576+0000] {logging_mixin.py:188} INFO - [2026-03-01T08:08:50.575+0000] {dag.py:3823} INFO - Setting next_dagrun for example_local_kubernetes_executor to None, run_after=None
[2026-03-01T08:08:50.590+0000] {processor.py:183} INFO - Processing /home/airflow/.local/lib/python3.8/site-packages/airflow/example_dags/example_local_kubernetes_executor.py took 0.056 seconds
[2026-03-01T08:09:20.801+0000] {processor.py:161} INFO - Started process (PID=259) to work on /home/airflow/.local/lib/python3.8/site-packages/airflow/example_dags/example_local_kubernetes_executor.py
[2026-03-01T08:09:20.803+0000] {processor.py:830} INFO - Processing file /home/airflow/.local/lib/python3.8/site-packages/airflow/example_dags/example_local_kubernetes_executor.py for tasks to queue
[2026-03-01T08:09:20.804+0000] {logging_mixin.py:188} INFO - [2026-03-01T08:09:20.804+0000] {dagbag.py:538} INFO - Filling up the DagBag from /home/airflow/.local/lib/python3.8/site-packages/airflow/example_dags/example_local_kubernetes_executor.py
[2026-03-01T08:09:20.811+0000] {processor.py:840} INFO - DAG(s) 'example_local_kubernetes_executor' retrieved from /home/airflow/.local/lib/python3.8/site-packages/airflow/example_dags/example_local_kubernetes_executor.py
[2026-03-01T08:09:20.837+0000] {logging_mixin.py:188} INFO - [2026-03-01T08:09:20.837+0000] {dag.py:3036} INFO - Sync 1 DAGs
[2026-03-01T08:09:20.845+0000] {logging_mixin.py:188} INFO - [2026-03-01T08:09:20.844+0000] {dag.py:3823} INFO - Setting next_dagrun for example_local_kubernetes_executor to None, run_after=None
[2026-03-01T08:09:20.858+0000] {processor.py:183} INFO - Processing /home/airflow/.local/lib/python3.8/site-packages/airflow/example_dags/example_local_kubernetes_executor.py took 0.059 seconds
[2026-03-01T08:09:51.270+0000] {processor.py:161} INFO - Started process (PID=314) to work on /home/airflow/.local/lib/python3.8/site-packages/airflow/example_dags/example_local_kubernetes_executor.py
[2026-03-01T08:09:51.271+0000] {processor.py:830} INFO - Processing file /home/airflow/.local/lib/python3.8/site-packages/airflow/example_dags/example_local_kubernetes_executor.py for tasks to queue
[2026-03-01T08:09:51.273+0000] {logging_mixin.py:188} INFO - [2026-03-01T08:09:51.272+0000] {dagbag.py:538} INFO - Filling up the DagBag from /home/airflow/.local/lib/python3.8/site-packages/airflow/example_dags/example_local_kubernetes_executor.py
[2026-03-01T08:09:51.278+0000] {processor.py:840} INFO - DAG(s) 'example_local_kubernetes_executor' retrieved from /home/airflow/.local/lib/python3.8/site-packages/airflow/example_dags/example_local_kubernetes_executor.py
[2026-03-01T08:09:51.305+0000] {logging_mixin.py:188} INFO - [2026-03-01T08:09:51.304+0000] {dag.py:3036} INFO - Sync 1 DAGs
[2026-03-01T08:09:51.313+0000] {logging_mixin.py:188} INFO - [2026-03-01T08:09:51.312+0000] {dag.py:3823} INFO - Setting next_dagrun for example_local_kubernetes_executor to None, run_after=None
[2026-03-01T08:09:51.326+0000] {processor.py:183} INFO - Processing /home/airflow/.local/lib/python3.8/site-packages/airflow/example_dags/example_local_kubernetes_executor.py took 0.058 seconds
[2026-03-01T08:10:21.640+0000] {processor.py:161} INFO - Started process (PID=369) to work on /home/airflow/.local/lib/python3.8/site-packages/airflow/example_dags/example_local_kubernetes_executor.py
[2026-03-01T08:10:21.641+0000] {processor.py:830} INFO - Processing file /home/airflow/.local/lib/python3.8/site-packages/airflow/example_dags/example_local_kubernetes_executor.py for tasks to queue
[2026-03-01T08:10:21.643+0000] {logging_mixin.py:188} INFO - [2026-03-01T08:10:21.643+0000] {dagbag.py:538} INFO - Filling up the DagBag from /home/airflow/.local/lib/python3.8/site-packages/airflow/example_dags/example_local_kubernetes_executor.py
[2026-03-01T08:10:21.650+0000] {processor.py:840} INFO - DAG(s) 'example_local_kubernetes_executor' retrieved from /home/airflow/.local/lib/python3.8/site-packages/airflow/example_dags/example_local_kubernetes_executor.py
[2026-03-01T08:10:21.683+0000] {logging_mixin.py:188} INFO - [2026-03-01T08:10:21.683+0000] {dag.py:3036} INFO - Sync 1 DAGs
[2026-03-01T08:10:21.694+0000] {logging_mixin.py:188} INFO - [2026-03-01T08:10:21.693+0000] {dag.py:3823} INFO - Setting next_dagrun for example_local_kubernetes_executor to None, run_after=None
[2026-03-01T08:10:21.715+0000] {processor.py:183} INFO - Processing /home/airflow/.local/lib/python3.8/site-packages/airflow/example_dags/example_local_kubernetes_executor.py took 0.077 seconds
[2026-03-01T08:10:52.378+0000] {processor.py:161} INFO - Started process (PID=424) to work on /home/airflow/.local/lib/python3.8/site-packages/airflow/example_dags/example_local_kubernetes_executor.py
[2026-03-01T08:10:52.379+0000] {processor.py:830} INFO - Processing file /home/airflow/.local/lib/python3.8/site-packages/airflow/example_dags/example_local_kubernetes_executor.py for tasks to queue
[2026-03-01T08:10:52.380+0000] {logging_mixin.py:188} INFO - [2026-03-01T08:10:52.380+0000] {dagbag.py:538} INFO - Filling up the DagBag from /home/airflow/.local/lib/python3.8/site-packages/airflow/example_dags/example_local_kubernetes_executor.py
[2026-03-01T08:10:52.386+0000] {processor.py:840} INFO - DAG(s) 'example_local_kubernetes_executor' retrieved from /home/airflow/.local/lib/python3.8/site-packages/airflow/example_dags/example_local_kubernetes_executor.py
[2026-03-01T08:10:52.410+0000] {logging_mixin.py:188} INFO - [2026-03-01T08:10:52.409+0000] {dag.py:3036} INFO - Sync 1 DAGs
[2026-03-01T08:10:52.417+0000] {logging_mixin.py:188} INFO - [2026-03-01T08:10:52.417+0000] {dag.py:3823} INFO - Setting next_dagrun for example_local_kubernetes_executor to None, run_after=None
[2026-03-01T08:10:52.435+0000] {processor.py:183} INFO - Processing /home/airflow/.local/lib/python3.8/site-packages/airflow/example_dags/example_local_kubernetes_executor.py took 0.059 seconds
[2026-03-01T08:11:22.750+0000] {processor.py:161} INFO - Started process (PID=485) to work on /home/airflow/.local/lib/python3.8/site-packages/airflow/example_dags/example_local_kubernetes_executor.py
[2026-03-01T08:11:22.751+0000] {processor.py:830} INFO - Processing file /home/airflow/.local/lib/python3.8/site-packages/airflow/example_dags/example_local_kubernetes_executor.py for tasks to queue
[2026-03-01T08:11:22.752+0000] {logging_mixin.py:188} INFO - [2026-03-01T08:11:22.752+0000] {dagbag.py:538} INFO - Filling up the DagBag from /home/airflow/.local/lib/python3.8/site-packages/airflow/example_dags/example_local_kubernetes_executor.py
[2026-03-01T08:11:22.758+0000] {processor.py:840} INFO - DAG(s) 'example_local_kubernetes_executor' retrieved from /home/airflow/.local/lib/python3.8/site-packages/airflow/example_dags/example_local_kubernetes_executor.py
[2026-03-01T08:11:22.781+0000] {logging_mixin.py:188} INFO - [2026-03-01T08:11:22.781+0000] {dag.py:3036} INFO - Sync 1 DAGs
[2026-03-01T08:11:22.789+0000] {logging_mixin.py:188} INFO - [2026-03-01T08:11:22.789+0000] {dag.py:3823} INFO - Setting next_dagrun for example_local_kubernetes_executor to None, run_after=None
[2026-03-01T08:11:22.800+0000] {processor.py:183} INFO - Processing /home/airflow/.local/lib/python3.8/site-packages/airflow/example_dags/example_local_kubernetes_executor.py took 0.052 seconds
[2026-03-01T08:11:52.935+0000] {processor.py:161} INFO - Started process (PID=546) to work on /home/airflow/.local/lib/python3.8/site-packages/airflow/example_dags/example_local_kubernetes_executor.py
[2026-03-01T08:11:52.936+0000] {processor.py:830} INFO - Processing file /home/airflow/.local/lib/python3.8/site-packages/airflow/example_dags/example_local_kubernetes_executor.py for tasks to queue
[2026-03-01T08:11:52.938+0000] {logging_mixin.py:188} INFO - [2026-03-01T08:11:52.937+0000] {dagbag.py:538} INFO - Filling up the DagBag from /home/airflow/.local/lib/python3.8/site-packages/airflow/example_dags/example_local_kubernetes_executor.py
[2026-03-01T08:11:52.943+0000] {processor.py:840} INFO - DAG(s) 'example_local_kubernetes_executor' retrieved from /home/airflow/.local/lib/python3.8/site-packages/airflow/example_dags/example_local_kubernetes_executor.py
[2026-03-01T08:11:52.969+0000] {logging_mixin.py:188} INFO - [2026-03-01T08:11:52.969+0000] {dag.py:3036} INFO - Sync 1 DAGs
[2026-03-01T08:11:52.976+0000] {logging_mixin.py:188} INFO - [2026-03-01T08:11:52.976+0000] {dag.py:3823} INFO - Setting next_dagrun for example_local_kubernetes_executor to None, run_after=None
[2026-03-01T08:11:52.988+0000] {processor.py:183} INFO - Processing /home/airflow/.local/lib/python3.8/site-packages/airflow/example_dags/example_local_kubernetes_executor.py took 0.055 seconds
[2026-03-01T08:12:24.046+0000] {processor.py:161} INFO - Started process (PID=624) to work on /home/airflow/.local/lib/python3.8/site-packages/airflow/example_dags/example_local_kubernetes_executor.py
[2026-03-01T08:12:24.047+0000] {processor.py:830} INFO - Processing file /home/airflow/.local/lib/python3.8/site-packages/airflow/example_dags/example_local_kubernetes_executor.py for tasks to queue
[2026-03-01T08:12:24.049+0000] {logging_mixin.py:188} INFO - [2026-03-01T08:12:24.048+0000] {dagbag.py:538} INFO - Filling up the DagBag from /home/airflow/.local/lib/python3.8/site-packages/airflow/example_dags/example_local_kubernetes_executor.py
[2026-03-01T08:12:24.054+0000] {processor.py:840} INFO - DAG(s) 'example_local_kubernetes_executor' retrieved from /home/airflow/.local/lib/python3.8/site-packages/airflow/example_dags/example_local_kubernetes_executor.py
[2026-03-01T08:12:24.077+0000] {logging_mixin.py:188} INFO - [2026-03-01T08:12:24.077+0000] {dag.py:3036} INFO - Sync 1 DAGs
[2026-03-01T08:12:24.085+0000] {logging_mixin.py:188} INFO - [2026-03-01T08:12:24.084+0000] {dag.py:3823} INFO - Setting next_dagrun for example_local_kubernetes_executor to None, run_after=None
[2026-03-01T08:12:24.096+0000] {processor.py:183} INFO - Processing /home/airflow/.local/lib/python3.8/site-packages/airflow/example_dags/example_local_kubernetes_executor.py took 0.052 seconds
[2026-03-01T08:12:54.363+0000] {processor.py:161} INFO - Started process (PID=678) to work on /home/airflow/.local/lib/python3.8/site-packages/airflow/example_dags/example_local_kubernetes_executor.py
[2026-03-01T08:12:54.364+0000] {processor.py:830} INFO - Processing file /home/airflow/.local/lib/python3.8/site-packages/airflow/example_dags/example_local_kubernetes_executor.py for tasks to queue
[2026-03-01T08:12:54.366+0000] {logging_mixin.py:188} INFO - [2026-03-01T08:12:54.366+0000] {dagbag.py:538} INFO - Filling up the DagBag from /home/airflow/.local/lib/python3.8/site-packages/airflow/example_dags/example_local_kubernetes_executor.py
[2026-03-01T08:12:54.371+0000] {processor.py:840} INFO - DAG(s) 'example_local_kubernetes_executor' retrieved from /home/airflow/.local/lib/python3.8/site-packages/airflow/example_dags/example_local_kubernetes_executor.py
[2026-03-01T08:12:54.396+0000] {logging_mixin.py:188} INFO - [2026-03-01T08:12:54.396+0000] {dag.py:3036} INFO - Sync 1 DAGs
[2026-03-01T08:12:54.404+0000] {logging_mixin.py:188} INFO - [2026-03-01T08:12:54.404+0000] {dag.py:3823} INFO - Setting next_dagrun for example_local_kubernetes_executor to None, run_after=None
[2026-03-01T08:12:54.418+0000] {processor.py:183} INFO - Processing /home/airflow/.local/lib/python3.8/site-packages/airflow/example_dags/example_local_kubernetes_executor.py took 0.057 seconds
[2026-03-01T08:13:24.507+0000] {processor.py:161} INFO - Started process (PID=733) to work on /home/airflow/.local/lib/python3.8/site-packages/airflow/example_dags/example_local_kubernetes_executor.py
[2026-03-01T08:13:24.508+0000] {processor.py:830} INFO - Processing file /home/airflow/.local/lib/python3.8/site-packages/airflow/example_dags/example_local_kubernetes_executor.py for tasks to queue
[2026-03-01T08:13:24.509+0000] {logging_mixin.py:188} INFO - [2026-03-01T08:13:24.509+0000] {dagbag.py:538} INFO - Filling up the DagBag from /home/airflow/.local/lib/python3.8/site-packages/airflow/example_dags/example_local_kubernetes_executor.py
[2026-03-01T08:13:24.516+0000] {processor.py:840} INFO - DAG(s) 'example_local_kubernetes_executor' retrieved from /home/airflow/.local/lib/python3.8/site-packages/airflow/example_dags/example_local_kubernetes_executor.py
[2026-03-01T08:13:24.539+0000] {logging_mixin.py:188} INFO - [2026-03-01T08:13:24.539+0000] {dag.py:3036} INFO - Sync 1 DAGs
[2026-03-01T08:13:24.547+0000] {logging_mixin.py:188} INFO - [2026-03-01T08:13:24.547+0000] {dag.py:3823} INFO - Setting next_dagrun for example_local_kubernetes_executor to None, run_after=None
[2026-03-01T08:13:24.560+0000] {processor.py:183} INFO - Processing /home/airflow/.local/lib/python3.8/site-packages/airflow/example_dags/example_local_kubernetes_executor.py took 0.055 seconds
[2026-03-01T08:13:54.928+0000] {processor.py:161} INFO - Started process (PID=811) to work on /home/airflow/.local/lib/python3.8/site-packages/airflow/example_dags/example_local_kubernetes_executor.py
[2026-03-01T08:13:54.929+0000] {processor.py:830} INFO - Processing file /home/airflow/.local/lib/python3.8/site-packages/airflow/example_dags/example_local_kubernetes_executor.py for tasks to queue
[2026-03-01T08:13:54.931+0000] {logging_mixin.py:188} INFO - [2026-03-01T08:13:54.931+0000] {dagbag.py:538} INFO - Filling up the DagBag from /home/airflow/.local/lib/python3.8/site-packages/airflow/example_dags/example_local_kubernetes_executor.py
[2026-03-01T08:13:54.937+0000] {processor.py:840} INFO - DAG(s) 'example_local_kubernetes_executor' retrieved from /home/airflow/.local/lib/python3.8/site-packages/airflow/example_dags/example_local_kubernetes_executor.py
[2026-03-01T08:13:54.961+0000] {logging_mixin.py:188} INFO - [2026-03-01T08:13:54.960+0000] {dag.py:3036} INFO - Sync 1 DAGs
[2026-03-01T08:13:54.968+0000] {logging_mixin.py:188} INFO - [2026-03-01T08:13:54.968+0000] {dag.py:3823} INFO - Setting next_dagrun for example_local_kubernetes_executor to None, run_after=None
[2026-03-01T08:13:54.981+0000] {processor.py:183} INFO - Processing /home/airflow/.local/lib/python3.8/site-packages/airflow/example_dags/example_local_kubernetes_executor.py took 0.055 seconds
[2026-03-01T08:14:25.102+0000] {processor.py:161} INFO - Started process (PID=888) to work on /home/airflow/.local/lib/python3.8/site-packages/airflow/example_dags/example_local_kubernetes_executor.py
[2026-03-01T08:14:25.103+0000] {processor.py:830} INFO - Processing file /home/airflow/.local/lib/python3.8/site-packages/airflow/example_dags/example_local_kubernetes_executor.py for tasks to queue
[2026-03-01T08:14:25.104+0000] {logging_mixin.py:188} INFO - [2026-03-01T08:14:25.104+0000] {dagbag.py:538} INFO - Filling up the DagBag from /home/airflow/.local/lib/python3.8/site-packages/airflow/example_dags/example_local_kubernetes_executor.py
[2026-03-01T08:14:25.109+0000] {processor.py:840} INFO - DAG(s) 'example_local_kubernetes_executor' retrieved from /home/airflow/.local/lib/python3.8/site-packages/airflow/example_dags/example_local_kubernetes_executor.py
[2026-03-01T08:14:25.119+0000] {logging_mixin.py:188} INFO - [2026-03-01T08:14:25.118+0000] {dag.py:3036} INFO - Sync 1 DAGs
[2026-03-01T08:14:25.126+0000] {logging_mixin.py:188} INFO - [2026-03-01T08:14:25.126+0000] {dag.py:3823} INFO - Setting next_dagrun for example_local_kubernetes_executor to None, run_after=None
[2026-03-01T08:14:25.149+0000] {processor.py:183} INFO - Processing /home/airflow/.local/lib/python3.8/site-packages/airflow/example_dags/example_local_kubernetes_executor.py took 0.049 seconds
[2026-03-01T08:14:55.852+0000] {processor.py:161} INFO - Started process (PID=943) to work on /home/airflow/.local/lib/python3.8/site-packages/airflow/example_dags/example_local_kubernetes_executor.py
[2026-03-01T08:14:55.853+0000] {processor.py:830} INFO - Processing file /home/airflow/.local/lib/python3.8/site-packages/airflow/example_dags/example_local_kubernetes_executor.py for tasks to queue
[2026-03-01T08:14:55.854+0000] {logging_mixin.py:188} INFO - [2026-03-01T08:14:55.854+0000] {dagbag.py:538} INFO - Filling up the DagBag from /home/airflow/.local/lib/python3.8/site-packages/airflow/example_dags/example_local_kubernetes_executor.py
[2026-03-01T08:14:55.860+0000] {processor.py:840} INFO - DAG(s) 'example_local_kubernetes_executor' retrieved from /home/airflow/.local/lib/python3.8/site-packages/airflow/example_dags/example_local_kubernetes_executor.py
[2026-03-01T08:14:55.926+0000] {logging_mixin.py:188} INFO - [2026-03-01T08:14:55.926+0000] {dag.py:3036} INFO - Sync 1 DAGs
[2026-03-01T08:14:55.934+0000] {logging_mixin.py:188} INFO - [2026-03-01T08:14:55.933+0000] {dag.py:3823} INFO - Setting next_dagrun for example_local_kubernetes_executor to None, run_after=None
[2026-03-01T08:14:55.950+0000] {processor.py:183} INFO - Processing /home/airflow/.local/lib/python3.8/site-packages/airflow/example_dags/example_local_kubernetes_executor.py took 0.101 seconds
[2026-03-01T08:15:26.319+0000] {processor.py:161} INFO - Started process (PID=998) to work on /home/airflow/.local/lib/python3.8/site-packages/airflow/example_dags/example_local_kubernetes_executor.py
[2026-03-01T08:15:26.320+0000] {processor.py:830} INFO - Processing file /home/airflow/.local/lib/python3.8/site-packages/airflow/example_dags/example_local_kubernetes_executor.py for tasks to queue
[2026-03-01T08:15:26.322+0000] {logging_mixin.py:188} INFO - [2026-03-01T08:15:26.321+0000] {dagbag.py:538} INFO - Filling up the DagBag from /home/airflow/.local/lib/python3.8/site-packages/airflow/example_dags/example_local_kubernetes_executor.py
[2026-03-01T08:15:26.327+0000] {processor.py:840} INFO - DAG(s) 'example_local_kubernetes_executor' retrieved from /home/airflow/.local/lib/python3.8/site-packages/airflow/example_dags/example_local_kubernetes_executor.py
[2026-03-01T08:15:26.349+0000] {logging_mixin.py:188} INFO - [2026-03-01T08:15:26.349+0000] {dag.py:3036} INFO - Sync 1 DAGs
[2026-03-01T08:15:26.357+0000] {logging_mixin.py:188} INFO - [2026-03-01T08:15:26.357+0000] {dag.py:3823} INFO - Setting next_dagrun for example_local_kubernetes_executor to None, run_after=None
[2026-03-01T08:15:26.370+0000] {processor.py:183} INFO - Processing /home/airflow/.local/lib/python3.8/site-packages/airflow/example_dags/example_local_kubernetes_executor.py took 0.053 seconds
[2026-03-01T08:15:56.637+0000] {processor.py:161} INFO - Started process (PID=1060) to work on /home/airflow/.local/lib/python3.8/site-packages/airflow/example_dags/example_local_kubernetes_executor.py
[2026-03-01T08:15:56.638+0000] {processor.py:830} INFO - Processing file /home/airflow/.local/lib/python3.8/site-packages/airflow/example_dags/example_local_kubernetes_executor.py for tasks to queue
[2026-03-01T08:15:56.640+0000] {logging_mixin.py:188} INFO - [2026-03-01T08:15:56.639+0000] {dagbag.py:538} INFO - Filling up the DagBag from /home/airflow/.local/lib/python3.8/site-packages/airflow/example_dags/example_local_kubernetes_executor.py
[2026-03-01T08:15:56.645+0000] {processor.py:840} INFO - DAG(s) 'example_local_kubernetes_executor' retrieved from /home/airflow/.local/lib/python3.8/site-packages/airflow/example_dags/example_local_kubernetes_executor.py
[2026-03-01T08:15:56.672+0000] {logging_mixin.py:188} INFO - [2026-03-01T08:15:56.672+0000] {dag.py:3036} INFO - Sync 1 DAGs
[2026-03-01T08:15:56.682+0000] {logging_mixin.py:188} INFO - [2026-03-01T08:15:56.682+0000] {dag.py:3823} INFO - Setting next_dagrun for example_local_kubernetes_executor to None, run_after=None
[2026-03-01T08:15:56.701+0000] {processor.py:183} INFO - Processing /home/airflow/.local/lib/python3.8/site-packages/airflow/example_dags/example_local_kubernetes_executor.py took 0.066 seconds
[2026-03-01T08:16:26.945+0000] {processor.py:161} INFO - Started process (PID=1131) to work on /home/airflow/.local/lib/python3.8/site-packages/airflow/example_dags/example_local_kubernetes_executor.py
[2026-03-01T08:16:26.947+0000] {processor.py:830} INFO - Processing file /home/airflow/.local/lib/python3.8/site-packages/airflow/example_dags/example_local_kubernetes_executor.py for tasks to queue
[2026-03-01T08:16:26.948+0000] {logging_mixin.py:188} INFO - [2026-03-01T08:16:26.948+0000] {dagbag.py:538} INFO - Filling up the DagBag from /home/airflow/.local/lib/python3.8/site-packages/airflow/example_dags/example_local_kubernetes_executor.py
[2026-03-01T08:16:26.954+0000] {processor.py:840} INFO - DAG(s) 'example_local_kubernetes_executor' retrieved from /home/airflow/.local/lib/python3.8/site-packages/airflow/example_dags/example_local_kubernetes_executor.py
[2026-03-01T08:16:26.980+0000] {logging_mixin.py:188} INFO - [2026-03-01T08:16:26.979+0000] {dag.py:3036} INFO - Sync 1 DAGs
[2026-03-01T08:16:26.988+0000] {logging_mixin.py:188} INFO - [2026-03-01T08:16:26.987+0000] {dag.py:3823} INFO - Setting next_dagrun for example_local_kubernetes_executor to None, run_after=None
[2026-03-01T08:16:27.003+0000] {processor.py:183} INFO - Processing /home/airflow/.local/lib/python3.8/site-packages/airflow/example_dags/example_local_kubernetes_executor.py took 0.060 seconds
[2026-03-01T08:16:57.286+0000] {processor.py:161} INFO - Started process (PID=1192) to work on /home/airflow/.local/lib/python3.8/site-packages/airflow/example_dags/example_local_kubernetes_executor.py
[2026-03-01T08:16:57.288+0000] {processor.py:830} INFO - Processing file /home/airflow/.local/lib/python3.8/site-packages/airflow/example_dags/example_local_kubernetes_executor.py for tasks to queue
[2026-03-01T08:16:57.289+0000] {logging_mixin.py:188} INFO - [2026-03-01T08:16:57.289+0000] {dagbag.py:538} INFO - Filling up the DagBag from /home/airflow/.local/lib/python3.8/site-packages/airflow/example_dags/example_local_kubernetes_executor.py
[2026-03-01T08:16:57.295+0000] {processor.py:840} INFO - DAG(s) 'example_local_kubernetes_executor' retrieved from /home/airflow/.local/lib/python3.8/site-packages/airflow/example_dags/example_local_kubernetes_executor.py
[2026-03-01T08:16:57.319+0000] {logging_mixin.py:188} INFO - [2026-03-01T08:16:57.319+0000] {dag.py:3036} INFO - Sync 1 DAGs
[2026-03-01T08:16:57.327+0000] {logging_mixin.py:188} INFO - [2026-03-01T08:16:57.327+0000] {dag.py:3823} INFO - Setting next_dagrun for example_local_kubernetes_executor to None, run_after=None
[2026-03-01T08:16:57.340+0000] {processor.py:183} INFO - Processing /home/airflow/.local/lib/python3.8/site-packages/airflow/example_dags/example_local_kubernetes_executor.py took 0.056 seconds
[2026-03-01T08:17:27.529+0000] {processor.py:161} INFO - Started process (PID=1270) to work on /home/airflow/.local/lib/python3.8/site-packages/airflow/example_dags/example_local_kubernetes_executor.py
[2026-03-01T08:17:27.530+0000] {processor.py:830} INFO - Processing file /home/airflow/.local/lib/python3.8/site-packages/airflow/example_dags/example_local_kubernetes_executor.py for tasks to queue
[2026-03-01T08:17:27.533+0000] {logging_mixin.py:188} INFO - [2026-03-01T08:17:27.533+0000] {dagbag.py:538} INFO - Filling up the DagBag from /home/airflow/.local/lib/python3.8/site-packages/airflow/example_dags/example_local_kubernetes_executor.py
[2026-03-01T08:17:27.540+0000] {processor.py:840} INFO - DAG(s) 'example_local_kubernetes_executor' retrieved from /home/airflow/.local/lib/python3.8/site-packages/airflow/example_dags/example_local_kubernetes_executor.py
[2026-03-01T08:17:27.569+0000] {logging_mixin.py:188} INFO - [2026-03-01T08:17:27.569+0000] {dag.py:3036} INFO - Sync 1 DAGs
[2026-03-01T08:17:27.577+0000] {logging_mixin.py:188} INFO - [2026-03-01T08:17:27.576+0000] {dag.py:3823} INFO - Setting next_dagrun for example_local_kubernetes_executor to None, run_after=None
[2026-03-01T08:17:27.591+0000] {processor.py:183} INFO - Processing /home/airflow/.local/lib/python3.8/site-packages/airflow/example_dags/example_local_kubernetes_executor.py took 0.064 seconds
[2026-03-01T08:17:57.843+0000] {processor.py:161} INFO - Started process (PID=1326) to work on /home/airflow/.local/lib/python3.8/site-packages/airflow/example_dags/example_local_kubernetes_executor.py
[2026-03-01T08:17:57.844+0000] {processor.py:830} INFO - Processing file /home/airflow/.local/lib/python3.8/site-packages/airflow/example_dags/example_local_kubernetes_executor.py for tasks to queue
[2026-03-01T08:17:57.846+0000] {logging_mixin.py:188} INFO - [2026-03-01T08:17:57.846+0000] {dagbag.py:538} INFO - Filling up the DagBag from /home/airflow/.local/lib/python3.8/site-packages/airflow/example_dags/example_local_kubernetes_executor.py
[2026-03-01T08:17:57.852+0000] {processor.py:840} INFO - DAG(s) 'example_local_kubernetes_executor' retrieved from /home/airflow/.local/lib/python3.8/site-packages/airflow/example_dags/example_local_kubernetes_executor.py
[2026-03-01T08:17:57.880+0000] {logging_mixin.py:188} INFO - [2026-03-01T08:17:57.879+0000] {dag.py:3036} INFO - Sync 1 DAGs
[2026-03-01T08:17:57.888+0000] {logging_mixin.py:188} INFO - [2026-03-01T08:17:57.888+0000] {dag.py:3823} INFO - Setting next_dagrun for example_local_kubernetes_executor to None, run_after=None
[2026-03-01T08:17:57.902+0000] {processor.py:183} INFO - Processing /home/airflow/.local/lib/python3.8/site-packages/airflow/example_dags/example_local_kubernetes_executor.py took 0.062 seconds
[2026-03-01T08:18:28.425+0000] {processor.py:161} INFO - Started process (PID=1382) to work on /home/airflow/.local/lib/python3.8/site-packages/airflow/example_dags/example_local_kubernetes_executor.py
[2026-03-01T08:18:28.426+0000] {processor.py:830} INFO - Processing file /home/airflow/.local/lib/python3.8/site-packages/airflow/example_dags/example_local_kubernetes_executor.py for tasks to queue
[2026-03-01T08:18:28.428+0000] {logging_mixin.py:188} INFO - [2026-03-01T08:18:28.428+0000] {dagbag.py:538} INFO - Filling up the DagBag from /home/airflow/.local/lib/python3.8/site-packages/airflow/example_dags/example_local_kubernetes_executor.py
[2026-03-01T08:18:28.434+0000] {processor.py:840} INFO - DAG(s) 'example_local_kubernetes_executor' retrieved from /home/airflow/.local/lib/python3.8/site-packages/airflow/example_dags/example_local_kubernetes_executor.py
[2026-03-01T08:18:28.464+0000] {logging_mixin.py:188} INFO - [2026-03-01T08:18:28.464+0000] {dag.py:3036} INFO - Sync 1 DAGs
[2026-03-01T08:18:28.472+0000] {logging_mixin.py:188} INFO - [2026-03-01T08:18:28.472+0000] {dag.py:3823} INFO - Setting next_dagrun for example_local_kubernetes_executor to None, run_after=None
[2026-03-01T08:18:28.493+0000] {processor.py:183} INFO - Processing /home/airflow/.local/lib/python3.8/site-packages/airflow/example_dags/example_local_kubernetes_executor.py took 0.070 seconds
[2026-03-01T08:18:58.613+0000] {processor.py:161} INFO - Started process (PID=1438) to work on /home/airflow/.local/lib/python3.8/site-packages/airflow/example_dags/example_local_kubernetes_executor.py
[2026-03-01T08:18:58.614+0000] {processor.py:830} INFO - Processing file /home/airflow/.local/lib/python3.8/site-packages/airflow/example_dags/example_local_kubernetes_executor.py for tasks to queue
[2026-03-01T08:18:58.615+0000] {logging_mixin.py:188} INFO - [2026-03-01T08:18:58.615+0000] {dagbag.py:538} INFO - Filling up the DagBag from /home/airflow/.local/lib/python3.8/site-packages/airflow/example_dags/example_local_kubernetes_executor.py
[2026-03-01T08:18:58.621+0000] {processor.py:840} INFO - DAG(s) 'example_local_kubernetes_executor' retrieved from /home/airflow/.local/lib/python3.8/site-packages/airflow/example_dags/example_local_kubernetes_executor.py
[2026-03-01T08:18:58.646+0000] {logging_mixin.py:188} INFO - [2026-03-01T08:18:58.645+0000] {dag.py:3036} INFO - Sync 1 DAGs
[2026-03-01T08:18:58.653+0000] {logging_mixin.py:188} INFO - [2026-03-01T08:18:58.653+0000] {dag.py:3823} INFO - Setting next_dagrun for example_local_kubernetes_executor to None, run_after=None
[2026-03-01T08:18:58.666+0000] {processor.py:183} INFO - Processing /home/airflow/.local/lib/python3.8/site-packages/airflow/example_dags/example_local_kubernetes_executor.py took 0.056 seconds
[2026-03-01T08:19:28.937+0000] {processor.py:161} INFO - Started process (PID=1494) to work on /home/airflow/.local/lib/python3.8/site-packages/airflow/example_dags/example_local_kubernetes_executor.py
[2026-03-01T08:19:28.938+0000] {processor.py:830} INFO - Processing file /home/airflow/.local/lib/python3.8/site-packages/airflow/example_dags/example_local_kubernetes_executor.py for tasks to queue
[2026-03-01T08:19:28.940+0000] {logging_mixin.py:188} INFO - [2026-03-01T08:19:28.940+0000] {dagbag.py:538} INFO - Filling up the DagBag from /home/airflow/.local/lib/python3.8/site-packages/airflow/example_dags/example_local_kubernetes_executor.py
[2026-03-01T08:19:28.946+0000] {processor.py:840} INFO - DAG(s) 'example_local_kubernetes_executor' retrieved from /home/airflow/.local/lib/python3.8/site-packages/airflow/example_dags/example_local_kubernetes_executor.py
[2026-03-01T08:19:28.974+0000] {logging_mixin.py:188} INFO - [2026-03-01T08:19:28.974+0000] {dag.py:3036} INFO - Sync 1 DAGs
[2026-03-01T08:19:28.982+0000] {logging_mixin.py:188} INFO - [2026-03-01T08:19:28.982+0000] {dag.py:3823} INFO - Setting next_dagrun for example_local_kubernetes_executor to None, run_after=None
[2026-03-01T08:19:28.996+0000] {processor.py:183} INFO - Processing /home/airflow/.local/lib/python3.8/site-packages/airflow/example_dags/example_local_kubernetes_executor.py took 0.062 seconds
[2026-03-01T08:19:59.116+0000] {processor.py:161} INFO - Started process (PID=1550) to work on /home/airflow/.local/lib/python3.8/site-packages/airflow/example_dags/example_local_kubernetes_executor.py
[2026-03-01T08:19:59.118+0000] {processor.py:830} INFO - Processing file /home/airflow/.local/lib/python3.8/site-packages/airflow/example_dags/example_local_kubernetes_executor.py for tasks to queue
[2026-03-01T08:19:59.119+0000] {logging_mixin.py:188} INFO - [2026-03-01T08:19:59.119+0000] {dagbag.py:538} INFO - Filling up the DagBag from /home/airflow/.local/lib/python3.8/site-packages/airflow/example_dags/example_local_kubernetes_executor.py
[2026-03-01T08:19:59.124+0000] {processor.py:840} INFO - DAG(s) 'example_local_kubernetes_executor' retrieved from /home/airflow/.local/lib/python3.8/site-packages/airflow/example_dags/example_local_kubernetes_executor.py
[2026-03-01T08:19:59.153+0000] {logging_mixin.py:188} INFO - [2026-03-01T08:19:59.153+0000] {dag.py:3036} INFO - Sync 1 DAGs
[2026-03-01T08:19:59.160+0000] {logging_mixin.py:188} INFO - [2026-03-01T08:19:59.160+0000] {dag.py:3823} INFO - Setting next_dagrun for example_local_kubernetes_executor to None, run_after=None
[2026-03-01T08:19:59.173+0000] {processor.py:183} INFO - Processing /home/airflow/.local/lib/python3.8/site-packages/airflow/example_dags/example_local_kubernetes_executor.py took 0.059 seconds
[2026-03-01T08:20:29.460+0000] {processor.py:161} INFO - Started process (PID=1606) to work on /home/airflow/.local/lib/python3.8/site-packages/airflow/example_dags/example_local_kubernetes_executor.py
[2026-03-01T08:20:29.461+0000] {processor.py:830} INFO - Processing file /home/airflow/.local/lib/python3.8/site-packages/airflow/example_dags/example_local_kubernetes_executor.py for tasks to queue
[2026-03-01T08:20:29.463+0000] {logging_mixin.py:188} INFO - [2026-03-01T08:20:29.463+0000] {dagbag.py:538} INFO - Filling up the DagBag from /home/airflow/.local/lib/python3.8/site-packages/airflow/example_dags/example_local_kubernetes_executor.py
[2026-03-01T08:20:29.470+0000] {processor.py:840} INFO - DAG(s) 'example_local_kubernetes_executor' retrieved from /home/airflow/.local/lib/python3.8/site-packages/airflow/example_dags/example_local_kubernetes_executor.py
[2026-03-01T08:20:29.505+0000] {logging_mixin.py:188} INFO - [2026-03-01T08:20:29.505+0000] {dag.py:3036} INFO - Sync 1 DAGs
[2026-03-01T08:20:29.517+0000] {logging_mixin.py:188} INFO - [2026-03-01T08:20:29.517+0000] {dag.py:3823} INFO - Setting next_dagrun for example_local_kubernetes_executor to None, run_after=None
[2026-03-01T08:20:29.533+0000] {processor.py:183} INFO - Processing /home/airflow/.local/lib/python3.8/site-packages/airflow/example_dags/example_local_kubernetes_executor.py took 0.076 seconds
[2026-03-01T08:21:00.421+0000] {processor.py:161} INFO - Started process (PID=1662) to work on /home/airflow/.local/lib/python3.8/site-packages/airflow/example_dags/example_local_kubernetes_executor.py
[2026-03-01T08:21:00.422+0000] {processor.py:830} INFO - Processing file /home/airflow/.local/lib/python3.8/site-packages/airflow/example_dags/example_local_kubernetes_executor.py for tasks to queue
[2026-03-01T08:21:00.424+0000] {logging_mixin.py:188} INFO - [2026-03-01T08:21:00.423+0000] {dagbag.py:538} INFO - Filling up the DagBag from /home/airflow/.local/lib/python3.8/site-packages/airflow/example_dags/example_local_kubernetes_executor.py
[2026-03-01T08:21:00.429+0000] {processor.py:840} INFO - DAG(s) 'example_local_kubernetes_executor' retrieved from /home/airflow/.local/lib/python3.8/site-packages/airflow/example_dags/example_local_kubernetes_executor.py
[2026-03-01T08:21:00.454+0000] {logging_mixin.py:188} INFO - [2026-03-01T08:21:00.454+0000] {dag.py:3036} INFO - Sync 1 DAGs
[2026-03-01T08:21:00.462+0000] {logging_mixin.py:188} INFO - [2026-03-01T08:21:00.462+0000] {dag.py:3823} INFO - Setting next_dagrun for example_local_kubernetes_executor to None, run_after=None
[2026-03-01T08:21:00.474+0000] {processor.py:183} INFO - Processing /home/airflow/.local/lib/python3.8/site-packages/airflow/example_dags/example_local_kubernetes_executor.py took 0.055 seconds
[2026-03-01T08:21:30.780+0000] {processor.py:161} INFO - Started process (PID=1718) to work on /home/airflow/.local/lib/python3.8/site-packages/airflow/example_dags/example_local_kubernetes_executor.py
[2026-03-01T08:21:30.781+0000] {processor.py:830} INFO - Processing file /home/airflow/.local/lib/python3.8/site-packages/airflow/example_dags/example_local_kubernetes_executor.py for tasks to queue
[2026-03-01T08:21:30.783+0000] {logging_mixin.py:188} INFO - [2026-03-01T08:21:30.783+0000] {dagbag.py:538} INFO - Filling up the DagBag from /home/airflow/.local/lib/python3.8/site-packages/airflow/example_dags/example_local_kubernetes_executor.py
[2026-03-01T08:21:30.789+0000] {processor.py:840} INFO - DAG(s) 'example_local_kubernetes_executor' retrieved from /home/airflow/.local/lib/python3.8/site-packages/airflow/example_dags/example_local_kubernetes_executor.py
[2026-03-01T08:21:30.818+0000] {logging_mixin.py:188} INFO - [2026-03-01T08:21:30.817+0000] {dag.py:3036} INFO - Sync 1 DAGs
[2026-03-01T08:21:30.825+0000] {logging_mixin.py:188} INFO - [2026-03-01T08:21:30.825+0000] {dag.py:3823} INFO - Setting next_dagrun for example_local_kubernetes_executor to None, run_after=None
[2026-03-01T08:21:30.840+0000] {processor.py:183} INFO - Processing /home/airflow/.local/lib/python3.8/site-packages/airflow/example_dags/example_local_kubernetes_executor.py took 0.063 seconds
[2026-03-01T08:22:01.128+0000] {processor.py:161} INFO - Started process (PID=1774) to work on /home/airflow/.local/lib/python3.8/site-packages/airflow/example_dags/example_local_kubernetes_executor.py
[2026-03-01T08:22:01.129+0000] {processor.py:830} INFO - Processing file /home/airflow/.local/lib/python3.8/site-packages/airflow/example_dags/example_local_kubernetes_executor.py for tasks to queue
[2026-03-01T08:22:01.131+0000] {logging_mixin.py:188} INFO - [2026-03-01T08:22:01.131+0000] {dagbag.py:538} INFO - Filling up the DagBag from /home/airflow/.local/lib/python3.8/site-packages/airflow/example_dags/example_local_kubernetes_executor.py
[2026-03-01T08:22:01.137+0000] {processor.py:840} INFO - DAG(s) 'example_local_kubernetes_executor' retrieved from /home/airflow/.local/lib/python3.8/site-packages/airflow/example_dags/example_local_kubernetes_executor.py
[2026-03-01T08:22:01.166+0000] {logging_mixin.py:188} INFO - [2026-03-01T08:22:01.166+0000] {dag.py:3036} INFO - Sync 1 DAGs
[2026-03-01T08:22:01.173+0000] {logging_mixin.py:188} INFO - [2026-03-01T08:22:01.173+0000] {dag.py:3823} INFO - Setting next_dagrun for example_local_kubernetes_executor to None, run_after=None
[2026-03-01T08:22:01.186+0000] {processor.py:183} INFO - Processing /home/airflow/.local/lib/python3.8/site-packages/airflow/example_dags/example_local_kubernetes_executor.py took 0.060 seconds
[2026-03-01T08:22:31.487+0000] {processor.py:161} INFO - Started process (PID=1830) to work on /home/airflow/.local/lib/python3.8/site-packages/airflow/example_dags/example_local_kubernetes_executor.py
[2026-03-01T08:22:31.489+0000] {processor.py:830} INFO - Processing file /home/airflow/.local/lib/python3.8/site-packages/airflow/example_dags/example_local_kubernetes_executor.py for tasks to queue
[2026-03-01T08:22:31.491+0000] {logging_mixin.py:188} INFO - [2026-03-01T08:22:31.491+0000] {dagbag.py:538} INFO - Filling up the DagBag from /home/airflow/.local/lib/python3.8/site-packages/airflow/example_dags/example_local_kubernetes_executor.py
[2026-03-01T08:22:31.498+0000] {processor.py:840} INFO - DAG(s) 'example_local_kubernetes_executor' retrieved from /home/airflow/.local/lib/python3.8/site-packages/airflow/example_dags/example_local_kubernetes_executor.py
[2026-03-01T08:22:31.525+0000] {logging_mixin.py:188} INFO - [2026-03-01T08:22:31.525+0000] {dag.py:3036} INFO - Sync 1 DAGs
[2026-03-01T08:22:31.534+0000] {logging_mixin.py:188} INFO - [2026-03-01T08:22:31.534+0000] {dag.py:3823} INFO - Setting next_dagrun for example_local_kubernetes_executor to None, run_after=None
[2026-03-01T08:22:31.549+0000] {processor.py:183} INFO - Processing /home/airflow/.local/lib/python3.8/site-packages/airflow/example_dags/example_local_kubernetes_executor.py took 0.065 seconds
[2026-03-01T08:23:01.811+0000] {processor.py:161} INFO - Started process (PID=1886) to work on /home/airflow/.local/lib/python3.8/site-packages/airflow/example_dags/example_local_kubernetes_executor.py
[2026-03-01T08:23:01.811+0000] {processor.py:830} INFO - Processing file /home/airflow/.local/lib/python3.8/site-packages/airflow/example_dags/example_local_kubernetes_executor.py for tasks to queue
[2026-03-01T08:23:01.813+0000] {logging_mixin.py:188} INFO - [2026-03-01T08:23:01.813+0000] {dagbag.py:538} INFO - Filling up the DagBag from /home/airflow/.local/lib/python3.8/site-packages/airflow/example_dags/example_local_kubernetes_executor.py
[2026-03-01T08:23:01.818+0000] {processor.py:840} INFO - DAG(s) 'example_local_kubernetes_executor' retrieved from /home/airflow/.local/lib/python3.8/site-packages/airflow/example_dags/example_local_kubernetes_executor.py
[2026-03-01T08:23:01.843+0000] {logging_mixin.py:188} INFO - [2026-03-01T08:23:01.842+0000] {dag.py:3036} INFO - Sync 1 DAGs
[2026-03-01T08:23:01.850+0000] {logging_mixin.py:188} INFO - [2026-03-01T08:23:01.850+0000] {dag.py:3823} INFO - Setting next_dagrun for example_local_kubernetes_executor to None, run_after=None
[2026-03-01T08:23:01.863+0000] {processor.py:183} INFO - Processing /home/airflow/.local/lib/python3.8/site-packages/airflow/example_dags/example_local_kubernetes_executor.py took 0.055 seconds
[2026-03-01T08:23:32.069+0000] {processor.py:161} INFO - Started process (PID=1941) to work on /home/airflow/.local/lib/python3.8/site-packages/airflow/example_dags/example_local_kubernetes_executor.py
[2026-03-01T08:23:32.070+0000] {processor.py:830} INFO - Processing file /home/airflow/.local/lib/python3.8/site-packages/airflow/example_dags/example_local_kubernetes_executor.py for tasks to queue
[2026-03-01T08:23:32.072+0000] {logging_mixin.py:188} INFO - [2026-03-01T08:23:32.072+0000] {dagbag.py:538} INFO - Filling up the DagBag from /home/airflow/.local/lib/python3.8/site-packages/airflow/example_dags/example_local_kubernetes_executor.py
[2026-03-01T08:23:32.078+0000] {processor.py:840} INFO - DAG(s) 'example_local_kubernetes_executor' retrieved from /home/airflow/.local/lib/python3.8/site-packages/airflow/example_dags/example_local_kubernetes_executor.py
[2026-03-01T08:23:32.104+0000] {logging_mixin.py:188} INFO - [2026-03-01T08:23:32.104+0000] {dag.py:3036} INFO - Sync 1 DAGs
[2026-03-01T08:23:32.111+0000] {logging_mixin.py:188} INFO - [2026-03-01T08:23:32.111+0000] {dag.py:3823} INFO - Setting next_dagrun for example_local_kubernetes_executor to None, run_after=None
[2026-03-01T08:23:32.125+0000] {processor.py:183} INFO - Processing /home/airflow/.local/lib/python3.8/site-packages/airflow/example_dags/example_local_kubernetes_executor.py took 0.058 seconds
[2026-03-01T08:24:02.340+0000] {processor.py:161} INFO - Started process (PID=1997) to work on /home/airflow/.local/lib/python3.8/site-packages/airflow/example_dags/example_local_kubernetes_executor.py
[2026-03-01T08:24:02.341+0000] {processor.py:830} INFO - Processing file /home/airflow/.local/lib/python3.8/site-packages/airflow/example_dags/example_local_kubernetes_executor.py for tasks to queue
[2026-03-01T08:24:02.342+0000] {logging_mixin.py:188} INFO - [2026-03-01T08:24:02.342+0000] {dagbag.py:538} INFO - Filling up the DagBag from /home/airflow/.local/lib/python3.8/site-packages/airflow/example_dags/example_local_kubernetes_executor.py
[2026-03-01T08:24:02.348+0000] {processor.py:840} INFO - DAG(s) 'example_local_kubernetes_executor' retrieved from /home/airflow/.local/lib/python3.8/site-packages/airflow/example_dags/example_local_kubernetes_executor.py
[2026-03-01T08:24:02.374+0000] {logging_mixin.py:188} INFO - [2026-03-01T08:24:02.374+0000] {dag.py:3036} INFO - Sync 1 DAGs
[2026-03-01T08:24:02.382+0000] {logging_mixin.py:188} INFO - [2026-03-01T08:24:02.382+0000] {dag.py:3823} INFO - Setting next_dagrun for example_local_kubernetes_executor to None, run_after=None
[2026-03-01T08:24:02.395+0000] {processor.py:183} INFO - Processing /home/airflow/.local/lib/python3.8/site-packages/airflow/example_dags/example_local_kubernetes_executor.py took 0.058 seconds
[2026-03-01T08:24:32.631+0000] {processor.py:161} INFO - Started process (PID=2053) to work on /home/airflow/.local/lib/python3.8/site-packages/airflow/example_dags/example_local_kubernetes_executor.py
[2026-03-01T08:24:32.632+0000] {processor.py:830} INFO - Processing file /home/airflow/.local/lib/python3.8/site-packages/airflow/example_dags/example_local_kubernetes_executor.py for tasks to queue
[2026-03-01T08:24:32.633+0000] {logging_mixin.py:188} INFO - [2026-03-01T08:24:32.633+0000] {dagbag.py:538} INFO - Filling up the DagBag from /home/airflow/.local/lib/python3.8/site-packages/airflow/example_dags/example_local_kubernetes_executor.py
[2026-03-01T08:24:32.639+0000] {processor.py:840} INFO - DAG(s) 'example_local_kubernetes_executor' retrieved from /home/airflow/.local/lib/python3.8/site-packages/airflow/example_dags/example_local_kubernetes_executor.py
[2026-03-01T08:24:32.663+0000] {logging_mixin.py:188} INFO - [2026-03-01T08:24:32.663+0000] {dag.py:3036} INFO - Sync 1 DAGs
[2026-03-01T08:24:32.673+0000] {logging_mixin.py:188} INFO - [2026-03-01T08:24:32.673+0000] {dag.py:3823} INFO - Setting next_dagrun for example_local_kubernetes_executor to None, run_after=None
[2026-03-01T08:24:32.689+0000] {processor.py:183} INFO - Processing /home/airflow/.local/lib/python3.8/site-packages/airflow/example_dags/example_local_kubernetes_executor.py took 0.061 seconds
[2026-03-01T08:25:02.867+0000] {processor.py:161} INFO - Started process (PID=2113) to work on /home/airflow/.local/lib/python3.8/site-packages/airflow/example_dags/example_local_kubernetes_executor.py
[2026-03-01T08:25:02.868+0000] {processor.py:830} INFO - Processing file /home/airflow/.local/lib/python3.8/site-packages/airflow/example_dags/example_local_kubernetes_executor.py for tasks to queue
[2026-03-01T08:25:02.870+0000] {logging_mixin.py:188} INFO - [2026-03-01T08:25:02.869+0000] {dagbag.py:538} INFO - Filling up the DagBag from /home/airflow/.local/lib/python3.8/site-packages/airflow/example_dags/example_local_kubernetes_executor.py
[2026-03-01T08:25:02.875+0000] {processor.py:840} INFO - DAG(s) 'example_local_kubernetes_executor' retrieved from /home/airflow/.local/lib/python3.8/site-packages/airflow/example_dags/example_local_kubernetes_executor.py
[2026-03-01T08:25:02.901+0000] {logging_mixin.py:188} INFO - [2026-03-01T08:25:02.901+0000] {dag.py:3036} INFO - Sync 1 DAGs
[2026-03-01T08:25:02.909+0000] {logging_mixin.py:188} INFO - [2026-03-01T08:25:02.909+0000] {dag.py:3823} INFO - Setting next_dagrun for example_local_kubernetes_executor to None, run_after=None
[2026-03-01T08:25:02.923+0000] {processor.py:183} INFO - Processing /home/airflow/.local/lib/python3.8/site-packages/airflow/example_dags/example_local_kubernetes_executor.py took 0.059 seconds
[2026-03-01T08:25:33.226+0000] {processor.py:161} INFO - Started process (PID=2169) to work on /home/airflow/.local/lib/python3.8/site-packages/airflow/example_dags/example_local_kubernetes_executor.py
[2026-03-01T08:25:33.228+0000] {processor.py:830} INFO - Processing file /home/airflow/.local/lib/python3.8/site-packages/airflow/example_dags/example_local_kubernetes_executor.py for tasks to queue
[2026-03-01T08:25:33.230+0000] {logging_mixin.py:188} INFO - [2026-03-01T08:25:33.230+0000] {dagbag.py:538} INFO - Filling up the DagBag from /home/airflow/.local/lib/python3.8/site-packages/airflow/example_dags/example_local_kubernetes_executor.py
[2026-03-01T08:25:33.236+0000] {processor.py:840} INFO - DAG(s) 'example_local_kubernetes_executor' retrieved from /home/airflow/.local/lib/python3.8/site-packages/airflow/example_dags/example_local_kubernetes_executor.py
[2026-03-01T08:25:33.266+0000] {logging_mixin.py:188} INFO - [2026-03-01T08:25:33.265+0000] {dag.py:3036} INFO - Sync 1 DAGs
[2026-03-01T08:25:33.274+0000] {logging_mixin.py:188} INFO - [2026-03-01T08:25:33.274+0000] {dag.py:3823} INFO - Setting next_dagrun for example_local_kubernetes_executor to None, run_after=None
[2026-03-01T08:25:33.288+0000] {processor.py:183} INFO - Processing /home/airflow/.local/lib/python3.8/site-packages/airflow/example_dags/example_local_kubernetes_executor.py took 0.064 seconds
[2026-03-01T08:26:03.411+0000] {processor.py:161} INFO - Started process (PID=2225) to work on /home/airflow/.local/lib/python3.8/site-packages/airflow/example_dags/example_local_kubernetes_executor.py
[2026-03-01T08:26:03.412+0000] {processor.py:830} INFO - Processing file /home/airflow/.local/lib/python3.8/site-packages/airflow/example_dags/example_local_kubernetes_executor.py for tasks to queue
[2026-03-01T08:26:03.413+0000] {logging_mixin.py:188} INFO - [2026-03-01T08:26:03.413+0000] {dagbag.py:538} INFO - Filling up the DagBag from /home/airflow/.local/lib/python3.8/site-packages/airflow/example_dags/example_local_kubernetes_executor.py
[2026-03-01T08:26:03.419+0000] {processor.py:840} INFO - DAG(s) 'example_local_kubernetes_executor' retrieved from /home/airflow/.local/lib/python3.8/site-packages/airflow/example_dags/example_local_kubernetes_executor.py
[2026-03-01T08:26:03.442+0000] {logging_mixin.py:188} INFO - [2026-03-01T08:26:03.441+0000] {dag.py:3036} INFO - Sync 1 DAGs
[2026-03-01T08:26:03.450+0000] {logging_mixin.py:188} INFO - [2026-03-01T08:26:03.449+0000] {dag.py:3823} INFO - Setting next_dagrun for example_local_kubernetes_executor to None, run_after=None
[2026-03-01T08:26:03.460+0000] {processor.py:183} INFO - Processing /home/airflow/.local/lib/python3.8/site-packages/airflow/example_dags/example_local_kubernetes_executor.py took 0.052 seconds
[2026-03-01T08:26:33.748+0000] {processor.py:161} INFO - Started process (PID=2281) to work on /home/airflow/.local/lib/python3.8/site-packages/airflow/example_dags/example_local_kubernetes_executor.py
[2026-03-01T08:26:33.750+0000] {processor.py:830} INFO - Processing file /home/airflow/.local/lib/python3.8/site-packages/airflow/example_dags/example_local_kubernetes_executor.py for tasks to queue
[2026-03-01T08:26:33.752+0000] {logging_mixin.py:188} INFO - [2026-03-01T08:26:33.752+0000] {dagbag.py:538} INFO - Filling up the DagBag from /home/airflow/.local/lib/python3.8/site-packages/airflow/example_dags/example_local_kubernetes_executor.py
[2026-03-01T08:26:33.758+0000] {processor.py:840} INFO - DAG(s) 'example_local_kubernetes_executor' retrieved from /home/airflow/.local/lib/python3.8/site-packages/airflow/example_dags/example_local_kubernetes_executor.py
[2026-03-01T08:26:33.784+0000] {logging_mixin.py:188} INFO - [2026-03-01T08:26:33.783+0000] {dag.py:3036} INFO - Sync 1 DAGs
[2026-03-01T08:26:33.791+0000] {logging_mixin.py:188} INFO - [2026-03-01T08:26:33.791+0000] {dag.py:3823} INFO - Setting next_dagrun for example_local_kubernetes_executor to None, run_after=None
[2026-03-01T08:26:33.804+0000] {processor.py:183} INFO - Processing /home/airflow/.local/lib/python3.8/site-packages/airflow/example_dags/example_local_kubernetes_executor.py took 0.059 seconds
[2026-03-01T08:27:04.185+0000] {processor.py:161} INFO - Started process (PID=2337) to work on /home/airflow/.local/lib/python3.8/site-packages/airflow/example_dags/example_local_kubernetes_executor.py
[2026-03-01T08:27:04.186+0000] {processor.py:830} INFO - Processing file /home/airflow/.local/lib/python3.8/site-packages/airflow/example_dags/example_local_kubernetes_executor.py for tasks to queue
[2026-03-01T08:27:04.188+0000] {logging_mixin.py:188} INFO - [2026-03-01T08:27:04.187+0000] {dagbag.py:538} INFO - Filling up the DagBag from /home/airflow/.local/lib/python3.8/site-packages/airflow/example_dags/example_local_kubernetes_executor.py
[2026-03-01T08:27:04.193+0000] {processor.py:840} INFO - DAG(s) 'example_local_kubernetes_executor' retrieved from /home/airflow/.local/lib/python3.8/site-packages/airflow/example_dags/example_local_kubernetes_executor.py
[2026-03-01T08:27:04.218+0000] {logging_mixin.py:188} INFO - [2026-03-01T08:27:04.218+0000] {dag.py:3036} INFO - Sync 1 DAGs
[2026-03-01T08:27:04.226+0000] {logging_mixin.py:188} INFO - [2026-03-01T08:27:04.226+0000] {dag.py:3823} INFO - Setting next_dagrun for example_local_kubernetes_executor to None, run_after=None
[2026-03-01T08:27:04.238+0000] {processor.py:183} INFO - Processing /home/airflow/.local/lib/python3.8/site-packages/airflow/example_dags/example_local_kubernetes_executor.py took 0.055 seconds
[2026-03-01T08:27:34.344+0000] {processor.py:161} INFO - Started process (PID=2392) to work on /home/airflow/.local/lib/python3.8/site-packages/airflow/example_dags/example_local_kubernetes_executor.py
[2026-03-01T08:27:34.346+0000] {processor.py:830} INFO - Processing file /home/airflow/.local/lib/python3.8/site-packages/airflow/example_dags/example_local_kubernetes_executor.py for tasks to queue
[2026-03-01T08:27:34.347+0000] {logging_mixin.py:188} INFO - [2026-03-01T08:27:34.347+0000] {dagbag.py:538} INFO - Filling up the DagBag from /home/airflow/.local/lib/python3.8/site-packages/airflow/example_dags/example_local_kubernetes_executor.py
[2026-03-01T08:27:34.352+0000] {processor.py:840} INFO - DAG(s) 'example_local_kubernetes_executor' retrieved from /home/airflow/.local/lib/python3.8/site-packages/airflow/example_dags/example_local_kubernetes_executor.py
[2026-03-01T08:27:34.379+0000] {logging_mixin.py:188} INFO - [2026-03-01T08:27:34.378+0000] {dag.py:3036} INFO - Sync 1 DAGs
[2026-03-01T08:27:34.390+0000] {logging_mixin.py:188} INFO - [2026-03-01T08:27:34.389+0000] {dag.py:3823} INFO - Setting next_dagrun for example_local_kubernetes_executor to None, run_after=None
[2026-03-01T08:27:34.403+0000] {processor.py:183} INFO - Processing /home/airflow/.local/lib/python3.8/site-packages/airflow/example_dags/example_local_kubernetes_executor.py took 0.061 seconds
[2026-03-01T08:28:04.542+0000] {processor.py:161} INFO - Started process (PID=2447) to work on /home/airflow/.local/lib/python3.8/site-packages/airflow/example_dags/example_local_kubernetes_executor.py
[2026-03-01T08:28:04.543+0000] {processor.py:830} INFO - Processing file /home/airflow/.local/lib/python3.8/site-packages/airflow/example_dags/example_local_kubernetes_executor.py for tasks to queue
[2026-03-01T08:28:04.545+0000] {logging_mixin.py:188} INFO - [2026-03-01T08:28:04.545+0000] {dagbag.py:538} INFO - Filling up the DagBag from /home/airflow/.local/lib/python3.8/site-packages/airflow/example_dags/example_local_kubernetes_executor.py
[2026-03-01T08:28:04.552+0000] {processor.py:840} INFO - DAG(s) 'example_local_kubernetes_executor' retrieved from /home/airflow/.local/lib/python3.8/site-packages/airflow/example_dags/example_local_kubernetes_executor.py
[2026-03-01T08:28:04.579+0000] {logging_mixin.py:188} INFO - [2026-03-01T08:28:04.579+0000] {dag.py:3036} INFO - Sync 1 DAGs
[2026-03-01T08:28:04.586+0000] {logging_mixin.py:188} INFO - [2026-03-01T08:28:04.586+0000] {dag.py:3823} INFO - Setting next_dagrun for example_local_kubernetes_executor to None, run_after=None
[2026-03-01T08:28:04.600+0000] {processor.py:183} INFO - Processing /home/airflow/.local/lib/python3.8/site-packages/airflow/example_dags/example_local_kubernetes_executor.py took 0.060 seconds
[2026-03-01T08:28:34.769+0000] {processor.py:161} INFO - Started process (PID=2502) to work on /home/airflow/.local/lib/python3.8/site-packages/airflow/example_dags/example_local_kubernetes_executor.py
[2026-03-01T08:28:34.770+0000] {processor.py:830} INFO - Processing file /home/airflow/.local/lib/python3.8/site-packages/airflow/example_dags/example_local_kubernetes_executor.py for tasks to queue
[2026-03-01T08:28:34.772+0000] {logging_mixin.py:188} INFO - [2026-03-01T08:28:34.771+0000] {dagbag.py:538} INFO - Filling up the DagBag from /home/airflow/.local/lib/python3.8/site-packages/airflow/example_dags/example_local_kubernetes_executor.py
[2026-03-01T08:28:34.778+0000] {processor.py:840} INFO - DAG(s) 'example_local_kubernetes_executor' retrieved from /home/airflow/.local/lib/python3.8/site-packages/airflow/example_dags/example_local_kubernetes_executor.py
[2026-03-01T08:28:34.803+0000] {logging_mixin.py:188} INFO - [2026-03-01T08:28:34.803+0000] {dag.py:3036} INFO - Sync 1 DAGs
[2026-03-01T08:28:34.812+0000] {logging_mixin.py:188} INFO - [2026-03-01T08:28:34.811+0000] {dag.py:3823} INFO - Setting next_dagrun for example_local_kubernetes_executor to None, run_after=None
[2026-03-01T08:28:34.826+0000] {processor.py:183} INFO - Processing /home/airflow/.local/lib/python3.8/site-packages/airflow/example_dags/example_local_kubernetes_executor.py took 0.060 seconds
[2026-03-01T08:29:05.184+0000] {processor.py:161} INFO - Started process (PID=2558) to work on /home/airflow/.local/lib/python3.8/site-packages/airflow/example_dags/example_local_kubernetes_executor.py
[2026-03-01T08:29:05.185+0000] {processor.py:830} INFO - Processing file /home/airflow/.local/lib/python3.8/site-packages/airflow/example_dags/example_local_kubernetes_executor.py for tasks to queue
[2026-03-01T08:29:05.187+0000] {logging_mixin.py:188} INFO - [2026-03-01T08:29:05.187+0000] {dagbag.py:538} INFO - Filling up the DagBag from /home/airflow/.local/lib/python3.8/site-packages/airflow/example_dags/example_local_kubernetes_executor.py
[2026-03-01T08:29:05.193+0000] {processor.py:840} INFO - DAG(s) 'example_local_kubernetes_executor' retrieved from /home/airflow/.local/lib/python3.8/site-packages/airflow/example_dags/example_local_kubernetes_executor.py
[2026-03-01T08:29:05.220+0000] {logging_mixin.py:188} INFO - [2026-03-01T08:29:05.220+0000] {dag.py:3036} INFO - Sync 1 DAGs
[2026-03-01T08:29:05.228+0000] {logging_mixin.py:188} INFO - [2026-03-01T08:29:05.228+0000] {dag.py:3823} INFO - Setting next_dagrun for example_local_kubernetes_executor to None, run_after=None
[2026-03-01T08:29:05.243+0000] {processor.py:183} INFO - Processing /home/airflow/.local/lib/python3.8/site-packages/airflow/example_dags/example_local_kubernetes_executor.py took 0.061 seconds
[2026-03-01T08:29:35.637+0000] {processor.py:161} INFO - Started process (PID=2614) to work on /home/airflow/.local/lib/python3.8/site-packages/airflow/example_dags/example_local_kubernetes_executor.py
[2026-03-01T08:29:35.639+0000] {processor.py:830} INFO - Processing file /home/airflow/.local/lib/python3.8/site-packages/airflow/example_dags/example_local_kubernetes_executor.py for tasks to queue
[2026-03-01T08:29:35.640+0000] {logging_mixin.py:188} INFO - [2026-03-01T08:29:35.640+0000] {dagbag.py:538} INFO - Filling up the DagBag from /home/airflow/.local/lib/python3.8/site-packages/airflow/example_dags/example_local_kubernetes_executor.py
[2026-03-01T08:29:35.645+0000] {processor.py:840} INFO - DAG(s) 'example_local_kubernetes_executor' retrieved from /home/airflow/.local/lib/python3.8/site-packages/airflow/example_dags/example_local_kubernetes_executor.py
[2026-03-01T08:29:35.672+0000] {logging_mixin.py:188} INFO - [2026-03-01T08:29:35.671+0000] {dag.py:3036} INFO - Sync 1 DAGs
[2026-03-01T08:29:35.679+0000] {logging_mixin.py:188} INFO - [2026-03-01T08:29:35.679+0000] {dag.py:3823} INFO - Setting next_dagrun for example_local_kubernetes_executor to None, run_after=None
[2026-03-01T08:29:35.694+0000] {processor.py:183} INFO - Processing /home/airflow/.local/lib/python3.8/site-packages/airflow/example_dags/example_local_kubernetes_executor.py took 0.059 seconds
[2026-03-01T08:30:06.335+0000] {processor.py:161} INFO - Started process (PID=2670) to work on /home/airflow/.local/lib/python3.8/site-packages/airflow/example_dags/example_local_kubernetes_executor.py
[2026-03-01T08:30:06.336+0000] {processor.py:830} INFO - Processing file /home/airflow/.local/lib/python3.8/site-packages/airflow/example_dags/example_local_kubernetes_executor.py for tasks to queue
[2026-03-01T08:30:06.338+0000] {logging_mixin.py:188} INFO - [2026-03-01T08:30:06.337+0000] {dagbag.py:538} INFO - Filling up the DagBag from /home/airflow/.local/lib/python3.8/site-packages/airflow/example_dags/example_local_kubernetes_executor.py
[2026-03-01T08:30:06.343+0000] {processor.py:840} INFO - DAG(s) 'example_local_kubernetes_executor' retrieved from /home/airflow/.local/lib/python3.8/site-packages/airflow/example_dags/example_local_kubernetes_executor.py
[2026-03-01T08:30:06.366+0000] {logging_mixin.py:188} INFO - [2026-03-01T08:30:06.366+0000] {dag.py:3036} INFO - Sync 1 DAGs
[2026-03-01T08:30:06.374+0000] {logging_mixin.py:188} INFO - [2026-03-01T08:30:06.374+0000] {dag.py:3823} INFO - Setting next_dagrun for example_local_kubernetes_executor to None, run_after=None
[2026-03-01T08:30:06.387+0000] {processor.py:183} INFO - Processing /home/airflow/.local/lib/python3.8/site-packages/airflow/example_dags/example_local_kubernetes_executor.py took 0.055 seconds
