[2026-03-01T08:07:47.935+0000] {processor.py:161} INFO - Started process (PID=75) to work on /home/airflow/.local/lib/python3.8/site-packages/airflow/example_dags/tutorial.py
[2026-03-01T08:07:47.937+0000] {processor.py:830} INFO - Processing file /home/airflow/.local/lib/python3.8/site-packages/airflow/example_dags/tutorial.py for tasks to queue
[2026-03-01T08:07:47.939+0000] {logging_mixin.py:188} INFO - [2026-03-01T08:07:47.938+0000] {dagbag.py:538} INFO - Filling up the DagBag from /home/airflow/.local/lib/python3.8/site-packages/airflow/example_dags/tutorial.py
[2026-03-01T08:07:47.946+0000] {processor.py:840} INFO - DAG(s) 'tutorial' retrieved from /home/airflow/.local/lib/python3.8/site-packages/airflow/example_dags/tutorial.py
[2026-03-01T08:07:48.028+0000] {logging_mixin.py:188} INFO - [2026-03-01T08:07:48.028+0000] {override.py:1769} INFO - Created Permission View: can edit on DAG:tutorial
[2026-03-01T08:07:48.038+0000] {logging_mixin.py:188} INFO - [2026-03-01T08:07:48.037+0000] {override.py:1769} INFO - Created Permission View: can delete on DAG:tutorial
[2026-03-01T08:07:48.045+0000] {logging_mixin.py:188} INFO - [2026-03-01T08:07:48.045+0000] {override.py:1769} INFO - Created Permission View: can read on DAG:tutorial
[2026-03-01T08:07:48.046+0000] {logging_mixin.py:188} INFO - [2026-03-01T08:07:48.046+0000] {dag.py:3036} INFO - Sync 1 DAGs
[2026-03-01T08:07:48.056+0000] {logging_mixin.py:188} INFO - [2026-03-01T08:07:48.056+0000] {dag.py:3058} INFO - Creating ORM DAG for tutorial
[2026-03-01T08:07:48.065+0000] {logging_mixin.py:188} INFO - [2026-03-01T08:07:48.065+0000] {dag.py:3823} INFO - Setting next_dagrun for tutorial to 2026-02-28 00:00:00+00:00, run_after=2026-03-01 00:00:00+00:00
[2026-03-01T08:07:48.083+0000] {processor.py:183} INFO - Processing /home/airflow/.local/lib/python3.8/site-packages/airflow/example_dags/tutorial.py took 0.152 seconds
[2026-03-01T08:08:18.292+0000] {processor.py:161} INFO - Started process (PID=131) to work on /home/airflow/.local/lib/python3.8/site-packages/airflow/example_dags/tutorial.py
[2026-03-01T08:08:18.293+0000] {processor.py:830} INFO - Processing file /home/airflow/.local/lib/python3.8/site-packages/airflow/example_dags/tutorial.py for tasks to queue
[2026-03-01T08:08:18.294+0000] {logging_mixin.py:188} INFO - [2026-03-01T08:08:18.294+0000] {dagbag.py:538} INFO - Filling up the DagBag from /home/airflow/.local/lib/python3.8/site-packages/airflow/example_dags/tutorial.py
[2026-03-01T08:08:18.299+0000] {processor.py:840} INFO - DAG(s) 'tutorial' retrieved from /home/airflow/.local/lib/python3.8/site-packages/airflow/example_dags/tutorial.py
[2026-03-01T08:08:18.314+0000] {logging_mixin.py:188} INFO - [2026-03-01T08:08:18.314+0000] {dag.py:3036} INFO - Sync 1 DAGs
[2026-03-01T08:08:18.328+0000] {logging_mixin.py:188} INFO - [2026-03-01T08:08:18.328+0000] {dag.py:3823} INFO - Setting next_dagrun for tutorial to 2026-02-28 00:00:00+00:00, run_after=2026-03-01 00:00:00+00:00
[2026-03-01T08:08:18.341+0000] {processor.py:183} INFO - Processing /home/airflow/.local/lib/python3.8/site-packages/airflow/example_dags/tutorial.py took 0.051 seconds
[2026-03-01T08:08:48.849+0000] {processor.py:161} INFO - Started process (PID=186) to work on /home/airflow/.local/lib/python3.8/site-packages/airflow/example_dags/tutorial.py
[2026-03-01T08:08:48.851+0000] {processor.py:830} INFO - Processing file /home/airflow/.local/lib/python3.8/site-packages/airflow/example_dags/tutorial.py for tasks to queue
[2026-03-01T08:08:48.852+0000] {logging_mixin.py:188} INFO - [2026-03-01T08:08:48.852+0000] {dagbag.py:538} INFO - Filling up the DagBag from /home/airflow/.local/lib/python3.8/site-packages/airflow/example_dags/tutorial.py
[2026-03-01T08:08:48.856+0000] {processor.py:840} INFO - DAG(s) 'tutorial' retrieved from /home/airflow/.local/lib/python3.8/site-packages/airflow/example_dags/tutorial.py
[2026-03-01T08:08:48.871+0000] {logging_mixin.py:188} INFO - [2026-03-01T08:08:48.871+0000] {dag.py:3036} INFO - Sync 1 DAGs
[2026-03-01T08:08:48.886+0000] {logging_mixin.py:188} INFO - [2026-03-01T08:08:48.886+0000] {dag.py:3823} INFO - Setting next_dagrun for tutorial to 2026-02-28 00:00:00+00:00, run_after=2026-03-01 00:00:00+00:00
[2026-03-01T08:08:48.898+0000] {processor.py:183} INFO - Processing /home/airflow/.local/lib/python3.8/site-packages/airflow/example_dags/tutorial.py took 0.051 seconds
[2026-03-01T08:09:19.183+0000] {processor.py:161} INFO - Started process (PID=241) to work on /home/airflow/.local/lib/python3.8/site-packages/airflow/example_dags/tutorial.py
[2026-03-01T08:09:19.184+0000] {processor.py:830} INFO - Processing file /home/airflow/.local/lib/python3.8/site-packages/airflow/example_dags/tutorial.py for tasks to queue
[2026-03-01T08:09:19.185+0000] {logging_mixin.py:188} INFO - [2026-03-01T08:09:19.185+0000] {dagbag.py:538} INFO - Filling up the DagBag from /home/airflow/.local/lib/python3.8/site-packages/airflow/example_dags/tutorial.py
[2026-03-01T08:09:19.191+0000] {processor.py:840} INFO - DAG(s) 'tutorial' retrieved from /home/airflow/.local/lib/python3.8/site-packages/airflow/example_dags/tutorial.py
[2026-03-01T08:09:19.206+0000] {logging_mixin.py:188} INFO - [2026-03-01T08:09:19.206+0000] {dag.py:3036} INFO - Sync 1 DAGs
[2026-03-01T08:09:19.223+0000] {logging_mixin.py:188} INFO - [2026-03-01T08:09:19.223+0000] {dag.py:3823} INFO - Setting next_dagrun for tutorial to 2026-02-28 00:00:00+00:00, run_after=2026-03-01 00:00:00+00:00
[2026-03-01T08:09:19.237+0000] {processor.py:183} INFO - Processing /home/airflow/.local/lib/python3.8/site-packages/airflow/example_dags/tutorial.py took 0.058 seconds
[2026-03-01T08:09:49.534+0000] {processor.py:161} INFO - Started process (PID=302) to work on /home/airflow/.local/lib/python3.8/site-packages/airflow/example_dags/tutorial.py
[2026-03-01T08:09:49.536+0000] {processor.py:830} INFO - Processing file /home/airflow/.local/lib/python3.8/site-packages/airflow/example_dags/tutorial.py for tasks to queue
[2026-03-01T08:09:49.537+0000] {logging_mixin.py:188} INFO - [2026-03-01T08:09:49.537+0000] {dagbag.py:538} INFO - Filling up the DagBag from /home/airflow/.local/lib/python3.8/site-packages/airflow/example_dags/tutorial.py
[2026-03-01T08:09:49.543+0000] {processor.py:840} INFO - DAG(s) 'tutorial' retrieved from /home/airflow/.local/lib/python3.8/site-packages/airflow/example_dags/tutorial.py
[2026-03-01T08:09:49.562+0000] {logging_mixin.py:188} INFO - [2026-03-01T08:09:49.562+0000] {dag.py:3036} INFO - Sync 1 DAGs
[2026-03-01T08:09:49.577+0000] {logging_mixin.py:188} INFO - [2026-03-01T08:09:49.576+0000] {dag.py:3823} INFO - Setting next_dagrun for tutorial to 2026-02-28 00:00:00+00:00, run_after=2026-03-01 00:00:00+00:00
[2026-03-01T08:09:49.592+0000] {processor.py:183} INFO - Processing /home/airflow/.local/lib/python3.8/site-packages/airflow/example_dags/tutorial.py took 0.060 seconds
[2026-03-01T08:10:20.109+0000] {processor.py:161} INFO - Started process (PID=357) to work on /home/airflow/.local/lib/python3.8/site-packages/airflow/example_dags/tutorial.py
[2026-03-01T08:10:20.110+0000] {processor.py:830} INFO - Processing file /home/airflow/.local/lib/python3.8/site-packages/airflow/example_dags/tutorial.py for tasks to queue
[2026-03-01T08:10:20.111+0000] {logging_mixin.py:188} INFO - [2026-03-01T08:10:20.111+0000] {dagbag.py:538} INFO - Filling up the DagBag from /home/airflow/.local/lib/python3.8/site-packages/airflow/example_dags/tutorial.py
[2026-03-01T08:10:20.116+0000] {processor.py:840} INFO - DAG(s) 'tutorial' retrieved from /home/airflow/.local/lib/python3.8/site-packages/airflow/example_dags/tutorial.py
[2026-03-01T08:10:20.132+0000] {logging_mixin.py:188} INFO - [2026-03-01T08:10:20.132+0000] {dag.py:3036} INFO - Sync 1 DAGs
[2026-03-01T08:10:20.147+0000] {logging_mixin.py:188} INFO - [2026-03-01T08:10:20.147+0000] {dag.py:3823} INFO - Setting next_dagrun for tutorial to 2026-02-28 00:00:00+00:00, run_after=2026-03-01 00:00:00+00:00
[2026-03-01T08:10:20.161+0000] {processor.py:183} INFO - Processing /home/airflow/.local/lib/python3.8/site-packages/airflow/example_dags/tutorial.py took 0.054 seconds
[2026-03-01T08:10:50.708+0000] {processor.py:161} INFO - Started process (PID=412) to work on /home/airflow/.local/lib/python3.8/site-packages/airflow/example_dags/tutorial.py
[2026-03-01T08:10:50.709+0000] {processor.py:830} INFO - Processing file /home/airflow/.local/lib/python3.8/site-packages/airflow/example_dags/tutorial.py for tasks to queue
[2026-03-01T08:10:50.711+0000] {logging_mixin.py:188} INFO - [2026-03-01T08:10:50.711+0000] {dagbag.py:538} INFO - Filling up the DagBag from /home/airflow/.local/lib/python3.8/site-packages/airflow/example_dags/tutorial.py
[2026-03-01T08:10:50.716+0000] {processor.py:840} INFO - DAG(s) 'tutorial' retrieved from /home/airflow/.local/lib/python3.8/site-packages/airflow/example_dags/tutorial.py
[2026-03-01T08:10:50.731+0000] {logging_mixin.py:188} INFO - [2026-03-01T08:10:50.730+0000] {dag.py:3036} INFO - Sync 1 DAGs
[2026-03-01T08:10:50.745+0000] {logging_mixin.py:188} INFO - [2026-03-01T08:10:50.744+0000] {dag.py:3823} INFO - Setting next_dagrun for tutorial to 2026-02-28 00:00:00+00:00, run_after=2026-03-01 00:00:00+00:00
[2026-03-01T08:10:50.758+0000] {processor.py:183} INFO - Processing /home/airflow/.local/lib/python3.8/site-packages/airflow/example_dags/tutorial.py took 0.053 seconds
[2026-03-01T08:11:21.169+0000] {processor.py:161} INFO - Started process (PID=473) to work on /home/airflow/.local/lib/python3.8/site-packages/airflow/example_dags/tutorial.py
[2026-03-01T08:11:21.171+0000] {processor.py:830} INFO - Processing file /home/airflow/.local/lib/python3.8/site-packages/airflow/example_dags/tutorial.py for tasks to queue
[2026-03-01T08:11:21.172+0000] {logging_mixin.py:188} INFO - [2026-03-01T08:11:21.172+0000] {dagbag.py:538} INFO - Filling up the DagBag from /home/airflow/.local/lib/python3.8/site-packages/airflow/example_dags/tutorial.py
[2026-03-01T08:11:21.177+0000] {processor.py:840} INFO - DAG(s) 'tutorial' retrieved from /home/airflow/.local/lib/python3.8/site-packages/airflow/example_dags/tutorial.py
[2026-03-01T08:11:21.190+0000] {logging_mixin.py:188} INFO - [2026-03-01T08:11:21.190+0000] {dag.py:3036} INFO - Sync 1 DAGs
[2026-03-01T08:11:21.204+0000] {logging_mixin.py:188} INFO - [2026-03-01T08:11:21.203+0000] {dag.py:3823} INFO - Setting next_dagrun for tutorial to 2026-02-28 00:00:00+00:00, run_after=2026-03-01 00:00:00+00:00
[2026-03-01T08:11:21.216+0000] {processor.py:183} INFO - Processing /home/airflow/.local/lib/python3.8/site-packages/airflow/example_dags/tutorial.py took 0.049 seconds
[2026-03-01T08:11:51.364+0000] {processor.py:161} INFO - Started process (PID=528) to work on /home/airflow/.local/lib/python3.8/site-packages/airflow/example_dags/tutorial.py
[2026-03-01T08:11:51.365+0000] {processor.py:830} INFO - Processing file /home/airflow/.local/lib/python3.8/site-packages/airflow/example_dags/tutorial.py for tasks to queue
[2026-03-01T08:11:51.366+0000] {logging_mixin.py:188} INFO - [2026-03-01T08:11:51.366+0000] {dagbag.py:538} INFO - Filling up the DagBag from /home/airflow/.local/lib/python3.8/site-packages/airflow/example_dags/tutorial.py
[2026-03-01T08:11:51.371+0000] {processor.py:840} INFO - DAG(s) 'tutorial' retrieved from /home/airflow/.local/lib/python3.8/site-packages/airflow/example_dags/tutorial.py
[2026-03-01T08:11:51.386+0000] {logging_mixin.py:188} INFO - [2026-03-01T08:11:51.385+0000] {dag.py:3036} INFO - Sync 1 DAGs
[2026-03-01T08:11:51.403+0000] {logging_mixin.py:188} INFO - [2026-03-01T08:11:51.403+0000] {dag.py:3823} INFO - Setting next_dagrun for tutorial to 2026-02-28 00:00:00+00:00, run_after=2026-03-01 00:00:00+00:00
[2026-03-01T08:11:51.415+0000] {processor.py:183} INFO - Processing /home/airflow/.local/lib/python3.8/site-packages/airflow/example_dags/tutorial.py took 0.054 seconds
[2026-03-01T08:12:22.383+0000] {processor.py:161} INFO - Started process (PID=612) to work on /home/airflow/.local/lib/python3.8/site-packages/airflow/example_dags/tutorial.py
[2026-03-01T08:12:22.384+0000] {processor.py:830} INFO - Processing file /home/airflow/.local/lib/python3.8/site-packages/airflow/example_dags/tutorial.py for tasks to queue
[2026-03-01T08:12:22.386+0000] {logging_mixin.py:188} INFO - [2026-03-01T08:12:22.386+0000] {dagbag.py:538} INFO - Filling up the DagBag from /home/airflow/.local/lib/python3.8/site-packages/airflow/example_dags/tutorial.py
[2026-03-01T08:12:22.390+0000] {processor.py:840} INFO - DAG(s) 'tutorial' retrieved from /home/airflow/.local/lib/python3.8/site-packages/airflow/example_dags/tutorial.py
[2026-03-01T08:12:22.405+0000] {logging_mixin.py:188} INFO - [2026-03-01T08:12:22.405+0000] {dag.py:3036} INFO - Sync 1 DAGs
[2026-03-01T08:12:22.419+0000] {logging_mixin.py:188} INFO - [2026-03-01T08:12:22.419+0000] {dag.py:3823} INFO - Setting next_dagrun for tutorial to 2026-02-28 00:00:00+00:00, run_after=2026-03-01 00:00:00+00:00
[2026-03-01T08:12:22.433+0000] {processor.py:183} INFO - Processing /home/airflow/.local/lib/python3.8/site-packages/airflow/example_dags/tutorial.py took 0.052 seconds
[2026-03-01T08:12:52.783+0000] {processor.py:161} INFO - Started process (PID=666) to work on /home/airflow/.local/lib/python3.8/site-packages/airflow/example_dags/tutorial.py
[2026-03-01T08:12:52.783+0000] {processor.py:830} INFO - Processing file /home/airflow/.local/lib/python3.8/site-packages/airflow/example_dags/tutorial.py for tasks to queue
[2026-03-01T08:12:52.785+0000] {logging_mixin.py:188} INFO - [2026-03-01T08:12:52.785+0000] {dagbag.py:538} INFO - Filling up the DagBag from /home/airflow/.local/lib/python3.8/site-packages/airflow/example_dags/tutorial.py
[2026-03-01T08:12:52.789+0000] {processor.py:840} INFO - DAG(s) 'tutorial' retrieved from /home/airflow/.local/lib/python3.8/site-packages/airflow/example_dags/tutorial.py
[2026-03-01T08:12:52.803+0000] {logging_mixin.py:188} INFO - [2026-03-01T08:12:52.803+0000] {dag.py:3036} INFO - Sync 1 DAGs
[2026-03-01T08:12:52.817+0000] {logging_mixin.py:188} INFO - [2026-03-01T08:12:52.817+0000] {dag.py:3823} INFO - Setting next_dagrun for tutorial to 2026-02-28 00:00:00+00:00, run_after=2026-03-01 00:00:00+00:00
[2026-03-01T08:12:52.829+0000] {processor.py:183} INFO - Processing /home/airflow/.local/lib/python3.8/site-packages/airflow/example_dags/tutorial.py took 0.048 seconds
[2026-03-01T08:13:22.961+0000] {processor.py:161} INFO - Started process (PID=721) to work on /home/airflow/.local/lib/python3.8/site-packages/airflow/example_dags/tutorial.py
[2026-03-01T08:13:22.962+0000] {processor.py:830} INFO - Processing file /home/airflow/.local/lib/python3.8/site-packages/airflow/example_dags/tutorial.py for tasks to queue
[2026-03-01T08:13:22.963+0000] {logging_mixin.py:188} INFO - [2026-03-01T08:13:22.963+0000] {dagbag.py:538} INFO - Filling up the DagBag from /home/airflow/.local/lib/python3.8/site-packages/airflow/example_dags/tutorial.py
[2026-03-01T08:13:22.967+0000] {processor.py:840} INFO - DAG(s) 'tutorial' retrieved from /home/airflow/.local/lib/python3.8/site-packages/airflow/example_dags/tutorial.py
[2026-03-01T08:13:22.981+0000] {logging_mixin.py:188} INFO - [2026-03-01T08:13:22.981+0000] {dag.py:3036} INFO - Sync 1 DAGs
[2026-03-01T08:13:22.994+0000] {logging_mixin.py:188} INFO - [2026-03-01T08:13:22.994+0000] {dag.py:3823} INFO - Setting next_dagrun for tutorial to 2026-02-28 00:00:00+00:00, run_after=2026-03-01 00:00:00+00:00
[2026-03-01T08:13:23.005+0000] {processor.py:183} INFO - Processing /home/airflow/.local/lib/python3.8/site-packages/airflow/example_dags/tutorial.py took 0.046 seconds
[2026-03-01T08:13:53.241+0000] {processor.py:161} INFO - Started process (PID=799) to work on /home/airflow/.local/lib/python3.8/site-packages/airflow/example_dags/tutorial.py
[2026-03-01T08:13:53.242+0000] {processor.py:830} INFO - Processing file /home/airflow/.local/lib/python3.8/site-packages/airflow/example_dags/tutorial.py for tasks to queue
[2026-03-01T08:13:53.244+0000] {logging_mixin.py:188} INFO - [2026-03-01T08:13:53.244+0000] {dagbag.py:538} INFO - Filling up the DagBag from /home/airflow/.local/lib/python3.8/site-packages/airflow/example_dags/tutorial.py
[2026-03-01T08:13:53.249+0000] {processor.py:840} INFO - DAG(s) 'tutorial' retrieved from /home/airflow/.local/lib/python3.8/site-packages/airflow/example_dags/tutorial.py
[2026-03-01T08:13:53.264+0000] {logging_mixin.py:188} INFO - [2026-03-01T08:13:53.264+0000] {dag.py:3036} INFO - Sync 1 DAGs
[2026-03-01T08:13:53.278+0000] {logging_mixin.py:188} INFO - [2026-03-01T08:13:53.278+0000] {dag.py:3823} INFO - Setting next_dagrun for tutorial to 2026-02-28 00:00:00+00:00, run_after=2026-03-01 00:00:00+00:00
[2026-03-01T08:13:53.292+0000] {processor.py:183} INFO - Processing /home/airflow/.local/lib/python3.8/site-packages/airflow/example_dags/tutorial.py took 0.053 seconds
[2026-03-01T08:14:23.481+0000] {processor.py:161} INFO - Started process (PID=876) to work on /home/airflow/.local/lib/python3.8/site-packages/airflow/example_dags/tutorial.py
[2026-03-01T08:14:23.482+0000] {processor.py:830} INFO - Processing file /home/airflow/.local/lib/python3.8/site-packages/airflow/example_dags/tutorial.py for tasks to queue
[2026-03-01T08:14:23.484+0000] {logging_mixin.py:188} INFO - [2026-03-01T08:14:23.484+0000] {dagbag.py:538} INFO - Filling up the DagBag from /home/airflow/.local/lib/python3.8/site-packages/airflow/example_dags/tutorial.py
[2026-03-01T08:14:23.489+0000] {processor.py:840} INFO - DAG(s) 'tutorial' retrieved from /home/airflow/.local/lib/python3.8/site-packages/airflow/example_dags/tutorial.py
[2026-03-01T08:14:23.500+0000] {logging_mixin.py:188} INFO - [2026-03-01T08:14:23.500+0000] {dag.py:3036} INFO - Sync 1 DAGs
[2026-03-01T08:14:23.513+0000] {logging_mixin.py:188} INFO - [2026-03-01T08:14:23.513+0000] {dag.py:3823} INFO - Setting next_dagrun for tutorial to 2026-02-28 00:00:00+00:00, run_after=2026-03-01 00:00:00+00:00
[2026-03-01T08:14:23.532+0000] {processor.py:183} INFO - Processing /home/airflow/.local/lib/python3.8/site-packages/airflow/example_dags/tutorial.py took 0.054 seconds
[2026-03-01T08:14:54.112+0000] {processor.py:161} INFO - Started process (PID=931) to work on /home/airflow/.local/lib/python3.8/site-packages/airflow/example_dags/tutorial.py
[2026-03-01T08:14:54.113+0000] {processor.py:830} INFO - Processing file /home/airflow/.local/lib/python3.8/site-packages/airflow/example_dags/tutorial.py for tasks to queue
[2026-03-01T08:14:54.114+0000] {logging_mixin.py:188} INFO - [2026-03-01T08:14:54.114+0000] {dagbag.py:538} INFO - Filling up the DagBag from /home/airflow/.local/lib/python3.8/site-packages/airflow/example_dags/tutorial.py
[2026-03-01T08:14:54.119+0000] {processor.py:840} INFO - DAG(s) 'tutorial' retrieved from /home/airflow/.local/lib/python3.8/site-packages/airflow/example_dags/tutorial.py
[2026-03-01T08:14:54.175+0000] {logging_mixin.py:188} INFO - [2026-03-01T08:14:54.175+0000] {dag.py:3036} INFO - Sync 1 DAGs
[2026-03-01T08:14:54.187+0000] {logging_mixin.py:188} INFO - [2026-03-01T08:14:54.187+0000] {dag.py:3823} INFO - Setting next_dagrun for tutorial to 2026-02-28 00:00:00+00:00, run_after=2026-03-01 00:00:00+00:00
[2026-03-01T08:14:54.200+0000] {processor.py:183} INFO - Processing /home/airflow/.local/lib/python3.8/site-packages/airflow/example_dags/tutorial.py took 0.090 seconds
[2026-03-01T08:15:24.742+0000] {processor.py:161} INFO - Started process (PID=986) to work on /home/airflow/.local/lib/python3.8/site-packages/airflow/example_dags/tutorial.py
[2026-03-01T08:15:24.743+0000] {processor.py:830} INFO - Processing file /home/airflow/.local/lib/python3.8/site-packages/airflow/example_dags/tutorial.py for tasks to queue
[2026-03-01T08:15:24.745+0000] {logging_mixin.py:188} INFO - [2026-03-01T08:15:24.744+0000] {dagbag.py:538} INFO - Filling up the DagBag from /home/airflow/.local/lib/python3.8/site-packages/airflow/example_dags/tutorial.py
[2026-03-01T08:15:24.751+0000] {processor.py:840} INFO - DAG(s) 'tutorial' retrieved from /home/airflow/.local/lib/python3.8/site-packages/airflow/example_dags/tutorial.py
[2026-03-01T08:15:24.765+0000] {logging_mixin.py:188} INFO - [2026-03-01T08:15:24.765+0000] {dag.py:3036} INFO - Sync 1 DAGs
[2026-03-01T08:15:24.778+0000] {logging_mixin.py:188} INFO - [2026-03-01T08:15:24.778+0000] {dag.py:3823} INFO - Setting next_dagrun for tutorial to 2026-02-28 00:00:00+00:00, run_after=2026-03-01 00:00:00+00:00
[2026-03-01T08:15:24.790+0000] {processor.py:183} INFO - Processing /home/airflow/.local/lib/python3.8/site-packages/airflow/example_dags/tutorial.py took 0.049 seconds
[2026-03-01T08:15:54.963+0000] {processor.py:161} INFO - Started process (PID=1041) to work on /home/airflow/.local/lib/python3.8/site-packages/airflow/example_dags/tutorial.py
[2026-03-01T08:15:54.964+0000] {processor.py:830} INFO - Processing file /home/airflow/.local/lib/python3.8/site-packages/airflow/example_dags/tutorial.py for tasks to queue
[2026-03-01T08:15:54.965+0000] {logging_mixin.py:188} INFO - [2026-03-01T08:15:54.965+0000] {dagbag.py:538} INFO - Filling up the DagBag from /home/airflow/.local/lib/python3.8/site-packages/airflow/example_dags/tutorial.py
[2026-03-01T08:15:54.970+0000] {processor.py:840} INFO - DAG(s) 'tutorial' retrieved from /home/airflow/.local/lib/python3.8/site-packages/airflow/example_dags/tutorial.py
[2026-03-01T08:15:54.984+0000] {logging_mixin.py:188} INFO - [2026-03-01T08:15:54.984+0000] {dag.py:3036} INFO - Sync 1 DAGs
[2026-03-01T08:15:54.996+0000] {logging_mixin.py:188} INFO - [2026-03-01T08:15:54.996+0000] {dag.py:3823} INFO - Setting next_dagrun for tutorial to 2026-02-28 00:00:00+00:00, run_after=2026-03-01 00:00:00+00:00
[2026-03-01T08:15:55.014+0000] {processor.py:183} INFO - Processing /home/airflow/.local/lib/python3.8/site-packages/airflow/example_dags/tutorial.py took 0.054 seconds
[2026-03-01T08:16:25.383+0000] {processor.py:161} INFO - Started process (PID=1119) to work on /home/airflow/.local/lib/python3.8/site-packages/airflow/example_dags/tutorial.py
[2026-03-01T08:16:25.384+0000] {processor.py:830} INFO - Processing file /home/airflow/.local/lib/python3.8/site-packages/airflow/example_dags/tutorial.py for tasks to queue
[2026-03-01T08:16:25.386+0000] {logging_mixin.py:188} INFO - [2026-03-01T08:16:25.386+0000] {dagbag.py:538} INFO - Filling up the DagBag from /home/airflow/.local/lib/python3.8/site-packages/airflow/example_dags/tutorial.py
[2026-03-01T08:16:25.392+0000] {processor.py:840} INFO - DAG(s) 'tutorial' retrieved from /home/airflow/.local/lib/python3.8/site-packages/airflow/example_dags/tutorial.py
[2026-03-01T08:16:25.410+0000] {logging_mixin.py:188} INFO - [2026-03-01T08:16:25.410+0000] {dag.py:3036} INFO - Sync 1 DAGs
[2026-03-01T08:16:25.427+0000] {logging_mixin.py:188} INFO - [2026-03-01T08:16:25.427+0000] {dag.py:3823} INFO - Setting next_dagrun for tutorial to 2026-02-28 00:00:00+00:00, run_after=2026-03-01 00:00:00+00:00
[2026-03-01T08:16:25.441+0000] {processor.py:183} INFO - Processing /home/airflow/.local/lib/python3.8/site-packages/airflow/example_dags/tutorial.py took 0.061 seconds
[2026-03-01T08:16:55.653+0000] {processor.py:161} INFO - Started process (PID=1180) to work on /home/airflow/.local/lib/python3.8/site-packages/airflow/example_dags/tutorial.py
[2026-03-01T08:16:55.655+0000] {processor.py:830} INFO - Processing file /home/airflow/.local/lib/python3.8/site-packages/airflow/example_dags/tutorial.py for tasks to queue
[2026-03-01T08:16:55.656+0000] {logging_mixin.py:188} INFO - [2026-03-01T08:16:55.656+0000] {dagbag.py:538} INFO - Filling up the DagBag from /home/airflow/.local/lib/python3.8/site-packages/airflow/example_dags/tutorial.py
[2026-03-01T08:16:55.661+0000] {processor.py:840} INFO - DAG(s) 'tutorial' retrieved from /home/airflow/.local/lib/python3.8/site-packages/airflow/example_dags/tutorial.py
[2026-03-01T08:16:55.676+0000] {logging_mixin.py:188} INFO - [2026-03-01T08:16:55.676+0000] {dag.py:3036} INFO - Sync 1 DAGs
[2026-03-01T08:16:55.690+0000] {logging_mixin.py:188} INFO - [2026-03-01T08:16:55.690+0000] {dag.py:3823} INFO - Setting next_dagrun for tutorial to 2026-02-28 00:00:00+00:00, run_after=2026-03-01 00:00:00+00:00
[2026-03-01T08:16:55.704+0000] {processor.py:183} INFO - Processing /home/airflow/.local/lib/python3.8/site-packages/airflow/example_dags/tutorial.py took 0.053 seconds
[2026-03-01T08:17:25.964+0000] {processor.py:161} INFO - Started process (PID=1258) to work on /home/airflow/.local/lib/python3.8/site-packages/airflow/example_dags/tutorial.py
[2026-03-01T08:17:25.965+0000] {processor.py:830} INFO - Processing file /home/airflow/.local/lib/python3.8/site-packages/airflow/example_dags/tutorial.py for tasks to queue
[2026-03-01T08:17:25.966+0000] {logging_mixin.py:188} INFO - [2026-03-01T08:17:25.966+0000] {dagbag.py:538} INFO - Filling up the DagBag from /home/airflow/.local/lib/python3.8/site-packages/airflow/example_dags/tutorial.py
[2026-03-01T08:17:25.971+0000] {processor.py:840} INFO - DAG(s) 'tutorial' retrieved from /home/airflow/.local/lib/python3.8/site-packages/airflow/example_dags/tutorial.py
[2026-03-01T08:17:25.985+0000] {logging_mixin.py:188} INFO - [2026-03-01T08:17:25.985+0000] {dag.py:3036} INFO - Sync 1 DAGs
[2026-03-01T08:17:25.999+0000] {logging_mixin.py:188} INFO - [2026-03-01T08:17:25.999+0000] {dag.py:3823} INFO - Setting next_dagrun for tutorial to 2026-02-28 00:00:00+00:00, run_after=2026-03-01 00:00:00+00:00
[2026-03-01T08:17:26.010+0000] {processor.py:183} INFO - Processing /home/airflow/.local/lib/python3.8/site-packages/airflow/example_dags/tutorial.py took 0.048 seconds
[2026-03-01T08:17:56.252+0000] {processor.py:161} INFO - Started process (PID=1314) to work on /home/airflow/.local/lib/python3.8/site-packages/airflow/example_dags/tutorial.py
[2026-03-01T08:17:56.254+0000] {processor.py:830} INFO - Processing file /home/airflow/.local/lib/python3.8/site-packages/airflow/example_dags/tutorial.py for tasks to queue
[2026-03-01T08:17:56.255+0000] {logging_mixin.py:188} INFO - [2026-03-01T08:17:56.255+0000] {dagbag.py:538} INFO - Filling up the DagBag from /home/airflow/.local/lib/python3.8/site-packages/airflow/example_dags/tutorial.py
[2026-03-01T08:17:56.259+0000] {processor.py:840} INFO - DAG(s) 'tutorial' retrieved from /home/airflow/.local/lib/python3.8/site-packages/airflow/example_dags/tutorial.py
[2026-03-01T08:17:56.274+0000] {logging_mixin.py:188} INFO - [2026-03-01T08:17:56.274+0000] {dag.py:3036} INFO - Sync 1 DAGs
[2026-03-01T08:17:56.287+0000] {logging_mixin.py:188} INFO - [2026-03-01T08:17:56.286+0000] {dag.py:3823} INFO - Setting next_dagrun for tutorial to 2026-02-28 00:00:00+00:00, run_after=2026-03-01 00:00:00+00:00
[2026-03-01T08:17:56.300+0000] {processor.py:183} INFO - Processing /home/airflow/.local/lib/python3.8/site-packages/airflow/example_dags/tutorial.py took 0.050 seconds
[2026-03-01T08:18:26.697+0000] {processor.py:161} INFO - Started process (PID=1370) to work on /home/airflow/.local/lib/python3.8/site-packages/airflow/example_dags/tutorial.py
[2026-03-01T08:18:26.698+0000] {processor.py:830} INFO - Processing file /home/airflow/.local/lib/python3.8/site-packages/airflow/example_dags/tutorial.py for tasks to queue
[2026-03-01T08:18:26.699+0000] {logging_mixin.py:188} INFO - [2026-03-01T08:18:26.699+0000] {dagbag.py:538} INFO - Filling up the DagBag from /home/airflow/.local/lib/python3.8/site-packages/airflow/example_dags/tutorial.py
[2026-03-01T08:18:26.703+0000] {processor.py:840} INFO - DAG(s) 'tutorial' retrieved from /home/airflow/.local/lib/python3.8/site-packages/airflow/example_dags/tutorial.py
[2026-03-01T08:18:26.718+0000] {logging_mixin.py:188} INFO - [2026-03-01T08:18:26.718+0000] {dag.py:3036} INFO - Sync 1 DAGs
[2026-03-01T08:18:26.732+0000] {logging_mixin.py:188} INFO - [2026-03-01T08:18:26.731+0000] {dag.py:3823} INFO - Setting next_dagrun for tutorial to 2026-02-28 00:00:00+00:00, run_after=2026-03-01 00:00:00+00:00
[2026-03-01T08:18:26.744+0000] {processor.py:183} INFO - Processing /home/airflow/.local/lib/python3.8/site-packages/airflow/example_dags/tutorial.py took 0.050 seconds
[2026-03-01T08:18:57.074+0000] {processor.py:161} INFO - Started process (PID=1426) to work on /home/airflow/.local/lib/python3.8/site-packages/airflow/example_dags/tutorial.py
[2026-03-01T08:18:57.075+0000] {processor.py:830} INFO - Processing file /home/airflow/.local/lib/python3.8/site-packages/airflow/example_dags/tutorial.py for tasks to queue
[2026-03-01T08:18:57.076+0000] {logging_mixin.py:188} INFO - [2026-03-01T08:18:57.076+0000] {dagbag.py:538} INFO - Filling up the DagBag from /home/airflow/.local/lib/python3.8/site-packages/airflow/example_dags/tutorial.py
[2026-03-01T08:18:57.081+0000] {processor.py:840} INFO - DAG(s) 'tutorial' retrieved from /home/airflow/.local/lib/python3.8/site-packages/airflow/example_dags/tutorial.py
[2026-03-01T08:18:57.094+0000] {logging_mixin.py:188} INFO - [2026-03-01T08:18:57.094+0000] {dag.py:3036} INFO - Sync 1 DAGs
[2026-03-01T08:18:57.109+0000] {logging_mixin.py:188} INFO - [2026-03-01T08:18:57.109+0000] {dag.py:3823} INFO - Setting next_dagrun for tutorial to 2026-02-28 00:00:00+00:00, run_after=2026-03-01 00:00:00+00:00
[2026-03-01T08:18:57.121+0000] {processor.py:183} INFO - Processing /home/airflow/.local/lib/python3.8/site-packages/airflow/example_dags/tutorial.py took 0.049 seconds
[2026-03-01T08:19:27.342+0000] {processor.py:161} INFO - Started process (PID=1482) to work on /home/airflow/.local/lib/python3.8/site-packages/airflow/example_dags/tutorial.py
[2026-03-01T08:19:27.343+0000] {processor.py:830} INFO - Processing file /home/airflow/.local/lib/python3.8/site-packages/airflow/example_dags/tutorial.py for tasks to queue
[2026-03-01T08:19:27.345+0000] {logging_mixin.py:188} INFO - [2026-03-01T08:19:27.344+0000] {dagbag.py:538} INFO - Filling up the DagBag from /home/airflow/.local/lib/python3.8/site-packages/airflow/example_dags/tutorial.py
[2026-03-01T08:19:27.349+0000] {processor.py:840} INFO - DAG(s) 'tutorial' retrieved from /home/airflow/.local/lib/python3.8/site-packages/airflow/example_dags/tutorial.py
[2026-03-01T08:19:27.366+0000] {logging_mixin.py:188} INFO - [2026-03-01T08:19:27.365+0000] {dag.py:3036} INFO - Sync 1 DAGs
[2026-03-01T08:19:27.380+0000] {logging_mixin.py:188} INFO - [2026-03-01T08:19:27.380+0000] {dag.py:3823} INFO - Setting next_dagrun for tutorial to 2026-02-28 00:00:00+00:00, run_after=2026-03-01 00:00:00+00:00
[2026-03-01T08:19:27.393+0000] {processor.py:183} INFO - Processing /home/airflow/.local/lib/python3.8/site-packages/airflow/example_dags/tutorial.py took 0.054 seconds
[2026-03-01T08:19:57.514+0000] {processor.py:161} INFO - Started process (PID=1538) to work on /home/airflow/.local/lib/python3.8/site-packages/airflow/example_dags/tutorial.py
[2026-03-01T08:19:57.515+0000] {processor.py:830} INFO - Processing file /home/airflow/.local/lib/python3.8/site-packages/airflow/example_dags/tutorial.py for tasks to queue
[2026-03-01T08:19:57.516+0000] {logging_mixin.py:188} INFO - [2026-03-01T08:19:57.516+0000] {dagbag.py:538} INFO - Filling up the DagBag from /home/airflow/.local/lib/python3.8/site-packages/airflow/example_dags/tutorial.py
[2026-03-01T08:19:57.521+0000] {processor.py:840} INFO - DAG(s) 'tutorial' retrieved from /home/airflow/.local/lib/python3.8/site-packages/airflow/example_dags/tutorial.py
[2026-03-01T08:19:57.537+0000] {logging_mixin.py:188} INFO - [2026-03-01T08:19:57.537+0000] {dag.py:3036} INFO - Sync 1 DAGs
[2026-03-01T08:19:57.550+0000] {logging_mixin.py:188} INFO - [2026-03-01T08:19:57.550+0000] {dag.py:3823} INFO - Setting next_dagrun for tutorial to 2026-02-28 00:00:00+00:00, run_after=2026-03-01 00:00:00+00:00
[2026-03-01T08:19:57.562+0000] {processor.py:183} INFO - Processing /home/airflow/.local/lib/python3.8/site-packages/airflow/example_dags/tutorial.py took 0.051 seconds
[2026-03-01T08:20:27.858+0000] {processor.py:161} INFO - Started process (PID=1594) to work on /home/airflow/.local/lib/python3.8/site-packages/airflow/example_dags/tutorial.py
[2026-03-01T08:20:27.859+0000] {processor.py:830} INFO - Processing file /home/airflow/.local/lib/python3.8/site-packages/airflow/example_dags/tutorial.py for tasks to queue
[2026-03-01T08:20:27.861+0000] {logging_mixin.py:188} INFO - [2026-03-01T08:20:27.860+0000] {dagbag.py:538} INFO - Filling up the DagBag from /home/airflow/.local/lib/python3.8/site-packages/airflow/example_dags/tutorial.py
[2026-03-01T08:20:27.865+0000] {processor.py:840} INFO - DAG(s) 'tutorial' retrieved from /home/airflow/.local/lib/python3.8/site-packages/airflow/example_dags/tutorial.py
[2026-03-01T08:20:27.880+0000] {logging_mixin.py:188} INFO - [2026-03-01T08:20:27.880+0000] {dag.py:3036} INFO - Sync 1 DAGs
[2026-03-01T08:20:27.894+0000] {logging_mixin.py:188} INFO - [2026-03-01T08:20:27.894+0000] {dag.py:3823} INFO - Setting next_dagrun for tutorial to 2026-02-28 00:00:00+00:00, run_after=2026-03-01 00:00:00+00:00
[2026-03-01T08:20:27.908+0000] {processor.py:183} INFO - Processing /home/airflow/.local/lib/python3.8/site-packages/airflow/example_dags/tutorial.py took 0.052 seconds
[2026-03-01T08:20:58.866+0000] {processor.py:161} INFO - Started process (PID=1650) to work on /home/airflow/.local/lib/python3.8/site-packages/airflow/example_dags/tutorial.py
[2026-03-01T08:20:58.867+0000] {processor.py:830} INFO - Processing file /home/airflow/.local/lib/python3.8/site-packages/airflow/example_dags/tutorial.py for tasks to queue
[2026-03-01T08:20:58.868+0000] {logging_mixin.py:188} INFO - [2026-03-01T08:20:58.868+0000] {dagbag.py:538} INFO - Filling up the DagBag from /home/airflow/.local/lib/python3.8/site-packages/airflow/example_dags/tutorial.py
[2026-03-01T08:20:58.873+0000] {processor.py:840} INFO - DAG(s) 'tutorial' retrieved from /home/airflow/.local/lib/python3.8/site-packages/airflow/example_dags/tutorial.py
[2026-03-01T08:20:58.889+0000] {logging_mixin.py:188} INFO - [2026-03-01T08:20:58.889+0000] {dag.py:3036} INFO - Sync 1 DAGs
[2026-03-01T08:20:58.901+0000] {logging_mixin.py:188} INFO - [2026-03-01T08:20:58.901+0000] {dag.py:3823} INFO - Setting next_dagrun for tutorial to 2026-02-28 00:00:00+00:00, run_after=2026-03-01 00:00:00+00:00
[2026-03-01T08:20:58.914+0000] {processor.py:183} INFO - Processing /home/airflow/.local/lib/python3.8/site-packages/airflow/example_dags/tutorial.py took 0.051 seconds
[2026-03-01T08:21:29.104+0000] {processor.py:161} INFO - Started process (PID=1706) to work on /home/airflow/.local/lib/python3.8/site-packages/airflow/example_dags/tutorial.py
[2026-03-01T08:21:29.105+0000] {processor.py:830} INFO - Processing file /home/airflow/.local/lib/python3.8/site-packages/airflow/example_dags/tutorial.py for tasks to queue
[2026-03-01T08:21:29.108+0000] {logging_mixin.py:188} INFO - [2026-03-01T08:21:29.108+0000] {dagbag.py:538} INFO - Filling up the DagBag from /home/airflow/.local/lib/python3.8/site-packages/airflow/example_dags/tutorial.py
[2026-03-01T08:21:29.113+0000] {processor.py:840} INFO - DAG(s) 'tutorial' retrieved from /home/airflow/.local/lib/python3.8/site-packages/airflow/example_dags/tutorial.py
[2026-03-01T08:21:29.131+0000] {logging_mixin.py:188} INFO - [2026-03-01T08:21:29.131+0000] {dag.py:3036} INFO - Sync 1 DAGs
[2026-03-01T08:21:29.152+0000] {logging_mixin.py:188} INFO - [2026-03-01T08:21:29.151+0000] {dag.py:3823} INFO - Setting next_dagrun for tutorial to 2026-02-28 00:00:00+00:00, run_after=2026-03-01 00:00:00+00:00
[2026-03-01T08:21:29.168+0000] {processor.py:183} INFO - Processing /home/airflow/.local/lib/python3.8/site-packages/airflow/example_dags/tutorial.py took 0.066 seconds
[2026-03-01T08:21:59.530+0000] {processor.py:161} INFO - Started process (PID=1762) to work on /home/airflow/.local/lib/python3.8/site-packages/airflow/example_dags/tutorial.py
[2026-03-01T08:21:59.531+0000] {processor.py:830} INFO - Processing file /home/airflow/.local/lib/python3.8/site-packages/airflow/example_dags/tutorial.py for tasks to queue
[2026-03-01T08:21:59.533+0000] {logging_mixin.py:188} INFO - [2026-03-01T08:21:59.533+0000] {dagbag.py:538} INFO - Filling up the DagBag from /home/airflow/.local/lib/python3.8/site-packages/airflow/example_dags/tutorial.py
[2026-03-01T08:21:59.538+0000] {processor.py:840} INFO - DAG(s) 'tutorial' retrieved from /home/airflow/.local/lib/python3.8/site-packages/airflow/example_dags/tutorial.py
[2026-03-01T08:21:59.558+0000] {logging_mixin.py:188} INFO - [2026-03-01T08:21:59.557+0000] {dag.py:3036} INFO - Sync 1 DAGs
[2026-03-01T08:21:59.577+0000] {logging_mixin.py:188} INFO - [2026-03-01T08:21:59.576+0000] {dag.py:3823} INFO - Setting next_dagrun for tutorial to 2026-02-28 00:00:00+00:00, run_after=2026-03-01 00:00:00+00:00
[2026-03-01T08:21:59.594+0000] {processor.py:183} INFO - Processing /home/airflow/.local/lib/python3.8/site-packages/airflow/example_dags/tutorial.py took 0.067 seconds
[2026-03-01T08:22:29.838+0000] {processor.py:161} INFO - Started process (PID=1818) to work on /home/airflow/.local/lib/python3.8/site-packages/airflow/example_dags/tutorial.py
[2026-03-01T08:22:29.840+0000] {processor.py:830} INFO - Processing file /home/airflow/.local/lib/python3.8/site-packages/airflow/example_dags/tutorial.py for tasks to queue
[2026-03-01T08:22:29.843+0000] {logging_mixin.py:188} INFO - [2026-03-01T08:22:29.842+0000] {dagbag.py:538} INFO - Filling up the DagBag from /home/airflow/.local/lib/python3.8/site-packages/airflow/example_dags/tutorial.py
[2026-03-01T08:22:29.847+0000] {processor.py:840} INFO - DAG(s) 'tutorial' retrieved from /home/airflow/.local/lib/python3.8/site-packages/airflow/example_dags/tutorial.py
[2026-03-01T08:22:29.862+0000] {logging_mixin.py:188} INFO - [2026-03-01T08:22:29.862+0000] {dag.py:3036} INFO - Sync 1 DAGs
[2026-03-01T08:22:29.875+0000] {logging_mixin.py:188} INFO - [2026-03-01T08:22:29.874+0000] {dag.py:3823} INFO - Setting next_dagrun for tutorial to 2026-02-28 00:00:00+00:00, run_after=2026-03-01 00:00:00+00:00
[2026-03-01T08:22:29.893+0000] {processor.py:183} INFO - Processing /home/airflow/.local/lib/python3.8/site-packages/airflow/example_dags/tutorial.py took 0.058 seconds
[2026-03-01T08:23:00.251+0000] {processor.py:161} INFO - Started process (PID=1874) to work on /home/airflow/.local/lib/python3.8/site-packages/airflow/example_dags/tutorial.py
[2026-03-01T08:23:00.253+0000] {processor.py:830} INFO - Processing file /home/airflow/.local/lib/python3.8/site-packages/airflow/example_dags/tutorial.py for tasks to queue
[2026-03-01T08:23:00.254+0000] {logging_mixin.py:188} INFO - [2026-03-01T08:23:00.254+0000] {dagbag.py:538} INFO - Filling up the DagBag from /home/airflow/.local/lib/python3.8/site-packages/airflow/example_dags/tutorial.py
[2026-03-01T08:23:00.259+0000] {processor.py:840} INFO - DAG(s) 'tutorial' retrieved from /home/airflow/.local/lib/python3.8/site-packages/airflow/example_dags/tutorial.py
[2026-03-01T08:23:00.273+0000] {logging_mixin.py:188} INFO - [2026-03-01T08:23:00.273+0000] {dag.py:3036} INFO - Sync 1 DAGs
[2026-03-01T08:23:00.286+0000] {logging_mixin.py:188} INFO - [2026-03-01T08:23:00.286+0000] {dag.py:3823} INFO - Setting next_dagrun for tutorial to 2026-02-28 00:00:00+00:00, run_after=2026-03-01 00:00:00+00:00
[2026-03-01T08:23:00.297+0000] {processor.py:183} INFO - Processing /home/airflow/.local/lib/python3.8/site-packages/airflow/example_dags/tutorial.py took 0.048 seconds
[2026-03-01T08:23:30.454+0000] {processor.py:161} INFO - Started process (PID=1930) to work on /home/airflow/.local/lib/python3.8/site-packages/airflow/example_dags/tutorial.py
[2026-03-01T08:23:30.455+0000] {processor.py:830} INFO - Processing file /home/airflow/.local/lib/python3.8/site-packages/airflow/example_dags/tutorial.py for tasks to queue
[2026-03-01T08:23:30.457+0000] {logging_mixin.py:188} INFO - [2026-03-01T08:23:30.456+0000] {dagbag.py:538} INFO - Filling up the DagBag from /home/airflow/.local/lib/python3.8/site-packages/airflow/example_dags/tutorial.py
[2026-03-01T08:23:30.463+0000] {processor.py:840} INFO - DAG(s) 'tutorial' retrieved from /home/airflow/.local/lib/python3.8/site-packages/airflow/example_dags/tutorial.py
[2026-03-01T08:23:30.487+0000] {logging_mixin.py:188} INFO - [2026-03-01T08:23:30.487+0000] {dag.py:3036} INFO - Sync 1 DAGs
[2026-03-01T08:23:30.510+0000] {logging_mixin.py:188} INFO - [2026-03-01T08:23:30.510+0000] {dag.py:3823} INFO - Setting next_dagrun for tutorial to 2026-02-28 00:00:00+00:00, run_after=2026-03-01 00:00:00+00:00
[2026-03-01T08:23:30.529+0000] {processor.py:183} INFO - Processing /home/airflow/.local/lib/python3.8/site-packages/airflow/example_dags/tutorial.py took 0.079 seconds
[2026-03-01T08:24:00.824+0000] {processor.py:161} INFO - Started process (PID=1986) to work on /home/airflow/.local/lib/python3.8/site-packages/airflow/example_dags/tutorial.py
[2026-03-01T08:24:00.825+0000] {processor.py:830} INFO - Processing file /home/airflow/.local/lib/python3.8/site-packages/airflow/example_dags/tutorial.py for tasks to queue
[2026-03-01T08:24:00.827+0000] {logging_mixin.py:188} INFO - [2026-03-01T08:24:00.827+0000] {dagbag.py:538} INFO - Filling up the DagBag from /home/airflow/.local/lib/python3.8/site-packages/airflow/example_dags/tutorial.py
[2026-03-01T08:24:00.833+0000] {processor.py:840} INFO - DAG(s) 'tutorial' retrieved from /home/airflow/.local/lib/python3.8/site-packages/airflow/example_dags/tutorial.py
[2026-03-01T08:24:00.849+0000] {logging_mixin.py:188} INFO - [2026-03-01T08:24:00.849+0000] {dag.py:3036} INFO - Sync 1 DAGs
[2026-03-01T08:24:00.863+0000] {logging_mixin.py:188} INFO - [2026-03-01T08:24:00.863+0000] {dag.py:3823} INFO - Setting next_dagrun for tutorial to 2026-02-28 00:00:00+00:00, run_after=2026-03-01 00:00:00+00:00
[2026-03-01T08:24:00.877+0000] {processor.py:183} INFO - Processing /home/airflow/.local/lib/python3.8/site-packages/airflow/example_dags/tutorial.py took 0.055 seconds
[2026-03-01T08:24:31.076+0000] {processor.py:161} INFO - Started process (PID=2042) to work on /home/airflow/.local/lib/python3.8/site-packages/airflow/example_dags/tutorial.py
[2026-03-01T08:24:31.077+0000] {processor.py:830} INFO - Processing file /home/airflow/.local/lib/python3.8/site-packages/airflow/example_dags/tutorial.py for tasks to queue
[2026-03-01T08:24:31.079+0000] {logging_mixin.py:188} INFO - [2026-03-01T08:24:31.079+0000] {dagbag.py:538} INFO - Filling up the DagBag from /home/airflow/.local/lib/python3.8/site-packages/airflow/example_dags/tutorial.py
[2026-03-01T08:24:31.083+0000] {processor.py:840} INFO - DAG(s) 'tutorial' retrieved from /home/airflow/.local/lib/python3.8/site-packages/airflow/example_dags/tutorial.py
[2026-03-01T08:24:31.107+0000] {logging_mixin.py:188} INFO - [2026-03-01T08:24:31.106+0000] {dag.py:3036} INFO - Sync 1 DAGs
[2026-03-01T08:24:31.128+0000] {logging_mixin.py:188} INFO - [2026-03-01T08:24:31.128+0000] {dag.py:3823} INFO - Setting next_dagrun for tutorial to 2026-02-28 00:00:00+00:00, run_after=2026-03-01 00:00:00+00:00
[2026-03-01T08:24:31.147+0000] {processor.py:183} INFO - Processing /home/airflow/.local/lib/python3.8/site-packages/airflow/example_dags/tutorial.py took 0.073 seconds
[2026-03-01T08:25:01.214+0000] {processor.py:161} INFO - Started process (PID=2102) to work on /home/airflow/.local/lib/python3.8/site-packages/airflow/example_dags/tutorial.py
[2026-03-01T08:25:01.215+0000] {processor.py:830} INFO - Processing file /home/airflow/.local/lib/python3.8/site-packages/airflow/example_dags/tutorial.py for tasks to queue
[2026-03-01T08:25:01.217+0000] {logging_mixin.py:188} INFO - [2026-03-01T08:25:01.217+0000] {dagbag.py:538} INFO - Filling up the DagBag from /home/airflow/.local/lib/python3.8/site-packages/airflow/example_dags/tutorial.py
[2026-03-01T08:25:01.222+0000] {processor.py:840} INFO - DAG(s) 'tutorial' retrieved from /home/airflow/.local/lib/python3.8/site-packages/airflow/example_dags/tutorial.py
[2026-03-01T08:25:01.237+0000] {logging_mixin.py:188} INFO - [2026-03-01T08:25:01.237+0000] {dag.py:3036} INFO - Sync 1 DAGs
[2026-03-01T08:25:01.251+0000] {logging_mixin.py:188} INFO - [2026-03-01T08:25:01.251+0000] {dag.py:3823} INFO - Setting next_dagrun for tutorial to 2026-02-28 00:00:00+00:00, run_after=2026-03-01 00:00:00+00:00
[2026-03-01T08:25:01.263+0000] {processor.py:183} INFO - Processing /home/airflow/.local/lib/python3.8/site-packages/airflow/example_dags/tutorial.py took 0.052 seconds
[2026-03-01T08:25:31.587+0000] {processor.py:161} INFO - Started process (PID=2158) to work on /home/airflow/.local/lib/python3.8/site-packages/airflow/example_dags/tutorial.py
[2026-03-01T08:25:31.588+0000] {processor.py:830} INFO - Processing file /home/airflow/.local/lib/python3.8/site-packages/airflow/example_dags/tutorial.py for tasks to queue
[2026-03-01T08:25:31.590+0000] {logging_mixin.py:188} INFO - [2026-03-01T08:25:31.590+0000] {dagbag.py:538} INFO - Filling up the DagBag from /home/airflow/.local/lib/python3.8/site-packages/airflow/example_dags/tutorial.py
[2026-03-01T08:25:31.595+0000] {processor.py:840} INFO - DAG(s) 'tutorial' retrieved from /home/airflow/.local/lib/python3.8/site-packages/airflow/example_dags/tutorial.py
[2026-03-01T08:25:31.610+0000] {logging_mixin.py:188} INFO - [2026-03-01T08:25:31.609+0000] {dag.py:3036} INFO - Sync 1 DAGs
[2026-03-01T08:25:31.622+0000] {logging_mixin.py:188} INFO - [2026-03-01T08:25:31.622+0000] {dag.py:3823} INFO - Setting next_dagrun for tutorial to 2026-02-28 00:00:00+00:00, run_after=2026-03-01 00:00:00+00:00
[2026-03-01T08:25:31.635+0000] {processor.py:183} INFO - Processing /home/airflow/.local/lib/python3.8/site-packages/airflow/example_dags/tutorial.py took 0.051 seconds
[2026-03-01T08:26:01.760+0000] {processor.py:161} INFO - Started process (PID=2214) to work on /home/airflow/.local/lib/python3.8/site-packages/airflow/example_dags/tutorial.py
[2026-03-01T08:26:01.761+0000] {processor.py:830} INFO - Processing file /home/airflow/.local/lib/python3.8/site-packages/airflow/example_dags/tutorial.py for tasks to queue
[2026-03-01T08:26:01.762+0000] {logging_mixin.py:188} INFO - [2026-03-01T08:26:01.762+0000] {dagbag.py:538} INFO - Filling up the DagBag from /home/airflow/.local/lib/python3.8/site-packages/airflow/example_dags/tutorial.py
[2026-03-01T08:26:01.766+0000] {processor.py:840} INFO - DAG(s) 'tutorial' retrieved from /home/airflow/.local/lib/python3.8/site-packages/airflow/example_dags/tutorial.py
[2026-03-01T08:26:01.781+0000] {logging_mixin.py:188} INFO - [2026-03-01T08:26:01.781+0000] {dag.py:3036} INFO - Sync 1 DAGs
[2026-03-01T08:26:01.794+0000] {logging_mixin.py:188} INFO - [2026-03-01T08:26:01.794+0000] {dag.py:3823} INFO - Setting next_dagrun for tutorial to 2026-02-28 00:00:00+00:00, run_after=2026-03-01 00:00:00+00:00
[2026-03-01T08:26:01.805+0000] {processor.py:183} INFO - Processing /home/airflow/.local/lib/python3.8/site-packages/airflow/example_dags/tutorial.py took 0.048 seconds
[2026-03-01T08:26:32.243+0000] {processor.py:161} INFO - Started process (PID=2270) to work on /home/airflow/.local/lib/python3.8/site-packages/airflow/example_dags/tutorial.py
[2026-03-01T08:26:32.244+0000] {processor.py:830} INFO - Processing file /home/airflow/.local/lib/python3.8/site-packages/airflow/example_dags/tutorial.py for tasks to queue
[2026-03-01T08:26:32.245+0000] {logging_mixin.py:188} INFO - [2026-03-01T08:26:32.245+0000] {dagbag.py:538} INFO - Filling up the DagBag from /home/airflow/.local/lib/python3.8/site-packages/airflow/example_dags/tutorial.py
[2026-03-01T08:26:32.250+0000] {processor.py:840} INFO - DAG(s) 'tutorial' retrieved from /home/airflow/.local/lib/python3.8/site-packages/airflow/example_dags/tutorial.py
[2026-03-01T08:26:32.265+0000] {logging_mixin.py:188} INFO - [2026-03-01T08:26:32.265+0000] {dag.py:3036} INFO - Sync 1 DAGs
[2026-03-01T08:26:32.279+0000] {logging_mixin.py:188} INFO - [2026-03-01T08:26:32.279+0000] {dag.py:3823} INFO - Setting next_dagrun for tutorial to 2026-02-28 00:00:00+00:00, run_after=2026-03-01 00:00:00+00:00
[2026-03-01T08:26:32.292+0000] {processor.py:183} INFO - Processing /home/airflow/.local/lib/python3.8/site-packages/airflow/example_dags/tutorial.py took 0.051 seconds
[2026-03-01T08:27:02.538+0000] {processor.py:161} INFO - Started process (PID=2326) to work on /home/airflow/.local/lib/python3.8/site-packages/airflow/example_dags/tutorial.py
[2026-03-01T08:27:02.539+0000] {processor.py:830} INFO - Processing file /home/airflow/.local/lib/python3.8/site-packages/airflow/example_dags/tutorial.py for tasks to queue
[2026-03-01T08:27:02.541+0000] {logging_mixin.py:188} INFO - [2026-03-01T08:27:02.541+0000] {dagbag.py:538} INFO - Filling up the DagBag from /home/airflow/.local/lib/python3.8/site-packages/airflow/example_dags/tutorial.py
[2026-03-01T08:27:02.545+0000] {processor.py:840} INFO - DAG(s) 'tutorial' retrieved from /home/airflow/.local/lib/python3.8/site-packages/airflow/example_dags/tutorial.py
[2026-03-01T08:27:02.559+0000] {logging_mixin.py:188} INFO - [2026-03-01T08:27:02.559+0000] {dag.py:3036} INFO - Sync 1 DAGs
[2026-03-01T08:27:02.572+0000] {logging_mixin.py:188} INFO - [2026-03-01T08:27:02.572+0000] {dag.py:3823} INFO - Setting next_dagrun for tutorial to 2026-02-28 00:00:00+00:00, run_after=2026-03-01 00:00:00+00:00
[2026-03-01T08:27:02.584+0000] {processor.py:183} INFO - Processing /home/airflow/.local/lib/python3.8/site-packages/airflow/example_dags/tutorial.py took 0.048 seconds
[2026-03-01T08:27:32.834+0000] {processor.py:161} INFO - Started process (PID=2381) to work on /home/airflow/.local/lib/python3.8/site-packages/airflow/example_dags/tutorial.py
[2026-03-01T08:27:32.835+0000] {processor.py:830} INFO - Processing file /home/airflow/.local/lib/python3.8/site-packages/airflow/example_dags/tutorial.py for tasks to queue
[2026-03-01T08:27:32.837+0000] {logging_mixin.py:188} INFO - [2026-03-01T08:27:32.836+0000] {dagbag.py:538} INFO - Filling up the DagBag from /home/airflow/.local/lib/python3.8/site-packages/airflow/example_dags/tutorial.py
[2026-03-01T08:27:32.842+0000] {processor.py:840} INFO - DAG(s) 'tutorial' retrieved from /home/airflow/.local/lib/python3.8/site-packages/airflow/example_dags/tutorial.py
[2026-03-01T08:27:32.859+0000] {logging_mixin.py:188} INFO - [2026-03-01T08:27:32.859+0000] {dag.py:3036} INFO - Sync 1 DAGs
[2026-03-01T08:27:32.872+0000] {logging_mixin.py:188} INFO - [2026-03-01T08:27:32.872+0000] {dag.py:3823} INFO - Setting next_dagrun for tutorial to 2026-02-28 00:00:00+00:00, run_after=2026-03-01 00:00:00+00:00
[2026-03-01T08:27:32.884+0000] {processor.py:183} INFO - Processing /home/airflow/.local/lib/python3.8/site-packages/airflow/example_dags/tutorial.py took 0.053 seconds
[2026-03-01T08:28:03.069+0000] {processor.py:161} INFO - Started process (PID=2436) to work on /home/airflow/.local/lib/python3.8/site-packages/airflow/example_dags/tutorial.py
[2026-03-01T08:28:03.070+0000] {processor.py:830} INFO - Processing file /home/airflow/.local/lib/python3.8/site-packages/airflow/example_dags/tutorial.py for tasks to queue
[2026-03-01T08:28:03.071+0000] {logging_mixin.py:188} INFO - [2026-03-01T08:28:03.071+0000] {dagbag.py:538} INFO - Filling up the DagBag from /home/airflow/.local/lib/python3.8/site-packages/airflow/example_dags/tutorial.py
[2026-03-01T08:28:03.076+0000] {processor.py:840} INFO - DAG(s) 'tutorial' retrieved from /home/airflow/.local/lib/python3.8/site-packages/airflow/example_dags/tutorial.py
[2026-03-01T08:28:03.090+0000] {logging_mixin.py:188} INFO - [2026-03-01T08:28:03.090+0000] {dag.py:3036} INFO - Sync 1 DAGs
[2026-03-01T08:28:03.103+0000] {logging_mixin.py:188} INFO - [2026-03-01T08:28:03.103+0000] {dag.py:3823} INFO - Setting next_dagrun for tutorial to 2026-02-28 00:00:00+00:00, run_after=2026-03-01 00:00:00+00:00
[2026-03-01T08:28:03.115+0000] {processor.py:183} INFO - Processing /home/airflow/.local/lib/python3.8/site-packages/airflow/example_dags/tutorial.py took 0.049 seconds
[2026-03-01T08:28:33.245+0000] {processor.py:161} INFO - Started process (PID=2491) to work on /home/airflow/.local/lib/python3.8/site-packages/airflow/example_dags/tutorial.py
[2026-03-01T08:28:33.246+0000] {processor.py:830} INFO - Processing file /home/airflow/.local/lib/python3.8/site-packages/airflow/example_dags/tutorial.py for tasks to queue
[2026-03-01T08:28:33.247+0000] {logging_mixin.py:188} INFO - [2026-03-01T08:28:33.247+0000] {dagbag.py:538} INFO - Filling up the DagBag from /home/airflow/.local/lib/python3.8/site-packages/airflow/example_dags/tutorial.py
[2026-03-01T08:28:33.251+0000] {processor.py:840} INFO - DAG(s) 'tutorial' retrieved from /home/airflow/.local/lib/python3.8/site-packages/airflow/example_dags/tutorial.py
[2026-03-01T08:28:33.266+0000] {logging_mixin.py:188} INFO - [2026-03-01T08:28:33.266+0000] {dag.py:3036} INFO - Sync 1 DAGs
[2026-03-01T08:28:33.279+0000] {logging_mixin.py:188} INFO - [2026-03-01T08:28:33.279+0000] {dag.py:3823} INFO - Setting next_dagrun for tutorial to 2026-02-28 00:00:00+00:00, run_after=2026-03-01 00:00:00+00:00
[2026-03-01T08:28:33.291+0000] {processor.py:183} INFO - Processing /home/airflow/.local/lib/python3.8/site-packages/airflow/example_dags/tutorial.py took 0.049 seconds
[2026-03-01T08:29:03.598+0000] {processor.py:161} INFO - Started process (PID=2547) to work on /home/airflow/.local/lib/python3.8/site-packages/airflow/example_dags/tutorial.py
[2026-03-01T08:29:03.599+0000] {processor.py:830} INFO - Processing file /home/airflow/.local/lib/python3.8/site-packages/airflow/example_dags/tutorial.py for tasks to queue
[2026-03-01T08:29:03.601+0000] {logging_mixin.py:188} INFO - [2026-03-01T08:29:03.601+0000] {dagbag.py:538} INFO - Filling up the DagBag from /home/airflow/.local/lib/python3.8/site-packages/airflow/example_dags/tutorial.py
[2026-03-01T08:29:03.606+0000] {processor.py:840} INFO - DAG(s) 'tutorial' retrieved from /home/airflow/.local/lib/python3.8/site-packages/airflow/example_dags/tutorial.py
[2026-03-01T08:29:03.620+0000] {logging_mixin.py:188} INFO - [2026-03-01T08:29:03.620+0000] {dag.py:3036} INFO - Sync 1 DAGs
[2026-03-01T08:29:03.634+0000] {logging_mixin.py:188} INFO - [2026-03-01T08:29:03.634+0000] {dag.py:3823} INFO - Setting next_dagrun for tutorial to 2026-02-28 00:00:00+00:00, run_after=2026-03-01 00:00:00+00:00
[2026-03-01T08:29:03.647+0000] {processor.py:183} INFO - Processing /home/airflow/.local/lib/python3.8/site-packages/airflow/example_dags/tutorial.py took 0.050 seconds
[2026-03-01T08:29:34.099+0000] {processor.py:161} INFO - Started process (PID=2603) to work on /home/airflow/.local/lib/python3.8/site-packages/airflow/example_dags/tutorial.py
[2026-03-01T08:29:34.100+0000] {processor.py:830} INFO - Processing file /home/airflow/.local/lib/python3.8/site-packages/airflow/example_dags/tutorial.py for tasks to queue
[2026-03-01T08:29:34.102+0000] {logging_mixin.py:188} INFO - [2026-03-01T08:29:34.101+0000] {dagbag.py:538} INFO - Filling up the DagBag from /home/airflow/.local/lib/python3.8/site-packages/airflow/example_dags/tutorial.py
[2026-03-01T08:29:34.107+0000] {processor.py:840} INFO - DAG(s) 'tutorial' retrieved from /home/airflow/.local/lib/python3.8/site-packages/airflow/example_dags/tutorial.py
[2026-03-01T08:29:34.123+0000] {logging_mixin.py:188} INFO - [2026-03-01T08:29:34.123+0000] {dag.py:3036} INFO - Sync 1 DAGs
[2026-03-01T08:29:34.137+0000] {logging_mixin.py:188} INFO - [2026-03-01T08:29:34.137+0000] {dag.py:3823} INFO - Setting next_dagrun for tutorial to 2026-02-28 00:00:00+00:00, run_after=2026-03-01 00:00:00+00:00
[2026-03-01T08:29:34.151+0000] {processor.py:183} INFO - Processing /home/airflow/.local/lib/python3.8/site-packages/airflow/example_dags/tutorial.py took 0.055 seconds
[2026-03-01T08:30:04.844+0000] {processor.py:161} INFO - Started process (PID=2659) to work on /home/airflow/.local/lib/python3.8/site-packages/airflow/example_dags/tutorial.py
[2026-03-01T08:30:04.846+0000] {processor.py:830} INFO - Processing file /home/airflow/.local/lib/python3.8/site-packages/airflow/example_dags/tutorial.py for tasks to queue
[2026-03-01T08:30:04.847+0000] {logging_mixin.py:188} INFO - [2026-03-01T08:30:04.847+0000] {dagbag.py:538} INFO - Filling up the DagBag from /home/airflow/.local/lib/python3.8/site-packages/airflow/example_dags/tutorial.py
[2026-03-01T08:30:04.852+0000] {processor.py:840} INFO - DAG(s) 'tutorial' retrieved from /home/airflow/.local/lib/python3.8/site-packages/airflow/example_dags/tutorial.py
[2026-03-01T08:30:04.866+0000] {logging_mixin.py:188} INFO - [2026-03-01T08:30:04.866+0000] {dag.py:3036} INFO - Sync 1 DAGs
[2026-03-01T08:30:04.879+0000] {logging_mixin.py:188} INFO - [2026-03-01T08:30:04.879+0000] {dag.py:3823} INFO - Setting next_dagrun for tutorial to 2026-02-28 00:00:00+00:00, run_after=2026-03-01 00:00:00+00:00
[2026-03-01T08:30:04.892+0000] {processor.py:183} INFO - Processing /home/airflow/.local/lib/python3.8/site-packages/airflow/example_dags/tutorial.py took 0.050 seconds
[2026-03-01T08:30:35.218+0000] {processor.py:161} INFO - Started process (PID=2715) to work on /home/airflow/.local/lib/python3.8/site-packages/airflow/example_dags/tutorial.py
[2026-03-01T08:30:35.219+0000] {processor.py:830} INFO - Processing file /home/airflow/.local/lib/python3.8/site-packages/airflow/example_dags/tutorial.py for tasks to queue
[2026-03-01T08:30:35.221+0000] {logging_mixin.py:188} INFO - [2026-03-01T08:30:35.221+0000] {dagbag.py:538} INFO - Filling up the DagBag from /home/airflow/.local/lib/python3.8/site-packages/airflow/example_dags/tutorial.py
[2026-03-01T08:30:35.225+0000] {processor.py:840} INFO - DAG(s) 'tutorial' retrieved from /home/airflow/.local/lib/python3.8/site-packages/airflow/example_dags/tutorial.py
[2026-03-01T08:30:35.239+0000] {logging_mixin.py:188} INFO - [2026-03-01T08:30:35.239+0000] {dag.py:3036} INFO - Sync 1 DAGs
[2026-03-01T08:30:35.252+0000] {logging_mixin.py:188} INFO - [2026-03-01T08:30:35.252+0000] {dag.py:3823} INFO - Setting next_dagrun for tutorial to 2026-02-28 00:00:00+00:00, run_after=2026-03-01 00:00:00+00:00
[2026-03-01T08:30:35.266+0000] {processor.py:183} INFO - Processing /home/airflow/.local/lib/python3.8/site-packages/airflow/example_dags/tutorial.py took 0.050 seconds
