[2026-03-01T08:07:47.035+0000] {processor.py:161} INFO - Started process (PID=67) to work on /home/airflow/.local/lib/python3.8/site-packages/airflow/example_dags/tutorial_dag.py
[2026-03-01T08:07:47.037+0000] {processor.py:830} INFO - Processing file /home/airflow/.local/lib/python3.8/site-packages/airflow/example_dags/tutorial_dag.py for tasks to queue
[2026-03-01T08:07:47.039+0000] {logging_mixin.py:188} INFO - [2026-03-01T08:07:47.038+0000] {dagbag.py:538} INFO - Filling up the DagBag from /home/airflow/.local/lib/python3.8/site-packages/airflow/example_dags/tutorial_dag.py
[2026-03-01T08:07:47.048+0000] {processor.py:840} INFO - DAG(s) 'tutorial_dag' retrieved from /home/airflow/.local/lib/python3.8/site-packages/airflow/example_dags/tutorial_dag.py
[2026-03-01T08:07:47.131+0000] {logging_mixin.py:188} INFO - [2026-03-01T08:07:47.130+0000] {override.py:1769} INFO - Created Permission View: can edit on DAG:tutorial_dag
[2026-03-01T08:07:47.140+0000] {logging_mixin.py:188} INFO - [2026-03-01T08:07:47.140+0000] {override.py:1769} INFO - Created Permission View: can delete on DAG:tutorial_dag
[2026-03-01T08:07:47.146+0000] {logging_mixin.py:188} INFO - [2026-03-01T08:07:47.146+0000] {override.py:1769} INFO - Created Permission View: can read on DAG:tutorial_dag
[2026-03-01T08:07:47.147+0000] {logging_mixin.py:188} INFO - [2026-03-01T08:07:47.147+0000] {dag.py:3036} INFO - Sync 1 DAGs
[2026-03-01T08:07:47.158+0000] {logging_mixin.py:188} INFO - [2026-03-01T08:07:47.157+0000] {dag.py:3058} INFO - Creating ORM DAG for tutorial_dag
[2026-03-01T08:07:47.159+0000] {logging_mixin.py:188} INFO - [2026-03-01T08:07:47.159+0000] {dag.py:3823} INFO - Setting next_dagrun for tutorial_dag to None, run_after=None
[2026-03-01T08:07:47.178+0000] {processor.py:183} INFO - Processing /home/airflow/.local/lib/python3.8/site-packages/airflow/example_dags/tutorial_dag.py took 0.146 seconds
[2026-03-01T08:08:18.014+0000] {processor.py:161} INFO - Started process (PID=123) to work on /home/airflow/.local/lib/python3.8/site-packages/airflow/example_dags/tutorial_dag.py
[2026-03-01T08:08:18.015+0000] {processor.py:830} INFO - Processing file /home/airflow/.local/lib/python3.8/site-packages/airflow/example_dags/tutorial_dag.py for tasks to queue
[2026-03-01T08:08:18.016+0000] {logging_mixin.py:188} INFO - [2026-03-01T08:08:18.016+0000] {dagbag.py:538} INFO - Filling up the DagBag from /home/airflow/.local/lib/python3.8/site-packages/airflow/example_dags/tutorial_dag.py
[2026-03-01T08:08:18.020+0000] {processor.py:840} INFO - DAG(s) 'tutorial_dag' retrieved from /home/airflow/.local/lib/python3.8/site-packages/airflow/example_dags/tutorial_dag.py
[2026-03-01T08:08:18.034+0000] {logging_mixin.py:188} INFO - [2026-03-01T08:08:18.034+0000] {dag.py:3036} INFO - Sync 1 DAGs
[2026-03-01T08:08:18.042+0000] {logging_mixin.py:188} INFO - [2026-03-01T08:08:18.041+0000] {dag.py:3823} INFO - Setting next_dagrun for tutorial_dag to None, run_after=None
[2026-03-01T08:08:18.054+0000] {processor.py:183} INFO - Processing /home/airflow/.local/lib/python3.8/site-packages/airflow/example_dags/tutorial_dag.py took 0.043 seconds
[2026-03-01T08:08:48.444+0000] {processor.py:161} INFO - Started process (PID=178) to work on /home/airflow/.local/lib/python3.8/site-packages/airflow/example_dags/tutorial_dag.py
[2026-03-01T08:08:48.445+0000] {processor.py:830} INFO - Processing file /home/airflow/.local/lib/python3.8/site-packages/airflow/example_dags/tutorial_dag.py for tasks to queue
[2026-03-01T08:08:48.447+0000] {logging_mixin.py:188} INFO - [2026-03-01T08:08:48.447+0000] {dagbag.py:538} INFO - Filling up the DagBag from /home/airflow/.local/lib/python3.8/site-packages/airflow/example_dags/tutorial_dag.py
[2026-03-01T08:08:48.452+0000] {processor.py:840} INFO - DAG(s) 'tutorial_dag' retrieved from /home/airflow/.local/lib/python3.8/site-packages/airflow/example_dags/tutorial_dag.py
[2026-03-01T08:08:48.468+0000] {logging_mixin.py:188} INFO - [2026-03-01T08:08:48.468+0000] {dag.py:3036} INFO - Sync 1 DAGs
[2026-03-01T08:08:48.475+0000] {logging_mixin.py:188} INFO - [2026-03-01T08:08:48.475+0000] {dag.py:3823} INFO - Setting next_dagrun for tutorial_dag to None, run_after=None
[2026-03-01T08:08:48.487+0000] {processor.py:183} INFO - Processing /home/airflow/.local/lib/python3.8/site-packages/airflow/example_dags/tutorial_dag.py took 0.046 seconds
[2026-03-01T08:09:18.839+0000] {processor.py:161} INFO - Started process (PID=233) to work on /home/airflow/.local/lib/python3.8/site-packages/airflow/example_dags/tutorial_dag.py
[2026-03-01T08:09:18.841+0000] {processor.py:830} INFO - Processing file /home/airflow/.local/lib/python3.8/site-packages/airflow/example_dags/tutorial_dag.py for tasks to queue
[2026-03-01T08:09:18.842+0000] {logging_mixin.py:188} INFO - [2026-03-01T08:09:18.842+0000] {dagbag.py:538} INFO - Filling up the DagBag from /home/airflow/.local/lib/python3.8/site-packages/airflow/example_dags/tutorial_dag.py
[2026-03-01T08:09:18.847+0000] {processor.py:840} INFO - DAG(s) 'tutorial_dag' retrieved from /home/airflow/.local/lib/python3.8/site-packages/airflow/example_dags/tutorial_dag.py
[2026-03-01T08:09:18.864+0000] {logging_mixin.py:188} INFO - [2026-03-01T08:09:18.864+0000] {dag.py:3036} INFO - Sync 1 DAGs
[2026-03-01T08:09:18.872+0000] {logging_mixin.py:188} INFO - [2026-03-01T08:09:18.872+0000] {dag.py:3823} INFO - Setting next_dagrun for tutorial_dag to None, run_after=None
[2026-03-01T08:09:18.887+0000] {processor.py:183} INFO - Processing /home/airflow/.local/lib/python3.8/site-packages/airflow/example_dags/tutorial_dag.py took 0.050 seconds
[2026-03-01T08:09:49.147+0000] {processor.py:161} INFO - Started process (PID=288) to work on /home/airflow/.local/lib/python3.8/site-packages/airflow/example_dags/tutorial_dag.py
[2026-03-01T08:09:49.148+0000] {processor.py:830} INFO - Processing file /home/airflow/.local/lib/python3.8/site-packages/airflow/example_dags/tutorial_dag.py for tasks to queue
[2026-03-01T08:09:49.149+0000] {logging_mixin.py:188} INFO - [2026-03-01T08:09:49.149+0000] {dagbag.py:538} INFO - Filling up the DagBag from /home/airflow/.local/lib/python3.8/site-packages/airflow/example_dags/tutorial_dag.py
[2026-03-01T08:09:49.154+0000] {processor.py:840} INFO - DAG(s) 'tutorial_dag' retrieved from /home/airflow/.local/lib/python3.8/site-packages/airflow/example_dags/tutorial_dag.py
[2026-03-01T08:09:49.170+0000] {logging_mixin.py:188} INFO - [2026-03-01T08:09:49.169+0000] {dag.py:3036} INFO - Sync 1 DAGs
[2026-03-01T08:09:49.180+0000] {logging_mixin.py:188} INFO - [2026-03-01T08:09:49.179+0000] {dag.py:3823} INFO - Setting next_dagrun for tutorial_dag to None, run_after=None
[2026-03-01T08:09:49.194+0000] {processor.py:183} INFO - Processing /home/airflow/.local/lib/python3.8/site-packages/airflow/example_dags/tutorial_dag.py took 0.049 seconds
[2026-03-01T08:10:19.777+0000] {processor.py:161} INFO - Started process (PID=349) to work on /home/airflow/.local/lib/python3.8/site-packages/airflow/example_dags/tutorial_dag.py
[2026-03-01T08:10:19.778+0000] {processor.py:830} INFO - Processing file /home/airflow/.local/lib/python3.8/site-packages/airflow/example_dags/tutorial_dag.py for tasks to queue
[2026-03-01T08:10:19.779+0000] {logging_mixin.py:188} INFO - [2026-03-01T08:10:19.779+0000] {dagbag.py:538} INFO - Filling up the DagBag from /home/airflow/.local/lib/python3.8/site-packages/airflow/example_dags/tutorial_dag.py
[2026-03-01T08:10:19.784+0000] {processor.py:840} INFO - DAG(s) 'tutorial_dag' retrieved from /home/airflow/.local/lib/python3.8/site-packages/airflow/example_dags/tutorial_dag.py
[2026-03-01T08:10:19.799+0000] {logging_mixin.py:188} INFO - [2026-03-01T08:10:19.799+0000] {dag.py:3036} INFO - Sync 1 DAGs
[2026-03-01T08:10:19.807+0000] {logging_mixin.py:188} INFO - [2026-03-01T08:10:19.807+0000] {dag.py:3823} INFO - Setting next_dagrun for tutorial_dag to None, run_after=None
[2026-03-01T08:10:19.819+0000] {processor.py:183} INFO - Processing /home/airflow/.local/lib/python3.8/site-packages/airflow/example_dags/tutorial_dag.py took 0.045 seconds
[2026-03-01T08:10:50.307+0000] {processor.py:161} INFO - Started process (PID=404) to work on /home/airflow/.local/lib/python3.8/site-packages/airflow/example_dags/tutorial_dag.py
[2026-03-01T08:10:50.309+0000] {processor.py:830} INFO - Processing file /home/airflow/.local/lib/python3.8/site-packages/airflow/example_dags/tutorial_dag.py for tasks to queue
[2026-03-01T08:10:50.311+0000] {logging_mixin.py:188} INFO - [2026-03-01T08:10:50.311+0000] {dagbag.py:538} INFO - Filling up the DagBag from /home/airflow/.local/lib/python3.8/site-packages/airflow/example_dags/tutorial_dag.py
[2026-03-01T08:10:50.316+0000] {processor.py:840} INFO - DAG(s) 'tutorial_dag' retrieved from /home/airflow/.local/lib/python3.8/site-packages/airflow/example_dags/tutorial_dag.py
[2026-03-01T08:10:50.330+0000] {logging_mixin.py:188} INFO - [2026-03-01T08:10:50.330+0000] {dag.py:3036} INFO - Sync 1 DAGs
[2026-03-01T08:10:50.339+0000] {logging_mixin.py:188} INFO - [2026-03-01T08:10:50.339+0000] {dag.py:3823} INFO - Setting next_dagrun for tutorial_dag to None, run_after=None
[2026-03-01T08:10:50.351+0000] {processor.py:183} INFO - Processing /home/airflow/.local/lib/python3.8/site-packages/airflow/example_dags/tutorial_dag.py took 0.046 seconds
[2026-03-01T08:11:20.714+0000] {processor.py:161} INFO - Started process (PID=465) to work on /home/airflow/.local/lib/python3.8/site-packages/airflow/example_dags/tutorial_dag.py
[2026-03-01T08:11:20.715+0000] {processor.py:830} INFO - Processing file /home/airflow/.local/lib/python3.8/site-packages/airflow/example_dags/tutorial_dag.py for tasks to queue
[2026-03-01T08:11:20.716+0000] {logging_mixin.py:188} INFO - [2026-03-01T08:11:20.716+0000] {dagbag.py:538} INFO - Filling up the DagBag from /home/airflow/.local/lib/python3.8/site-packages/airflow/example_dags/tutorial_dag.py
[2026-03-01T08:11:20.721+0000] {processor.py:840} INFO - DAG(s) 'tutorial_dag' retrieved from /home/airflow/.local/lib/python3.8/site-packages/airflow/example_dags/tutorial_dag.py
[2026-03-01T08:11:20.735+0000] {logging_mixin.py:188} INFO - [2026-03-01T08:11:20.735+0000] {dag.py:3036} INFO - Sync 1 DAGs
[2026-03-01T08:11:20.743+0000] {logging_mixin.py:188} INFO - [2026-03-01T08:11:20.743+0000] {dag.py:3823} INFO - Setting next_dagrun for tutorial_dag to None, run_after=None
[2026-03-01T08:11:20.757+0000] {processor.py:183} INFO - Processing /home/airflow/.local/lib/python3.8/site-packages/airflow/example_dags/tutorial_dag.py took 0.046 seconds
[2026-03-01T08:11:51.065+0000] {processor.py:161} INFO - Started process (PID=520) to work on /home/airflow/.local/lib/python3.8/site-packages/airflow/example_dags/tutorial_dag.py
[2026-03-01T08:11:51.066+0000] {processor.py:830} INFO - Processing file /home/airflow/.local/lib/python3.8/site-packages/airflow/example_dags/tutorial_dag.py for tasks to queue
[2026-03-01T08:11:51.068+0000] {logging_mixin.py:188} INFO - [2026-03-01T08:11:51.068+0000] {dagbag.py:538} INFO - Filling up the DagBag from /home/airflow/.local/lib/python3.8/site-packages/airflow/example_dags/tutorial_dag.py
[2026-03-01T08:11:51.072+0000] {processor.py:840} INFO - DAG(s) 'tutorial_dag' retrieved from /home/airflow/.local/lib/python3.8/site-packages/airflow/example_dags/tutorial_dag.py
[2026-03-01T08:11:51.087+0000] {logging_mixin.py:188} INFO - [2026-03-01T08:11:51.087+0000] {dag.py:3036} INFO - Sync 1 DAGs
[2026-03-01T08:11:51.095+0000] {logging_mixin.py:188} INFO - [2026-03-01T08:11:51.094+0000] {dag.py:3823} INFO - Setting next_dagrun for tutorial_dag to None, run_after=None
[2026-03-01T08:11:51.109+0000] {processor.py:183} INFO - Processing /home/airflow/.local/lib/python3.8/site-packages/airflow/example_dags/tutorial_dag.py took 0.047 seconds
[2026-03-01T08:12:22.071+0000] {processor.py:161} INFO - Started process (PID=604) to work on /home/airflow/.local/lib/python3.8/site-packages/airflow/example_dags/tutorial_dag.py
[2026-03-01T08:12:22.072+0000] {processor.py:830} INFO - Processing file /home/airflow/.local/lib/python3.8/site-packages/airflow/example_dags/tutorial_dag.py for tasks to queue
[2026-03-01T08:12:22.074+0000] {logging_mixin.py:188} INFO - [2026-03-01T08:12:22.074+0000] {dagbag.py:538} INFO - Filling up the DagBag from /home/airflow/.local/lib/python3.8/site-packages/airflow/example_dags/tutorial_dag.py
[2026-03-01T08:12:22.079+0000] {processor.py:840} INFO - DAG(s) 'tutorial_dag' retrieved from /home/airflow/.local/lib/python3.8/site-packages/airflow/example_dags/tutorial_dag.py
[2026-03-01T08:12:22.095+0000] {logging_mixin.py:188} INFO - [2026-03-01T08:12:22.095+0000] {dag.py:3036} INFO - Sync 1 DAGs
[2026-03-01T08:12:22.103+0000] {logging_mixin.py:188} INFO - [2026-03-01T08:12:22.103+0000] {dag.py:3823} INFO - Setting next_dagrun for tutorial_dag to None, run_after=None
[2026-03-01T08:12:22.119+0000] {processor.py:183} INFO - Processing /home/airflow/.local/lib/python3.8/site-packages/airflow/example_dags/tutorial_dag.py took 0.049 seconds
[2026-03-01T08:12:52.379+0000] {processor.py:161} INFO - Started process (PID=658) to work on /home/airflow/.local/lib/python3.8/site-packages/airflow/example_dags/tutorial_dag.py
[2026-03-01T08:12:52.380+0000] {processor.py:830} INFO - Processing file /home/airflow/.local/lib/python3.8/site-packages/airflow/example_dags/tutorial_dag.py for tasks to queue
[2026-03-01T08:12:52.382+0000] {logging_mixin.py:188} INFO - [2026-03-01T08:12:52.381+0000] {dagbag.py:538} INFO - Filling up the DagBag from /home/airflow/.local/lib/python3.8/site-packages/airflow/example_dags/tutorial_dag.py
[2026-03-01T08:12:52.385+0000] {processor.py:840} INFO - DAG(s) 'tutorial_dag' retrieved from /home/airflow/.local/lib/python3.8/site-packages/airflow/example_dags/tutorial_dag.py
[2026-03-01T08:12:52.399+0000] {logging_mixin.py:188} INFO - [2026-03-01T08:12:52.399+0000] {dag.py:3036} INFO - Sync 1 DAGs
[2026-03-01T08:12:52.408+0000] {logging_mixin.py:188} INFO - [2026-03-01T08:12:52.407+0000] {dag.py:3823} INFO - Setting next_dagrun for tutorial_dag to None, run_after=None
[2026-03-01T08:12:52.420+0000] {processor.py:183} INFO - Processing /home/airflow/.local/lib/python3.8/site-packages/airflow/example_dags/tutorial_dag.py took 0.043 seconds
[2026-03-01T08:13:22.580+0000] {processor.py:161} INFO - Started process (PID=713) to work on /home/airflow/.local/lib/python3.8/site-packages/airflow/example_dags/tutorial_dag.py
[2026-03-01T08:13:22.581+0000] {processor.py:830} INFO - Processing file /home/airflow/.local/lib/python3.8/site-packages/airflow/example_dags/tutorial_dag.py for tasks to queue
[2026-03-01T08:13:22.583+0000] {logging_mixin.py:188} INFO - [2026-03-01T08:13:22.583+0000] {dagbag.py:538} INFO - Filling up the DagBag from /home/airflow/.local/lib/python3.8/site-packages/airflow/example_dags/tutorial_dag.py
[2026-03-01T08:13:22.587+0000] {processor.py:840} INFO - DAG(s) 'tutorial_dag' retrieved from /home/airflow/.local/lib/python3.8/site-packages/airflow/example_dags/tutorial_dag.py
[2026-03-01T08:13:22.601+0000] {logging_mixin.py:188} INFO - [2026-03-01T08:13:22.601+0000] {dag.py:3036} INFO - Sync 1 DAGs
[2026-03-01T08:13:22.608+0000] {logging_mixin.py:188} INFO - [2026-03-01T08:13:22.608+0000] {dag.py:3823} INFO - Setting next_dagrun for tutorial_dag to None, run_after=None
[2026-03-01T08:13:22.619+0000] {processor.py:183} INFO - Processing /home/airflow/.local/lib/python3.8/site-packages/airflow/example_dags/tutorial_dag.py took 0.042 seconds
[2026-03-01T08:13:52.900+0000] {processor.py:161} INFO - Started process (PID=791) to work on /home/airflow/.local/lib/python3.8/site-packages/airflow/example_dags/tutorial_dag.py
[2026-03-01T08:13:52.902+0000] {processor.py:830} INFO - Processing file /home/airflow/.local/lib/python3.8/site-packages/airflow/example_dags/tutorial_dag.py for tasks to queue
[2026-03-01T08:13:52.904+0000] {logging_mixin.py:188} INFO - [2026-03-01T08:13:52.904+0000] {dagbag.py:538} INFO - Filling up the DagBag from /home/airflow/.local/lib/python3.8/site-packages/airflow/example_dags/tutorial_dag.py
[2026-03-01T08:13:52.908+0000] {processor.py:840} INFO - DAG(s) 'tutorial_dag' retrieved from /home/airflow/.local/lib/python3.8/site-packages/airflow/example_dags/tutorial_dag.py
[2026-03-01T08:13:52.926+0000] {logging_mixin.py:188} INFO - [2026-03-01T08:13:52.926+0000] {dag.py:3036} INFO - Sync 1 DAGs
[2026-03-01T08:13:52.935+0000] {logging_mixin.py:188} INFO - [2026-03-01T08:13:52.935+0000] {dag.py:3823} INFO - Setting next_dagrun for tutorial_dag to None, run_after=None
[2026-03-01T08:13:52.949+0000] {processor.py:183} INFO - Processing /home/airflow/.local/lib/python3.8/site-packages/airflow/example_dags/tutorial_dag.py took 0.051 seconds
[2026-03-01T08:14:23.174+0000] {processor.py:161} INFO - Started process (PID=868) to work on /home/airflow/.local/lib/python3.8/site-packages/airflow/example_dags/tutorial_dag.py
[2026-03-01T08:14:23.175+0000] {processor.py:830} INFO - Processing file /home/airflow/.local/lib/python3.8/site-packages/airflow/example_dags/tutorial_dag.py for tasks to queue
[2026-03-01T08:14:23.177+0000] {logging_mixin.py:188} INFO - [2026-03-01T08:14:23.176+0000] {dagbag.py:538} INFO - Filling up the DagBag from /home/airflow/.local/lib/python3.8/site-packages/airflow/example_dags/tutorial_dag.py
[2026-03-01T08:14:23.182+0000] {processor.py:840} INFO - DAG(s) 'tutorial_dag' retrieved from /home/airflow/.local/lib/python3.8/site-packages/airflow/example_dags/tutorial_dag.py
[2026-03-01T08:14:23.192+0000] {logging_mixin.py:188} INFO - [2026-03-01T08:14:23.192+0000] {dag.py:3036} INFO - Sync 1 DAGs
[2026-03-01T08:14:23.200+0000] {logging_mixin.py:188} INFO - [2026-03-01T08:14:23.200+0000] {dag.py:3823} INFO - Setting next_dagrun for tutorial_dag to None, run_after=None
[2026-03-01T08:14:23.222+0000] {processor.py:183} INFO - Processing /home/airflow/.local/lib/python3.8/site-packages/airflow/example_dags/tutorial_dag.py took 0.051 seconds
[2026-03-01T08:14:53.593+0000] {processor.py:161} INFO - Started process (PID=923) to work on /home/airflow/.local/lib/python3.8/site-packages/airflow/example_dags/tutorial_dag.py
[2026-03-01T08:14:53.594+0000] {processor.py:830} INFO - Processing file /home/airflow/.local/lib/python3.8/site-packages/airflow/example_dags/tutorial_dag.py for tasks to queue
[2026-03-01T08:14:53.596+0000] {logging_mixin.py:188} INFO - [2026-03-01T08:14:53.595+0000] {dagbag.py:538} INFO - Filling up the DagBag from /home/airflow/.local/lib/python3.8/site-packages/airflow/example_dags/tutorial_dag.py
[2026-03-01T08:14:53.600+0000] {processor.py:840} INFO - DAG(s) 'tutorial_dag' retrieved from /home/airflow/.local/lib/python3.8/site-packages/airflow/example_dags/tutorial_dag.py
[2026-03-01T08:14:53.660+0000] {logging_mixin.py:188} INFO - [2026-03-01T08:14:53.660+0000] {dag.py:3036} INFO - Sync 1 DAGs
[2026-03-01T08:14:53.668+0000] {logging_mixin.py:188} INFO - [2026-03-01T08:14:53.667+0000] {dag.py:3823} INFO - Setting next_dagrun for tutorial_dag to None, run_after=None
[2026-03-01T08:14:53.683+0000] {processor.py:183} INFO - Processing /home/airflow/.local/lib/python3.8/site-packages/airflow/example_dags/tutorial_dag.py took 0.093 seconds
[2026-03-01T08:15:24.437+0000] {processor.py:161} INFO - Started process (PID=978) to work on /home/airflow/.local/lib/python3.8/site-packages/airflow/example_dags/tutorial_dag.py
[2026-03-01T08:15:24.438+0000] {processor.py:830} INFO - Processing file /home/airflow/.local/lib/python3.8/site-packages/airflow/example_dags/tutorial_dag.py for tasks to queue
[2026-03-01T08:15:24.440+0000] {logging_mixin.py:188} INFO - [2026-03-01T08:15:24.440+0000] {dagbag.py:538} INFO - Filling up the DagBag from /home/airflow/.local/lib/python3.8/site-packages/airflow/example_dags/tutorial_dag.py
[2026-03-01T08:15:24.444+0000] {processor.py:840} INFO - DAG(s) 'tutorial_dag' retrieved from /home/airflow/.local/lib/python3.8/site-packages/airflow/example_dags/tutorial_dag.py
[2026-03-01T08:15:24.458+0000] {logging_mixin.py:188} INFO - [2026-03-01T08:15:24.458+0000] {dag.py:3036} INFO - Sync 1 DAGs
[2026-03-01T08:15:24.465+0000] {logging_mixin.py:188} INFO - [2026-03-01T08:15:24.465+0000] {dag.py:3823} INFO - Setting next_dagrun for tutorial_dag to None, run_after=None
[2026-03-01T08:15:24.478+0000] {processor.py:183} INFO - Processing /home/airflow/.local/lib/python3.8/site-packages/airflow/example_dags/tutorial_dag.py took 0.043 seconds
[2026-03-01T08:15:54.650+0000] {processor.py:161} INFO - Started process (PID=1033) to work on /home/airflow/.local/lib/python3.8/site-packages/airflow/example_dags/tutorial_dag.py
[2026-03-01T08:15:54.651+0000] {processor.py:830} INFO - Processing file /home/airflow/.local/lib/python3.8/site-packages/airflow/example_dags/tutorial_dag.py for tasks to queue
[2026-03-01T08:15:54.652+0000] {logging_mixin.py:188} INFO - [2026-03-01T08:15:54.652+0000] {dagbag.py:538} INFO - Filling up the DagBag from /home/airflow/.local/lib/python3.8/site-packages/airflow/example_dags/tutorial_dag.py
[2026-03-01T08:15:54.656+0000] {processor.py:840} INFO - DAG(s) 'tutorial_dag' retrieved from /home/airflow/.local/lib/python3.8/site-packages/airflow/example_dags/tutorial_dag.py
[2026-03-01T08:15:54.670+0000] {logging_mixin.py:188} INFO - [2026-03-01T08:15:54.670+0000] {dag.py:3036} INFO - Sync 1 DAGs
[2026-03-01T08:15:54.679+0000] {logging_mixin.py:188} INFO - [2026-03-01T08:15:54.678+0000] {dag.py:3823} INFO - Setting next_dagrun for tutorial_dag to None, run_after=None
[2026-03-01T08:15:54.696+0000] {processor.py:183} INFO - Processing /home/airflow/.local/lib/python3.8/site-packages/airflow/example_dags/tutorial_dag.py took 0.049 seconds
[2026-03-01T08:16:24.966+0000] {processor.py:161} INFO - Started process (PID=1111) to work on /home/airflow/.local/lib/python3.8/site-packages/airflow/example_dags/tutorial_dag.py
[2026-03-01T08:16:24.967+0000] {processor.py:830} INFO - Processing file /home/airflow/.local/lib/python3.8/site-packages/airflow/example_dags/tutorial_dag.py for tasks to queue
[2026-03-01T08:16:24.969+0000] {logging_mixin.py:188} INFO - [2026-03-01T08:16:24.969+0000] {dagbag.py:538} INFO - Filling up the DagBag from /home/airflow/.local/lib/python3.8/site-packages/airflow/example_dags/tutorial_dag.py
[2026-03-01T08:16:24.974+0000] {processor.py:840} INFO - DAG(s) 'tutorial_dag' retrieved from /home/airflow/.local/lib/python3.8/site-packages/airflow/example_dags/tutorial_dag.py
[2026-03-01T08:16:24.990+0000] {logging_mixin.py:188} INFO - [2026-03-01T08:16:24.990+0000] {dag.py:3036} INFO - Sync 1 DAGs
[2026-03-01T08:16:24.999+0000] {logging_mixin.py:188} INFO - [2026-03-01T08:16:24.999+0000] {dag.py:3823} INFO - Setting next_dagrun for tutorial_dag to None, run_after=None
[2026-03-01T08:16:25.016+0000] {processor.py:183} INFO - Processing /home/airflow/.local/lib/python3.8/site-packages/airflow/example_dags/tutorial_dag.py took 0.053 seconds
[2026-03-01T08:16:55.311+0000] {processor.py:161} INFO - Started process (PID=1172) to work on /home/airflow/.local/lib/python3.8/site-packages/airflow/example_dags/tutorial_dag.py
[2026-03-01T08:16:55.313+0000] {processor.py:830} INFO - Processing file /home/airflow/.local/lib/python3.8/site-packages/airflow/example_dags/tutorial_dag.py for tasks to queue
[2026-03-01T08:16:55.315+0000] {logging_mixin.py:188} INFO - [2026-03-01T08:16:55.314+0000] {dagbag.py:538} INFO - Filling up the DagBag from /home/airflow/.local/lib/python3.8/site-packages/airflow/example_dags/tutorial_dag.py
[2026-03-01T08:16:55.320+0000] {processor.py:840} INFO - DAG(s) 'tutorial_dag' retrieved from /home/airflow/.local/lib/python3.8/site-packages/airflow/example_dags/tutorial_dag.py
[2026-03-01T08:16:55.337+0000] {logging_mixin.py:188} INFO - [2026-03-01T08:16:55.337+0000] {dag.py:3036} INFO - Sync 1 DAGs
[2026-03-01T08:16:55.346+0000] {logging_mixin.py:188} INFO - [2026-03-01T08:16:55.345+0000] {dag.py:3823} INFO - Setting next_dagrun for tutorial_dag to None, run_after=None
[2026-03-01T08:16:55.360+0000] {processor.py:183} INFO - Processing /home/airflow/.local/lib/python3.8/site-packages/airflow/example_dags/tutorial_dag.py took 0.052 seconds
[2026-03-01T08:17:25.592+0000] {processor.py:161} INFO - Started process (PID=1250) to work on /home/airflow/.local/lib/python3.8/site-packages/airflow/example_dags/tutorial_dag.py
[2026-03-01T08:17:25.593+0000] {processor.py:830} INFO - Processing file /home/airflow/.local/lib/python3.8/site-packages/airflow/example_dags/tutorial_dag.py for tasks to queue
[2026-03-01T08:17:25.594+0000] {logging_mixin.py:188} INFO - [2026-03-01T08:17:25.594+0000] {dagbag.py:538} INFO - Filling up the DagBag from /home/airflow/.local/lib/python3.8/site-packages/airflow/example_dags/tutorial_dag.py
[2026-03-01T08:17:25.599+0000] {processor.py:840} INFO - DAG(s) 'tutorial_dag' retrieved from /home/airflow/.local/lib/python3.8/site-packages/airflow/example_dags/tutorial_dag.py
[2026-03-01T08:17:25.614+0000] {logging_mixin.py:188} INFO - [2026-03-01T08:17:25.614+0000] {dag.py:3036} INFO - Sync 1 DAGs
[2026-03-01T08:17:25.622+0000] {logging_mixin.py:188} INFO - [2026-03-01T08:17:25.622+0000] {dag.py:3823} INFO - Setting next_dagrun for tutorial_dag to None, run_after=None
[2026-03-01T08:17:25.636+0000] {processor.py:183} INFO - Processing /home/airflow/.local/lib/python3.8/site-packages/airflow/example_dags/tutorial_dag.py took 0.047 seconds
[2026-03-01T08:17:55.817+0000] {processor.py:161} INFO - Started process (PID=1306) to work on /home/airflow/.local/lib/python3.8/site-packages/airflow/example_dags/tutorial_dag.py
[2026-03-01T08:17:55.818+0000] {processor.py:830} INFO - Processing file /home/airflow/.local/lib/python3.8/site-packages/airflow/example_dags/tutorial_dag.py for tasks to queue
[2026-03-01T08:17:55.820+0000] {logging_mixin.py:188} INFO - [2026-03-01T08:17:55.819+0000] {dagbag.py:538} INFO - Filling up the DagBag from /home/airflow/.local/lib/python3.8/site-packages/airflow/example_dags/tutorial_dag.py
[2026-03-01T08:17:55.824+0000] {processor.py:840} INFO - DAG(s) 'tutorial_dag' retrieved from /home/airflow/.local/lib/python3.8/site-packages/airflow/example_dags/tutorial_dag.py
[2026-03-01T08:17:55.839+0000] {logging_mixin.py:188} INFO - [2026-03-01T08:17:55.839+0000] {dag.py:3036} INFO - Sync 1 DAGs
[2026-03-01T08:17:55.850+0000] {logging_mixin.py:188} INFO - [2026-03-01T08:17:55.850+0000] {dag.py:3823} INFO - Setting next_dagrun for tutorial_dag to None, run_after=None
[2026-03-01T08:17:55.866+0000] {processor.py:183} INFO - Processing /home/airflow/.local/lib/python3.8/site-packages/airflow/example_dags/tutorial_dag.py took 0.052 seconds
[2026-03-01T08:18:26.285+0000] {processor.py:161} INFO - Started process (PID=1362) to work on /home/airflow/.local/lib/python3.8/site-packages/airflow/example_dags/tutorial_dag.py
[2026-03-01T08:18:26.286+0000] {processor.py:830} INFO - Processing file /home/airflow/.local/lib/python3.8/site-packages/airflow/example_dags/tutorial_dag.py for tasks to queue
[2026-03-01T08:18:26.288+0000] {logging_mixin.py:188} INFO - [2026-03-01T08:18:26.288+0000] {dagbag.py:538} INFO - Filling up the DagBag from /home/airflow/.local/lib/python3.8/site-packages/airflow/example_dags/tutorial_dag.py
[2026-03-01T08:18:26.292+0000] {processor.py:840} INFO - DAG(s) 'tutorial_dag' retrieved from /home/airflow/.local/lib/python3.8/site-packages/airflow/example_dags/tutorial_dag.py
[2026-03-01T08:18:26.306+0000] {logging_mixin.py:188} INFO - [2026-03-01T08:18:26.306+0000] {dag.py:3036} INFO - Sync 1 DAGs
[2026-03-01T08:18:26.313+0000] {logging_mixin.py:188} INFO - [2026-03-01T08:18:26.313+0000] {dag.py:3823} INFO - Setting next_dagrun for tutorial_dag to None, run_after=None
[2026-03-01T08:18:26.326+0000] {processor.py:183} INFO - Processing /home/airflow/.local/lib/python3.8/site-packages/airflow/example_dags/tutorial_dag.py took 0.043 seconds
[2026-03-01T08:18:56.696+0000] {processor.py:161} INFO - Started process (PID=1418) to work on /home/airflow/.local/lib/python3.8/site-packages/airflow/example_dags/tutorial_dag.py
[2026-03-01T08:18:56.697+0000] {processor.py:830} INFO - Processing file /home/airflow/.local/lib/python3.8/site-packages/airflow/example_dags/tutorial_dag.py for tasks to queue
[2026-03-01T08:18:56.698+0000] {logging_mixin.py:188} INFO - [2026-03-01T08:18:56.698+0000] {dagbag.py:538} INFO - Filling up the DagBag from /home/airflow/.local/lib/python3.8/site-packages/airflow/example_dags/tutorial_dag.py
[2026-03-01T08:18:56.702+0000] {processor.py:840} INFO - DAG(s) 'tutorial_dag' retrieved from /home/airflow/.local/lib/python3.8/site-packages/airflow/example_dags/tutorial_dag.py
[2026-03-01T08:18:56.717+0000] {logging_mixin.py:188} INFO - [2026-03-01T08:18:56.717+0000] {dag.py:3036} INFO - Sync 1 DAGs
[2026-03-01T08:18:56.725+0000] {logging_mixin.py:188} INFO - [2026-03-01T08:18:56.725+0000] {dag.py:3823} INFO - Setting next_dagrun for tutorial_dag to None, run_after=None
[2026-03-01T08:18:56.738+0000] {processor.py:183} INFO - Processing /home/airflow/.local/lib/python3.8/site-packages/airflow/example_dags/tutorial_dag.py took 0.044 seconds
[2026-03-01T08:19:26.997+0000] {processor.py:161} INFO - Started process (PID=1474) to work on /home/airflow/.local/lib/python3.8/site-packages/airflow/example_dags/tutorial_dag.py
[2026-03-01T08:19:26.998+0000] {processor.py:830} INFO - Processing file /home/airflow/.local/lib/python3.8/site-packages/airflow/example_dags/tutorial_dag.py for tasks to queue
[2026-03-01T08:19:27.000+0000] {logging_mixin.py:188} INFO - [2026-03-01T08:19:27.000+0000] {dagbag.py:538} INFO - Filling up the DagBag from /home/airflow/.local/lib/python3.8/site-packages/airflow/example_dags/tutorial_dag.py
[2026-03-01T08:19:27.004+0000] {processor.py:840} INFO - DAG(s) 'tutorial_dag' retrieved from /home/airflow/.local/lib/python3.8/site-packages/airflow/example_dags/tutorial_dag.py
[2026-03-01T08:19:27.025+0000] {logging_mixin.py:188} INFO - [2026-03-01T08:19:27.025+0000] {dag.py:3036} INFO - Sync 1 DAGs
[2026-03-01T08:19:27.033+0000] {logging_mixin.py:188} INFO - [2026-03-01T08:19:27.033+0000] {dag.py:3823} INFO - Setting next_dagrun for tutorial_dag to None, run_after=None
[2026-03-01T08:19:27.050+0000] {processor.py:183} INFO - Processing /home/airflow/.local/lib/python3.8/site-packages/airflow/example_dags/tutorial_dag.py took 0.055 seconds
[2026-03-01T08:19:57.155+0000] {processor.py:161} INFO - Started process (PID=1530) to work on /home/airflow/.local/lib/python3.8/site-packages/airflow/example_dags/tutorial_dag.py
[2026-03-01T08:19:57.156+0000] {processor.py:830} INFO - Processing file /home/airflow/.local/lib/python3.8/site-packages/airflow/example_dags/tutorial_dag.py for tasks to queue
[2026-03-01T08:19:57.158+0000] {logging_mixin.py:188} INFO - [2026-03-01T08:19:57.158+0000] {dagbag.py:538} INFO - Filling up the DagBag from /home/airflow/.local/lib/python3.8/site-packages/airflow/example_dags/tutorial_dag.py
[2026-03-01T08:19:57.162+0000] {processor.py:840} INFO - DAG(s) 'tutorial_dag' retrieved from /home/airflow/.local/lib/python3.8/site-packages/airflow/example_dags/tutorial_dag.py
[2026-03-01T08:19:57.177+0000] {logging_mixin.py:188} INFO - [2026-03-01T08:19:57.177+0000] {dag.py:3036} INFO - Sync 1 DAGs
[2026-03-01T08:19:57.185+0000] {logging_mixin.py:188} INFO - [2026-03-01T08:19:57.185+0000] {dag.py:3823} INFO - Setting next_dagrun for tutorial_dag to None, run_after=None
[2026-03-01T08:19:57.198+0000] {processor.py:183} INFO - Processing /home/airflow/.local/lib/python3.8/site-packages/airflow/example_dags/tutorial_dag.py took 0.046 seconds
[2026-03-01T08:20:27.487+0000] {processor.py:161} INFO - Started process (PID=1586) to work on /home/airflow/.local/lib/python3.8/site-packages/airflow/example_dags/tutorial_dag.py
[2026-03-01T08:20:27.491+0000] {processor.py:830} INFO - Processing file /home/airflow/.local/lib/python3.8/site-packages/airflow/example_dags/tutorial_dag.py for tasks to queue
[2026-03-01T08:20:27.492+0000] {logging_mixin.py:188} INFO - [2026-03-01T08:20:27.492+0000] {dagbag.py:538} INFO - Filling up the DagBag from /home/airflow/.local/lib/python3.8/site-packages/airflow/example_dags/tutorial_dag.py
[2026-03-01T08:20:27.496+0000] {processor.py:840} INFO - DAG(s) 'tutorial_dag' retrieved from /home/airflow/.local/lib/python3.8/site-packages/airflow/example_dags/tutorial_dag.py
[2026-03-01T08:20:27.511+0000] {logging_mixin.py:188} INFO - [2026-03-01T08:20:27.511+0000] {dag.py:3036} INFO - Sync 1 DAGs
[2026-03-01T08:20:27.520+0000] {logging_mixin.py:188} INFO - [2026-03-01T08:20:27.519+0000] {dag.py:3823} INFO - Setting next_dagrun for tutorial_dag to None, run_after=None
[2026-03-01T08:20:27.536+0000] {processor.py:183} INFO - Processing /home/airflow/.local/lib/python3.8/site-packages/airflow/example_dags/tutorial_dag.py took 0.051 seconds
[2026-03-01T08:20:57.593+0000] {processor.py:161} INFO - Started process (PID=1642) to work on /home/airflow/.local/lib/python3.8/site-packages/airflow/example_dags/tutorial_dag.py
[2026-03-01T08:20:57.595+0000] {processor.py:830} INFO - Processing file /home/airflow/.local/lib/python3.8/site-packages/airflow/example_dags/tutorial_dag.py for tasks to queue
[2026-03-01T08:20:57.596+0000] {logging_mixin.py:188} INFO - [2026-03-01T08:20:57.596+0000] {dagbag.py:538} INFO - Filling up the DagBag from /home/airflow/.local/lib/python3.8/site-packages/airflow/example_dags/tutorial_dag.py
[2026-03-01T08:20:57.601+0000] {processor.py:840} INFO - DAG(s) 'tutorial_dag' retrieved from /home/airflow/.local/lib/python3.8/site-packages/airflow/example_dags/tutorial_dag.py
[2026-03-01T08:20:57.618+0000] {logging_mixin.py:188} INFO - [2026-03-01T08:20:57.618+0000] {dag.py:3036} INFO - Sync 1 DAGs
[2026-03-01T08:20:57.626+0000] {logging_mixin.py:188} INFO - [2026-03-01T08:20:57.626+0000] {dag.py:3823} INFO - Setting next_dagrun for tutorial_dag to None, run_after=None
[2026-03-01T08:20:57.639+0000] {processor.py:183} INFO - Processing /home/airflow/.local/lib/python3.8/site-packages/airflow/example_dags/tutorial_dag.py took 0.048 seconds
[2026-03-01T08:21:27.841+0000] {processor.py:161} INFO - Started process (PID=1698) to work on /home/airflow/.local/lib/python3.8/site-packages/airflow/example_dags/tutorial_dag.py
[2026-03-01T08:21:27.842+0000] {processor.py:830} INFO - Processing file /home/airflow/.local/lib/python3.8/site-packages/airflow/example_dags/tutorial_dag.py for tasks to queue
[2026-03-01T08:21:27.844+0000] {logging_mixin.py:188} INFO - [2026-03-01T08:21:27.844+0000] {dagbag.py:538} INFO - Filling up the DagBag from /home/airflow/.local/lib/python3.8/site-packages/airflow/example_dags/tutorial_dag.py
[2026-03-01T08:21:27.848+0000] {processor.py:840} INFO - DAG(s) 'tutorial_dag' retrieved from /home/airflow/.local/lib/python3.8/site-packages/airflow/example_dags/tutorial_dag.py
[2026-03-01T08:21:27.864+0000] {logging_mixin.py:188} INFO - [2026-03-01T08:21:27.864+0000] {dag.py:3036} INFO - Sync 1 DAGs
[2026-03-01T08:21:27.872+0000] {logging_mixin.py:188} INFO - [2026-03-01T08:21:27.871+0000] {dag.py:3823} INFO - Setting next_dagrun for tutorial_dag to None, run_after=None
[2026-03-01T08:21:27.885+0000] {processor.py:183} INFO - Processing /home/airflow/.local/lib/python3.8/site-packages/airflow/example_dags/tutorial_dag.py took 0.047 seconds
[2026-03-01T08:21:58.235+0000] {processor.py:161} INFO - Started process (PID=1754) to work on /home/airflow/.local/lib/python3.8/site-packages/airflow/example_dags/tutorial_dag.py
[2026-03-01T08:21:58.236+0000] {processor.py:830} INFO - Processing file /home/airflow/.local/lib/python3.8/site-packages/airflow/example_dags/tutorial_dag.py for tasks to queue
[2026-03-01T08:21:58.238+0000] {logging_mixin.py:188} INFO - [2026-03-01T08:21:58.238+0000] {dagbag.py:538} INFO - Filling up the DagBag from /home/airflow/.local/lib/python3.8/site-packages/airflow/example_dags/tutorial_dag.py
[2026-03-01T08:21:58.243+0000] {processor.py:840} INFO - DAG(s) 'tutorial_dag' retrieved from /home/airflow/.local/lib/python3.8/site-packages/airflow/example_dags/tutorial_dag.py
[2026-03-01T08:21:58.259+0000] {logging_mixin.py:188} INFO - [2026-03-01T08:21:58.259+0000] {dag.py:3036} INFO - Sync 1 DAGs
[2026-03-01T08:21:58.268+0000] {logging_mixin.py:188} INFO - [2026-03-01T08:21:58.267+0000] {dag.py:3823} INFO - Setting next_dagrun for tutorial_dag to None, run_after=None
[2026-03-01T08:21:58.284+0000] {processor.py:183} INFO - Processing /home/airflow/.local/lib/python3.8/site-packages/airflow/example_dags/tutorial_dag.py took 0.052 seconds
[2026-03-01T08:22:28.536+0000] {processor.py:161} INFO - Started process (PID=1810) to work on /home/airflow/.local/lib/python3.8/site-packages/airflow/example_dags/tutorial_dag.py
[2026-03-01T08:22:28.538+0000] {processor.py:830} INFO - Processing file /home/airflow/.local/lib/python3.8/site-packages/airflow/example_dags/tutorial_dag.py for tasks to queue
[2026-03-01T08:22:28.539+0000] {logging_mixin.py:188} INFO - [2026-03-01T08:22:28.539+0000] {dagbag.py:538} INFO - Filling up the DagBag from /home/airflow/.local/lib/python3.8/site-packages/airflow/example_dags/tutorial_dag.py
[2026-03-01T08:22:28.543+0000] {processor.py:840} INFO - DAG(s) 'tutorial_dag' retrieved from /home/airflow/.local/lib/python3.8/site-packages/airflow/example_dags/tutorial_dag.py
[2026-03-01T08:22:28.560+0000] {logging_mixin.py:188} INFO - [2026-03-01T08:22:28.560+0000] {dag.py:3036} INFO - Sync 1 DAGs
[2026-03-01T08:22:28.567+0000] {logging_mixin.py:188} INFO - [2026-03-01T08:22:28.567+0000] {dag.py:3823} INFO - Setting next_dagrun for tutorial_dag to None, run_after=None
[2026-03-01T08:22:28.580+0000] {processor.py:183} INFO - Processing /home/airflow/.local/lib/python3.8/site-packages/airflow/example_dags/tutorial_dag.py took 0.046 seconds
[2026-03-01T08:22:58.981+0000] {processor.py:161} INFO - Started process (PID=1866) to work on /home/airflow/.local/lib/python3.8/site-packages/airflow/example_dags/tutorial_dag.py
[2026-03-01T08:22:58.982+0000] {processor.py:830} INFO - Processing file /home/airflow/.local/lib/python3.8/site-packages/airflow/example_dags/tutorial_dag.py for tasks to queue
[2026-03-01T08:22:58.984+0000] {logging_mixin.py:188} INFO - [2026-03-01T08:22:58.983+0000] {dagbag.py:538} INFO - Filling up the DagBag from /home/airflow/.local/lib/python3.8/site-packages/airflow/example_dags/tutorial_dag.py
[2026-03-01T08:22:58.988+0000] {processor.py:840} INFO - DAG(s) 'tutorial_dag' retrieved from /home/airflow/.local/lib/python3.8/site-packages/airflow/example_dags/tutorial_dag.py
[2026-03-01T08:22:59.004+0000] {logging_mixin.py:188} INFO - [2026-03-01T08:22:59.004+0000] {dag.py:3036} INFO - Sync 1 DAGs
[2026-03-01T08:22:59.013+0000] {logging_mixin.py:188} INFO - [2026-03-01T08:22:59.012+0000] {dag.py:3823} INFO - Setting next_dagrun for tutorial_dag to None, run_after=None
[2026-03-01T08:22:59.027+0000] {processor.py:183} INFO - Processing /home/airflow/.local/lib/python3.8/site-packages/airflow/example_dags/tutorial_dag.py took 0.049 seconds
[2026-03-01T08:23:29.146+0000] {processor.py:161} INFO - Started process (PID=1922) to work on /home/airflow/.local/lib/python3.8/site-packages/airflow/example_dags/tutorial_dag.py
[2026-03-01T08:23:29.147+0000] {processor.py:830} INFO - Processing file /home/airflow/.local/lib/python3.8/site-packages/airflow/example_dags/tutorial_dag.py for tasks to queue
[2026-03-01T08:23:29.149+0000] {logging_mixin.py:188} INFO - [2026-03-01T08:23:29.149+0000] {dagbag.py:538} INFO - Filling up the DagBag from /home/airflow/.local/lib/python3.8/site-packages/airflow/example_dags/tutorial_dag.py
[2026-03-01T08:23:29.153+0000] {processor.py:840} INFO - DAG(s) 'tutorial_dag' retrieved from /home/airflow/.local/lib/python3.8/site-packages/airflow/example_dags/tutorial_dag.py
[2026-03-01T08:23:29.167+0000] {logging_mixin.py:188} INFO - [2026-03-01T08:23:29.167+0000] {dag.py:3036} INFO - Sync 1 DAGs
[2026-03-01T08:23:29.175+0000] {logging_mixin.py:188} INFO - [2026-03-01T08:23:29.174+0000] {dag.py:3823} INFO - Setting next_dagrun for tutorial_dag to None, run_after=None
[2026-03-01T08:23:29.187+0000] {processor.py:183} INFO - Processing /home/airflow/.local/lib/python3.8/site-packages/airflow/example_dags/tutorial_dag.py took 0.043 seconds
[2026-03-01T08:23:59.513+0000] {processor.py:161} INFO - Started process (PID=1978) to work on /home/airflow/.local/lib/python3.8/site-packages/airflow/example_dags/tutorial_dag.py
[2026-03-01T08:23:59.514+0000] {processor.py:830} INFO - Processing file /home/airflow/.local/lib/python3.8/site-packages/airflow/example_dags/tutorial_dag.py for tasks to queue
[2026-03-01T08:23:59.516+0000] {logging_mixin.py:188} INFO - [2026-03-01T08:23:59.515+0000] {dagbag.py:538} INFO - Filling up the DagBag from /home/airflow/.local/lib/python3.8/site-packages/airflow/example_dags/tutorial_dag.py
[2026-03-01T08:23:59.520+0000] {processor.py:840} INFO - DAG(s) 'tutorial_dag' retrieved from /home/airflow/.local/lib/python3.8/site-packages/airflow/example_dags/tutorial_dag.py
[2026-03-01T08:23:59.538+0000] {logging_mixin.py:188} INFO - [2026-03-01T08:23:59.538+0000] {dag.py:3036} INFO - Sync 1 DAGs
[2026-03-01T08:23:59.553+0000] {logging_mixin.py:188} INFO - [2026-03-01T08:23:59.552+0000] {dag.py:3823} INFO - Setting next_dagrun for tutorial_dag to None, run_after=None
[2026-03-01T08:23:59.574+0000] {processor.py:183} INFO - Processing /home/airflow/.local/lib/python3.8/site-packages/airflow/example_dags/tutorial_dag.py took 0.063 seconds
[2026-03-01T08:24:29.699+0000] {processor.py:161} INFO - Started process (PID=2034) to work on /home/airflow/.local/lib/python3.8/site-packages/airflow/example_dags/tutorial_dag.py
[2026-03-01T08:24:29.701+0000] {processor.py:830} INFO - Processing file /home/airflow/.local/lib/python3.8/site-packages/airflow/example_dags/tutorial_dag.py for tasks to queue
[2026-03-01T08:24:29.702+0000] {logging_mixin.py:188} INFO - [2026-03-01T08:24:29.702+0000] {dagbag.py:538} INFO - Filling up the DagBag from /home/airflow/.local/lib/python3.8/site-packages/airflow/example_dags/tutorial_dag.py
[2026-03-01T08:24:29.706+0000] {processor.py:840} INFO - DAG(s) 'tutorial_dag' retrieved from /home/airflow/.local/lib/python3.8/site-packages/airflow/example_dags/tutorial_dag.py
[2026-03-01T08:24:29.722+0000] {logging_mixin.py:188} INFO - [2026-03-01T08:24:29.722+0000] {dag.py:3036} INFO - Sync 1 DAGs
[2026-03-01T08:24:29.731+0000] {logging_mixin.py:188} INFO - [2026-03-01T08:24:29.731+0000] {dag.py:3823} INFO - Setting next_dagrun for tutorial_dag to None, run_after=None
[2026-03-01T08:24:29.745+0000] {processor.py:183} INFO - Processing /home/airflow/.local/lib/python3.8/site-packages/airflow/example_dags/tutorial_dag.py took 0.048 seconds
[2026-03-01T08:24:59.953+0000] {processor.py:161} INFO - Started process (PID=2094) to work on /home/airflow/.local/lib/python3.8/site-packages/airflow/example_dags/tutorial_dag.py
[2026-03-01T08:24:59.954+0000] {processor.py:830} INFO - Processing file /home/airflow/.local/lib/python3.8/site-packages/airflow/example_dags/tutorial_dag.py for tasks to queue
[2026-03-01T08:24:59.956+0000] {logging_mixin.py:188} INFO - [2026-03-01T08:24:59.956+0000] {dagbag.py:538} INFO - Filling up the DagBag from /home/airflow/.local/lib/python3.8/site-packages/airflow/example_dags/tutorial_dag.py
[2026-03-01T08:24:59.960+0000] {processor.py:840} INFO - DAG(s) 'tutorial_dag' retrieved from /home/airflow/.local/lib/python3.8/site-packages/airflow/example_dags/tutorial_dag.py
[2026-03-01T08:24:59.976+0000] {logging_mixin.py:188} INFO - [2026-03-01T08:24:59.975+0000] {dag.py:3036} INFO - Sync 1 DAGs
[2026-03-01T08:24:59.983+0000] {logging_mixin.py:188} INFO - [2026-03-01T08:24:59.983+0000] {dag.py:3823} INFO - Setting next_dagrun for tutorial_dag to None, run_after=None
[2026-03-01T08:24:59.997+0000] {processor.py:183} INFO - Processing /home/airflow/.local/lib/python3.8/site-packages/airflow/example_dags/tutorial_dag.py took 0.047 seconds
[2026-03-01T08:25:30.319+0000] {processor.py:161} INFO - Started process (PID=2150) to work on /home/airflow/.local/lib/python3.8/site-packages/airflow/example_dags/tutorial_dag.py
[2026-03-01T08:25:30.320+0000] {processor.py:830} INFO - Processing file /home/airflow/.local/lib/python3.8/site-packages/airflow/example_dags/tutorial_dag.py for tasks to queue
[2026-03-01T08:25:30.322+0000] {logging_mixin.py:188} INFO - [2026-03-01T08:25:30.321+0000] {dagbag.py:538} INFO - Filling up the DagBag from /home/airflow/.local/lib/python3.8/site-packages/airflow/example_dags/tutorial_dag.py
[2026-03-01T08:25:30.326+0000] {processor.py:840} INFO - DAG(s) 'tutorial_dag' retrieved from /home/airflow/.local/lib/python3.8/site-packages/airflow/example_dags/tutorial_dag.py
[2026-03-01T08:25:30.342+0000] {logging_mixin.py:188} INFO - [2026-03-01T08:25:30.342+0000] {dag.py:3036} INFO - Sync 1 DAGs
[2026-03-01T08:25:30.350+0000] {logging_mixin.py:188} INFO - [2026-03-01T08:25:30.350+0000] {dag.py:3823} INFO - Setting next_dagrun for tutorial_dag to None, run_after=None
[2026-03-01T08:25:30.366+0000] {processor.py:183} INFO - Processing /home/airflow/.local/lib/python3.8/site-packages/airflow/example_dags/tutorial_dag.py took 0.050 seconds
[2026-03-01T08:26:00.467+0000] {processor.py:161} INFO - Started process (PID=2206) to work on /home/airflow/.local/lib/python3.8/site-packages/airflow/example_dags/tutorial_dag.py
[2026-03-01T08:26:00.468+0000] {processor.py:830} INFO - Processing file /home/airflow/.local/lib/python3.8/site-packages/airflow/example_dags/tutorial_dag.py for tasks to queue
[2026-03-01T08:26:00.470+0000] {logging_mixin.py:188} INFO - [2026-03-01T08:26:00.470+0000] {dagbag.py:538} INFO - Filling up the DagBag from /home/airflow/.local/lib/python3.8/site-packages/airflow/example_dags/tutorial_dag.py
[2026-03-01T08:26:00.476+0000] {processor.py:840} INFO - DAG(s) 'tutorial_dag' retrieved from /home/airflow/.local/lib/python3.8/site-packages/airflow/example_dags/tutorial_dag.py
[2026-03-01T08:26:00.495+0000] {logging_mixin.py:188} INFO - [2026-03-01T08:26:00.495+0000] {dag.py:3036} INFO - Sync 1 DAGs
[2026-03-01T08:26:00.503+0000] {logging_mixin.py:188} INFO - [2026-03-01T08:26:00.503+0000] {dag.py:3823} INFO - Setting next_dagrun for tutorial_dag to None, run_after=None
[2026-03-01T08:26:00.520+0000] {processor.py:183} INFO - Processing /home/airflow/.local/lib/python3.8/site-packages/airflow/example_dags/tutorial_dag.py took 0.055 seconds
[2026-03-01T08:26:30.971+0000] {processor.py:161} INFO - Started process (PID=2262) to work on /home/airflow/.local/lib/python3.8/site-packages/airflow/example_dags/tutorial_dag.py
[2026-03-01T08:26:30.972+0000] {processor.py:830} INFO - Processing file /home/airflow/.local/lib/python3.8/site-packages/airflow/example_dags/tutorial_dag.py for tasks to queue
[2026-03-01T08:26:30.974+0000] {logging_mixin.py:188} INFO - [2026-03-01T08:26:30.974+0000] {dagbag.py:538} INFO - Filling up the DagBag from /home/airflow/.local/lib/python3.8/site-packages/airflow/example_dags/tutorial_dag.py
[2026-03-01T08:26:30.978+0000] {processor.py:840} INFO - DAG(s) 'tutorial_dag' retrieved from /home/airflow/.local/lib/python3.8/site-packages/airflow/example_dags/tutorial_dag.py
[2026-03-01T08:26:30.993+0000] {logging_mixin.py:188} INFO - [2026-03-01T08:26:30.993+0000] {dag.py:3036} INFO - Sync 1 DAGs
[2026-03-01T08:26:31.002+0000] {logging_mixin.py:188} INFO - [2026-03-01T08:26:31.002+0000] {dag.py:3823} INFO - Setting next_dagrun for tutorial_dag to None, run_after=None
[2026-03-01T08:26:31.016+0000] {processor.py:183} INFO - Processing /home/airflow/.local/lib/python3.8/site-packages/airflow/example_dags/tutorial_dag.py took 0.048 seconds
[2026-03-01T08:27:01.267+0000] {processor.py:161} INFO - Started process (PID=2318) to work on /home/airflow/.local/lib/python3.8/site-packages/airflow/example_dags/tutorial_dag.py
[2026-03-01T08:27:01.268+0000] {processor.py:830} INFO - Processing file /home/airflow/.local/lib/python3.8/site-packages/airflow/example_dags/tutorial_dag.py for tasks to queue
[2026-03-01T08:27:01.270+0000] {logging_mixin.py:188} INFO - [2026-03-01T08:27:01.270+0000] {dagbag.py:538} INFO - Filling up the DagBag from /home/airflow/.local/lib/python3.8/site-packages/airflow/example_dags/tutorial_dag.py
[2026-03-01T08:27:01.274+0000] {processor.py:840} INFO - DAG(s) 'tutorial_dag' retrieved from /home/airflow/.local/lib/python3.8/site-packages/airflow/example_dags/tutorial_dag.py
[2026-03-01T08:27:01.289+0000] {logging_mixin.py:188} INFO - [2026-03-01T08:27:01.289+0000] {dag.py:3036} INFO - Sync 1 DAGs
[2026-03-01T08:27:01.297+0000] {logging_mixin.py:188} INFO - [2026-03-01T08:27:01.297+0000] {dag.py:3823} INFO - Setting next_dagrun for tutorial_dag to None, run_after=None
[2026-03-01T08:27:01.311+0000] {processor.py:183} INFO - Processing /home/airflow/.local/lib/python3.8/site-packages/airflow/example_dags/tutorial_dag.py took 0.046 seconds
[2026-03-01T08:27:31.410+0000] {processor.py:161} INFO - Started process (PID=2373) to work on /home/airflow/.local/lib/python3.8/site-packages/airflow/example_dags/tutorial_dag.py
[2026-03-01T08:27:31.411+0000] {processor.py:830} INFO - Processing file /home/airflow/.local/lib/python3.8/site-packages/airflow/example_dags/tutorial_dag.py for tasks to queue
[2026-03-01T08:27:31.413+0000] {logging_mixin.py:188} INFO - [2026-03-01T08:27:31.413+0000] {dagbag.py:538} INFO - Filling up the DagBag from /home/airflow/.local/lib/python3.8/site-packages/airflow/example_dags/tutorial_dag.py
[2026-03-01T08:27:31.417+0000] {processor.py:840} INFO - DAG(s) 'tutorial_dag' retrieved from /home/airflow/.local/lib/python3.8/site-packages/airflow/example_dags/tutorial_dag.py
[2026-03-01T08:27:31.432+0000] {logging_mixin.py:188} INFO - [2026-03-01T08:27:31.432+0000] {dag.py:3036} INFO - Sync 1 DAGs
[2026-03-01T08:27:31.440+0000] {logging_mixin.py:188} INFO - [2026-03-01T08:27:31.440+0000] {dag.py:3823} INFO - Setting next_dagrun for tutorial_dag to None, run_after=None
[2026-03-01T08:27:31.454+0000] {processor.py:183} INFO - Processing /home/airflow/.local/lib/python3.8/site-packages/airflow/example_dags/tutorial_dag.py took 0.046 seconds
[2026-03-01T08:28:01.809+0000] {processor.py:161} INFO - Started process (PID=2428) to work on /home/airflow/.local/lib/python3.8/site-packages/airflow/example_dags/tutorial_dag.py
[2026-03-01T08:28:01.810+0000] {processor.py:830} INFO - Processing file /home/airflow/.local/lib/python3.8/site-packages/airflow/example_dags/tutorial_dag.py for tasks to queue
[2026-03-01T08:28:01.812+0000] {logging_mixin.py:188} INFO - [2026-03-01T08:28:01.812+0000] {dagbag.py:538} INFO - Filling up the DagBag from /home/airflow/.local/lib/python3.8/site-packages/airflow/example_dags/tutorial_dag.py
[2026-03-01T08:28:01.816+0000] {processor.py:840} INFO - DAG(s) 'tutorial_dag' retrieved from /home/airflow/.local/lib/python3.8/site-packages/airflow/example_dags/tutorial_dag.py
[2026-03-01T08:28:01.831+0000] {logging_mixin.py:188} INFO - [2026-03-01T08:28:01.831+0000] {dag.py:3036} INFO - Sync 1 DAGs
[2026-03-01T08:28:01.840+0000] {logging_mixin.py:188} INFO - [2026-03-01T08:28:01.840+0000] {dag.py:3823} INFO - Setting next_dagrun for tutorial_dag to None, run_after=None
[2026-03-01T08:28:01.855+0000] {processor.py:183} INFO - Processing /home/airflow/.local/lib/python3.8/site-packages/airflow/example_dags/tutorial_dag.py took 0.049 seconds
[2026-03-01T08:28:31.943+0000] {processor.py:161} INFO - Started process (PID=2483) to work on /home/airflow/.local/lib/python3.8/site-packages/airflow/example_dags/tutorial_dag.py
[2026-03-01T08:28:31.945+0000] {processor.py:830} INFO - Processing file /home/airflow/.local/lib/python3.8/site-packages/airflow/example_dags/tutorial_dag.py for tasks to queue
[2026-03-01T08:28:31.946+0000] {logging_mixin.py:188} INFO - [2026-03-01T08:28:31.946+0000] {dagbag.py:538} INFO - Filling up the DagBag from /home/airflow/.local/lib/python3.8/site-packages/airflow/example_dags/tutorial_dag.py
[2026-03-01T08:28:31.951+0000] {processor.py:840} INFO - DAG(s) 'tutorial_dag' retrieved from /home/airflow/.local/lib/python3.8/site-packages/airflow/example_dags/tutorial_dag.py
[2026-03-01T08:28:31.967+0000] {logging_mixin.py:188} INFO - [2026-03-01T08:28:31.967+0000] {dag.py:3036} INFO - Sync 1 DAGs
[2026-03-01T08:28:31.977+0000] {logging_mixin.py:188} INFO - [2026-03-01T08:28:31.977+0000] {dag.py:3823} INFO - Setting next_dagrun for tutorial_dag to None, run_after=None
[2026-03-01T08:28:31.993+0000] {processor.py:183} INFO - Processing /home/airflow/.local/lib/python3.8/site-packages/airflow/example_dags/tutorial_dag.py took 0.052 seconds
[2026-03-01T08:29:02.353+0000] {processor.py:161} INFO - Started process (PID=2539) to work on /home/airflow/.local/lib/python3.8/site-packages/airflow/example_dags/tutorial_dag.py
[2026-03-01T08:29:02.354+0000] {processor.py:830} INFO - Processing file /home/airflow/.local/lib/python3.8/site-packages/airflow/example_dags/tutorial_dag.py for tasks to queue
[2026-03-01T08:29:02.355+0000] {logging_mixin.py:188} INFO - [2026-03-01T08:29:02.355+0000] {dagbag.py:538} INFO - Filling up the DagBag from /home/airflow/.local/lib/python3.8/site-packages/airflow/example_dags/tutorial_dag.py
[2026-03-01T08:29:02.361+0000] {processor.py:840} INFO - DAG(s) 'tutorial_dag' retrieved from /home/airflow/.local/lib/python3.8/site-packages/airflow/example_dags/tutorial_dag.py
[2026-03-01T08:29:02.376+0000] {logging_mixin.py:188} INFO - [2026-03-01T08:29:02.375+0000] {dag.py:3036} INFO - Sync 1 DAGs
[2026-03-01T08:29:02.383+0000] {logging_mixin.py:188} INFO - [2026-03-01T08:29:02.383+0000] {dag.py:3823} INFO - Setting next_dagrun for tutorial_dag to None, run_after=None
[2026-03-01T08:29:02.397+0000] {processor.py:183} INFO - Processing /home/airflow/.local/lib/python3.8/site-packages/airflow/example_dags/tutorial_dag.py took 0.046 seconds
[2026-03-01T08:29:32.828+0000] {processor.py:161} INFO - Started process (PID=2595) to work on /home/airflow/.local/lib/python3.8/site-packages/airflow/example_dags/tutorial_dag.py
[2026-03-01T08:29:32.829+0000] {processor.py:830} INFO - Processing file /home/airflow/.local/lib/python3.8/site-packages/airflow/example_dags/tutorial_dag.py for tasks to queue
[2026-03-01T08:29:32.831+0000] {logging_mixin.py:188} INFO - [2026-03-01T08:29:32.831+0000] {dagbag.py:538} INFO - Filling up the DagBag from /home/airflow/.local/lib/python3.8/site-packages/airflow/example_dags/tutorial_dag.py
[2026-03-01T08:29:32.836+0000] {processor.py:840} INFO - DAG(s) 'tutorial_dag' retrieved from /home/airflow/.local/lib/python3.8/site-packages/airflow/example_dags/tutorial_dag.py
[2026-03-01T08:29:32.852+0000] {logging_mixin.py:188} INFO - [2026-03-01T08:29:32.852+0000] {dag.py:3036} INFO - Sync 1 DAGs
[2026-03-01T08:29:32.860+0000] {logging_mixin.py:188} INFO - [2026-03-01T08:29:32.860+0000] {dag.py:3823} INFO - Setting next_dagrun for tutorial_dag to None, run_after=None
[2026-03-01T08:29:32.876+0000] {processor.py:183} INFO - Processing /home/airflow/.local/lib/python3.8/site-packages/airflow/example_dags/tutorial_dag.py took 0.051 seconds
[2026-03-01T08:30:03.328+0000] {processor.py:161} INFO - Started process (PID=2651) to work on /home/airflow/.local/lib/python3.8/site-packages/airflow/example_dags/tutorial_dag.py
[2026-03-01T08:30:03.330+0000] {processor.py:830} INFO - Processing file /home/airflow/.local/lib/python3.8/site-packages/airflow/example_dags/tutorial_dag.py for tasks to queue
[2026-03-01T08:30:03.331+0000] {logging_mixin.py:188} INFO - [2026-03-01T08:30:03.331+0000] {dagbag.py:538} INFO - Filling up the DagBag from /home/airflow/.local/lib/python3.8/site-packages/airflow/example_dags/tutorial_dag.py
[2026-03-01T08:30:03.336+0000] {processor.py:840} INFO - DAG(s) 'tutorial_dag' retrieved from /home/airflow/.local/lib/python3.8/site-packages/airflow/example_dags/tutorial_dag.py
[2026-03-01T08:30:03.353+0000] {logging_mixin.py:188} INFO - [2026-03-01T08:30:03.353+0000] {dag.py:3036} INFO - Sync 1 DAGs
[2026-03-01T08:30:03.361+0000] {logging_mixin.py:188} INFO - [2026-03-01T08:30:03.360+0000] {dag.py:3823} INFO - Setting next_dagrun for tutorial_dag to None, run_after=None
[2026-03-01T08:30:03.375+0000] {processor.py:183} INFO - Processing /home/airflow/.local/lib/python3.8/site-packages/airflow/example_dags/tutorial_dag.py took 0.050 seconds
[2026-03-01T08:30:33.563+0000] {processor.py:161} INFO - Started process (PID=2707) to work on /home/airflow/.local/lib/python3.8/site-packages/airflow/example_dags/tutorial_dag.py
[2026-03-01T08:30:33.565+0000] {processor.py:830} INFO - Processing file /home/airflow/.local/lib/python3.8/site-packages/airflow/example_dags/tutorial_dag.py for tasks to queue
[2026-03-01T08:30:33.567+0000] {logging_mixin.py:188} INFO - [2026-03-01T08:30:33.566+0000] {dagbag.py:538} INFO - Filling up the DagBag from /home/airflow/.local/lib/python3.8/site-packages/airflow/example_dags/tutorial_dag.py
[2026-03-01T08:30:33.572+0000] {processor.py:840} INFO - DAG(s) 'tutorial_dag' retrieved from /home/airflow/.local/lib/python3.8/site-packages/airflow/example_dags/tutorial_dag.py
[2026-03-01T08:30:33.588+0000] {logging_mixin.py:188} INFO - [2026-03-01T08:30:33.588+0000] {dag.py:3036} INFO - Sync 1 DAGs
[2026-03-01T08:30:33.598+0000] {logging_mixin.py:188} INFO - [2026-03-01T08:30:33.598+0000] {dag.py:3823} INFO - Setting next_dagrun for tutorial_dag to None, run_after=None
[2026-03-01T08:30:33.614+0000] {processor.py:183} INFO - Processing /home/airflow/.local/lib/python3.8/site-packages/airflow/example_dags/tutorial_dag.py took 0.053 seconds
