[2026-03-01T08:07:49.772+0000] {processor.py:161} INFO - Started process (PID=99) to work on /home/airflow/.local/lib/python3.8/site-packages/airflow/example_dags/tutorial_objectstorage.py
[2026-03-01T08:07:49.773+0000] {processor.py:830} INFO - Processing file /home/airflow/.local/lib/python3.8/site-packages/airflow/example_dags/tutorial_objectstorage.py for tasks to queue
[2026-03-01T08:07:49.775+0000] {logging_mixin.py:188} INFO - [2026-03-01T08:07:49.775+0000] {dagbag.py:538} INFO - Filling up the DagBag from /home/airflow/.local/lib/python3.8/site-packages/airflow/example_dags/tutorial_objectstorage.py
[2026-03-01T08:07:49.784+0000] {processor.py:840} INFO - DAG(s) 'tutorial_objectstorage' retrieved from /home/airflow/.local/lib/python3.8/site-packages/airflow/example_dags/tutorial_objectstorage.py
[2026-03-01T08:07:49.876+0000] {logging_mixin.py:188} INFO - [2026-03-01T08:07:49.876+0000] {override.py:1769} INFO - Created Permission View: can edit on DAG:tutorial_objectstorage
[2026-03-01T08:07:49.889+0000] {logging_mixin.py:188} INFO - [2026-03-01T08:07:49.889+0000] {override.py:1769} INFO - Created Permission View: can delete on DAG:tutorial_objectstorage
[2026-03-01T08:07:49.897+0000] {logging_mixin.py:188} INFO - [2026-03-01T08:07:49.896+0000] {override.py:1769} INFO - Created Permission View: can read on DAG:tutorial_objectstorage
[2026-03-01T08:07:49.898+0000] {logging_mixin.py:188} INFO - [2026-03-01T08:07:49.897+0000] {dag.py:3036} INFO - Sync 1 DAGs
[2026-03-01T08:07:49.908+0000] {logging_mixin.py:188} INFO - [2026-03-01T08:07:49.908+0000] {dag.py:3058} INFO - Creating ORM DAG for tutorial_objectstorage
[2026-03-01T08:07:49.910+0000] {logging_mixin.py:188} INFO - [2026-03-01T08:07:49.909+0000] {dag.py:3823} INFO - Setting next_dagrun for tutorial_objectstorage to None, run_after=None
[2026-03-01T08:07:49.925+0000] {processor.py:183} INFO - Processing /home/airflow/.local/lib/python3.8/site-packages/airflow/example_dags/tutorial_objectstorage.py took 0.158 seconds
[2026-03-01T08:08:20.169+0000] {processor.py:161} INFO - Started process (PID=154) to work on /home/airflow/.local/lib/python3.8/site-packages/airflow/example_dags/tutorial_objectstorage.py
[2026-03-01T08:08:20.170+0000] {processor.py:830} INFO - Processing file /home/airflow/.local/lib/python3.8/site-packages/airflow/example_dags/tutorial_objectstorage.py for tasks to queue
[2026-03-01T08:08:20.171+0000] {logging_mixin.py:188} INFO - [2026-03-01T08:08:20.171+0000] {dagbag.py:538} INFO - Filling up the DagBag from /home/airflow/.local/lib/python3.8/site-packages/airflow/example_dags/tutorial_objectstorage.py
[2026-03-01T08:08:20.176+0000] {processor.py:840} INFO - DAG(s) 'tutorial_objectstorage' retrieved from /home/airflow/.local/lib/python3.8/site-packages/airflow/example_dags/tutorial_objectstorage.py
[2026-03-01T08:08:20.190+0000] {logging_mixin.py:188} INFO - [2026-03-01T08:08:20.190+0000] {dag.py:3036} INFO - Sync 1 DAGs
[2026-03-01T08:08:20.198+0000] {logging_mixin.py:188} INFO - [2026-03-01T08:08:20.198+0000] {dag.py:3823} INFO - Setting next_dagrun for tutorial_objectstorage to None, run_after=None
[2026-03-01T08:08:20.211+0000] {processor.py:183} INFO - Processing /home/airflow/.local/lib/python3.8/site-packages/airflow/example_dags/tutorial_objectstorage.py took 0.045 seconds
[2026-03-01T08:08:50.763+0000] {processor.py:161} INFO - Started process (PID=209) to work on /home/airflow/.local/lib/python3.8/site-packages/airflow/example_dags/tutorial_objectstorage.py
[2026-03-01T08:08:50.764+0000] {processor.py:830} INFO - Processing file /home/airflow/.local/lib/python3.8/site-packages/airflow/example_dags/tutorial_objectstorage.py for tasks to queue
[2026-03-01T08:08:50.766+0000] {logging_mixin.py:188} INFO - [2026-03-01T08:08:50.766+0000] {dagbag.py:538} INFO - Filling up the DagBag from /home/airflow/.local/lib/python3.8/site-packages/airflow/example_dags/tutorial_objectstorage.py
[2026-03-01T08:08:50.771+0000] {processor.py:840} INFO - DAG(s) 'tutorial_objectstorage' retrieved from /home/airflow/.local/lib/python3.8/site-packages/airflow/example_dags/tutorial_objectstorage.py
[2026-03-01T08:08:50.786+0000] {logging_mixin.py:188} INFO - [2026-03-01T08:08:50.786+0000] {dag.py:3036} INFO - Sync 1 DAGs
[2026-03-01T08:08:50.794+0000] {logging_mixin.py:188} INFO - [2026-03-01T08:08:50.794+0000] {dag.py:3823} INFO - Setting next_dagrun for tutorial_objectstorage to None, run_after=None
[2026-03-01T08:08:50.808+0000] {processor.py:183} INFO - Processing /home/airflow/.local/lib/python3.8/site-packages/airflow/example_dags/tutorial_objectstorage.py took 0.047 seconds
[2026-03-01T08:09:21.062+0000] {processor.py:161} INFO - Started process (PID=264) to work on /home/airflow/.local/lib/python3.8/site-packages/airflow/example_dags/tutorial_objectstorage.py
[2026-03-01T08:09:21.064+0000] {processor.py:830} INFO - Processing file /home/airflow/.local/lib/python3.8/site-packages/airflow/example_dags/tutorial_objectstorage.py for tasks to queue
[2026-03-01T08:09:21.065+0000] {logging_mixin.py:188} INFO - [2026-03-01T08:09:21.065+0000] {dagbag.py:538} INFO - Filling up the DagBag from /home/airflow/.local/lib/python3.8/site-packages/airflow/example_dags/tutorial_objectstorage.py
[2026-03-01T08:09:21.070+0000] {processor.py:840} INFO - DAG(s) 'tutorial_objectstorage' retrieved from /home/airflow/.local/lib/python3.8/site-packages/airflow/example_dags/tutorial_objectstorage.py
[2026-03-01T08:09:21.087+0000] {logging_mixin.py:188} INFO - [2026-03-01T08:09:21.087+0000] {dag.py:3036} INFO - Sync 1 DAGs
[2026-03-01T08:09:21.096+0000] {logging_mixin.py:188} INFO - [2026-03-01T08:09:21.095+0000] {dag.py:3823} INFO - Setting next_dagrun for tutorial_objectstorage to None, run_after=None
[2026-03-01T08:09:21.110+0000] {processor.py:183} INFO - Processing /home/airflow/.local/lib/python3.8/site-packages/airflow/example_dags/tutorial_objectstorage.py took 0.050 seconds
[2026-03-01T08:09:51.540+0000] {processor.py:161} INFO - Started process (PID=319) to work on /home/airflow/.local/lib/python3.8/site-packages/airflow/example_dags/tutorial_objectstorage.py
[2026-03-01T08:09:51.541+0000] {processor.py:830} INFO - Processing file /home/airflow/.local/lib/python3.8/site-packages/airflow/example_dags/tutorial_objectstorage.py for tasks to queue
[2026-03-01T08:09:51.543+0000] {logging_mixin.py:188} INFO - [2026-03-01T08:09:51.542+0000] {dagbag.py:538} INFO - Filling up the DagBag from /home/airflow/.local/lib/python3.8/site-packages/airflow/example_dags/tutorial_objectstorage.py
[2026-03-01T08:09:51.548+0000] {processor.py:840} INFO - DAG(s) 'tutorial_objectstorage' retrieved from /home/airflow/.local/lib/python3.8/site-packages/airflow/example_dags/tutorial_objectstorage.py
[2026-03-01T08:09:51.562+0000] {logging_mixin.py:188} INFO - [2026-03-01T08:09:51.562+0000] {dag.py:3036} INFO - Sync 1 DAGs
[2026-03-01T08:09:51.571+0000] {logging_mixin.py:188} INFO - [2026-03-01T08:09:51.571+0000] {dag.py:3823} INFO - Setting next_dagrun for tutorial_objectstorage to None, run_after=None
[2026-03-01T08:09:51.587+0000] {processor.py:183} INFO - Processing /home/airflow/.local/lib/python3.8/site-packages/airflow/example_dags/tutorial_objectstorage.py took 0.050 seconds
[2026-03-01T08:10:22.020+0000] {processor.py:161} INFO - Started process (PID=374) to work on /home/airflow/.local/lib/python3.8/site-packages/airflow/example_dags/tutorial_objectstorage.py
[2026-03-01T08:10:22.022+0000] {processor.py:830} INFO - Processing file /home/airflow/.local/lib/python3.8/site-packages/airflow/example_dags/tutorial_objectstorage.py for tasks to queue
[2026-03-01T08:10:22.023+0000] {logging_mixin.py:188} INFO - [2026-03-01T08:10:22.023+0000] {dagbag.py:538} INFO - Filling up the DagBag from /home/airflow/.local/lib/python3.8/site-packages/airflow/example_dags/tutorial_objectstorage.py
[2026-03-01T08:10:22.029+0000] {processor.py:840} INFO - DAG(s) 'tutorial_objectstorage' retrieved from /home/airflow/.local/lib/python3.8/site-packages/airflow/example_dags/tutorial_objectstorage.py
[2026-03-01T08:10:22.046+0000] {logging_mixin.py:188} INFO - [2026-03-01T08:10:22.046+0000] {dag.py:3036} INFO - Sync 1 DAGs
[2026-03-01T08:10:22.056+0000] {logging_mixin.py:188} INFO - [2026-03-01T08:10:22.055+0000] {dag.py:3823} INFO - Setting next_dagrun for tutorial_objectstorage to None, run_after=None
[2026-03-01T08:10:22.079+0000] {processor.py:183} INFO - Processing /home/airflow/.local/lib/python3.8/site-packages/airflow/example_dags/tutorial_objectstorage.py took 0.061 seconds
[2026-03-01T08:10:52.623+0000] {processor.py:161} INFO - Started process (PID=429) to work on /home/airflow/.local/lib/python3.8/site-packages/airflow/example_dags/tutorial_objectstorage.py
[2026-03-01T08:10:52.624+0000] {processor.py:830} INFO - Processing file /home/airflow/.local/lib/python3.8/site-packages/airflow/example_dags/tutorial_objectstorage.py for tasks to queue
[2026-03-01T08:10:52.625+0000] {logging_mixin.py:188} INFO - [2026-03-01T08:10:52.625+0000] {dagbag.py:538} INFO - Filling up the DagBag from /home/airflow/.local/lib/python3.8/site-packages/airflow/example_dags/tutorial_objectstorage.py
[2026-03-01T08:10:52.630+0000] {processor.py:840} INFO - DAG(s) 'tutorial_objectstorage' retrieved from /home/airflow/.local/lib/python3.8/site-packages/airflow/example_dags/tutorial_objectstorage.py
[2026-03-01T08:10:52.645+0000] {logging_mixin.py:188} INFO - [2026-03-01T08:10:52.645+0000] {dag.py:3036} INFO - Sync 1 DAGs
[2026-03-01T08:10:52.653+0000] {logging_mixin.py:188} INFO - [2026-03-01T08:10:52.653+0000] {dag.py:3823} INFO - Setting next_dagrun for tutorial_objectstorage to None, run_after=None
[2026-03-01T08:10:52.670+0000] {processor.py:183} INFO - Processing /home/airflow/.local/lib/python3.8/site-packages/airflow/example_dags/tutorial_objectstorage.py took 0.050 seconds
[2026-03-01T08:11:22.963+0000] {processor.py:161} INFO - Started process (PID=490) to work on /home/airflow/.local/lib/python3.8/site-packages/airflow/example_dags/tutorial_objectstorage.py
[2026-03-01T08:11:22.963+0000] {processor.py:830} INFO - Processing file /home/airflow/.local/lib/python3.8/site-packages/airflow/example_dags/tutorial_objectstorage.py for tasks to queue
[2026-03-01T08:11:22.965+0000] {logging_mixin.py:188} INFO - [2026-03-01T08:11:22.965+0000] {dagbag.py:538} INFO - Filling up the DagBag from /home/airflow/.local/lib/python3.8/site-packages/airflow/example_dags/tutorial_objectstorage.py
[2026-03-01T08:11:22.970+0000] {processor.py:840} INFO - DAG(s) 'tutorial_objectstorage' retrieved from /home/airflow/.local/lib/python3.8/site-packages/airflow/example_dags/tutorial_objectstorage.py
[2026-03-01T08:11:22.983+0000] {logging_mixin.py:188} INFO - [2026-03-01T08:11:22.983+0000] {dag.py:3036} INFO - Sync 1 DAGs
[2026-03-01T08:11:22.990+0000] {logging_mixin.py:188} INFO - [2026-03-01T08:11:22.990+0000] {dag.py:3823} INFO - Setting next_dagrun for tutorial_objectstorage to None, run_after=None
[2026-03-01T08:11:23.003+0000] {processor.py:183} INFO - Processing /home/airflow/.local/lib/python3.8/site-packages/airflow/example_dags/tutorial_objectstorage.py took 0.043 seconds
[2026-03-01T08:11:53.119+0000] {processor.py:161} INFO - Started process (PID=551) to work on /home/airflow/.local/lib/python3.8/site-packages/airflow/example_dags/tutorial_objectstorage.py
[2026-03-01T08:11:53.120+0000] {processor.py:830} INFO - Processing file /home/airflow/.local/lib/python3.8/site-packages/airflow/example_dags/tutorial_objectstorage.py for tasks to queue
[2026-03-01T08:11:53.122+0000] {logging_mixin.py:188} INFO - [2026-03-01T08:11:53.121+0000] {dagbag.py:538} INFO - Filling up the DagBag from /home/airflow/.local/lib/python3.8/site-packages/airflow/example_dags/tutorial_objectstorage.py
[2026-03-01T08:11:53.127+0000] {processor.py:840} INFO - DAG(s) 'tutorial_objectstorage' retrieved from /home/airflow/.local/lib/python3.8/site-packages/airflow/example_dags/tutorial_objectstorage.py
[2026-03-01T08:11:53.141+0000] {logging_mixin.py:188} INFO - [2026-03-01T08:11:53.141+0000] {dag.py:3036} INFO - Sync 1 DAGs
[2026-03-01T08:11:53.149+0000] {logging_mixin.py:188} INFO - [2026-03-01T08:11:53.149+0000] {dag.py:3823} INFO - Setting next_dagrun for tutorial_objectstorage to None, run_after=None
[2026-03-01T08:11:53.160+0000] {processor.py:183} INFO - Processing /home/airflow/.local/lib/python3.8/site-packages/airflow/example_dags/tutorial_objectstorage.py took 0.044 seconds
[2026-03-01T08:12:24.260+0000] {processor.py:161} INFO - Started process (PID=629) to work on /home/airflow/.local/lib/python3.8/site-packages/airflow/example_dags/tutorial_objectstorage.py
[2026-03-01T08:12:24.261+0000] {processor.py:830} INFO - Processing file /home/airflow/.local/lib/python3.8/site-packages/airflow/example_dags/tutorial_objectstorage.py for tasks to queue
[2026-03-01T08:12:24.263+0000] {logging_mixin.py:188} INFO - [2026-03-01T08:12:24.262+0000] {dagbag.py:538} INFO - Filling up the DagBag from /home/airflow/.local/lib/python3.8/site-packages/airflow/example_dags/tutorial_objectstorage.py
[2026-03-01T08:12:24.267+0000] {processor.py:840} INFO - DAG(s) 'tutorial_objectstorage' retrieved from /home/airflow/.local/lib/python3.8/site-packages/airflow/example_dags/tutorial_objectstorage.py
[2026-03-01T08:12:24.282+0000] {logging_mixin.py:188} INFO - [2026-03-01T08:12:24.281+0000] {dag.py:3036} INFO - Sync 1 DAGs
[2026-03-01T08:12:24.290+0000] {logging_mixin.py:188} INFO - [2026-03-01T08:12:24.290+0000] {dag.py:3823} INFO - Setting next_dagrun for tutorial_objectstorage to None, run_after=None
[2026-03-01T08:12:24.306+0000] {processor.py:183} INFO - Processing /home/airflow/.local/lib/python3.8/site-packages/airflow/example_dags/tutorial_objectstorage.py took 0.049 seconds
[2026-03-01T08:12:54.600+0000] {processor.py:161} INFO - Started process (PID=683) to work on /home/airflow/.local/lib/python3.8/site-packages/airflow/example_dags/tutorial_objectstorage.py
[2026-03-01T08:12:54.601+0000] {processor.py:830} INFO - Processing file /home/airflow/.local/lib/python3.8/site-packages/airflow/example_dags/tutorial_objectstorage.py for tasks to queue
[2026-03-01T08:12:54.603+0000] {logging_mixin.py:188} INFO - [2026-03-01T08:12:54.603+0000] {dagbag.py:538} INFO - Filling up the DagBag from /home/airflow/.local/lib/python3.8/site-packages/airflow/example_dags/tutorial_objectstorage.py
[2026-03-01T08:12:54.608+0000] {processor.py:840} INFO - DAG(s) 'tutorial_objectstorage' retrieved from /home/airflow/.local/lib/python3.8/site-packages/airflow/example_dags/tutorial_objectstorage.py
[2026-03-01T08:12:54.621+0000] {logging_mixin.py:188} INFO - [2026-03-01T08:12:54.621+0000] {dag.py:3036} INFO - Sync 1 DAGs
[2026-03-01T08:12:54.629+0000] {logging_mixin.py:188} INFO - [2026-03-01T08:12:54.629+0000] {dag.py:3823} INFO - Setting next_dagrun for tutorial_objectstorage to None, run_after=None
[2026-03-01T08:12:54.643+0000] {processor.py:183} INFO - Processing /home/airflow/.local/lib/python3.8/site-packages/airflow/example_dags/tutorial_objectstorage.py took 0.046 seconds
[2026-03-01T08:13:24.711+0000] {processor.py:161} INFO - Started process (PID=738) to work on /home/airflow/.local/lib/python3.8/site-packages/airflow/example_dags/tutorial_objectstorage.py
[2026-03-01T08:13:24.712+0000] {processor.py:830} INFO - Processing file /home/airflow/.local/lib/python3.8/site-packages/airflow/example_dags/tutorial_objectstorage.py for tasks to queue
[2026-03-01T08:13:24.714+0000] {logging_mixin.py:188} INFO - [2026-03-01T08:13:24.713+0000] {dagbag.py:538} INFO - Filling up the DagBag from /home/airflow/.local/lib/python3.8/site-packages/airflow/example_dags/tutorial_objectstorage.py
[2026-03-01T08:13:24.718+0000] {processor.py:840} INFO - DAG(s) 'tutorial_objectstorage' retrieved from /home/airflow/.local/lib/python3.8/site-packages/airflow/example_dags/tutorial_objectstorage.py
[2026-03-01T08:13:24.732+0000] {logging_mixin.py:188} INFO - [2026-03-01T08:13:24.732+0000] {dag.py:3036} INFO - Sync 1 DAGs
[2026-03-01T08:13:24.740+0000] {logging_mixin.py:188} INFO - [2026-03-01T08:13:24.740+0000] {dag.py:3823} INFO - Setting next_dagrun for tutorial_objectstorage to None, run_after=None
[2026-03-01T08:13:24.752+0000] {processor.py:183} INFO - Processing /home/airflow/.local/lib/python3.8/site-packages/airflow/example_dags/tutorial_objectstorage.py took 0.043 seconds
[2026-03-01T08:13:55.137+0000] {processor.py:161} INFO - Started process (PID=816) to work on /home/airflow/.local/lib/python3.8/site-packages/airflow/example_dags/tutorial_objectstorage.py
[2026-03-01T08:13:55.137+0000] {processor.py:830} INFO - Processing file /home/airflow/.local/lib/python3.8/site-packages/airflow/example_dags/tutorial_objectstorage.py for tasks to queue
[2026-03-01T08:13:55.139+0000] {logging_mixin.py:188} INFO - [2026-03-01T08:13:55.139+0000] {dagbag.py:538} INFO - Filling up the DagBag from /home/airflow/.local/lib/python3.8/site-packages/airflow/example_dags/tutorial_objectstorage.py
[2026-03-01T08:13:55.143+0000] {processor.py:840} INFO - DAG(s) 'tutorial_objectstorage' retrieved from /home/airflow/.local/lib/python3.8/site-packages/airflow/example_dags/tutorial_objectstorage.py
[2026-03-01T08:13:55.157+0000] {logging_mixin.py:188} INFO - [2026-03-01T08:13:55.157+0000] {dag.py:3036} INFO - Sync 1 DAGs
[2026-03-01T08:13:55.164+0000] {logging_mixin.py:188} INFO - [2026-03-01T08:13:55.164+0000] {dag.py:3823} INFO - Setting next_dagrun for tutorial_objectstorage to None, run_after=None
[2026-03-01T08:13:55.177+0000] {processor.py:183} INFO - Processing /home/airflow/.local/lib/python3.8/site-packages/airflow/example_dags/tutorial_objectstorage.py took 0.043 seconds
[2026-03-01T08:14:25.305+0000] {processor.py:161} INFO - Started process (PID=893) to work on /home/airflow/.local/lib/python3.8/site-packages/airflow/example_dags/tutorial_objectstorage.py
[2026-03-01T08:14:25.306+0000] {processor.py:830} INFO - Processing file /home/airflow/.local/lib/python3.8/site-packages/airflow/example_dags/tutorial_objectstorage.py for tasks to queue
[2026-03-01T08:14:25.307+0000] {logging_mixin.py:188} INFO - [2026-03-01T08:14:25.307+0000] {dagbag.py:538} INFO - Filling up the DagBag from /home/airflow/.local/lib/python3.8/site-packages/airflow/example_dags/tutorial_objectstorage.py
[2026-03-01T08:14:25.312+0000] {processor.py:840} INFO - DAG(s) 'tutorial_objectstorage' retrieved from /home/airflow/.local/lib/python3.8/site-packages/airflow/example_dags/tutorial_objectstorage.py
[2026-03-01T08:14:25.321+0000] {logging_mixin.py:188} INFO - [2026-03-01T08:14:25.321+0000] {dag.py:3036} INFO - Sync 1 DAGs
[2026-03-01T08:14:25.329+0000] {logging_mixin.py:188} INFO - [2026-03-01T08:14:25.329+0000] {dag.py:3823} INFO - Setting next_dagrun for tutorial_objectstorage to None, run_after=None
[2026-03-01T08:14:25.342+0000] {processor.py:183} INFO - Processing /home/airflow/.local/lib/python3.8/site-packages/airflow/example_dags/tutorial_objectstorage.py took 0.040 seconds
[2026-03-01T08:14:56.102+0000] {processor.py:161} INFO - Started process (PID=948) to work on /home/airflow/.local/lib/python3.8/site-packages/airflow/example_dags/tutorial_objectstorage.py
[2026-03-01T08:14:56.103+0000] {processor.py:830} INFO - Processing file /home/airflow/.local/lib/python3.8/site-packages/airflow/example_dags/tutorial_objectstorage.py for tasks to queue
[2026-03-01T08:14:56.104+0000] {logging_mixin.py:188} INFO - [2026-03-01T08:14:56.104+0000] {dagbag.py:538} INFO - Filling up the DagBag from /home/airflow/.local/lib/python3.8/site-packages/airflow/example_dags/tutorial_objectstorage.py
[2026-03-01T08:14:56.109+0000] {processor.py:840} INFO - DAG(s) 'tutorial_objectstorage' retrieved from /home/airflow/.local/lib/python3.8/site-packages/airflow/example_dags/tutorial_objectstorage.py
[2026-03-01T08:14:56.167+0000] {logging_mixin.py:188} INFO - [2026-03-01T08:14:56.167+0000] {dag.py:3036} INFO - Sync 1 DAGs
[2026-03-01T08:14:56.174+0000] {logging_mixin.py:188} INFO - [2026-03-01T08:14:56.174+0000] {dag.py:3823} INFO - Setting next_dagrun for tutorial_objectstorage to None, run_after=None
[2026-03-01T08:14:56.185+0000] {processor.py:183} INFO - Processing /home/airflow/.local/lib/python3.8/site-packages/airflow/example_dags/tutorial_objectstorage.py took 0.085 seconds
[2026-03-01T08:15:26.552+0000] {processor.py:161} INFO - Started process (PID=1003) to work on /home/airflow/.local/lib/python3.8/site-packages/airflow/example_dags/tutorial_objectstorage.py
[2026-03-01T08:15:26.553+0000] {processor.py:830} INFO - Processing file /home/airflow/.local/lib/python3.8/site-packages/airflow/example_dags/tutorial_objectstorage.py for tasks to queue
[2026-03-01T08:15:26.555+0000] {logging_mixin.py:188} INFO - [2026-03-01T08:15:26.555+0000] {dagbag.py:538} INFO - Filling up the DagBag from /home/airflow/.local/lib/python3.8/site-packages/airflow/example_dags/tutorial_objectstorage.py
[2026-03-01T08:15:26.560+0000] {processor.py:840} INFO - DAG(s) 'tutorial_objectstorage' retrieved from /home/airflow/.local/lib/python3.8/site-packages/airflow/example_dags/tutorial_objectstorage.py
[2026-03-01T08:15:26.574+0000] {logging_mixin.py:188} INFO - [2026-03-01T08:15:26.574+0000] {dag.py:3036} INFO - Sync 1 DAGs
[2026-03-01T08:15:26.582+0000] {logging_mixin.py:188} INFO - [2026-03-01T08:15:26.582+0000] {dag.py:3823} INFO - Setting next_dagrun for tutorial_objectstorage to None, run_after=None
[2026-03-01T08:15:26.597+0000] {processor.py:183} INFO - Processing /home/airflow/.local/lib/python3.8/site-packages/airflow/example_dags/tutorial_objectstorage.py took 0.048 seconds
[2026-03-01T08:15:56.880+0000] {processor.py:161} INFO - Started process (PID=1065) to work on /home/airflow/.local/lib/python3.8/site-packages/airflow/example_dags/tutorial_objectstorage.py
[2026-03-01T08:15:56.881+0000] {processor.py:830} INFO - Processing file /home/airflow/.local/lib/python3.8/site-packages/airflow/example_dags/tutorial_objectstorage.py for tasks to queue
[2026-03-01T08:15:56.883+0000] {logging_mixin.py:188} INFO - [2026-03-01T08:15:56.883+0000] {dagbag.py:538} INFO - Filling up the DagBag from /home/airflow/.local/lib/python3.8/site-packages/airflow/example_dags/tutorial_objectstorage.py
[2026-03-01T08:15:56.889+0000] {processor.py:840} INFO - DAG(s) 'tutorial_objectstorage' retrieved from /home/airflow/.local/lib/python3.8/site-packages/airflow/example_dags/tutorial_objectstorage.py
[2026-03-01T08:15:56.906+0000] {logging_mixin.py:188} INFO - [2026-03-01T08:15:56.906+0000] {dag.py:3036} INFO - Sync 1 DAGs
[2026-03-01T08:15:56.915+0000] {logging_mixin.py:188} INFO - [2026-03-01T08:15:56.915+0000] {dag.py:3823} INFO - Setting next_dagrun for tutorial_objectstorage to None, run_after=None
[2026-03-01T08:15:56.930+0000] {processor.py:183} INFO - Processing /home/airflow/.local/lib/python3.8/site-packages/airflow/example_dags/tutorial_objectstorage.py took 0.053 seconds
[2026-03-01T08:16:27.280+0000] {processor.py:161} INFO - Started process (PID=1136) to work on /home/airflow/.local/lib/python3.8/site-packages/airflow/example_dags/tutorial_objectstorage.py
[2026-03-01T08:16:27.282+0000] {processor.py:830} INFO - Processing file /home/airflow/.local/lib/python3.8/site-packages/airflow/example_dags/tutorial_objectstorage.py for tasks to queue
[2026-03-01T08:16:27.283+0000] {logging_mixin.py:188} INFO - [2026-03-01T08:16:27.283+0000] {dagbag.py:538} INFO - Filling up the DagBag from /home/airflow/.local/lib/python3.8/site-packages/airflow/example_dags/tutorial_objectstorage.py
[2026-03-01T08:16:27.289+0000] {processor.py:840} INFO - DAG(s) 'tutorial_objectstorage' retrieved from /home/airflow/.local/lib/python3.8/site-packages/airflow/example_dags/tutorial_objectstorage.py
[2026-03-01T08:16:27.305+0000] {logging_mixin.py:188} INFO - [2026-03-01T08:16:27.305+0000] {dag.py:3036} INFO - Sync 1 DAGs
[2026-03-01T08:16:27.314+0000] {logging_mixin.py:188} INFO - [2026-03-01T08:16:27.314+0000] {dag.py:3823} INFO - Setting next_dagrun for tutorial_objectstorage to None, run_after=None
[2026-03-01T08:16:27.329+0000] {processor.py:183} INFO - Processing /home/airflow/.local/lib/python3.8/site-packages/airflow/example_dags/tutorial_objectstorage.py took 0.051 seconds
[2026-03-01T08:16:57.619+0000] {processor.py:161} INFO - Started process (PID=1197) to work on /home/airflow/.local/lib/python3.8/site-packages/airflow/example_dags/tutorial_objectstorage.py
[2026-03-01T08:16:57.621+0000] {processor.py:830} INFO - Processing file /home/airflow/.local/lib/python3.8/site-packages/airflow/example_dags/tutorial_objectstorage.py for tasks to queue
[2026-03-01T08:16:57.623+0000] {logging_mixin.py:188} INFO - [2026-03-01T08:16:57.623+0000] {dagbag.py:538} INFO - Filling up the DagBag from /home/airflow/.local/lib/python3.8/site-packages/airflow/example_dags/tutorial_objectstorage.py
[2026-03-01T08:16:57.628+0000] {processor.py:840} INFO - DAG(s) 'tutorial_objectstorage' retrieved from /home/airflow/.local/lib/python3.8/site-packages/airflow/example_dags/tutorial_objectstorage.py
[2026-03-01T08:16:57.643+0000] {logging_mixin.py:188} INFO - [2026-03-01T08:16:57.643+0000] {dag.py:3036} INFO - Sync 1 DAGs
[2026-03-01T08:16:57.651+0000] {logging_mixin.py:188} INFO - [2026-03-01T08:16:57.651+0000] {dag.py:3823} INFO - Setting next_dagrun for tutorial_objectstorage to None, run_after=None
[2026-03-01T08:16:57.665+0000] {processor.py:183} INFO - Processing /home/airflow/.local/lib/python3.8/site-packages/airflow/example_dags/tutorial_objectstorage.py took 0.049 seconds
[2026-03-01T08:17:27.774+0000] {processor.py:161} INFO - Started process (PID=1275) to work on /home/airflow/.local/lib/python3.8/site-packages/airflow/example_dags/tutorial_objectstorage.py
[2026-03-01T08:17:27.776+0000] {processor.py:830} INFO - Processing file /home/airflow/.local/lib/python3.8/site-packages/airflow/example_dags/tutorial_objectstorage.py for tasks to queue
[2026-03-01T08:17:27.778+0000] {logging_mixin.py:188} INFO - [2026-03-01T08:17:27.777+0000] {dagbag.py:538} INFO - Filling up the DagBag from /home/airflow/.local/lib/python3.8/site-packages/airflow/example_dags/tutorial_objectstorage.py
[2026-03-01T08:17:27.783+0000] {processor.py:840} INFO - DAG(s) 'tutorial_objectstorage' retrieved from /home/airflow/.local/lib/python3.8/site-packages/airflow/example_dags/tutorial_objectstorage.py
[2026-03-01T08:17:27.798+0000] {logging_mixin.py:188} INFO - [2026-03-01T08:17:27.798+0000] {dag.py:3036} INFO - Sync 1 DAGs
[2026-03-01T08:17:27.806+0000] {logging_mixin.py:188} INFO - [2026-03-01T08:17:27.806+0000] {dag.py:3823} INFO - Setting next_dagrun for tutorial_objectstorage to None, run_after=None
[2026-03-01T08:17:27.821+0000] {processor.py:183} INFO - Processing /home/airflow/.local/lib/python3.8/site-packages/airflow/example_dags/tutorial_objectstorage.py took 0.050 seconds
[2026-03-01T08:17:58.004+0000] {processor.py:161} INFO - Started process (PID=1331) to work on /home/airflow/.local/lib/python3.8/site-packages/airflow/example_dags/tutorial_objectstorage.py
[2026-03-01T08:17:58.006+0000] {processor.py:830} INFO - Processing file /home/airflow/.local/lib/python3.8/site-packages/airflow/example_dags/tutorial_objectstorage.py for tasks to queue
[2026-03-01T08:17:58.008+0000] {logging_mixin.py:188} INFO - [2026-03-01T08:17:58.007+0000] {dagbag.py:538} INFO - Filling up the DagBag from /home/airflow/.local/lib/python3.8/site-packages/airflow/example_dags/tutorial_objectstorage.py
[2026-03-01T08:17:58.013+0000] {processor.py:840} INFO - DAG(s) 'tutorial_objectstorage' retrieved from /home/airflow/.local/lib/python3.8/site-packages/airflow/example_dags/tutorial_objectstorage.py
[2026-03-01T08:17:58.026+0000] {logging_mixin.py:188} INFO - [2026-03-01T08:17:58.026+0000] {dag.py:3036} INFO - Sync 1 DAGs
[2026-03-01T08:17:58.035+0000] {logging_mixin.py:188} INFO - [2026-03-01T08:17:58.034+0000] {dag.py:3823} INFO - Setting next_dagrun for tutorial_objectstorage to None, run_after=None
[2026-03-01T08:17:58.050+0000] {processor.py:183} INFO - Processing /home/airflow/.local/lib/python3.8/site-packages/airflow/example_dags/tutorial_objectstorage.py took 0.048 seconds
[2026-03-01T08:18:28.685+0000] {processor.py:161} INFO - Started process (PID=1387) to work on /home/airflow/.local/lib/python3.8/site-packages/airflow/example_dags/tutorial_objectstorage.py
[2026-03-01T08:18:28.686+0000] {processor.py:830} INFO - Processing file /home/airflow/.local/lib/python3.8/site-packages/airflow/example_dags/tutorial_objectstorage.py for tasks to queue
[2026-03-01T08:18:28.688+0000] {logging_mixin.py:188} INFO - [2026-03-01T08:18:28.687+0000] {dagbag.py:538} INFO - Filling up the DagBag from /home/airflow/.local/lib/python3.8/site-packages/airflow/example_dags/tutorial_objectstorage.py
[2026-03-01T08:18:28.694+0000] {processor.py:840} INFO - DAG(s) 'tutorial_objectstorage' retrieved from /home/airflow/.local/lib/python3.8/site-packages/airflow/example_dags/tutorial_objectstorage.py
[2026-03-01T08:18:28.711+0000] {logging_mixin.py:188} INFO - [2026-03-01T08:18:28.710+0000] {dag.py:3036} INFO - Sync 1 DAGs
[2026-03-01T08:18:28.720+0000] {logging_mixin.py:188} INFO - [2026-03-01T08:18:28.719+0000] {dag.py:3823} INFO - Setting next_dagrun for tutorial_objectstorage to None, run_after=None
[2026-03-01T08:18:28.734+0000] {processor.py:183} INFO - Processing /home/airflow/.local/lib/python3.8/site-packages/airflow/example_dags/tutorial_objectstorage.py took 0.052 seconds
[2026-03-01T08:18:58.813+0000] {processor.py:161} INFO - Started process (PID=1443) to work on /home/airflow/.local/lib/python3.8/site-packages/airflow/example_dags/tutorial_objectstorage.py
[2026-03-01T08:18:58.814+0000] {processor.py:830} INFO - Processing file /home/airflow/.local/lib/python3.8/site-packages/airflow/example_dags/tutorial_objectstorage.py for tasks to queue
[2026-03-01T08:18:58.816+0000] {logging_mixin.py:188} INFO - [2026-03-01T08:18:58.816+0000] {dagbag.py:538} INFO - Filling up the DagBag from /home/airflow/.local/lib/python3.8/site-packages/airflow/example_dags/tutorial_objectstorage.py
[2026-03-01T08:18:58.821+0000] {processor.py:840} INFO - DAG(s) 'tutorial_objectstorage' retrieved from /home/airflow/.local/lib/python3.8/site-packages/airflow/example_dags/tutorial_objectstorage.py
[2026-03-01T08:18:58.836+0000] {logging_mixin.py:188} INFO - [2026-03-01T08:18:58.836+0000] {dag.py:3036} INFO - Sync 1 DAGs
[2026-03-01T08:18:58.844+0000] {logging_mixin.py:188} INFO - [2026-03-01T08:18:58.844+0000] {dag.py:3823} INFO - Setting next_dagrun for tutorial_objectstorage to None, run_after=None
[2026-03-01T08:18:58.856+0000] {processor.py:183} INFO - Processing /home/airflow/.local/lib/python3.8/site-packages/airflow/example_dags/tutorial_objectstorage.py took 0.046 seconds
[2026-03-01T08:19:29.132+0000] {processor.py:161} INFO - Started process (PID=1499) to work on /home/airflow/.local/lib/python3.8/site-packages/airflow/example_dags/tutorial_objectstorage.py
[2026-03-01T08:19:29.133+0000] {processor.py:830} INFO - Processing file /home/airflow/.local/lib/python3.8/site-packages/airflow/example_dags/tutorial_objectstorage.py for tasks to queue
[2026-03-01T08:19:29.135+0000] {logging_mixin.py:188} INFO - [2026-03-01T08:19:29.135+0000] {dagbag.py:538} INFO - Filling up the DagBag from /home/airflow/.local/lib/python3.8/site-packages/airflow/example_dags/tutorial_objectstorage.py
[2026-03-01T08:19:29.140+0000] {processor.py:840} INFO - DAG(s) 'tutorial_objectstorage' retrieved from /home/airflow/.local/lib/python3.8/site-packages/airflow/example_dags/tutorial_objectstorage.py
[2026-03-01T08:19:29.156+0000] {logging_mixin.py:188} INFO - [2026-03-01T08:19:29.156+0000] {dag.py:3036} INFO - Sync 1 DAGs
[2026-03-01T08:19:29.165+0000] {logging_mixin.py:188} INFO - [2026-03-01T08:19:29.164+0000] {dag.py:3823} INFO - Setting next_dagrun for tutorial_objectstorage to None, run_after=None
[2026-03-01T08:19:29.179+0000] {processor.py:183} INFO - Processing /home/airflow/.local/lib/python3.8/site-packages/airflow/example_dags/tutorial_objectstorage.py took 0.049 seconds
[2026-03-01T08:19:59.452+0000] {processor.py:161} INFO - Started process (PID=1555) to work on /home/airflow/.local/lib/python3.8/site-packages/airflow/example_dags/tutorial_objectstorage.py
[2026-03-01T08:19:59.454+0000] {processor.py:830} INFO - Processing file /home/airflow/.local/lib/python3.8/site-packages/airflow/example_dags/tutorial_objectstorage.py for tasks to queue
[2026-03-01T08:19:59.455+0000] {logging_mixin.py:188} INFO - [2026-03-01T08:19:59.455+0000] {dagbag.py:538} INFO - Filling up the DagBag from /home/airflow/.local/lib/python3.8/site-packages/airflow/example_dags/tutorial_objectstorage.py
[2026-03-01T08:19:59.462+0000] {processor.py:840} INFO - DAG(s) 'tutorial_objectstorage' retrieved from /home/airflow/.local/lib/python3.8/site-packages/airflow/example_dags/tutorial_objectstorage.py
[2026-03-01T08:19:59.480+0000] {logging_mixin.py:188} INFO - [2026-03-01T08:19:59.480+0000] {dag.py:3036} INFO - Sync 1 DAGs
[2026-03-01T08:19:59.490+0000] {logging_mixin.py:188} INFO - [2026-03-01T08:19:59.490+0000] {dag.py:3823} INFO - Setting next_dagrun for tutorial_objectstorage to None, run_after=None
[2026-03-01T08:19:59.505+0000] {processor.py:183} INFO - Processing /home/airflow/.local/lib/python3.8/site-packages/airflow/example_dags/tutorial_objectstorage.py took 0.056 seconds
[2026-03-01T08:20:29.683+0000] {processor.py:161} INFO - Started process (PID=1611) to work on /home/airflow/.local/lib/python3.8/site-packages/airflow/example_dags/tutorial_objectstorage.py
[2026-03-01T08:20:29.684+0000] {processor.py:830} INFO - Processing file /home/airflow/.local/lib/python3.8/site-packages/airflow/example_dags/tutorial_objectstorage.py for tasks to queue
[2026-03-01T08:20:29.686+0000] {logging_mixin.py:188} INFO - [2026-03-01T08:20:29.686+0000] {dagbag.py:538} INFO - Filling up the DagBag from /home/airflow/.local/lib/python3.8/site-packages/airflow/example_dags/tutorial_objectstorage.py
[2026-03-01T08:20:29.691+0000] {processor.py:840} INFO - DAG(s) 'tutorial_objectstorage' retrieved from /home/airflow/.local/lib/python3.8/site-packages/airflow/example_dags/tutorial_objectstorage.py
[2026-03-01T08:20:29.705+0000] {logging_mixin.py:188} INFO - [2026-03-01T08:20:29.705+0000] {dag.py:3036} INFO - Sync 1 DAGs
[2026-03-01T08:20:29.713+0000] {logging_mixin.py:188} INFO - [2026-03-01T08:20:29.713+0000] {dag.py:3823} INFO - Setting next_dagrun for tutorial_objectstorage to None, run_after=None
[2026-03-01T08:20:29.727+0000] {processor.py:183} INFO - Processing /home/airflow/.local/lib/python3.8/site-packages/airflow/example_dags/tutorial_objectstorage.py took 0.046 seconds
[2026-03-01T08:21:00.600+0000] {processor.py:161} INFO - Started process (PID=1667) to work on /home/airflow/.local/lib/python3.8/site-packages/airflow/example_dags/tutorial_objectstorage.py
[2026-03-01T08:21:00.601+0000] {processor.py:830} INFO - Processing file /home/airflow/.local/lib/python3.8/site-packages/airflow/example_dags/tutorial_objectstorage.py for tasks to queue
[2026-03-01T08:21:00.603+0000] {logging_mixin.py:188} INFO - [2026-03-01T08:21:00.602+0000] {dagbag.py:538} INFO - Filling up the DagBag from /home/airflow/.local/lib/python3.8/site-packages/airflow/example_dags/tutorial_objectstorage.py
[2026-03-01T08:21:00.608+0000] {processor.py:840} INFO - DAG(s) 'tutorial_objectstorage' retrieved from /home/airflow/.local/lib/python3.8/site-packages/airflow/example_dags/tutorial_objectstorage.py
[2026-03-01T08:21:00.623+0000] {logging_mixin.py:188} INFO - [2026-03-01T08:21:00.623+0000] {dag.py:3036} INFO - Sync 1 DAGs
[2026-03-01T08:21:00.631+0000] {logging_mixin.py:188} INFO - [2026-03-01T08:21:00.631+0000] {dag.py:3823} INFO - Setting next_dagrun for tutorial_objectstorage to None, run_after=None
[2026-03-01T08:21:00.645+0000] {processor.py:183} INFO - Processing /home/airflow/.local/lib/python3.8/site-packages/airflow/example_dags/tutorial_objectstorage.py took 0.047 seconds
[2026-03-01T08:21:31.008+0000] {processor.py:161} INFO - Started process (PID=1723) to work on /home/airflow/.local/lib/python3.8/site-packages/airflow/example_dags/tutorial_objectstorage.py
[2026-03-01T08:21:31.009+0000] {processor.py:830} INFO - Processing file /home/airflow/.local/lib/python3.8/site-packages/airflow/example_dags/tutorial_objectstorage.py for tasks to queue
[2026-03-01T08:21:31.013+0000] {logging_mixin.py:188} INFO - [2026-03-01T08:21:31.013+0000] {dagbag.py:538} INFO - Filling up the DagBag from /home/airflow/.local/lib/python3.8/site-packages/airflow/example_dags/tutorial_objectstorage.py
[2026-03-01T08:21:31.018+0000] {processor.py:840} INFO - DAG(s) 'tutorial_objectstorage' retrieved from /home/airflow/.local/lib/python3.8/site-packages/airflow/example_dags/tutorial_objectstorage.py
[2026-03-01T08:21:31.032+0000] {logging_mixin.py:188} INFO - [2026-03-01T08:21:31.032+0000] {dag.py:3036} INFO - Sync 1 DAGs
[2026-03-01T08:21:31.040+0000] {logging_mixin.py:188} INFO - [2026-03-01T08:21:31.039+0000] {dag.py:3823} INFO - Setting next_dagrun for tutorial_objectstorage to None, run_after=None
[2026-03-01T08:21:31.052+0000] {processor.py:183} INFO - Processing /home/airflow/.local/lib/python3.8/site-packages/airflow/example_dags/tutorial_objectstorage.py took 0.046 seconds
[2026-03-01T08:22:01.332+0000] {processor.py:161} INFO - Started process (PID=1779) to work on /home/airflow/.local/lib/python3.8/site-packages/airflow/example_dags/tutorial_objectstorage.py
[2026-03-01T08:22:01.333+0000] {processor.py:830} INFO - Processing file /home/airflow/.local/lib/python3.8/site-packages/airflow/example_dags/tutorial_objectstorage.py for tasks to queue
[2026-03-01T08:22:01.335+0000] {logging_mixin.py:188} INFO - [2026-03-01T08:22:01.334+0000] {dagbag.py:538} INFO - Filling up the DagBag from /home/airflow/.local/lib/python3.8/site-packages/airflow/example_dags/tutorial_objectstorage.py
[2026-03-01T08:22:01.340+0000] {processor.py:840} INFO - DAG(s) 'tutorial_objectstorage' retrieved from /home/airflow/.local/lib/python3.8/site-packages/airflow/example_dags/tutorial_objectstorage.py
[2026-03-01T08:22:01.356+0000] {logging_mixin.py:188} INFO - [2026-03-01T08:22:01.355+0000] {dag.py:3036} INFO - Sync 1 DAGs
[2026-03-01T08:22:01.364+0000] {logging_mixin.py:188} INFO - [2026-03-01T08:22:01.364+0000] {dag.py:3823} INFO - Setting next_dagrun for tutorial_objectstorage to None, run_after=None
[2026-03-01T08:22:01.379+0000] {processor.py:183} INFO - Processing /home/airflow/.local/lib/python3.8/site-packages/airflow/example_dags/tutorial_objectstorage.py took 0.050 seconds
[2026-03-01T08:22:31.666+0000] {processor.py:161} INFO - Started process (PID=1835) to work on /home/airflow/.local/lib/python3.8/site-packages/airflow/example_dags/tutorial_objectstorage.py
[2026-03-01T08:22:31.668+0000] {processor.py:830} INFO - Processing file /home/airflow/.local/lib/python3.8/site-packages/airflow/example_dags/tutorial_objectstorage.py for tasks to queue
[2026-03-01T08:22:31.669+0000] {logging_mixin.py:188} INFO - [2026-03-01T08:22:31.669+0000] {dagbag.py:538} INFO - Filling up the DagBag from /home/airflow/.local/lib/python3.8/site-packages/airflow/example_dags/tutorial_objectstorage.py
[2026-03-01T08:22:31.675+0000] {processor.py:840} INFO - DAG(s) 'tutorial_objectstorage' retrieved from /home/airflow/.local/lib/python3.8/site-packages/airflow/example_dags/tutorial_objectstorage.py
[2026-03-01T08:22:31.690+0000] {logging_mixin.py:188} INFO - [2026-03-01T08:22:31.689+0000] {dag.py:3036} INFO - Sync 1 DAGs
[2026-03-01T08:22:31.698+0000] {logging_mixin.py:188} INFO - [2026-03-01T08:22:31.697+0000] {dag.py:3823} INFO - Setting next_dagrun for tutorial_objectstorage to None, run_after=None
[2026-03-01T08:22:31.711+0000] {processor.py:183} INFO - Processing /home/airflow/.local/lib/python3.8/site-packages/airflow/example_dags/tutorial_objectstorage.py took 0.047 seconds
[2026-03-01T08:23:02.163+0000] {processor.py:161} INFO - Started process (PID=1891) to work on /home/airflow/.local/lib/python3.8/site-packages/airflow/example_dags/tutorial_objectstorage.py
[2026-03-01T08:23:02.164+0000] {processor.py:830} INFO - Processing file /home/airflow/.local/lib/python3.8/site-packages/airflow/example_dags/tutorial_objectstorage.py for tasks to queue
[2026-03-01T08:23:02.166+0000] {logging_mixin.py:188} INFO - [2026-03-01T08:23:02.165+0000] {dagbag.py:538} INFO - Filling up the DagBag from /home/airflow/.local/lib/python3.8/site-packages/airflow/example_dags/tutorial_objectstorage.py
[2026-03-01T08:23:02.170+0000] {processor.py:840} INFO - DAG(s) 'tutorial_objectstorage' retrieved from /home/airflow/.local/lib/python3.8/site-packages/airflow/example_dags/tutorial_objectstorage.py
[2026-03-01T08:23:02.185+0000] {logging_mixin.py:188} INFO - [2026-03-01T08:23:02.185+0000] {dag.py:3036} INFO - Sync 1 DAGs
[2026-03-01T08:23:02.192+0000] {logging_mixin.py:188} INFO - [2026-03-01T08:23:02.192+0000] {dag.py:3823} INFO - Setting next_dagrun for tutorial_objectstorage to None, run_after=None
[2026-03-01T08:23:02.206+0000] {processor.py:183} INFO - Processing /home/airflow/.local/lib/python3.8/site-packages/airflow/example_dags/tutorial_objectstorage.py took 0.045 seconds
[2026-03-01T08:23:32.513+0000] {processor.py:161} INFO - Started process (PID=1947) to work on /home/airflow/.local/lib/python3.8/site-packages/airflow/example_dags/tutorial_objectstorage.py
[2026-03-01T08:23:32.514+0000] {processor.py:830} INFO - Processing file /home/airflow/.local/lib/python3.8/site-packages/airflow/example_dags/tutorial_objectstorage.py for tasks to queue
[2026-03-01T08:23:32.516+0000] {logging_mixin.py:188} INFO - [2026-03-01T08:23:32.516+0000] {dagbag.py:538} INFO - Filling up the DagBag from /home/airflow/.local/lib/python3.8/site-packages/airflow/example_dags/tutorial_objectstorage.py
[2026-03-01T08:23:32.521+0000] {processor.py:840} INFO - DAG(s) 'tutorial_objectstorage' retrieved from /home/airflow/.local/lib/python3.8/site-packages/airflow/example_dags/tutorial_objectstorage.py
[2026-03-01T08:23:32.535+0000] {logging_mixin.py:188} INFO - [2026-03-01T08:23:32.535+0000] {dag.py:3036} INFO - Sync 1 DAGs
[2026-03-01T08:23:32.543+0000] {logging_mixin.py:188} INFO - [2026-03-01T08:23:32.542+0000] {dag.py:3823} INFO - Setting next_dagrun for tutorial_objectstorage to None, run_after=None
[2026-03-01T08:23:32.557+0000] {processor.py:183} INFO - Processing /home/airflow/.local/lib/python3.8/site-packages/airflow/example_dags/tutorial_objectstorage.py took 0.046 seconds
[2026-03-01T08:24:02.645+0000] {processor.py:161} INFO - Started process (PID=2003) to work on /home/airflow/.local/lib/python3.8/site-packages/airflow/example_dags/tutorial_objectstorage.py
[2026-03-01T08:24:02.647+0000] {processor.py:830} INFO - Processing file /home/airflow/.local/lib/python3.8/site-packages/airflow/example_dags/tutorial_objectstorage.py for tasks to queue
[2026-03-01T08:24:02.648+0000] {logging_mixin.py:188} INFO - [2026-03-01T08:24:02.648+0000] {dagbag.py:538} INFO - Filling up the DagBag from /home/airflow/.local/lib/python3.8/site-packages/airflow/example_dags/tutorial_objectstorage.py
[2026-03-01T08:24:02.654+0000] {processor.py:840} INFO - DAG(s) 'tutorial_objectstorage' retrieved from /home/airflow/.local/lib/python3.8/site-packages/airflow/example_dags/tutorial_objectstorage.py
[2026-03-01T08:24:02.668+0000] {logging_mixin.py:188} INFO - [2026-03-01T08:24:02.668+0000] {dag.py:3036} INFO - Sync 1 DAGs
[2026-03-01T08:24:02.676+0000] {logging_mixin.py:188} INFO - [2026-03-01T08:24:02.676+0000] {dag.py:3823} INFO - Setting next_dagrun for tutorial_objectstorage to None, run_after=None
[2026-03-01T08:24:02.688+0000] {processor.py:183} INFO - Processing /home/airflow/.local/lib/python3.8/site-packages/airflow/example_dags/tutorial_objectstorage.py took 0.045 seconds
[2026-03-01T08:24:32.954+0000] {processor.py:161} INFO - Started process (PID=2059) to work on /home/airflow/.local/lib/python3.8/site-packages/airflow/example_dags/tutorial_objectstorage.py
[2026-03-01T08:24:32.955+0000] {processor.py:830} INFO - Processing file /home/airflow/.local/lib/python3.8/site-packages/airflow/example_dags/tutorial_objectstorage.py for tasks to queue
[2026-03-01T08:24:32.957+0000] {logging_mixin.py:188} INFO - [2026-03-01T08:24:32.957+0000] {dagbag.py:538} INFO - Filling up the DagBag from /home/airflow/.local/lib/python3.8/site-packages/airflow/example_dags/tutorial_objectstorage.py
[2026-03-01T08:24:32.964+0000] {processor.py:840} INFO - DAG(s) 'tutorial_objectstorage' retrieved from /home/airflow/.local/lib/python3.8/site-packages/airflow/example_dags/tutorial_objectstorage.py
[2026-03-01T08:24:32.982+0000] {logging_mixin.py:188} INFO - [2026-03-01T08:24:32.982+0000] {dag.py:3036} INFO - Sync 1 DAGs
[2026-03-01T08:24:32.992+0000] {logging_mixin.py:188} INFO - [2026-03-01T08:24:32.992+0000] {dag.py:3823} INFO - Setting next_dagrun for tutorial_objectstorage to None, run_after=None
[2026-03-01T08:24:33.009+0000] {processor.py:183} INFO - Processing /home/airflow/.local/lib/python3.8/site-packages/airflow/example_dags/tutorial_objectstorage.py took 0.059 seconds
[2026-03-01T08:25:03.200+0000] {processor.py:161} INFO - Started process (PID=2119) to work on /home/airflow/.local/lib/python3.8/site-packages/airflow/example_dags/tutorial_objectstorage.py
[2026-03-01T08:25:03.201+0000] {processor.py:830} INFO - Processing file /home/airflow/.local/lib/python3.8/site-packages/airflow/example_dags/tutorial_objectstorage.py for tasks to queue
[2026-03-01T08:25:03.202+0000] {logging_mixin.py:188} INFO - [2026-03-01T08:25:03.202+0000] {dagbag.py:538} INFO - Filling up the DagBag from /home/airflow/.local/lib/python3.8/site-packages/airflow/example_dags/tutorial_objectstorage.py
[2026-03-01T08:25:03.207+0000] {processor.py:840} INFO - DAG(s) 'tutorial_objectstorage' retrieved from /home/airflow/.local/lib/python3.8/site-packages/airflow/example_dags/tutorial_objectstorage.py
[2026-03-01T08:25:03.221+0000] {logging_mixin.py:188} INFO - [2026-03-01T08:25:03.221+0000] {dag.py:3036} INFO - Sync 1 DAGs
[2026-03-01T08:25:03.229+0000] {logging_mixin.py:188} INFO - [2026-03-01T08:25:03.229+0000] {dag.py:3823} INFO - Setting next_dagrun for tutorial_objectstorage to None, run_after=None
[2026-03-01T08:25:03.243+0000] {processor.py:183} INFO - Processing /home/airflow/.local/lib/python3.8/site-packages/airflow/example_dags/tutorial_objectstorage.py took 0.045 seconds
[2026-03-01T08:25:33.389+0000] {processor.py:161} INFO - Started process (PID=2174) to work on /home/airflow/.local/lib/python3.8/site-packages/airflow/example_dags/tutorial_objectstorage.py
[2026-03-01T08:25:33.390+0000] {processor.py:830} INFO - Processing file /home/airflow/.local/lib/python3.8/site-packages/airflow/example_dags/tutorial_objectstorage.py for tasks to queue
[2026-03-01T08:25:33.392+0000] {logging_mixin.py:188} INFO - [2026-03-01T08:25:33.391+0000] {dagbag.py:538} INFO - Filling up the DagBag from /home/airflow/.local/lib/python3.8/site-packages/airflow/example_dags/tutorial_objectstorage.py
[2026-03-01T08:25:33.397+0000] {processor.py:840} INFO - DAG(s) 'tutorial_objectstorage' retrieved from /home/airflow/.local/lib/python3.8/site-packages/airflow/example_dags/tutorial_objectstorage.py
[2026-03-01T08:25:33.412+0000] {logging_mixin.py:188} INFO - [2026-03-01T08:25:33.412+0000] {dag.py:3036} INFO - Sync 1 DAGs
[2026-03-01T08:25:33.420+0000] {logging_mixin.py:188} INFO - [2026-03-01T08:25:33.419+0000] {dag.py:3823} INFO - Setting next_dagrun for tutorial_objectstorage to None, run_after=None
[2026-03-01T08:25:33.432+0000] {processor.py:183} INFO - Processing /home/airflow/.local/lib/python3.8/site-packages/airflow/example_dags/tutorial_objectstorage.py took 0.047 seconds
[2026-03-01T08:26:03.685+0000] {processor.py:161} INFO - Started process (PID=2230) to work on /home/airflow/.local/lib/python3.8/site-packages/airflow/example_dags/tutorial_objectstorage.py
[2026-03-01T08:26:03.687+0000] {processor.py:830} INFO - Processing file /home/airflow/.local/lib/python3.8/site-packages/airflow/example_dags/tutorial_objectstorage.py for tasks to queue
[2026-03-01T08:26:03.688+0000] {logging_mixin.py:188} INFO - [2026-03-01T08:26:03.688+0000] {dagbag.py:538} INFO - Filling up the DagBag from /home/airflow/.local/lib/python3.8/site-packages/airflow/example_dags/tutorial_objectstorage.py
[2026-03-01T08:26:03.694+0000] {processor.py:840} INFO - DAG(s) 'tutorial_objectstorage' retrieved from /home/airflow/.local/lib/python3.8/site-packages/airflow/example_dags/tutorial_objectstorage.py
[2026-03-01T08:26:03.709+0000] {logging_mixin.py:188} INFO - [2026-03-01T08:26:03.709+0000] {dag.py:3036} INFO - Sync 1 DAGs
[2026-03-01T08:26:03.717+0000] {logging_mixin.py:188} INFO - [2026-03-01T08:26:03.717+0000] {dag.py:3823} INFO - Setting next_dagrun for tutorial_objectstorage to None, run_after=None
[2026-03-01T08:26:03.731+0000] {processor.py:183} INFO - Processing /home/airflow/.local/lib/python3.8/site-packages/airflow/example_dags/tutorial_objectstorage.py took 0.048 seconds
[2026-03-01T08:26:33.902+0000] {processor.py:161} INFO - Started process (PID=2286) to work on /home/airflow/.local/lib/python3.8/site-packages/airflow/example_dags/tutorial_objectstorage.py
[2026-03-01T08:26:33.903+0000] {processor.py:830} INFO - Processing file /home/airflow/.local/lib/python3.8/site-packages/airflow/example_dags/tutorial_objectstorage.py for tasks to queue
[2026-03-01T08:26:33.905+0000] {logging_mixin.py:188} INFO - [2026-03-01T08:26:33.905+0000] {dagbag.py:538} INFO - Filling up the DagBag from /home/airflow/.local/lib/python3.8/site-packages/airflow/example_dags/tutorial_objectstorage.py
[2026-03-01T08:26:33.910+0000] {processor.py:840} INFO - DAG(s) 'tutorial_objectstorage' retrieved from /home/airflow/.local/lib/python3.8/site-packages/airflow/example_dags/tutorial_objectstorage.py
[2026-03-01T08:26:33.925+0000] {logging_mixin.py:188} INFO - [2026-03-01T08:26:33.924+0000] {dag.py:3036} INFO - Sync 1 DAGs
[2026-03-01T08:26:33.932+0000] {logging_mixin.py:188} INFO - [2026-03-01T08:26:33.932+0000] {dag.py:3823} INFO - Setting next_dagrun for tutorial_objectstorage to None, run_after=None
[2026-03-01T08:26:33.945+0000] {processor.py:183} INFO - Processing /home/airflow/.local/lib/python3.8/site-packages/airflow/example_dags/tutorial_objectstorage.py took 0.045 seconds
[2026-03-01T08:27:04.416+0000] {processor.py:161} INFO - Started process (PID=2342) to work on /home/airflow/.local/lib/python3.8/site-packages/airflow/example_dags/tutorial_objectstorage.py
[2026-03-01T08:27:04.417+0000] {processor.py:830} INFO - Processing file /home/airflow/.local/lib/python3.8/site-packages/airflow/example_dags/tutorial_objectstorage.py for tasks to queue
[2026-03-01T08:27:04.418+0000] {logging_mixin.py:188} INFO - [2026-03-01T08:27:04.418+0000] {dagbag.py:538} INFO - Filling up the DagBag from /home/airflow/.local/lib/python3.8/site-packages/airflow/example_dags/tutorial_objectstorage.py
[2026-03-01T08:27:04.423+0000] {processor.py:840} INFO - DAG(s) 'tutorial_objectstorage' retrieved from /home/airflow/.local/lib/python3.8/site-packages/airflow/example_dags/tutorial_objectstorage.py
[2026-03-01T08:27:04.437+0000] {logging_mixin.py:188} INFO - [2026-03-01T08:27:04.437+0000] {dag.py:3036} INFO - Sync 1 DAGs
[2026-03-01T08:27:04.445+0000] {logging_mixin.py:188} INFO - [2026-03-01T08:27:04.445+0000] {dag.py:3823} INFO - Setting next_dagrun for tutorial_objectstorage to None, run_after=None
[2026-03-01T08:27:04.458+0000] {processor.py:183} INFO - Processing /home/airflow/.local/lib/python3.8/site-packages/airflow/example_dags/tutorial_objectstorage.py took 0.045 seconds
[2026-03-01T08:27:34.720+0000] {processor.py:161} INFO - Started process (PID=2397) to work on /home/airflow/.local/lib/python3.8/site-packages/airflow/example_dags/tutorial_objectstorage.py
[2026-03-01T08:27:34.721+0000] {processor.py:830} INFO - Processing file /home/airflow/.local/lib/python3.8/site-packages/airflow/example_dags/tutorial_objectstorage.py for tasks to queue
[2026-03-01T08:27:34.723+0000] {logging_mixin.py:188} INFO - [2026-03-01T08:27:34.722+0000] {dagbag.py:538} INFO - Filling up the DagBag from /home/airflow/.local/lib/python3.8/site-packages/airflow/example_dags/tutorial_objectstorage.py
[2026-03-01T08:27:34.727+0000] {processor.py:840} INFO - DAG(s) 'tutorial_objectstorage' retrieved from /home/airflow/.local/lib/python3.8/site-packages/airflow/example_dags/tutorial_objectstorage.py
[2026-03-01T08:27:34.741+0000] {logging_mixin.py:188} INFO - [2026-03-01T08:27:34.740+0000] {dag.py:3036} INFO - Sync 1 DAGs
[2026-03-01T08:27:34.749+0000] {logging_mixin.py:188} INFO - [2026-03-01T08:27:34.749+0000] {dag.py:3823} INFO - Setting next_dagrun for tutorial_objectstorage to None, run_after=None
[2026-03-01T08:27:34.762+0000] {processor.py:183} INFO - Processing /home/airflow/.local/lib/python3.8/site-packages/airflow/example_dags/tutorial_objectstorage.py took 0.044 seconds
[2026-03-01T08:28:04.924+0000] {processor.py:161} INFO - Started process (PID=2452) to work on /home/airflow/.local/lib/python3.8/site-packages/airflow/example_dags/tutorial_objectstorage.py
[2026-03-01T08:28:04.925+0000] {processor.py:830} INFO - Processing file /home/airflow/.local/lib/python3.8/site-packages/airflow/example_dags/tutorial_objectstorage.py for tasks to queue
[2026-03-01T08:28:04.927+0000] {logging_mixin.py:188} INFO - [2026-03-01T08:28:04.926+0000] {dagbag.py:538} INFO - Filling up the DagBag from /home/airflow/.local/lib/python3.8/site-packages/airflow/example_dags/tutorial_objectstorage.py
[2026-03-01T08:28:04.931+0000] {processor.py:840} INFO - DAG(s) 'tutorial_objectstorage' retrieved from /home/airflow/.local/lib/python3.8/site-packages/airflow/example_dags/tutorial_objectstorage.py
[2026-03-01T08:28:04.947+0000] {logging_mixin.py:188} INFO - [2026-03-01T08:28:04.947+0000] {dag.py:3036} INFO - Sync 1 DAGs
[2026-03-01T08:28:04.956+0000] {logging_mixin.py:188} INFO - [2026-03-01T08:28:04.955+0000] {dag.py:3823} INFO - Setting next_dagrun for tutorial_objectstorage to None, run_after=None
[2026-03-01T08:28:04.970+0000] {processor.py:183} INFO - Processing /home/airflow/.local/lib/python3.8/site-packages/airflow/example_dags/tutorial_objectstorage.py took 0.048 seconds
[2026-03-01T08:28:35.085+0000] {processor.py:161} INFO - Started process (PID=2507) to work on /home/airflow/.local/lib/python3.8/site-packages/airflow/example_dags/tutorial_objectstorage.py
[2026-03-01T08:28:35.086+0000] {processor.py:830} INFO - Processing file /home/airflow/.local/lib/python3.8/site-packages/airflow/example_dags/tutorial_objectstorage.py for tasks to queue
[2026-03-01T08:28:35.088+0000] {logging_mixin.py:188} INFO - [2026-03-01T08:28:35.088+0000] {dagbag.py:538} INFO - Filling up the DagBag from /home/airflow/.local/lib/python3.8/site-packages/airflow/example_dags/tutorial_objectstorage.py
[2026-03-01T08:28:35.093+0000] {processor.py:840} INFO - DAG(s) 'tutorial_objectstorage' retrieved from /home/airflow/.local/lib/python3.8/site-packages/airflow/example_dags/tutorial_objectstorage.py
[2026-03-01T08:28:35.107+0000] {logging_mixin.py:188} INFO - [2026-03-01T08:28:35.107+0000] {dag.py:3036} INFO - Sync 1 DAGs
[2026-03-01T08:28:35.115+0000] {logging_mixin.py:188} INFO - [2026-03-01T08:28:35.114+0000] {dag.py:3823} INFO - Setting next_dagrun for tutorial_objectstorage to None, run_after=None
[2026-03-01T08:28:35.128+0000] {processor.py:183} INFO - Processing /home/airflow/.local/lib/python3.8/site-packages/airflow/example_dags/tutorial_objectstorage.py took 0.045 seconds
[2026-03-01T08:29:05.516+0000] {processor.py:161} INFO - Started process (PID=2563) to work on /home/airflow/.local/lib/python3.8/site-packages/airflow/example_dags/tutorial_objectstorage.py
[2026-03-01T08:29:05.518+0000] {processor.py:830} INFO - Processing file /home/airflow/.local/lib/python3.8/site-packages/airflow/example_dags/tutorial_objectstorage.py for tasks to queue
[2026-03-01T08:29:05.520+0000] {logging_mixin.py:188} INFO - [2026-03-01T08:29:05.520+0000] {dagbag.py:538} INFO - Filling up the DagBag from /home/airflow/.local/lib/python3.8/site-packages/airflow/example_dags/tutorial_objectstorage.py
[2026-03-01T08:29:05.526+0000] {processor.py:840} INFO - DAG(s) 'tutorial_objectstorage' retrieved from /home/airflow/.local/lib/python3.8/site-packages/airflow/example_dags/tutorial_objectstorage.py
[2026-03-01T08:29:05.542+0000] {logging_mixin.py:188} INFO - [2026-03-01T08:29:05.542+0000] {dag.py:3036} INFO - Sync 1 DAGs
[2026-03-01T08:29:05.550+0000] {logging_mixin.py:188} INFO - [2026-03-01T08:29:05.550+0000] {dag.py:3823} INFO - Setting next_dagrun for tutorial_objectstorage to None, run_after=None
[2026-03-01T08:29:05.567+0000] {processor.py:183} INFO - Processing /home/airflow/.local/lib/python3.8/site-packages/airflow/example_dags/tutorial_objectstorage.py took 0.053 seconds
[2026-03-01T08:29:35.873+0000] {processor.py:161} INFO - Started process (PID=2619) to work on /home/airflow/.local/lib/python3.8/site-packages/airflow/example_dags/tutorial_objectstorage.py
[2026-03-01T08:29:35.874+0000] {processor.py:830} INFO - Processing file /home/airflow/.local/lib/python3.8/site-packages/airflow/example_dags/tutorial_objectstorage.py for tasks to queue
[2026-03-01T08:29:35.875+0000] {logging_mixin.py:188} INFO - [2026-03-01T08:29:35.875+0000] {dagbag.py:538} INFO - Filling up the DagBag from /home/airflow/.local/lib/python3.8/site-packages/airflow/example_dags/tutorial_objectstorage.py
[2026-03-01T08:29:35.880+0000] {processor.py:840} INFO - DAG(s) 'tutorial_objectstorage' retrieved from /home/airflow/.local/lib/python3.8/site-packages/airflow/example_dags/tutorial_objectstorage.py
[2026-03-01T08:29:35.896+0000] {logging_mixin.py:188} INFO - [2026-03-01T08:29:35.896+0000] {dag.py:3036} INFO - Sync 1 DAGs
[2026-03-01T08:29:35.905+0000] {logging_mixin.py:188} INFO - [2026-03-01T08:29:35.905+0000] {dag.py:3823} INFO - Setting next_dagrun for tutorial_objectstorage to None, run_after=None
[2026-03-01T08:29:35.919+0000] {processor.py:183} INFO - Processing /home/airflow/.local/lib/python3.8/site-packages/airflow/example_dags/tutorial_objectstorage.py took 0.048 seconds
[2026-03-01T08:30:06.570+0000] {processor.py:161} INFO - Started process (PID=2675) to work on /home/airflow/.local/lib/python3.8/site-packages/airflow/example_dags/tutorial_objectstorage.py
[2026-03-01T08:30:06.571+0000] {processor.py:830} INFO - Processing file /home/airflow/.local/lib/python3.8/site-packages/airflow/example_dags/tutorial_objectstorage.py for tasks to queue
[2026-03-01T08:30:06.573+0000] {logging_mixin.py:188} INFO - [2026-03-01T08:30:06.573+0000] {dagbag.py:538} INFO - Filling up the DagBag from /home/airflow/.local/lib/python3.8/site-packages/airflow/example_dags/tutorial_objectstorage.py
[2026-03-01T08:30:06.578+0000] {processor.py:840} INFO - DAG(s) 'tutorial_objectstorage' retrieved from /home/airflow/.local/lib/python3.8/site-packages/airflow/example_dags/tutorial_objectstorage.py
[2026-03-01T08:30:06.591+0000] {logging_mixin.py:188} INFO - [2026-03-01T08:30:06.591+0000] {dag.py:3036} INFO - Sync 1 DAGs
[2026-03-01T08:30:06.599+0000] {logging_mixin.py:188} INFO - [2026-03-01T08:30:06.599+0000] {dag.py:3823} INFO - Setting next_dagrun for tutorial_objectstorage to None, run_after=None
[2026-03-01T08:30:06.612+0000] {processor.py:183} INFO - Processing /home/airflow/.local/lib/python3.8/site-packages/airflow/example_dags/tutorial_objectstorage.py took 0.045 seconds
